
 Primary working directories    : /scratch/1723590.phoenix.chem.wisc.edu
 Secondary working directories  : /scratch/1723590.phoenix.chem.wisc.edu
 Wavefunction directory         : /scratch/1723590.phoenix.chem.wisc.edu/
 Main file repository           : /scratch/1723590.phoenix.chem.wisc.edu/

 SHA1      : 65e45729fe3f963b0eb97374e3bda9949063ef0f
 NAME      : 2012.1.17
 ARCHNAME  : Linux/x86_64
 FC        : /opt/intel/composer_xe_2013.5.192/bin/intel64/ifort
 FCVERSION : 13.1.3
 BLASLIB   : -L/opt/intel/composer_xe_2013.5.192/mkl/lib/intel64 -lmkl_intel_ilp64 -lmkl_sequential -lmkl_core
 id        : cuichemwisc

 Nodes             nprocs
 compute-1-35.local   12
 ga_uses_ma=false, calling ma_init with nominal heap.
 GA-space will be limited to   8.0 MW (determined by -G option)

 Using customized tuning parameters: mindgm=1; mindgv=20; mindgc=4; mindgr=1; noblas=0; minvec=7
 default implementation of scratch files=sf  

 geomtyp=xyz
 geometry={
 15
  N0         -0.243667639400      -1.754375754500       0.000000000000
  C1          1.051835353300      -2.445074005300       0.000000000000
  H2          1.156342921500      -3.061880728700       0.887281335000
  H3          1.828497275900      -1.686651263200       0.000000000000
  H4          1.156342921500      -3.061880728700      -0.887281335000
  H5         -1.037884210400      -2.381004691100       0.000000000000
  H6         -0.299919193300      -0.984762835500      -0.771002209100
  H7         -0.299919193300      -0.984762835500       0.771002209100
  C8         -0.364713784953       3.401612957183       0.000000000000
  H9          0.118386542647       3.780584254283       0.895115256100
  C10        -0.366777367053       1.889839780083       0.000000000000
  H11         0.118386542647       3.780584254283      -0.895115256100
  O12        -0.380742348153       1.305974448183      -1.128777198300
  O13        -0.380742348153       1.305974448183       1.128777198300
  H14        -1.398695680953       3.744814431983       0.000000000000
 }
 
 
 basis=avdz
 
                                                                                 ! Complex
 set,charge=0
 
 hf
 e_rhf_c = energy*tokcal
 ccsd(t)
 e_corr_c = energy*tokcal
 e_c = e_corr_c - e_rhf_c
 
 
                                                                                 ! Monomer 1
 set,charge=1
 dummy,C8,H9,C10,H11,O12,O13,H14
 
 hf
 e_rhf_a = energy*tokcal
 ccsd(t)
 e_corr_a = energy*tokcal
 e_a = e_corr_a - e_rhf_a
 
 
                                                                                 ! Monomer 2
 set,charge=-1
 dummy,N0,C1,H2,H3,H4,H5,H6,H7
 
 hf
 e_rhf_b = energy*tokcal
 ccsd(t)
 e_corr_b = energy*tokcal
 e_b = e_corr_b - e_rhf_b
 
 
 e_rhf_cp = e_rhf_c - (e_rhf_a + e_rhf_b)
 e_corr_cp = e_c - (e_a + e_b)

 Variables initialized (782), CPU time= 0.01 sec
 Commands  initialized (547), CPU time= 0.01 sec, 517 directives.
 Default parameters read. Elapsed time= 0.09 sec

 Checking input...
 Passed
1


                                         ***  PROGRAM SYSTEM MOLPRO  ***
                         Copyright, University College Cardiff Consultants Limited, 2008

                                    Version 2012.1 linked Oct 11 2014 15:40:16


 **********************************************************************************************************************************
 LABEL *                                                                                 
 Linux-2.6.18-308.el5/compute-1-35.local(x86_64) 64 bit mpp version                      DATE: 12-Dec-14          TIME: 05:32:43  
 **********************************************************************************************************************************

 SHA1:             65e45729fe3f963b0eb97374e3bda9949063ef0f
 **********************************************************************************************************************************
 SETTING GEOMTYP        =    XYZ

 Variable memory set to  350000000 words,  buffer space   230000 words

 SETTING BASIS          =    AVDZ
 SETTING CHARGE         =         0.00000000                                  


 Recomputing integrals since basis changed


 Using spherical harmonics

 Library entry N      S aug-cc-pVDZ          selected for orbital group  1
 Library entry N      P aug-cc-pVDZ          selected for orbital group  1
 Library entry N      D aug-cc-pVDZ          selected for orbital group  1
 Library entry C      S aug-cc-pVDZ          selected for orbital group  2
 Library entry C      P aug-cc-pVDZ          selected for orbital group  2
 Library entry C      D aug-cc-pVDZ          selected for orbital group  2
 Library entry H      S aug-cc-pVDZ          selected for orbital group  3
 Library entry H      P aug-cc-pVDZ          selected for orbital group  3
 Library entry O      S aug-cc-pVDZ          selected for orbital group  7
 Library entry O      P aug-cc-pVDZ          selected for orbital group  7
 Library entry O      D aug-cc-pVDZ          selected for orbital group  7

1PROGRAM * SEWARD (Integral evaluation for generally contracted gaussian basis sets)     Author: Roland Lindh, 1990

 Geometry written to block  1 of record 700


 Point group  Cs  



 ATOMIC COORDINATES

 NR  ATOM    CHARGE       X              Y              Z

   1  N0      7.00   -0.460465106   -3.315289708    0.000000000
   2  C1      6.00    1.987680753   -4.620520241    0.000000000
   3  H2      1.00    2.185171436   -5.786116024    1.676718725
   4  H4      1.00    2.185171436   -5.786116024   -1.676718725
   5  H3      1.00    3.455359084   -3.187308967    0.000000000
   6  H5      1.00   -1.961316914   -4.499446784    0.000000000
   7  H6      1.00   -0.566765137   -1.860932063   -1.456983022
   8  H7      1.00   -0.566765137   -1.860932063    1.456983022
   9  C8      6.00   -0.689209170    6.428116894    0.000000000
  10  H9      1.00    0.223718143    7.144268857    1.691522690
  11  H11     1.00    0.223718143    7.144268857   -1.691522690
  12  C10     6.00   -0.693108775    3.571279617    0.000000000
  13  O12     8.00   -0.719498765    2.467934042   -2.133079768
  14  O13     8.00   -0.719498765    2.467934042    2.133079768
  15  H14     1.00   -2.643151778    7.076673689    0.000000000

 Bond lengths in Bohr (Angstrom)

 1-2  2.774354860  1-6  1.911748972  1-7  2.061372208  1-8  2.061372208  2-3  2.051585187
     ( 1.468125362)     ( 1.011653985)     ( 1.090831192)     ( 1.090831192)     ( 1.085652124)

  2- 4  2.051585187   2- 5  2.051383494   9-10  2.051233513   9-11  2.051233513   9-12  2.856839939
       ( 1.085652124)       ( 1.085545392)       ( 1.085466025)       ( 1.085466025)       ( 1.511774586)

  9-15  2.058766046  12-13  2.401686321  12-14  2.401686321
       ( 1.089452070)       ( 1.270917664)       ( 1.270917664)

 Bond angles

  1-2-3  110.62404764   1-2-4  110.62404764   1-2-5  107.61639359   2-1-6  113.66257614

  2-1-7  112.17453951   2-1-8  112.17453951   3-2-4  109.62678271   3-2-5  109.15139688

  4-2-5  109.15139688   6-1-7  113.36129566   6-1-8  113.36129566   7-1-8   89.95069909

  9-12-13  117.34962947   9-12-14  117.34962947  10- 9-11  111.10337630  10- 9-12  110.47138453

 10- 9-15  108.20498303  11- 9-12  110.47138453  11- 9-15  108.20498303  12- 9-15  108.28393859

 13-12-14  125.28566955

 NUCLEAR CHARGE:                   50
 NUMBER OF PRIMITIVE AOS:         321
 NUMBER OF SYMMETRY AOS:          309
 NUMBER OF CONTRACTIONS:          219   ( 135A'  +  84A"  )
 NUMBER OF CORE ORBITALS:           6   (   5A'  +   1A"  )
 NUMBER OF VALENCE ORBITALS:       33   (  22A'  +  11A"  )


 NUCLEAR REPULSION ENERGY  235.56142813


 Eigenvalues of metric

         1 0.391E-04 0.154E-03 0.168E-03 0.477E-03 0.577E-03 0.594E-03 0.699E-03 0.912E-03
         2 0.505E-03 0.606E-03 0.855E-03 0.134E-02 0.213E-02 0.262E-02 0.383E-02 0.509E-02


 Contracted 2-electron integrals neglected if value below      1.0D-12
 AO integral compression algorithm  1   Integral accuracy      1.0D-12

     672.662 MB (compressed) written to integral file ( 49.5%)

     Node minimum: 50.070 MB, node maximum: 62.652 MB


 NUMBER OF SORTED TWO-ELECTRON INTEGRALS:   12226356.     BUFFER LENGTH:  32768
 NUMBER OF SEGMENTS:   1  SEGMENT LENGTH:   12226356      RECORD LENGTH: 524288

 Memory used in sort:      12.78 MW

 SORT1 READ   169946585. AND WROTE    11291727. INTEGRALS IN     33 RECORDS. CPU TIME:     5.14 SEC, REAL TIME:     8.83 SEC
 SORT2 READ   136147235. AND WROTE   146832825. INTEGRALS IN   2664 RECORDS. CPU TIME:     0.58 SEC, REAL TIME:     8.23 SEC

 Node minimum:    12221046.  Node maximum:    12251094. integrals

 OPERATOR DM      FOR CENTER  0  COORDINATES:    0.000000    0.000000    0.000000


 **********************************************************************************************************************************
 DATASETS  * FILE   NREC   LENGTH (MB)   RECORD NAMES
              1      18        8.73       500      610      700      900      950      970     1000      129      960     1100   
                                          VAR    BASINP    GEOM    SYMINP    ZMAT    AOBASIS   BASIS     P2S    ABASIS      S 
                                         1400     1410     1200     1210     1080     1600     1650     1700   
                                           T        V       H0       H01     AOSYM     SMH    MOLCAS    OPER   

 PROGRAMS   *        TOTAL       INT
 CPU TIMES  *         7.81      7.67
 REAL TIME  *        19.81 SEC
 DISK USED  *         2.30 GB      
 GA USED    *         0.00 MB       (max)       0.00 MB       (current)
 **********************************************************************************************************************************

1PROGRAM * RHF-SCF (CLOSED SHELL)       Authors: W. Meyer, H.-J. Werner


 NUMBER OF ELECTRONS:      25+   25-
 CONVERGENCE THRESHOLDS:    1.00E-05 (Density)    1.00E-07 (Energy)
 MAX. NUMBER OF ITERATIONS:       60
 INTERPOLATION TYPE:            DIIS
 INTERPOLATION STEPS:              2 (START)      1 (STEP)
 LEVEL SHIFTS:                  0.00 (CLOSED)  0.00 (OPEN) 



 Orbital guess generated from atomic densities. Full valence occupancy:   27  12

 Molecular orbital dump at record        2100.2

 Initial alpha occupancy:  17   8
 Initial beta  occupancy:  17   8
 Wave function symmetry:    1

 ITERATION    DDIFF          GRAD             ENERGY        2-EL.EN.            DIPOLE MOMENTS         DIIS   ORB.
    1      0.000D+00      0.000D+00      -322.86576157    704.099164    0.18932   -4.12738    0.00000    0    start
    2      0.000D+00      0.800D-02      -322.97907596    698.425603    0.49844   -4.32822    0.00000    1    diag
    3      0.144D-01      0.524D-02      -323.03005562    700.567301    0.47996   -4.14762    0.00000    2    diag
    4      0.531D-02      0.681D-03      -323.03201640    700.516022    0.48178   -4.13039    0.00000    3    diag
    5      0.157D-02      0.205D-03      -323.03217750    700.499309    0.48978   -4.11206    0.00000    4    diag
    6      0.353D-03      0.553D-04      -323.03219344    700.486811    0.49078   -4.10857    0.00000    5    diag
    7      0.136D-03      0.136D-04      -323.03219428    700.495156    0.49117   -4.10777    0.00000    6    diag
    8      0.331D-04      0.402D-05      -323.03219435    700.492677    0.49119   -4.10750    0.00000    7    diag
    9      0.886D-05      0.101D-05      -323.03219435    700.493278    0.49123   -4.10743    0.00000    0    orth

 Final occupancy:  17   8

 !RHF STATE 1.1 Energy               -323.032194354223
 Nuclear energy                       235.56142813
 One-electron energy                 -908.84026128
 Two-electron energy                  350.24663879
 Virial quotient                       -1.00241951
 !RHF STATE 1.1 Dipole moment           0.49123236    -4.10743492     0.00000000
 Dipole moment /Debye                   1.24850633   -10.43937445     0.00000000

 Orbital energies:

         1.1          2.1          3.1          4.1          5.1          6.1          7.1          8.1          9.1         10.1
    -20.457171   -15.735711   -11.343291   -11.293274   -11.176175    -1.339609    -1.319373    -1.015869    -0.934355    -0.824070

        11.1         12.1         13.1         14.1         15.1         16.1         17.1         18.1         19.1
     -0.709879    -0.663807    -0.624720    -0.565977    -0.548675    -0.459295    -0.359153     0.003621     0.026907

         1.2          2.2          3.2          4.2          5.2          6.2          7.2          8.2          9.2         10.2
    -20.457205    -1.214679    -0.756418    -0.610239    -0.565070    -0.494802    -0.356713    -0.347962     0.032229     0.078188

 HOMO      8.2    -0.347962 =      -9.4685eV
 LUMO     18.1     0.003621 =       0.0985eV
 LUMO-HOMO         0.351583 =       9.5671eV


 **********************************************************************************************************************************
 DATASETS  * FILE   NREC   LENGTH (MB)   RECORD NAMES
              1      18        8.75       500      610      700      900      950      970     1000      129      960     1100   
                                          VAR    BASINP    GEOM    SYMINP    ZMAT    AOBASIS   BASIS     P2S    ABASIS      S 
                                         1400     1410     1200     1210     1080     1600     1650     1700   
                                           T        V       H0       H01     AOSYM     SMH    MOLCAS    OPER   

              2       4        1.07       700     1000      520     2100   
                                         GEOM     BASIS   MCVARS     RHF  

 PROGRAMS   *        TOTAL        HF       INT
 CPU TIMES  *         9.23      1.41      7.67
 REAL TIME  *        21.44 SEC
 DISK USED  *         2.44 GB      
 SF USED    *         0.10 MB      
 GA USED    *         0.00 MB       (max)       0.00 MB       (current)
 **********************************************************************************************************************************
 SETTING E_RHF_C        =    ***************  KCAL/MOL                        


1PROGRAM * CCSD (Closed-shell coupled cluster)     Authors: C. Hampel, H.-J. Werner, 1991, M. Deegan, P.J. Knowles, 1992


 Convergence thresholds:  THRVAR = 1.00D-08  THRDEN = 1.00D-06

 CCSD(T)     terms to be evaluated (factor= 1.000)


 Number of core orbitals:           6 (   5   1 )
 Number of closed-shell orbitals:  19 (  12   7 )
 Number of external orbitals:     194 ( 118  76 )

 Molecular orbitals read from record     2100.2  Type=RHF/CANONICAL (state 1.1)

 Number of N-1 electron functions:              19
 Number of N-2 electron functions:             190
 Number of singly external CSFs:              1948
 Number of doubly external CSFs:           3409517
 Total number of CSFs:                     3411466

 Length of J-op  integral file:               0.00 MB
 Length of K-op  integral file:               1.74 MB
 Length of 3-ext integral record:             0.00 MB

 Memory could be reduced to 87.53 Mwords without degradation in triples

 Integral transformation finished. Total CPU:   8.99 sec, npass=  1  Memory used:  39.95 MW

 Reference energy:                   -323.03219435

 MP2 singlet pair energy:              -0.64188885
 MP2 triplet pair energy:              -0.39057496
 MP2 correlation energy:               -1.03246380
 MP2 total energy:                   -324.06465816

 SCS-MP2 correlation energy:           -1.01329103   (PS=  1.200000  PT=  0.333333)
 SCS-MP2 total energy:               -324.04548539

 ITER.      SQ.NORM     CORR.ENERGY   TOTAL ENERGY   ENERGY CHANGE        DEN1      VAR(S)    VAR(P)  DIIS     TIME
   1      1.33675634    -1.07718682  -324.10938117    -0.04472301    -0.01202804  0.95D-02  0.66D-02  1  1    14.29
   2      1.36445805    -1.07997104  -324.11216539    -0.00278422    -0.02812323  0.16D-03  0.12D-02  2  2    19.07
   3      1.37708575    -1.08080691  -324.11300127    -0.00083588    -0.00573774  0.24D-03  0.51D-04  3  3    23.88
   4      1.38213448    -1.08065725  -324.11285161     0.00014966    -0.00161273  0.29D-04  0.12D-04  4  4    28.68
   5      1.38448523    -1.08059697  -324.11279132     0.00006028    -0.00046961  0.86D-05  0.14D-05  5  5    33.67
   6      1.38529753    -1.08056718  -324.11276153     0.00002979    -0.00008123  0.17D-05  0.45D-06  6  6    38.20
   7      1.38565619    -1.08054822  -324.11274258     0.00001895    -0.00001636  0.36D-06  0.10D-06  6  1    42.73
   8      1.38578804    -1.08054437  -324.11273872     0.00000385    -0.00001503  0.11D-06  0.22D-07  6  2    47.23
   9      1.38582839    -1.08054599  -324.11274034    -0.00000162     0.00000485  0.17D-07  0.61D-08  6  3    51.73
  10      1.38585740    -1.08054463  -324.11273898     0.00000136    -0.00000454  0.32D-08  0.91D-09  6  4    56.23
  11      1.38585570    -1.08054553  -324.11273989    -0.00000091     0.00000138  0.51D-09  0.20D-09  6  5    60.75
  12      1.38585760    -1.08054557  -324.11273993    -0.00000004    -0.00000001  0.74D-10  0.39D-10  6  6    65.24

 Norm of t1 vector:      0.14709599      S-energy:     0.00000167      T1 diagnostic:  0.01687307
                                                                       D1 diagnostic:  0.06352394


 Total CPU time for triples:    107.19 sec


 RESULTS
 =======

  Reference energy                   -323.032194354222
  CCSD singlet pair energy             -0.730651773479
  CCSD triplet pair energy             -0.349895469460
  CCSD correlation energy              -1.080545571683

  Triples (T) contribution             -0.038078996154
  Total correlation energy             -1.118624567837

  CCSD total energy                  -324.112739925905
  CCSD[T] energy                     -324.153839761012
  CCSD-T energy                      -324.149763020914
 !CCSD(T) total energy               -324.150818922059

 Timing summary (sec):

 STEP                 CPU(USER)    SYS     CPU(TOT)    WALL
 Transformation          9.69      3.34     13.03     14.20
 CCSD iterations        55.57      3.36     58.93     75.82
 Triples               107.19      1.26    108.45    108.67

 Program statistics:

 Available memory in ccsd:               349998456
 Min. memory needed in ccsd:               8406081
 Max. memory used in ccsd:                11575628
 Max. memory used in cckext:              10975481 (12 integral passes)



 **********************************************************************************************************************************
 DATASETS  * FILE   NREC   LENGTH (MB)   RECORD NAMES
              1      19      345.96       500      610      700      900      950      970     1000      129      960     1100   
                                          VAR    BASINP    GEOM    SYMINP    ZMAT    AOBASIS   BASIS     P2S    ABASIS      S 
                                         1400     1410     1200     1210     1080     1600     1650     1700     1380   
                                           T        V       H0       H01     AOSYM     SMH    MOLCAS    OPER     JKOP   

              2       4        1.07       700     1000      520     2100   
                                         GEOM     BASIS   MCVARS     RHF  

 PROGRAMS   *        TOTAL   CCSD(T)        HF       INT
 CPU TIMES  *       181.72    172.49      1.41      7.67
 REAL TIME  *       220.36 SEC
 DISK USED  *         3.12 GB      
 SF USED    *       640.21 MB      
 GA USED    *         0.00 MB       (max)       0.00 MB       (current)
 **********************************************************************************************************************************
 SETTING E_CORR_C       =    ***************  KCAL/MOL                        
 SETTING E_C            =      -701.94765511  KCAL/MOL                        
 SETTING CHARGE         =         1.00000000                                  

 Dummy atoms: C8  H9  C10  H11  O12  O13  H14


 Recomputing one-electron integrals since nuclear charges changed

1PROGRAM * SEWARD (Integral evaluation for generally contracted gaussian basis sets)     Author: Roland Lindh, 1990

 Geometry written to block  1 of record 700


 Point group  Cs  



 ATOMIC COORDINATES

 NR  ATOM    CHARGE       X              Y              Z

   1  N0      7.00   -0.460465106   -3.315289708    0.000000000
   2  C1      6.00    1.987680753   -4.620520241    0.000000000
   3  H2      1.00    2.185171436   -5.786116024    1.676718725
   4  H4      1.00    2.185171436   -5.786116024   -1.676718725
   5  H3      1.00    3.455359084   -3.187308967    0.000000000
   6  H5      1.00   -1.961316914   -4.499446784    0.000000000
   7  H6      1.00   -0.566765137   -1.860932063   -1.456983022
   8  H7      1.00   -0.566765137   -1.860932063    1.456983022
   9  C8      0.00   -0.689209170    6.428116894    0.000000000
  10  H9      0.00    0.223718143    7.144268857    1.691522690
  11  H11     0.00    0.223718143    7.144268857   -1.691522690
  12  C10     0.00   -0.693108775    3.571279617    0.000000000
  13  O12     0.00   -0.719498765    2.467934042   -2.133079768
  14  O13     0.00   -0.719498765    2.467934042    2.133079768
  15  H14     0.00   -2.643151778    7.076673689    0.000000000

 Bond lengths in Bohr (Angstrom)

 1-2  2.774354860  1-6  1.911748972  1-7  2.061372208  1-8  2.061372208  2-3  2.051585187
     ( 1.468125362)     ( 1.011653985)     ( 1.090831192)     ( 1.090831192)     ( 1.085652124)

  2- 4  2.051585187   2- 5  2.051383494   9-10  2.051233513   9-11  2.051233513   9-12  2.856839939
       ( 1.085652124)       ( 1.085545392)       ( 1.085466025)       ( 1.085466025)       ( 1.511774586)

  9-15  2.058766046  12-13  2.401686321  12-14  2.401686321
       ( 1.089452070)       ( 1.270917664)       ( 1.270917664)

 Bond angles

  1-2-3  110.62404764   1-2-4  110.62404764   1-2-5  107.61639359   2-1-6  113.66257614

  2-1-7  112.17453951   2-1-8  112.17453951   3-2-4  109.62678271   3-2-5  109.15139688

  4-2-5  109.15139688   6-1-7  113.36129566   6-1-8  113.36129566   7-1-8   89.95069909

  9-12-13  117.34962947   9-12-14  117.34962947  10- 9-11  111.10337630  10- 9-12  110.47138453

 10- 9-15  108.20498303  11- 9-12  110.47138453  11- 9-15  108.20498303  12- 9-15  108.28393859

 13-12-14  125.28566955

 NUCLEAR CHARGE:                   19
 NUMBER OF PRIMITIVE AOS:         321
 NUMBER OF SYMMETRY AOS:          309
 NUMBER OF CONTRACTIONS:          219   ( 135A'  +  84A"  )
 NUMBER OF CORE ORBITALS:           2   (   2A'  +   0A"  )
 NUMBER OF VALENCE ORBITALS:       14   (  10A'  +   4A"  )

 MOLECULE CHANGED: INITIALIZING OCCUPATION AND DUMP RECORDS


 NUCLEAR REPULSION ENERGY   47.81947017


 Eigenvalues of metric

         1 0.391E-04 0.154E-03 0.168E-03 0.477E-03 0.577E-03 0.594E-03 0.699E-03 0.912E-03
         2 0.505E-03 0.606E-03 0.855E-03 0.134E-02 0.213E-02 0.262E-02 0.383E-02 0.509E-02


 Contracted 2-electron integrals neglected if value below      1.0D-12

 OPERATOR DM      FOR CENTER  0  COORDINATES:    0.000000    0.000000    0.000000


 **********************************************************************************************************************************
 DATASETS  * FILE   NREC   LENGTH (MB)   RECORD NAMES
              1      18        8.75       500      610      700      900      950      970     1000      129      960     1100   
                                          VAR    BASINP    GEOM    SYMINP    ZMAT    AOBASIS   BASIS     P2S    ABASIS      S 
                                         1400     1410     1200     1210     1080     1600     1650     1700   
                                           T        V       H0       H01     AOSYM     SMH    MOLCAS    OPER   

              2       4        1.07       700     1000      520     2100   
                                         GEOM     BASIS   MCVARS     RHF  

 PROGRAMS   *        TOTAL       INT   CCSD(T)        HF       INT
 CPU TIMES  *       181.78      0.05    172.49      1.41      7.67
 REAL TIME  *       220.71 SEC
 DISK USED  *         6.82 GB      
 SF USED    *       640.21 MB      
 GA USED    *         0.00 MB       (max)       0.00 MB       (current)
 **********************************************************************************************************************************

1PROGRAM * RHF-SCF (CLOSED SHELL)       Authors: W. Meyer, H.-J. Werner


 NUMBER OF ELECTRONS:       9+    9-
 CONVERGENCE THRESHOLDS:    1.00E-05 (Density)    1.00E-07 (Energy)
 MAX. NUMBER OF ITERATIONS:       60
 INTERPOLATION TYPE:            DIIS
 INTERPOLATION STEPS:              2 (START)      1 (STEP)
 LEVEL SHIFTS:                  0.00 (CLOSED)  0.00 (OPEN) 



 Orbital guess generated from atomic densities. Full valence occupancy:   12   4

 Molecular orbital dump at record        2101.2

 Initial alpha occupancy:   7   2
 Initial beta  occupancy:   7   2
 Wave function symmetry:    1

 ITERATION    DDIFF          GRAD             ENERGY        2-EL.EN.            DIPOLE MOMENTS         DIIS   ORB.
    1      0.000D+00      0.000D+00       -95.52453387    146.925403   -0.48582   -2.98112    0.00000    0    start
    2      0.000D+00      0.566D-02       -95.56764087    149.692809   -0.07439   -3.26072    0.00000    1    diag
    3      0.674D-02      0.244D-02       -95.57322008    148.659387   -0.07931   -3.29141    0.00000    2    diag
    4      0.249D-02      0.725D-03       -95.57395172    148.890202   -0.04684   -3.30320    0.00000    3    diag
    5      0.791D-03      0.113D-03       -95.57398313    148.893235   -0.04073   -3.31097    0.00000    4    diag
    6      0.161D-03      0.245D-04       -95.57398464    148.894462   -0.03882   -3.31131    0.00000    5    diag
    7      0.379D-04      0.502D-05       -95.57398470    148.893320   -0.03858   -3.31171    0.00000    6    diag
    8      0.712D-05      0.129D-05       -95.57398470    148.893639   -0.03853   -3.31170    0.00000    0    orth

 Final occupancy:   7   2

 !RHF STATE 1.1 Energy                -95.573984700114
 Nuclear energy                        47.81947017
 One-electron energy                 -217.84027459
 Two-electron energy                   74.44681971
 Virial quotient                       -1.00308219
 !RHF STATE 1.1 Dipole moment          -0.03853055    -3.31170261     0.00000000
 Dipole moment /Debye                  -0.09792846    -8.41695712     0.00000000

 Orbital energies:

         1.1          2.1          3.1          4.1          5.1          6.1          7.1          8.1          9.1
    -15.927848   -11.492328    -1.520526    -1.174675    -1.006037    -0.876282    -0.777193    -0.131344    -0.088108

         1.2          2.2          3.2          4.2
     -0.933998    -0.764430    -0.085860    -0.048190

 HOMO      2.2    -0.764430 =     -20.8012eV
 LUMO      8.1    -0.131344 =      -3.5741eV
 LUMO-HOMO         0.633086 =      17.2271eV


 **********************************************************************************************************************************
 DATASETS  * FILE   NREC   LENGTH (MB)   RECORD NAMES
              1      18        8.75       500      610      700      900      950      970     1000      129      960     1100   
                                          VAR    BASINP    GEOM    SYMINP    ZMAT    AOBASIS   BASIS     P2S    ABASIS      S 
                                         1400     1410     1200     1210     1080     1600     1650     1700   
                                           T        V       H0       H01     AOSYM     SMH    MOLCAS    OPER   

              2       5        2.13       700     1000      520     2100     2101   
                                         GEOM     BASIS   MCVARS     RHF      RHF  

 PROGRAMS   *        TOTAL        HF       INT   CCSD(T)        HF       INT
 CPU TIMES  *       183.07      1.28      0.05    172.49      1.41      7.67
 REAL TIME  *       222.25 SEC
 DISK USED  *         6.82 GB      
 SF USED    *       640.21 MB      
 GA USED    *         0.00 MB       (max)       0.00 MB       (current)
 **********************************************************************************************************************************
 SETTING E_RHF_A        =    -59973.59290957  KCAL/MOL                        


1PROGRAM * CCSD (Closed-shell coupled cluster)     Authors: C. Hampel, H.-J. Werner, 1991, M. Deegan, P.J. Knowles, 1992


 Convergence thresholds:  THRVAR = 1.00D-08  THRDEN = 1.00D-06

 CCSD(T)     terms to be evaluated (factor= 1.000)


 Number of core orbitals:           2 (   2   0 )
 Number of closed-shell orbitals:   7 (   5   2 )
 Number of external orbitals:     210 ( 128  82 )

 Molecular orbitals read from record     2101.2  Type=RHF/CANONICAL (state 1.1)

 Number of N-1 electron functions:               7
 Number of N-2 electron functions:              28
 Number of singly external CSFs:               804
 Number of doubly external CSFs:            545721
 Total number of CSFs:                      546526

 Length of J-op  integral file:               0.00 MB
 Length of K-op  integral file:               1.74 MB
 Length of 3-ext integral record:             0.00 MB

 Memory could be reduced to 46.21 Mwords without degradation in triples

 Integral transformation finished. Total CPU:   3.27 sec, npass=  1  Memory used:  14.33 MW

 Reference energy:                    -95.57398470

 MP2 singlet pair energy:              -0.22716386
 MP2 triplet pair energy:              -0.11132132
 MP2 correlation energy:               -0.33848518
 MP2 total energy:                    -95.91246988

 SCS-MP2 correlation energy:           -0.34186323   (PS=  1.200000  PT=  0.333333)
 SCS-MP2 total energy:                -95.91584794

 ITER.      SQ.NORM     CORR.ENERGY   TOTAL ENERGY   ENERGY CHANGE        DEN1      VAR(S)    VAR(P)  DIIS     TIME
   1      1.12006647    -0.36827150   -95.94225620    -0.02978632    -0.02053237  0.65D-03  0.19D-02  1  1     4.17
   2      1.13019033    -0.37071502   -95.94469972    -0.00244351    -0.01033996  0.18D-04  0.13D-03  2  2     4.92
   3      1.13219556    -0.37084113   -95.94482583    -0.00012612    -0.00124890  0.21D-05  0.89D-05  3  3     5.66
   4      1.13268129    -0.37086721   -95.94485191    -0.00002608    -0.00022660  0.15D-06  0.50D-06  4  4     6.42
   5      1.13274604    -0.37086762   -95.94485232    -0.00000041    -0.00003213  0.14D-07  0.40D-07  5  5     7.17
   6      1.13275034    -0.37086710   -95.94485180     0.00000052    -0.00000247  0.11D-08  0.25D-08  6  6     7.93

 Norm of t1 vector:      0.03567599      S-energy:     0.00000021      T1 diagnostic:  0.00674213
                                                                       D1 diagnostic:  0.01403802


 Total CPU time for triples:     10.28 sec


 RESULTS
 =======

  Reference energy                    -95.573984700114
  CCSD singlet pair energy             -0.267620621116
  CCSD triplet pair energy             -0.103246686699
  CCSD correlation energy              -0.370867098513

  Triples (T) contribution             -0.009720020851
  Total correlation energy             -0.380587119364

  CCSD total energy                   -95.944851798627
  CCSD[T] energy                      -95.954761955873
  CCSD-T energy                       -95.954451428327
 !CCSD(T) total energy                -95.954571819477

 Timing summary (sec):

 STEP                 CPU(USER)    SYS     CPU(TOT)    WALL
 Transformation          3.46      1.29      4.75      5.88
 CCSD iterations         4.49      0.34      4.83      4.85
 Triples                10.28      0.11     10.39     10.40

 Program statistics:

 Available memory in ccsd:               349999704
 Min. memory needed in ccsd:               1757468
 Max. memory used in ccsd:                 2217561
 Max. memory used in cckext:               3122984 ( 6 integral passes)



 **********************************************************************************************************************************
 DATASETS  * FILE   NREC   LENGTH (MB)   RECORD NAMES
              1      19      148.99       500      610      700      900      950      970     1000      129      960     1100   
                                          VAR    BASINP    GEOM    SYMINP    ZMAT    AOBASIS   BASIS     P2S    ABASIS      S 
                                         1400     1410     1200     1210     1080     1600     1650     1700     1380   
                                           T        V       H0       H01     AOSYM     SMH    MOLCAS    OPER     JKOP   

              2       5        2.13       700     1000      520     2100     2101   
                                         GEOM     BASIS   MCVARS     RHF      RHF  

 PROGRAMS   *        TOTAL   CCSD(T)        HF       INT   CCSD(T)        HF       INT
 CPU TIMES  *       202.09     19.02      1.28      0.05    172.49      1.41      7.67
 REAL TIME  *       244.72 SEC
 DISK USED  *         6.82 GB      
 SF USED    *       640.21 MB      
 GA USED    *         0.00 MB       (max)       0.00 MB       (current)
 **********************************************************************************************************************************
 SETTING E_CORR_A       =    -60212.41498061  KCAL/MOL                        
 SETTING E_A            =      -238.82207104  KCAL/MOL                        
 SETTING CHARGE         =        -1.00000000                                  

 Dummy atoms: N0  C1  H2  H3  H4  H5  H6  H7


 Recomputing one-electron integrals since nuclear charges changed

1PROGRAM * SEWARD (Integral evaluation for generally contracted gaussian basis sets)     Author: Roland Lindh, 1990

 Geometry written to block  1 of record 700


 Point group  Cs  



 ATOMIC COORDINATES

 NR  ATOM    CHARGE       X              Y              Z

   1  N0      0.00   -0.460465106   -3.315289708    0.000000000
   2  C1      0.00    1.987680753   -4.620520241    0.000000000
   3  H2      0.00    2.185171436   -5.786116024    1.676718725
   4  H4      0.00    2.185171436   -5.786116024   -1.676718725
   5  H3      0.00    3.455359084   -3.187308967    0.000000000
   6  H5      0.00   -1.961316914   -4.499446784    0.000000000
   7  H6      0.00   -0.566765137   -1.860932063   -1.456983022
   8  H7      0.00   -0.566765137   -1.860932063    1.456983022
   9  C8      6.00   -0.689209170    6.428116894    0.000000000
  10  H9      1.00    0.223718143    7.144268857    1.691522690
  11  H11     1.00    0.223718143    7.144268857   -1.691522690
  12  C10     6.00   -0.693108775    3.571279617    0.000000000
  13  O12     8.00   -0.719498765    2.467934042   -2.133079768
  14  O13     8.00   -0.719498765    2.467934042    2.133079768
  15  H14     1.00   -2.643151778    7.076673689    0.000000000

 Bond lengths in Bohr (Angstrom)

 1-2  2.774354860  1-6  1.911748972  1-7  2.061372208  1-8  2.061372208  2-3  2.051585187
     ( 1.468125362)     ( 1.011653985)     ( 1.090831192)     ( 1.090831192)     ( 1.085652124)

  2- 4  2.051585187   2- 5  2.051383494   9-10  2.051233513   9-11  2.051233513   9-12  2.856839939
       ( 1.085652124)       ( 1.085545392)       ( 1.085466025)       ( 1.085466025)       ( 1.511774586)

  9-15  2.058766046  12-13  2.401686321  12-14  2.401686321
       ( 1.089452070)       ( 1.270917664)       ( 1.270917664)

 Bond angles

  1-2-3  110.62404764   1-2-4  110.62404764   1-2-5  107.61639359   2-1-6  113.66257614

  2-1-7  112.17453951   2-1-8  112.17453951   3-2-4  109.62678271   3-2-5  109.15139688

  4-2-5  109.15139688   6-1-7  113.36129566   6-1-8  113.36129566   7-1-8   89.95069909

  9-12-13  117.34962947   9-12-14  117.34962947  10- 9-11  111.10337630  10- 9-12  110.47138453

 10- 9-15  108.20498303  11- 9-12  110.47138453  11- 9-15  108.20498303  12- 9-15  108.28393859

 13-12-14  125.28566955

 NUCLEAR CHARGE:                   31
 NUMBER OF PRIMITIVE AOS:         321
 NUMBER OF SYMMETRY AOS:          309
 NUMBER OF CONTRACTIONS:          219   ( 135A'  +  84A"  )
 NUMBER OF CORE ORBITALS:           4   (   3A'  +   1A"  )
 NUMBER OF VALENCE ORBITALS:       19   (  12A'  +   7A"  )

 MOLECULE CHANGED: INITIALIZING OCCUPATION AND DUMP RECORDS


 NUCLEAR REPULSION ENERGY  111.93319492


 Eigenvalues of metric

         1 0.391E-04 0.154E-03 0.168E-03 0.477E-03 0.577E-03 0.594E-03 0.699E-03 0.912E-03
         2 0.505E-03 0.606E-03 0.855E-03 0.134E-02 0.213E-02 0.262E-02 0.383E-02 0.509E-02


 Contracted 2-electron integrals neglected if value below      1.0D-12

 OPERATOR DM      FOR CENTER  0  COORDINATES:    0.000000    0.000000    0.000000


 **********************************************************************************************************************************
 DATASETS  * FILE   NREC   LENGTH (MB)   RECORD NAMES
              1      18        8.75       500      610      700      900      950      970     1000      129      960     1100   
                                          VAR    BASINP    GEOM    SYMINP    ZMAT    AOBASIS   BASIS     P2S    ABASIS      S 
                                         1400     1410     1200     1210     1080     1600     1650     1700   
                                           T        V       H0       H01     AOSYM     SMH    MOLCAS    OPER   

              2       5        2.13       700     1000      520     2100     2101   
                                         GEOM     BASIS   MCVARS     RHF      RHF  

 PROGRAMS   *        TOTAL       INT   CCSD(T)        HF       INT   CCSD(T)        HF       INT
 CPU TIMES  *       202.15      0.06     19.02      1.28      0.05    172.49      1.41      7.67
 REAL TIME  *       244.98 SEC
 DISK USED  *         6.82 GB      
 SF USED    *       640.21 MB      
 GA USED    *         0.00 MB       (max)       0.00 MB       (current)
 **********************************************************************************************************************************

1PROGRAM * RHF-SCF (CLOSED SHELL)       Authors: W. Meyer, H.-J. Werner


 NUMBER OF ELECTRONS:      16+   16-
 CONVERGENCE THRESHOLDS:    1.00E-05 (Density)    1.00E-07 (Energy)
 MAX. NUMBER OF ITERATIONS:       60
 INTERPOLATION TYPE:            DIIS
 INTERPOLATION STEPS:              2 (START)      1 (STEP)
 LEVEL SHIFTS:                  0.00 (CLOSED)  0.00 (OPEN) 



 Orbital guess generated from atomic densities. Full valence occupancy:   15   8

 Molecular orbital dump at record        2102.2

 Initial alpha occupancy:  10   6
 Initial beta  occupancy:  10   6
 Wave function symmetry:    1

 ITERATION    DDIFF          GRAD             ENERGY        2-EL.EN.            DIPOLE MOMENTS         DIIS   ORB.
    1      0.000D+00      0.000D+00      -227.13514899    409.311608    0.68717   -1.31451    0.00000    0    start
    2      0.000D+00      0.926D-02      -227.21994039    400.343561    0.71597   -2.41944    0.00000    1    diag
    3      0.134D-01      0.655D-02      -227.27112406    403.221181    0.72184   -2.11304    0.00000    2    diag
    4      0.509D-02      0.658D-03      -227.27237007    403.365156    0.72087   -2.13172    0.00000    3    diag
    5      0.125D-02      0.212D-03      -227.27251360    403.232021    0.72297   -2.12610    0.00000    4    diag
    6      0.331D-03      0.483D-04      -227.27252264    403.253353    0.72330   -2.12476    0.00000    5    diag
    7      0.103D-03      0.971D-05      -227.27252309    403.249788    0.72328   -2.12423    0.00000    6    diag
    8      0.239D-04      0.223D-05      -227.27252311    403.251031    0.72332   -2.12414    0.00000    7    diag
    9      0.555D-05      0.735D-06      -227.27252311    403.250557    0.72331   -2.12418    0.00000    0    orth

 Final occupancy:  10   6

 !RHF STATE 1.1 Energy               -227.272523109837
 Nuclear energy                       111.93319492
 One-electron energy                 -540.83099655
 Two-electron energy                  201.62527852
 Virial quotient                       -1.00143163
 !RHF STATE 1.1 Dipole moment           0.72331197    -2.12417680     0.00000000
 Dipole moment /Debye                   1.83835523    -5.39876527     0.00000000

 Orbital energies:

         1.1          2.1          3.1          4.1          5.1          6.1          7.1          8.1          9.1         10.1
    -20.293053   -11.137994   -11.053481    -1.155853    -0.805774    -0.514958    -0.416826    -0.411738    -0.309364    -0.198163

        11.1         12.1
      0.117088     0.144565

         1.2          2.2          3.2          4.2          5.2          6.2          7.2          8.2
    -20.293086    -1.051008    -0.420259    -0.354392    -0.193251    -0.181021     0.140346     0.164190

 HOMO      6.2    -0.181021 =      -4.9258eV
 LUMO     11.1     0.117088 =       3.1861eV
 LUMO-HOMO         0.298109 =       8.1120eV


 **********************************************************************************************************************************
 DATASETS  * FILE   NREC   LENGTH (MB)   RECORD NAMES
              1      18        8.75       500      610      700      900      950      970     1000      129      960     1100   
                                          VAR    BASINP    GEOM    SYMINP    ZMAT    AOBASIS   BASIS     P2S    ABASIS      S 
                                         1400     1410     1200     1210     1080     1600     1650     1700   
                                           T        V       H0       H01     AOSYM     SMH    MOLCAS    OPER   

              2       6        3.18       700     1000      520     2100     2101     2102   
                                         GEOM     BASIS   MCVARS     RHF      RHF      RHF  

 PROGRAMS   *        TOTAL        HF       INT   CCSD(T)        HF       INT   CCSD(T)        HF       INT
 CPU TIMES  *       203.50      1.35      0.06     19.02      1.28      0.05    172.49      1.41      7.67
 REAL TIME  *       246.51 SEC
 DISK USED  *         6.82 GB      
 SF USED    *       640.21 MB      
 GA USED    *         0.00 MB       (max)       0.00 MB       (current)
 **********************************************************************************************************************************
 SETTING E_RHF_B        =    ***************  KCAL/MOL                        


1PROGRAM * CCSD (Closed-shell coupled cluster)     Authors: C. Hampel, H.-J. Werner, 1991, M. Deegan, P.J. Knowles, 1992


 Convergence thresholds:  THRVAR = 1.00D-08  THRDEN = 1.00D-06

 CCSD(T)     terms to be evaluated (factor= 1.000)


 Number of core orbitals:           4 (   3   1 )
 Number of closed-shell orbitals:  12 (   7   5 )
 Number of external orbitals:     203 ( 125  78 )

 Molecular orbitals read from record     2102.2  Type=RHF/CANONICAL (state 1.1)

 Number of N-1 electron functions:              12
 Number of N-2 electron functions:              78
 Number of singly external CSFs:              1265
 Number of doubly external CSFs:           1486951
 Total number of CSFs:                     1488217

 Length of J-op  integral file:               0.00 MB
 Length of K-op  integral file:               1.74 MB
 Length of 3-ext integral record:             0.00 MB

 Memory could be reduced to 65.12 Mwords without degradation in triples

 Integral transformation finished. Total CPU:   6.15 sec, npass=  1  Memory used:  25.55 MW

 Reference energy:                   -227.27252311

 MP2 singlet pair energy:              -0.41520444
 MP2 triplet pair energy:              -0.27641808
 MP2 correlation energy:               -0.69162252
 MP2 total energy:                   -227.96414563

 SCS-MP2 correlation energy:           -0.67023880   (PS=  1.200000  PT=  0.333333)
 SCS-MP2 total energy:               -227.94276191

 ITER.      SQ.NORM     CORR.ENERGY   TOTAL ENERGY   ENERGY CHANGE        DEN1      VAR(S)    VAR(P)  DIIS     TIME
   1      1.21649822    -0.70672710  -227.97925021    -0.01510458     0.00823723  0.84D-02  0.47D-02  1  1     7.89
   2      1.23429176    -0.70703886  -227.97956197    -0.00031176    -0.01824484  0.17D-03  0.79D-03  2  2     9.71
   3      1.24410482    -0.70766410  -227.98018721    -0.00062524    -0.00413290  0.19D-03  0.36D-04  3  3    11.51
   4      1.24810167    -0.70747330  -227.97999641     0.00019080    -0.00119265  0.20D-04  0.85D-05  4  4    13.35
   5      1.24994782    -0.70740441  -227.97992752     0.00006889    -0.00035720  0.48D-05  0.12D-05  5  5    15.17
   6      1.25044831    -0.70738453  -227.97990764     0.00001988    -0.00004458  0.89D-06  0.30D-06  6  6    17.12
   7      1.25064987    -0.70737299  -227.97989610     0.00001154    -0.00000219  0.18D-06  0.68D-07  6  1    19.03
   8      1.25072982    -0.70736960  -227.97989271     0.00000339    -0.00001184  0.65D-07  0.11D-07  6  2    20.78
   9      1.25074978    -0.70737065  -227.97989376    -0.00000104     0.00000349  0.12D-07  0.35D-08  6  3    22.53
  10      1.25076959    -0.70736944  -227.97989254     0.00000121    -0.00000284  0.23D-08  0.66D-09  6  4    24.40
  11      1.25077022    -0.70736991  -227.97989302    -0.00000047     0.00000073  0.52D-09  0.15D-09  6  5    26.16
  12      1.25077219    -0.70736991  -227.97989302    -0.00000001    -0.00000002  0.90D-10  0.39D-10  6  6    27.92

 Norm of t1 vector:      0.13431343      S-energy:     0.00000046      T1 diagnostic:  0.01938647
                                                                       D1 diagnostic:  0.06303868


 Total CPU time for triples:     33.30 sec


 RESULTS
 =======

  Reference energy                   -227.272523109837
  CCSD singlet pair energy             -0.464331878723
  CCSD triplet pair energy             -0.243038492045
  CCSD correlation energy              -0.707369914908

  Triples (T) contribution             -0.027564822215
  Total correlation energy             -0.734934737123

  CCSD total energy                  -227.979893024745
  CCSD[T] energy                     -228.010161971852
  CCSD-T energy                      -228.006560182135
 !CCSD(T) total energy               -228.007457846960

 Timing summary (sec):

 STEP                 CPU(USER)    SYS     CPU(TOT)    WALL
 Transformation          6.17      2.12      8.29      8.74
 CCSD iterations        21.76      1.55     23.31     39.52
 Triples                33.30      0.40     33.70     33.70

 Program statistics:

 Available memory in ccsd:               349999324
 Min. memory needed in ccsd:               3935173
 Max. memory used in ccsd:                 5268524
 Max. memory used in cckext:               5535491 (12 integral passes)



 **********************************************************************************************************************************
 DATASETS  * FILE   NREC   LENGTH (MB)   RECORD NAMES
              1      19      235.29       500      610      700      900      950      970     1000      129      960     1100   
                                          VAR    BASINP    GEOM    SYMINP    ZMAT    AOBASIS   BASIS     P2S    ABASIS      S 
                                         1400     1410     1200     1210     1080     1600     1650     1700     1380   
                                           T        V       H0       H01     AOSYM     SMH    MOLCAS    OPER     JKOP   

              2       6        3.18       700     1000      520     2100     2101     2102   
                                         GEOM     BASIS   MCVARS     RHF      RHF      RHF  

 PROGRAMS   *        TOTAL   CCSD(T)        HF       INT   CCSD(T)        HF       INT   CCSD(T)        HF       INT
 CPU TIMES  *       264.77     61.27      1.35      0.06     19.02      1.28      0.05    172.49      1.41      7.67
 REAL TIME  *       328.61 SEC
 DISK USED  *         6.82 GB      
 SF USED    *       640.21 MB      
 GA USED    *         0.00 MB       (max)       0.00 MB       (current)
 **********************************************************************************************************************************
 SETTING E_CORR_B       =    ***************  KCAL/MOL                        
 SETTING E_B            =      -461.17860292  KCAL/MOL                        
 SETTING E_RHF_CP       =      -116.52008912  KCAL/MOL                        
 SETTING E_CORR_CP      =        -1.94698116  KCAL/MOL                        

        CCSD(T)         HF-SCF          CCSD(T)         HF-SCF          CCSD(T)         HF-SCF  
   -228.00745785   -227.27252311    -95.95457182    -95.57398470   -324.15081892   -323.03219435
 **********************************************************************************************************************************
 Variable memory released
