
 Primary working directories    : /scratch/1723596.phoenix.chem.wisc.edu
 Secondary working directories  : /scratch/1723596.phoenix.chem.wisc.edu
 Wavefunction directory         : /scratch/1723596.phoenix.chem.wisc.edu/
 Main file repository           : /scratch/1723596.phoenix.chem.wisc.edu/

 SHA1      : 65e45729fe3f963b0eb97374e3bda9949063ef0f
 NAME      : 2012.1.17
 ARCHNAME  : Linux/x86_64
 FC        : /opt/intel/composer_xe_2013.5.192/bin/intel64/ifort
 FCVERSION : 13.1.3
 BLASLIB   : -L/opt/intel/composer_xe_2013.5.192/mkl/lib/intel64 -lmkl_intel_ilp64 -lmkl_sequential -lmkl_core
 id        : cuichemwisc

 Nodes             nprocs
 compute-1-35.local   12
 ga_uses_ma=false, calling ma_init with nominal heap.
 GA-space will be limited to   8.0 MW (determined by -G option)

 Using customized tuning parameters: mindgm=1; mindgv=20; mindgc=4; mindgr=1; noblas=0; minvec=7
 default implementation of scratch files=sf  

 geomtyp=xyz
 geometry={
 15
  N0         -0.243667639400      -1.754375754500       0.000000000000
  C1          1.051835353300      -2.445074005300       0.000000000000
  H2          1.156342921500      -3.061880728700       0.887281335000
  H3          1.828497275900      -1.686651263200       0.000000000000
  H4          1.156342921500      -3.061880728700      -0.887281335000
  H5         -1.037884210400      -2.381004691100       0.000000000000
  H6         -0.299919193300      -0.984762835500      -0.771002209100
  H7         -0.299919193300      -0.984762835500       0.771002209100
  C8         -0.246118332591       2.754951044957       0.000000000000
  H9          0.236981995009       3.133922342057       0.895115256100
  C10        -0.248181914691       1.243177867857       0.000000000000
  H11         0.236981995009       3.133922342057      -0.895115256100
  O12        -0.262146895791       0.659312535957      -1.128777198300
  O13        -0.262146895791       0.659312535957       1.128777198300
  H14        -1.280100228591       3.098152519757       0.000000000000
 }
 
 
 basis=avdz
 
                                                                                 ! Complex
 set,charge=0
 
 df-hf
 e_rhf_c = energy*tokcal
 df-mp2
 e_corr_c = energy*tokcal
 e_c = e_corr_c - e_rhf_c
 
 
                                                                                 ! Monomer 1
 set,charge=1
 dummy,C8,H9,C10,H11,O12,O13,H14
 
 df-hf
 e_rhf_a = energy*tokcal
 df-mp2
 e_corr_a = energy*tokcal
 e_a = e_corr_a - e_rhf_a
 
 
                                                                                 ! Monomer 2
 set,charge=-1
 dummy,N0,C1,H2,H3,H4,H5,H6,H7
 
 df-hf
 e_rhf_b = energy*tokcal
 df-mp2
 e_corr_b = energy*tokcal
 e_b = e_corr_b - e_rhf_b
 
 
 e_rhf_cp = e_rhf_c - (e_rhf_a + e_rhf_b)
 e_corr_cp = e_c - (e_a + e_b)

 Variables initialized (782), CPU time= 0.01 sec
 Commands  initialized (547), CPU time= 0.01 sec, 517 directives.
 Default parameters read. Elapsed time= 0.13 sec

 Checking input...
 Passed
1


                                         ***  PROGRAM SYSTEM MOLPRO  ***
                         Copyright, University College Cardiff Consultants Limited, 2008

                                    Version 2012.1 linked Oct 11 2014 15:40:16


 **********************************************************************************************************************************
 LABEL *                                                                                 
 Linux-2.6.18-308.el5/compute-1-35.local(x86_64) 64 bit mpp version                      DATE: 12-Dec-14          TIME: 05:41:28  
 **********************************************************************************************************************************

 SHA1:             65e45729fe3f963b0eb97374e3bda9949063ef0f
 **********************************************************************************************************************************
 SETTING GEOMTYP        =    XYZ

 Turning off symmetry in density fitting calculation
 To re-enable, use 'set,zsymel=auto'


 Variable memory set to  350000000 words,  buffer space   230000 words

 SETTING BASIS          =    AVDZ
 SETTING CHARGE         =         0.00000000                                  


 Recomputing integrals since basis changed


 Using spherical harmonics

 Library entry N      S aug-cc-pVDZ          selected for orbital group  1
 Library entry N      P aug-cc-pVDZ          selected for orbital group  1
 Library entry N      D aug-cc-pVDZ          selected for orbital group  1
 Library entry C      S aug-cc-pVDZ          selected for orbital group  2
 Library entry C      P aug-cc-pVDZ          selected for orbital group  2
 Library entry C      D aug-cc-pVDZ          selected for orbital group  2
 Library entry H      S aug-cc-pVDZ          selected for orbital group  3
 Library entry H      P aug-cc-pVDZ          selected for orbital group  3
 Library entry O      S aug-cc-pVDZ          selected for orbital group  8
 Library entry O      P aug-cc-pVDZ          selected for orbital group  8
 Library entry O      D aug-cc-pVDZ          selected for orbital group  8

1PROGRAM * SEWARD (Integral evaluation for generally contracted gaussian basis sets)     Author: Roland Lindh, 1990

 Geometry written to block  1 of record 700


 Point group  C1  



 ATOMIC COORDINATES

 NR  ATOM    CHARGE       X              Y              Z

   1  N0      7.00   -0.460465106   -3.315289708    0.000000000
   2  C1      6.00    1.987680753   -4.620520241    0.000000000
   3  H2      1.00    2.185171436   -5.786116024    1.676718725
   4  H3      1.00    3.455359084   -3.187308967    0.000000000
   5  H4      1.00    2.185171436   -5.786116024   -1.676718725
   6  H5      1.00   -1.961316914   -4.499446784    0.000000000
   7  H6      1.00   -0.566765137   -1.860932063   -1.456983022
   8  H7      1.00   -0.566765137   -1.860932063    1.456983022
   9  C8      6.00   -0.465096245    5.206102980    0.000000000
  10  H9      1.00    0.447831069    5.922254944    1.691522690
  11  C10     6.00   -0.468995850    2.349265703    0.000000000
  12  H11     1.00    0.447831069    5.922254944   -1.691522690
  13  O12     8.00   -0.495385839    1.245920128   -2.133079768
  14  O13     8.00   -0.495385839    1.245920128    2.133079768
  15  H14     1.00   -2.419038853    5.854659776    0.000000000

 Bond lengths in Bohr (Angstrom)

 1-2  2.774354860  1-6  1.911748972  1-7  2.061372208  1-8  2.061372208  2-3  2.051585187
     ( 1.468125362)     ( 1.011653985)     ( 1.090831192)     ( 1.090831192)     ( 1.085652124)

  2- 4  2.051383494   2- 5  2.051585187   9-10  2.051233513   9-11  2.856839939   9-12  2.051233513
       ( 1.085545392)       ( 1.085652124)       ( 1.085466025)       ( 1.511774586)       ( 1.085466025)

  9-15  2.058766046  11-13  2.401686321  11-14  2.401686321
       ( 1.089452070)       ( 1.270917664)       ( 1.270917664)

 Bond angles

  1-2-3  110.62404764   1-2-4  107.61639359   1-2-5  110.62404764   2-1-6  113.66257614

  2-1-7  112.17453951   2-1-8  112.17453951   3-2-4  109.15139688   3-2-5  109.62678271

  4-2-5  109.15139688   6-1-7  113.36129566   6-1-8  113.36129566   7-1-8   89.95069909

  9-11-13  117.34962947   9-11-14  117.34962947  10- 9-11  110.47138453  10- 9-12  111.10337630

 10- 9-15  108.20498303  11- 9-12  110.47138453  11- 9-15  108.28393859  12- 9-15  108.20498303

 13-11-14  125.28566955

 NUCLEAR CHARGE:                   50
 NUMBER OF PRIMITIVE AOS:         321
 NUMBER OF SYMMETRY AOS:          309
 NUMBER OF CONTRACTIONS:          219   ( 219A   )
 NUMBER OF CORE ORBITALS:           6   (   6A   )
 NUMBER OF VALENCE ORBITALS:       33   (  33A   )


 NUCLEAR REPULSION ENERGY  250.00784226


 Eigenvalues of metric

         1 0.275E-04 0.135E-03 0.146E-03 0.388E-03 0.450E-03 0.484E-03 0.515E-03 0.572E-03


 OPERATOR DM      FOR CENTER  0  COORDINATES:    0.000000    0.000000    0.000000


 **********************************************************************************************************************************
 DATASETS  * FILE   NREC   LENGTH (MB)   RECORD NAMES
              1      18        9.56       500      610      700      900      950      970     1000      129      960     1100   
                                          VAR    BASINP    GEOM    SYMINP    ZMAT    AOBASIS   BASIS     P2S    ABASIS      S 
                                         1400     1410     1200     1210     1080     1600     1650     1700   
                                           T        V       H0       H01     AOSYM     SMH    MOLCAS    OPER   

 PROGRAMS   *        TOTAL       INT
 CPU TIMES  *         0.40      0.26
 REAL TIME  *         0.62 SEC
 DISK USED  *         0.00 MB      
 GA USED    *         0.01 MB       (max)       0.00 MB       (current)
 **********************************************************************************************************************************

1PROGRAM * RHF-SCF (CLOSED SHELL)       Authors: W. Meyer, H.-J. Werner


 NUMBER OF ELECTRONS:      25+   25-    SPACE SYMMETRY=1    SPIN SYMMETRY: Singlet 
 CONVERGENCE THRESHOLDS:    1.00E-05 (Density)    1.00E-07 (Energy)
 INTEGRAL THRESHOLDS:       1.00E-11 (Initial)    1.00E-11 (Final)
 MAX. NUMBER OF ITERATIONS:       60
 INTERPOLATION TYPE:            DIIS
 INTERPOLATION STEPS:              2 (START)      1 (STEP)
 LEVEL SHIFTS:                  0.00 (CLOSED)  0.00 (OPEN) 



 
 Basis set CC-PVDZ/JKFIT generated.      Number of basis functions:   627 
 
 Orbital guess generated from atomic densities. Full valence occupancy:   39
 Coulomb and exchange fitting
 Thresholds for fitting:       THRAO_COUL= 1.0D-14    THRAO_EXCH= 1.0D-12    THRMO= 1.0D-11    THRPROD= 1.0D-11    THRASM= 1.0D-11
                               THR2HLF=    1.0D-11

 Molecular orbital dump at record        2100.2

 ITERATION   DDIFF            GRAD            ENERGY        2-EL.EN.            DIPOLE MOMENTS         DIIS   CPU(IT)  CPU(TOT)  ORB.
    1      0.000D+00      0.000D+00      -322.92692144    731.720357   -0.05174   -2.38900    0.00000    0      0.9      3.1     start
    2      0.000D+00      0.544D-02      -323.02207356    727.002224    0.21914   -2.41376    0.00000    1      0.3      3.4     diag
    3      0.977D-02      0.343D-02      -323.06310711    728.794973    0.19296   -2.30800    0.00000    2      0.2      3.7     diag
    4      0.355D-02      0.509D-03      -323.06504884    728.778405    0.19366   -2.31311    0.00000    3      0.2      3.9     diag
    5      0.113D-02      0.125D-03      -323.06518405    728.731651    0.20211   -2.30289    0.00000    4      0.3      4.1     diag
    6      0.253D-03      0.361D-04      -323.06519686    728.732313    0.20349   -2.30320    0.00000    5      0.2      4.4     diag
    7      0.103D-03      0.782D-05      -323.06519743    728.736307    0.20378   -2.30323    0.00000    6      0.2      4.6     diag
    8      0.208D-04      0.250D-05      -323.06519748    728.734575    0.20386   -2.30326    0.00000    7      0.2      4.8     diag
    9      0.559D-05      0.746D-06      -323.06519749    728.735274    0.20392   -2.30327    0.00000    0      0.2      5.0     orth

 Final occupancy:  25

 !RHF STATE 1.1 Energy               -323.065197487827
 Nuclear energy                       250.00784226
 One-electron energy                 -937.44067700
 Two-electron energy                  364.36763725
 Virial quotient                       -1.00178605
 !RHF STATE 1.1 Dipole moment           0.20391630    -2.30326834     0.00000000
 Dipole moment /Debye                   0.51826960    -5.85394074     0.00000000

 Orbital energies:

         1.1          2.1          3.1          4.1          5.1          6.1          7.1          8.1          9.1         10.1
    -20.496668   -20.496635   -15.661976   -11.332333   -11.306925   -11.200857    -1.368901    -1.282955    -1.260790    -0.977325

        11.1         12.1         13.1         14.1         15.1         16.1         17.1         18.1         19.1         20.1
     -0.961411    -0.778599    -0.716671    -0.701947    -0.662115    -0.615056    -0.604332    -0.584268    -0.579994    -0.558290

        21.1         22.1         23.1         24.1         25.1         26.1         27.1
     -0.522420    -0.493685    -0.401198    -0.395195    -0.392155     0.019165     0.038966

 HOMO     25.1    -0.392155 =     -10.6711eV
 LUMO     26.1     0.019165 =       0.5215eV
 LUMO-HOMO         0.411321 =      11.1926eV


 **********************************************************************************************************************************
 DATASETS  * FILE   NREC   LENGTH (MB)   RECORD NAMES
              1      18        9.56       500      610      700      900      950      970     1000      129      960     1100   
                                          VAR    BASINP    GEOM    SYMINP    ZMAT    AOBASIS   BASIS     P2S    ABASIS      S 
                                         1400     1410     1200     1210     1080     1600     1650     1700   
                                           T        V       H0       H01     AOSYM     SMH    MOLCAS    OPER   

              2       4        1.72       700     1000      520     2100   
                                         GEOM     BASIS   MCVARS     RHF  

 PROGRAMS   *        TOTAL        HF       INT
 CPU TIMES  *         5.81      5.39      0.26
 REAL TIME  *        47.98 SEC
 DISK USED  *       173.22 MB      
 SF USED    *        31.54 MB      
 GA USED    *         3.20 MB       (max)       0.00 MB       (current)
 **********************************************************************************************************************************
 SETTING E_RHF_C        =    ***************  KCAL/MOL                        


1PROGRAM * MP2 (Closed-shell)     Authors: C. Hampel, H.-J. Werner, 1991, M. Deegan, P.J. Knowles, 1992

 Basis set AUG-CC-PVDZ/MP2FIT generated. Number of basis functions:   639 

 Convergence thresholds:  THRVAR = 1.00D-08  THRDEN = 1.00D-06

 Number of core orbitals:           6 (   6 )
 Number of closed-shell orbitals:  19 (  19 )
 Number of external orbitals:     194 ( 194 )

 Molecular orbitals read from record     2100.2  Type=RHF/CANONICAL (state 1.1)
 

 Entering DF-MP2

 Thresholds:    THRAO= 0.100D-09    THRMO= 0.100D-08    THROV= 0.100D-11

 Fitting basis: AUG-CC-PVDZ-MP2F
 Number of fitting functions:                 639
 Number of blocks in AO basis:                  4
 Minimum block size:                           50
 Maximum block size:                           69
 Average block size:                           55
 Number of groups in AO basis:                 72
 Number of shells in AO basis:                165

 Using large memory version DFMP2B. NIBTK= 1  NGPU= 0  IGPU= 0

 para=T  nprocs= 12  mpptyp=0  number of tasks=  45

 Minimum memory with paging:                  1.32 MW
 Minimum memory for incore assembly:          2.39 MW
 Maximum memory for incore algorithm:         3.45 MW
 Memory for 3-index integrals:                0.00 MW

 Disk space for H1-integrals:                21.66 MB (   855 records)
 
 CPU time for half transformed integrals      0.10 sec, elapsed time      0.10 sec
 CPU time for assembly                        0.11 sec, elapsed time      0.14 sec (7491.6 MFLOP/sec)
 Total CPU time                               0.55 sec, elapsed time      1.15 sec

 SCS-MP2 correlation energy:           -1.016093714357   (PS=  1.200000  PT=  0.333333)
 SCS-MP2 total energy:               -324.081291202185

 Norm of first-order wave function:     0.236457052197
 Coefficient of reference function:     0.899312193741

  Reference energy                   -323.065197487828
  MP2 singlet pair energy              -0.641401906577
  MP2 triplet pair energy              -0.396018363961
  MP2 correlation energy               -1.037420270538

 !MP2 total energy                   -324.102617758366


 **********************************************************************************************************************************
 DATASETS  * FILE   NREC   LENGTH (MB)   RECORD NAMES
              1      18        9.56       500      610      700      900      950      970     1000      129      960     1100   
                                          VAR    BASINP    GEOM    SYMINP    ZMAT    AOBASIS   BASIS     P2S    ABASIS      S 
                                         1400     1410     1200     1210     1080     1600     1650     1700   
                                           T        V       H0       H01     AOSYM     SMH    MOLCAS    OPER   

              2       4        1.72       700     1000      520     2100   
                                         GEOM     BASIS   MCVARS     RHF  

 PROGRAMS   *        TOTAL       MP2        HF       INT
 CPU TIMES  *         6.55      0.73      5.39      0.26
 REAL TIME  *        49.61 SEC
 DISK USED  *       173.22 MB      
 SF USED    *        60.36 MB      
 GA USED    *         3.20 MB       (max)       0.00 MB       (current)
 **********************************************************************************************************************************
 SETTING E_CORR_C       =    ***************  KCAL/MOL                        
 SETTING E_C            =      -650.99117900  KCAL/MOL                        
 SETTING CHARGE         =         1.00000000                                  

 Dummy atoms: C8  H9  C10  H11  O12  O13  H14


 Recomputing one-electron integrals since nuclear charges changed

1PROGRAM * SEWARD (Integral evaluation for generally contracted gaussian basis sets)     Author: Roland Lindh, 1990

 Geometry written to block  1 of record 700


 Point group  C1  



 ATOMIC COORDINATES

 NR  ATOM    CHARGE       X              Y              Z

   1  N0      7.00   -0.460465106   -3.315289708    0.000000000
   2  C1      6.00    1.987680753   -4.620520241    0.000000000
   3  H2      1.00    2.185171436   -5.786116024    1.676718725
   4  H3      1.00    3.455359084   -3.187308967    0.000000000
   5  H4      1.00    2.185171436   -5.786116024   -1.676718725
   6  H5      1.00   -1.961316914   -4.499446784    0.000000000
   7  H6      1.00   -0.566765137   -1.860932063   -1.456983022
   8  H7      1.00   -0.566765137   -1.860932063    1.456983022
   9  C8      0.00   -0.465096245    5.206102980    0.000000000
  10  H9      0.00    0.447831069    5.922254944    1.691522690
  11  C10     0.00   -0.468995850    2.349265703    0.000000000
  12  H11     0.00    0.447831069    5.922254944   -1.691522690
  13  O12     0.00   -0.495385839    1.245920128   -2.133079768
  14  O13     0.00   -0.495385839    1.245920128    2.133079768
  15  H14     0.00   -2.419038853    5.854659776    0.000000000

 Bond lengths in Bohr (Angstrom)

 1-2  2.774354860  1-6  1.911748972  1-7  2.061372208  1-8  2.061372208  2-3  2.051585187
     ( 1.468125362)     ( 1.011653985)     ( 1.090831192)     ( 1.090831192)     ( 1.085652124)

  2- 4  2.051383494   2- 5  2.051585187   9-10  2.051233513   9-11  2.856839939   9-12  2.051233513
       ( 1.085545392)       ( 1.085652124)       ( 1.085466025)       ( 1.511774586)       ( 1.085466025)

  9-15  2.058766046  11-13  2.401686321  11-14  2.401686321
       ( 1.089452070)       ( 1.270917664)       ( 1.270917664)

 Bond angles

  1-2-3  110.62404764   1-2-4  107.61639359   1-2-5  110.62404764   2-1-6  113.66257614

  2-1-7  112.17453951   2-1-8  112.17453951   3-2-4  109.15139688   3-2-5  109.62678271

  4-2-5  109.15139688   6-1-7  113.36129566   6-1-8  113.36129566   7-1-8   89.95069909

  9-11-13  117.34962947   9-11-14  117.34962947  10- 9-11  110.47138453  10- 9-12  111.10337630

 10- 9-15  108.20498303  11- 9-12  110.47138453  11- 9-15  108.28393859  12- 9-15  108.20498303

 13-11-14  125.28566955

 NUCLEAR CHARGE:                   19
 NUMBER OF PRIMITIVE AOS:         321
 NUMBER OF SYMMETRY AOS:          309
 NUMBER OF CONTRACTIONS:          219   ( 219A   )
 NUMBER OF CORE ORBITALS:           2   (   2A   )
 NUMBER OF VALENCE ORBITALS:       14   (  14A   )

 MOLECULE CHANGED: INITIALIZING OCCUPATION AND DUMP RECORDS


 NUCLEAR REPULSION ENERGY   47.81947017


 Eigenvalues of metric

         1 0.275E-04 0.135E-03 0.146E-03 0.388E-03 0.450E-03 0.484E-03 0.515E-03 0.572E-03


 OPERATOR DM      FOR CENTER  0  COORDINATES:    0.000000    0.000000    0.000000


 **********************************************************************************************************************************
 DATASETS  * FILE   NREC   LENGTH (MB)   RECORD NAMES
              1      18        9.56       500      610      700      900      950      970     1000      129      960     1100   
                                          VAR    BASINP    GEOM    SYMINP    ZMAT    AOBASIS   BASIS     P2S    ABASIS      S 
                                         1400     1410     1200     1210     1080     1600     1650     1700   
                                           T        V       H0       H01     AOSYM     SMH    MOLCAS    OPER   

              2       4        1.72       700     1000      520     2100   
                                         GEOM     BASIS   MCVARS     RHF  

 PROGRAMS   *        TOTAL       INT       MP2        HF       INT
 CPU TIMES  *         6.83      0.28      0.73      5.39      0.26
 REAL TIME  *        50.72 SEC
 DISK USED  *       173.22 MB      
 SF USED    *        60.36 MB      
 GA USED    *         3.20 MB       (max)       0.00 MB       (current)
 **********************************************************************************************************************************

1PROGRAM * RHF-SCF (CLOSED SHELL)       Authors: W. Meyer, H.-J. Werner


 NUMBER OF ELECTRONS:       9+    9-    SPACE SYMMETRY=1    SPIN SYMMETRY: Singlet 
 CONVERGENCE THRESHOLDS:    1.00E-05 (Density)    1.00E-07 (Energy)
 INTEGRAL THRESHOLDS:       1.00E-11 (Initial)    1.00E-11 (Final)
 MAX. NUMBER OF ITERATIONS:       60
 INTERPOLATION TYPE:            DIIS
 INTERPOLATION STEPS:              2 (START)      1 (STEP)
 LEVEL SHIFTS:                  0.00 (CLOSED)  0.00 (OPEN) 



 
 Basis set CC-PVDZ/JKFIT generated.      Number of basis functions:   627 
 
 Orbital guess generated from atomic densities. Full valence occupancy:   16
 Coulomb and exchange fitting
 Thresholds for fitting:       THRAO_COUL= 1.0D-14    THRAO_EXCH= 1.0D-12    THRMO= 1.0D-11    THRPROD= 1.0D-11    THRASM= 1.0D-11
                               THR2HLF=    1.0D-11

 Molecular orbital dump at record        2101.2

 ITERATION   DDIFF            GRAD            ENERGY        2-EL.EN.            DIPOLE MOMENTS         DIIS   CPU(IT)  CPU(TOT)  ORB.
    1      0.000D+00      0.000D+00       -95.52474241    146.927721   -0.48581   -2.98116   -0.00000    0      0.9      3.0     start
    2      0.000D+00      0.424D-02       -95.56785010    149.694545   -0.07447   -3.26052   -0.00000    1      0.3      3.2     diag
    3      0.494D-02      0.183D-02       -95.57342598    148.661563   -0.07938   -3.29106   -0.00000    2      0.2      3.4     diag
    4      0.183D-02      0.543D-03       -95.57415741    148.892339   -0.04697   -3.30280    0.00000    3      0.2      3.6     diag
    5      0.568D-03      0.847D-04       -95.57418884    148.895371   -0.04086   -3.31056    0.00000    4      0.2      3.8     diag
    6      0.115D-03      0.184D-04       -95.57419035    148.896607   -0.03895   -3.31091    0.00000    5      0.2      4.1     diag
    7      0.274D-04      0.377D-05       -95.57419041    148.895455   -0.03871   -3.31130    0.00000    6      0.2      4.3     diag
    8      0.524D-05      0.969D-06       -95.57419041    148.895777   -0.03866   -3.31130    0.00000    0      0.2      4.4     orth

 Final occupancy:   9

 !RHF STATE 1.1 Energy                -95.574190412330
 Nuclear energy                        47.81947017
 One-electron energy                 -217.84154922
 Two-electron energy                   74.44788863
 Virial quotient                       -1.00306496
 !RHF STATE 1.1 Dipole moment          -0.03866045    -3.31129994     0.00000000
 Dipole moment /Debye                  -0.09825863    -8.41593371     0.00000000

 Orbital energies:

         1.1          2.1          3.1          4.1          5.1          6.1          7.1          8.1          9.1         10.1
    -15.927702   -11.492244    -1.520486    -1.174631    -1.006018    -0.933980    -0.876246    -0.777160    -0.764418    -0.131367

        11.1
     -0.088176

 HOMO      9.1    -0.764418 =     -20.8009eV
 LUMO     10.1    -0.131367 =      -3.5747eV
 LUMO-HOMO         0.633051 =      17.2262eV


 **********************************************************************************************************************************
 DATASETS  * FILE   NREC   LENGTH (MB)   RECORD NAMES
              1      18        9.56       500      610      700      900      950      970     1000      129      960     1100   
                                          VAR    BASINP    GEOM    SYMINP    ZMAT    AOBASIS   BASIS     P2S    ABASIS      S 
                                         1400     1410     1200     1210     1080     1600     1650     1700   
                                           T        V       H0       H01     AOSYM     SMH    MOLCAS    OPER   

              2       5        3.68       700     1000      520     2100     2101   
                                         GEOM     BASIS   MCVARS     RHF      RHF  

 PROGRAMS   *        TOTAL        HF       INT       MP2        HF       INT
 CPU TIMES  *        11.33      4.50      0.28      0.73      5.39      0.26
 REAL TIME  *       115.43 SEC
 DISK USED  *       194.48 MB      
 SF USED    *        60.36 MB      
 GA USED    *         3.20 MB       (max)       0.00 MB       (current)
 **********************************************************************************************************************************
 SETTING E_RHF_A        =    -59973.72199597  KCAL/MOL                        


1PROGRAM * MP2 (Closed-shell)     Authors: C. Hampel, H.-J. Werner, 1991, M. Deegan, P.J. Knowles, 1992

 Basis set AUG-CC-PVDZ/MP2FIT generated. Number of basis functions:   639 

 Convergence thresholds:  THRVAR = 1.00D-08  THRDEN = 1.00D-06

 Number of core orbitals:           2 (   2 )
 Number of closed-shell orbitals:   7 (   7 )
 Number of external orbitals:     210 ( 210 )

 Molecular orbitals read from record     2101.2  Type=RHF/CANONICAL (state 1.1)
 

 Entering DF-MP2

 Thresholds:    THRAO= 0.100D-09    THRMO= 0.100D-08    THROV= 0.100D-11

 Fitting basis: AUG-CC-PVDZ-MP2F
 Number of fitting functions:                 639
 Number of blocks in AO basis:                  4
 Minimum block size:                           50
 Maximum block size:                           69
 Average block size:                           55
 Number of groups in AO basis:                 72
 Number of shells in AO basis:                165

 Using large memory version DFMP2B. NIBTK= 1  NGPU= 0  IGPU= 0

 para=T  nprocs= 12  mpptyp=0  number of tasks=  45

 Minimum memory with paging:                  1.34 MW
 Minimum memory for incore assembly:          1.34 MW
 Maximum memory for incore algorithm:         1.74 MW
 Memory for 3-index integrals:                0.00 MW

 Disk space for H1-integrals:                 7.98 MB (   315 records)
 
 CPU time for half transformed integrals      0.08 sec, elapsed time      0.08 sec
 CPU time for assembly                        0.02 sec, elapsed time      0.03 sec (5680.1 MFLOP/sec)
 Total CPU time                               0.47 sec, elapsed time      0.72 sec

 SCS-MP2 correlation energy:           -0.342175343320   (PS=  1.200000  PT=  0.333333)
 SCS-MP2 total energy:                -95.916365755650

 Norm of first-order wave function:     0.081209252674
 Coefficient of reference function:     0.961712195088

  Reference energy                    -95.574190412330
  MP2 singlet pair energy              -0.227328596562
  MP2 triplet pair energy              -0.111505222681
  MP2 correlation energy               -0.338833819243

 !MP2 total energy                    -95.913024231573


 **********************************************************************************************************************************
 DATASETS  * FILE   NREC   LENGTH (MB)   RECORD NAMES
              1      18        9.56       500      610      700      900      950      970     1000      129      960     1100   
                                          VAR    BASINP    GEOM    SYMINP    ZMAT    AOBASIS   BASIS     P2S    ABASIS      S 
                                         1400     1410     1200     1210     1080     1600     1650     1700   
                                           T        V       H0       H01     AOSYM     SMH    MOLCAS    OPER   

              2       5        3.68       700     1000      520     2100     2101   
                                         GEOM     BASIS   MCVARS     RHF      RHF  

 PROGRAMS   *        TOTAL       MP2        HF       INT       MP2        HF       INT
 CPU TIMES  *        11.93      0.60      4.50      0.28      0.73      5.39      0.26
 REAL TIME  *       116.38 SEC
 DISK USED  *       194.48 MB      
 SF USED    *        60.36 MB      
 GA USED    *         3.20 MB       (max)       0.00 MB       (current)
 **********************************************************************************************************************************
 SETTING E_CORR_A       =    -60186.34347034  KCAL/MOL                        
 SETTING E_A            =      -212.62147438  KCAL/MOL                        
 SETTING CHARGE         =        -1.00000000                                  

 Dummy atoms: N0  C1  H2  H3  H4  H5  H6  H7


 Recomputing one-electron integrals since nuclear charges changed

1PROGRAM * SEWARD (Integral evaluation for generally contracted gaussian basis sets)     Author: Roland Lindh, 1990

 Geometry written to block  1 of record 700


 Point group  C1  



 ATOMIC COORDINATES

 NR  ATOM    CHARGE       X              Y              Z

   1  N0      0.00   -0.460465106   -3.315289708    0.000000000
   2  C1      0.00    1.987680753   -4.620520241    0.000000000
   3  H2      0.00    2.185171436   -5.786116024    1.676718725
   4  H3      0.00    3.455359084   -3.187308967    0.000000000
   5  H4      0.00    2.185171436   -5.786116024   -1.676718725
   6  H5      0.00   -1.961316914   -4.499446784    0.000000000
   7  H6      0.00   -0.566765137   -1.860932063   -1.456983022
   8  H7      0.00   -0.566765137   -1.860932063    1.456983022
   9  C8      6.00   -0.465096245    5.206102980    0.000000000
  10  H9      1.00    0.447831069    5.922254944    1.691522690
  11  C10     6.00   -0.468995850    2.349265703    0.000000000
  12  H11     1.00    0.447831069    5.922254944   -1.691522690
  13  O12     8.00   -0.495385839    1.245920128   -2.133079768
  14  O13     8.00   -0.495385839    1.245920128    2.133079768
  15  H14     1.00   -2.419038853    5.854659776    0.000000000

 Bond lengths in Bohr (Angstrom)

 1-2  2.774354860  1-6  1.911748972  1-7  2.061372208  1-8  2.061372208  2-3  2.051585187
     ( 1.468125362)     ( 1.011653985)     ( 1.090831192)     ( 1.090831192)     ( 1.085652124)

  2- 4  2.051383494   2- 5  2.051585187   9-10  2.051233513   9-11  2.856839939   9-12  2.051233513
       ( 1.085545392)       ( 1.085652124)       ( 1.085466025)       ( 1.511774586)       ( 1.085466025)

  9-15  2.058766046  11-13  2.401686321  11-14  2.401686321
       ( 1.089452070)       ( 1.270917664)       ( 1.270917664)

 Bond angles

  1-2-3  110.62404764   1-2-4  107.61639359   1-2-5  110.62404764   2-1-6  113.66257614

  2-1-7  112.17453951   2-1-8  112.17453951   3-2-4  109.15139688   3-2-5  109.62678271

  4-2-5  109.15139688   6-1-7  113.36129566   6-1-8  113.36129566   7-1-8   89.95069909

  9-11-13  117.34962947   9-11-14  117.34962947  10- 9-11  110.47138453  10- 9-12  111.10337630

 10- 9-15  108.20498303  11- 9-12  110.47138453  11- 9-15  108.28393859  12- 9-15  108.20498303

 13-11-14  125.28566955

 NUCLEAR CHARGE:                   31
 NUMBER OF PRIMITIVE AOS:         321
 NUMBER OF SYMMETRY AOS:          309
 NUMBER OF CONTRACTIONS:          219   ( 219A   )
 NUMBER OF CORE ORBITALS:           4   (   4A   )
 NUMBER OF VALENCE ORBITALS:       19   (  19A   )

 MOLECULE CHANGED: INITIALIZING OCCUPATION AND DUMP RECORDS


 NUCLEAR REPULSION ENERGY  111.93319492


 Eigenvalues of metric

         1 0.275E-04 0.135E-03 0.146E-03 0.388E-03 0.450E-03 0.484E-03 0.515E-03 0.572E-03


 OPERATOR DM      FOR CENTER  0  COORDINATES:    0.000000    0.000000    0.000000


 **********************************************************************************************************************************
 DATASETS  * FILE   NREC   LENGTH (MB)   RECORD NAMES
              1      18        9.56       500      610      700      900      950      970     1000      129      960     1100   
                                          VAR    BASINP    GEOM    SYMINP    ZMAT    AOBASIS   BASIS     P2S    ABASIS      S 
                                         1400     1410     1200     1210     1080     1600     1650     1700   
                                           T        V       H0       H01     AOSYM     SMH    MOLCAS    OPER   

              2       5        3.68       700     1000      520     2100     2101   
                                         GEOM     BASIS   MCVARS     RHF      RHF  

 PROGRAMS   *        TOTAL       INT       MP2        HF       INT       MP2        HF       INT
 CPU TIMES  *        12.07      0.13      0.60      4.50      0.28      0.73      5.39      0.26
 REAL TIME  *       117.29 SEC
 DISK USED  *       194.48 MB      
 SF USED    *        60.36 MB      
 GA USED    *         3.20 MB       (max)       0.00 MB       (current)
 **********************************************************************************************************************************

1PROGRAM * RHF-SCF (CLOSED SHELL)       Authors: W. Meyer, H.-J. Werner


 NUMBER OF ELECTRONS:      16+   16-    SPACE SYMMETRY=1    SPIN SYMMETRY: Singlet 
 CONVERGENCE THRESHOLDS:    1.00E-05 (Density)    1.00E-07 (Energy)
 INTEGRAL THRESHOLDS:       1.00E-11 (Initial)    1.00E-11 (Final)
 MAX. NUMBER OF ITERATIONS:       60
 INTERPOLATION TYPE:            DIIS
 INTERPOLATION STEPS:              2 (START)      1 (STEP)
 LEVEL SHIFTS:                  0.00 (CLOSED)  0.00 (OPEN) 



 
 Basis set CC-PVDZ/JKFIT generated.      Number of basis functions:   627 
 
 Orbital guess generated from atomic densities. Full valence occupancy:   23
 Coulomb and exchange fitting
 Thresholds for fitting:       THRAO_COUL= 1.0D-14    THRAO_EXCH= 1.0D-12    THRMO= 1.0D-11    THRPROD= 1.0D-11    THRASM= 1.0D-11
                               THR2HLF=    1.0D-11

 Molecular orbital dump at record        2102.2

 ITERATION   DDIFF            GRAD            ENERGY        2-EL.EN.            DIPOLE MOMENTS         DIIS   CPU(IT)  CPU(TOT)  ORB.
    1      0.000D+00      0.000D+00      -227.13517313    409.317820    0.46322   -0.09388    0.00000    0      0.8      2.9     start
    2      0.000D+00      0.674D-02      -227.22001070    400.344900    0.49220   -1.19990    0.00000    1      0.3      3.2     diag
    3      0.984D-02      0.477D-02      -227.27113081    403.220290    0.49793   -0.89322    0.00000    2      0.3      3.4     diag
    4      0.372D-02      0.478D-03      -227.27237840    403.366092    0.49697   -0.91172    0.00000    3      0.2      3.6     diag
    5      0.975D-03      0.155D-03      -227.27252225    403.232667    0.49908   -0.90616    0.00000    4      0.2      3.8     diag
    6      0.250D-03      0.352D-04      -227.27253132    403.253897    0.49941   -0.90485    0.00000    5      0.2      4.0     diag
    7      0.849D-04      0.707D-05      -227.27253178    403.250303    0.49940   -0.90433   -0.00000    6      0.2      4.3     diag
    8      0.193D-04      0.163D-05      -227.27253180    403.251550    0.49943   -0.90424    0.00000    7      0.2      4.5     diag
    9      0.422D-05      0.537D-06      -227.27253180    403.251078    0.49943   -0.90428   -0.00000    0      0.2      4.7     orth

 Final occupancy:  16

 !RHF STATE 1.1 Energy               -227.272531798626
 Nuclear energy                       111.93319492
 One-electron energy                 -540.83126562
 Two-electron energy                  201.62553891
 Virial quotient                       -1.00145914
 !RHF STATE 1.1 Dipole moment           0.49943005    -0.90427714    -0.00000000
 Dipole moment /Debye                   1.26934144    -2.29829269    -0.00000000

 Orbital energies:

         1.1          2.1          3.1          4.1          5.1          6.1          7.1          8.1          9.1         10.1
    -20.293331   -20.293298   -11.138100   -11.053445    -1.155796    -1.050948    -0.805769    -0.514922    -0.420228    -0.416778

        11.1         12.1         13.1         14.1         15.1         16.1         17.1         18.1
     -0.411660    -0.354328    -0.309230    -0.198149    -0.193236    -0.180874     0.123856     0.144368

 HOMO     16.1    -0.180874 =      -4.9218eV
 LUMO     17.1     0.123856 =       3.3703eV
 LUMO-HOMO         0.304730 =       8.2921eV


 **********************************************************************************************************************************
 DATASETS  * FILE   NREC   LENGTH (MB)   RECORD NAMES
              1      18        9.56       500      610      700      900      950      970     1000      129      960     1100   
                                          VAR    BASINP    GEOM    SYMINP    ZMAT    AOBASIS   BASIS     P2S    ABASIS      S 
                                         1400     1410     1200     1210     1080     1600     1650     1700   
                                           T        V       H0       H01     AOSYM     SMH    MOLCAS    OPER   

              2       6        5.64       700     1000      520     2100     2101     2102   
                                         GEOM     BASIS   MCVARS     RHF      RHF      RHF  

 PROGRAMS   *        TOTAL        HF       INT       MP2        HF       INT       MP2        HF       INT
 CPU TIMES  *        16.75      4.68      0.13      0.60      4.50      0.28      0.73      5.39      0.26
 REAL TIME  *       191.14 SEC
 DISK USED  *       220.36 MB      
 SF USED    *        60.36 MB      
 GA USED    *         3.20 MB       (max)       0.00 MB       (current)
 **********************************************************************************************************************************
 SETTING E_RHF_B        =    ***************  KCAL/MOL                        


1PROGRAM * MP2 (Closed-shell)     Authors: C. Hampel, H.-J. Werner, 1991, M. Deegan, P.J. Knowles, 1992

 Basis set AUG-CC-PVDZ/MP2FIT generated. Number of basis functions:   639 

 Convergence thresholds:  THRVAR = 1.00D-08  THRDEN = 1.00D-06

 Number of core orbitals:           4 (   4 )
 Number of closed-shell orbitals:  12 (  12 )
 Number of external orbitals:     203 ( 203 )

 Molecular orbitals read from record     2102.2  Type=RHF/CANONICAL (state 1.1)
 

 Entering DF-MP2

 Thresholds:    THRAO= 0.100D-09    THRMO= 0.100D-08    THROV= 0.100D-11

 Fitting basis: AUG-CC-PVDZ-MP2F
 Number of fitting functions:                 639
 Number of blocks in AO basis:                  4
 Minimum block size:                           50
 Maximum block size:                           69
 Average block size:                           55
 Number of groups in AO basis:                 72
 Number of shells in AO basis:                165

 Using large memory version DFMP2B. NIBTK= 1  NGPU= 0  IGPU= 0

 para=T  nprocs= 12  mpptyp=0  number of tasks=  45

 Minimum memory with paging:                  1.33 MW
 Minimum memory for incore assembly:          1.60 MW
 Maximum memory for incore algorithm:         2.45 MW
 Memory for 3-index integrals:                0.00 MW

 Disk space for H1-integrals:                13.68 MB (   540 records)
 
 CPU time for half transformed integrals      0.09 sec, elapsed time      0.09 sec
 CPU time for assembly                        0.10 sec, elapsed time      0.13 sec (6900.0 MFLOP/sec)
 Total CPU time                               0.52 sec, elapsed time      0.59 sec

 SCS-MP2 correlation energy:           -0.671487496216   (PS=  1.200000  PT=  0.333333)
 SCS-MP2 total energy:               -227.944019294843

 Norm of first-order wave function:     0.157737459786
 Coefficient of reference function:     0.929383498594

  Reference energy                   -227.272531798627
  MP2 singlet pair energy              -0.415870945174
  MP2 triplet pair energy              -0.277139510368
  MP2 correlation energy               -0.693010455543

 !MP2 total energy                   -227.965542254170


 **********************************************************************************************************************************
 DATASETS  * FILE   NREC   LENGTH (MB)   RECORD NAMES
              1      18        9.56       500      610      700      900      950      970     1000      129      960     1100   
                                          VAR    BASINP    GEOM    SYMINP    ZMAT    AOBASIS   BASIS     P2S    ABASIS      S 
                                         1400     1410     1200     1210     1080     1600     1650     1700   
                                           T        V       H0       H01     AOSYM     SMH    MOLCAS    OPER   

              2       6        5.64       700     1000      520     2100     2101     2102   
                                         GEOM     BASIS   MCVARS     RHF      RHF      RHF  

 PROGRAMS   *        TOTAL       MP2        HF       INT       MP2        HF       INT       MP2        HF       INT
 CPU TIMES  *        17.40      0.65      4.68      0.13      0.60      4.50      0.28      0.73      5.39      0.26
 REAL TIME  *       191.96 SEC
 DISK USED  *       220.36 MB      
 SF USED    *        60.36 MB      
 GA USED    *         3.20 MB       (max)       0.00 MB       (current)
 **********************************************************************************************************************************
 SETTING E_CORR_B       =    ***************  KCAL/MOL                        
 SETTING E_B            =      -434.87071375  KCAL/MOL                        
 SETTING E_RHF_CP       =      -137.09533360  KCAL/MOL                        
 SETTING E_CORR_CP      =        -3.49899086  KCAL/MOL                        

        DF-MP2          DF-HF           DF-MP2          DF-HF           DF-MP2          DF-HF   
   -227.96554225   -227.27253180    -95.91302423    -95.57419041   -324.10261776   -323.06519749
 **********************************************************************************************************************************
 Variable memory released
