
 Primary working directories    : /scratch/1723610.phoenix.chem.wisc.edu
 Secondary working directories  : /scratch/1723610.phoenix.chem.wisc.edu
 Wavefunction directory         : /scratch/1723610.phoenix.chem.wisc.edu/
 Main file repository           : /scratch/1723610.phoenix.chem.wisc.edu/

 SHA1      : 65e45729fe3f963b0eb97374e3bda9949063ef0f
 NAME      : 2012.1.17
 ARCHNAME  : Linux/x86_64
 FC        : /opt/intel/composer_xe_2013.5.192/bin/intel64/ifort
 FCVERSION : 13.1.3
 BLASLIB   : -L/opt/intel/composer_xe_2013.5.192/mkl/lib/intel64 -lmkl_intel_ilp64 -lmkl_sequential -lmkl_core
 id        : cuichemwisc

 Nodes             nprocs
 compute-1-31.local   12
 ga_uses_ma=false, calling ma_init with nominal heap.
 GA-space will be limited to   8.0 MW (determined by -G option)

 Using customized tuning parameters: mindgm=1; mindgv=20; mindgc=4; mindgr=1; noblas=0; minvec=7
 default implementation of scratch files=sf  

 geomtyp=xyz
 geometry={
 15
  N0         -0.243667639400      -1.754375754500       0.000000000000
  C1          1.051835353300      -2.445074005300       0.000000000000
  H2          1.156342921500      -3.061880728700       0.887281335000
  H3          1.828497275900      -1.686651263200       0.000000000000
  H4          1.156342921500      -3.061880728700      -0.887281335000
  H5         -1.037884210400      -2.381004691100       0.000000000000
  H6         -0.299919193300      -0.984762835500      -0.771002209100
  H7         -0.299919193300      -0.984762835500       0.771002209100
  C8         -0.186820606409       2.431620088843       0.000000000000
  H9          0.296279721191       2.810591385943       0.895115256100
  C10        -0.188884188509       0.919846911743       0.000000000000
  H11         0.296279721191       2.810591385943      -0.895115256100
  O12        -0.202849169609       0.335981579843      -1.128777198300
  O13        -0.202849169609       0.335981579843       1.128777198300
  H14        -1.220802502409       2.774821563643       0.000000000000
 }
 
 
 basis=avtz
 
                                                                                 ! Complex
 set,charge=0
 
 df-hf
 e_rhf_c = energy*tokcal
 df-mp2
 e_corr_c = energy*tokcal
 e_c = e_corr_c - e_rhf_c
 
 
                                                                                 ! Monomer 1
 set,charge=1
 dummy,C8,H9,C10,H11,O12,O13,H14
 
 df-hf
 e_rhf_a = energy*tokcal
 df-mp2
 e_corr_a = energy*tokcal
 e_a = e_corr_a - e_rhf_a
 
 
                                                                                 ! Monomer 2
 set,charge=-1
 dummy,N0,C1,H2,H3,H4,H5,H6,H7
 
 df-hf
 e_rhf_b = energy*tokcal
 df-mp2
 e_corr_b = energy*tokcal
 e_b = e_corr_b - e_rhf_b
 
 
 e_rhf_cp = e_rhf_c - (e_rhf_a + e_rhf_b)
 e_corr_cp = e_c - (e_a + e_b)

 Variables initialized (782), CPU time= 0.00 sec
 Commands  initialized (547), CPU time= 0.01 sec, 517 directives.
 Default parameters read. Elapsed time= 0.12 sec

 Checking input...
 Passed
1


                                         ***  PROGRAM SYSTEM MOLPRO  ***
                         Copyright, University College Cardiff Consultants Limited, 2008

                                    Version 2012.1 linked Oct 11 2014 15:40:16


 **********************************************************************************************************************************
 LABEL *                                                                                 
 Linux-2.6.18-308.el5/compute-1-31.local(x86_64) 64 bit mpp version                      DATE: 12-Dec-14          TIME: 06:11:47  
 **********************************************************************************************************************************

 SHA1:             65e45729fe3f963b0eb97374e3bda9949063ef0f
 **********************************************************************************************************************************
 SETTING GEOMTYP        =    XYZ

 Turning off symmetry in density fitting calculation
 To re-enable, use 'set,zsymel=auto'


 Variable memory set to  350000000 words,  buffer space   230000 words

 SETTING BASIS          =    AVTZ
 SETTING CHARGE         =         0.00000000                                  


 Recomputing integrals since basis changed


 Using spherical harmonics

 Library entry N      S aug-cc-pVTZ          selected for orbital group  1
 Library entry N      P aug-cc-pVTZ          selected for orbital group  1
 Library entry N      D aug-cc-pVTZ          selected for orbital group  1
 Library entry N      F aug-cc-pVTZ          selected for orbital group  1
 Library entry C      S aug-cc-pVTZ          selected for orbital group  2
 Library entry C      P aug-cc-pVTZ          selected for orbital group  2
 Library entry C      D aug-cc-pVTZ          selected for orbital group  2
 Library entry C      F aug-cc-pVTZ          selected for orbital group  2
 Library entry H      S aug-cc-pVTZ          selected for orbital group  3
 Library entry H      P aug-cc-pVTZ          selected for orbital group  3
 Library entry H      D aug-cc-pVTZ          selected for orbital group  3
 Library entry O      S aug-cc-pVTZ          selected for orbital group  8
 Library entry O      P aug-cc-pVTZ          selected for orbital group  8
 Library entry O      D aug-cc-pVTZ          selected for orbital group  8
 Library entry O      F aug-cc-pVTZ          selected for orbital group  8

1PROGRAM * SEWARD (Integral evaluation for generally contracted gaussian basis sets)     Author: Roland Lindh, 1990

 Geometry written to block  1 of record 700


 Point group  C1  



 ATOMIC COORDINATES

 NR  ATOM    CHARGE       X              Y              Z

   1  N0      7.00   -0.460465106   -3.315289708    0.000000000
   2  C1      6.00    1.987680753   -4.620520241    0.000000000
   3  H2      1.00    2.185171436   -5.786116024    1.676718725
   4  H3      1.00    3.455359084   -3.187308967    0.000000000
   5  H4      1.00    2.185171436   -5.786116024   -1.676718725
   6  H5      1.00   -1.961316914   -4.499446784    0.000000000
   7  H6      1.00   -0.566765137   -1.860932063   -1.456983022
   8  H7      1.00   -0.566765137   -1.860932063    1.456983022
   9  C8      6.00   -0.353039782    4.595096024    0.000000000
  10  H9      1.00    0.559887531    5.311247987    1.691522690
  11  C10     6.00   -0.356939387    1.738258746    0.000000000
  12  H11     1.00    0.559887531    5.311247987   -1.691522690
  13  O12     8.00   -0.383329377    0.634913171   -2.133079768
  14  O13     8.00   -0.383329377    0.634913171    2.133079768
  15  H14     1.00   -2.306982390    5.243652819    0.000000000

 Bond lengths in Bohr (Angstrom)

 1-2  2.774354860  1-6  1.911748972  1-7  2.061372208  1-8  2.061372208  2-3  2.051585187
     ( 1.468125362)     ( 1.011653985)     ( 1.090831192)     ( 1.090831192)     ( 1.085652124)

  2- 4  2.051383494   2- 5  2.051585187   9-10  2.051233513   9-11  2.856839939   9-12  2.051233513
       ( 1.085545392)       ( 1.085652124)       ( 1.085466025)       ( 1.511774586)       ( 1.085466025)

  9-15  2.058766046  11-13  2.401686321  11-14  2.401686321
       ( 1.089452070)       ( 1.270917664)       ( 1.270917664)

 Bond angles

  1-2-3  110.62404764   1-2-4  107.61639359   1-2-5  110.62404764   2-1-6  113.66257614

  2-1-7  112.17453951   2-1-8  112.17453951   3-2-4  109.15139688   3-2-5  109.62678271

  4-2-5  109.15139688   6-1-7  113.36129566   6-1-8  113.36129566   7-1-8   89.95069909

  9-11-13  117.34962947   9-11-14  117.34962947  10- 9-11  110.47138453  10- 9-12  111.10337630

 10- 9-15  108.20498303  11- 9-12  110.47138453  11- 9-15  108.28393859  12- 9-15  108.20498303

 13-11-14  125.28566955

 NUCLEAR CHARGE:                   50
 NUMBER OF PRIMITIVE AOS:         645
 NUMBER OF SYMMETRY AOS:          573
 NUMBER OF CONTRACTIONS:          483   ( 483A   )
 NUMBER OF CORE ORBITALS:           6   (   6A   )
 NUMBER OF VALENCE ORBITALS:       33   (  33A   )


 NUCLEAR REPULSION ENERGY  259.47640130


 Eigenvalues of metric

         1 0.928E-05 0.115E-04 0.132E-04 0.167E-04 0.321E-04 0.322E-04 0.400E-04 0.464E-04


 OPERATOR DM      FOR CENTER  0  COORDINATES:    0.000000    0.000000    0.000000


 **********************************************************************************************************************************
 DATASETS  * FILE   NREC   LENGTH (MB)   RECORD NAMES
              1      18       16.33       500      610      700      900      950      970     1000      129      960     1100   
                                          VAR    BASINP    GEOM    SYMINP    ZMAT    AOBASIS   BASIS     P2S    ABASIS      S 
                                         1400     1410     1200     1210     1080     1600     1650     1700   
                                           T        V       H0       H01     AOSYM     SMH    MOLCAS    OPER   

 PROGRAMS   *        TOTAL       INT
 CPU TIMES  *         0.88      0.75
 REAL TIME  *         1.16 SEC
 DISK USED  *         0.00 MB      
 GA USED    *         0.01 MB       (max)       0.00 MB       (current)
 **********************************************************************************************************************************

1PROGRAM * RHF-SCF (CLOSED SHELL)       Authors: W. Meyer, H.-J. Werner


 NUMBER OF ELECTRONS:      25+   25-    SPACE SYMMETRY=1    SPIN SYMMETRY: Singlet 
 CONVERGENCE THRESHOLDS:    1.00E-05 (Density)    1.00E-07 (Energy)
 INTEGRAL THRESHOLDS:       1.00E-11 (Initial)    1.00E-11 (Final)
 MAX. NUMBER OF ITERATIONS:       60
 INTERPOLATION TYPE:            DIIS
 INTERPOLATION STEPS:              2 (START)      1 (STEP)
 LEVEL SHIFTS:                  0.00 (CLOSED)  0.00 (OPEN) 



 
 Basis set CC-PVTZ/JKFIT generated.      Number of basis functions:   744 
 
 Orbital guess generated from atomic densities. Full valence occupancy:   39
 Coulomb and exchange fitting
 Thresholds for fitting:       THRAO_COUL= 1.0D-14    THRAO_EXCH= 1.0D-12    THRMO= 1.0D-11    THRPROD= 1.0D-11    THRASM= 1.0D-11
                               THR2HLF=    1.0D-11

 Molecular orbital dump at record        2100.2

 ITERATION   DDIFF            GRAD            ENERGY        2-EL.EN.            DIPOLE MOMENTS         DIIS   CPU(IT)  CPU(TOT)  ORB.
    1      0.000D+00      0.000D+00      -323.01199243    750.392602   -0.14953   -1.22673    0.00000    0      1.5      6.2     start
    2      0.000D+00      0.344D-02      -323.09876150    745.821553    0.06948   -1.29174    0.00000    1      1.4      7.7     diag
    3      0.388D-02      0.212D-02      -323.13255822    747.537394    0.04517   -1.20750    0.00000    2      0.9      8.6     diag
    4      0.137D-02      0.347D-03      -323.13451000    747.568833    0.04601   -1.22371    0.00000    3      0.9      9.5     diag
    5      0.464D-03      0.849D-04      -323.13465592    747.491247    0.05355   -1.21782    0.00000    4      0.9     10.4     diag
    6      0.115D-03      0.251D-04      -323.13466908    747.502713    0.05522   -1.21826    0.00000    5      0.9     11.3     diag
    7      0.402D-04      0.514D-05      -323.13466965    747.502055    0.05521   -1.21848    0.00000    6      0.9     12.2     diag
    8      0.743D-05      0.158D-05      -323.13466970    747.502192    0.05544   -1.21837    0.00000    7      0.9     13.1     diag
    9      0.214D-05      0.551D-06      -323.13466970    747.502198    0.05543   -1.21839    0.00000    0      0.9     14.0     orth

 Final occupancy:  25

 !RHF STATE 1.1 Energy               -323.134669704791
 Nuclear energy                       259.47640130
 One-electron energy                 -956.36216992
 Two-electron energy                  373.75109892
 Virial quotient                       -1.00068438
 !RHF STATE 1.1 Dipole moment           0.05543457    -1.21838780     0.00000000
 Dipole moment /Debye                   0.14089139    -3.09663007     0.00000000

 Orbital energies:

         1.1          2.1          3.1          4.1          5.1          6.1          7.1          8.1          9.1         10.1
    -20.513349   -20.513316   -15.589747   -11.351796   -11.273818   -11.211676    -1.408344    -1.297034    -1.239316    -0.986863

        11.1         12.1         13.1         14.1         15.1         16.1         17.1         18.1         19.1         20.1
     -0.943872    -0.769759    -0.722822    -0.713172    -0.645455    -0.622363    -0.608361    -0.602010    -0.560977    -0.548385

        21.1         22.1         23.1         24.1         25.1         26.1         27.1
     -0.532843    -0.518208    -0.427573    -0.419264    -0.409664     0.022664     0.037661

 HOMO     25.1    -0.409664 =     -11.1475eV
 LUMO     26.1     0.022664 =       0.6167eV
 LUMO-HOMO         0.432329 =      11.7643eV


 **********************************************************************************************************************************
 DATASETS  * FILE   NREC   LENGTH (MB)   RECORD NAMES
              1      18       16.33       500      610      700      900      950      970     1000      129      960     1100   
                                          VAR    BASINP    GEOM    SYMINP    ZMAT    AOBASIS   BASIS     P2S    ABASIS      S 
                                         1400     1410     1200     1210     1080     1600     1650     1700   
                                           T        V       H0       H01     AOSYM     SMH    MOLCAS    OPER   

              2       4        6.22       700     1000      520     2100   
                                         GEOM     BASIS   MCVARS     RHF  

 PROGRAMS   *        TOTAL        HF       INT
 CPU TIMES  *        15.66     14.77      0.75
 REAL TIME  *        61.65 SEC
 DISK USED  *       451.40 MB      
 SF USED    *        79.84 MB      
 GA USED    *         3.20 MB       (max)       0.00 MB       (current)
 **********************************************************************************************************************************
 SETTING E_RHF_C        =    ***************  KCAL/MOL                        


1PROGRAM * MP2 (Closed-shell)     Authors: C. Hampel, H.-J. Werner, 1991, M. Deegan, P.J. Knowles, 1992

 Basis set AUG-CC-PVTZ/MP2FIT generated. Number of basis functions:   1050 

 Convergence thresholds:  THRVAR = 1.00D-08  THRDEN = 1.00D-06

 Number of core orbitals:           6 (   6 )
 Number of closed-shell orbitals:  19 (  19 )
 Number of external orbitals:     458 ( 458 )

 Molecular orbitals read from record     2100.2  Type=RHF/CANONICAL (state 1.1)
 

 Entering DF-MP2

 Thresholds:    THRAO= 0.100D-09    THRMO= 0.100D-08    THROV= 0.100D-11

 Fitting basis: AUG-CC-PVTZ-MP2F
 Number of fitting functions:                1050
 Number of blocks in AO basis:                  4
 Minimum block size:                          115
 Maximum block size:                          138
 Average block size:                          121
 Number of groups in AO basis:                117
 Number of shells in AO basis:                231

 Using large memory version DFMP2B. NIBTK= 1  NGPU= 0  IGPU= 0

 para=T  nprocs= 12  mpptyp=0  number of tasks=  35

 Minimum memory with paging:                  2.73 MW
 Minimum memory for incore assembly:          9.35 MW
 Maximum memory for incore algorithm:        10.99 MW
 Memory for 3-index integrals:                0.00 MW

 Disk space for H1-integrals:                77.73 MB (   665 records)
 
 CPU time for half transformed integrals      0.50 sec, elapsed time      0.51 sec
 CPU time for assembly                        0.81 sec, elapsed time      1.00 sec (8196.3 MFLOP/sec)
 Total CPU time                               2.24 sec, elapsed time      2.49 sec

 SCS-MP2 correlation energy:           -1.240289419984   (PS=  1.200000  PT=  0.333333)
 SCS-MP2 total energy:               -324.374959124774

 Norm of first-order wave function:     0.253601821235
 Coefficient of reference function:     0.893141342432

  Reference energy                   -323.134669704790
  MP2 singlet pair energy              -0.794683142536
  MP2 triplet pair energy              -0.460719078655
  MP2 correlation energy               -1.255402221191

 !MP2 total energy                   -324.390071925981


 **********************************************************************************************************************************
 DATASETS  * FILE   NREC   LENGTH (MB)   RECORD NAMES
              1      18       16.33       500      610      700      900      950      970     1000      129      960     1100   
                                          VAR    BASINP    GEOM    SYMINP    ZMAT    AOBASIS   BASIS     P2S    ABASIS      S 
                                         1400     1410     1200     1210     1080     1600     1650     1700   
                                           T        V       H0       H01     AOSYM     SMH    MOLCAS    OPER   

              2       4        6.22       700     1000      520     2100   
                                         GEOM     BASIS   MCVARS     RHF  

 PROGRAMS   *        TOTAL       MP2        HF       INT
 CPU TIMES  *        18.35      2.68     14.77      0.75
 REAL TIME  *        64.91 SEC
 DISK USED  *       451.40 MB      
 SF USED    *       276.88 MB      
 GA USED    *         3.20 MB       (max)       0.00 MB       (current)
 **********************************************************************************************************************************
 SETTING E_CORR_C       =    ***************  KCAL/MOL                        
 SETTING E_C            =      -787.77694566  KCAL/MOL                        
 SETTING CHARGE         =         1.00000000                                  

 Dummy atoms: C8  H9  C10  H11  O12  O13  H14


 Recomputing one-electron integrals since nuclear charges changed

1PROGRAM * SEWARD (Integral evaluation for generally contracted gaussian basis sets)     Author: Roland Lindh, 1990

 Geometry written to block  1 of record 700


 Point group  C1  



 ATOMIC COORDINATES

 NR  ATOM    CHARGE       X              Y              Z

   1  N0      7.00   -0.460465106   -3.315289708    0.000000000
   2  C1      6.00    1.987680753   -4.620520241    0.000000000
   3  H2      1.00    2.185171436   -5.786116024    1.676718725
   4  H3      1.00    3.455359084   -3.187308967    0.000000000
   5  H4      1.00    2.185171436   -5.786116024   -1.676718725
   6  H5      1.00   -1.961316914   -4.499446784    0.000000000
   7  H6      1.00   -0.566765137   -1.860932063   -1.456983022
   8  H7      1.00   -0.566765137   -1.860932063    1.456983022
   9  C8      0.00   -0.353039782    4.595096024    0.000000000
  10  H9      0.00    0.559887531    5.311247987    1.691522690
  11  C10     0.00   -0.356939387    1.738258746    0.000000000
  12  H11     0.00    0.559887531    5.311247987   -1.691522690
  13  O12     0.00   -0.383329377    0.634913171   -2.133079768
  14  O13     0.00   -0.383329377    0.634913171    2.133079768
  15  H14     0.00   -2.306982390    5.243652819    0.000000000

 Bond lengths in Bohr (Angstrom)

 1-2  2.774354860  1-6  1.911748972  1-7  2.061372208  1-8  2.061372208  2-3  2.051585187
     ( 1.468125362)     ( 1.011653985)     ( 1.090831192)     ( 1.090831192)     ( 1.085652124)

  2- 4  2.051383494   2- 5  2.051585187   9-10  2.051233513   9-11  2.856839939   9-12  2.051233513
       ( 1.085545392)       ( 1.085652124)       ( 1.085466025)       ( 1.511774586)       ( 1.085466025)

  9-15  2.058766046  11-13  2.401686321  11-14  2.401686321
       ( 1.089452070)       ( 1.270917664)       ( 1.270917664)

 Bond angles

  1-2-3  110.62404764   1-2-4  107.61639359   1-2-5  110.62404764   2-1-6  113.66257614

  2-1-7  112.17453951   2-1-8  112.17453951   3-2-4  109.15139688   3-2-5  109.62678271

  4-2-5  109.15139688   6-1-7  113.36129566   6-1-8  113.36129566   7-1-8   89.95069909

  9-11-13  117.34962947   9-11-14  117.34962947  10- 9-11  110.47138453  10- 9-12  111.10337630

 10- 9-15  108.20498303  11- 9-12  110.47138453  11- 9-15  108.28393859  12- 9-15  108.20498303

 13-11-14  125.28566955

 NUCLEAR CHARGE:                   19
 NUMBER OF PRIMITIVE AOS:         645
 NUMBER OF SYMMETRY AOS:          573
 NUMBER OF CONTRACTIONS:          483   ( 483A   )
 NUMBER OF CORE ORBITALS:           2   (   2A   )
 NUMBER OF VALENCE ORBITALS:       14   (  14A   )

 MOLECULE CHANGED: INITIALIZING OCCUPATION AND DUMP RECORDS


 NUCLEAR REPULSION ENERGY   47.81947017


 Eigenvalues of metric

         1 0.928E-05 0.115E-04 0.132E-04 0.167E-04 0.321E-04 0.322E-04 0.400E-04 0.464E-04


 OPERATOR DM      FOR CENTER  0  COORDINATES:    0.000000    0.000000    0.000000


 **********************************************************************************************************************************
 DATASETS  * FILE   NREC   LENGTH (MB)   RECORD NAMES
              1      18       16.33       500      610      700      900      950      970     1000      129      960     1100   
                                          VAR    BASINP    GEOM    SYMINP    ZMAT    AOBASIS   BASIS     P2S    ABASIS      S 
                                         1400     1410     1200     1210     1080     1600     1650     1700   
                                           T        V       H0       H01     AOSYM     SMH    MOLCAS    OPER   

              2       4        6.22       700     1000      520     2100   
                                         GEOM     BASIS   MCVARS     RHF  

 PROGRAMS   *        TOTAL       INT       MP2        HF       INT
 CPU TIMES  *        18.99      0.63      2.68     14.77      0.75
 REAL TIME  *        66.03 SEC
 DISK USED  *       451.40 MB      
 SF USED    *       276.88 MB      
 GA USED    *         3.20 MB       (max)       0.00 MB       (current)
 **********************************************************************************************************************************

1PROGRAM * RHF-SCF (CLOSED SHELL)       Authors: W. Meyer, H.-J. Werner


 NUMBER OF ELECTRONS:       9+    9-    SPACE SYMMETRY=1    SPIN SYMMETRY: Singlet 
 CONVERGENCE THRESHOLDS:    1.00E-05 (Density)    1.00E-07 (Energy)
 INTEGRAL THRESHOLDS:       1.00E-11 (Initial)    1.00E-11 (Final)
 MAX. NUMBER OF ITERATIONS:       60
 INTERPOLATION TYPE:            DIIS
 INTERPOLATION STEPS:              2 (START)      1 (STEP)
 LEVEL SHIFTS:                  0.00 (CLOSED)  0.00 (OPEN) 



 
 Basis set CC-PVTZ/JKFIT generated.      Number of basis functions:   744 
 
 Orbital guess generated from atomic densities. Full valence occupancy:   16
 Coulomb and exchange fitting
 Thresholds for fitting:       THRAO_COUL= 1.0D-14    THRAO_EXCH= 1.0D-12    THRMO= 1.0D-11    THRPROD= 1.0D-11    THRASM= 1.0D-11
                               THR2HLF=    1.0D-11

 Molecular orbital dump at record        2101.2

 ITERATION   DDIFF            GRAD            ENERGY        2-EL.EN.            DIPOLE MOMENTS         DIIS   CPU(IT)  CPU(TOT)  ORB.
    1      0.000D+00      0.000D+00       -95.55007815    147.108278   -0.47910   -2.98333    0.00000    0      1.2      4.5     start
    2      0.000D+00      0.284D-02       -95.59328663    149.767841   -0.07330   -3.26253    0.00000    1      0.9      5.4     diag
    3      0.204D-02      0.123D-02       -95.59870720    148.766605   -0.07885   -3.29112    0.00000    2      1.6      6.9     diag
    4      0.766D-03      0.382D-03       -95.59945253    148.998762   -0.04769   -3.30252    0.00000    3      0.8      7.8     diag
    5      0.248D-03      0.619D-04       -95.59948726    149.003769   -0.04112   -3.31046    0.00000    4      0.8      8.6     diag
    6      0.508D-04      0.137D-04       -95.59948909    149.005309   -0.03917   -3.31091    0.00000    5      0.7      9.3     diag
    7      0.126D-04      0.290D-05       -95.59948917    149.003600   -0.03890   -3.31135    0.00000    6      0.8     10.1     diag
    8      0.259D-05      0.817D-06       -95.59948917    149.004098   -0.03883   -3.31135    0.00000    0      0.8     10.9     orth

 Final occupancy:   9

 !RHF STATE 1.1 Energy                -95.599489172927
 Nuclear energy                        47.81947017
 One-electron energy                 -217.92100825
 Two-electron energy                   74.50204890
 Virial quotient                       -1.00290767
 !RHF STATE 1.1 Dipole moment          -0.03883449    -3.31134694     0.00000000
 Dipole moment /Debye                  -0.09870096    -8.41605316     0.00000000

 Orbital energies:

         1.1          2.1          3.1          4.1          5.1          6.1          7.1          8.1          9.1         10.1
    -15.920815   -11.485167    -1.518774    -1.173564    -1.005944    -0.934330    -0.876693    -0.777897    -0.765272    -0.131403

        11.1
     -0.089176

 HOMO      9.1    -0.765272 =     -20.8241eV
 LUMO     10.1    -0.131403 =      -3.5756eV
 LUMO-HOMO         0.633869 =      17.2485eV


 **********************************************************************************************************************************
 DATASETS  * FILE   NREC   LENGTH (MB)   RECORD NAMES
              1      18       16.33       500      610      700      900      950      970     1000      129      960     1100   
                                          VAR    BASINP    GEOM    SYMINP    ZMAT    AOBASIS   BASIS     P2S    ABASIS      S 
                                         1400     1410     1200     1210     1080     1600     1650     1700   
                                           T        V       H0       H01     AOSYM     SMH    MOLCAS    OPER   

              2       5       15.61       700     1000      520     2100     2101   
                                         GEOM     BASIS   MCVARS     RHF      RHF  

 PROGRAMS   *        TOTAL        HF       INT       MP2        HF       INT
 CPU TIMES  *        30.10     11.11      0.63      2.68     14.77      0.75
 REAL TIME  *       143.09 SEC
 DISK USED  *       552.89 MB      
 SF USED    *       276.88 MB      
 GA USED    *         3.20 MB       (max)       0.00 MB       (current)
 **********************************************************************************************************************************
 SETTING E_RHF_A        =    -59989.59721111  KCAL/MOL                        


1PROGRAM * MP2 (Closed-shell)     Authors: C. Hampel, H.-J. Werner, 1991, M. Deegan, P.J. Knowles, 1992

 Basis set AUG-CC-PVTZ/MP2FIT generated. Number of basis functions:   1050 

 Convergence thresholds:  THRVAR = 1.00D-08  THRDEN = 1.00D-06

 Number of core orbitals:           2 (   2 )
 Number of closed-shell orbitals:   7 (   7 )
 Number of external orbitals:     474 ( 474 )

 Molecular orbitals read from record     2101.2  Type=RHF/CANONICAL (state 1.1)
 

 Entering DF-MP2

 Thresholds:    THRAO= 0.100D-09    THRMO= 0.100D-08    THROV= 0.100D-11

 Fitting basis: AUG-CC-PVTZ-MP2F
 Number of fitting functions:                1050
 Number of blocks in AO basis:                  4
 Minimum block size:                          115
 Maximum block size:                          138
 Average block size:                          121
 Number of groups in AO basis:                117
 Number of shells in AO basis:                231

 Using large memory version DFMP2B. NIBTK= 1  NGPU= 0  IGPU= 0

 para=T  nprocs= 12  mpptyp=0  number of tasks=  35

 Minimum memory with paging:                  2.76 MW
 Minimum memory for incore assembly:          3.71 MW
 Maximum memory for incore algorithm:         4.85 MW
 Memory for 3-index integrals:                0.00 MW

 Disk space for H1-integrals:                28.64 MB (   245 records)
 
 CPU time for half transformed integrals      0.44 sec, elapsed time      0.44 sec
 CPU time for assembly                        0.16 sec, elapsed time      0.19 sec (5925.8 MFLOP/sec)
 Total CPU time                               1.52 sec, elapsed time      1.56 sec

 SCS-MP2 correlation energy:           -0.414155015695   (PS=  1.200000  PT=  0.333333)
 SCS-MP2 total energy:                -96.013644188622

 Norm of first-order wave function:     0.087978293101
 Coefficient of reference function:     0.958715799869

  Reference energy                    -95.599489172927
  MP2 singlet pair energy              -0.278526081929
  MP2 triplet pair energy              -0.128448831505
  MP2 correlation energy               -0.406974913434

 !MP2 total energy                    -96.006464086361


 **********************************************************************************************************************************
 DATASETS  * FILE   NREC   LENGTH (MB)   RECORD NAMES
              1      18       16.33       500      610      700      900      950      970     1000      129      960     1100   
                                          VAR    BASINP    GEOM    SYMINP    ZMAT    AOBASIS   BASIS     P2S    ABASIS      S 
                                         1400     1410     1200     1210     1080     1600     1650     1700   
                                           T        V       H0       H01     AOSYM     SMH    MOLCAS    OPER   

              2       5       15.61       700     1000      520     2100     2101   
                                         GEOM     BASIS   MCVARS     RHF      RHF  

 PROGRAMS   *        TOTAL       MP2        HF       INT       MP2        HF       INT
 CPU TIMES  *        31.99      1.88     11.11      0.63      2.68     14.77      0.75
 REAL TIME  *       145.29 SEC
 DISK USED  *       552.89 MB      
 SF USED    *       276.88 MB      
 GA USED    *         3.20 MB       (max)       0.00 MB       (current)
 **********************************************************************************************************************************
 SETTING E_CORR_A       =    -60244.97787625  KCAL/MOL                        
 SETTING E_A            =      -255.38066514  KCAL/MOL                        
 SETTING CHARGE         =        -1.00000000                                  

 Dummy atoms: N0  C1  H2  H3  H4  H5  H6  H7


 Recomputing one-electron integrals since nuclear charges changed

1PROGRAM * SEWARD (Integral evaluation for generally contracted gaussian basis sets)     Author: Roland Lindh, 1990

 Geometry written to block  1 of record 700


 Point group  C1  



 ATOMIC COORDINATES

 NR  ATOM    CHARGE       X              Y              Z

   1  N0      0.00   -0.460465106   -3.315289708    0.000000000
   2  C1      0.00    1.987680753   -4.620520241    0.000000000
   3  H2      0.00    2.185171436   -5.786116024    1.676718725
   4  H3      0.00    3.455359084   -3.187308967    0.000000000
   5  H4      0.00    2.185171436   -5.786116024   -1.676718725
   6  H5      0.00   -1.961316914   -4.499446784    0.000000000
   7  H6      0.00   -0.566765137   -1.860932063   -1.456983022
   8  H7      0.00   -0.566765137   -1.860932063    1.456983022
   9  C8      6.00   -0.353039782    4.595096024    0.000000000
  10  H9      1.00    0.559887531    5.311247987    1.691522690
  11  C10     6.00   -0.356939387    1.738258746    0.000000000
  12  H11     1.00    0.559887531    5.311247987   -1.691522690
  13  O12     8.00   -0.383329377    0.634913171   -2.133079768
  14  O13     8.00   -0.383329377    0.634913171    2.133079768
  15  H14     1.00   -2.306982390    5.243652819    0.000000000

 Bond lengths in Bohr (Angstrom)

 1-2  2.774354860  1-6  1.911748972  1-7  2.061372208  1-8  2.061372208  2-3  2.051585187
     ( 1.468125362)     ( 1.011653985)     ( 1.090831192)     ( 1.090831192)     ( 1.085652124)

  2- 4  2.051383494   2- 5  2.051585187   9-10  2.051233513   9-11  2.856839939   9-12  2.051233513
       ( 1.085545392)       ( 1.085652124)       ( 1.085466025)       ( 1.511774586)       ( 1.085466025)

  9-15  2.058766046  11-13  2.401686321  11-14  2.401686321
       ( 1.089452070)       ( 1.270917664)       ( 1.270917664)

 Bond angles

  1-2-3  110.62404764   1-2-4  107.61639359   1-2-5  110.62404764   2-1-6  113.66257614

  2-1-7  112.17453951   2-1-8  112.17453951   3-2-4  109.15139688   3-2-5  109.62678271

  4-2-5  109.15139688   6-1-7  113.36129566   6-1-8  113.36129566   7-1-8   89.95069909

  9-11-13  117.34962947   9-11-14  117.34962947  10- 9-11  110.47138453  10- 9-12  111.10337630

 10- 9-15  108.20498303  11- 9-12  110.47138453  11- 9-15  108.28393859  12- 9-15  108.20498303

 13-11-14  125.28566955

 NUCLEAR CHARGE:                   31
 NUMBER OF PRIMITIVE AOS:         645
 NUMBER OF SYMMETRY AOS:          573
 NUMBER OF CONTRACTIONS:          483   ( 483A   )
 NUMBER OF CORE ORBITALS:           4   (   4A   )
 NUMBER OF VALENCE ORBITALS:       19   (  19A   )

 MOLECULE CHANGED: INITIALIZING OCCUPATION AND DUMP RECORDS


 NUCLEAR REPULSION ENERGY  111.93319492


 Eigenvalues of metric

         1 0.928E-05 0.115E-04 0.132E-04 0.167E-04 0.321E-04 0.322E-04 0.400E-04 0.464E-04


 OPERATOR DM      FOR CENTER  0  COORDINATES:    0.000000    0.000000    0.000000


 **********************************************************************************************************************************
 DATASETS  * FILE   NREC   LENGTH (MB)   RECORD NAMES
              1      18       16.33       500      610      700      900      950      970     1000      129      960     1100   
                                          VAR    BASINP    GEOM    SYMINP    ZMAT    AOBASIS   BASIS     P2S    ABASIS      S 
                                         1400     1410     1200     1210     1080     1600     1650     1700   
                                           T        V       H0       H01     AOSYM     SMH    MOLCAS    OPER   

              2       5       15.61       700     1000      520     2100     2101   
                                         GEOM     BASIS   MCVARS     RHF      RHF  

 PROGRAMS   *        TOTAL       INT       MP2        HF       INT       MP2        HF       INT
 CPU TIMES  *        32.65      0.65      1.88     11.11      0.63      2.68     14.77      0.75
 REAL TIME  *       146.60 SEC
 DISK USED  *       552.89 MB      
 SF USED    *       276.88 MB      
 GA USED    *         3.20 MB       (max)       0.00 MB       (current)
 **********************************************************************************************************************************

1PROGRAM * RHF-SCF (CLOSED SHELL)       Authors: W. Meyer, H.-J. Werner


 NUMBER OF ELECTRONS:      16+   16-    SPACE SYMMETRY=1    SPIN SYMMETRY: Singlet 
 CONVERGENCE THRESHOLDS:    1.00E-05 (Density)    1.00E-07 (Energy)
 INTEGRAL THRESHOLDS:       1.00E-11 (Initial)    1.00E-11 (Final)
 MAX. NUMBER OF ITERATIONS:       60
 INTERPOLATION TYPE:            DIIS
 INTERPOLATION STEPS:              2 (START)      1 (STEP)
 LEVEL SHIFTS:                  0.00 (CLOSED)  0.00 (OPEN) 



 
 Basis set CC-PVTZ/JKFIT generated.      Number of basis functions:   744 
 
 Orbital guess generated from atomic densities. Full valence occupancy:   23
 Coulomb and exchange fitting
 Thresholds for fitting:       THRAO_COUL= 1.0D-14    THRAO_EXCH= 1.0D-12    THRMO= 1.0D-11    THRPROD= 1.0D-11    THRASM= 1.0D-11
                               THR2HLF=    1.0D-11

 Molecular orbital dump at record        2102.2

 ITERATION   DDIFF            GRAD            ENERGY        2-EL.EN.            DIPOLE MOMENTS         DIIS   CPU(IT)  CPU(TOT)  ORB.
    1      0.000D+00      0.000D+00      -227.18673614    409.744887    0.35147    0.53831   -0.00000    0      1.2      5.1     start
    2      0.000D+00      0.459D-02      -227.27145312    400.468371    0.38028   -0.58228    0.00000    1      0.9      6.0     diag
    3      0.418D-02      0.338D-02      -227.32482300    403.479184    0.38553   -0.27783    0.00000    2      1.0      7.0     diag
    4      0.159D-02      0.320D-03      -227.32606588    403.676299    0.38455   -0.29529    0.00000    3      0.8      7.8     diag
    5      0.432D-03      0.107D-03      -227.32621648    403.539741    0.38667   -0.29120    0.00000    4      0.8      8.6     diag
    6      0.117D-03      0.287D-04      -227.32622842    403.558693    0.38700   -0.29108   -0.00000    5      0.8      9.5     diag
    7      0.408D-04      0.510D-05      -227.32622895    403.554905    0.38700   -0.29063   -0.00000    6      0.8     10.3     diag
    8      0.789D-05      0.126D-05      -227.32622898    403.556436    0.38704   -0.29053   -0.00000    7      0.9     11.1     diag
    9      0.195D-05      0.397D-06      -227.32622898    403.555884    0.38703   -0.29057    0.00000    0      1.1     12.2     orth

 Final occupancy:  16

 !RHF STATE 1.1 Energy               -227.326228981812
 Nuclear energy                       111.93319492
 One-electron energy                 -541.03736610
 Two-electron energy                  201.77794219
 Virial quotient                       -1.00152249
 !RHF STATE 1.1 Dipole moment           0.38703322    -0.29057186     0.00000000
 Dipole moment /Debye                   0.98367589    -0.73851163     0.00000000

 Orbital energies:

         1.1          2.1          3.1          4.1          5.1          6.1          7.1          8.1          9.1         10.1
    -20.282477   -20.282443   -11.129015   -11.046253    -1.151185    -1.046725    -0.804596    -0.513417    -0.419895    -0.416969

        11.1         12.1         13.1         14.1         15.1         16.1         17.1         18.1
     -0.410495    -0.353705    -0.309256    -0.198607    -0.194293    -0.181411     0.116090     0.128968

 HOMO     16.1    -0.181411 =      -4.9365eV
 LUMO     17.1     0.116090 =       3.1590eV
 LUMO-HOMO         0.297502 =       8.0954eV


 **********************************************************************************************************************************
 DATASETS  * FILE   NREC   LENGTH (MB)   RECORD NAMES
              1      18       16.33       500      610      700      900      950      970     1000      129      960     1100   
                                          VAR    BASINP    GEOM    SYMINP    ZMAT    AOBASIS   BASIS     P2S    ABASIS      S 
                                         1400     1410     1200     1210     1080     1600     1650     1700   
                                           T        V       H0       H01     AOSYM     SMH    MOLCAS    OPER   

              2       6       25.00       700     1000      520     2100     2101     2102   
                                         GEOM     BASIS   MCVARS     RHF      RHF      RHF  

 PROGRAMS   *        TOTAL        HF       INT       MP2        HF       INT       MP2        HF       INT
 CPU TIMES  *        45.22     12.57      0.65      1.88     11.11      0.63      2.68     14.77      0.75
 REAL TIME  *       228.92 SEC
 DISK USED  *       676.81 MB      
 SF USED    *       276.88 MB      
 GA USED    *         3.20 MB       (max)       0.00 MB       (current)
 **********************************************************************************************************************************
 SETTING E_RHF_B        =    ***************  KCAL/MOL                        


1PROGRAM * MP2 (Closed-shell)     Authors: C. Hampel, H.-J. Werner, 1991, M. Deegan, P.J. Knowles, 1992

 Basis set AUG-CC-PVTZ/MP2FIT generated. Number of basis functions:   1050 

 Convergence thresholds:  THRVAR = 1.00D-08  THRDEN = 1.00D-06

 Number of core orbitals:           4 (   4 )
 Number of closed-shell orbitals:  12 (  12 )
 Number of external orbitals:     467 ( 467 )

 Molecular orbitals read from record     2102.2  Type=RHF/CANONICAL (state 1.1)
 

 Entering DF-MP2

 Thresholds:    THRAO= 0.100D-09    THRMO= 0.100D-08    THROV= 0.100D-11

 Fitting basis: AUG-CC-PVTZ-MP2F
 Number of fitting functions:                1050
 Number of blocks in AO basis:                  4
 Minimum block size:                          115
 Maximum block size:                          138
 Average block size:                          121
 Number of groups in AO basis:                117
 Number of shells in AO basis:                231

 Using large memory version DFMP2B. NIBTK= 1  NGPU= 0  IGPU= 0

 para=T  nprocs= 12  mpptyp=0  number of tasks=  35

 Minimum memory with paging:                  2.75 MW
 Minimum memory for incore assembly:          6.10 MW
 Maximum memory for incore algorithm:         7.41 MW
 Memory for 3-index integrals:                0.00 MW

 Disk space for H1-integrals:                49.09 MB (   420 records)
 
 CPU time for half transformed integrals      0.48 sec, elapsed time      0.49 sec
 CPU time for assembly                        0.37 sec, elapsed time      0.72 sec (7462.2 MFLOP/sec)
 Total CPU time                               2.60 sec, elapsed time      2.96 sec

 SCS-MP2 correlation energy:           -0.819221255068   (PS=  1.200000  PT=  0.333333)
 SCS-MP2 total energy:               -228.145450236882

 Norm of first-order wave function:     0.170207767957
 Coefficient of reference function:     0.924418251843

  Reference energy                   -227.326228981814
  MP2 singlet pair energy              -0.517523494865
  MP2 triplet pair energy              -0.318524562690
  MP2 correlation energy               -0.836048057556

 !MP2 total energy                   -228.162277039370


 **********************************************************************************************************************************
 DATASETS  * FILE   NREC   LENGTH (MB)   RECORD NAMES
              1      18       16.33       500      610      700      900      950      970     1000      129      960     1100   
                                          VAR    BASINP    GEOM    SYMINP    ZMAT    AOBASIS   BASIS     P2S    ABASIS      S 
                                         1400     1410     1200     1210     1080     1600     1650     1700   
                                           T        V       H0       H01     AOSYM     SMH    MOLCAS    OPER   

              2       6       25.00       700     1000      520     2100     2101     2102   
                                         GEOM     BASIS   MCVARS     RHF      RHF      RHF  

 PROGRAMS   *        TOTAL       MP2        HF       INT       MP2        HF       INT       MP2        HF       INT
 CPU TIMES  *        48.20      2.98     12.57      0.65      1.88     11.11      0.63      2.68     14.77      0.75
 REAL TIME  *       232.60 SEC
 DISK USED  *       676.81 MB      
 SF USED    *       276.88 MB      
 GA USED    *         3.20 MB       (max)       0.00 MB       (current)
 **********************************************************************************************************************************
 SETTING E_CORR_B       =    ***************  KCAL/MOL                        
 SETTING E_B            =      -524.62818218  KCAL/MOL                        
 SETTING E_RHF_CP       =      -131.11910359  KCAL/MOL                        
 SETTING E_CORR_CP      =        -7.76809834  KCAL/MOL                        

        DF-MP2          DF-HF           DF-MP2          DF-HF           DF-MP2          DF-HF   
   -228.16227704   -227.32622898    -96.00646409    -95.59948917   -324.39007193   -323.13466970
 **********************************************************************************************************************************
 Variable memory released
