
 Primary working directories    : /scratch/1723606.phoenix.chem.wisc.edu
 Secondary working directories  : /scratch/1723606.phoenix.chem.wisc.edu
 Wavefunction directory         : /scratch/1723606.phoenix.chem.wisc.edu/
 Main file repository           : /scratch/1723606.phoenix.chem.wisc.edu/

 SHA1      : 65e45729fe3f963b0eb97374e3bda9949063ef0f
 NAME      : 2012.1.17
 ARCHNAME  : Linux/x86_64
 FC        : /opt/intel/composer_xe_2013.5.192/bin/intel64/ifort
 FCVERSION : 13.1.3
 BLASLIB   : -L/opt/intel/composer_xe_2013.5.192/mkl/lib/intel64 -lmkl_intel_ilp64 -lmkl_sequential -lmkl_core
 id        : cuichemwisc

 Nodes             nprocs
 compute-1-35.local   12
 ga_uses_ma=false, calling ma_init with nominal heap.
 GA-space will be limited to   8.0 MW (determined by -G option)

 Using customized tuning parameters: mindgm=1; mindgv=20; mindgc=4; mindgr=1; noblas=0; minvec=7
 default implementation of scratch files=sf  

 geomtyp=xyz
 geometry={
 15
  N0         -0.243667639400      -1.754375754500       0.000000000000
  C1          1.051835353300      -2.445074005300       0.000000000000
  H2          1.156342921500      -3.061880728700       0.887281335000
  H3          1.828497275900      -1.686651263200       0.000000000000
  H4          1.156342921500      -3.061880728700      -0.887281335000
  H5         -1.037884210400      -2.381004691100       0.000000000000
  H6         -0.299919193300      -0.984762835500      -0.771002209100
  H7         -0.299919193300      -0.984762835500       0.771002209100
  C8         -0.364713784953       3.401612957183       0.000000000000
  H9          0.118386542647       3.780584254283       0.895115256100
  C10        -0.366777367053       1.889839780083       0.000000000000
  H11         0.118386542647       3.780584254283      -0.895115256100
  O12        -0.380742348153       1.305974448183      -1.128777198300
  O13        -0.380742348153       1.305974448183       1.128777198300
  H14        -1.398695680953       3.744814431983       0.000000000000
 }
 
 
 basis=avqz
 
                                                                                 ! Complex
 set,charge=0
 
 df-hf
 e_rhf_c = energy*tokcal
 df-mp2
 e_corr_c = energy*tokcal
 e_c = e_corr_c - e_rhf_c
 
 
                                                                                 ! Monomer 1
 set,charge=1
 dummy,C8,H9,C10,H11,O12,O13,H14
 
 df-hf
 e_rhf_a = energy*tokcal
 df-mp2
 e_corr_a = energy*tokcal
 e_a = e_corr_a - e_rhf_a
 
 
                                                                                 ! Monomer 2
 set,charge=-1
 dummy,N0,C1,H2,H3,H4,H5,H6,H7
 
 df-hf
 e_rhf_b = energy*tokcal
 df-mp2
 e_corr_b = energy*tokcal
 e_b = e_corr_b - e_rhf_b
 
 
 e_rhf_cp = e_rhf_c - (e_rhf_a + e_rhf_b)
 e_corr_cp = e_c - (e_a + e_b)

 Variables initialized (782), CPU time= 0.01 sec
 Commands  initialized (547), CPU time= 0.01 sec, 517 directives.
 Default parameters read. Elapsed time= 0.13 sec

 Checking input...
 Passed
1


                                         ***  PROGRAM SYSTEM MOLPRO  ***
                         Copyright, University College Cardiff Consultants Limited, 2008

                                    Version 2012.1 linked Oct 11 2014 15:40:16


 **********************************************************************************************************************************
 LABEL *                                                                                 
 Linux-2.6.18-308.el5/compute-1-35.local(x86_64) 64 bit mpp version                      DATE: 12-Dec-14          TIME: 05:58:57  
 **********************************************************************************************************************************

 SHA1:             65e45729fe3f963b0eb97374e3bda9949063ef0f
 **********************************************************************************************************************************
 SETTING GEOMTYP        =    XYZ

 Turning off symmetry in density fitting calculation
 To re-enable, use 'set,zsymel=auto'


 Variable memory set to  350000000 words,  buffer space   230000 words

 SETTING BASIS          =    AVQZ
 SETTING CHARGE         =         0.00000000                                  


 Recomputing integrals since basis changed


 Using spherical harmonics

 Library entry N      S aug-cc-pVQZ          selected for orbital group  1
 Library entry N      P aug-cc-pVQZ          selected for orbital group  1
 Library entry N      D aug-cc-pVQZ          selected for orbital group  1
 Library entry N      F aug-cc-pVQZ          selected for orbital group  1
 Library entry N      G aug-cc-pVQZ          selected for orbital group  1
 Library entry C      S aug-cc-pVQZ          selected for orbital group  2
 Library entry C      P aug-cc-pVQZ          selected for orbital group  2
 Library entry C      D aug-cc-pVQZ          selected for orbital group  2
 Library entry C      F aug-cc-pVQZ          selected for orbital group  2
 Library entry C      G aug-cc-pVQZ          selected for orbital group  2
 Library entry H      S aug-cc-pVQZ          selected for orbital group  3
 Library entry H      P aug-cc-pVQZ          selected for orbital group  3
 Library entry H      D aug-cc-pVQZ          selected for orbital group  3
 Library entry H      F aug-cc-pVQZ          selected for orbital group  3
 Library entry O      S aug-cc-pVQZ          selected for orbital group  8
 Library entry O      P aug-cc-pVQZ          selected for orbital group  8
 Library entry O      D aug-cc-pVQZ          selected for orbital group  8
 Library entry O      F aug-cc-pVQZ          selected for orbital group  8
 Library entry O      G aug-cc-pVQZ          selected for orbital group  8

1PROGRAM * SEWARD (Integral evaluation for generally contracted gaussian basis sets)     Author: Roland Lindh, 1990

 Geometry written to block  1 of record 700


 Point group  C1  



 ATOMIC COORDINATES

 NR  ATOM    CHARGE       X              Y              Z

   1  N0      7.00   -0.460465106   -3.315289708    0.000000000
   2  C1      6.00    1.987680753   -4.620520241    0.000000000
   3  H2      1.00    2.185171436   -5.786116024    1.676718725
   4  H3      1.00    3.455359084   -3.187308967    0.000000000
   5  H4      1.00    2.185171436   -5.786116024   -1.676718725
   6  H5      1.00   -1.961316914   -4.499446784    0.000000000
   7  H6      1.00   -0.566765137   -1.860932063   -1.456983022
   8  H7      1.00   -0.566765137   -1.860932063    1.456983022
   9  C8      6.00   -0.689209170    6.428116894    0.000000000
  10  H9      1.00    0.223718143    7.144268857    1.691522690
  11  C10     6.00   -0.693108775    3.571279617    0.000000000
  12  H11     1.00    0.223718143    7.144268857   -1.691522690
  13  O12     8.00   -0.719498765    2.467934042   -2.133079768
  14  O13     8.00   -0.719498765    2.467934042    2.133079768
  15  H14     1.00   -2.643151778    7.076673689    0.000000000

 Bond lengths in Bohr (Angstrom)

 1-2  2.774354860  1-6  1.911748972  1-7  2.061372208  1-8  2.061372208  2-3  2.051585187
     ( 1.468125362)     ( 1.011653985)     ( 1.090831192)     ( 1.090831192)     ( 1.085652124)

  2- 4  2.051383494   2- 5  2.051585187   9-10  2.051233513   9-11  2.856839939   9-12  2.051233513
       ( 1.085545392)       ( 1.085652124)       ( 1.085466025)       ( 1.511774586)       ( 1.085466025)

  9-15  2.058766046  11-13  2.401686321  11-14  2.401686321
       ( 1.089452070)       ( 1.270917664)       ( 1.270917664)

 Bond angles

  1-2-3  110.62404764   1-2-4  107.61639359   1-2-5  110.62404764   2-1-6  113.66257614

  2-1-7  112.17453951   2-1-8  112.17453951   3-2-4  109.15139688   3-2-5  109.62678271

  4-2-5  109.15139688   6-1-7  113.36129566   6-1-8  113.36129566   7-1-8   89.95069909

  9-11-13  117.34962947   9-11-14  117.34962947  10- 9-11  110.47138453  10- 9-12  111.10337630

 10- 9-15  108.20498303  11- 9-12  110.47138453  11- 9-15  108.28393859  12- 9-15  108.20498303

 13-11-14  125.28566955

 NUCLEAR CHARGE:                   50
 NUMBER OF PRIMITIVE AOS:        1221
 NUMBER OF SYMMETRY AOS:          990
 NUMBER OF CONTRACTIONS:          894   ( 894A   )
 NUMBER OF CORE ORBITALS:           6   (   6A   )
 NUMBER OF VALENCE ORBITALS:       33   (  33A   )


 NUCLEAR REPULSION ENERGY  235.56142813


 Eigenvalues of metric

         1 0.335E-05 0.392E-05 0.526E-05 0.548E-05 0.913E-05 0.117E-04 0.125E-04 0.146E-04


 OPERATOR DM      FOR CENTER  0  COORDINATES:    0.000000    0.000000    0.000000


 **********************************************************************************************************************************
 DATASETS  * FILE   NREC   LENGTH (MB)   RECORD NAMES
              1      18       36.86       500      610      700      900      950      970     1000      129      960     1100   
                                          VAR    BASINP    GEOM    SYMINP    ZMAT    AOBASIS   BASIS     P2S    ABASIS      S 
                                         1400     1410     1200     1210     1080     1600     1650     1700   
                                           T        V       H0       H01     AOSYM     SMH    MOLCAS    OPER   

 PROGRAMS   *        TOTAL       INT
 CPU TIMES  *         2.51      2.37
 REAL TIME  *         3.79 SEC
 DISK USED  *         0.00 MB      
 GA USED    *         0.02 MB       (max)       0.00 MB       (current)
 **********************************************************************************************************************************

1PROGRAM * RHF-SCF (CLOSED SHELL)       Authors: W. Meyer, H.-J. Werner


 NUMBER OF ELECTRONS:      25+   25-    SPACE SYMMETRY=1    SPIN SYMMETRY: Singlet 
 CONVERGENCE THRESHOLDS:    1.00E-05 (Density)    1.00E-07 (Energy)
 INTEGRAL THRESHOLDS:       1.00E-12 (Initial)    1.00E-12 (Final)
 MAX. NUMBER OF ITERATIONS:       60
 INTERPOLATION TYPE:            DIIS
 INTERPOLATION STEPS:              2 (START)      1 (STEP)
 LEVEL SHIFTS:                  0.00 (CLOSED)  0.00 (OPEN) 



 
 Basis set CC-PVQZ/JKFIT generated.      Number of basis functions:   1095 
 
 Orbital guess generated from atomic densities. Full valence occupancy:   39
 Coulomb and exchange fitting
 Thresholds for fitting:       THRAO_COUL= 1.0D-15    THRAO_EXCH= 1.0D-13    THRMO= 1.0D-12    THRPROD= 1.0D-12    THRASM= 1.0D-12
                               THR2HLF=    1.0D-12

 Molecular orbital dump at record        2100.2

 ITERATION   DDIFF            GRAD            ENERGY        2-EL.EN.            DIPOLE MOMENTS         DIIS   CPU(IT)  CPU(TOT)  ORB.
    1      0.000D+00      0.000D+00      -322.96194082    704.874900    0.19852   -4.10456   -0.00000    0      4.3     18.5     start
    2      0.000D+00      0.287D-02      -323.07575957    698.662985    0.49988   -4.31774   -0.00000    1      4.2     22.8     diag
    3      0.218D-02      0.196D-02      -323.12917218    701.020877    0.48110   -4.14246   -0.00000    2      3.6     26.4     diag
    4      0.880D-03      0.240D-03      -323.13114830    701.029982    0.48163   -4.12567    0.00000    3      3.7     30.1     diag
    5      0.223D-03      0.743D-04      -323.13131866    700.995704    0.48976   -4.10833    0.00000    4      3.7     33.7     diag
    6      0.584D-04      0.225D-04      -323.13133733    700.983728    0.49070   -4.10568    0.00000    5      5.1     38.9     diag
    7      0.223D-04      0.508D-05      -323.13133831    700.991603    0.49113   -4.10489   -0.00000    6      4.0     42.8     diag
    8      0.526D-05      0.161D-05      -323.13133840    700.988927    0.49116   -4.10461    0.00000    7      4.8     47.7     diag
    9      0.140D-05      0.425D-06      -323.13133841    700.989683    0.49121   -4.10456    0.00000    0      3.9     51.6     orth

 Final occupancy:  25

 !RHF STATE 1.1 Energy               -323.131338411078
 Nuclear energy                       235.56142813
 One-electron energy                 -909.18760796
 Two-electron energy                  350.49484141
 Virial quotient                       -1.00208652
 !RHF STATE 1.1 Dipole moment           0.49120807    -4.10455505     0.00000000
 Dipole moment /Debye                   1.24844462   -10.43205503     0.00000000

 Orbital energies:

         1.1          2.1          3.1          4.1          5.1          6.1          7.1          8.1          9.1         10.1
    -20.443881   -20.443846   -15.727190   -11.335119   -11.283222   -11.167957    -1.337416    -1.314064    -1.209718    -1.014692

        11.1         12.1         13.1         14.1         15.1         16.1         17.1         18.1         19.1         20.1
     -0.932947    -0.824048    -0.756885    -0.710276    -0.661922    -0.625523    -0.611218    -0.564997    -0.564081    -0.548894

        21.1         22.1         23.1         24.1         25.1         26.1         27.1
     -0.495069    -0.459797    -0.359655    -0.357797    -0.348747    -0.001369     0.019055

 HOMO     25.1    -0.348747 =      -9.4899eV
 LUMO     26.1    -0.001369 =      -0.0372eV
 LUMO-HOMO         0.347378 =       9.4526eV


 **********************************************************************************************************************************
 DATASETS  * FILE   NREC   LENGTH (MB)   RECORD NAMES
              1      18       36.86       500      610      700      900      950      970     1000      129      960     1100   
                                          VAR    BASINP    GEOM    SYMINP    ZMAT    AOBASIS   BASIS     P2S    ABASIS      S 
                                         1400     1410     1200     1210     1080     1600     1650     1700   
                                           T        V       H0       H01     AOSYM     SMH    MOLCAS    OPER   

              2       4       19.89       700     1000      520     2100   
                                         GEOM     BASIS   MCVARS     RHF  

 PROGRAMS   *        TOTAL        HF       INT
 CPU TIMES  *        54.80     52.28      2.37
 REAL TIME  *       106.66 SEC
 DISK USED  *         1.30 GB      
 SF USED    *       217.17 MB      
 GA USED    *         3.20 MB       (max)       0.00 MB       (current)
 **********************************************************************************************************************************
 SETTING E_RHF_C        =    ***************  KCAL/MOL                        


1PROGRAM * MP2 (Closed-shell)     Authors: C. Hampel, H.-J. Werner, 1991, M. Deegan, P.J. Knowles, 1992

 Basis set AUG-CC-PVQZ/MP2FIT generated. Number of basis functions:   1728 

 Convergence thresholds:  THRVAR = 1.00D-08  THRDEN = 1.00D-06

 Number of core orbitals:           6 (   6 )
 Number of closed-shell orbitals:  19 (  19 )
 Number of external orbitals:     869 ( 869 )

 Molecular orbitals read from record     2100.2  Type=RHF/CANONICAL (state 1.1)
 

 Entering DF-MP2

 Thresholds:    THRAO= 0.100D-09    THRMO= 0.100D-08    THROV= 0.100D-11

 Fitting basis: AUG-CC-PVQZ-MP2F
 Number of fitting functions:                1728
 Number of blocks in AO basis:                  6
 Minimum block size:                           80
 Maximum block size:                          218
 Average block size:                          149
 Number of groups in AO basis:                177
 Number of shells in AO basis:                318

 Using large memory version DFMP2B. NIBTK= 1  NGPU= 0  IGPU= 0

 para=T  nprocs= 12  mpptyp=0  number of tasks=  29

 Minimum memory with paging:                  6.65 MW
 Minimum memory for incore assembly:         29.29 MW
 Maximum memory for incore algorithm:        33.25 MW
 Memory for 3-index integrals:                0.00 MW

 Disk space for H1-integrals:               236.39 MB (   551 records)
 
 CPU time for half transformed integrals      2.80 sec, elapsed time      3.21 sec
 CPU time for assembly                        5.34 sec, elapsed time      6.08 sec (8332.5 MFLOP/sec)
 Total CPU time                              11.06 sec, elapsed time     12.46 sec

 SCS-MP2 correlation energy:           -1.312741628788   (PS=  1.200000  PT=  0.333333)
 SCS-MP2 total energy:               -324.444080039870

 Norm of first-order wave function:     0.262385078033
 Coefficient of reference function:     0.890028828363

  Reference energy                   -323.131338411082
  MP2 singlet pair energy              -0.854003713085
  MP2 triplet pair energy              -0.462756171032
  MP2 correlation energy               -1.316759884117

 !MP2 total energy                   -324.448098295199


 **********************************************************************************************************************************
 DATASETS  * FILE   NREC   LENGTH (MB)   RECORD NAMES
              1      19       36.86       500      610      700      900      950      970     1000      129      960     1100   
                                          VAR    BASINP    GEOM    SYMINP    ZMAT    AOBASIS   BASIS     P2S    ABASIS      S 
                                         1400     1410     1200     1210     1080     1600     1650     1700      960(1)
                                           T        V       H0       H01     AOSYM     SMH    MOLCAS    OPER    ABASIS    

              2       4       19.89       700     1000      520     2100   
                                         GEOM     BASIS   MCVARS     RHF  

 PROGRAMS   *        TOTAL       MP2        HF       INT
 CPU TIMES  *        68.02     13.20     52.28      2.37
 REAL TIME  *       122.26 SEC
 DISK USED  *         1.30 GB      
 SF USED    *       977.44 MB      
 GA USED    *         3.20 MB       (max)       0.00 MB       (current)
 **********************************************************************************************************************************
 SETTING E_CORR_C       =    ***************  KCAL/MOL                        
 SETTING E_C            =      -826.27946818  KCAL/MOL                        
 SETTING CHARGE         =         1.00000000                                  

 Dummy atoms: C8  H9  C10  H11  O12  O13  H14


 Recomputing one-electron integrals since nuclear charges changed

1PROGRAM * SEWARD (Integral evaluation for generally contracted gaussian basis sets)     Author: Roland Lindh, 1990

 Geometry written to block  1 of record 700


 Point group  C1  



 ATOMIC COORDINATES

 NR  ATOM    CHARGE       X              Y              Z

   1  N0      7.00   -0.460465106   -3.315289708    0.000000000
   2  C1      6.00    1.987680753   -4.620520241    0.000000000
   3  H2      1.00    2.185171436   -5.786116024    1.676718725
   4  H3      1.00    3.455359084   -3.187308967    0.000000000
   5  H4      1.00    2.185171436   -5.786116024   -1.676718725
   6  H5      1.00   -1.961316914   -4.499446784    0.000000000
   7  H6      1.00   -0.566765137   -1.860932063   -1.456983022
   8  H7      1.00   -0.566765137   -1.860932063    1.456983022
   9  C8      0.00   -0.689209170    6.428116894    0.000000000
  10  H9      0.00    0.223718143    7.144268857    1.691522690
  11  C10     0.00   -0.693108775    3.571279617    0.000000000
  12  H11     0.00    0.223718143    7.144268857   -1.691522690
  13  O12     0.00   -0.719498765    2.467934042   -2.133079768
  14  O13     0.00   -0.719498765    2.467934042    2.133079768
  15  H14     0.00   -2.643151778    7.076673689    0.000000000

 Bond lengths in Bohr (Angstrom)

 1-2  2.774354860  1-6  1.911748972  1-7  2.061372208  1-8  2.061372208  2-3  2.051585187
     ( 1.468125362)     ( 1.011653985)     ( 1.090831192)     ( 1.090831192)     ( 1.085652124)

  2- 4  2.051383494   2- 5  2.051585187   9-10  2.051233513   9-11  2.856839939   9-12  2.051233513
       ( 1.085545392)       ( 1.085652124)       ( 1.085466025)       ( 1.511774586)       ( 1.085466025)

  9-15  2.058766046  11-13  2.401686321  11-14  2.401686321
       ( 1.089452070)       ( 1.270917664)       ( 1.270917664)

 Bond angles

  1-2-3  110.62404764   1-2-4  107.61639359   1-2-5  110.62404764   2-1-6  113.66257614

  2-1-7  112.17453951   2-1-8  112.17453951   3-2-4  109.15139688   3-2-5  109.62678271

  4-2-5  109.15139688   6-1-7  113.36129566   6-1-8  113.36129566   7-1-8   89.95069909

  9-11-13  117.34962947   9-11-14  117.34962947  10- 9-11  110.47138453  10- 9-12  111.10337630

 10- 9-15  108.20498303  11- 9-12  110.47138453  11- 9-15  108.28393859  12- 9-15  108.20498303

 13-11-14  125.28566955

 NUCLEAR CHARGE:                   19
 NUMBER OF PRIMITIVE AOS:        1221
 NUMBER OF SYMMETRY AOS:          990
 NUMBER OF CONTRACTIONS:          894   ( 894A   )
 NUMBER OF CORE ORBITALS:           2   (   2A   )
 NUMBER OF VALENCE ORBITALS:       14   (  14A   )

 MOLECULE CHANGED: INITIALIZING OCCUPATION AND DUMP RECORDS


 NUCLEAR REPULSION ENERGY   47.81947017


 Eigenvalues of metric

         1 0.335E-05 0.392E-05 0.526E-05 0.548E-05 0.913E-05 0.117E-04 0.125E-04 0.146E-04


 OPERATOR DM      FOR CENTER  0  COORDINATES:    0.000000    0.000000    0.000000


 **********************************************************************************************************************************
 DATASETS  * FILE   NREC   LENGTH (MB)   RECORD NAMES
              1      19       36.86       500      610      700      900      950      970     1000      129      960     1100   
                                          VAR    BASINP    GEOM    SYMINP    ZMAT    AOBASIS   BASIS     P2S    ABASIS      S 
                                         1400     1410     1200     1210     1080     1600     1650     1700      960(1)
                                           T        V       H0       H01     AOSYM     SMH    MOLCAS    OPER    ABASIS    

              2       4       19.89       700     1000      520     2100   
                                         GEOM     BASIS   MCVARS     RHF  

 PROGRAMS   *        TOTAL       INT       MP2        HF       INT
 CPU TIMES  *        70.54      2.52     13.20     52.28      2.37
 REAL TIME  *       125.79 SEC
 DISK USED  *         1.30 GB      
 SF USED    *       977.44 MB      
 GA USED    *         3.20 MB       (max)       0.00 MB       (current)
 **********************************************************************************************************************************

1PROGRAM * RHF-SCF (CLOSED SHELL)       Authors: W. Meyer, H.-J. Werner


 NUMBER OF ELECTRONS:       9+    9-    SPACE SYMMETRY=1    SPIN SYMMETRY: Singlet 
 CONVERGENCE THRESHOLDS:    1.00E-05 (Density)    1.00E-07 (Energy)
 INTEGRAL THRESHOLDS:       1.00E-12 (Initial)    1.00E-12 (Final)
 MAX. NUMBER OF ITERATIONS:       60
 INTERPOLATION TYPE:            DIIS
 INTERPOLATION STEPS:              2 (START)      1 (STEP)
 LEVEL SHIFTS:                  0.00 (CLOSED)  0.00 (OPEN) 



 
 Basis set CC-PVQZ/JKFIT generated.      Number of basis functions:   1095 
 
 Orbital guess generated from atomic densities. Full valence occupancy:   16
 Coulomb and exchange fitting
 Thresholds for fitting:       THRAO_COUL= 1.0D-15    THRAO_EXCH= 1.0D-13    THRMO= 1.0D-12    THRPROD= 1.0D-12    THRASM= 1.0D-12
                               THR2HLF=    1.0D-12

 Molecular orbital dump at record        2101.2

 ITERATION   DDIFF            GRAD            ENERGY        2-EL.EN.            DIPOLE MOMENTS         DIIS   CPU(IT)  CPU(TOT)  ORB.
    1      0.000D+00      0.000D+00       -95.55605247    147.147965   -0.47759   -2.98374    0.00000    0      3.7     13.7     start
    2      0.000D+00      0.208D-02       -95.59930982    149.776181   -0.07327   -3.26290    0.00000    1      4.0     17.8     diag
    3      0.965D-03      0.898D-03       -95.60467985    148.784287   -0.07864   -3.29123    0.00000    2      3.5     21.3     diag
    4      0.385D-03      0.282D-03       -95.60543125    149.019463   -0.04747   -3.30259    0.00000    3      4.6     25.9     diag
    5      0.113D-03      0.460D-04       -95.60546617    149.023565   -0.04089   -3.31055    0.00000    4      3.2     29.1     diag
    6      0.234D-04      0.103D-04       -95.60546809    149.025394   -0.03892   -3.31102    0.00000    5      3.4     32.5     diag
    7      0.691D-05      0.221D-05       -95.60546817    149.023559   -0.03863   -3.31147    0.00000    6      3.5     36.1     diag
    8      0.157D-05      0.634D-06       -95.60546818    149.024094   -0.03856   -3.31147    0.00000    0      3.5     39.6     orth

 Final occupancy:   9

 !RHF STATE 1.1 Energy                -95.605468177294
 Nuclear energy                        47.81947017
 One-electron energy                 -217.93698534
 Two-electron energy                   74.51204699
 Virial quotient                       -1.00260149
 !RHF STATE 1.1 Dipole moment          -0.03856320    -3.31146847     0.00000000
 Dipole moment /Debye                  -0.09801147    -8.41636203     0.00000000

 Orbital energies:

         1.1          2.1          3.1          4.1          5.1          6.1          7.1          8.1          9.1         10.1
    -15.919255   -11.484202    -1.518445    -1.173503    -1.006079    -0.934472    -0.876865    -0.778123    -0.765502    -0.131438

        11.1
     -0.089489

 HOMO      9.1    -0.765502 =     -20.8304eV
 LUMO     10.1    -0.131438 =      -3.5766eV
 LUMO-HOMO         0.634064 =      17.2538eV


 **********************************************************************************************************************************
 DATASETS  * FILE   NREC   LENGTH (MB)   RECORD NAMES
              1      19       36.92       500      610      700      900      950      970     1000      129      960     1100   
                                          VAR    BASINP    GEOM    SYMINP    ZMAT    AOBASIS   BASIS     P2S    ABASIS      S 
                                         1400     1410     1200     1210     1080     1600     1650     1700      960(1)
                                           T        V       H0       H01     AOSYM     SMH    MOLCAS    OPER    ABASIS    

              2       5       51.94       700     1000      520     2100     2101   
                                         GEOM     BASIS   MCVARS     RHF      RHF  

 PROGRAMS   *        TOTAL        HF       INT       MP2        HF       INT
 CPU TIMES  *       110.96     40.41      2.52     13.20     52.28      2.37
 REAL TIME  *       246.53 SEC
 DISK USED  *         1.64 GB      
 SF USED    *       977.44 MB      
 GA USED    *         3.20 MB       (max)       0.00 MB       (current)
 **********************************************************************************************************************************
 SETTING E_RHF_A        =    -59993.34909375  KCAL/MOL                        


1PROGRAM * MP2 (Closed-shell)     Authors: C. Hampel, H.-J. Werner, 1991, M. Deegan, P.J. Knowles, 1992

 Basis set AUG-CC-PVQZ/MP2FIT generated. Number of basis functions:   1728 

 Convergence thresholds:  THRVAR = 1.00D-08  THRDEN = 1.00D-06

 Number of core orbitals:           2 (   2 )
 Number of closed-shell orbitals:   7 (   7 )
 Number of external orbitals:     885 ( 885 )

 Molecular orbitals read from record     2101.2  Type=RHF/CANONICAL (state 1.1)
 

 Entering DF-MP2

 Thresholds:    THRAO= 0.100D-09    THRMO= 0.100D-08    THROV= 0.100D-11

 Fitting basis: AUG-CC-PVQZ-MP2F
 Number of fitting functions:                1728
 Number of blocks in AO basis:                  6
 Minimum block size:                           80
 Maximum block size:                          218
 Average block size:                          149
 Number of groups in AO basis:                177
 Number of shells in AO basis:                318

 Using large memory version DFMP2B. NIBTK= 1  NGPU= 0  IGPU= 0

 para=T  nprocs= 12  mpptyp=0  number of tasks=  29

 Minimum memory with paging:                  6.71 MW
 Minimum memory for incore assembly:         11.49 MW
 Maximum memory for incore algorithm:        14.59 MW
 Memory for 3-index integrals:                0.00 MW

 Disk space for H1-integrals:                87.09 MB (   203 records)
 
 CPU time for half transformed integrals      2.42 sec, elapsed time      2.43 sec
 CPU time for assembly                        0.94 sec, elapsed time      1.03 sec (5775.9 MFLOP/sec)
 Total CPU time                               6.21 sec, elapsed time      6.39 sec

 SCS-MP2 correlation energy:           -0.438241617230   (PS=  1.200000  PT=  0.333333)
 SCS-MP2 total energy:                -96.043709794524

 Norm of first-order wave function:     0.089488065332
 Coefficient of reference function:     0.958051293144

  Reference energy                    -95.605468177294
  MP2 singlet pair energy              -0.296826598112
  MP2 triplet pair energy              -0.131865588476
  MP2 correlation energy               -0.428692186587

 !MP2 total energy                    -96.034160363882


 **********************************************************************************************************************************
 DATASETS  * FILE   NREC   LENGTH (MB)   RECORD NAMES
              1      19       36.92       500      610      700      900      950      970     1000      129      960     1100   
                                          VAR    BASINP    GEOM    SYMINP    ZMAT    AOBASIS   BASIS     P2S    ABASIS      S 
                                         1400     1410     1200     1210     1080     1600     1650     1700      960(1)
                                           T        V       H0       H01     AOSYM     SMH    MOLCAS    OPER    ABASIS    

              2       5       51.94       700     1000      520     2100     2101   
                                         GEOM     BASIS   MCVARS     RHF      RHF  

 PROGRAMS   *        TOTAL       MP2        HF       INT       MP2        HF       INT
 CPU TIMES  *       119.31      8.35     40.41      2.52     13.20     52.28      2.37
 REAL TIME  *       255.88 SEC
 DISK USED  *         1.64 GB      
 SF USED    *       977.44 MB      
 GA USED    *         3.20 MB       (max)       0.00 MB       (current)
 **********************************************************************************************************************************
 SETTING E_CORR_A       =    -60262.35755628  KCAL/MOL                        
 SETTING E_A            =      -269.00846253  KCAL/MOL                        
 SETTING CHARGE         =        -1.00000000                                  

 Dummy atoms: N0  C1  H2  H3  H4  H5  H6  H7


 Recomputing one-electron integrals since nuclear charges changed

1PROGRAM * SEWARD (Integral evaluation for generally contracted gaussian basis sets)     Author: Roland Lindh, 1990

 Geometry written to block  1 of record 700


 Point group  C1  



 ATOMIC COORDINATES

 NR  ATOM    CHARGE       X              Y              Z

   1  N0      0.00   -0.460465106   -3.315289708    0.000000000
   2  C1      0.00    1.987680753   -4.620520241    0.000000000
   3  H2      0.00    2.185171436   -5.786116024    1.676718725
   4  H3      0.00    3.455359084   -3.187308967    0.000000000
   5  H4      0.00    2.185171436   -5.786116024   -1.676718725
   6  H5      0.00   -1.961316914   -4.499446784    0.000000000
   7  H6      0.00   -0.566765137   -1.860932063   -1.456983022
   8  H7      0.00   -0.566765137   -1.860932063    1.456983022
   9  C8      6.00   -0.689209170    6.428116894    0.000000000
  10  H9      1.00    0.223718143    7.144268857    1.691522690
  11  C10     6.00   -0.693108775    3.571279617    0.000000000
  12  H11     1.00    0.223718143    7.144268857   -1.691522690
  13  O12     8.00   -0.719498765    2.467934042   -2.133079768
  14  O13     8.00   -0.719498765    2.467934042    2.133079768
  15  H14     1.00   -2.643151778    7.076673689    0.000000000

 Bond lengths in Bohr (Angstrom)

 1-2  2.774354860  1-6  1.911748972  1-7  2.061372208  1-8  2.061372208  2-3  2.051585187
     ( 1.468125362)     ( 1.011653985)     ( 1.090831192)     ( 1.090831192)     ( 1.085652124)

  2- 4  2.051383494   2- 5  2.051585187   9-10  2.051233513   9-11  2.856839939   9-12  2.051233513
       ( 1.085545392)       ( 1.085652124)       ( 1.085466025)       ( 1.511774586)       ( 1.085466025)

  9-15  2.058766046  11-13  2.401686321  11-14  2.401686321
       ( 1.089452070)       ( 1.270917664)       ( 1.270917664)

 Bond angles

  1-2-3  110.62404764   1-2-4  107.61639359   1-2-5  110.62404764   2-1-6  113.66257614

  2-1-7  112.17453951   2-1-8  112.17453951   3-2-4  109.15139688   3-2-5  109.62678271

  4-2-5  109.15139688   6-1-7  113.36129566   6-1-8  113.36129566   7-1-8   89.95069909

  9-11-13  117.34962947   9-11-14  117.34962947  10- 9-11  110.47138453  10- 9-12  111.10337630

 10- 9-15  108.20498303  11- 9-12  110.47138453  11- 9-15  108.28393859  12- 9-15  108.20498303

 13-11-14  125.28566955

 NUCLEAR CHARGE:                   31
 NUMBER OF PRIMITIVE AOS:        1221
 NUMBER OF SYMMETRY AOS:          990
 NUMBER OF CONTRACTIONS:          894   ( 894A   )
 NUMBER OF CORE ORBITALS:           4   (   4A   )
 NUMBER OF VALENCE ORBITALS:       19   (  19A   )

 MOLECULE CHANGED: INITIALIZING OCCUPATION AND DUMP RECORDS


 NUCLEAR REPULSION ENERGY  111.93319492


 Eigenvalues of metric

         1 0.335E-05 0.392E-05 0.526E-05 0.548E-05 0.913E-05 0.117E-04 0.125E-04 0.146E-04


 OPERATOR DM      FOR CENTER  0  COORDINATES:    0.000000    0.000000    0.000000


 **********************************************************************************************************************************
 DATASETS  * FILE   NREC   LENGTH (MB)   RECORD NAMES
              1      19       36.92       500      610      700      900      950      970     1000      129      960     1100   
                                          VAR    BASINP    GEOM    SYMINP    ZMAT    AOBASIS   BASIS     P2S    ABASIS      S 
                                         1400     1410     1200     1210     1080     1600     1650     1700      960(1)
                                           T        V       H0       H01     AOSYM     SMH    MOLCAS    OPER    ABASIS    

              2       5       51.94       700     1000      520     2100     2101   
                                         GEOM     BASIS   MCVARS     RHF      RHF  

 PROGRAMS   *        TOTAL       INT       MP2        HF       INT       MP2        HF       INT
 CPU TIMES  *       121.71      2.39      8.35     40.41      2.52     13.20     52.28      2.37
 REAL TIME  *       259.09 SEC
 DISK USED  *         1.64 GB      
 SF USED    *       977.44 MB      
 GA USED    *         3.20 MB       (max)       0.00 MB       (current)
 **********************************************************************************************************************************

1PROGRAM * RHF-SCF (CLOSED SHELL)       Authors: W. Meyer, H.-J. Werner


 NUMBER OF ELECTRONS:      16+   16-    SPACE SYMMETRY=1    SPIN SYMMETRY: Singlet 
 CONVERGENCE THRESHOLDS:    1.00E-05 (Density)    1.00E-07 (Energy)
 INTEGRAL THRESHOLDS:       1.00E-12 (Initial)    1.00E-12 (Final)
 MAX. NUMBER OF ITERATIONS:       60
 INTERPOLATION TYPE:            DIIS
 INTERPOLATION STEPS:              2 (START)      1 (STEP)
 LEVEL SHIFTS:                  0.00 (CLOSED)  0.00 (OPEN) 



 
 Basis set CC-PVQZ/JKFIT generated.      Number of basis functions:   1095 
 
 Orbital guess generated from atomic densities. Full valence occupancy:   23
 Coulomb and exchange fitting
 Thresholds for fitting:       THRAO_COUL= 1.0D-15    THRAO_EXCH= 1.0D-13    THRMO= 1.0D-12    THRPROD= 1.0D-12    THRASM= 1.0D-12
                               THR2HLF=    1.0D-12

 Molecular orbital dump at record        2102.2

 ITERATION   DDIFF            GRAD            ENERGY        2-EL.EN.            DIPOLE MOMENTS         DIIS   CPU(IT)  CPU(TOT)  ORB.
    1      0.000D+00      0.000D+00      -227.19992909    409.852134    0.68769   -1.28635    0.00000    0      3.6     11.8     start
    2      0.000D+00      0.337D-02      -227.28484391    400.481568    0.71660   -2.41549    0.00000    1      4.5     16.3     diag
    3      0.204D-02      0.248D-02      -227.33878150    403.537833    0.72177   -2.10961    0.00000    2      3.4     19.7     diag
    4      0.846D-03      0.235D-03      -227.34002188    403.740280    0.72077   -2.12814    0.00000    3      3.4     23.2     diag
    5      0.173D-03      0.788D-04      -227.34017417    403.602933    0.72289   -2.12457    0.00000    4      3.4     26.6     diag
    6      0.581D-04      0.215D-04      -227.34018640    403.622536    0.72322   -2.12466   -0.00000    5      3.5     30.1     diag
    7      0.200D-04      0.387D-05      -227.34018697    403.618531    0.72322   -2.12424   -0.00000    6      3.3     33.4     diag
    8      0.422D-05      0.955D-06      -227.34018700    403.620090    0.72326   -2.12414   -0.00000    7      3.4     36.8     diag
    9      0.965D-06      0.301D-06      -227.34018700    403.619526    0.72325   -2.12419    0.00000    0      3.9     40.7     orth

 Final occupancy:  16

 !RHF STATE 1.1 Energy               -227.340187001833
 Nuclear energy                       111.93319492
 One-electron energy                 -541.08314510
 Two-electron energy                  201.80976318
 Virial quotient                       -1.00114718
 !RHF STATE 1.1 Dipole moment           0.72325308    -2.12418582     0.00000000
 Dipole moment /Debye                   1.83820557    -5.39878819     0.00000000

 Orbital energies:

         1.1          2.1          3.1          4.1          5.1          6.1          7.1          8.1          9.1         10.1
    -20.279759   -20.279725   -11.127814   -11.045202    -1.150385    -1.045899    -0.804377    -0.513246    -0.419978    -0.417077

        11.1         12.1         13.1         14.1         15.1         16.1         17.1         18.1
     -0.410547    -0.353780    -0.309368    -0.198695    -0.194417    -0.181540     0.101783     0.117368

 HOMO     16.1    -0.181540 =      -4.9400eV
 LUMO     17.1     0.101783 =       2.7697eV
 LUMO-HOMO         0.283323 =       7.7096eV


 **********************************************************************************************************************************
 DATASETS  * FILE   NREC   LENGTH (MB)   RECORD NAMES
              1      19       36.92       500      610      700      900      950      970     1000      129      960     1100   
                                          VAR    BASINP    GEOM    SYMINP    ZMAT    AOBASIS   BASIS     P2S    ABASIS      S 
                                         1400     1410     1200     1210     1080     1600     1650     1700      960(1)
                                           T        V       H0       H01     AOSYM     SMH    MOLCAS    OPER    ABASIS    

              2       6       83.99       700     1000      520     2100     2101     2102   
                                         GEOM     BASIS   MCVARS     RHF      RHF      RHF  

 PROGRAMS   *        TOTAL        HF       INT       MP2        HF       INT       MP2        HF       INT
 CPU TIMES  *       163.55     41.83      2.39      8.35     40.41      2.52     13.20     52.28      2.37
 REAL TIME  *       395.75 SEC
 DISK USED  *         2.07 GB      
 SF USED    *       977.44 MB      
 GA USED    *         3.20 MB       (max)       0.00 MB       (current)
 **********************************************************************************************************************************
 SETTING E_RHF_B        =    ***************  KCAL/MOL                        


1PROGRAM * MP2 (Closed-shell)     Authors: C. Hampel, H.-J. Werner, 1991, M. Deegan, P.J. Knowles, 1992

 Basis set AUG-CC-PVQZ/MP2FIT generated. Number of basis functions:   1728 

 Convergence thresholds:  THRVAR = 1.00D-08  THRDEN = 1.00D-06

 Number of core orbitals:           4 (   4 )
 Number of closed-shell orbitals:  12 (  12 )
 Number of external orbitals:     878 ( 878 )

 Molecular orbitals read from record     2102.2  Type=RHF/CANONICAL (state 1.1)
 

 Entering DF-MP2

 Thresholds:    THRAO= 0.100D-09    THRMO= 0.100D-08    THROV= 0.100D-11

 Fitting basis: AUG-CC-PVQZ-MP2F
 Number of fitting functions:                1728
 Number of blocks in AO basis:                  6
 Minimum block size:                           80
 Maximum block size:                          218
 Average block size:                          149
 Number of groups in AO basis:                177
 Number of shells in AO basis:                318

 Using large memory version DFMP2B. NIBTK= 1  NGPU= 0  IGPU= 0

 para=T  nprocs= 12  mpptyp=0  number of tasks=  29

 Minimum memory with paging:                  6.68 MW
 Minimum memory for incore assembly:         18.98 MW
 Maximum memory for incore algorithm:        22.37 MW
 Memory for 3-index integrals:                0.00 MW

 Disk space for H1-integrals:               149.30 MB (   348 records)
 
 CPU time for half transformed integrals      2.61 sec, elapsed time      2.63 sec
 CPU time for assembly                        2.15 sec, elapsed time      3.04 sec (7456.4 MFLOP/sec)
 Total CPU time                               7.62 sec, elapsed time      8.69 sec

 SCS-MP2 correlation energy:           -0.872406767584   (PS=  1.200000  PT=  0.333333)
 SCS-MP2 total energy:               -228.212593769411

 Norm of first-order wave function:     0.173360194984
 Coefficient of reference function:     0.923175615067

  Reference energy                   -227.340187001828
  MP2 singlet pair energy              -0.557133352588
  MP2 triplet pair energy              -0.327610839340
  MP2 correlation energy               -0.884744191928

 !MP2 total energy                   -228.224931193755


 **********************************************************************************************************************************
 DATASETS  * FILE   NREC   LENGTH (MB)   RECORD NAMES
              1      19       36.92       500      610      700      900      950      970     1000      129      960     1100   
                                          VAR    BASINP    GEOM    SYMINP    ZMAT    AOBASIS   BASIS     P2S    ABASIS      S 
                                         1400     1410     1200     1210     1080     1600     1650     1700      960(1)
                                           T        V       H0       H01     AOSYM     SMH    MOLCAS    OPER    ABASIS    

              2       6       83.99       700     1000      520     2100     2101     2102   
                                         GEOM     BASIS   MCVARS     RHF      RHF      RHF  

 PROGRAMS   *        TOTAL       MP2        HF       INT       MP2        HF       INT       MP2        HF       INT
 CPU TIMES  *       173.40      9.83     41.83      2.39      8.35     40.41      2.52     13.20     52.28      2.37
 REAL TIME  *       408.06 SEC
 DISK USED  *         2.07 GB      
 SF USED    *       977.44 MB      
 GA USED    *         3.20 MB       (max)       0.00 MB       (current)
 **********************************************************************************************************************************
 SETTING E_CORR_B       =    ***************  KCAL/MOL                        
 SETTING E_B            =      -555.18547398  KCAL/MOL                        
 SETTING E_RHF_CP       =      -116.51801061  KCAL/MOL                        
 SETTING E_CORR_CP      =        -2.08553168  KCAL/MOL                        

        DF-MP2          DF-HF           DF-MP2          DF-HF           DF-MP2          DF-HF   
   -228.22493119   -227.34018700    -96.03416036    -95.60546818   -324.44809830   -323.13133841
 **********************************************************************************************************************************
 Variable memory released
