
 Primary working directories    : /scratch/1723601.phoenix.chem.wisc.edu
 Secondary working directories  : /scratch/1723601.phoenix.chem.wisc.edu
 Wavefunction directory         : /scratch/1723601.phoenix.chem.wisc.edu/
 Main file repository           : /scratch/1723601.phoenix.chem.wisc.edu/

 SHA1      : 65e45729fe3f963b0eb97374e3bda9949063ef0f
 NAME      : 2012.1.17
 ARCHNAME  : Linux/x86_64
 FC        : /opt/intel/composer_xe_2013.5.192/bin/intel64/ifort
 FCVERSION : 13.1.3
 BLASLIB   : -L/opt/intel/composer_xe_2013.5.192/mkl/lib/intel64 -lmkl_intel_ilp64 -lmkl_sequential -lmkl_core
 id        : cuichemwisc

 Nodes             nprocs
 compute-1-34.local   12
 ga_uses_ma=false, calling ma_init with nominal heap.
 GA-space will be limited to   8.0 MW (determined by -G option)

 Using customized tuning parameters: mindgm=1; mindgv=20; mindgc=4; mindgr=1; noblas=0; minvec=7
 default implementation of scratch files=sf  

 geomtyp=xyz
 geometry={
 15
  N0         -0.243667639400      -1.754375754500       0.000000000000
  C1          1.051835353300      -2.445074005300       0.000000000000
  H2          1.156342921500      -3.061880728700       0.887281335000
  H3          1.828497275900      -1.686651263200       0.000000000000
  H4          1.156342921500      -3.061880728700      -0.887281335000
  H5         -1.037884210400      -2.381004691100       0.000000000000
  H6         -0.299919193300      -0.984762835500      -0.771002209100
  H7         -0.299919193300      -0.984762835500       0.771002209100
  C8         -0.157171743319       2.269954610787       0.000000000000
  H9          0.325928584281       2.648925907887       0.895115256100
  C10        -0.159235325419       0.758181433687       0.000000000000
  H11         0.325928584281       2.648925907887      -0.895115256100
  O12        -0.173200306519       0.174316101787      -1.128777198300
  O13        -0.173200306519       0.174316101787       1.128777198300
  H14        -1.191153639319       2.613156085587       0.000000000000
 }
 
 
 basis=avqz
 
                                                                                 ! Complex
 set,charge=0
 
 df-hf
 e_rhf_c = energy*tokcal
 df-mp2
 e_corr_c = energy*tokcal
 e_c = e_corr_c - e_rhf_c
 
 
                                                                                 ! Monomer 1
 set,charge=1
 dummy,C8,H9,C10,H11,O12,O13,H14
 
 df-hf
 e_rhf_a = energy*tokcal
 df-mp2
 e_corr_a = energy*tokcal
 e_a = e_corr_a - e_rhf_a
 
 
                                                                                 ! Monomer 2
 set,charge=-1
 dummy,N0,C1,H2,H3,H4,H5,H6,H7
 
 df-hf
 e_rhf_b = energy*tokcal
 df-mp2
 e_corr_b = energy*tokcal
 e_b = e_corr_b - e_rhf_b
 
 
 e_rhf_cp = e_rhf_c - (e_rhf_a + e_rhf_b)
 e_corr_cp = e_c - (e_a + e_b)

 Variables initialized (782), CPU time= 0.01 sec
 Commands  initialized (547), CPU time= 0.01 sec, 517 directives.
 Default parameters read. Elapsed time= 0.14 sec

 Checking input...
 Passed
1


                                         ***  PROGRAM SYSTEM MOLPRO  ***
                         Copyright, University College Cardiff Consultants Limited, 2008

                                    Version 2012.1 linked Oct 11 2014 15:40:16


 **********************************************************************************************************************************
 LABEL *                                                                                 
 Linux-2.6.18-308.el5/compute-1-34.local(x86_64) 64 bit mpp version                      DATE: 12-Dec-14          TIME: 05:50:02  
 **********************************************************************************************************************************

 SHA1:             65e45729fe3f963b0eb97374e3bda9949063ef0f
 **********************************************************************************************************************************
 SETTING GEOMTYP        =    XYZ

 Turning off symmetry in density fitting calculation
 To re-enable, use 'set,zsymel=auto'


 Variable memory set to  350000000 words,  buffer space   230000 words

 SETTING BASIS          =    AVQZ
 SETTING CHARGE         =         0.00000000                                  


 Recomputing integrals since basis changed


 Using spherical harmonics

 Library entry N      S aug-cc-pVQZ          selected for orbital group  1
 Library entry N      P aug-cc-pVQZ          selected for orbital group  1
 Library entry N      D aug-cc-pVQZ          selected for orbital group  1
 Library entry N      F aug-cc-pVQZ          selected for orbital group  1
 Library entry N      G aug-cc-pVQZ          selected for orbital group  1
 Library entry C      S aug-cc-pVQZ          selected for orbital group  2
 Library entry C      P aug-cc-pVQZ          selected for orbital group  2
 Library entry C      D aug-cc-pVQZ          selected for orbital group  2
 Library entry C      F aug-cc-pVQZ          selected for orbital group  2
 Library entry C      G aug-cc-pVQZ          selected for orbital group  2
 Library entry H      S aug-cc-pVQZ          selected for orbital group  3
 Library entry H      P aug-cc-pVQZ          selected for orbital group  3
 Library entry H      D aug-cc-pVQZ          selected for orbital group  3
 Library entry H      F aug-cc-pVQZ          selected for orbital group  3
 Library entry O      S aug-cc-pVQZ          selected for orbital group  8
 Library entry O      P aug-cc-pVQZ          selected for orbital group  8
 Library entry O      D aug-cc-pVQZ          selected for orbital group  8
 Library entry O      F aug-cc-pVQZ          selected for orbital group  8
 Library entry O      G aug-cc-pVQZ          selected for orbital group  8

1PROGRAM * SEWARD (Integral evaluation for generally contracted gaussian basis sets)     Author: Roland Lindh, 1990

 Geometry written to block  1 of record 700


 Point group  C1  



 ATOMIC COORDINATES

 NR  ATOM    CHARGE       X              Y              Z

   1  N0      7.00   -0.460465106   -3.315289708    0.000000000
   2  C1      6.00    1.987680753   -4.620520241    0.000000000
   3  H2      1.00    2.185171436   -5.786116024    1.676718725
   4  H3      1.00    3.455359084   -3.187308967    0.000000000
   5  H4      1.00    2.185171436   -5.786116024   -1.676718725
   6  H5      1.00   -1.961316914   -4.499446784    0.000000000
   7  H6      1.00   -0.566765137   -1.860932063   -1.456983022
   8  H7      1.00   -0.566765137   -1.860932063    1.456983022
   9  C8      6.00   -0.297011550    4.289592545    0.000000000
  10  H9      1.00    0.615915763    5.005744508    1.691522690
  11  C10     6.00   -0.300911155    1.432755268    0.000000000
  12  H11     1.00    0.615915763    5.005744508   -1.691522690
  13  O12     8.00   -0.327301145    0.329409693   -2.133079768
  14  O13     8.00   -0.327301145    0.329409693    2.133079768
  15  H14     1.00   -2.250954159    4.938149340    0.000000000

 Bond lengths in Bohr (Angstrom)

 1-2  2.774354860  1-6  1.911748972  1-7  2.061372208  1-8  2.061372208  2-3  2.051585187
     ( 1.468125362)     ( 1.011653985)     ( 1.090831192)     ( 1.090831192)     ( 1.085652124)

  2- 4  2.051383494   2- 5  2.051585187   7-13  2.304787804   8-14  2.304787804   9-10  2.051233513
       ( 1.085545392)       ( 1.085652124)       ( 1.219641178)       ( 1.219641178)       ( 1.085466025)

  9-11  2.856839939   9-12  2.051233513   9-15  2.058766046  11-13  2.401686321  11-14  2.401686321
       ( 1.511774586)       ( 1.085466025)       ( 1.089452070)       ( 1.270917664)       ( 1.270917664)

 Bond angles

  1- 2- 3  110.62404764   1- 2- 4  107.61639359   1- 2- 5  110.62404764   1- 7-13  150.74743148

  1- 8-14  150.74743148   2- 1- 6  113.66257614   2- 1- 7  112.17453951   2- 1- 8  112.17453951

  3-2-4  109.15139688   3-2-5  109.62678271   4-2-5  109.15139688   6-1-7  113.36129566

  6- 1- 8  113.36129566   7- 1- 8   89.95069909   7-13-11  100.20656467   8-14-11  100.20656467

  9-11-13  117.34962947   9-11-14  117.34962947  10- 9-11  110.47138453  10- 9-12  111.10337630

 10- 9-15  108.20498303  11- 9-12  110.47138453  11- 9-15  108.28393859  12- 9-15  108.20498303

 13-11-14  125.28566955

 NUCLEAR CHARGE:                   50
 NUMBER OF PRIMITIVE AOS:        1221
 NUMBER OF SYMMETRY AOS:          990
 NUMBER OF CONTRACTIONS:          894   ( 894A   )
 NUMBER OF CORE ORBITALS:           6   (   6A   )
 NUMBER OF VALENCE ORBITALS:       33   (  33A   )


 NUCLEAR REPULSION ENERGY  264.98564990


 Eigenvalues of metric

         1 0.182E-05 0.203E-05 0.250E-05 0.296E-05 0.335E-05 0.363E-05 0.442E-05 0.723E-05


 OPERATOR DM      FOR CENTER  0  COORDINATES:    0.000000    0.000000    0.000000


 **********************************************************************************************************************************
 DATASETS  * FILE   NREC   LENGTH (MB)   RECORD NAMES
              1      18       36.86       500      610      700      900      950      970     1000      129      960     1100   
                                          VAR    BASINP    GEOM    SYMINP    ZMAT    AOBASIS   BASIS     P2S    ABASIS      S 
                                         1400     1410     1200     1210     1080     1600     1650     1700   
                                           T        V       H0       H01     AOSYM     SMH    MOLCAS    OPER   

 PROGRAMS   *        TOTAL       INT
 CPU TIMES  *         2.99      2.85
 REAL TIME  *         3.60 SEC
 DISK USED  *         0.00 MB      
 GA USED    *         0.02 MB       (max)       0.00 MB       (current)
 **********************************************************************************************************************************

1PROGRAM * RHF-SCF (CLOSED SHELL)       Authors: W. Meyer, H.-J. Werner


 NUMBER OF ELECTRONS:      25+   25-    SPACE SYMMETRY=1    SPIN SYMMETRY: Singlet 
 CONVERGENCE THRESHOLDS:    1.00E-05 (Density)    1.00E-07 (Energy)
 INTEGRAL THRESHOLDS:       1.00E-12 (Initial)    1.00E-12 (Final)
 MAX. NUMBER OF ITERATIONS:       60
 INTERPOLATION TYPE:            DIIS
 INTERPOLATION STEPS:              2 (START)      1 (STEP)
 LEVEL SHIFTS:                  0.00 (CLOSED)  0.00 (OPEN) 



 
 Basis set CC-PVQZ/JKFIT generated.      Number of basis functions:   1095 
 
 Orbital guess generated from atomic densities. Full valence occupancy:   39
 Coulomb and exchange fitting
 Thresholds for fitting:       THRAO_COUL= 1.0D-15    THRAO_EXCH= 1.0D-13    THRMO= 1.0D-12    THRPROD= 1.0D-12    THRASM= 1.0D-12
                               THR2HLF=    1.0D-12

 Molecular orbital dump at record        2100.2

 ITERATION   DDIFF            GRAD            ENERGY        2-EL.EN.            DIPOLE MOMENTS         DIIS   CPU(IT)  CPU(TOT)  ORB.
    1      0.000D+00      0.000D+00      -323.00653444    761.058252   -0.18496   -0.57030    0.00000    0      6.2     16.9     start
    2      0.000D+00      0.247D-02      -323.09263043    756.465876   -0.00361   -0.68615    0.00000    1      4.5     21.4     diag
    3      0.195D-02      0.147D-02      -323.12336596    758.187193   -0.02342   -0.60212    0.00000    2      3.9     25.4     diag
    4      0.735D-03      0.257D-03      -323.12531132    758.215441   -0.02179   -0.62203    0.00000    3      4.8     30.2     diag
    5      0.214D-03      0.652D-04      -323.12546300    758.132282   -0.01556   -0.61687    0.00000    4      4.2     34.3     diag
    6      0.632D-04      0.194D-04      -323.12547677    758.146115   -0.01380   -0.61680   -0.00000    5      4.2     38.6     diag
    7      0.209D-04      0.479D-05      -323.12547756    758.144869   -0.01388   -0.61692    0.00000    6      4.0     42.6     diag
    8      0.490D-05      0.139D-05      -323.12547763    758.145171   -0.01368   -0.61675   -0.00000    7      4.1     46.6     diag
    9      0.128D-05      0.406D-06      -323.12547763    758.145078   -0.01368   -0.61672   -0.00000    0      4.1     50.8     orth

 Final occupancy:  25

 !RHF STATE 1.1 Energy               -323.125477633310
 Nuclear energy                       264.98564990
 One-electron energy                 -967.18366672
 Two-electron energy                  379.07253919
 Virial quotient                       -0.99921139
 !RHF STATE 1.1 Dipole moment          -0.01367544    -0.61672484    -0.00000000
 Dipole moment /Debye                  -0.03475723    -1.56745552    -0.00000000

 Orbital energies:

         1.1          2.1          3.1          4.1          5.1          6.1          7.1          8.1          9.1         10.1
    -20.526503   -20.526471   -15.544757   -11.367881   -11.257647   -11.221783    -1.440057    -1.325710    -1.214437    -1.000589

        11.1         12.1         13.1         14.1         15.1         16.1         17.1         18.1         19.1         20.1
     -0.928557    -0.779676    -0.748083    -0.719212    -0.644111    -0.619937    -0.614198    -0.591116    -0.557573    -0.549748

        21.1         22.1         23.1         24.1         25.1         26.1         27.1
     -0.538855    -0.531296    -0.449815    -0.411196    -0.410084     0.023136     0.032802

 HOMO     25.1    -0.410084 =     -11.1590eV
 LUMO     26.1     0.023136 =       0.6296eV
 LUMO-HOMO         0.433220 =      11.7885eV


 **********************************************************************************************************************************
 DATASETS  * FILE   NREC   LENGTH (MB)   RECORD NAMES
              1      18       36.86       500      610      700      900      950      970     1000      129      960     1100   
                                          VAR    BASINP    GEOM    SYMINP    ZMAT    AOBASIS   BASIS     P2S    ABASIS      S 
                                         1400     1410     1200     1210     1080     1600     1650     1700   
                                           T        V       H0       H01     AOSYM     SMH    MOLCAS    OPER   

              2       4       19.89       700     1000      520     2100   
                                         GEOM     BASIS   MCVARS     RHF  

 PROGRAMS   *        TOTAL        HF       INT
 CPU TIMES  *        54.47     51.47      2.85
 REAL TIME  *       126.93 SEC
 DISK USED  *         1.30 GB      
 SF USED    *       217.17 MB      
 GA USED    *         3.20 MB       (max)       0.00 MB       (current)
 **********************************************************************************************************************************
 SETTING E_RHF_C        =    ***************  KCAL/MOL                        


1PROGRAM * MP2 (Closed-shell)     Authors: C. Hampel, H.-J. Werner, 1991, M. Deegan, P.J. Knowles, 1992

 Basis set AUG-CC-PVQZ/MP2FIT generated. Number of basis functions:   1728 

 Convergence thresholds:  THRVAR = 1.00D-08  THRDEN = 1.00D-06

 Number of core orbitals:           6 (   6 )
 Number of closed-shell orbitals:  19 (  19 )
 Number of external orbitals:     869 ( 869 )

 Molecular orbitals read from record     2100.2  Type=RHF/CANONICAL (state 1.1)
 

 Entering DF-MP2

 Thresholds:    THRAO= 0.100D-09    THRMO= 0.100D-08    THROV= 0.100D-11

 Fitting basis: AUG-CC-PVQZ-MP2F
 Number of fitting functions:                1728
 Number of blocks in AO basis:                  6
 Minimum block size:                           80
 Maximum block size:                          218
 Average block size:                          149
 Number of groups in AO basis:                177
 Number of shells in AO basis:                318

 Using large memory version DFMP2B. NIBTK= 1  NGPU= 0  IGPU= 0

 para=T  nprocs= 12  mpptyp=0  number of tasks=  29

 Minimum memory with paging:                  6.65 MW
 Minimum memory for incore assembly:         29.29 MW
 Maximum memory for incore algorithm:        33.25 MW
 Memory for 3-index integrals:                0.00 MW

 Disk space for H1-integrals:               236.39 MB (   551 records)
 
 CPU time for half transformed integrals      3.30 sec, elapsed time      3.34 sec
 CPU time for assembly                        3.29 sec, elapsed time      7.89 sec (7955.6 MFLOP/sec)
 Total CPU time                               9.52 sec, elapsed time     14.36 sec

 SCS-MP2 correlation energy:           -1.322887923666   (PS=  1.200000  PT=  0.333333)
 SCS-MP2 total energy:               -324.448365556974

 Norm of first-order wave function:     0.256601607178
 Coefficient of reference function:     0.892074642484

  Reference energy                   -323.125477633308
  MP2 singlet pair energy              -0.855056373094
  MP2 triplet pair energy              -0.477032586353
  MP2 correlation energy               -1.332088959447

 !MP2 total energy                   -324.457566592755


 **********************************************************************************************************************************
 DATASETS  * FILE   NREC   LENGTH (MB)   RECORD NAMES
              1      19       36.86       500      610      700      900      950      970     1000      129      960     1100   
                                          VAR    BASINP    GEOM    SYMINP    ZMAT    AOBASIS   BASIS     P2S    ABASIS      S 
                                         1400     1410     1200     1210     1080     1600     1650     1700      960(1)
                                           T        V       H0       H01     AOSYM     SMH    MOLCAS    OPER    ABASIS    

              2       4       19.89       700     1000      520     2100   
                                         GEOM     BASIS   MCVARS     RHF  

 PROGRAMS   *        TOTAL       MP2        HF       INT
 CPU TIMES  *        66.09     11.62     51.47      2.85
 REAL TIME  *       144.39 SEC
 DISK USED  *         1.30 GB      
 SF USED    *       869.60 MB      
 GA USED    *         3.20 MB       (max)       0.00 MB       (current)
 **********************************************************************************************************************************
 SETTING E_CORR_C       =    ***************  KCAL/MOL                        
 SETTING E_C            =      -835.89861011  KCAL/MOL                        
 SETTING CHARGE         =         1.00000000                                  

 Dummy atoms: C8  H9  C10  H11  O12  O13  H14


 Recomputing one-electron integrals since nuclear charges changed

1PROGRAM * SEWARD (Integral evaluation for generally contracted gaussian basis sets)     Author: Roland Lindh, 1990

 Geometry written to block  1 of record 700


 Point group  C1  



 ATOMIC COORDINATES

 NR  ATOM    CHARGE       X              Y              Z

   1  N0      7.00   -0.460465106   -3.315289708    0.000000000
   2  C1      6.00    1.987680753   -4.620520241    0.000000000
   3  H2      1.00    2.185171436   -5.786116024    1.676718725
   4  H3      1.00    3.455359084   -3.187308967    0.000000000
   5  H4      1.00    2.185171436   -5.786116024   -1.676718725
   6  H5      1.00   -1.961316914   -4.499446784    0.000000000
   7  H6      1.00   -0.566765137   -1.860932063   -1.456983022
   8  H7      1.00   -0.566765137   -1.860932063    1.456983022
   9  C8      0.00   -0.297011550    4.289592545    0.000000000
  10  H9      0.00    0.615915763    5.005744508    1.691522690
  11  C10     0.00   -0.300911155    1.432755268    0.000000000
  12  H11     0.00    0.615915763    5.005744508   -1.691522690
  13  O12     0.00   -0.327301145    0.329409693   -2.133079768
  14  O13     0.00   -0.327301145    0.329409693    2.133079768
  15  H14     0.00   -2.250954159    4.938149340    0.000000000

 Bond lengths in Bohr (Angstrom)

 1-2  2.774354860  1-6  1.911748972  1-7  2.061372208  1-8  2.061372208  2-3  2.051585187
     ( 1.468125362)     ( 1.011653985)     ( 1.090831192)     ( 1.090831192)     ( 1.085652124)

  2- 4  2.051383494   2- 5  2.051585187   7-13  2.304787804   8-14  2.304787804   9-10  2.051233513
       ( 1.085545392)       ( 1.085652124)       ( 1.219641178)       ( 1.219641178)       ( 1.085466025)

  9-11  2.856839939   9-12  2.051233513   9-15  2.058766046  11-13  2.401686321  11-14  2.401686321
       ( 1.511774586)       ( 1.085466025)       ( 1.089452070)       ( 1.270917664)       ( 1.270917664)

 Bond angles

  1- 2- 3  110.62404764   1- 2- 4  107.61639359   1- 2- 5  110.62404764   1- 7-13  150.74743148

  1- 8-14  150.74743148   2- 1- 6  113.66257614   2- 1- 7  112.17453951   2- 1- 8  112.17453951

  3-2-4  109.15139688   3-2-5  109.62678271   4-2-5  109.15139688   6-1-7  113.36129566

  6- 1- 8  113.36129566   7- 1- 8   89.95069909   7-13-11  100.20656467   8-14-11  100.20656467

  9-11-13  117.34962947   9-11-14  117.34962947  10- 9-11  110.47138453  10- 9-12  111.10337630

 10- 9-15  108.20498303  11- 9-12  110.47138453  11- 9-15  108.28393859  12- 9-15  108.20498303

 13-11-14  125.28566955

 NUCLEAR CHARGE:                   19
 NUMBER OF PRIMITIVE AOS:        1221
 NUMBER OF SYMMETRY AOS:          990
 NUMBER OF CONTRACTIONS:          894   ( 894A   )
 NUMBER OF CORE ORBITALS:           2   (   2A   )
 NUMBER OF VALENCE ORBITALS:       14   (  14A   )

 MOLECULE CHANGED: INITIALIZING OCCUPATION AND DUMP RECORDS


 NUCLEAR REPULSION ENERGY   47.81947017


 Eigenvalues of metric

         1 0.182E-05 0.203E-05 0.250E-05 0.296E-05 0.335E-05 0.363E-05 0.442E-05 0.723E-05


 OPERATOR DM      FOR CENTER  0  COORDINATES:    0.000000    0.000000    0.000000


 **********************************************************************************************************************************
 DATASETS  * FILE   NREC   LENGTH (MB)   RECORD NAMES
              1      19       36.86       500      610      700      900      950      970     1000      129      960     1100   
                                          VAR    BASINP    GEOM    SYMINP    ZMAT    AOBASIS   BASIS     P2S    ABASIS      S 
                                         1400     1410     1200     1210     1080     1600     1650     1700      960(1)
                                           T        V       H0       H01     AOSYM     SMH    MOLCAS    OPER    ABASIS    

              2       4       19.89       700     1000      520     2100   
                                         GEOM     BASIS   MCVARS     RHF  

 PROGRAMS   *        TOTAL       INT       MP2        HF       INT
 CPU TIMES  *        68.64      2.55     11.62     51.47      2.85
 REAL TIME  *       147.91 SEC
 DISK USED  *         1.30 GB      
 SF USED    *       869.60 MB      
 GA USED    *         3.20 MB       (max)       0.00 MB       (current)
 **********************************************************************************************************************************

1PROGRAM * RHF-SCF (CLOSED SHELL)       Authors: W. Meyer, H.-J. Werner


 NUMBER OF ELECTRONS:       9+    9-    SPACE SYMMETRY=1    SPIN SYMMETRY: Singlet 
 CONVERGENCE THRESHOLDS:    1.00E-05 (Density)    1.00E-07 (Energy)
 INTEGRAL THRESHOLDS:       1.00E-12 (Initial)    1.00E-12 (Final)
 MAX. NUMBER OF ITERATIONS:       60
 INTERPOLATION TYPE:            DIIS
 INTERPOLATION STEPS:              2 (START)      1 (STEP)
 LEVEL SHIFTS:                  0.00 (CLOSED)  0.00 (OPEN) 



 
 Basis set CC-PVQZ/JKFIT generated.      Number of basis functions:   1095 
 
 Orbital guess generated from atomic densities. Full valence occupancy:   16
 Coulomb and exchange fitting
 Thresholds for fitting:       THRAO_COUL= 1.0D-15    THRAO_EXCH= 1.0D-13    THRMO= 1.0D-12    THRPROD= 1.0D-12    THRASM= 1.0D-12
                               THR2HLF=    1.0D-12

 Molecular orbital dump at record        2101.2

 ITERATION   DDIFF            GRAD            ENERGY        2-EL.EN.            DIPOLE MOMENTS         DIIS   CPU(IT)  CPU(TOT)  ORB.
    1      0.000D+00      0.000D+00       -95.55607354    147.148142   -0.47758   -2.98371   -0.00000    0      3.8     12.7     start
    2      0.000D+00      0.208D-02       -95.59932964    149.776237   -0.07327   -3.26288   -0.00000    1      5.3     18.0     diag
    3      0.966D-03      0.898D-03       -95.60469950    148.784360   -0.07864   -3.29120    0.00000    2      3.7     21.7     diag
    4      0.392D-03      0.282D-03       -95.60545091    149.019542   -0.04746   -3.30256    0.00000    3      3.7     25.4     diag
    5      0.117D-03      0.460D-04       -95.60548584    149.023645   -0.04088   -3.31051    0.00000    4      3.5     28.9     diag
    6      0.257D-04      0.103D-04       -95.60548775    149.025476   -0.03891   -3.31099    0.00000    5      3.4     32.4     diag
    7      0.720D-05      0.221D-05       -95.60548784    149.023640   -0.03862   -3.31143    0.00000    6      3.6     35.9     diag
    8      0.163D-05      0.634D-06       -95.60548784    149.024175   -0.03856   -3.31144    0.00000    0      3.6     39.5     orth

 Final occupancy:   9

 !RHF STATE 1.1 Energy                -95.605487842114
 Nuclear energy                        47.81947017
 One-electron energy                 -217.93704530
 Two-electron energy                   74.51208728
 Virial quotient                       -1.00260225
 !RHF STATE 1.1 Dipole moment          -0.03855761    -3.31143522     0.00000000
 Dipole moment /Debye                  -0.09799724    -8.41627753     0.00000000

 Orbital energies:

         1.1          2.1          3.1          4.1          5.1          6.1          7.1          8.1          9.1         10.1
    -15.919257   -11.484200    -1.518441    -1.173501    -1.006077    -0.934473    -0.876862    -0.778122    -0.765502    -0.131449

        11.1
     -0.089536

 HOMO      9.1    -0.765502 =     -20.8304eV
 LUMO     10.1    -0.131449 =      -3.5769eV
 LUMO-HOMO         0.634053 =      17.2535eV


 **********************************************************************************************************************************
 DATASETS  * FILE   NREC   LENGTH (MB)   RECORD NAMES
              1      19       36.92       500      610      700      900      950      970     1000      129      960     1100   
                                          VAR    BASINP    GEOM    SYMINP    ZMAT    AOBASIS   BASIS     P2S    ABASIS      S 
                                         1400     1410     1200     1210     1080     1600     1650     1700      960(1)
                                           T        V       H0       H01     AOSYM     SMH    MOLCAS    OPER    ABASIS    

              2       5       51.94       700     1000      520     2100     2101   
                                         GEOM     BASIS   MCVARS     RHF      RHF  

 PROGRAMS   *        TOTAL        HF       INT       MP2        HF       INT
 CPU TIMES  *       109.79     41.13      2.55     11.62     51.47      2.85
 REAL TIME  *       286.67 SEC
 DISK USED  *         1.64 GB      
 SF USED    *       869.60 MB      
 GA USED    *         3.20 MB       (max)       0.00 MB       (current)
 **********************************************************************************************************************************
 SETTING E_RHF_A        =    -59993.36143361  KCAL/MOL                        


1PROGRAM * MP2 (Closed-shell)     Authors: C. Hampel, H.-J. Werner, 1991, M. Deegan, P.J. Knowles, 1992

 Basis set AUG-CC-PVQZ/MP2FIT generated. Number of basis functions:   1728 

 Convergence thresholds:  THRVAR = 1.00D-08  THRDEN = 1.00D-06

 Number of core orbitals:           2 (   2 )
 Number of closed-shell orbitals:   7 (   7 )
 Number of external orbitals:     885 ( 885 )

 Molecular orbitals read from record     2101.2  Type=RHF/CANONICAL (state 1.1)
 

 Entering DF-MP2

 Thresholds:    THRAO= 0.100D-09    THRMO= 0.100D-08    THROV= 0.100D-11

 Fitting basis: AUG-CC-PVQZ-MP2F
 Number of fitting functions:                1728
 Number of blocks in AO basis:                  6
 Minimum block size:                           80
 Maximum block size:                          218
 Average block size:                          149
 Number of groups in AO basis:                177
 Number of shells in AO basis:                318

 Using large memory version DFMP2B. NIBTK= 1  NGPU= 0  IGPU= 0

 para=T  nprocs= 12  mpptyp=0  number of tasks=  29

 Minimum memory with paging:                  6.71 MW
 Minimum memory for incore assembly:         11.49 MW
 Maximum memory for incore algorithm:        14.59 MW
 Memory for 3-index integrals:                0.00 MW

 Disk space for H1-integrals:                87.09 MB (   203 records)
 
 CPU time for half transformed integrals      2.58 sec, elapsed time      2.59 sec
 CPU time for assembly                        0.87 sec, elapsed time      1.03 sec (6240.6 MFLOP/sec)
 Total CPU time                               6.36 sec, elapsed time      6.70 sec

 SCS-MP2 correlation energy:           -0.438583697771   (PS=  1.200000  PT=  0.333333)
 SCS-MP2 total energy:                -96.044071539885

 Norm of first-order wave function:     0.089506675881
 Coefficient of reference function:     0.958043110571

  Reference energy                    -95.605487842114
  MP2 singlet pair energy              -0.297096647549
  MP2 triplet pair energy              -0.131894551145
  MP2 correlation energy               -0.428991198694

 !MP2 total energy                    -96.034479040808


 **********************************************************************************************************************************
 DATASETS  * FILE   NREC   LENGTH (MB)   RECORD NAMES
              1      19       36.92       500      610      700      900      950      970     1000      129      960     1100   
                                          VAR    BASINP    GEOM    SYMINP    ZMAT    AOBASIS   BASIS     P2S    ABASIS      S 
                                         1400     1410     1200     1210     1080     1600     1650     1700      960(1)
                                           T        V       H0       H01     AOSYM     SMH    MOLCAS    OPER    ABASIS    

              2       5       51.94       700     1000      520     2100     2101   
                                         GEOM     BASIS   MCVARS     RHF      RHF  

 PROGRAMS   *        TOTAL       MP2        HF       INT       MP2        HF       INT
 CPU TIMES  *       118.60      8.81     41.13      2.55     11.62     51.47      2.85
 REAL TIME  *       296.80 SEC
 DISK USED  *         1.64 GB      
 SF USED    *       869.60 MB      
 GA USED    *         3.20 MB       (max)       0.00 MB       (current)
 **********************************************************************************************************************************
 SETTING E_CORR_A       =    -60262.55752911  KCAL/MOL                        
 SETTING E_A            =      -269.19609550  KCAL/MOL                        
 SETTING CHARGE         =        -1.00000000                                  

 Dummy atoms: N0  C1  H2  H3  H4  H5  H6  H7


 Recomputing one-electron integrals since nuclear charges changed

1PROGRAM * SEWARD (Integral evaluation for generally contracted gaussian basis sets)     Author: Roland Lindh, 1990

 Geometry written to block  1 of record 700


 Point group  C1  



 ATOMIC COORDINATES

 NR  ATOM    CHARGE       X              Y              Z

   1  N0      0.00   -0.460465106   -3.315289708    0.000000000
   2  C1      0.00    1.987680753   -4.620520241    0.000000000
   3  H2      0.00    2.185171436   -5.786116024    1.676718725
   4  H3      0.00    3.455359084   -3.187308967    0.000000000
   5  H4      0.00    2.185171436   -5.786116024   -1.676718725
   6  H5      0.00   -1.961316914   -4.499446784    0.000000000
   7  H6      0.00   -0.566765137   -1.860932063   -1.456983022
   8  H7      0.00   -0.566765137   -1.860932063    1.456983022
   9  C8      6.00   -0.297011550    4.289592545    0.000000000
  10  H9      1.00    0.615915763    5.005744508    1.691522690
  11  C10     6.00   -0.300911155    1.432755268    0.000000000
  12  H11     1.00    0.615915763    5.005744508   -1.691522690
  13  O12     8.00   -0.327301145    0.329409693   -2.133079768
  14  O13     8.00   -0.327301145    0.329409693    2.133079768
  15  H14     1.00   -2.250954159    4.938149340    0.000000000

 Bond lengths in Bohr (Angstrom)

 1-2  2.774354860  1-6  1.911748972  1-7  2.061372208  1-8  2.061372208  2-3  2.051585187
     ( 1.468125362)     ( 1.011653985)     ( 1.090831192)     ( 1.090831192)     ( 1.085652124)

  2- 4  2.051383494   2- 5  2.051585187   7-13  2.304787804   8-14  2.304787804   9-10  2.051233513
       ( 1.085545392)       ( 1.085652124)       ( 1.219641178)       ( 1.219641178)       ( 1.085466025)

  9-11  2.856839939   9-12  2.051233513   9-15  2.058766046  11-13  2.401686321  11-14  2.401686321
       ( 1.511774586)       ( 1.085466025)       ( 1.089452070)       ( 1.270917664)       ( 1.270917664)

 Bond angles

  1- 2- 3  110.62404764   1- 2- 4  107.61639359   1- 2- 5  110.62404764   1- 7-13  150.74743148

  1- 8-14  150.74743148   2- 1- 6  113.66257614   2- 1- 7  112.17453951   2- 1- 8  112.17453951

  3-2-4  109.15139688   3-2-5  109.62678271   4-2-5  109.15139688   6-1-7  113.36129566

  6- 1- 8  113.36129566   7- 1- 8   89.95069909   7-13-11  100.20656467   8-14-11  100.20656467

  9-11-13  117.34962947   9-11-14  117.34962947  10- 9-11  110.47138453  10- 9-12  111.10337630

 10- 9-15  108.20498303  11- 9-12  110.47138453  11- 9-15  108.28393859  12- 9-15  108.20498303

 13-11-14  125.28566955

 NUCLEAR CHARGE:                   31
 NUMBER OF PRIMITIVE AOS:        1221
 NUMBER OF SYMMETRY AOS:          990
 NUMBER OF CONTRACTIONS:          894   ( 894A   )
 NUMBER OF CORE ORBITALS:           4   (   4A   )
 NUMBER OF VALENCE ORBITALS:       19   (  19A   )

 MOLECULE CHANGED: INITIALIZING OCCUPATION AND DUMP RECORDS


 NUCLEAR REPULSION ENERGY  111.93319492


 Eigenvalues of metric

         1 0.182E-05 0.203E-05 0.250E-05 0.296E-05 0.335E-05 0.363E-05 0.442E-05 0.723E-05


 OPERATOR DM      FOR CENTER  0  COORDINATES:    0.000000    0.000000    0.000000


 **********************************************************************************************************************************
 DATASETS  * FILE   NREC   LENGTH (MB)   RECORD NAMES
              1      19       36.92       500      610      700      900      950      970     1000      129      960     1100   
                                          VAR    BASINP    GEOM    SYMINP    ZMAT    AOBASIS   BASIS     P2S    ABASIS      S 
                                         1400     1410     1200     1210     1080     1600     1650     1700      960(1)
                                           T        V       H0       H01     AOSYM     SMH    MOLCAS    OPER    ABASIS    

              2       5       51.94       700     1000      520     2100     2101   
                                         GEOM     BASIS   MCVARS     RHF      RHF  

 PROGRAMS   *        TOTAL       INT       MP2        HF       INT       MP2        HF       INT
 CPU TIMES  *       121.03      2.42      8.81     41.13      2.55     11.62     51.47      2.85
 REAL TIME  *       301.60 SEC
 DISK USED  *         1.64 GB      
 SF USED    *       869.60 MB      
 GA USED    *         3.20 MB       (max)       0.00 MB       (current)
 **********************************************************************************************************************************

1PROGRAM * RHF-SCF (CLOSED SHELL)       Authors: W. Meyer, H.-J. Werner


 NUMBER OF ELECTRONS:      16+   16-    SPACE SYMMETRY=1    SPIN SYMMETRY: Singlet 
 CONVERGENCE THRESHOLDS:    1.00E-05 (Density)    1.00E-07 (Energy)
 INTEGRAL THRESHOLDS:       1.00E-12 (Initial)    1.00E-12 (Final)
 MAX. NUMBER OF ITERATIONS:       60
 INTERPOLATION TYPE:            DIIS
 INTERPOLATION STEPS:              2 (START)      1 (STEP)
 LEVEL SHIFTS:                  0.00 (CLOSED)  0.00 (OPEN) 



 
 Basis set CC-PVQZ/JKFIT generated.      Number of basis functions:   1095 
 
 Orbital guess generated from atomic densities. Full valence occupancy:   23
 Coulomb and exchange fitting
 Thresholds for fitting:       THRAO_COUL= 1.0D-15    THRAO_EXCH= 1.0D-13    THRMO= 1.0D-12    THRPROD= 1.0D-12    THRASM= 1.0D-12
                               THR2HLF=    1.0D-12

 Molecular orbital dump at record        2102.2

 ITERATION   DDIFF            GRAD            ENERGY        2-EL.EN.            DIPOLE MOMENTS         DIIS   CPU(IT)  CPU(TOT)  ORB.
    1      0.000D+00      0.000D+00      -227.19999763    409.852932    0.29550    0.85227    0.00000    0      4.3     12.1     start
    2      0.000D+00      0.337D-02      -227.28491382    400.482526    0.32450   -0.27688   -0.00000    1      4.4     16.5     diag
    3      0.219D-02      0.248D-02      -227.33885048    403.538659    0.32963    0.02890   -0.00000    2      3.3     19.9     diag
    4      0.889D-03      0.235D-03      -227.34009090    403.741353    0.32863    0.01035   -0.00000    3      3.5     23.4     diag
    5      0.195D-03      0.788D-04      -227.34024319    403.604029    0.33074    0.01391    0.00000    4      3.6     27.0     diag
    6      0.633D-04      0.215D-04      -227.34025544    403.623625    0.33107    0.01380   -0.00000    5      3.8     30.7     diag
    7      0.225D-04      0.387D-05      -227.34025601    403.619612    0.33107    0.01422    0.00000    6      3.5     34.3     diag
    8      0.470D-05      0.956D-06      -227.34025604    403.621173    0.33111    0.01433    0.00000    7      4.6     38.8     diag
    9      0.116D-05      0.301D-06      -227.34025604    403.620609    0.33110    0.01428   -0.00000    0      4.3     43.2     orth

 Final occupancy:  16

 !RHF STATE 1.1 Energy               -227.340256042955
 Nuclear energy                       111.93319492
 One-electron energy                 -541.08375559
 Two-electron energy                  201.81030463
 Virial quotient                       -1.00114984
 !RHF STATE 1.1 Dipole moment           0.33110253     0.01428033    -0.00000000
 Dipole moment /Debye                   0.84152358     0.03629459    -0.00000000

 Orbital energies:

         1.1          2.1          3.1          4.1          5.1          6.1          7.1          8.1          9.1         10.1
    -20.279760   -20.279727   -11.127788   -11.045193    -1.150357    -1.045870    -0.804366    -0.513231    -0.419966    -0.417067

        11.1         12.1         13.1         14.1         15.1         16.1         17.1         18.1
     -0.410530    -0.353764    -0.309353    -0.198680    -0.194403    -0.181519     0.110814     0.118679

 HOMO     16.1    -0.181519 =      -4.9394eV
 LUMO     17.1     0.110814 =       3.0154eV
 LUMO-HOMO         0.292333 =       7.9548eV


 **********************************************************************************************************************************
 DATASETS  * FILE   NREC   LENGTH (MB)   RECORD NAMES
              1      19       36.92       500      610      700      900      950      970     1000      129      960     1100   
                                          VAR    BASINP    GEOM    SYMINP    ZMAT    AOBASIS   BASIS     P2S    ABASIS      S 
                                         1400     1410     1200     1210     1080     1600     1650     1700      960(1)
                                           T        V       H0       H01     AOSYM     SMH    MOLCAS    OPER    ABASIS    

              2       6       83.99       700     1000      520     2100     2101     2102   
                                         GEOM     BASIS   MCVARS     RHF      RHF      RHF  

 PROGRAMS   *        TOTAL        HF       INT       MP2        HF       INT       MP2        HF       INT
 CPU TIMES  *       164.91     43.87      2.42      8.81     41.13      2.55     11.62     51.47      2.85
 REAL TIME  *       445.90 SEC
 DISK USED  *         2.07 GB      
 SF USED    *       869.60 MB      
 GA USED    *         3.20 MB       (max)       0.00 MB       (current)
 **********************************************************************************************************************************
 SETTING E_RHF_B        =    ***************  KCAL/MOL                        


1PROGRAM * MP2 (Closed-shell)     Authors: C. Hampel, H.-J. Werner, 1991, M. Deegan, P.J. Knowles, 1992

 Basis set AUG-CC-PVQZ/MP2FIT generated. Number of basis functions:   1728 

 Convergence thresholds:  THRVAR = 1.00D-08  THRDEN = 1.00D-06

 Number of core orbitals:           4 (   4 )
 Number of closed-shell orbitals:  12 (  12 )
 Number of external orbitals:     878 ( 878 )

 Molecular orbitals read from record     2102.2  Type=RHF/CANONICAL (state 1.1)
 

 Entering DF-MP2

 Thresholds:    THRAO= 0.100D-09    THRMO= 0.100D-08    THROV= 0.100D-11

 Fitting basis: AUG-CC-PVQZ-MP2F
 Number of fitting functions:                1728
 Number of blocks in AO basis:                  6
 Minimum block size:                           80
 Maximum block size:                          218
 Average block size:                          149
 Number of groups in AO basis:                177
 Number of shells in AO basis:                318

 Using large memory version DFMP2B. NIBTK= 1  NGPU= 0  IGPU= 0

 para=T  nprocs= 12  mpptyp=0  number of tasks=  29

 Minimum memory with paging:                  6.68 MW
 Minimum memory for incore assembly:         18.98 MW
 Maximum memory for incore algorithm:        22.37 MW
 Memory for 3-index integrals:                0.00 MW

 Disk space for H1-integrals:               149.30 MB (   348 records)
 
 CPU time for half transformed integrals      2.75 sec, elapsed time      2.78 sec
 CPU time for assembly                        2.20 sec, elapsed time      3.16 sec (7287.0 MFLOP/sec)
 Total CPU time                               7.85 sec, elapsed time      8.96 sec

 SCS-MP2 correlation energy:           -0.874593474891   (PS=  1.200000  PT=  0.333333)
 SCS-MP2 total energy:               -228.214849517851

 Norm of first-order wave function:     0.173488891886
 Coefficient of reference function:     0.923124991196

  Reference energy                   -227.340256042961
  MP2 singlet pair energy              -0.558847593474
  MP2 triplet pair energy              -0.327819154374
  MP2 correlation energy               -0.886666747848

 !MP2 total energy                   -228.226922790809


 **********************************************************************************************************************************
 DATASETS  * FILE   NREC   LENGTH (MB)   RECORD NAMES
              1      19       36.92       500      610      700      900      950      970     1000      129      960     1100   
                                          VAR    BASINP    GEOM    SYMINP    ZMAT    AOBASIS   BASIS     P2S    ABASIS      S 
                                         1400     1410     1200     1210     1080     1600     1650     1700      960(1)
                                           T        V       H0       H01     AOSYM     SMH    MOLCAS    OPER    ABASIS    

              2       6       83.99       700     1000      520     2100     2101     2102   
                                         GEOM     BASIS   MCVARS     RHF      RHF      RHF  

 PROGRAMS   *        TOTAL       MP2        HF       INT       MP2        HF       INT       MP2        HF       INT
 CPU TIMES  *       174.40      9.49     43.87      2.42      8.81     41.13      2.55     11.62     51.47      2.85
 REAL TIME  *       457.72 SEC
 DISK USED  *         2.07 GB      
 SF USED    *       869.60 MB      
 GA USED    *         3.20 MB       (max)       0.00 MB       (current)
 **********************************************************************************************************************************
 SETTING E_CORR_B       =    ***************  KCAL/MOL                        
 SETTING E_B            =      -556.39189628  KCAL/MOL                        
 SETTING E_RHF_CP       =      -112.78465247  KCAL/MOL                        
 SETTING E_CORR_CP      =       -10.31061833  KCAL/MOL                        

        DF-MP2          DF-HF           DF-MP2          DF-HF           DF-MP2          DF-HF   
   -228.22692279   -227.34025604    -96.03447904    -95.60548784   -324.45756659   -323.12547763
 **********************************************************************************************************************************
 Variable memory released
