
 Primary working directories    : /scratch/1723611.phoenix.chem.wisc.edu
 Secondary working directories  : /scratch/1723611.phoenix.chem.wisc.edu
 Wavefunction directory         : /scratch/1723611.phoenix.chem.wisc.edu/
 Main file repository           : /scratch/1723611.phoenix.chem.wisc.edu/

 SHA1      : 65e45729fe3f963b0eb97374e3bda9949063ef0f
 NAME      : 2012.1.17
 ARCHNAME  : Linux/x86_64
 FC        : /opt/intel/composer_xe_2013.5.192/bin/intel64/ifort
 FCVERSION : 13.1.3
 BLASLIB   : -L/opt/intel/composer_xe_2013.5.192/mkl/lib/intel64 -lmkl_intel_ilp64 -lmkl_sequential -lmkl_core
 id        : cuichemwisc

 Nodes             nprocs
 compute-1-34.local   12
 ga_uses_ma=false, calling ma_init with nominal heap.
 GA-space will be limited to   8.0 MW (determined by -G option)

 Using customized tuning parameters: mindgm=1; mindgv=20; mindgc=4; mindgr=1; noblas=0; minvec=7
 default implementation of scratch files=sf  

 geomtyp=xyz
 geometry={
 15
  N0         -0.243667639400      -1.754375754500       0.000000000000
  C1          1.051835353300      -2.445074005300       0.000000000000
  H2          1.156342921500      -3.061880728700       0.887281335000
  H3          1.828497275900      -1.686651263200       0.000000000000
  H4          1.156342921500      -3.061880728700      -0.887281335000
  H5         -1.037884210400      -2.381004691100       0.000000000000
  H6         -0.299919193300      -0.984762835500      -0.771002209100
  H7         -0.299919193300      -0.984762835500       0.771002209100
  C8         -0.216469469500       2.593285566900       0.000000000000
  H9          0.266630858100       2.972256864000       0.895115256100
  C10        -0.218533051600       1.081512389800       0.000000000000
  H11         0.266630858100       2.972256864000      -0.895115256100
  O12        -0.232498032700       0.497647057900      -1.128777198300
  O13        -0.232498032700       0.497647057900       1.128777198300
  H14        -1.250451365500       2.936487041700       0.000000000000
 }
 
 
 basis=avtz
 
                                                                                 ! Complex
 set,charge=0
 
 df-hf
 e_rhf_c = energy*tokcal
 df-mp2
 e_corr_c = energy*tokcal
 e_c = e_corr_c - e_rhf_c
 
 
                                                                                 ! Monomer 1
 set,charge=1
 dummy,C8,H9,C10,H11,O12,O13,H14
 
 df-hf
 e_rhf_a = energy*tokcal
 df-mp2
 e_corr_a = energy*tokcal
 e_a = e_corr_a - e_rhf_a
 
 
                                                                                 ! Monomer 2
 set,charge=-1
 dummy,N0,C1,H2,H3,H4,H5,H6,H7
 
 df-hf
 e_rhf_b = energy*tokcal
 df-mp2
 e_corr_b = energy*tokcal
 e_b = e_corr_b - e_rhf_b
 
 
 e_rhf_cp = e_rhf_c - (e_rhf_a + e_rhf_b)
 e_corr_cp = e_c - (e_a + e_b)

 Variables initialized (782), CPU time= 0.01 sec
 Commands  initialized (547), CPU time= 0.01 sec, 517 directives.
 Default parameters read. Elapsed time= 0.14 sec

 Checking input...
 Passed
1


                                         ***  PROGRAM SYSTEM MOLPRO  ***
                         Copyright, University College Cardiff Consultants Limited, 2008

                                    Version 2012.1 linked Oct 11 2014 15:40:16


 **********************************************************************************************************************************
 LABEL *                                                                                 
 Linux-2.6.18-308.el5/compute-1-34.local(x86_64) 64 bit mpp version                      DATE: 12-Dec-14          TIME: 06:12:45  
 **********************************************************************************************************************************

 SHA1:             65e45729fe3f963b0eb97374e3bda9949063ef0f
 **********************************************************************************************************************************
 SETTING GEOMTYP        =    XYZ

 Turning off symmetry in density fitting calculation
 To re-enable, use 'set,zsymel=auto'


 Variable memory set to  350000000 words,  buffer space   230000 words

 SETTING BASIS          =    AVTZ
 SETTING CHARGE         =         0.00000000                                  


 Recomputing integrals since basis changed


 Using spherical harmonics

 Library entry N      S aug-cc-pVTZ          selected for orbital group  1
 Library entry N      P aug-cc-pVTZ          selected for orbital group  1
 Library entry N      D aug-cc-pVTZ          selected for orbital group  1
 Library entry N      F aug-cc-pVTZ          selected for orbital group  1
 Library entry C      S aug-cc-pVTZ          selected for orbital group  2
 Library entry C      P aug-cc-pVTZ          selected for orbital group  2
 Library entry C      D aug-cc-pVTZ          selected for orbital group  2
 Library entry C      F aug-cc-pVTZ          selected for orbital group  2
 Library entry H      S aug-cc-pVTZ          selected for orbital group  3
 Library entry H      P aug-cc-pVTZ          selected for orbital group  3
 Library entry H      D aug-cc-pVTZ          selected for orbital group  3
 Library entry O      S aug-cc-pVTZ          selected for orbital group  8
 Library entry O      P aug-cc-pVTZ          selected for orbital group  8
 Library entry O      D aug-cc-pVTZ          selected for orbital group  8
 Library entry O      F aug-cc-pVTZ          selected for orbital group  8

1PROGRAM * SEWARD (Integral evaluation for generally contracted gaussian basis sets)     Author: Roland Lindh, 1990

 Geometry written to block  1 of record 700


 Point group  C1  



 ATOMIC COORDINATES

 NR  ATOM    CHARGE       X              Y              Z

   1  N0      7.00   -0.460465106   -3.315289708    0.000000000
   2  C1      6.00    1.987680753   -4.620520241    0.000000000
   3  H2      1.00    2.185171436   -5.786116024    1.676718725
   4  H3      1.00    3.455359084   -3.187308967    0.000000000
   5  H4      1.00    2.185171436   -5.786116024   -1.676718725
   6  H5      1.00   -1.961316914   -4.499446784    0.000000000
   7  H6      1.00   -0.566765137   -1.860932063   -1.456983022
   8  H7      1.00   -0.566765137   -1.860932063    1.456983022
   9  C8      6.00   -0.409068013    4.900599502    0.000000000
  10  H9      1.00    0.503859300    5.616751465    1.691522690
  11  C10     6.00   -0.412967618    2.043762224    0.000000000
  12  H11     1.00    0.503859300    5.616751465   -1.691522690
  13  O12     8.00   -0.439357608    0.940416650   -2.133079768
  14  O13     8.00   -0.439357608    0.940416650    2.133079768
  15  H14     1.00   -2.363010621    5.549156297    0.000000000

 Bond lengths in Bohr (Angstrom)

 1-2  2.774354860  1-6  1.911748972  1-7  2.061372208  1-8  2.061372208  2-3  2.051585187
     ( 1.468125362)     ( 1.011653985)     ( 1.090831192)     ( 1.090831192)     ( 1.085652124)

  2- 4  2.051383494   2- 5  2.051585187   9-10  2.051233513   9-11  2.856839939   9-12  2.051233513
       ( 1.085545392)       ( 1.085652124)       ( 1.085466025)       ( 1.511774586)       ( 1.085466025)

  9-15  2.058766046  11-13  2.401686321  11-14  2.401686321
       ( 1.089452070)       ( 1.270917664)       ( 1.270917664)

 Bond angles

  1-2-3  110.62404764   1-2-4  107.61639359   1-2-5  110.62404764   2-1-6  113.66257614

  2-1-7  112.17453951   2-1-8  112.17453951   3-2-4  109.15139688   3-2-5  109.62678271

  4-2-5  109.15139688   6-1-7  113.36129566   6-1-8  113.36129566   7-1-8   89.95069909

  9-11-13  117.34962947   9-11-14  117.34962947  10- 9-11  110.47138453  10- 9-12  111.10337630

 10- 9-15  108.20498303  11- 9-12  110.47138453  11- 9-15  108.28393859  12- 9-15  108.20498303

 13-11-14  125.28566955

 NUCLEAR CHARGE:                   50
 NUMBER OF PRIMITIVE AOS:         645
 NUMBER OF SYMMETRY AOS:          573
 NUMBER OF CONTRACTIONS:          483   ( 483A   )
 NUMBER OF CORE ORBITALS:           6   (   6A   )
 NUMBER OF VALENCE ORBITALS:       33   (  33A   )


 NUCLEAR REPULSION ENERGY  254.50921292


 Eigenvalues of metric

         1 0.973E-05 0.119E-04 0.146E-04 0.214E-04 0.329E-04 0.392E-04 0.464E-04 0.479E-04


 OPERATOR DM      FOR CENTER  0  COORDINATES:    0.000000    0.000000    0.000000


 **********************************************************************************************************************************
 DATASETS  * FILE   NREC   LENGTH (MB)   RECORD NAMES
              1      18       16.33       500      610      700      900      950      970     1000      129      960     1100   
                                          VAR    BASINP    GEOM    SYMINP    ZMAT    AOBASIS   BASIS     P2S    ABASIS      S 
                                         1400     1410     1200     1210     1080     1600     1650     1700   
                                           T        V       H0       H01     AOSYM     SMH    MOLCAS    OPER   

 PROGRAMS   *        TOTAL       INT
 CPU TIMES  *         0.90      0.76
 REAL TIME  *         1.18 SEC
 DISK USED  *         0.00 MB      
 GA USED    *         0.01 MB       (max)       0.00 MB       (current)
 **********************************************************************************************************************************

1PROGRAM * RHF-SCF (CLOSED SHELL)       Authors: W. Meyer, H.-J. Werner


 NUMBER OF ELECTRONS:      25+   25-    SPACE SYMMETRY=1    SPIN SYMMETRY: Singlet 
 CONVERGENCE THRESHOLDS:    1.00E-05 (Density)    1.00E-07 (Energy)
 INTEGRAL THRESHOLDS:       1.00E-11 (Initial)    1.00E-11 (Final)
 MAX. NUMBER OF ITERATIONS:       60
 INTERPOLATION TYPE:            DIIS
 INTERPOLATION STEPS:              2 (START)      1 (STEP)
 LEVEL SHIFTS:                  0.00 (CLOSED)  0.00 (OPEN) 



 
 Basis set CC-PVTZ/JKFIT generated.      Number of basis functions:   744 
 
 Orbital guess generated from atomic densities. Full valence occupancy:   39
 Coulomb and exchange fitting
 Thresholds for fitting:       THRAO_COUL= 1.0D-14    THRAO_EXCH= 1.0D-12    THRMO= 1.0D-11    THRPROD= 1.0D-11    THRASM= 1.0D-11
                               THR2HLF=    1.0D-11

 Molecular orbital dump at record        2100.2

 ITERATION   DDIFF            GRAD            ENERGY        2-EL.EN.            DIPOLE MOMENTS         DIIS   CPU(IT)  CPU(TOT)  ORB.
    1      0.000D+00      0.000D+00      -323.01373472    740.936043   -0.09993   -1.83310    0.00000    0      1.5     14.3     start
    2      0.000D+00      0.355D-02      -323.10443128    736.106695    0.14574   -1.86756   -0.00000    1      1.2     15.5     diag
    3      0.400D-02      0.227D-02      -323.14279150    737.929496    0.11893   -1.77644    0.00000    2      1.1     16.6     diag
    4      0.144D-02      0.340D-03      -323.14474235    737.962934    0.11881   -1.78693    0.00000    3      0.9     17.5     diag
    5      0.470D-03      0.839D-04      -323.14488598    737.891378    0.12706   -1.77907    0.00000    4      0.9     18.4     diag
    6      0.111D-03      0.252D-04      -323.14489955    737.898838    0.12849   -1.77976    0.00000    5      1.2     19.6     diag
    7      0.403D-04      0.467D-05      -323.14490011    737.899965    0.12866   -1.77987    0.00000    6      0.9     20.5     diag
    8      0.723D-05      0.118D-05      -323.14490015    737.899060    0.12885   -1.77984    0.00000    7      0.9     21.4     diag
    9      0.192D-05      0.399D-06      -323.14490015    737.899799    0.12885   -1.77986   -0.00000    0      0.9     22.3     orth

 Final occupancy:  25

 !RHF STATE 1.1 Energy               -323.144900149273
 Nuclear energy                       254.50921292
 One-electron energy                 -946.60401249
 Two-electron energy                  368.94989943
 Virial quotient                       -1.00139740
 !RHF STATE 1.1 Dipole moment           0.12885280    -1.77986429    -0.00000000
 Dipole moment /Debye                   0.32748970    -4.52366749    -0.00000000

 Orbital energies:

         1.1          2.1          3.1          4.1          5.1          6.1          7.1          8.1          9.1         10.1
    -20.498957   -20.498923   -15.625767   -11.336581   -11.287565   -11.202048    -1.383683    -1.274507    -1.261513    -0.975978

        11.1         12.1         13.1         14.1         15.1         16.1         17.1         18.1         19.1         20.1
     -0.957310    -0.769883    -0.713481    -0.708060    -0.651145    -0.622006    -0.608595    -0.592130    -0.573120    -0.549081

        21.1         22.1         23.1         24.1         25.1         26.1         27.1
     -0.529760    -0.505670    -0.413604    -0.408835    -0.403903     0.018525     0.035219

 HOMO     25.1    -0.403903 =     -10.9908eV
 LUMO     26.1     0.018525 =       0.5041eV
 LUMO-HOMO         0.422428 =      11.4949eV


 **********************************************************************************************************************************
 DATASETS  * FILE   NREC   LENGTH (MB)   RECORD NAMES
              1      18       16.33       500      610      700      900      950      970     1000      129      960     1100   
                                          VAR    BASINP    GEOM    SYMINP    ZMAT    AOBASIS   BASIS     P2S    ABASIS      S 
                                         1400     1410     1200     1210     1080     1600     1650     1700   
                                           T        V       H0       H01     AOSYM     SMH    MOLCAS    OPER   

              2       4        6.22       700     1000      520     2100   
                                         GEOM     BASIS   MCVARS     RHF  

 PROGRAMS   *        TOTAL        HF       INT
 CPU TIMES  *        23.32     22.40      0.76
 REAL TIME  *        61.08 SEC
 DISK USED  *       451.40 MB      
 SF USED    *        80.15 MB      
 GA USED    *         3.20 MB       (max)       0.00 MB       (current)
 **********************************************************************************************************************************
 SETTING E_RHF_C        =    ***************  KCAL/MOL                        


1PROGRAM * MP2 (Closed-shell)     Authors: C. Hampel, H.-J. Werner, 1991, M. Deegan, P.J. Knowles, 1992

 Basis set AUG-CC-PVTZ/MP2FIT generated. Number of basis functions:   1050 

 Convergence thresholds:  THRVAR = 1.00D-08  THRDEN = 1.00D-06

 Number of core orbitals:           6 (   6 )
 Number of closed-shell orbitals:  19 (  19 )
 Number of external orbitals:     458 ( 458 )

 Molecular orbitals read from record     2100.2  Type=RHF/CANONICAL (state 1.1)
 

 Entering DF-MP2

 Thresholds:    THRAO= 0.100D-09    THRMO= 0.100D-08    THROV= 0.100D-11

 Fitting basis: AUG-CC-PVTZ-MP2F
 Number of fitting functions:                1050
 Number of blocks in AO basis:                  4
 Minimum block size:                          115
 Maximum block size:                          138
 Average block size:                          121
 Number of groups in AO basis:                117
 Number of shells in AO basis:                231

 Using large memory version DFMP2B. NIBTK= 1  NGPU= 0  IGPU= 0

 para=T  nprocs= 12  mpptyp=0  number of tasks=  35

 Minimum memory with paging:                  2.73 MW
 Minimum memory for incore assembly:          9.35 MW
 Maximum memory for incore algorithm:        10.99 MW
 Memory for 3-index integrals:                0.00 MW

 Disk space for H1-integrals:                77.73 MB (   665 records)
 
 CPU time for half transformed integrals      0.50 sec, elapsed time      0.51 sec
 CPU time for assembly                        0.83 sec, elapsed time      1.08 sec (7998.8 MFLOP/sec)
 Total CPU time                               2.25 sec, elapsed time      2.55 sec

 SCS-MP2 correlation energy:           -1.238379557625   (PS=  1.200000  PT=  0.333333)
 SCS-MP2 total energy:               -324.383279706896

 Norm of first-order wave function:     0.254902153546
 Coefficient of reference function:     0.892678485007

  Reference energy                   -323.144900149271
  MP2 singlet pair energy              -0.794582715231
  MP2 triplet pair energy              -0.457843338236
  MP2 correlation energy               -1.252426053467

 !MP2 total energy                   -324.397326202739


 **********************************************************************************************************************************
 DATASETS  * FILE   NREC   LENGTH (MB)   RECORD NAMES
              1      18       16.33       500      610      700      900      950      970     1000      129      960     1100   
                                          VAR    BASINP    GEOM    SYMINP    ZMAT    AOBASIS   BASIS     P2S    ABASIS      S 
                                         1400     1410     1200     1210     1080     1600     1650     1700   
                                           T        V       H0       H01     AOSYM     SMH    MOLCAS    OPER   

              2       4        6.22       700     1000      520     2100   
                                         GEOM     BASIS   MCVARS     RHF  

 PROGRAMS   *        TOTAL       MP2        HF       INT
 CPU TIMES  *        26.29      2.97     22.40      0.76
 REAL TIME  *        66.07 SEC
 DISK USED  *       451.40 MB      
 SF USED    *       304.89 MB      
 GA USED    *         3.20 MB       (max)       0.00 MB       (current)
 **********************************************************************************************************************************
 SETTING E_CORR_C       =    ***************  KCAL/MOL                        
 SETTING E_C            =      -785.90937184  KCAL/MOL                        
 SETTING CHARGE         =         1.00000000                                  

 Dummy atoms: C8  H9  C10  H11  O12  O13  H14


 Recomputing one-electron integrals since nuclear charges changed

1PROGRAM * SEWARD (Integral evaluation for generally contracted gaussian basis sets)     Author: Roland Lindh, 1990

 Geometry written to block  1 of record 700


 Point group  C1  



 ATOMIC COORDINATES

 NR  ATOM    CHARGE       X              Y              Z

   1  N0      7.00   -0.460465106   -3.315289708    0.000000000
   2  C1      6.00    1.987680753   -4.620520241    0.000000000
   3  H2      1.00    2.185171436   -5.786116024    1.676718725
   4  H3      1.00    3.455359084   -3.187308967    0.000000000
   5  H4      1.00    2.185171436   -5.786116024   -1.676718725
   6  H5      1.00   -1.961316914   -4.499446784    0.000000000
   7  H6      1.00   -0.566765137   -1.860932063   -1.456983022
   8  H7      1.00   -0.566765137   -1.860932063    1.456983022
   9  C8      0.00   -0.409068013    4.900599502    0.000000000
  10  H9      0.00    0.503859300    5.616751465    1.691522690
  11  C10     0.00   -0.412967618    2.043762224    0.000000000
  12  H11     0.00    0.503859300    5.616751465   -1.691522690
  13  O12     0.00   -0.439357608    0.940416650   -2.133079768
  14  O13     0.00   -0.439357608    0.940416650    2.133079768
  15  H14     0.00   -2.363010621    5.549156297    0.000000000

 Bond lengths in Bohr (Angstrom)

 1-2  2.774354860  1-6  1.911748972  1-7  2.061372208  1-8  2.061372208  2-3  2.051585187
     ( 1.468125362)     ( 1.011653985)     ( 1.090831192)     ( 1.090831192)     ( 1.085652124)

  2- 4  2.051383494   2- 5  2.051585187   9-10  2.051233513   9-11  2.856839939   9-12  2.051233513
       ( 1.085545392)       ( 1.085652124)       ( 1.085466025)       ( 1.511774586)       ( 1.085466025)

  9-15  2.058766046  11-13  2.401686321  11-14  2.401686321
       ( 1.089452070)       ( 1.270917664)       ( 1.270917664)

 Bond angles

  1-2-3  110.62404764   1-2-4  107.61639359   1-2-5  110.62404764   2-1-6  113.66257614

  2-1-7  112.17453951   2-1-8  112.17453951   3-2-4  109.15139688   3-2-5  109.62678271

  4-2-5  109.15139688   6-1-7  113.36129566   6-1-8  113.36129566   7-1-8   89.95069909

  9-11-13  117.34962947   9-11-14  117.34962947  10- 9-11  110.47138453  10- 9-12  111.10337630

 10- 9-15  108.20498303  11- 9-12  110.47138453  11- 9-15  108.28393859  12- 9-15  108.20498303

 13-11-14  125.28566955

 NUCLEAR CHARGE:                   19
 NUMBER OF PRIMITIVE AOS:         645
 NUMBER OF SYMMETRY AOS:          573
 NUMBER OF CONTRACTIONS:          483   ( 483A   )
 NUMBER OF CORE ORBITALS:           2   (   2A   )
 NUMBER OF VALENCE ORBITALS:       14   (  14A   )

 MOLECULE CHANGED: INITIALIZING OCCUPATION AND DUMP RECORDS


 NUCLEAR REPULSION ENERGY   47.81947017


 Eigenvalues of metric

         1 0.973E-05 0.119E-04 0.146E-04 0.214E-04 0.329E-04 0.392E-04 0.464E-04 0.479E-04


 OPERATOR DM      FOR CENTER  0  COORDINATES:    0.000000    0.000000    0.000000


 **********************************************************************************************************************************
 DATASETS  * FILE   NREC   LENGTH (MB)   RECORD NAMES
              1      18       16.33       500      610      700      900      950      970     1000      129      960     1100   
                                          VAR    BASINP    GEOM    SYMINP    ZMAT    AOBASIS   BASIS     P2S    ABASIS      S 
                                         1400     1410     1200     1210     1080     1600     1650     1700   
                                           T        V       H0       H01     AOSYM     SMH    MOLCAS    OPER   

              2       4        6.22       700     1000      520     2100   
                                         GEOM     BASIS   MCVARS     RHF  

 PROGRAMS   *        TOTAL       INT       MP2        HF       INT
 CPU TIMES  *        27.11      0.79      2.97     22.40      0.76
 REAL TIME  *        67.57 SEC
 DISK USED  *       451.40 MB      
 SF USED    *       304.89 MB      
 GA USED    *         3.20 MB       (max)       0.00 MB       (current)
 **********************************************************************************************************************************

1PROGRAM * RHF-SCF (CLOSED SHELL)       Authors: W. Meyer, H.-J. Werner


 NUMBER OF ELECTRONS:       9+    9-    SPACE SYMMETRY=1    SPIN SYMMETRY: Singlet 
 CONVERGENCE THRESHOLDS:    1.00E-05 (Density)    1.00E-07 (Energy)
 INTEGRAL THRESHOLDS:       1.00E-11 (Initial)    1.00E-11 (Final)
 MAX. NUMBER OF ITERATIONS:       60
 INTERPOLATION TYPE:            DIIS
 INTERPOLATION STEPS:              2 (START)      1 (STEP)
 LEVEL SHIFTS:                  0.00 (CLOSED)  0.00 (OPEN) 



 
 Basis set CC-PVTZ/JKFIT generated.      Number of basis functions:   744 
 
 Orbital guess generated from atomic densities. Full valence occupancy:   16
 Coulomb and exchange fitting
 Thresholds for fitting:       THRAO_COUL= 1.0D-14    THRAO_EXCH= 1.0D-12    THRMO= 1.0D-11    THRPROD= 1.0D-11    THRASM= 1.0D-11
                               THR2HLF=    1.0D-11

 Molecular orbital dump at record        2101.2

 ITERATION   DDIFF            GRAD            ENERGY        2-EL.EN.            DIPOLE MOMENTS         DIIS   CPU(IT)  CPU(TOT)  ORB.
    1      0.000D+00      0.000D+00       -95.55006013    147.108090   -0.47910   -2.98333   -0.00000    0      1.6     14.5     start
    2      0.000D+00      0.284D-02       -95.59327000    149.767823   -0.07330   -3.26254   -0.00000    1      0.8     15.2     diag
    3      0.205D-02      0.123D-02       -95.59869087    148.766544   -0.07886   -3.29113   -0.00000    2      0.7     16.0     diag
    4      0.765D-03      0.382D-03       -95.59943618    148.998685   -0.04769   -3.30254    0.00000    3      0.8     16.8     diag
    5      0.247D-03      0.619D-04       -95.59947092    149.003698   -0.04112   -3.31048   -0.00000    4      0.8     17.6     diag
    6      0.502D-04      0.137D-04       -95.59947275    149.005238   -0.03917   -3.31092   -0.00000    5      0.9     18.5     diag
    7      0.126D-04      0.290D-05       -95.59947283    149.003529   -0.03890   -3.31136   -0.00000    6      0.8     19.2     diag
    8      0.257D-05      0.817D-06       -95.59947283    149.004026   -0.03884   -3.31136   -0.00000    0      0.7     20.0     orth

 Final occupancy:   9

 !RHF STATE 1.1 Energy                -95.599472832263
 Nuclear energy                        47.81947017
 One-electron energy                 -217.92095614
 Two-electron energy                   74.50201313
 Virial quotient                       -1.00291385
 !RHF STATE 1.1 Dipole moment          -0.03883824    -3.31136063    -0.00000000
 Dipole moment /Debye                  -0.09871048    -8.41608794    -0.00000000

 Orbital energies:

         1.1          2.1          3.1          4.1          5.1          6.1          7.1          8.1          9.1         10.1
    -15.920822   -11.485166    -1.518776    -1.173565    -1.005944    -0.934329    -0.876694    -0.777897    -0.765272    -0.131399

        11.1
     -0.089167

 HOMO      9.1    -0.765272 =     -20.8241eV
 LUMO     10.1    -0.131399 =      -3.5755eV
 LUMO-HOMO         0.633873 =      17.2486eV


 **********************************************************************************************************************************
 DATASETS  * FILE   NREC   LENGTH (MB)   RECORD NAMES
              1      18       16.33       500      610      700      900      950      970     1000      129      960     1100   
                                          VAR    BASINP    GEOM    SYMINP    ZMAT    AOBASIS   BASIS     P2S    ABASIS      S 
                                         1400     1410     1200     1210     1080     1600     1650     1700   
                                           T        V       H0       H01     AOSYM     SMH    MOLCAS    OPER   

              2       5       15.61       700     1000      520     2100     2101   
                                         GEOM     BASIS   MCVARS     RHF      RHF  

 PROGRAMS   *        TOTAL        HF       INT       MP2        HF       INT
 CPU TIMES  *        47.25     20.14      0.79      2.97     22.40      0.76
 REAL TIME  *       160.60 SEC
 DISK USED  *       552.89 MB      
 SF USED    *       304.89 MB      
 GA USED    *         3.20 MB       (max)       0.00 MB       (current)
 **********************************************************************************************************************************
 SETTING E_RHF_A        =    -59989.58695718  KCAL/MOL                        


1PROGRAM * MP2 (Closed-shell)     Authors: C. Hampel, H.-J. Werner, 1991, M. Deegan, P.J. Knowles, 1992

 Basis set AUG-CC-PVTZ/MP2FIT generated. Number of basis functions:   1050 

 Convergence thresholds:  THRVAR = 1.00D-08  THRDEN = 1.00D-06

 Number of core orbitals:           2 (   2 )
 Number of closed-shell orbitals:   7 (   7 )
 Number of external orbitals:     474 ( 474 )

 Molecular orbitals read from record     2101.2  Type=RHF/CANONICAL (state 1.1)
 

 Entering DF-MP2

 Thresholds:    THRAO= 0.100D-09    THRMO= 0.100D-08    THROV= 0.100D-11

 Fitting basis: AUG-CC-PVTZ-MP2F
 Number of fitting functions:                1050
 Number of blocks in AO basis:                  4
 Minimum block size:                          115
 Maximum block size:                          138
 Average block size:                          121
 Number of groups in AO basis:                117
 Number of shells in AO basis:                231

 Using large memory version DFMP2B. NIBTK= 1  NGPU= 0  IGPU= 0

 para=T  nprocs= 12  mpptyp=0  number of tasks=  35

 Minimum memory with paging:                  2.76 MW
 Minimum memory for incore assembly:          3.71 MW
 Maximum memory for incore algorithm:         4.85 MW
 Memory for 3-index integrals:                0.00 MW

 Disk space for H1-integrals:                28.64 MB (   245 records)
 
 CPU time for half transformed integrals      0.42 sec, elapsed time      0.42 sec
 CPU time for assembly                        0.16 sec, elapsed time      0.20 sec (5925.8 MFLOP/sec)
 Total CPU time                               1.72 sec, elapsed time      1.86 sec

 SCS-MP2 correlation energy:           -0.413982615739   (PS=  1.200000  PT=  0.333333)
 SCS-MP2 total energy:                -96.013455448000

 Norm of first-order wave function:     0.087963656404
 Coefficient of reference function:     0.958722248792

  Reference energy                    -95.599472832261
  MP2 singlet pair energy              -0.278393254437
  MP2 triplet pair energy              -0.128427927452
  MP2 correlation energy               -0.406821181889

 !MP2 total energy                    -96.006294014150


 **********************************************************************************************************************************
 DATASETS  * FILE   NREC   LENGTH (MB)   RECORD NAMES
              1      18       16.33       500      610      700      900      950      970     1000      129      960     1100   
                                          VAR    BASINP    GEOM    SYMINP    ZMAT    AOBASIS   BASIS     P2S    ABASIS      S 
                                         1400     1410     1200     1210     1080     1600     1650     1700   
                                           T        V       H0       H01     AOSYM     SMH    MOLCAS    OPER   

              2       5       15.61       700     1000      520     2100     2101   
                                         GEOM     BASIS   MCVARS     RHF      RHF  

 PROGRAMS   *        TOTAL       MP2        HF       INT       MP2        HF       INT
 CPU TIMES  *        49.30      2.04     20.14      0.79      2.97     22.40      0.76
 REAL TIME  *       163.24 SEC
 DISK USED  *       552.89 MB      
 SF USED    *       304.89 MB      
 GA USED    *         3.20 MB       (max)       0.00 MB       (current)
 **********************************************************************************************************************************
 SETTING E_CORR_A       =    -60244.87115430  KCAL/MOL                        
 SETTING E_A            =      -255.28419712  KCAL/MOL                        
 SETTING CHARGE         =        -1.00000000                                  

 Dummy atoms: N0  C1  H2  H3  H4  H5  H6  H7


 Recomputing one-electron integrals since nuclear charges changed

1PROGRAM * SEWARD (Integral evaluation for generally contracted gaussian basis sets)     Author: Roland Lindh, 1990

 Geometry written to block  1 of record 700


 Point group  C1  



 ATOMIC COORDINATES

 NR  ATOM    CHARGE       X              Y              Z

   1  N0      0.00   -0.460465106   -3.315289708    0.000000000
   2  C1      0.00    1.987680753   -4.620520241    0.000000000
   3  H2      0.00    2.185171436   -5.786116024    1.676718725
   4  H3      0.00    3.455359084   -3.187308967    0.000000000
   5  H4      0.00    2.185171436   -5.786116024   -1.676718725
   6  H5      0.00   -1.961316914   -4.499446784    0.000000000
   7  H6      0.00   -0.566765137   -1.860932063   -1.456983022
   8  H7      0.00   -0.566765137   -1.860932063    1.456983022
   9  C8      6.00   -0.409068013    4.900599502    0.000000000
  10  H9      1.00    0.503859300    5.616751465    1.691522690
  11  C10     6.00   -0.412967618    2.043762224    0.000000000
  12  H11     1.00    0.503859300    5.616751465   -1.691522690
  13  O12     8.00   -0.439357608    0.940416650   -2.133079768
  14  O13     8.00   -0.439357608    0.940416650    2.133079768
  15  H14     1.00   -2.363010621    5.549156297    0.000000000

 Bond lengths in Bohr (Angstrom)

 1-2  2.774354860  1-6  1.911748972  1-7  2.061372208  1-8  2.061372208  2-3  2.051585187
     ( 1.468125362)     ( 1.011653985)     ( 1.090831192)     ( 1.090831192)     ( 1.085652124)

  2- 4  2.051383494   2- 5  2.051585187   9-10  2.051233513   9-11  2.856839939   9-12  2.051233513
       ( 1.085545392)       ( 1.085652124)       ( 1.085466025)       ( 1.511774586)       ( 1.085466025)

  9-15  2.058766046  11-13  2.401686321  11-14  2.401686321
       ( 1.089452070)       ( 1.270917664)       ( 1.270917664)

 Bond angles

  1-2-3  110.62404764   1-2-4  107.61639359   1-2-5  110.62404764   2-1-6  113.66257614

  2-1-7  112.17453951   2-1-8  112.17453951   3-2-4  109.15139688   3-2-5  109.62678271

  4-2-5  109.15139688   6-1-7  113.36129566   6-1-8  113.36129566   7-1-8   89.95069909

  9-11-13  117.34962947   9-11-14  117.34962947  10- 9-11  110.47138453  10- 9-12  111.10337630

 10- 9-15  108.20498303  11- 9-12  110.47138453  11- 9-15  108.28393859  12- 9-15  108.20498303

 13-11-14  125.28566955

 NUCLEAR CHARGE:                   31
 NUMBER OF PRIMITIVE AOS:         645
 NUMBER OF SYMMETRY AOS:          573
 NUMBER OF CONTRACTIONS:          483   ( 483A   )
 NUMBER OF CORE ORBITALS:           4   (   4A   )
 NUMBER OF VALENCE ORBITALS:       19   (  19A   )

 MOLECULE CHANGED: INITIALIZING OCCUPATION AND DUMP RECORDS


 NUCLEAR REPULSION ENERGY  111.93319492


 Eigenvalues of metric

         1 0.973E-05 0.119E-04 0.146E-04 0.214E-04 0.329E-04 0.392E-04 0.464E-04 0.479E-04


 OPERATOR DM      FOR CENTER  0  COORDINATES:    0.000000    0.000000    0.000000


 **********************************************************************************************************************************
 DATASETS  * FILE   NREC   LENGTH (MB)   RECORD NAMES
              1      18       16.33       500      610      700      900      950      970     1000      129      960     1100   
                                          VAR    BASINP    GEOM    SYMINP    ZMAT    AOBASIS   BASIS     P2S    ABASIS      S 
                                         1400     1410     1200     1210     1080     1600     1650     1700   
                                           T        V       H0       H01     AOSYM     SMH    MOLCAS    OPER   

              2       5       15.61       700     1000      520     2100     2101   
                                         GEOM     BASIS   MCVARS     RHF      RHF  

 PROGRAMS   *        TOTAL       INT       MP2        HF       INT       MP2        HF       INT
 CPU TIMES  *        49.95      0.65      2.04     20.14      0.79      2.97     22.40      0.76
 REAL TIME  *       164.51 SEC
 DISK USED  *       552.89 MB      
 SF USED    *       304.89 MB      
 GA USED    *         3.20 MB       (max)       0.00 MB       (current)
 **********************************************************************************************************************************

1PROGRAM * RHF-SCF (CLOSED SHELL)       Authors: W. Meyer, H.-J. Werner


 NUMBER OF ELECTRONS:      16+   16-    SPACE SYMMETRY=1    SPIN SYMMETRY: Singlet 
 CONVERGENCE THRESHOLDS:    1.00E-05 (Density)    1.00E-07 (Energy)
 INTEGRAL THRESHOLDS:       1.00E-11 (Initial)    1.00E-11 (Final)
 MAX. NUMBER OF ITERATIONS:       60
 INTERPOLATION TYPE:            DIIS
 INTERPOLATION STEPS:              2 (START)      1 (STEP)
 LEVEL SHIFTS:                  0.00 (CLOSED)  0.00 (OPEN) 



 
 Basis set CC-PVTZ/JKFIT generated.      Number of basis functions:   744 
 
 Orbital guess generated from atomic densities. Full valence occupancy:   23
 Coulomb and exchange fitting
 Thresholds for fitting:       THRAO_COUL= 1.0D-14    THRAO_EXCH= 1.0D-12    THRMO= 1.0D-11    THRPROD= 1.0D-11    THRASM= 1.0D-11
                               THR2HLF=    1.0D-11

 Molecular orbital dump at record        2102.2

 ITERATION   DDIFF            GRAD            ENERGY        2-EL.EN.            DIPOLE MOMENTS         DIIS   CPU(IT)  CPU(TOT)  ORB.
    1      0.000D+00      0.000D+00      -227.18667062    409.743733    0.40751    0.23289   -0.00000    0      1.4     17.1     start
    2      0.000D+00      0.459D-02      -227.27138356    400.467629    0.43633   -0.88756   -0.00000    1      0.9     18.0     diag
    3      0.420D-02      0.338D-02      -227.32475346    403.478412    0.44158   -0.58314   -0.00000    2      0.9     18.9     diag
    4      0.160D-02      0.320D-03      -227.32599624    403.675552    0.44061   -0.60060    0.00000    3      1.0     19.9     diag
    5      0.424D-03      0.107D-03      -227.32614680    403.539009    0.44272   -0.59650    0.00000    4      0.8     20.7     diag
    6      0.113D-03      0.287D-04      -227.32615873    403.557945    0.44306   -0.59638    0.00000    5      0.8     21.5     diag
    7      0.398D-04      0.510D-05      -227.32615927    403.554157    0.44306   -0.59593    0.00000    6      0.8     22.3     diag
    8      0.765D-05      0.126D-05      -227.32615930    403.555688    0.44310   -0.59582   -0.00000    7      0.9     23.3     diag
    9      0.187D-05      0.397D-06      -227.32615930    403.555137    0.44309   -0.59587   -0.00000    0      1.0     24.2     orth

 Final occupancy:  16

 !RHF STATE 1.1 Energy               -227.326159298793
 Nuclear energy                       111.93319492
 One-electron energy                 -541.03692265
 Two-electron energy                  201.77756843
 Virial quotient                       -1.00152309
 !RHF STATE 1.1 Dipole moment           0.44309120    -0.59586771    -0.00000000
 Dipole moment /Debye                   1.12615174    -1.51444546    -0.00000000

 Orbital energies:

         1.1          2.1          3.1          4.1          5.1          6.1          7.1          8.1          9.1         10.1
    -20.282499   -20.282465   -11.129017   -11.046260    -1.151199    -1.046738    -0.804604    -0.513424    -0.419899    -0.416976

        11.1         12.1         13.1         14.1         15.1         16.1         17.1         18.1
     -0.410507    -0.353710    -0.309265    -0.198611    -0.194300    -0.181422     0.114612     0.129696

 HOMO     16.1    -0.181422 =      -4.9367eV
 LUMO     17.1     0.114612 =       3.1188eV
 LUMO-HOMO         0.296034 =       8.0555eV


 **********************************************************************************************************************************
 DATASETS  * FILE   NREC   LENGTH (MB)   RECORD NAMES
              1      18       16.33       500      610      700      900      950      970     1000      129      960     1100   
                                          VAR    BASINP    GEOM    SYMINP    ZMAT    AOBASIS   BASIS     P2S    ABASIS      S 
                                         1400     1410     1200     1210     1080     1600     1650     1700   
                                           T        V       H0       H01     AOSYM     SMH    MOLCAS    OPER   

              2       6       25.00       700     1000      520     2100     2101     2102   
                                         GEOM     BASIS   MCVARS     RHF      RHF      RHF  

 PROGRAMS   *        TOTAL        HF       INT       MP2        HF       INT       MP2        HF       INT
 CPU TIMES  *        74.43     24.45      0.65      2.04     20.14      0.79      2.97     22.40      0.76
 REAL TIME  *       260.44 SEC
 DISK USED  *       676.81 MB      
 SF USED    *       304.89 MB      
 GA USED    *         3.20 MB       (max)       0.00 MB       (current)
 **********************************************************************************************************************************
 SETTING E_RHF_B        =    ***************  KCAL/MOL                        


1PROGRAM * MP2 (Closed-shell)     Authors: C. Hampel, H.-J. Werner, 1991, M. Deegan, P.J. Knowles, 1992

 Basis set AUG-CC-PVTZ/MP2FIT generated. Number of basis functions:   1050 

 Convergence thresholds:  THRVAR = 1.00D-08  THRDEN = 1.00D-06

 Number of core orbitals:           4 (   4 )
 Number of closed-shell orbitals:  12 (  12 )
 Number of external orbitals:     467 ( 467 )

 Molecular orbitals read from record     2102.2  Type=RHF/CANONICAL (state 1.1)
 

 Entering DF-MP2

 Thresholds:    THRAO= 0.100D-09    THRMO= 0.100D-08    THROV= 0.100D-11

 Fitting basis: AUG-CC-PVTZ-MP2F
 Number of fitting functions:                1050
 Number of blocks in AO basis:                  4
 Minimum block size:                          115
 Maximum block size:                          138
 Average block size:                          121
 Number of groups in AO basis:                117
 Number of shells in AO basis:                231

 Using large memory version DFMP2B. NIBTK= 1  NGPU= 0  IGPU= 0

 para=T  nprocs= 12  mpptyp=0  number of tasks=  35

 Minimum memory with paging:                  2.75 MW
 Minimum memory for incore assembly:          6.10 MW
 Maximum memory for incore algorithm:         7.41 MW
 Memory for 3-index integrals:                0.00 MW

 Disk space for H1-integrals:                49.09 MB (   420 records)
 
 CPU time for half transformed integrals      0.44 sec, elapsed time      0.45 sec
 CPU time for assembly                        0.14 sec, elapsed time      1.75 sec (6573.8 MFLOP/sec)
 Total CPU time                               1.50 sec, elapsed time      3.16 sec

 SCS-MP2 correlation energy:           -0.818435127528   (PS=  1.200000  PT=  0.333333)
 SCS-MP2 total energy:               -228.144594426320

 Norm of first-order wave function:     0.170142257999
 Coefficient of reference function:     0.924444128079

  Reference energy                   -227.326159298793
  MP2 singlet pair energy              -0.516921856041
  MP2 triplet pair energy              -0.318421446876
  MP2 correlation energy               -0.835343302917

 !MP2 total energy                   -228.161502601710


 **********************************************************************************************************************************
 DATASETS  * FILE   NREC   LENGTH (MB)   RECORD NAMES
              1      18       16.33       500      610      700      900      950      970     1000      129      960     1100   
                                          VAR    BASINP    GEOM    SYMINP    ZMAT    AOBASIS   BASIS     P2S    ABASIS      S 
                                         1400     1410     1200     1210     1080     1600     1650     1700   
                                           T        V       H0       H01     AOSYM     SMH    MOLCAS    OPER   

              2       6       25.00       700     1000      520     2100     2101     2102   
                                         GEOM     BASIS   MCVARS     RHF      RHF      RHF  

 PROGRAMS   *        TOTAL       MP2        HF       INT       MP2        HF       INT       MP2        HF       INT
 CPU TIMES  *        76.24      1.80     24.45      0.65      2.04     20.14      0.79      2.97     22.40      0.76
 REAL TIME  *       264.12 SEC
 DISK USED  *       676.81 MB      
 SF USED    *       304.89 MB      
 GA USED    *         3.20 MB       (max)       0.00 MB       (current)
 **********************************************************************************************************************************
 SETTING E_CORR_B       =    ***************  KCAL/MOL                        
 SETTING E_B            =      -524.18594188  KCAL/MOL                        
 SETTING E_RHF_CP       =      -137.59278640  KCAL/MOL                        
 SETTING E_CORR_CP      =        -6.43923285  KCAL/MOL                        

        DF-MP2          DF-HF           DF-MP2          DF-HF           DF-MP2          DF-HF   
   -228.16150260   -227.32615930    -96.00629401    -95.59947283   -324.39732620   -323.14490015
 **********************************************************************************************************************************
 Variable memory released
