
 Primary working directories    : /scratch/1723614.phoenix.chem.wisc.edu
 Secondary working directories  : /scratch/1723614.phoenix.chem.wisc.edu
 Wavefunction directory         : /scratch/1723614.phoenix.chem.wisc.edu/
 Main file repository           : /scratch/1723614.phoenix.chem.wisc.edu/

 SHA1      : 65e45729fe3f963b0eb97374e3bda9949063ef0f
 NAME      : 2012.1.17
 ARCHNAME  : Linux/x86_64
 FC        : /opt/intel/composer_xe_2013.5.192/bin/intel64/ifort
 FCVERSION : 13.1.3
 BLASLIB   : -L/opt/intel/composer_xe_2013.5.192/mkl/lib/intel64 -lmkl_intel_ilp64 -lmkl_sequential -lmkl_core
 id        : cuichemwisc

 Nodes             nprocs
 compute-1-31.local   12
 ga_uses_ma=false, calling ma_init with nominal heap.
 GA-space will be limited to   8.0 MW (determined by -G option)

 Using customized tuning parameters: mindgm=1; mindgv=20; mindgc=4; mindgr=1; noblas=0; minvec=7
 default implementation of scratch files=sf  

 geomtyp=xyz
 geometry={
 15
  N0         -0.243667639400      -1.754375754500       0.000000000000
  C1          1.051835353300      -2.445074005300       0.000000000000
  H2          1.156342921500      -3.061880728700       0.887281335000
  H3          1.828497275900      -1.686651263200       0.000000000000
  H4          1.156342921500      -3.061880728700      -0.887281335000
  H5         -1.037884210400      -2.381004691100       0.000000000000
  H6         -0.299919193300      -0.984762835500      -0.771002209100
  H7         -0.299919193300      -0.984762835500       0.771002209100
  C8         -0.364713784953       3.401612957183       0.000000000000
  H9          0.118386542647       3.780584254283       0.895115256100
  C10        -0.366777367053       1.889839780083       0.000000000000
  H11         0.118386542647       3.780584254283      -0.895115256100
  O12        -0.380742348153       1.305974448183      -1.128777198300
  O13        -0.380742348153       1.305974448183       1.128777198300
  H14        -1.398695680953       3.744814431983       0.000000000000
 }
 
 
 basis=avtz
 
                                                                                 ! Complex
 set,charge=0
 
 df-hf
 e_rhf_c = energy*tokcal
 df-mp2
 e_corr_c = energy*tokcal
 e_c = e_corr_c - e_rhf_c
 
 
                                                                                 ! Monomer 1
 set,charge=1
 dummy,C8,H9,C10,H11,O12,O13,H14
 
 df-hf
 e_rhf_a = energy*tokcal
 df-mp2
 e_corr_a = energy*tokcal
 e_a = e_corr_a - e_rhf_a
 
 
                                                                                 ! Monomer 2
 set,charge=-1
 dummy,N0,C1,H2,H3,H4,H5,H6,H7
 
 df-hf
 e_rhf_b = energy*tokcal
 df-mp2
 e_corr_b = energy*tokcal
 e_b = e_corr_b - e_rhf_b
 
 
 e_rhf_cp = e_rhf_c - (e_rhf_a + e_rhf_b)
 e_corr_cp = e_c - (e_a + e_b)

 Variables initialized (782), CPU time= 0.01 sec
 Commands  initialized (547), CPU time= 0.01 sec, 517 directives.
 Default parameters read. Elapsed time= 0.12 sec

 Checking input...
 Passed
1


                                         ***  PROGRAM SYSTEM MOLPRO  ***
                         Copyright, University College Cardiff Consultants Limited, 2008

                                    Version 2012.1 linked Oct 11 2014 15:40:16


 **********************************************************************************************************************************
 LABEL *                                                                                 
 Linux-2.6.18-308.el5/compute-1-31.local(x86_64) 64 bit mpp version                      DATE: 12-Dec-14          TIME: 06:15:51  
 **********************************************************************************************************************************

 SHA1:             65e45729fe3f963b0eb97374e3bda9949063ef0f
 **********************************************************************************************************************************
 SETTING GEOMTYP        =    XYZ

 Turning off symmetry in density fitting calculation
 To re-enable, use 'set,zsymel=auto'


 Variable memory set to  350000000 words,  buffer space   230000 words

 SETTING BASIS          =    AVTZ
 SETTING CHARGE         =         0.00000000                                  


 Recomputing integrals since basis changed


 Using spherical harmonics

 Library entry N      S aug-cc-pVTZ          selected for orbital group  1
 Library entry N      P aug-cc-pVTZ          selected for orbital group  1
 Library entry N      D aug-cc-pVTZ          selected for orbital group  1
 Library entry N      F aug-cc-pVTZ          selected for orbital group  1
 Library entry C      S aug-cc-pVTZ          selected for orbital group  2
 Library entry C      P aug-cc-pVTZ          selected for orbital group  2
 Library entry C      D aug-cc-pVTZ          selected for orbital group  2
 Library entry C      F aug-cc-pVTZ          selected for orbital group  2
 Library entry H      S aug-cc-pVTZ          selected for orbital group  3
 Library entry H      P aug-cc-pVTZ          selected for orbital group  3
 Library entry H      D aug-cc-pVTZ          selected for orbital group  3
 Library entry O      S aug-cc-pVTZ          selected for orbital group  8
 Library entry O      P aug-cc-pVTZ          selected for orbital group  8
 Library entry O      D aug-cc-pVTZ          selected for orbital group  8
 Library entry O      F aug-cc-pVTZ          selected for orbital group  8

1PROGRAM * SEWARD (Integral evaluation for generally contracted gaussian basis sets)     Author: Roland Lindh, 1990

 Geometry written to block  1 of record 700


 Point group  C1  



 ATOMIC COORDINATES

 NR  ATOM    CHARGE       X              Y              Z

   1  N0      7.00   -0.460465106   -3.315289708    0.000000000
   2  C1      6.00    1.987680753   -4.620520241    0.000000000
   3  H2      1.00    2.185171436   -5.786116024    1.676718725
   4  H3      1.00    3.455359084   -3.187308967    0.000000000
   5  H4      1.00    2.185171436   -5.786116024   -1.676718725
   6  H5      1.00   -1.961316914   -4.499446784    0.000000000
   7  H6      1.00   -0.566765137   -1.860932063   -1.456983022
   8  H7      1.00   -0.566765137   -1.860932063    1.456983022
   9  C8      6.00   -0.689209170    6.428116894    0.000000000
  10  H9      1.00    0.223718143    7.144268857    1.691522690
  11  C10     6.00   -0.693108775    3.571279617    0.000000000
  12  H11     1.00    0.223718143    7.144268857   -1.691522690
  13  O12     8.00   -0.719498765    2.467934042   -2.133079768
  14  O13     8.00   -0.719498765    2.467934042    2.133079768
  15  H14     1.00   -2.643151778    7.076673689    0.000000000

 Bond lengths in Bohr (Angstrom)

 1-2  2.774354860  1-6  1.911748972  1-7  2.061372208  1-8  2.061372208  2-3  2.051585187
     ( 1.468125362)     ( 1.011653985)     ( 1.090831192)     ( 1.090831192)     ( 1.085652124)

  2- 4  2.051383494   2- 5  2.051585187   9-10  2.051233513   9-11  2.856839939   9-12  2.051233513
       ( 1.085545392)       ( 1.085652124)       ( 1.085466025)       ( 1.511774586)       ( 1.085466025)

  9-15  2.058766046  11-13  2.401686321  11-14  2.401686321
       ( 1.089452070)       ( 1.270917664)       ( 1.270917664)

 Bond angles

  1-2-3  110.62404764   1-2-4  107.61639359   1-2-5  110.62404764   2-1-6  113.66257614

  2-1-7  112.17453951   2-1-8  112.17453951   3-2-4  109.15139688   3-2-5  109.62678271

  4-2-5  109.15139688   6-1-7  113.36129566   6-1-8  113.36129566   7-1-8   89.95069909

  9-11-13  117.34962947   9-11-14  117.34962947  10- 9-11  110.47138453  10- 9-12  111.10337630

 10- 9-15  108.20498303  11- 9-12  110.47138453  11- 9-15  108.28393859  12- 9-15  108.20498303

 13-11-14  125.28566955

 NUCLEAR CHARGE:                   50
 NUMBER OF PRIMITIVE AOS:         645
 NUMBER OF SYMMETRY AOS:          573
 NUMBER OF CONTRACTIONS:          483   ( 483A   )
 NUMBER OF CORE ORBITALS:           6   (   6A   )
 NUMBER OF VALENCE ORBITALS:       33   (  33A   )


 NUCLEAR REPULSION ENERGY  235.56142813


 Eigenvalues of metric

         1 0.127E-04 0.160E-04 0.208E-04 0.350E-04 0.424E-04 0.507E-04 0.524E-04 0.737E-04


 OPERATOR DM      FOR CENTER  0  COORDINATES:    0.000000    0.000000    0.000000


 **********************************************************************************************************************************
 DATASETS  * FILE   NREC   LENGTH (MB)   RECORD NAMES
              1      18       16.33       500      610      700      900      950      970     1000      129      960     1100   
                                          VAR    BASINP    GEOM    SYMINP    ZMAT    AOBASIS   BASIS     P2S    ABASIS      S 
                                         1400     1410     1200     1210     1080     1600     1650     1700   
                                           T        V       H0       H01     AOSYM     SMH    MOLCAS    OPER   

 PROGRAMS   *        TOTAL       INT
 CPU TIMES  *         0.86      0.72
 REAL TIME  *         1.13 SEC
 DISK USED  *         0.00 MB      
 GA USED    *         0.01 MB       (max)       0.00 MB       (current)
 **********************************************************************************************************************************

1PROGRAM * RHF-SCF (CLOSED SHELL)       Authors: W. Meyer, H.-J. Werner


 NUMBER OF ELECTRONS:      25+   25-    SPACE SYMMETRY=1    SPIN SYMMETRY: Singlet 
 CONVERGENCE THRESHOLDS:    1.00E-05 (Density)    1.00E-07 (Energy)
 INTEGRAL THRESHOLDS:       1.00E-11 (Initial)    1.00E-11 (Final)
 MAX. NUMBER OF ITERATIONS:       60
 INTERPOLATION TYPE:            DIIS
 INTERPOLATION STEPS:              2 (START)      1 (STEP)
 LEVEL SHIFTS:                  0.00 (CLOSED)  0.00 (OPEN) 



 
 Basis set CC-PVTZ/JKFIT generated.      Number of basis functions:   744 
 
 Orbital guess generated from atomic densities. Full valence occupancy:   39
 Coulomb and exchange fitting
 Thresholds for fitting:       THRAO_COUL= 1.0D-14    THRAO_EXCH= 1.0D-12    THRMO= 1.0D-11    THRPROD= 1.0D-11    THRASM= 1.0D-11
                               THR2HLF=    1.0D-11

 Molecular orbital dump at record        2100.2

 ITERATION   DDIFF            GRAD            ENERGY        2-EL.EN.            DIPOLE MOMENTS         DIIS   CPU(IT)  CPU(TOT)  ORB.
    1      0.000D+00      0.000D+00      -322.94244418    704.717705    0.19688   -4.11133   -0.00000    0      1.4      7.7     start
    2      0.000D+00      0.393D-02      -323.05593628    698.632875    0.49980   -4.31905   -0.00000    1      1.2      8.9     diag
    3      0.450D-02      0.269D-02      -323.10888019    700.938045    0.48094   -4.14347   -0.00000    2      0.9      9.8     diag
    4      0.164D-02      0.328D-03      -323.11084921    700.939134    0.48151   -4.12553   -0.00000    3      0.8     10.6     diag
    5      0.492D-03      0.102D-03      -323.11101799    700.908833    0.48961   -4.10794   -0.00000    4      0.9     11.5     diag
    6      0.107D-03      0.305D-04      -323.11103652    700.895961    0.49057   -4.10510   -0.00000    5      0.9     12.4     diag
    7      0.418D-04      0.690D-05      -323.11103747    700.904029    0.49098   -4.10431   -0.00000    6      0.9     13.3     diag
    8      0.960D-05      0.219D-05      -323.11103756    700.901413    0.49100   -4.10403   -0.00000    7      1.0     14.3     diag
    9      0.271D-05      0.568D-06      -323.11103757    700.902140    0.49105   -4.10396   -0.00000    0      0.9     15.2     orth

 Final occupancy:  25

 !RHF STATE 1.1 Energy               -323.111037570424
 Nuclear energy                       235.56142813
 One-electron energy                 -909.12353594
 Two-electron energy                  350.45107023
 Virial quotient                       -1.00244422
 !RHF STATE 1.1 Dipole moment           0.49105003    -4.10396346    -0.00000000
 Dipole moment /Debye                   1.24804295   -10.43055144    -0.00000000

 Orbital energies:

         1.1          2.1          3.1          4.1          5.1          6.1          7.1          8.1          9.1         10.1
    -20.446688   -20.446653   -15.728805   -11.336093   -11.284424   -11.169016    -1.337782    -1.314916    -1.210605    -1.014776

        11.1         12.1         13.1         14.1         15.1         16.1         17.1         18.1         19.1         20.1
     -0.933177    -0.823948    -0.756763    -0.710145    -0.662121    -0.625325    -0.611021    -0.564957    -0.564048    -0.548819

        21.1         22.1         23.1         24.1         25.1         26.1         27.1
     -0.494972    -0.459695    -0.359598    -0.357690    -0.348661     0.000277     0.021834

 HOMO     25.1    -0.348661 =      -9.4876eV
 LUMO     26.1     0.000277 =       0.0075eV
 LUMO-HOMO         0.348939 =       9.4951eV


 **********************************************************************************************************************************
 DATASETS  * FILE   NREC   LENGTH (MB)   RECORD NAMES
              1      18       16.33       500      610      700      900      950      970     1000      129      960     1100   
                                          VAR    BASINP    GEOM    SYMINP    ZMAT    AOBASIS   BASIS     P2S    ABASIS      S 
                                         1400     1410     1200     1210     1080     1600     1650     1700   
                                           T        V       H0       H01     AOSYM     SMH    MOLCAS    OPER   

              2       4        6.22       700     1000      520     2100   
                                         GEOM     BASIS   MCVARS     RHF  

 PROGRAMS   *        TOTAL        HF       INT
 CPU TIMES  *        16.38     15.50      0.72
 REAL TIME  *        51.18 SEC
 DISK USED  *       451.40 MB      
 SF USED    *        80.15 MB      
 GA USED    *         3.20 MB       (max)       0.00 MB       (current)
 **********************************************************************************************************************************
 SETTING E_RHF_C        =    ***************  KCAL/MOL                        


1PROGRAM * MP2 (Closed-shell)     Authors: C. Hampel, H.-J. Werner, 1991, M. Deegan, P.J. Knowles, 1992

 Basis set AUG-CC-PVTZ/MP2FIT generated. Number of basis functions:   1050 

 Convergence thresholds:  THRVAR = 1.00D-08  THRDEN = 1.00D-06

 Number of core orbitals:           6 (   6 )
 Number of closed-shell orbitals:  19 (  19 )
 Number of external orbitals:     458 ( 458 )

 Molecular orbitals read from record     2100.2  Type=RHF/CANONICAL (state 1.1)
 

 Entering DF-MP2

 Thresholds:    THRAO= 0.100D-09    THRMO= 0.100D-08    THROV= 0.100D-11

 Fitting basis: AUG-CC-PVTZ-MP2F
 Number of fitting functions:                1050
 Number of blocks in AO basis:                  4
 Minimum block size:                          115
 Maximum block size:                          138
 Average block size:                          121
 Number of groups in AO basis:                117
 Number of shells in AO basis:                231

 Using large memory version DFMP2B. NIBTK= 1  NGPU= 0  IGPU= 0

 para=T  nprocs= 12  mpptyp=0  number of tasks=  35

 Minimum memory with paging:                  2.73 MW
 Minimum memory for incore assembly:          9.35 MW
 Maximum memory for incore algorithm:        10.99 MW
 Memory for 3-index integrals:                0.00 MW

 Disk space for H1-integrals:                77.73 MB (   665 records)
 
 CPU time for half transformed integrals      0.50 sec, elapsed time      0.52 sec
 CPU time for assembly                        0.84 sec, elapsed time      1.20 sec (7903.6 MFLOP/sec)
 Total CPU time                               2.49 sec, elapsed time      2.89 sec

 SCS-MP2 correlation energy:           -1.232320192614   (PS=  1.200000  PT=  0.333333)
 SCS-MP2 total energy:               -324.343357763039

 Norm of first-order wave function:     0.257435622060
 Coefficient of reference function:     0.891778751815

  Reference energy                   -323.111037570424
  MP2 singlet pair energy              -0.793704326698
  MP2 triplet pair energy              -0.449799108069
  MP2 correlation energy               -1.243503434767

 !MP2 total energy                   -324.354541005192


 **********************************************************************************************************************************
 DATASETS  * FILE   NREC   LENGTH (MB)   RECORD NAMES
              1      18       16.33       500      610      700      900      950      970     1000      129      960     1100   
                                          VAR    BASINP    GEOM    SYMINP    ZMAT    AOBASIS   BASIS     P2S    ABASIS      S 
                                         1400     1410     1200     1210     1080     1600     1650     1700   
                                           T        V       H0       H01     AOSYM     SMH    MOLCAS    OPER   

              2       4        6.22       700     1000      520     2100   
                                         GEOM     BASIS   MCVARS     RHF  

 PROGRAMS   *        TOTAL       MP2        HF       INT
 CPU TIMES  *        19.33      2.94     15.50      0.72
 REAL TIME  *        54.82 SEC
 DISK USED  *       451.40 MB      
 SF USED    *       289.50 MB      
 GA USED    *         3.20 MB       (max)       0.00 MB       (current)
 **********************************************************************************************************************************
 SETTING E_CORR_C       =    ***************  KCAL/MOL                        
 SETTING E_C            =      -780.31034295  KCAL/MOL                        
 SETTING CHARGE         =         1.00000000                                  

 Dummy atoms: C8  H9  C10  H11  O12  O13  H14


 Recomputing one-electron integrals since nuclear charges changed

1PROGRAM * SEWARD (Integral evaluation for generally contracted gaussian basis sets)     Author: Roland Lindh, 1990

 Geometry written to block  1 of record 700


 Point group  C1  



 ATOMIC COORDINATES

 NR  ATOM    CHARGE       X              Y              Z

   1  N0      7.00   -0.460465106   -3.315289708    0.000000000
   2  C1      6.00    1.987680753   -4.620520241    0.000000000
   3  H2      1.00    2.185171436   -5.786116024    1.676718725
   4  H3      1.00    3.455359084   -3.187308967    0.000000000
   5  H4      1.00    2.185171436   -5.786116024   -1.676718725
   6  H5      1.00   -1.961316914   -4.499446784    0.000000000
   7  H6      1.00   -0.566765137   -1.860932063   -1.456983022
   8  H7      1.00   -0.566765137   -1.860932063    1.456983022
   9  C8      0.00   -0.689209170    6.428116894    0.000000000
  10  H9      0.00    0.223718143    7.144268857    1.691522690
  11  C10     0.00   -0.693108775    3.571279617    0.000000000
  12  H11     0.00    0.223718143    7.144268857   -1.691522690
  13  O12     0.00   -0.719498765    2.467934042   -2.133079768
  14  O13     0.00   -0.719498765    2.467934042    2.133079768
  15  H14     0.00   -2.643151778    7.076673689    0.000000000

 Bond lengths in Bohr (Angstrom)

 1-2  2.774354860  1-6  1.911748972  1-7  2.061372208  1-8  2.061372208  2-3  2.051585187
     ( 1.468125362)     ( 1.011653985)     ( 1.090831192)     ( 1.090831192)     ( 1.085652124)

  2- 4  2.051383494   2- 5  2.051585187   9-10  2.051233513   9-11  2.856839939   9-12  2.051233513
       ( 1.085545392)       ( 1.085652124)       ( 1.085466025)       ( 1.511774586)       ( 1.085466025)

  9-15  2.058766046  11-13  2.401686321  11-14  2.401686321
       ( 1.089452070)       ( 1.270917664)       ( 1.270917664)

 Bond angles

  1-2-3  110.62404764   1-2-4  107.61639359   1-2-5  110.62404764   2-1-6  113.66257614

  2-1-7  112.17453951   2-1-8  112.17453951   3-2-4  109.15139688   3-2-5  109.62678271

  4-2-5  109.15139688   6-1-7  113.36129566   6-1-8  113.36129566   7-1-8   89.95069909

  9-11-13  117.34962947   9-11-14  117.34962947  10- 9-11  110.47138453  10- 9-12  111.10337630

 10- 9-15  108.20498303  11- 9-12  110.47138453  11- 9-15  108.28393859  12- 9-15  108.20498303

 13-11-14  125.28566955

 NUCLEAR CHARGE:                   19
 NUMBER OF PRIMITIVE AOS:         645
 NUMBER OF SYMMETRY AOS:          573
 NUMBER OF CONTRACTIONS:          483   ( 483A   )
 NUMBER OF CORE ORBITALS:           2   (   2A   )
 NUMBER OF VALENCE ORBITALS:       14   (  14A   )

 MOLECULE CHANGED: INITIALIZING OCCUPATION AND DUMP RECORDS


 NUCLEAR REPULSION ENERGY   47.81947017


 Eigenvalues of metric

         1 0.127E-04 0.160E-04 0.208E-04 0.350E-04 0.424E-04 0.507E-04 0.524E-04 0.737E-04


 OPERATOR DM      FOR CENTER  0  COORDINATES:    0.000000    0.000000    0.000000


 **********************************************************************************************************************************
 DATASETS  * FILE   NREC   LENGTH (MB)   RECORD NAMES
              1      18       16.33       500      610      700      900      950      970     1000      129      960     1100   
                                          VAR    BASINP    GEOM    SYMINP    ZMAT    AOBASIS   BASIS     P2S    ABASIS      S 
                                         1400     1410     1200     1210     1080     1600     1650     1700   
                                           T        V       H0       H01     AOSYM     SMH    MOLCAS    OPER   

              2       4        6.22       700     1000      520     2100   
                                         GEOM     BASIS   MCVARS     RHF  

 PROGRAMS   *        TOTAL       INT       MP2        HF       INT
 CPU TIMES  *        20.38      1.05      2.94     15.50      0.72
 REAL TIME  *        56.31 SEC
 DISK USED  *       451.40 MB      
 SF USED    *       289.50 MB      
 GA USED    *         3.20 MB       (max)       0.00 MB       (current)
 **********************************************************************************************************************************

1PROGRAM * RHF-SCF (CLOSED SHELL)       Authors: W. Meyer, H.-J. Werner


 NUMBER OF ELECTRONS:       9+    9-    SPACE SYMMETRY=1    SPIN SYMMETRY: Singlet 
 CONVERGENCE THRESHOLDS:    1.00E-05 (Density)    1.00E-07 (Energy)
 INTEGRAL THRESHOLDS:       1.00E-11 (Initial)    1.00E-11 (Final)
 MAX. NUMBER OF ITERATIONS:       60
 INTERPOLATION TYPE:            DIIS
 INTERPOLATION STEPS:              2 (START)      1 (STEP)
 LEVEL SHIFTS:                  0.00 (CLOSED)  0.00 (OPEN) 



 
 Basis set CC-PVTZ/JKFIT generated.      Number of basis functions:   744 
 
 Orbital guess generated from atomic densities. Full valence occupancy:   16
 Coulomb and exchange fitting
 Thresholds for fitting:       THRAO_COUL= 1.0D-14    THRAO_EXCH= 1.0D-12    THRMO= 1.0D-11    THRPROD= 1.0D-11    THRASM= 1.0D-11
                               THR2HLF=    1.0D-11

 Molecular orbital dump at record        2101.2

 ITERATION   DDIFF            GRAD            ENERGY        2-EL.EN.            DIPOLE MOMENTS         DIIS   CPU(IT)  CPU(TOT)  ORB.
    1      0.000D+00      0.000D+00       -95.55002273    147.107776   -0.47913   -2.98333   -0.00000    0      1.4      4.3     start
    2      0.000D+00      0.284D-02       -95.59323093    149.768002   -0.07333   -3.26251   -0.00000    1      0.8      5.1     diag
    3      0.213D-02      0.123D-02       -95.59865278    148.766485   -0.07890   -3.29112    0.00000    2      1.3      6.4     diag
    4      0.756D-03      0.382D-03       -95.59939803    148.998554   -0.04774   -3.30253    0.00000    3      0.7      7.1     diag
    5      0.246D-03      0.619D-04       -95.59943280    149.003602   -0.04116   -3.31048    0.00000    4      0.8      7.9     diag
    6      0.483D-04      0.137D-04       -95.59943463    149.005141   -0.03921   -3.31092   -0.00000    5      0.8      8.7     diag
    7      0.128D-04      0.289D-05       -95.59943470    149.003433   -0.03894   -3.31136   -0.00000    6      0.8      9.4     diag
    8      0.256D-05      0.816D-06       -95.59943471    149.003929   -0.03888   -3.31136   -0.00000    0      0.6     10.1     orth

 Final occupancy:   9

 !RHF STATE 1.1 Energy                -95.599434707963
 Nuclear energy                        47.81947017
 One-electron energy                 -217.92086955
 Two-electron energy                   74.50196467
 Virial quotient                       -1.00292075
 !RHF STATE 1.1 Dipole moment          -0.03888025    -3.31135843    -0.00000000
 Dipole moment /Debye                  -0.09881728    -8.41608235    -0.00000000

 Orbital energies:

         1.1          2.1          3.1          4.1          5.1          6.1          7.1          8.1          9.1         10.1
    -15.920827   -11.485157    -1.518779    -1.173565    -1.005947    -0.934329    -0.876695    -0.777898    -0.765273    -0.131386

        11.1
     -0.089129

 HOMO      9.1    -0.765273 =     -20.8241eV
 LUMO     10.1    -0.131386 =      -3.5752eV
 LUMO-HOMO         0.633887 =      17.2489eV


 **********************************************************************************************************************************
 DATASETS  * FILE   NREC   LENGTH (MB)   RECORD NAMES
              1      18       16.33       500      610      700      900      950      970     1000      129      960     1100   
                                          VAR    BASINP    GEOM    SYMINP    ZMAT    AOBASIS   BASIS     P2S    ABASIS      S 
                                         1400     1410     1200     1210     1080     1600     1650     1700   
                                           T        V       H0       H01     AOSYM     SMH    MOLCAS    OPER   

              2       5       15.61       700     1000      520     2100     2101   
                                         GEOM     BASIS   MCVARS     RHF      RHF  

 PROGRAMS   *        TOTAL        HF       INT       MP2        HF       INT
 CPU TIMES  *        30.65     10.26      1.05      2.94     15.50      0.72
 REAL TIME  *       133.00 SEC
 DISK USED  *       552.89 MB      
 SF USED    *       289.50 MB      
 GA USED    *         3.20 MB       (max)       0.00 MB       (current)
 **********************************************************************************************************************************
 SETTING E_RHF_A        =    -59989.56303382  KCAL/MOL                        


1PROGRAM * MP2 (Closed-shell)     Authors: C. Hampel, H.-J. Werner, 1991, M. Deegan, P.J. Knowles, 1992

 Basis set AUG-CC-PVTZ/MP2FIT generated. Number of basis functions:   1050 

 Convergence thresholds:  THRVAR = 1.00D-08  THRDEN = 1.00D-06

 Number of core orbitals:           2 (   2 )
 Number of closed-shell orbitals:   7 (   7 )
 Number of external orbitals:     474 ( 474 )

 Molecular orbitals read from record     2101.2  Type=RHF/CANONICAL (state 1.1)
 

 Entering DF-MP2

 Thresholds:    THRAO= 0.100D-09    THRMO= 0.100D-08    THROV= 0.100D-11

 Fitting basis: AUG-CC-PVTZ-MP2F
 Number of fitting functions:                1050
 Number of blocks in AO basis:                  4
 Minimum block size:                          115
 Maximum block size:                          138
 Average block size:                          121
 Number of groups in AO basis:                117
 Number of shells in AO basis:                231

 Using large memory version DFMP2B. NIBTK= 1  NGPU= 0  IGPU= 0

 para=T  nprocs= 12  mpptyp=0  number of tasks=  35

 Minimum memory with paging:                  2.76 MW
 Minimum memory for incore assembly:          3.71 MW
 Maximum memory for incore algorithm:         4.85 MW
 Memory for 3-index integrals:                0.00 MW

 Disk space for H1-integrals:                28.64 MB (   245 records)
 
 CPU time for half transformed integrals      0.41 sec, elapsed time      0.41 sec
 CPU time for assembly                        0.16 sec, elapsed time      0.20 sec (5925.8 MFLOP/sec)
 Total CPU time                               1.34 sec, elapsed time      1.42 sec

 SCS-MP2 correlation energy:           -0.413531267322   (PS=  1.200000  PT=  0.333333)
 SCS-MP2 total energy:                -96.012965975285

 Norm of first-order wave function:     0.087920828913
 Coefficient of reference function:     0.958741119312

  Reference energy                    -95.599434707964
  MP2 singlet pair energy              -0.278049166121
  MP2 triplet pair energy              -0.128366144962
  MP2 correlation energy               -0.406415311083

 !MP2 total energy                    -96.005850019047


 **********************************************************************************************************************************
 DATASETS  * FILE   NREC   LENGTH (MB)   RECORD NAMES
              1      18       16.33       500      610      700      900      950      970     1000      129      960     1100   
                                          VAR    BASINP    GEOM    SYMINP    ZMAT    AOBASIS   BASIS     P2S    ABASIS      S 
                                         1400     1410     1200     1210     1080     1600     1650     1700   
                                           T        V       H0       H01     AOSYM     SMH    MOLCAS    OPER   

              2       5       15.61       700     1000      520     2100     2101   
                                         GEOM     BASIS   MCVARS     RHF      RHF  

 PROGRAMS   *        TOTAL       MP2        HF       INT       MP2        HF       INT
 CPU TIMES  *        32.33      1.68     10.26      1.05      2.94     15.50      0.72
 REAL TIME  *       134.95 SEC
 DISK USED  *       552.89 MB      
 SF USED    *       289.50 MB      
 GA USED    *         3.20 MB       (max)       0.00 MB       (current)
 **********************************************************************************************************************************
 SETTING E_CORR_A       =    -60244.59254311  KCAL/MOL                        
 SETTING E_A            =      -255.02950929  KCAL/MOL                        
 SETTING CHARGE         =        -1.00000000                                  

 Dummy atoms: N0  C1  H2  H3  H4  H5  H6  H7


 Recomputing one-electron integrals since nuclear charges changed

1PROGRAM * SEWARD (Integral evaluation for generally contracted gaussian basis sets)     Author: Roland Lindh, 1990

 Geometry written to block  1 of record 700


 Point group  C1  



 ATOMIC COORDINATES

 NR  ATOM    CHARGE       X              Y              Z

   1  N0      0.00   -0.460465106   -3.315289708    0.000000000
   2  C1      0.00    1.987680753   -4.620520241    0.000000000
   3  H2      0.00    2.185171436   -5.786116024    1.676718725
   4  H3      0.00    3.455359084   -3.187308967    0.000000000
   5  H4      0.00    2.185171436   -5.786116024   -1.676718725
   6  H5      0.00   -1.961316914   -4.499446784    0.000000000
   7  H6      0.00   -0.566765137   -1.860932063   -1.456983022
   8  H7      0.00   -0.566765137   -1.860932063    1.456983022
   9  C8      6.00   -0.689209170    6.428116894    0.000000000
  10  H9      1.00    0.223718143    7.144268857    1.691522690
  11  C10     6.00   -0.693108775    3.571279617    0.000000000
  12  H11     1.00    0.223718143    7.144268857   -1.691522690
  13  O12     8.00   -0.719498765    2.467934042   -2.133079768
  14  O13     8.00   -0.719498765    2.467934042    2.133079768
  15  H14     1.00   -2.643151778    7.076673689    0.000000000

 Bond lengths in Bohr (Angstrom)

 1-2  2.774354860  1-6  1.911748972  1-7  2.061372208  1-8  2.061372208  2-3  2.051585187
     ( 1.468125362)     ( 1.011653985)     ( 1.090831192)     ( 1.090831192)     ( 1.085652124)

  2- 4  2.051383494   2- 5  2.051585187   9-10  2.051233513   9-11  2.856839939   9-12  2.051233513
       ( 1.085545392)       ( 1.085652124)       ( 1.085466025)       ( 1.511774586)       ( 1.085466025)

  9-15  2.058766046  11-13  2.401686321  11-14  2.401686321
       ( 1.089452070)       ( 1.270917664)       ( 1.270917664)

 Bond angles

  1-2-3  110.62404764   1-2-4  107.61639359   1-2-5  110.62404764   2-1-6  113.66257614

  2-1-7  112.17453951   2-1-8  112.17453951   3-2-4  109.15139688   3-2-5  109.62678271

  4-2-5  109.15139688   6-1-7  113.36129566   6-1-8  113.36129566   7-1-8   89.95069909

  9-11-13  117.34962947   9-11-14  117.34962947  10- 9-11  110.47138453  10- 9-12  111.10337630

 10- 9-15  108.20498303  11- 9-12  110.47138453  11- 9-15  108.28393859  12- 9-15  108.20498303

 13-11-14  125.28566955

 NUCLEAR CHARGE:                   31
 NUMBER OF PRIMITIVE AOS:         645
 NUMBER OF SYMMETRY AOS:          573
 NUMBER OF CONTRACTIONS:          483   ( 483A   )
 NUMBER OF CORE ORBITALS:           4   (   4A   )
 NUMBER OF VALENCE ORBITALS:       19   (  19A   )

 MOLECULE CHANGED: INITIALIZING OCCUPATION AND DUMP RECORDS


 NUCLEAR REPULSION ENERGY  111.93319492


 Eigenvalues of metric

         1 0.127E-04 0.160E-04 0.208E-04 0.350E-04 0.424E-04 0.507E-04 0.524E-04 0.737E-04


 OPERATOR DM      FOR CENTER  0  COORDINATES:    0.000000    0.000000    0.000000


 **********************************************************************************************************************************
 DATASETS  * FILE   NREC   LENGTH (MB)   RECORD NAMES
              1      18       16.33       500      610      700      900      950      970     1000      129      960     1100   
                                          VAR    BASINP    GEOM    SYMINP    ZMAT    AOBASIS   BASIS     P2S    ABASIS      S 
                                         1400     1410     1200     1210     1080     1600     1650     1700   
                                           T        V       H0       H01     AOSYM     SMH    MOLCAS    OPER   

              2       5       15.61       700     1000      520     2100     2101   
                                         GEOM     BASIS   MCVARS     RHF      RHF  

 PROGRAMS   *        TOTAL       INT       MP2        HF       INT       MP2        HF       INT
 CPU TIMES  *        32.80      0.47      1.68     10.26      1.05      2.94     15.50      0.72
 REAL TIME  *       135.85 SEC
 DISK USED  *       552.89 MB      
 SF USED    *       289.50 MB      
 GA USED    *         3.20 MB       (max)       0.00 MB       (current)
 **********************************************************************************************************************************

1PROGRAM * RHF-SCF (CLOSED SHELL)       Authors: W. Meyer, H.-J. Werner


 NUMBER OF ELECTRONS:      16+   16-    SPACE SYMMETRY=1    SPIN SYMMETRY: Singlet 
 CONVERGENCE THRESHOLDS:    1.00E-05 (Density)    1.00E-07 (Energy)
 INTEGRAL THRESHOLDS:       1.00E-11 (Initial)    1.00E-11 (Final)
 MAX. NUMBER OF ITERATIONS:       60
 INTERPOLATION TYPE:            DIIS
 INTERPOLATION STEPS:              2 (START)      1 (STEP)
 LEVEL SHIFTS:                  0.00 (CLOSED)  0.00 (OPEN) 



 
 Basis set CC-PVTZ/JKFIT generated.      Number of basis functions:   744 
 
 Orbital guess generated from atomic densities. Full valence occupancy:   23
 Coulomb and exchange fitting
 Thresholds for fitting:       THRAO_COUL= 1.0D-14    THRAO_EXCH= 1.0D-12    THRMO= 1.0D-11    THRPROD= 1.0D-11    THRASM= 1.0D-11
                               THR2HLF=    1.0D-11

 Molecular orbital dump at record        2102.2

 ITERATION   DDIFF            GRAD            ENERGY        2-EL.EN.            DIPOLE MOMENTS         DIIS   CPU(IT)  CPU(TOT)  ORB.
    1      0.000D+00      0.000D+00      -227.18651338    409.740506    0.68769   -1.29450    0.00000    0      1.6      5.7     start
    2      0.000D+00      0.459D-02      -227.27121205    400.466044    0.71654   -2.41476    0.00000    1      1.1      6.8     diag
    3      0.409D-02      0.338D-02      -227.32458085    403.476584    0.72182   -2.11033    0.00000    2      0.8      7.6     diag
    4      0.157D-02      0.320D-03      -227.32582353    403.673737    0.72086   -2.12778   -0.00000    3      0.8      8.4     diag
    5      0.382D-03      0.107D-03      -227.32597404    403.537194    0.72298   -2.12368    0.00000    4      0.8      9.2     diag
    6      0.101D-03      0.287D-04      -227.32598596    403.556092    0.72332   -2.12355    0.00000    5      1.0     10.2     diag
    7      0.360D-04      0.509D-05      -227.32598649    403.552314    0.72331   -2.12310    0.00000    6      0.8     10.9     diag
    8      0.720D-05      0.126D-05      -227.32598652    403.553846    0.72335   -2.12299   -0.00000    7      0.8     11.7     diag
    9      0.177D-05      0.396D-06      -227.32598652    403.553294    0.72335   -2.12304    0.00000    0      0.8     12.5     orth

 Final occupancy:  16

 !RHF STATE 1.1 Energy               -227.325986519027
 Nuclear energy                       111.93319492
 One-electron energy                 -541.03582840
 Two-electron energy                  201.77664696
 Virial quotient                       -1.00152258
 !RHF STATE 1.1 Dipole moment           0.72334658    -2.12303733     0.00000000
 Dipole moment /Debye                   1.83844321    -5.39586923     0.00000000

 Orbital energies:

         1.1          2.1          3.1          4.1          5.1          6.1          7.1          8.1          9.1         10.1
    -20.282551   -20.282517   -11.129025   -11.046267    -1.151234    -1.046778    -0.804615    -0.513444    -0.419907    -0.416992

        11.1         12.1         13.1         14.1         15.1         16.1         17.1         18.1
     -0.410526    -0.353728    -0.309294    -0.198622    -0.194313    -0.181455     0.107405     0.124871

 HOMO     16.1    -0.181455 =      -4.9376eV
 LUMO     17.1     0.107405 =       2.9226eV
 LUMO-HOMO         0.288860 =       7.8603eV


 **********************************************************************************************************************************
 DATASETS  * FILE   NREC   LENGTH (MB)   RECORD NAMES
              1      18       16.33       500      610      700      900      950      970     1000      129      960     1100   
                                          VAR    BASINP    GEOM    SYMINP    ZMAT    AOBASIS   BASIS     P2S    ABASIS      S 
                                         1400     1410     1200     1210     1080     1600     1650     1700   
                                           T        V       H0       H01     AOSYM     SMH    MOLCAS    OPER   

              2       6       25.00       700     1000      520     2100     2101     2102   
                                         GEOM     BASIS   MCVARS     RHF      RHF      RHF  

 PROGRAMS   *        TOTAL        HF       INT       MP2        HF       INT       MP2        HF       INT
 CPU TIMES  *        45.47     12.67      0.47      1.68     10.26      1.05      2.94     15.50      0.72
 REAL TIME  *       223.34 SEC
 DISK USED  *       676.81 MB      
 SF USED    *       289.50 MB      
 GA USED    *         3.20 MB       (max)       0.00 MB       (current)
 **********************************************************************************************************************************
 SETTING E_RHF_B        =    ***************  KCAL/MOL                        


1PROGRAM * MP2 (Closed-shell)     Authors: C. Hampel, H.-J. Werner, 1991, M. Deegan, P.J. Knowles, 1992

 Basis set AUG-CC-PVTZ/MP2FIT generated. Number of basis functions:   1050 

 Convergence thresholds:  THRVAR = 1.00D-08  THRDEN = 1.00D-06

 Number of core orbitals:           4 (   4 )
 Number of closed-shell orbitals:  12 (  12 )
 Number of external orbitals:     467 ( 467 )

 Molecular orbitals read from record     2102.2  Type=RHF/CANONICAL (state 1.1)
 

 Entering DF-MP2

 Thresholds:    THRAO= 0.100D-09    THRMO= 0.100D-08    THROV= 0.100D-11

 Fitting basis: AUG-CC-PVTZ-MP2F
 Number of fitting functions:                1050
 Number of blocks in AO basis:                  4
 Minimum block size:                          115
 Maximum block size:                          138
 Average block size:                          121
 Number of groups in AO basis:                117
 Number of shells in AO basis:                231

 Using large memory version DFMP2B. NIBTK= 1  NGPU= 0  IGPU= 0

 para=T  nprocs= 12  mpptyp=0  number of tasks=  35

 Minimum memory with paging:                  2.75 MW
 Minimum memory for incore assembly:          6.10 MW
 Maximum memory for incore algorithm:         7.41 MW
 Memory for 3-index integrals:                0.00 MW

 Disk space for H1-integrals:                49.09 MB (   420 records)
 
 CPU time for half transformed integrals      0.46 sec, elapsed time      0.54 sec
 CPU time for assembly                        0.36 sec, elapsed time      0.73 sec (6391.2 MFLOP/sec)
 Total CPU time                               1.72 sec, elapsed time      2.39 sec

 SCS-MP2 correlation energy:           -0.816952090981   (PS=  1.200000  PT=  0.333333)
 SCS-MP2 total energy:               -228.142938610006

 Norm of first-order wave function:     0.169998028933
 Coefficient of reference function:     0.924501105783

  Reference energy                   -227.325986519025
  MP2 singlet pair energy              -0.515788570011
  MP2 triplet pair energy              -0.318223618342
  MP2 correlation energy               -0.834012188353

 !MP2 total energy                   -228.159998707378


 **********************************************************************************************************************************
 DATASETS  * FILE   NREC   LENGTH (MB)   RECORD NAMES
              1      18       16.33       500      610      700      900      950      970     1000      129      960     1100   
                                          VAR    BASINP    GEOM    SYMINP    ZMAT    AOBASIS   BASIS     P2S    ABASIS      S 
                                         1400     1410     1200     1210     1080     1600     1650     1700   
                                           T        V       H0       H01     AOSYM     SMH    MOLCAS    OPER   

              2       6       25.00       700     1000      520     2100     2101     2102   
                                         GEOM     BASIS   MCVARS     RHF      RHF      RHF  

 PROGRAMS   *        TOTAL       MP2        HF       INT       MP2        HF       INT       MP2        HF       INT
 CPU TIMES  *        47.56      2.08     12.67      0.47      1.68     10.26      1.05      2.94     15.50      0.72
 REAL TIME  *       226.37 SEC
 DISK USED  *       676.81 MB      
 SF USED    *       289.50 MB      
 GA USED    *         3.20 MB       (max)       0.00 MB       (current)
 **********************************************************************************************************************************
 SETTING E_CORR_B       =    ***************  KCAL/MOL                        
 SETTING E_B            =      -523.35065471  KCAL/MOL                        
 SETTING E_RHF_CP       =      -116.47603742  KCAL/MOL                        
 SETTING E_CORR_CP      =        -1.93017895  KCAL/MOL                        

        DF-MP2          DF-HF           DF-MP2          DF-HF           DF-MP2          DF-HF   
   -228.15999871   -227.32598652    -96.00585002    -95.59943471   -324.35454101   -323.11103757
 **********************************************************************************************************************************
 Variable memory released
