
 Primary working directories    : /scratch/1723316.phoenix.chem.wisc.edu
 Secondary working directories  : /scratch/1723316.phoenix.chem.wisc.edu
 Wavefunction directory         : /scratch/1723316.phoenix.chem.wisc.edu/
 Main file repository           : /scratch/1723316.phoenix.chem.wisc.edu/

 SHA1      : 65e45729fe3f963b0eb97374e3bda9949063ef0f
 NAME      : 2012.1.17
 ARCHNAME  : Linux/x86_64
 FC        : /opt/intel/composer_xe_2013.5.192/bin/intel64/ifort
 FCVERSION : 13.1.3
 BLASLIB   : -L/opt/intel/composer_xe_2013.5.192/mkl/lib/intel64 -lmkl_intel_ilp64 -lmkl_sequential -lmkl_core
 id        : cuichemwisc

 Nodes             nprocs
 compute-1-35.local   12
 ga_uses_ma=false, calling ma_init with nominal heap.
 GA-space will be limited to   8.0 MW (determined by -G option)

 Using customized tuning parameters: mindgm=1; mindgv=20; mindgc=4; mindgr=1; noblas=0; minvec=7
 default implementation of scratch files=sf  

 geomtyp=xyz
 geometry={
 15
  C0          0.024471742900      -1.489383581400       0.000000000000
  N1          0.260302785000      -0.856872652000      -1.135945958000
  N2         -0.474248393600      -2.759643634900       0.000000000000
  N3          0.260302785000      -0.856872652000       1.135945958000
  H4         -0.342089655800      -3.290836515200       0.843147167100
  H5         -0.342089655800      -3.290836515200      -0.843147167100
  H6         -0.021049595400      -1.274046235800      -2.004978985800
  H7          0.484178351000       0.194544493200      -1.019322588700
  H8         -0.021049595400      -1.274046235800       2.004978985800
  H9          0.484178351000       0.194544493200       1.019322588700
  C10        -1.142983089270       2.965587620795       0.000000000000
  H11        -1.665953120770       2.005595481595       0.000000000000
  H12        -1.462873125970       3.519654758495      -0.880544849600
  S13         0.670409822330       2.744089072895       0.000000000000
  H14        -1.462873125970       3.519654758495       0.880544849600
 }
 
 
 basis=avdz
 
                                                                                 ! Complex
 set,charge=0
 
 df-hf
 e_rhf_c = energy*tokcal
 df-mp2
 e_corr_c = energy*tokcal
 e_c = e_corr_c - e_rhf_c
 
 
                                                                                 ! Monomer 1
 set,charge=1
 dummy,C10,H11,H12,S13,H14
 
 df-hf
 e_rhf_a = energy*tokcal
 df-mp2
 e_corr_a = energy*tokcal
 e_a = e_corr_a - e_rhf_a
 
 
                                                                                 ! Monomer 2
 set,charge=-1
 dummy,C0,N1,N2,N3,H4,H5,H6,H7,H8,H9
 
 df-hf
 e_rhf_b = energy*tokcal
 df-mp2
 e_corr_b = energy*tokcal
 e_b = e_corr_b - e_rhf_b
 
 
 e_rhf_cp = e_rhf_c - (e_rhf_a + e_rhf_b)
 e_corr_cp = e_c - (e_a + e_b)

 Variables initialized (782), CPU time= 0.01 sec
 Commands  initialized (547), CPU time= 0.01 sec, 517 directives.
 Default parameters read. Elapsed time= 0.13 sec

 Checking input...
 Passed
1


                                         ***  PROGRAM SYSTEM MOLPRO  ***
                         Copyright, University College Cardiff Consultants Limited, 2008

                                    Version 2012.1 linked Oct 11 2014 15:40:16


 **********************************************************************************************************************************
 LABEL *                                                                                 
 Linux-2.6.18-308.el5/compute-1-35.local(x86_64) 64 bit mpp version                      DATE: 11-Dec-14          TIME: 20:38:23  
 **********************************************************************************************************************************

 SHA1:             65e45729fe3f963b0eb97374e3bda9949063ef0f
 **********************************************************************************************************************************
 SETTING GEOMTYP        =    XYZ

 Turning off symmetry in density fitting calculation
 To re-enable, use 'set,zsymel=auto'


 Variable memory set to  350000000 words,  buffer space   230000 words

 SETTING BASIS          =    AVDZ
 SETTING CHARGE         =         0.00000000                                  


 Recomputing integrals since basis changed


 Using spherical harmonics

 Library entry C      S aug-cc-pVDZ          selected for orbital group  1
 Library entry C      P aug-cc-pVDZ          selected for orbital group  1
 Library entry C      D aug-cc-pVDZ          selected for orbital group  1
 Library entry N      S aug-cc-pVDZ          selected for orbital group  2
 Library entry N      P aug-cc-pVDZ          selected for orbital group  2
 Library entry N      D aug-cc-pVDZ          selected for orbital group  2
 Library entry H      S aug-cc-pVDZ          selected for orbital group  3
 Library entry H      P aug-cc-pVDZ          selected for orbital group  3
 Library entry S      S aug-cc-pVDZ          selected for orbital group  6
 Library entry S      P aug-cc-pVDZ          selected for orbital group  6
 Library entry S      D aug-cc-pVDZ          selected for orbital group  6

1PROGRAM * SEWARD (Integral evaluation for generally contracted gaussian basis sets)     Author: Roland Lindh, 1990

 Geometry written to block  1 of record 700


 Point group  C1  



 ATOMIC COORDINATES

 NR  ATOM    CHARGE       X              Y              Z

   1  C0      6.00    0.046244892   -2.814527073    0.000000000
   2  N1      7.00    0.491900975   -1.619254642   -2.146626761
   3  N2      7.00   -0.896199582   -5.214970690    0.000000000
   4  N3      7.00    0.491900975   -1.619254642    2.146626761
   5  H4      1.00   -0.646455762   -6.218779757    1.593317234
   6  H5      1.00   -0.646455762   -6.218779757   -1.593317234
   7  H6      1.00   -0.039777970   -2.407598464   -3.788861182
   8  H7      1.00    0.914964482    0.367635813   -1.926240532
   9  H8      1.00   -0.039777970   -2.407598464    3.788861182
  10  H9      1.00    0.914964482    0.367635813    1.926240532
  11  C10     6.00   -2.159925012    5.604148422    0.000000000
  12  H11     1.00   -3.148195146    3.790026191    0.000000000
  13  H12     1.00   -2.764429573    6.651183571   -1.663988612
  14  S13    16.00    1.266890960    5.185576828    0.000000000
  15  H14     1.00   -2.764429573    6.651183571    1.663988612

 Bond lengths in Bohr (Angstrom)

 1-2  2.497056663  1-3  2.578823597  1-4  2.497056663  2-7  1.897657076  2-8  2.043351780
     ( 1.321385476)     ( 1.364654674)     ( 1.321385476)     ( 1.004196875)     ( 1.081295192)

  3- 5  1.899648501   3- 6  1.899648501   4- 9  1.897657076   4-10  2.043351780  11-12  2.065845427
       ( 1.005250692)       ( 1.005250692)       ( 1.004196875)       ( 1.081295192)       ( 1.093198317)

 11-13  2.056834089  11-14  3.452284734  11-15  2.056834089
       ( 1.088429722)       ( 1.826870400)       ( 1.088429722)

 Bond angles

  1-2-7  119.67596989   1-2-8  114.18463931   1-3-5  116.34794645   1-3-6  116.34794645

  1- 4- 9  119.67596989   1- 4-10  114.18463931   2- 1- 3  120.71619651   2- 1- 4  118.55748970

  3- 1- 4  120.71619651   5- 3- 6  114.01528015   7- 2- 8  123.73123688   9- 4-10  123.73123688

 12-11-13  107.84398771  12-11-14  111.61604867  12-11-15  107.84398771  13-11-14  110.69861163

 13-11-15  107.99761903  14-11-15  110.69861163

 NUCLEAR CHARGE:                   58
 NUMBER OF PRIMITIVE AOS:         336
 NUMBER OF SYMMETRY AOS:          324
 NUMBER OF CONTRACTIONS:          223   ( 223A   )
 NUMBER OF CORE ORBITALS:          10   (  10A   )
 NUMBER OF VALENCE ORBITALS:       33   (  33A   )


 NUCLEAR REPULSION ENERGY  281.12434956


 Eigenvalues of metric

         1 0.760E-04 0.184E-03 0.212E-03 0.225E-03 0.352E-03 0.366E-03 0.513E-03 0.560E-03


 OPERATOR DM      FOR CENTER  0  COORDINATES:    0.000000    0.000000    0.000000


 **********************************************************************************************************************************
 DATASETS  * FILE   NREC   LENGTH (MB)   RECORD NAMES
              1      18        9.63       500      610      700      900      950      970     1000      129      960     1100   
                                          VAR    BASINP    GEOM    SYMINP    ZMAT    AOBASIS   BASIS     P2S    ABASIS      S 
                                         1400     1410     1200     1210     1080     1600     1650     1700   
                                           T        V       H0       H01     AOSYM     SMH    MOLCAS    OPER   

 PROGRAMS   *        TOTAL       INT
 CPU TIMES  *         0.27      0.12
 REAL TIME  *         0.66 SEC
 DISK USED  *         0.00 MB      
 GA USED    *         0.01 MB       (max)       0.00 MB       (current)
 **********************************************************************************************************************************

1PROGRAM * RHF-SCF (CLOSED SHELL)       Authors: W. Meyer, H.-J. Werner


 NUMBER OF ELECTRONS:      29+   29-    SPACE SYMMETRY=1    SPIN SYMMETRY: Singlet 
 CONVERGENCE THRESHOLDS:    1.00E-05 (Density)    1.16E-07 (Energy)
 INTEGRAL THRESHOLDS:       1.00E-11 (Initial)    1.00E-11 (Final)
 MAX. NUMBER OF ITERATIONS:       60
 INTERPOLATION TYPE:            DIIS
 INTERPOLATION STEPS:              2 (START)      1 (STEP)
 LEVEL SHIFTS:                  0.00 (CLOSED)  0.00 (OPEN) 



 
 Basis set CC-PVDZ/JKFIT generated.      Number of basis functions:   669 
 
 Orbital guess generated from atomic densities. Full valence occupancy:   43
 Coulomb and exchange fitting
 Thresholds for fitting:       THRAO_COUL= 1.0D-14    THRAO_EXCH= 1.0D-12    THRMO= 1.0D-11    THRPROD= 1.0D-11    THRASM= 1.0D-11
                               THR2HLF=    1.0D-11

 Molecular orbital dump at record        2100.2

 ITERATION   DDIFF            GRAD            ENERGY        2-EL.EN.            DIPOLE MOMENTS         DIIS   CPU(IT)  CPU(TOT)  ORB.
    1      0.000D+00      0.000D+00      -641.74575074   1036.066527   -1.58856   -7.25445    0.00000    0      0.9      3.2     start
    2      0.000D+00      0.368D-02      -641.84315970   1029.896911   -0.90565   -6.02546    0.00000    1      0.4      3.6     diag
    3      0.871D-02      0.137D-02      -641.85599406   1031.986812   -1.11878   -6.14180    0.00000    2      0.2      3.9     diag
    4      0.279D-02      0.406D-03      -641.85757896   1031.797188   -1.10905   -6.04287    0.00000    3      0.3      4.1     diag
    5      0.809D-03      0.785D-04      -641.85767146   1031.676669   -1.10392   -6.02189    0.00000    4      0.2      4.4     diag
    6      0.191D-03      0.312D-04      -641.85768336   1031.718794   -1.10617   -6.01825    0.00000    5      0.2      4.6     diag
    7      0.799D-04      0.767D-05      -641.85768444   1031.710779   -1.10560   -6.01617   -0.00000    6      0.3      5.0     diag
    8      0.240D-04      0.229D-05      -641.85768452   1031.711408   -1.10539   -6.01570    0.00000    7      0.2      5.2     diag
    9      0.831D-05      0.473D-06      -641.85768453   1031.712112   -1.10529   -6.01560   -0.00000    0      0.2      5.5     orth

 Final occupancy:  29

 !RHF STATE 1.1 Energy               -641.857684527371
 Nuclear energy                       281.12434956
 One-electron energy                -1438.83809002
 Two-electron energy                  515.85605594
 Virial quotient                       -1.00100201
 !RHF STATE 1.1 Dipole moment          -1.10528916    -6.01559944    -0.00000000
 Dipole moment /Debye                  -2.80918083   -15.28912722    -0.00000000

 Orbital energies:

         1.1          2.1          3.1          4.1          5.1          6.1          7.1          8.1          9.1         10.1
    -91.814950   -15.676690   -15.658089   -15.658060   -11.467969   -11.182540    -8.814204    -6.496650    -6.494049    -6.493777

        11.1         12.1         13.1         14.1         15.1         16.1         17.1         18.1         19.1         20.1
     -1.409843    -1.267228    -1.249710    -0.922412    -0.918362    -0.846227    -0.822447    -0.727098    -0.725017    -0.711692

        21.1         22.1         23.1         24.1         25.1         26.1         27.1         28.1         29.1         30.1
     -0.704318    -0.665963    -0.509869    -0.503799    -0.503317    -0.476991    -0.373098    -0.238321    -0.230301    -0.005762

        31.1
      0.015027

 HOMO     29.1    -0.230301 =      -6.2668eV
 LUMO     30.1    -0.005762 =      -0.1568eV
 LUMO-HOMO         0.224539 =       6.1100eV


 **********************************************************************************************************************************
 DATASETS  * FILE   NREC   LENGTH (MB)   RECORD NAMES
              1      18        9.63       500      610      700      900      950      970     1000      129      960     1100   
                                          VAR    BASINP    GEOM    SYMINP    ZMAT    AOBASIS   BASIS     P2S    ABASIS      S 
                                         1400     1410     1200     1210     1080     1600     1650     1700   
                                           T        V       H0       H01     AOSYM     SMH    MOLCAS    OPER   

              2       4        1.76       700     1000      520     2100   
                                         GEOM     BASIS   MCVARS     RHF  

 PROGRAMS   *        TOTAL        HF       INT
 CPU TIMES  *         5.77      5.49      0.12
 REAL TIME  *        54.12 SEC
 DISK USED  *       175.96 MB      
 SF USED    *        39.41 MB      
 GA USED    *         3.20 MB       (max)       0.00 MB       (current)
 **********************************************************************************************************************************
 SETTING E_RHF_C        =    ***************  KCAL/MOL                        


1PROGRAM * MP2 (Closed-shell)     Authors: C. Hampel, H.-J. Werner, 1991, M. Deegan, P.J. Knowles, 1992

 Basis set AUG-CC-PVDZ/MP2FIT generated. Number of basis functions:   659 

 Convergence thresholds:  THRVAR = 1.00D-08  THRDEN = 1.16D-06

 Number of core orbitals:          10 (  10 )
 Number of closed-shell orbitals:  19 (  19 )
 Number of external orbitals:     194 ( 194 )

 Molecular orbitals read from record     2100.2  Type=RHF/CANONICAL (state 1.1)
 

 Entering DF-MP2

 Thresholds:    THRAO= 0.100D-09    THRMO= 0.100D-08    THROV= 0.100D-11

 Fitting basis: AUG-CC-PVDZ-MP2F
 Number of fitting functions:                 659
 Number of blocks in AO basis:                  5
 Minimum block size:                           23
 Maximum block size:                           77
 Average block size:                           45
 Number of groups in AO basis:                 72
 Number of shells in AO basis:                172

 Using large memory version DFMP2B. NIBTK= 1  NGPU= 0  IGPU= 0

 para=T  nprocs= 12  mpptyp=0  number of tasks=  46

 Minimum memory with paging:                  1.35 MW
 Minimum memory for incore assembly:          2.47 MW
 Maximum memory for incore algorithm:         3.61 MW
 Memory for 3-index integrals:                0.00 MW

 Disk space for H1-integrals:                22.84 MB (   874 records)
 
 CPU time for half transformed integrals      0.11 sec, elapsed time      0.11 sec
 CPU time for assembly                        0.01 sec, elapsed time      0.27 sec (4998.1 MFLOP/sec)
 Total CPU time                               0.83 sec, elapsed time      1.13 sec

 SCS-MP2 correlation energy:           -0.957415548578   (PS=  1.200000  PT=  0.333333)
 SCS-MP2 total energy:               -642.815100075946

 Norm of first-order wave function:     0.251027584069
 Coefficient of reference function:     0.894059777860

  Reference energy                   -641.857684527368
  MP2 singlet pair energy              -0.606335091436
  MP2 triplet pair energy              -0.369343026732
  MP2 correlation energy               -0.975678118168

 !MP2 total energy                   -642.833362645536


 **********************************************************************************************************************************
 DATASETS  * FILE   NREC   LENGTH (MB)   RECORD NAMES
              1      18        9.63       500      610      700      900      950      970     1000      129      960     1100   
                                          VAR    BASINP    GEOM    SYMINP    ZMAT    AOBASIS   BASIS     P2S    ABASIS      S 
                                         1400     1410     1200     1210     1080     1600     1650     1700   
                                           T        V       H0       H01     AOSYM     SMH    MOLCAS    OPER   

              2       4        1.76       700     1000      520     2100   
                                         GEOM     BASIS   MCVARS     RHF  

 PROGRAMS   *        TOTAL       MP2        HF       INT
 CPU TIMES  *         6.78      1.01      5.49      0.12
 REAL TIME  *        55.81 SEC
 DISK USED  *       175.96 MB      
 SF USED    *        71.06 MB      
 GA USED    *         3.20 MB       (max)       0.00 MB       (current)
 **********************************************************************************************************************************
 SETTING E_CORR_C       =    ***************  KCAL/MOL                        
 SETTING E_C            =      -612.24738566  KCAL/MOL                        
 SETTING CHARGE         =         1.00000000                                  

 Dummy atoms: C10  H11  H12  S13  H14


 Recomputing one-electron integrals since nuclear charges changed

1PROGRAM * SEWARD (Integral evaluation for generally contracted gaussian basis sets)     Author: Roland Lindh, 1990

 Geometry written to block  1 of record 700


 Point group  C1  



 ATOMIC COORDINATES

 NR  ATOM    CHARGE       X              Y              Z

   1  C0      6.00    0.046244892   -2.814527073    0.000000000
   2  N1      7.00    0.491900975   -1.619254642   -2.146626761
   3  N2      7.00   -0.896199582   -5.214970690    0.000000000
   4  N3      7.00    0.491900975   -1.619254642    2.146626761
   5  H4      1.00   -0.646455762   -6.218779757    1.593317234
   6  H5      1.00   -0.646455762   -6.218779757   -1.593317234
   7  H6      1.00   -0.039777970   -2.407598464   -3.788861182
   8  H7      1.00    0.914964482    0.367635813   -1.926240532
   9  H8      1.00   -0.039777970   -2.407598464    3.788861182
  10  H9      1.00    0.914964482    0.367635813    1.926240532
  11  C10     0.00   -2.159925012    5.604148422    0.000000000
  12  H11     0.00   -3.148195146    3.790026191    0.000000000
  13  H12     0.00   -2.764429573    6.651183571   -1.663988612
  14  S13     0.00    1.266890960    5.185576828    0.000000000
  15  H14     0.00   -2.764429573    6.651183571    1.663988612

 Bond lengths in Bohr (Angstrom)

 1-2  2.497056663  1-3  2.578823597  1-4  2.497056663  2-7  1.897657076  2-8  2.043351780
     ( 1.321385476)     ( 1.364654674)     ( 1.321385476)     ( 1.004196875)     ( 1.081295192)

  3- 5  1.899648501   3- 6  1.899648501   4- 9  1.897657076   4-10  2.043351780  11-12  2.065845427
       ( 1.005250692)       ( 1.005250692)       ( 1.004196875)       ( 1.081295192)       ( 1.093198317)

 11-13  2.056834089  11-14  3.452284734  11-15  2.056834089
       ( 1.088429722)       ( 1.826870400)       ( 1.088429722)

 Bond angles

  1-2-7  119.67596989   1-2-8  114.18463931   1-3-5  116.34794645   1-3-6  116.34794645

  1- 4- 9  119.67596989   1- 4-10  114.18463931   2- 1- 3  120.71619651   2- 1- 4  118.55748970

  3- 1- 4  120.71619651   5- 3- 6  114.01528015   7- 2- 8  123.73123688   9- 4-10  123.73123688

 12-11-13  107.84398771  12-11-14  111.61604867  12-11-15  107.84398771  13-11-14  110.69861163

 13-11-15  107.99761903  14-11-15  110.69861163

 NUCLEAR CHARGE:                   33
 NUMBER OF PRIMITIVE AOS:         336
 NUMBER OF SYMMETRY AOS:          324
 NUMBER OF CONTRACTIONS:          223   ( 223A   )
 NUMBER OF CORE ORBITALS:           4   (   4A   )
 NUMBER OF VALENCE ORBITALS:       22   (  22A   )

 MOLECULE CHANGED: INITIALIZING OCCUPATION AND DUMP RECORDS


 NUCLEAR REPULSION ENERGY  133.32898411


 Eigenvalues of metric

         1 0.760E-04 0.184E-03 0.212E-03 0.225E-03 0.352E-03 0.366E-03 0.513E-03 0.560E-03


 OPERATOR DM      FOR CENTER  0  COORDINATES:    0.000000    0.000000    0.000000


 **********************************************************************************************************************************
 DATASETS  * FILE   NREC   LENGTH (MB)   RECORD NAMES
              1      18        9.63       500      610      700      900      950      970     1000      129      960     1100   
                                          VAR    BASINP    GEOM    SYMINP    ZMAT    AOBASIS   BASIS     P2S    ABASIS      S 
                                         1400     1410     1200     1210     1080     1600     1650     1700   
                                           T        V       H0       H01     AOSYM     SMH    MOLCAS    OPER   

              2       4        1.76       700     1000      520     2100   
                                         GEOM     BASIS   MCVARS     RHF  

 PROGRAMS   *        TOTAL       INT       MP2        HF       INT
 CPU TIMES  *         6.98      0.19      1.01      5.49      0.12
 REAL TIME  *        57.04 SEC
 DISK USED  *       175.96 MB      
 SF USED    *        71.06 MB      
 GA USED    *         3.20 MB       (max)       0.00 MB       (current)
 **********************************************************************************************************************************

1PROGRAM * RHF-SCF (CLOSED SHELL)       Authors: W. Meyer, H.-J. Werner


 NUMBER OF ELECTRONS:      16+   16-    SPACE SYMMETRY=1    SPIN SYMMETRY: Singlet 
 CONVERGENCE THRESHOLDS:    1.00E-05 (Density)    1.00E-07 (Energy)
 INTEGRAL THRESHOLDS:       1.00E-11 (Initial)    1.00E-11 (Final)
 MAX. NUMBER OF ITERATIONS:       60
 INTERPOLATION TYPE:            DIIS
 INTERPOLATION STEPS:              2 (START)      1 (STEP)
 LEVEL SHIFTS:                  0.00 (CLOSED)  0.00 (OPEN) 



 
 Basis set CC-PVDZ/JKFIT generated.      Number of basis functions:   669 
 
 Orbital guess generated from atomic densities. Full valence occupancy:   26
 Coulomb and exchange fitting
 Thresholds for fitting:       THRAO_COUL= 1.0D-14    THRAO_EXCH= 1.0D-12    THRMO= 1.0D-11    THRPROD= 1.0D-11    THRASM= 1.0D-11
                               THR2HLF=    1.0D-11

 Molecular orbital dump at record        2101.2

 ITERATION   DDIFF            GRAD            ENERGY        2-EL.EN.            DIPOLE MOMENTS         DIIS   CPU(IT)  CPU(TOT)  ORB.
    1      0.000D+00      0.000D+00      -204.48907204    389.981645    0.23183   -2.44952    0.00000    0      0.7      8.2     start
    2      0.000D+00      0.378D-02      -204.54047879    391.494514    0.14456   -2.60305    0.00000    1      0.2      8.4     diag
    3      0.605D-02      0.118D-02      -204.54583161    391.155490    0.16410   -2.59736    0.00000    2      0.2      8.6     diag
    4      0.149D-02      0.516D-03      -204.54681586    391.265015    0.15583   -2.60943    0.00000    3      0.2      8.9     diag
    5      0.627D-03      0.791D-04      -204.54687157    391.276660    0.15647   -2.61058    0.00000    4      0.2      9.1     diag
    6      0.129D-03      0.252D-04      -204.54687649    391.265757    0.15546   -2.61201    0.00000    5      0.2      9.3     diag
    7      0.414D-04      0.981D-05      -204.54687703    391.269461    0.15594   -2.61161    0.00000    6      0.2      9.5     diag
    8      0.154D-04      0.238D-05      -204.54687706    391.269972    0.15581   -2.61179    0.00000    7      0.2      9.8     diag
    9      0.407D-05      0.413D-06      -204.54687706    391.269499    0.15582   -2.61177   -0.00000    0      0.6     10.4     orth

 Final occupancy:  16

 !RHF STATE 1.1 Energy               -204.546877059992
 Nuclear energy                       133.32898411
 One-electron energy                 -533.51061091
 Two-electron energy                  195.63474974
 Virial quotient                       -1.00238361
 !RHF STATE 1.1 Dipole moment           0.15582405    -2.61177162    -0.00000000
 Dipole moment /Debye                   0.39603928    -6.63802652    -0.00000000

 Orbital energies:

         1.1          2.1          3.1          4.1          5.1          6.1          7.1          8.1          9.1         10.1
    -15.817682   -15.817652   -15.804416   -11.614867    -1.556469    -1.403654    -1.403518    -1.065462    -0.992665    -0.964295

        11.1         12.1         13.1         14.1         15.1         16.1         17.1         18.1
     -0.876078    -0.859030    -0.857857    -0.811990    -0.640471    -0.634452    -0.107223    -0.081961

 HOMO     16.1    -0.634452 =     -17.2643eV
 LUMO     17.1    -0.107223 =      -2.9177eV
 LUMO-HOMO         0.527229 =      14.3466eV


 **********************************************************************************************************************************
 DATASETS  * FILE   NREC   LENGTH (MB)   RECORD NAMES
              1      18        9.63       500      610      700      900      950      970     1000      129      960     1100   
                                          VAR    BASINP    GEOM    SYMINP    ZMAT    AOBASIS   BASIS     P2S    ABASIS      S 
                                         1400     1410     1200     1210     1080     1600     1650     1700   
                                           T        V       H0       H01     AOSYM     SMH    MOLCAS    OPER   

              2       5        3.80       700     1000      520     2100     2101   
                                         GEOM     BASIS   MCVARS     RHF      RHF  

 PROGRAMS   *        TOTAL        HF       INT       MP2        HF       INT
 CPU TIMES  *        17.39     10.40      0.19      1.01      5.49      0.12
 REAL TIME  *       127.71 SEC
 DISK USED  *       200.39 MB      
 SF USED    *        71.06 MB      
 GA USED    *         3.20 MB       (max)       0.00 MB       (current)
 **********************************************************************************************************************************
 SETTING E_RHF_A        =    ***************  KCAL/MOL                        


1PROGRAM * MP2 (Closed-shell)     Authors: C. Hampel, H.-J. Werner, 1991, M. Deegan, P.J. Knowles, 1992

 Basis set AUG-CC-PVDZ/MP2FIT generated. Number of basis functions:   659 

 Convergence thresholds:  THRVAR = 1.00D-08  THRDEN = 1.00D-06

 Number of core orbitals:           4 (   4 )
 Number of closed-shell orbitals:  12 (  12 )
 Number of external orbitals:     207 ( 207 )

 Molecular orbitals read from record     2101.2  Type=RHF/CANONICAL (state 1.1)
 

 Entering DF-MP2

 Thresholds:    THRAO= 0.100D-09    THRMO= 0.100D-08    THROV= 0.100D-11

 Fitting basis: AUG-CC-PVDZ-MP2F
 Number of fitting functions:                 659
 Number of blocks in AO basis:                  5
 Minimum block size:                           23
 Maximum block size:                           77
 Average block size:                           45
 Number of groups in AO basis:                 72
 Number of shells in AO basis:                172

 Using large memory version DFMP2B. NIBTK= 1  NGPU= 0  IGPU= 0

 para=T  nprocs= 12  mpptyp=0  number of tasks=  46

 Minimum memory with paging:                  1.37 MW
 Minimum memory for incore assembly:          1.68 MW
 Maximum memory for incore algorithm:         2.56 MW
 Memory for 3-index integrals:                0.00 MW

 Disk space for H1-integrals:                14.42 MB (   552 records)
 
 CPU time for half transformed integrals      0.10 sec, elapsed time      0.10 sec
 CPU time for assembly                        0.03 sec, elapsed time      0.09 sec (5690.3 MFLOP/sec)
 Total CPU time                               0.55 sec, elapsed time      0.62 sec

 SCS-MP2 correlation energy:           -0.642956502854   (PS=  1.200000  PT=  0.333333)
 SCS-MP2 total energy:               -205.189833562846

 Norm of first-order wave function:     0.149133925626
 Coefficient of reference function:     0.932856145185

  Reference energy                   -204.546877059992
  MP2 singlet pair energy              -0.405358772927
  MP2 triplet pair energy              -0.251559603228
  MP2 correlation energy               -0.656918376155

 !MP2 total energy                   -205.203795436146


 **********************************************************************************************************************************
 DATASETS  * FILE   NREC   LENGTH (MB)   RECORD NAMES
              1      18        9.63       500      610      700      900      950      970     1000      129      960     1100   
                                          VAR    BASINP    GEOM    SYMINP    ZMAT    AOBASIS   BASIS     P2S    ABASIS      S 
                                         1400     1410     1200     1210     1080     1600     1650     1700   
                                           T        V       H0       H01     AOSYM     SMH    MOLCAS    OPER   

              2       5        3.80       700     1000      520     2100     2101   
                                         GEOM     BASIS   MCVARS     RHF      RHF  

 PROGRAMS   *        TOTAL       MP2        HF       INT       MP2        HF       INT
 CPU TIMES  *        18.13      0.74     10.40      0.19      1.01      5.49      0.12
 REAL TIME  *       128.63 SEC
 DISK USED  *       200.39 MB      
 SF USED    *        71.06 MB      
 GA USED    *         3.20 MB       (max)       0.00 MB       (current)
 **********************************************************************************************************************************
 SETTING E_CORR_A       =    ***************  KCAL/MOL                        
 SETTING E_A            =      -412.22258745  KCAL/MOL                        
 SETTING CHARGE         =        -1.00000000                                  

 Dummy atoms: C0  N1  N2  N3  H4  H5  H6  H7  H8  H9


 Recomputing one-electron integrals since nuclear charges changed

1PROGRAM * SEWARD (Integral evaluation for generally contracted gaussian basis sets)     Author: Roland Lindh, 1990

 Geometry written to block  1 of record 700


 Point group  C1  



 ATOMIC COORDINATES

 NR  ATOM    CHARGE       X              Y              Z

   1  C0      0.00    0.046244892   -2.814527073    0.000000000
   2  N1      0.00    0.491900975   -1.619254642   -2.146626761
   3  N2      0.00   -0.896199582   -5.214970690    0.000000000
   4  N3      0.00    0.491900975   -1.619254642    2.146626761
   5  H4      0.00   -0.646455762   -6.218779757    1.593317234
   6  H5      0.00   -0.646455762   -6.218779757   -1.593317234
   7  H6      0.00   -0.039777970   -2.407598464   -3.788861182
   8  H7      0.00    0.914964482    0.367635813   -1.926240532
   9  H8      0.00   -0.039777970   -2.407598464    3.788861182
  10  H9      0.00    0.914964482    0.367635813    1.926240532
  11  C10     6.00   -2.159925012    5.604148422    0.000000000
  12  H11     1.00   -3.148195146    3.790026191    0.000000000
  13  H12     1.00   -2.764429573    6.651183571   -1.663988612
  14  S13    16.00    1.266890960    5.185576828    0.000000000
  15  H14     1.00   -2.764429573    6.651183571    1.663988612

 Bond lengths in Bohr (Angstrom)

 1-2  2.497056663  1-3  2.578823597  1-4  2.497056663  2-7  1.897657076  2-8  2.043351780
     ( 1.321385476)     ( 1.364654674)     ( 1.321385476)     ( 1.004196875)     ( 1.081295192)

  3- 5  1.899648501   3- 6  1.899648501   4- 9  1.897657076   4-10  2.043351780  11-12  2.065845427
       ( 1.005250692)       ( 1.005250692)       ( 1.004196875)       ( 1.081295192)       ( 1.093198317)

 11-13  2.056834089  11-14  3.452284734  11-15  2.056834089
       ( 1.088429722)       ( 1.826870400)       ( 1.088429722)

 Bond angles

  1-2-7  119.67596989   1-2-8  114.18463931   1-3-5  116.34794645   1-3-6  116.34794645

  1- 4- 9  119.67596989   1- 4-10  114.18463931   2- 1- 3  120.71619651   2- 1- 4  118.55748970

  3- 1- 4  120.71619651   5- 3- 6  114.01528015   7- 2- 8  123.73123688   9- 4-10  123.73123688

 12-11-13  107.84398771  12-11-14  111.61604867  12-11-15  107.84398771  13-11-14  110.69861163

 13-11-15  107.99761903  14-11-15  110.69861163

 NUCLEAR CHARGE:                   25
 NUMBER OF PRIMITIVE AOS:         336
 NUMBER OF SYMMETRY AOS:          324
 NUMBER OF CONTRACTIONS:          223   ( 223A   )
 NUMBER OF CORE ORBITALS:           6   (   6A   )
 NUMBER OF VALENCE ORBITALS:       11   (  11A   )

 MOLECULE CHANGED: INITIALIZING OCCUPATION AND DUMP RECORDS


 NUCLEAR REPULSION ENERGY   47.85754981


 Eigenvalues of metric

         1 0.760E-04 0.184E-03 0.212E-03 0.225E-03 0.352E-03 0.366E-03 0.513E-03 0.560E-03


 OPERATOR DM      FOR CENTER  0  COORDINATES:    0.000000    0.000000    0.000000


 **********************************************************************************************************************************
 DATASETS  * FILE   NREC   LENGTH (MB)   RECORD NAMES
              1      18        9.63       500      610      700      900      950      970     1000      129      960     1100   
                                          VAR    BASINP    GEOM    SYMINP    ZMAT    AOBASIS   BASIS     P2S    ABASIS      S 
                                         1400     1410     1200     1210     1080     1600     1650     1700   
                                           T        V       H0       H01     AOSYM     SMH    MOLCAS    OPER   

              2       5        3.80       700     1000      520     2100     2101   
                                         GEOM     BASIS   MCVARS     RHF      RHF  

 PROGRAMS   *        TOTAL       INT       MP2        HF       INT       MP2        HF       INT
 CPU TIMES  *        18.31      0.16      0.74     10.40      0.19      1.01      5.49      0.12
 REAL TIME  *       129.41 SEC
 DISK USED  *       200.39 MB      
 SF USED    *        71.06 MB      
 GA USED    *         3.20 MB       (max)       0.00 MB       (current)
 **********************************************************************************************************************************

1PROGRAM * RHF-SCF (CLOSED SHELL)       Authors: W. Meyer, H.-J. Werner


 NUMBER OF ELECTRONS:      13+   13-    SPACE SYMMETRY=1    SPIN SYMMETRY: Singlet 
 CONVERGENCE THRESHOLDS:    1.00E-05 (Density)    1.00E-07 (Energy)
 INTEGRAL THRESHOLDS:       1.00E-11 (Initial)    1.00E-11 (Final)
 MAX. NUMBER OF ITERATIONS:       60
 INTERPOLATION TYPE:            DIIS
 INTERPOLATION STEPS:              2 (START)      1 (STEP)
 LEVEL SHIFTS:                  0.00 (CLOSED)  0.00 (OPEN) 



 
 Basis set CC-PVDZ/JKFIT generated.      Number of basis functions:   669 
 
 Orbital guess generated from atomic densities. Full valence occupancy:   17
 Coulomb and exchange fitting
 Thresholds for fitting:       THRAO_COUL= 1.0D-14    THRAO_EXCH= 1.0D-12    THRMO= 1.0D-11    THRPROD= 1.0D-11    THRASM= 1.0D-11
                               THR2HLF=    1.0D-11

 Molecular orbital dump at record        2102.2

 ITERATION   DDIFF            GRAD            ENERGY        2-EL.EN.            DIPOLE MOMENTS         DIIS   CPU(IT)  CPU(TOT)  ORB.
    1      0.000D+00      0.000D+00      -437.09263864    445.111024   -1.84194   -5.11528   -0.00000    0      0.9      3.8     start
    2      0.000D+00      0.339D-02      -437.14441300    435.940009   -1.14757   -5.19410   -0.00000    1      0.4      4.1     diag
    3      0.719D-02      0.155D-02      -437.15231996    438.527541   -1.32581   -5.17716   -0.00000    2      0.2      4.4     diag
    4      0.236D-02      0.273D-03      -437.15297230    438.325584   -1.34978   -5.17525   -0.00000    3      0.2      4.6     diag
    5      0.668D-03      0.630D-04      -437.15301163    438.329031   -1.35425   -5.17533    0.00000    4      0.2      4.8     diag
    6      0.236D-03      0.148D-04      -437.15301436    438.323597   -1.35640   -5.17514   -0.00000    5      0.3      5.1     diag
    7      0.828D-04      0.379D-05      -437.15301456    438.323859   -1.35624   -5.17520    0.00000    6      0.2      5.4     diag
    8      0.264D-04      0.110D-05      -437.15301457    438.323608   -1.35625   -5.17520    0.00000    7      0.2      5.6     diag
    9      0.502D-05      0.401D-06      -437.15301457    438.323857   -1.35613   -5.17522   -0.00000    0      0.2      5.8     orth

 Final occupancy:  13

 !RHF STATE 1.1 Energy               -437.153014568069
 Nuclear energy                        47.85754981
 One-electron energy                 -704.17249301
 Two-electron energy                  219.16192863
 Virial quotient                       -1.00013399
 !RHF STATE 1.1 Dipole moment          -1.35612754    -5.17522085    -0.00000000
 Dipole moment /Debye                  -3.44670663   -13.15323780    -0.00000000

 Orbital energies:

         1.1          2.1          3.1          4.1          5.1          6.1          7.1          8.1          9.1         10.1
    -91.665027   -11.051899    -8.664425    -6.347024    -6.344058    -6.344045    -0.785019    -0.578745    -0.374226    -0.372832

        11.1         12.1         13.1         14.1         15.1
     -0.231946    -0.082673    -0.082398     0.103145     0.123877

 HOMO     13.1    -0.082398 =      -2.2422eV
 LUMO     14.1     0.103145 =       2.8067eV
 LUMO-HOMO         0.185543 =       5.0489eV


 **********************************************************************************************************************************
 DATASETS  * FILE   NREC   LENGTH (MB)   RECORD NAMES
              1      18        9.63       500      610      700      900      950      970     1000      129      960     1100   
                                          VAR    BASINP    GEOM    SYMINP    ZMAT    AOBASIS   BASIS     P2S    ABASIS      S 
                                         1400     1410     1200     1210     1080     1600     1650     1700   
                                           T        V       H0       H01     AOSYM     SMH    MOLCAS    OPER   

              2       6        5.83       700     1000      520     2100     2101     2102   
                                         GEOM     BASIS   MCVARS     RHF      RHF      RHF  

 PROGRAMS   *        TOTAL        HF       INT       MP2        HF       INT       MP2        HF       INT
 CPU TIMES  *        24.20      5.87      0.16      0.74     10.40      0.19      1.01      5.49      0.12
 REAL TIME  *       207.83 SEC
 DISK USED  *       224.81 MB      
 SF USED    *        71.06 MB      
 GA USED    *         3.20 MB       (max)       0.00 MB       (current)
 **********************************************************************************************************************************
 SETTING E_RHF_B        =    ***************  KCAL/MOL                        


1PROGRAM * MP2 (Closed-shell)     Authors: C. Hampel, H.-J. Werner, 1991, M. Deegan, P.J. Knowles, 1992

 Basis set AUG-CC-PVDZ/MP2FIT generated. Number of basis functions:   659 

 Convergence thresholds:  THRVAR = 1.00D-08  THRDEN = 1.00D-06

 Number of core orbitals:           6 (   6 )
 Number of closed-shell orbitals:   7 (   7 )
 Number of external orbitals:     210 ( 210 )

 Molecular orbitals read from record     2102.2  Type=RHF/CANONICAL (state 1.1)
 

 Entering DF-MP2

 Thresholds:    THRAO= 0.100D-09    THRMO= 0.100D-08    THROV= 0.100D-11

 Fitting basis: AUG-CC-PVDZ-MP2F
 Number of fitting functions:                 659
 Number of blocks in AO basis:                  5
 Minimum block size:                           23
 Maximum block size:                           77
 Average block size:                           45
 Number of groups in AO basis:                 72
 Number of shells in AO basis:                172

 Using large memory version DFMP2B. NIBTK= 1  NGPU= 0  IGPU= 0

 para=T  nprocs= 12  mpptyp=0  number of tasks=  46

 Minimum memory with paging:                  1.37 MW
 Minimum memory for incore assembly:          1.37 MW
 Maximum memory for incore algorithm:         1.81 MW
 Memory for 3-index integrals:                0.00 MW

 Disk space for H1-integrals:                 8.41 MB (   322 records)
 
 CPU time for half transformed integrals      0.09 sec, elapsed time      0.10 sec
 CPU time for assembly                        0.03 sec, elapsed time      0.03 sec (3904.3 MFLOP/sec)
 Total CPU time                               0.48 sec, elapsed time      0.51 sec

 SCS-MP2 correlation energy:           -0.308559971246   (PS=  1.200000  PT=  0.333333)
 SCS-MP2 total energy:               -437.461574539313

 Norm of first-order wave function:     0.100016661835
 Coefficient of reference function:     0.953455368220

  Reference energy                   -437.153014568067
  MP2 singlet pair energy              -0.199432628747
  MP2 triplet pair energy              -0.111279884061
  MP2 correlation energy               -0.310712512808

 !MP2 total energy                   -437.463727080876


 **********************************************************************************************************************************
 DATASETS  * FILE   NREC   LENGTH (MB)   RECORD NAMES
              1      18        9.63       500      610      700      900      950      970     1000      129      960     1100   
                                          VAR    BASINP    GEOM    SYMINP    ZMAT    AOBASIS   BASIS     P2S    ABASIS      S 
                                         1400     1410     1200     1210     1080     1600     1650     1700   
                                           T        V       H0       H01     AOSYM     SMH    MOLCAS    OPER   

              2       6        5.83       700     1000      520     2100     2101     2102   
                                         GEOM     BASIS   MCVARS     RHF      RHF      RHF  

 PROGRAMS   *        TOTAL       MP2        HF       INT       MP2        HF       INT       MP2        HF       INT
 CPU TIMES  *        24.83      0.63      5.87      0.16      0.74     10.40      0.19      1.01      5.49      0.12
 REAL TIME  *       208.68 SEC
 DISK USED  *       224.81 MB      
 SF USED    *        71.06 MB      
 GA USED    *         3.20 MB       (max)       0.00 MB       (current)
 **********************************************************************************************************************************
 SETTING E_CORR_B       =    ***************  KCAL/MOL                        
 SETTING E_B            =      -194.97508463  KCAL/MOL                        
 SETTING E_RHF_CP       =       -99.01655913  KCAL/MOL                        
 SETTING E_CORR_CP      =        -5.04971358  KCAL/MOL                        

        DF-MP2          DF-HF           DF-MP2          DF-HF           DF-MP2          DF-HF   
   -437.46372708   -437.15301457   -205.20379544   -204.54687706   -642.83336265   -641.85768453
 **********************************************************************************************************************************
 Variable memory released
