
 Primary working directories    : /scratch/1723330.phoenix.chem.wisc.edu
 Secondary working directories  : /scratch/1723330.phoenix.chem.wisc.edu
 Wavefunction directory         : /scratch/1723330.phoenix.chem.wisc.edu/
 Main file repository           : /scratch/1723330.phoenix.chem.wisc.edu/

 SHA1      : 65e45729fe3f963b0eb97374e3bda9949063ef0f
 NAME      : 2012.1.17
 ARCHNAME  : Linux/x86_64
 FC        : /opt/intel/composer_xe_2013.5.192/bin/intel64/ifort
 FCVERSION : 13.1.3
 BLASLIB   : -L/opt/intel/composer_xe_2013.5.192/mkl/lib/intel64 -lmkl_intel_ilp64 -lmkl_sequential -lmkl_core
 id        : cuichemwisc

 Nodes             nprocs
 compute-1-34.local   12
 ga_uses_ma=false, calling ma_init with nominal heap.
 GA-space will be limited to   8.0 MW (determined by -G option)

 Using customized tuning parameters: mindgm=1; mindgv=20; mindgc=4; mindgr=1; noblas=0; minvec=7
 default implementation of scratch files=sf  

 geomtyp=xyz
 geometry={
 15
  C0          0.024471742900      -1.489383581400       0.000000000000
  N1          0.260302785000      -0.856872652000      -1.135945958000
  N2         -0.474248393600      -2.759643634900       0.000000000000
  N3          0.260302785000      -0.856872652000       1.135945958000
  H4         -0.342089655800      -3.290836515200       0.843147167100
  H5         -0.342089655800      -3.290836515200      -0.843147167100
  H6         -0.021049595400      -1.274046235800      -2.004978985800
  H7          0.484178351000       0.194544493200      -1.019322588700
  H8         -0.021049595400      -1.274046235800       2.004978985800
  H9          0.484178351000       0.194544493200       1.019322588700
  C10        -1.150489761134       2.276741837359       0.000000000000
  H11        -1.673459792634       1.316749698159       0.000000000000
  H12        -1.470379797834       2.830808975059      -0.880544849600
  S13         0.662903150466       2.055243289459       0.000000000000
  H14        -1.470379797834       2.830808975059       0.880544849600
 }
 
 
 basis=avtz
 
                                                                                 ! Complex
 set,charge=0
 
 df-hf
 e_rhf_c = energy*tokcal
 df-mp2
 e_corr_c = energy*tokcal
 e_c = e_corr_c - e_rhf_c
 
 
                                                                                 ! Monomer 1
 set,charge=1
 dummy,C10,H11,H12,S13,H14
 
 df-hf
 e_rhf_a = energy*tokcal
 df-mp2
 e_corr_a = energy*tokcal
 e_a = e_corr_a - e_rhf_a
 
 
                                                                                 ! Monomer 2
 set,charge=-1
 dummy,C0,N1,N2,N3,H4,H5,H6,H7,H8,H9
 
 df-hf
 e_rhf_b = energy*tokcal
 df-mp2
 e_corr_b = energy*tokcal
 e_b = e_corr_b - e_rhf_b
 
 
 e_rhf_cp = e_rhf_c - (e_rhf_a + e_rhf_b)
 e_corr_cp = e_c - (e_a + e_b)

 Variables initialized (782), CPU time= 0.01 sec
 Commands  initialized (547), CPU time= 0.01 sec, 517 directives.
 Default parameters read. Elapsed time= 0.13 sec

 Checking input...
 Passed
1


                                         ***  PROGRAM SYSTEM MOLPRO  ***
                         Copyright, University College Cardiff Consultants Limited, 2008

                                    Version 2012.1 linked Oct 11 2014 15:40:16


 **********************************************************************************************************************************
 LABEL *                                                                                 
 Linux-2.6.18-308.el5/compute-1-34.local(x86_64) 64 bit mpp version                      DATE: 11-Dec-14          TIME: 21:07:41  
 **********************************************************************************************************************************

 SHA1:             65e45729fe3f963b0eb97374e3bda9949063ef0f
 **********************************************************************************************************************************
 SETTING GEOMTYP        =    XYZ

 Turning off symmetry in density fitting calculation
 To re-enable, use 'set,zsymel=auto'


 Variable memory set to  350000000 words,  buffer space   230000 words

 SETTING BASIS          =    AVTZ
 SETTING CHARGE         =         0.00000000                                  


 Recomputing integrals since basis changed


 Using spherical harmonics

 Library entry C      S aug-cc-pVTZ          selected for orbital group  1
 Library entry C      P aug-cc-pVTZ          selected for orbital group  1
 Library entry C      D aug-cc-pVTZ          selected for orbital group  1
 Library entry C      F aug-cc-pVTZ          selected for orbital group  1
 Library entry N      S aug-cc-pVTZ          selected for orbital group  2
 Library entry N      P aug-cc-pVTZ          selected for orbital group  2
 Library entry N      D aug-cc-pVTZ          selected for orbital group  2
 Library entry N      F aug-cc-pVTZ          selected for orbital group  2
 Library entry H      S aug-cc-pVTZ          selected for orbital group  3
 Library entry H      P aug-cc-pVTZ          selected for orbital group  3
 Library entry H      D aug-cc-pVTZ          selected for orbital group  3
 Library entry S      S aug-cc-pVTZ          selected for orbital group  6
 Library entry S      P aug-cc-pVTZ          selected for orbital group  6
 Library entry S      D aug-cc-pVTZ          selected for orbital group  6
 Library entry S      F aug-cc-pVTZ          selected for orbital group  6

1PROGRAM * SEWARD (Integral evaluation for generally contracted gaussian basis sets)     Author: Roland Lindh, 1990

 Geometry written to block  1 of record 700


 Point group  C1  



 ATOMIC COORDINATES

 NR  ATOM    CHARGE       X              Y              Z

   1  C0      6.00    0.046244892   -2.814527073    0.000000000
   2  N1      7.00    0.491900975   -1.619254642   -2.146626761
   3  N2      7.00   -0.896199582   -5.214970690    0.000000000
   4  N3      7.00    0.491900975   -1.619254642    2.146626761
   5  H4      1.00   -0.646455762   -6.218779757    1.593317234
   6  H5      1.00   -0.646455762   -6.218779757   -1.593317234
   7  H6      1.00   -0.039777970   -2.407598464   -3.788861182
   8  H7      1.00    0.914964482    0.367635813   -1.926240532
   9  H8      1.00   -0.039777970   -2.407598464    3.788861182
  10  H9      1.00    0.914964482    0.367635813    1.926240532
  11  C10     6.00   -2.174110566    4.302418545    0.000000000
  12  H11     1.00   -3.162380700    2.488296313    0.000000000
  13  H12     1.00   -2.778615127    5.349453693   -1.663988612
  14  S13    16.00    1.252705406    3.883846951    0.000000000
  15  H14     1.00   -2.778615127    5.349453693    1.663988612

 Bond lengths in Bohr (Angstrom)

 1-2  2.497056663  1-3  2.578823597  1-4  2.497056663  2-7  1.897657076  2-8  2.043351780
     ( 1.321385476)     ( 1.364654674)     ( 1.321385476)     ( 1.004196875)     ( 1.081295192)

  3- 5  1.899648501   3- 6  1.899648501   4- 9  1.897657076   4-10  2.043351780  11-12  2.065845427
       ( 1.005250692)       ( 1.005250692)       ( 1.004196875)       ( 1.081295192)       ( 1.093198317)

 11-13  2.056834089  11-14  3.452284734  11-15  2.056834089
       ( 1.088429722)       ( 1.826870400)       ( 1.088429722)

 Bond angles

  1-2-7  119.67596989   1-2-8  114.18463931   1-3-5  116.34794645   1-3-6  116.34794645

  1- 4- 9  119.67596989   1- 4-10  114.18463931   2- 1- 3  120.71619651   2- 1- 4  118.55748970

  3- 1- 4  120.71619651   5- 3- 6  114.01528015   7- 2- 8  123.73123688   9- 4-10  123.73123688

 12-11-13  107.84398771  12-11-14  111.61604867  12-11-15  107.84398771  13-11-14  110.69861163

 13-11-15  107.99761903  14-11-15  110.69861163

 NUCLEAR CHARGE:                   58
 NUMBER OF PRIMITIVE AOS:         662
 NUMBER OF SYMMETRY AOS:          590
 NUMBER OF CONTRACTIONS:          487   ( 487A   )
 NUMBER OF CORE ORBITALS:          10   (  10A   )
 NUMBER OF VALENCE ORBITALS:       33   (  33A   )


 NUCLEAR REPULSION ENERGY  299.13244087


 Eigenvalues of metric

         1 0.132E-04 0.237E-04 0.364E-04 0.401E-04 0.418E-04 0.426E-04 0.500E-04 0.501E-04


 OPERATOR DM      FOR CENTER  0  COORDINATES:    0.000000    0.000000    0.000000


 **********************************************************************************************************************************
 DATASETS  * FILE   NREC   LENGTH (MB)   RECORD NAMES
              1      18       16.47       500      610      700      900      950      970     1000      129      960     1100   
                                          VAR    BASINP    GEOM    SYMINP    ZMAT    AOBASIS   BASIS     P2S    ABASIS      S 
                                         1400     1410     1200     1210     1080     1600     1650     1700   
                                           T        V       H0       H01     AOSYM     SMH    MOLCAS    OPER   

 PROGRAMS   *        TOTAL       INT
 CPU TIMES  *         0.87      0.74
 REAL TIME  *         1.15 SEC
 DISK USED  *         0.00 MB      
 GA USED    *         0.01 MB       (max)       0.00 MB       (current)
 **********************************************************************************************************************************

1PROGRAM * RHF-SCF (CLOSED SHELL)       Authors: W. Meyer, H.-J. Werner


 NUMBER OF ELECTRONS:      29+   29-    SPACE SYMMETRY=1    SPIN SYMMETRY: Singlet 
 CONVERGENCE THRESHOLDS:    1.00E-05 (Density)    1.16E-07 (Energy)
 INTEGRAL THRESHOLDS:       1.00E-11 (Initial)    1.00E-11 (Final)
 MAX. NUMBER OF ITERATIONS:       60
 INTERPOLATION TYPE:            DIIS
 INTERPOLATION STEPS:              2 (START)      1 (STEP)
 LEVEL SHIFTS:                  0.00 (CLOSED)  0.00 (OPEN) 



 
 Basis set CC-PVTZ/JKFIT generated.      Number of basis functions:   786 
 
 Orbital guess generated from atomic densities. Full valence occupancy:   43
 Coulomb and exchange fitting
 Thresholds for fitting:       THRAO_COUL= 1.0D-14    THRAO_EXCH= 1.0D-12    THRMO= 1.0D-11    THRPROD= 1.0D-11    THRASM= 1.0D-11
                               THR2HLF=    1.0D-11

 Molecular orbital dump at record        2100.2

 ITERATION   DDIFF            GRAD            ENERGY        2-EL.EN.            DIPOLE MOMENTS         DIIS   CPU(IT)  CPU(TOT)  ORB.
    1      0.000D+00      0.000D+00      -641.85292761   1072.901562   -1.49639   -5.45455   -0.00000    0      1.9      6.3     start
    2      0.000D+00      0.238D-02      -641.93915531   1067.346947   -0.81979   -4.26835   -0.00000    1      1.1      7.4     diag
    3      0.326D-02      0.861D-03      -641.94975658   1069.212310   -1.02126   -4.41190   -0.00000    2      1.9      9.3     diag
    4      0.831D-03      0.281D-03      -641.95124699   1069.082672   -1.00092   -4.35551   -0.00000    3      1.0     10.3     diag
    5      0.293D-03      0.593D-04      -641.95135093   1068.930294   -0.99469   -4.34479   -0.00000    4      1.0     11.3     diag
    6      0.748D-04      0.234D-04      -641.95136549   1068.970121   -0.99447   -4.34476   -0.00000    5      1.5     12.8     diag
    7      0.300D-04      0.661D-05      -641.95136711   1068.964713   -0.99437   -4.34506   -0.00000    6      1.1     13.9     diag
    8      0.109D-04      0.219D-05      -641.95136725   1068.963063   -0.99375   -4.34508   -0.00000    7      1.0     14.9     diag
    9      0.357D-05      0.756D-06      -641.95136727   1068.964179   -0.99368   -4.34515   -0.00000    8      1.0     15.9     diag
   10      0.114D-05      0.174D-06      -641.95136727   1068.963881   -0.99363   -4.34518    0.00000    0      1.4     17.3     orth

 Final occupancy:  29

 !RHF STATE 1.1 Energy               -641.951367266039
 Nuclear energy                       299.13244087
 One-electron energy                -1475.56574881
 Two-electron energy                  534.48194068
 Virial quotient                       -1.00073895
 !RHF STATE 1.1 Dipole moment          -0.99362778    -4.34518470     0.00000000
 Dipole moment /Debye                  -2.52538449   -11.04363454     0.00000000

 Orbital energies:

         1.1          2.1          3.1          4.1          5.1          6.1          7.1          8.1          9.1         10.1
    -91.831147   -15.643470   -15.610435   -15.610409   -11.427746   -11.194991    -8.832499    -6.514079    -6.512535    -6.512476

        11.1         12.1         13.1         14.1         15.1         16.1         17.1         18.1         19.1         20.1
     -1.375670    -1.236721    -1.213620    -0.944906    -0.887898    -0.815821    -0.794050    -0.754116    -0.695540    -0.681143

        21.1         22.1         23.1         24.1         25.1         26.1         27.1         28.1         29.1         30.1
     -0.671941    -0.635643    -0.526001    -0.523482    -0.480427    -0.443435    -0.397772    -0.270421    -0.262536     0.001740

        31.1
      0.019440

 HOMO     29.1    -0.262536 =      -7.1440eV
 LUMO     30.1     0.001740 =       0.0474eV
 LUMO-HOMO         0.264276 =       7.1913eV


 **********************************************************************************************************************************
 DATASETS  * FILE   NREC   LENGTH (MB)   RECORD NAMES
              1      18       16.47       500      610      700      900      950      970     1000      129      960     1100   
                                          VAR    BASINP    GEOM    SYMINP    ZMAT    AOBASIS   BASIS     P2S    ABASIS      S 
                                         1400     1410     1200     1210     1080     1600     1650     1700   
                                           T        V       H0       H01     AOSYM     SMH    MOLCAS    OPER   

              2       4        6.31       700     1000      520     2100   
                                         GEOM     BASIS   MCVARS     RHF  

 PROGRAMS   *        TOTAL        HF       INT
 CPU TIMES  *        18.31     17.43      0.74
 REAL TIME  *        65.12 SEC
 DISK USED  *       468.70 MB      
 SF USED    *        96.04 MB      
 GA USED    *         3.20 MB       (max)       0.00 MB       (current)
 **********************************************************************************************************************************
 SETTING E_RHF_C        =    ***************  KCAL/MOL                        


1PROGRAM * MP2 (Closed-shell)     Authors: C. Hampel, H.-J. Werner, 1991, M. Deegan, P.J. Knowles, 1992

 Basis set AUG-CC-PVTZ/MP2FIT generated. Number of basis functions:   1091 

 Convergence thresholds:  THRVAR = 1.00D-08  THRDEN = 1.16D-06

 Number of core orbitals:          10 (  10 )
 Number of closed-shell orbitals:  19 (  19 )
 Number of external orbitals:     458 ( 458 )

 Molecular orbitals read from record     2100.2  Type=RHF/CANONICAL (state 1.1)
 

 Entering DF-MP2

 Thresholds:    THRAO= 0.100D-09    THRMO= 0.100D-08    THROV= 0.100D-11

 Fitting basis: AUG-CC-PVTZ-MP2F
 Number of fitting functions:                1091
 Number of blocks in AO basis:                  5
 Minimum block size:                           46
 Maximum block size:                          165
 Average block size:                           97
 Number of groups in AO basis:                117
 Number of shells in AO basis:                240

 Using large memory version DFMP2B. NIBTK= 1  NGPU= 0  IGPU= 0

 para=T  nprocs= 12  mpptyp=0  number of tasks=  37

 Minimum memory with paging:                  2.85 MW
 Minimum memory for incore assembly:          9.70 MW
 Maximum memory for incore algorithm:        11.73 MW
 Memory for 3-index integrals:                0.00 MW

 Disk space for H1-integrals:                81.59 MB (   703 records)
 
 CPU time for half transformed integrals      0.55 sec, elapsed time      0.56 sec
 CPU time for assembly                        0.80 sec, elapsed time      1.85 sec (7471.8 MFLOP/sec)
 Total CPU time                               2.34 sec, elapsed time      3.51 sec

 SCS-MP2 correlation energy:           -1.178914356597   (PS=  1.200000  PT=  0.333333)
 SCS-MP2 total energy:               -643.130281622637

 Norm of first-order wave function:     0.275654327699
 Coefficient of reference function:     0.885387724990

  Reference energy                   -641.951367266040
  MP2 singlet pair energy              -0.758082432262
  MP2 triplet pair energy              -0.432667668027
  MP2 correlation energy               -1.190750100289

 !MP2 total energy                   -643.142117366328


 **********************************************************************************************************************************
 DATASETS  * FILE   NREC   LENGTH (MB)   RECORD NAMES
              1      18       16.47       500      610      700      900      950      970     1000      129      960     1100   
                                          VAR    BASINP    GEOM    SYMINP    ZMAT    AOBASIS   BASIS     P2S    ABASIS      S 
                                         1400     1410     1200     1210     1080     1600     1650     1700   
                                           T        V       H0       H01     AOSYM     SMH    MOLCAS    OPER   

              2       4        6.31       700     1000      520     2100   
                                         GEOM     BASIS   MCVARS     RHF  

 PROGRAMS   *        TOTAL       MP2        HF       INT
 CPU TIMES  *        21.01      2.68     17.43      0.74
 REAL TIME  *        69.58 SEC
 DISK USED  *       468.70 MB      
 SF USED    *       298.91 MB      
 GA USED    *         3.20 MB       (max)       0.00 MB       (current)
 **********************************************************************************************************************************
 SETTING E_CORR_C       =    ***************  KCAL/MOL                        
 SETTING E_C            =      -747.20711913  KCAL/MOL                        
 SETTING CHARGE         =         1.00000000                                  

 Dummy atoms: C10  H11  H12  S13  H14


 Recomputing one-electron integrals since nuclear charges changed

1PROGRAM * SEWARD (Integral evaluation for generally contracted gaussian basis sets)     Author: Roland Lindh, 1990

 Geometry written to block  1 of record 700


 Point group  C1  



 ATOMIC COORDINATES

 NR  ATOM    CHARGE       X              Y              Z

   1  C0      6.00    0.046244892   -2.814527073    0.000000000
   2  N1      7.00    0.491900975   -1.619254642   -2.146626761
   3  N2      7.00   -0.896199582   -5.214970690    0.000000000
   4  N3      7.00    0.491900975   -1.619254642    2.146626761
   5  H4      1.00   -0.646455762   -6.218779757    1.593317234
   6  H5      1.00   -0.646455762   -6.218779757   -1.593317234
   7  H6      1.00   -0.039777970   -2.407598464   -3.788861182
   8  H7      1.00    0.914964482    0.367635813   -1.926240532
   9  H8      1.00   -0.039777970   -2.407598464    3.788861182
  10  H9      1.00    0.914964482    0.367635813    1.926240532
  11  C10     0.00   -2.174110566    4.302418545    0.000000000
  12  H11     0.00   -3.162380700    2.488296313    0.000000000
  13  H12     0.00   -2.778615127    5.349453693   -1.663988612
  14  S13     0.00    1.252705406    3.883846951    0.000000000
  15  H14     0.00   -2.778615127    5.349453693    1.663988612

 Bond lengths in Bohr (Angstrom)

 1-2  2.497056663  1-3  2.578823597  1-4  2.497056663  2-7  1.897657076  2-8  2.043351780
     ( 1.321385476)     ( 1.364654674)     ( 1.321385476)     ( 1.004196875)     ( 1.081295192)

  3- 5  1.899648501   3- 6  1.899648501   4- 9  1.897657076   4-10  2.043351780  11-12  2.065845427
       ( 1.005250692)       ( 1.005250692)       ( 1.004196875)       ( 1.081295192)       ( 1.093198317)

 11-13  2.056834089  11-14  3.452284734  11-15  2.056834089
       ( 1.088429722)       ( 1.826870400)       ( 1.088429722)

 Bond angles

  1-2-7  119.67596989   1-2-8  114.18463931   1-3-5  116.34794645   1-3-6  116.34794645

  1- 4- 9  119.67596989   1- 4-10  114.18463931   2- 1- 3  120.71619651   2- 1- 4  118.55748970

  3- 1- 4  120.71619651   5- 3- 6  114.01528015   7- 2- 8  123.73123688   9- 4-10  123.73123688

 12-11-13  107.84398771  12-11-14  111.61604867  12-11-15  107.84398771  13-11-14  110.69861163

 13-11-15  107.99761903  14-11-15  110.69861163

 NUCLEAR CHARGE:                   33
 NUMBER OF PRIMITIVE AOS:         662
 NUMBER OF SYMMETRY AOS:          590
 NUMBER OF CONTRACTIONS:          487   ( 487A   )
 NUMBER OF CORE ORBITALS:           4   (   4A   )
 NUMBER OF VALENCE ORBITALS:       22   (  22A   )

 MOLECULE CHANGED: INITIALIZING OCCUPATION AND DUMP RECORDS


 NUCLEAR REPULSION ENERGY  133.32898411


 Eigenvalues of metric

         1 0.132E-04 0.237E-04 0.364E-04 0.401E-04 0.418E-04 0.426E-04 0.500E-04 0.501E-04


 OPERATOR DM      FOR CENTER  0  COORDINATES:    0.000000    0.000000    0.000000


 **********************************************************************************************************************************
 DATASETS  * FILE   NREC   LENGTH (MB)   RECORD NAMES
              1      18       16.47       500      610      700      900      950      970     1000      129      960     1100   
                                          VAR    BASINP    GEOM    SYMINP    ZMAT    AOBASIS   BASIS     P2S    ABASIS      S 
                                         1400     1410     1200     1210     1080     1600     1650     1700   
                                           T        V       H0       H01     AOSYM     SMH    MOLCAS    OPER   

              2       4        6.31       700     1000      520     2100   
                                         GEOM     BASIS   MCVARS     RHF  

 PROGRAMS   *        TOTAL       INT       MP2        HF       INT
 CPU TIMES  *        21.57      0.55      2.68     17.43      0.74
 REAL TIME  *        71.07 SEC
 DISK USED  *       468.70 MB      
 SF USED    *       298.91 MB      
 GA USED    *         3.20 MB       (max)       0.00 MB       (current)
 **********************************************************************************************************************************

1PROGRAM * RHF-SCF (CLOSED SHELL)       Authors: W. Meyer, H.-J. Werner


 NUMBER OF ELECTRONS:      16+   16-    SPACE SYMMETRY=1    SPIN SYMMETRY: Singlet 
 CONVERGENCE THRESHOLDS:    1.00E-05 (Density)    1.00E-07 (Energy)
 INTEGRAL THRESHOLDS:       1.00E-11 (Initial)    1.00E-11 (Final)
 MAX. NUMBER OF ITERATIONS:       60
 INTERPOLATION TYPE:            DIIS
 INTERPOLATION STEPS:              2 (START)      1 (STEP)
 LEVEL SHIFTS:                  0.00 (CLOSED)  0.00 (OPEN) 



 
 Basis set CC-PVTZ/JKFIT generated.      Number of basis functions:   786 
 
 Orbital guess generated from atomic densities. Full valence occupancy:   26
 Coulomb and exchange fitting
 Thresholds for fitting:       THRAO_COUL= 1.0D-14    THRAO_EXCH= 1.0D-12    THRMO= 1.0D-11    THRPROD= 1.0D-11    THRASM= 1.0D-11
                               THR2HLF=    1.0D-11

 Molecular orbital dump at record        2101.2

 ITERATION   DDIFF            GRAD            ENERGY        2-EL.EN.            DIPOLE MOMENTS         DIIS   CPU(IT)  CPU(TOT)  ORB.
    1      0.000D+00      0.000D+00      -204.53734967    390.374365    0.23246   -2.44762   -0.00000    0      1.9      9.8     start
    2      0.000D+00      0.256D-02      -204.58975691    391.679754    0.14364   -2.60447   -0.00000    1      1.0     10.8     diag
    3      0.227D-02      0.823D-03      -204.59518936    391.451080    0.16385   -2.59738   -0.00000    2      1.0     11.8     diag
    4      0.637D-03      0.354D-03      -204.59620713    391.540296    0.15542   -2.60988   -0.00000    3      1.1     12.9     diag
    5      0.226D-03      0.558D-04      -204.59626752    391.546686    0.15590   -2.61137   -0.00000    4      1.0     13.9     diag
    6      0.554D-04      0.178D-04      -204.59627330    391.539109    0.15496   -2.61278   -0.00000    5      1.0     14.9     diag
    7      0.197D-04      0.683D-05      -204.59627386    391.541746    0.15544   -2.61239   -0.00000    6      0.9     15.9     diag
    8      0.665D-05      0.184D-05      -204.59627391    391.542027    0.15529   -2.61258   -0.00000    7      0.9     16.8     diag
    9      0.194D-05      0.253D-06      -204.59627391    391.541722    0.15530   -2.61256   -0.00000    0      0.9     17.6     orth

 Final occupancy:  16

 !RHF STATE 1.1 Energy               -204.596273907964
 Nuclear energy                       133.32898411
 One-electron energy                 -533.69611915
 Two-electron energy                  195.77086113
 Virial quotient                       -1.00261767
 !RHF STATE 1.1 Dipole moment           0.15530139    -2.61256462    -0.00000000
 Dipole moment /Debye                   0.39471090    -6.64004199    -0.00000000

 Orbital energies:

         1.1          2.1          3.1          4.1          5.1          6.1          7.1          8.1          9.1         10.1
    -15.810009   -15.809980   -15.796314   -11.606414    -1.553034    -1.401137    -1.400908    -1.063706    -0.991135    -0.962876

        11.1         12.1         13.1         14.1         15.1         16.1         17.1         18.1
     -0.875342    -0.858518    -0.857256    -0.812510    -0.641882    -0.636180    -0.107550    -0.082973

 HOMO     16.1    -0.636180 =     -17.3113eV
 LUMO     17.1    -0.107550 =      -2.9266eV
 LUMO-HOMO         0.528630 =      14.3847eV


 **********************************************************************************************************************************
 DATASETS  * FILE   NREC   LENGTH (MB)   RECORD NAMES
              1      18       16.47       500      610      700      900      950      970     1000      129      960     1100   
                                          VAR    BASINP    GEOM    SYMINP    ZMAT    AOBASIS   BASIS     P2S    ABASIS      S 
                                         1400     1410     1200     1210     1080     1600     1650     1700   
                                           T        V       H0       H01     AOSYM     SMH    MOLCAS    OPER   

              2       5       15.86       700     1000      520     2100     2101   
                                         GEOM     BASIS   MCVARS     RHF      RHF  

 PROGRAMS   *        TOTAL        HF       INT       MP2        HF       INT
 CPU TIMES  *        39.65     18.06      0.55      2.68     17.43      0.74
 REAL TIME  *       162.74 SEC
 DISK USED  *       571.84 MB      
 SF USED    *       298.91 MB      
 GA USED    *         3.20 MB       (max)       0.00 MB       (current)
 **********************************************************************************************************************************
 SETTING E_RHF_A        =    ***************  KCAL/MOL                        


1PROGRAM * MP2 (Closed-shell)     Authors: C. Hampel, H.-J. Werner, 1991, M. Deegan, P.J. Knowles, 1992

 Basis set AUG-CC-PVTZ/MP2FIT generated. Number of basis functions:   1091 

 Convergence thresholds:  THRVAR = 1.00D-08  THRDEN = 1.00D-06

 Number of core orbitals:           4 (   4 )
 Number of closed-shell orbitals:  12 (  12 )
 Number of external orbitals:     471 ( 471 )

 Molecular orbitals read from record     2101.2  Type=RHF/CANONICAL (state 1.1)
 

 Entering DF-MP2

 Thresholds:    THRAO= 0.100D-09    THRMO= 0.100D-08    THROV= 0.100D-11

 Fitting basis: AUG-CC-PVTZ-MP2F
 Number of fitting functions:                1091
 Number of blocks in AO basis:                  5
 Minimum block size:                           46
 Maximum block size:                          165
 Average block size:                           97
 Number of groups in AO basis:                117
 Number of shells in AO basis:                240

 Using large memory version DFMP2B. NIBTK= 1  NGPU= 0  IGPU= 0

 para=T  nprocs= 12  mpptyp=0  number of tasks=  37

 Minimum memory with paging:                  2.88 MW
 Minimum memory for incore assembly:          6.39 MW
 Maximum memory for incore algorithm:         7.97 MW
 Memory for 3-index integrals:                0.00 MW

 Disk space for H1-integrals:                51.53 MB (   444 records)
 
 CPU time for half transformed integrals      0.50 sec, elapsed time      0.51 sec
 CPU time for assembly                        0.32 sec, elapsed time      0.73 sec (7598.1 MFLOP/sec)
 Total CPU time                               1.85 sec, elapsed time      2.31 sec

 SCS-MP2 correlation energy:           -0.782316768608   (PS=  1.200000  PT=  0.333333)
 SCS-MP2 total energy:               -205.378590676571

 Norm of first-order wave function:     0.161500924620
 Coefficient of reference function:     0.927876594928

  Reference energy                   -204.596273907963
  MP2 singlet pair energy              -0.502100928339
  MP2 triplet pair energy              -0.288957302037
  MP2 correlation energy               -0.791058230376

 !MP2 total energy                   -205.387332138339


 **********************************************************************************************************************************
 DATASETS  * FILE   NREC   LENGTH (MB)   RECORD NAMES
              1      18       16.47       500      610      700      900      950      970     1000      129      960     1100   
                                          VAR    BASINP    GEOM    SYMINP    ZMAT    AOBASIS   BASIS     P2S    ABASIS      S 
                                         1400     1410     1200     1210     1080     1600     1650     1700   
                                           T        V       H0       H01     AOSYM     SMH    MOLCAS    OPER   

              2       5       15.86       700     1000      520     2100     2101   
                                         GEOM     BASIS   MCVARS     RHF      RHF  

 PROGRAMS   *        TOTAL       MP2        HF       INT       MP2        HF       INT
 CPU TIMES  *        41.87      2.22     18.06      0.55      2.68     17.43      0.74
 REAL TIME  *       165.79 SEC
 DISK USED  *       571.84 MB      
 SF USED    *       298.91 MB      
 GA USED    *         3.20 MB       (max)       0.00 MB       (current)
 **********************************************************************************************************************************
 SETTING E_CORR_A       =    ***************  KCAL/MOL                        
 SETTING E_A            =      -496.39663372  KCAL/MOL                        
 SETTING CHARGE         =        -1.00000000                                  

 Dummy atoms: C0  N1  N2  N3  H4  H5  H6  H7  H8  H9


 Recomputing one-electron integrals since nuclear charges changed

1PROGRAM * SEWARD (Integral evaluation for generally contracted gaussian basis sets)     Author: Roland Lindh, 1990

 Geometry written to block  1 of record 700


 Point group  C1  



 ATOMIC COORDINATES

 NR  ATOM    CHARGE       X              Y              Z

   1  C0      0.00    0.046244892   -2.814527073    0.000000000
   2  N1      0.00    0.491900975   -1.619254642   -2.146626761
   3  N2      0.00   -0.896199582   -5.214970690    0.000000000
   4  N3      0.00    0.491900975   -1.619254642    2.146626761
   5  H4      0.00   -0.646455762   -6.218779757    1.593317234
   6  H5      0.00   -0.646455762   -6.218779757   -1.593317234
   7  H6      0.00   -0.039777970   -2.407598464   -3.788861182
   8  H7      0.00    0.914964482    0.367635813   -1.926240532
   9  H8      0.00   -0.039777970   -2.407598464    3.788861182
  10  H9      0.00    0.914964482    0.367635813    1.926240532
  11  C10     6.00   -2.174110566    4.302418545    0.000000000
  12  H11     1.00   -3.162380700    2.488296313    0.000000000
  13  H12     1.00   -2.778615127    5.349453693   -1.663988612
  14  S13    16.00    1.252705406    3.883846951    0.000000000
  15  H14     1.00   -2.778615127    5.349453693    1.663988612

 Bond lengths in Bohr (Angstrom)

 1-2  2.497056663  1-3  2.578823597  1-4  2.497056663  2-7  1.897657076  2-8  2.043351780
     ( 1.321385476)     ( 1.364654674)     ( 1.321385476)     ( 1.004196875)     ( 1.081295192)

  3- 5  1.899648501   3- 6  1.899648501   4- 9  1.897657076   4-10  2.043351780  11-12  2.065845427
       ( 1.005250692)       ( 1.005250692)       ( 1.004196875)       ( 1.081295192)       ( 1.093198317)

 11-13  2.056834089  11-14  3.452284734  11-15  2.056834089
       ( 1.088429722)       ( 1.826870400)       ( 1.088429722)

 Bond angles

  1-2-7  119.67596989   1-2-8  114.18463931   1-3-5  116.34794645   1-3-6  116.34794645

  1- 4- 9  119.67596989   1- 4-10  114.18463931   2- 1- 3  120.71619651   2- 1- 4  118.55748970

  3- 1- 4  120.71619651   5- 3- 6  114.01528015   7- 2- 8  123.73123688   9- 4-10  123.73123688

 12-11-13  107.84398771  12-11-14  111.61604867  12-11-15  107.84398771  13-11-14  110.69861163

 13-11-15  107.99761903  14-11-15  110.69861163

 NUCLEAR CHARGE:                   25
 NUMBER OF PRIMITIVE AOS:         662
 NUMBER OF SYMMETRY AOS:          590
 NUMBER OF CONTRACTIONS:          487   ( 487A   )
 NUMBER OF CORE ORBITALS:           6   (   6A   )
 NUMBER OF VALENCE ORBITALS:       11   (  11A   )

 MOLECULE CHANGED: INITIALIZING OCCUPATION AND DUMP RECORDS


 NUCLEAR REPULSION ENERGY   47.85754981


 Eigenvalues of metric

         1 0.132E-04 0.237E-04 0.364E-04 0.401E-04 0.418E-04 0.426E-04 0.500E-04 0.501E-04


 OPERATOR DM      FOR CENTER  0  COORDINATES:    0.000000    0.000000    0.000000


 **********************************************************************************************************************************
 DATASETS  * FILE   NREC   LENGTH (MB)   RECORD NAMES
              1      18       16.47       500      610      700      900      950      970     1000      129      960     1100   
                                          VAR    BASINP    GEOM    SYMINP    ZMAT    AOBASIS   BASIS     P2S    ABASIS      S 
                                         1400     1410     1200     1210     1080     1600     1650     1700   
                                           T        V       H0       H01     AOSYM     SMH    MOLCAS    OPER   

              2       5       15.86       700     1000      520     2100     2101   
                                         GEOM     BASIS   MCVARS     RHF      RHF  

 PROGRAMS   *        TOTAL       INT       MP2        HF       INT       MP2        HF       INT
 CPU TIMES  *        42.79      0.92      2.22     18.06      0.55      2.68     17.43      0.74
 REAL TIME  *       167.56 SEC
 DISK USED  *       571.84 MB      
 SF USED    *       298.91 MB      
 GA USED    *         3.20 MB       (max)       0.00 MB       (current)
 **********************************************************************************************************************************

1PROGRAM * RHF-SCF (CLOSED SHELL)       Authors: W. Meyer, H.-J. Werner


 NUMBER OF ELECTRONS:      13+   13-    SPACE SYMMETRY=1    SPIN SYMMETRY: Singlet 
 CONVERGENCE THRESHOLDS:    1.00E-05 (Density)    1.00E-07 (Energy)
 INTEGRAL THRESHOLDS:       1.00E-11 (Initial)    1.00E-11 (Final)
 MAX. NUMBER OF ITERATIONS:       60
 INTERPOLATION TYPE:            DIIS
 INTERPOLATION STEPS:              2 (START)      1 (STEP)
 LEVEL SHIFTS:                  0.00 (CLOSED)  0.00 (OPEN) 



 
 Basis set CC-PVTZ/JKFIT generated.      Number of basis functions:   786 
 
 Orbital guess generated from atomic densities. Full valence occupancy:   17
 Coulomb and exchange fitting
 Thresholds for fitting:       THRAO_COUL= 1.0D-14    THRAO_EXCH= 1.0D-12    THRMO= 1.0D-11    THRPROD= 1.0D-11    THRASM= 1.0D-11
                               THR2HLF=    1.0D-11

 Molecular orbital dump at record        2102.2

 ITERATION   DDIFF            GRAD            ENERGY        2-EL.EN.            DIPOLE MOMENTS         DIIS   CPU(IT)  CPU(TOT)  ORB.
    1      0.000D+00      0.000D+00      -437.11470471    445.335397   -1.81675   -3.81402    0.00000    0      1.4      4.2     start
    2      0.000D+00      0.232D-02      -437.16698405    435.848951   -1.12809   -3.89231    0.00000    1      0.9      5.1     diag
    3      0.310D-02      0.115D-02      -437.17541639    438.648363   -1.29545   -3.87679    0.00000    2      0.9      6.0     diag
    4      0.749D-03      0.196D-03      -437.17609896    438.485356   -1.32161   -3.87531   -0.00000    3      0.9      6.9     diag
    5      0.243D-03      0.531D-04      -437.17616251    438.471274   -1.32344   -3.87626    0.00000    4      0.9      7.8     diag
    6      0.937D-04      0.133D-04      -437.17616651    438.460820   -1.32660   -3.87623   -0.00000    5      1.3      9.0     diag
    7      0.360D-04      0.442D-05      -437.17616693    438.463681   -1.32589   -3.87646    0.00000    6      1.2     10.3     diag
    8      0.128D-04      0.187D-05      -437.17616699    438.463069   -1.32596   -3.87652    0.00000    7      0.9     11.1     diag
    9      0.524D-05      0.418D-06      -437.17616699    438.463064   -1.32582   -3.87654    0.00000    0      0.9     12.0     orth

 Final occupancy:  13

 !RHF STATE 1.1 Energy               -437.176166992348
 Nuclear energy                        47.85754981
 One-electron energy                 -704.26524895
 Two-electron energy                  219.23153215
 Virial quotient                       -1.00011856
 !RHF STATE 1.1 Dipole moment          -1.32581870    -3.87654220     0.00000000
 Dipole moment /Debye                  -3.36967428    -9.85254213     0.00000000

 Orbital energies:

         1.1          2.1          3.1          4.1          5.1          6.1          7.1          8.1          9.1         10.1
    -91.662382   -11.044877    -8.661731    -6.343437    -6.341635    -6.341599    -0.783156    -0.577380    -0.374401    -0.372989

        11.1         12.1         13.1         14.1         15.1
     -0.232035    -0.082811    -0.082660     0.099437     0.116929

 HOMO     13.1    -0.082660 =      -2.2493eV
 LUMO     14.1     0.099437 =       2.7058eV
 LUMO-HOMO         0.182096 =       4.9551eV


 **********************************************************************************************************************************
 DATASETS  * FILE   NREC   LENGTH (MB)   RECORD NAMES
              1      18       16.47       500      610      700      900      950      970     1000      129      960     1100   
                                          VAR    BASINP    GEOM    SYMINP    ZMAT    AOBASIS   BASIS     P2S    ABASIS      S 
                                         1400     1410     1200     1210     1080     1600     1650     1700   
                                           T        V       H0       H01     AOSYM     SMH    MOLCAS    OPER   

              2       6       25.40       700     1000      520     2100     2101     2102   
                                         GEOM     BASIS   MCVARS     RHF      RHF      RHF  

 PROGRAMS   *        TOTAL        HF       INT       MP2        HF       INT       MP2        HF       INT
 CPU TIMES  *        54.94     12.15      0.92      2.22     18.06      0.55      2.68     17.43      0.74
 REAL TIME  *       260.19 SEC
 DISK USED  *       686.39 MB      
 SF USED    *       298.91 MB      
 GA USED    *         3.20 MB       (max)       0.00 MB       (current)
 **********************************************************************************************************************************
 SETTING E_RHF_B        =    ***************  KCAL/MOL                        


1PROGRAM * MP2 (Closed-shell)     Authors: C. Hampel, H.-J. Werner, 1991, M. Deegan, P.J. Knowles, 1992

 Basis set AUG-CC-PVTZ/MP2FIT generated. Number of basis functions:   1091 

 Convergence thresholds:  THRVAR = 1.00D-08  THRDEN = 1.00D-06

 Number of core orbitals:           6 (   6 )
 Number of closed-shell orbitals:   7 (   7 )
 Number of external orbitals:     474 ( 474 )

 Molecular orbitals read from record     2102.2  Type=RHF/CANONICAL (state 1.1)
 

 Entering DF-MP2

 Thresholds:    THRAO= 0.100D-09    THRMO= 0.100D-08    THROV= 0.100D-11

 Fitting basis: AUG-CC-PVTZ-MP2F
 Number of fitting functions:                1091
 Number of blocks in AO basis:                  5
 Minimum block size:                           46
 Maximum block size:                          165
 Average block size:                           97
 Number of groups in AO basis:                117
 Number of shells in AO basis:                240

 Using large memory version DFMP2B. NIBTK= 1  NGPU= 0  IGPU= 0

 para=T  nprocs= 12  mpptyp=0  number of tasks=  37

 Minimum memory with paging:                  2.89 MW
 Minimum memory for incore assembly:          3.85 MW
 Maximum memory for incore algorithm:         5.29 MW
 Memory for 3-index integrals:                0.00 MW

 Disk space for H1-integrals:                30.06 MB (   259 records)
 
 CPU time for half transformed integrals      0.45 sec, elapsed time      0.46 sec
 CPU time for assembly                        0.16 sec, elapsed time      0.20 sec (6156.1 MFLOP/sec)
 Total CPU time                               1.59 sec, elapsed time      1.67 sec

 SCS-MP2 correlation energy:           -0.382335577105   (PS=  1.200000  PT=  0.333333)
 SCS-MP2 total energy:               -437.558502569453

 Norm of first-order wave function:     0.112421184627
 Coefficient of reference function:     0.948124511948

  Reference energy                   -437.176166992348
  MP2 singlet pair energy              -0.252040578977
  MP2 triplet pair energy              -0.128389632319
  MP2 correlation energy               -0.380430211296

 !MP2 total energy                   -437.556597203645


 **********************************************************************************************************************************
 DATASETS  * FILE   NREC   LENGTH (MB)   RECORD NAMES
              1      18       16.47       500      610      700      900      950      970     1000      129      960     1100   
                                          VAR    BASINP    GEOM    SYMINP    ZMAT    AOBASIS   BASIS     P2S    ABASIS      S 
                                         1400     1410     1200     1210     1080     1600     1650     1700   
                                           T        V       H0       H01     AOSYM     SMH    MOLCAS    OPER   

              2       6       25.40       700     1000      520     2100     2101     2102   
                                         GEOM     BASIS   MCVARS     RHF      RHF      RHF  

 PROGRAMS   *        TOTAL       MP2        HF       INT       MP2        HF       INT       MP2        HF       INT
 CPU TIMES  *        57.14      2.19     12.15      0.92      2.22     18.06      0.55      2.68     17.43      0.74
 REAL TIME  *       262.84 SEC
 DISK USED  *       686.39 MB      
 SF USED    *       298.91 MB      
 GA USED    *         3.20 MB       (max)       0.00 MB       (current)
 **********************************************************************************************************************************
 SETTING E_CORR_B       =    ***************  KCAL/MOL                        
 SETTING E_B            =      -238.72360972  KCAL/MOL                        
 SETTING E_RHF_CP       =      -112.27801219  KCAL/MOL                        
 SETTING E_CORR_CP      =       -12.08687569  KCAL/MOL                        

        DF-MP2          DF-HF           DF-MP2          DF-HF           DF-MP2          DF-HF   
   -437.55659720   -437.17616699   -205.38733214   -204.59627391   -643.14211737   -641.95136727
 **********************************************************************************************************************************
 Variable memory released
