
 Primary working directories    : /scratch/1723328.phoenix.chem.wisc.edu
 Secondary working directories  : /scratch/1723328.phoenix.chem.wisc.edu
 Wavefunction directory         : /scratch/1723328.phoenix.chem.wisc.edu/
 Main file repository           : /scratch/1723328.phoenix.chem.wisc.edu/

 SHA1      : 65e45729fe3f963b0eb97374e3bda9949063ef0f
 NAME      : 2012.1.17
 ARCHNAME  : Linux/x86_64
 FC        : /opt/intel/composer_xe_2013.5.192/bin/intel64/ifort
 FCVERSION : 13.1.3
 BLASLIB   : -L/opt/intel/composer_xe_2013.5.192/mkl/lib/intel64 -lmkl_intel_ilp64 -lmkl_sequential -lmkl_core
 id        : cuichemwisc

 Nodes             nprocs
 compute-1-35.local   12
 ga_uses_ma=false, calling ma_init with nominal heap.
 GA-space will be limited to   8.0 MW (determined by -G option)

 Using customized tuning parameters: mindgm=1; mindgv=20; mindgc=4; mindgr=1; noblas=0; minvec=7
 default implementation of scratch files=sf  

 geomtyp=xyz
 geometry={
 15
  C0          0.024471742900      -1.489383581400       0.000000000000
  N1          0.260302785000      -0.856872652000      -1.135945958000
  N2         -0.474248393600      -2.759643634900       0.000000000000
  N3          0.260302785000      -0.856872652000       1.135945958000
  H4         -0.342089655800      -3.290836515200       0.843147167100
  H5         -0.342089655800      -3.290836515200      -0.843147167100
  H6         -0.021049595400      -1.274046235800      -2.004978985800
  H7          0.484178351000       0.194544493200      -1.019322588700
  H8         -0.021049595400      -1.274046235800       2.004978985800
  H9          0.484178351000       0.194544493200       1.019322588700
  C10        -1.154243097066       1.932318945641       0.000000000000
  H11        -1.677213128566       0.972326806441       0.000000000000
  H12        -1.474133133766       2.486386083341      -0.880544849600
  S13         0.659149814534       1.710820397741       0.000000000000
  H14        -1.474133133766       2.486386083341       0.880544849600
 }
 
 
 basis=avtz
 
                                                                                 ! Complex
 set,charge=0
 
 df-hf
 e_rhf_c = energy*tokcal
 df-mp2
 e_corr_c = energy*tokcal
 e_c = e_corr_c - e_rhf_c
 
 
                                                                                 ! Monomer 1
 set,charge=1
 dummy,C10,H11,H12,S13,H14
 
 df-hf
 e_rhf_a = energy*tokcal
 df-mp2
 e_corr_a = energy*tokcal
 e_a = e_corr_a - e_rhf_a
 
 
                                                                                 ! Monomer 2
 set,charge=-1
 dummy,C0,N1,N2,N3,H4,H5,H6,H7,H8,H9
 
 df-hf
 e_rhf_b = energy*tokcal
 df-mp2
 e_corr_b = energy*tokcal
 e_b = e_corr_b - e_rhf_b
 
 
 e_rhf_cp = e_rhf_c - (e_rhf_a + e_rhf_b)
 e_corr_cp = e_c - (e_a + e_b)

 Variables initialized (782), CPU time= 0.01 sec
 Commands  initialized (547), CPU time= 0.01 sec, 517 directives.
 Default parameters read. Elapsed time= 0.14 sec

 Checking input...
 Passed
1


                                         ***  PROGRAM SYSTEM MOLPRO  ***
                         Copyright, University College Cardiff Consultants Limited, 2008

                                    Version 2012.1 linked Oct 11 2014 15:40:16


 **********************************************************************************************************************************
 LABEL *                                                                                 
 Linux-2.6.18-308.el5/compute-1-35.local(x86_64) 64 bit mpp version                      DATE: 11-Dec-14          TIME: 21:04:35  
 **********************************************************************************************************************************

 SHA1:             65e45729fe3f963b0eb97374e3bda9949063ef0f
 **********************************************************************************************************************************
 SETTING GEOMTYP        =    XYZ

 Turning off symmetry in density fitting calculation
 To re-enable, use 'set,zsymel=auto'


 Variable memory set to  350000000 words,  buffer space   230000 words

 SETTING BASIS          =    AVTZ
 SETTING CHARGE         =         0.00000000                                  


 Recomputing integrals since basis changed


 Using spherical harmonics

 Library entry C      S aug-cc-pVTZ          selected for orbital group  1
 Library entry C      P aug-cc-pVTZ          selected for orbital group  1
 Library entry C      D aug-cc-pVTZ          selected for orbital group  1
 Library entry C      F aug-cc-pVTZ          selected for orbital group  1
 Library entry N      S aug-cc-pVTZ          selected for orbital group  2
 Library entry N      P aug-cc-pVTZ          selected for orbital group  2
 Library entry N      D aug-cc-pVTZ          selected for orbital group  2
 Library entry N      F aug-cc-pVTZ          selected for orbital group  2
 Library entry H      S aug-cc-pVTZ          selected for orbital group  3
 Library entry H      P aug-cc-pVTZ          selected for orbital group  3
 Library entry H      D aug-cc-pVTZ          selected for orbital group  3
 Library entry S      S aug-cc-pVTZ          selected for orbital group  6
 Library entry S      P aug-cc-pVTZ          selected for orbital group  6
 Library entry S      D aug-cc-pVTZ          selected for orbital group  6
 Library entry S      F aug-cc-pVTZ          selected for orbital group  6

1PROGRAM * SEWARD (Integral evaluation for generally contracted gaussian basis sets)     Author: Roland Lindh, 1990

 Geometry written to block  1 of record 700


 Point group  C1  



 ATOMIC COORDINATES

 NR  ATOM    CHARGE       X              Y              Z

   1  C0      6.00    0.046244892   -2.814527073    0.000000000
   2  N1      7.00    0.491900975   -1.619254642   -2.146626761
   3  N2      7.00   -0.896199582   -5.214970690    0.000000000
   4  N3      7.00    0.491900975   -1.619254642    2.146626761
   5  H4      1.00   -0.646455762   -6.218779757    1.593317234
   6  H5      1.00   -0.646455762   -6.218779757   -1.593317234
   7  H6      1.00   -0.039777970   -2.407598464   -3.788861182
   8  H7      1.00    0.914964482    0.367635813   -1.926240532
   9  H8      1.00   -0.039777970   -2.407598464    3.788861182
  10  H9      1.00    0.914964482    0.367635813    1.926240532
  11  C10     6.00   -2.181203343    3.651553606    0.000000000
  12  H11     1.00   -3.169473477    1.837431374    0.000000000
  13  H12     1.00   -2.785707904    4.698588754   -1.663988612
  14  S13    16.00    1.245612629    3.232982012    0.000000000
  15  H14     1.00   -2.785707904    4.698588754    1.663988612

 Bond lengths in Bohr (Angstrom)

 1-2  2.497056663  1-3  2.578823597  1-4  2.497056663  2-7  1.897657076  2-8  2.043351780
     ( 1.321385476)     ( 1.364654674)     ( 1.321385476)     ( 1.004196875)     ( 1.081295192)

  3- 5  1.899648501   3- 6  1.899648501   4- 9  1.897657076   4-10  2.043351780   8-14  3.468420336
       ( 1.005250692)       ( 1.005250692)       ( 1.004196875)       ( 1.081295192)       ( 1.835408993)

 10-14  3.468420336  11-12  2.065845427  11-13  2.056834089  11-14  3.452284734  11-15  2.056834089
       ( 1.835408993)       ( 1.093198317)       ( 1.088429722)       ( 1.826870400)       ( 1.088429722)

 Bond angles

  1-2-7  119.67596989   1-2-8  114.18463931   1-3-5  116.34794645   1-3-6  116.34794645

  1- 4- 9  119.67596989   1- 4-10  114.18463931   2- 1- 3  120.71619651   2- 1- 4  118.55748970

  2- 8-14  151.99831849   3- 1- 4  120.71619651   4-10-14  151.99831849   5- 3- 6  114.01528015

  7- 2- 8  123.73123688   8-14-10   67.47176806   8-14-11   90.31716355   9- 4-10  123.73123688

 10-14-11   90.31716355  12-11-13  107.84398771  12-11-14  111.61604867  12-11-15  107.84398771

 13-11-14  110.69861163  13-11-15  107.99761903  14-11-15  110.69861163

 NUCLEAR CHARGE:                   58
 NUMBER OF PRIMITIVE AOS:         662
 NUMBER OF SYMMETRY AOS:          590
 NUMBER OF CONTRACTIONS:          487   ( 487A   )
 NUMBER OF CORE ORBITALS:          10   (  10A   )
 NUMBER OF VALENCE ORBITALS:       33   (  33A   )


 NUCLEAR REPULSION ENERGY  310.60717667


 Eigenvalues of metric

         1 0.114E-04 0.189E-04 0.298E-04 0.357E-04 0.380E-04 0.393E-04 0.429E-04 0.447E-04


 OPERATOR DM      FOR CENTER  0  COORDINATES:    0.000000    0.000000    0.000000


 **********************************************************************************************************************************
 DATASETS  * FILE   NREC   LENGTH (MB)   RECORD NAMES
              1      18       16.47       500      610      700      900      950      970     1000      129      960     1100   
                                          VAR    BASINP    GEOM    SYMINP    ZMAT    AOBASIS   BASIS     P2S    ABASIS      S 
                                         1400     1410     1200     1210     1080     1600     1650     1700   
                                           T        V       H0       H01     AOSYM     SMH    MOLCAS    OPER   

 PROGRAMS   *        TOTAL       INT
 CPU TIMES  *         0.69      0.55
 REAL TIME  *         1.46 SEC
 DISK USED  *         0.00 MB      
 GA USED    *         0.01 MB       (max)       0.00 MB       (current)
 **********************************************************************************************************************************

1PROGRAM * RHF-SCF (CLOSED SHELL)       Authors: W. Meyer, H.-J. Werner


 NUMBER OF ELECTRONS:      29+   29-    SPACE SYMMETRY=1    SPIN SYMMETRY: Singlet 
 CONVERGENCE THRESHOLDS:    1.00E-05 (Density)    1.16E-07 (Energy)
 INTEGRAL THRESHOLDS:       1.00E-11 (Initial)    1.00E-11 (Final)
 MAX. NUMBER OF ITERATIONS:       60
 INTERPOLATION TYPE:            DIIS
 INTERPOLATION STEPS:              2 (START)      1 (STEP)
 LEVEL SHIFTS:                  0.00 (CLOSED)  0.00 (OPEN) 



 
 Basis set CC-PVTZ/JKFIT generated.      Number of basis functions:   786 
 
 Orbital guess generated from atomic densities. Full valence occupancy:   43
 Coulomb and exchange fitting
 Thresholds for fitting:       THRAO_COUL= 1.0D-14    THRAO_EXCH= 1.0D-12    THRMO= 1.0D-11    THRPROD= 1.0D-11    THRASM= 1.0D-11
                               THR2HLF=    1.0D-11

 Molecular orbital dump at record        2100.2

 ITERATION   DDIFF            GRAD            ENERGY        2-EL.EN.            DIPOLE MOMENTS         DIIS   CPU(IT)  CPU(TOT)  ORB.
    1      0.000D+00      0.000D+00      -641.84719697   1096.189061   -1.42963   -4.48870   -0.00000    0      1.9      8.7     start
    2      0.000D+00      0.236D-02      -641.92765322   1090.792694   -0.75685   -3.40561    0.00000    1      1.1      9.8     diag
    3      0.313D-02      0.861D-03      -641.93766553   1092.619772   -0.96229   -3.54630   -0.00000    2      1.0     10.8     diag
    4      0.818D-03      0.291D-03      -641.93916381   1092.480406   -0.93471   -3.51380    0.00000    3      1.0     11.8     diag
    5      0.304D-03      0.670D-04      -641.93927567   1092.343613   -0.93039   -3.50575   -0.00000    4      1.4     13.2     diag
    6      0.824D-04      0.248D-04      -641.93929191   1092.366664   -0.92881   -3.50686    0.00000    5      1.0     14.2     diag
    7      0.331D-04      0.756D-05      -641.93929371   1092.368030   -0.92898   -3.50787   -0.00000    6      1.0     15.2     diag
    8      0.118D-04      0.238D-05      -641.93929389   1092.363776   -0.92826   -3.50794   -0.00000    7      1.1     16.2     diag
    9      0.387D-05      0.751D-06      -641.93929391   1092.365250   -0.92815   -3.50800   -0.00000    8      1.0     17.3     diag
   10      0.131D-05      0.170D-06      -641.93929391   1092.364877   -0.92810   -3.50803   -0.00000    0      1.0     18.3     orth

 Final occupancy:  29

 !RHF STATE 1.1 Energy               -641.939293909331
 Nuclear energy                       310.60717667
 One-electron energy                -1498.72890900
 Two-electron energy                  546.18243842
 Virial quotient                       -1.00027098
 !RHF STATE 1.1 Dipole moment          -0.92810146    -3.50803365    -0.00000000
 Dipole moment /Debye                  -2.35884412    -8.91594818    -0.00000000

 Orbital energies:

         1.1          2.1          3.1          4.1          5.1          6.1          7.1          8.1          9.1         10.1
    -91.838819   -15.628603   -15.584425   -15.584400   -11.408755   -11.205876    -8.842919    -6.524295    -6.523029    -6.522802

        11.1         12.1         13.1         14.1         15.1         16.1         17.1         18.1         19.1         20.1
     -1.358122    -1.221104    -1.194435    -0.963309    -0.872440    -0.808848    -0.779933    -0.767506    -0.678221    -0.668854

        21.1         22.1         23.1         24.1         25.1         26.1         27.1         28.1         29.1         30.1
     -0.653540    -0.618000    -0.534420    -0.534238    -0.463896    -0.422716    -0.411941    -0.283609    -0.282963     0.007237

        31.1
      0.023967

 HOMO     29.1    -0.282963 =      -7.6998eV
 LUMO     30.1     0.007237 =       0.1969eV
 LUMO-HOMO         0.290200 =       7.8967eV


 **********************************************************************************************************************************
 DATASETS  * FILE   NREC   LENGTH (MB)   RECORD NAMES
              1      18       16.47       500      610      700      900      950      970     1000      129      960     1100   
                                          VAR    BASINP    GEOM    SYMINP    ZMAT    AOBASIS   BASIS     P2S    ABASIS      S 
                                         1400     1410     1200     1210     1080     1600     1650     1700   
                                           T        V       H0       H01     AOSYM     SMH    MOLCAS    OPER   

              2       4        6.31       700     1000      520     2100   
                                         GEOM     BASIS   MCVARS     RHF  

 PROGRAMS   *        TOTAL        HF       INT
 CPU TIMES  *        19.11     18.42      0.55
 REAL TIME  *        59.21 SEC
 DISK USED  *       468.70 MB      
 SF USED    *        91.46 MB      
 GA USED    *         3.20 MB       (max)       0.00 MB       (current)
 **********************************************************************************************************************************
 SETTING E_RHF_C        =    ***************  KCAL/MOL                        


1PROGRAM * MP2 (Closed-shell)     Authors: C. Hampel, H.-J. Werner, 1991, M. Deegan, P.J. Knowles, 1992

 Basis set AUG-CC-PVTZ/MP2FIT generated. Number of basis functions:   1091 

 Convergence thresholds:  THRVAR = 1.00D-08  THRDEN = 1.16D-06

 Number of core orbitals:          10 (  10 )
 Number of closed-shell orbitals:  19 (  19 )
 Number of external orbitals:     458 ( 458 )

 Molecular orbitals read from record     2100.2  Type=RHF/CANONICAL (state 1.1)
 

 Entering DF-MP2

 Thresholds:    THRAO= 0.100D-09    THRMO= 0.100D-08    THROV= 0.100D-11

 Fitting basis: AUG-CC-PVTZ-MP2F
 Number of fitting functions:                1091
 Number of blocks in AO basis:                  5
 Minimum block size:                           46
 Maximum block size:                          165
 Average block size:                           97
 Number of groups in AO basis:                117
 Number of shells in AO basis:                240

 Using large memory version DFMP2B. NIBTK= 1  NGPU= 0  IGPU= 0

 para=T  nprocs= 12  mpptyp=0  number of tasks=  37

 Minimum memory with paging:                  2.85 MW
 Minimum memory for incore assembly:          9.70 MW
 Maximum memory for incore algorithm:        11.73 MW
 Memory for 3-index integrals:                0.00 MW

 Disk space for H1-integrals:                81.59 MB (   703 records)
 
 CPU time for half transformed integrals      0.52 sec, elapsed time      0.59 sec
 CPU time for assembly                        0.81 sec, elapsed time      1.21 sec (7379.5 MFLOP/sec)
 Total CPU time                               2.33 sec, elapsed time      2.84 sec

 SCS-MP2 correlation energy:           -1.187283648625   (PS=  1.200000  PT=  0.333333)
 SCS-MP2 total energy:               -643.126577557970

 Norm of first-order wave function:     0.276102846847
 Coefficient of reference function:     0.885232115178

  Reference energy                   -641.939293909344
  MP2 singlet pair energy              -0.761073563811
  MP2 triplet pair energy              -0.440349705085
  MP2 correlation energy               -1.201423268895

 !MP2 total energy                   -643.140717178239


 **********************************************************************************************************************************
 DATASETS  * FILE   NREC   LENGTH (MB)   RECORD NAMES
              1      18       16.47       500      610      700      900      950      970     1000      129      960     1100   
                                          VAR    BASINP    GEOM    SYMINP    ZMAT    AOBASIS   BASIS     P2S    ABASIS      S 
                                         1400     1410     1200     1210     1080     1600     1650     1700   
                                           T        V       H0       H01     AOSYM     SMH    MOLCAS    OPER   

              2       4        6.31       700     1000      520     2100   
                                         GEOM     BASIS   MCVARS     RHF  

 PROGRAMS   *        TOTAL       MP2        HF       INT
 CPU TIMES  *        21.85      2.74     18.42      0.55
 REAL TIME  *        62.79 SEC
 DISK USED  *       468.70 MB      
 SF USED    *       283.99 MB      
 GA USED    *         3.20 MB       (max)       0.00 MB       (current)
 **********************************************************************************************************************************
 SETTING E_CORR_C       =    ***************  KCAL/MOL                        
 SETTING E_C            =      -753.90463490  KCAL/MOL                        
 SETTING CHARGE         =         1.00000000                                  

 Dummy atoms: C10  H11  H12  S13  H14


 Recomputing one-electron integrals since nuclear charges changed

1PROGRAM * SEWARD (Integral evaluation for generally contracted gaussian basis sets)     Author: Roland Lindh, 1990

 Geometry written to block  1 of record 700


 Point group  C1  



 ATOMIC COORDINATES

 NR  ATOM    CHARGE       X              Y              Z

   1  C0      6.00    0.046244892   -2.814527073    0.000000000
   2  N1      7.00    0.491900975   -1.619254642   -2.146626761
   3  N2      7.00   -0.896199582   -5.214970690    0.000000000
   4  N3      7.00    0.491900975   -1.619254642    2.146626761
   5  H4      1.00   -0.646455762   -6.218779757    1.593317234
   6  H5      1.00   -0.646455762   -6.218779757   -1.593317234
   7  H6      1.00   -0.039777970   -2.407598464   -3.788861182
   8  H7      1.00    0.914964482    0.367635813   -1.926240532
   9  H8      1.00   -0.039777970   -2.407598464    3.788861182
  10  H9      1.00    0.914964482    0.367635813    1.926240532
  11  C10     0.00   -2.181203343    3.651553606    0.000000000
  12  H11     0.00   -3.169473477    1.837431374    0.000000000
  13  H12     0.00   -2.785707904    4.698588754   -1.663988612
  14  S13     0.00    1.245612629    3.232982012    0.000000000
  15  H14     0.00   -2.785707904    4.698588754    1.663988612

 Bond lengths in Bohr (Angstrom)

 1-2  2.497056663  1-3  2.578823597  1-4  2.497056663  2-7  1.897657076  2-8  2.043351780
     ( 1.321385476)     ( 1.364654674)     ( 1.321385476)     ( 1.004196875)     ( 1.081295192)

  3- 5  1.899648501   3- 6  1.899648501   4- 9  1.897657076   4-10  2.043351780   8-14  3.468420336
       ( 1.005250692)       ( 1.005250692)       ( 1.004196875)       ( 1.081295192)       ( 1.835408993)

 10-14  3.468420336  11-12  2.065845427  11-13  2.056834089  11-14  3.452284734  11-15  2.056834089
       ( 1.835408993)       ( 1.093198317)       ( 1.088429722)       ( 1.826870400)       ( 1.088429722)

 Bond angles

  1-2-7  119.67596989   1-2-8  114.18463931   1-3-5  116.34794645   1-3-6  116.34794645

  1- 4- 9  119.67596989   1- 4-10  114.18463931   2- 1- 3  120.71619651   2- 1- 4  118.55748970

  2- 8-14  151.99831849   3- 1- 4  120.71619651   4-10-14  151.99831849   5- 3- 6  114.01528015

  7- 2- 8  123.73123688   8-14-10   67.47176806   8-14-11   90.31716355   9- 4-10  123.73123688

 10-14-11   90.31716355  12-11-13  107.84398771  12-11-14  111.61604867  12-11-15  107.84398771

 13-11-14  110.69861163  13-11-15  107.99761903  14-11-15  110.69861163

 NUCLEAR CHARGE:                   33
 NUMBER OF PRIMITIVE AOS:         662
 NUMBER OF SYMMETRY AOS:          590
 NUMBER OF CONTRACTIONS:          487   ( 487A   )
 NUMBER OF CORE ORBITALS:           4   (   4A   )
 NUMBER OF VALENCE ORBITALS:       22   (  22A   )

 MOLECULE CHANGED: INITIALIZING OCCUPATION AND DUMP RECORDS


 NUCLEAR REPULSION ENERGY  133.32898411


 Eigenvalues of metric

         1 0.114E-04 0.189E-04 0.298E-04 0.357E-04 0.380E-04 0.393E-04 0.429E-04 0.447E-04


 OPERATOR DM      FOR CENTER  0  COORDINATES:    0.000000    0.000000    0.000000


 **********************************************************************************************************************************
 DATASETS  * FILE   NREC   LENGTH (MB)   RECORD NAMES
              1      18       16.47       500      610      700      900      950      970     1000      129      960     1100   
                                          VAR    BASINP    GEOM    SYMINP    ZMAT    AOBASIS   BASIS     P2S    ABASIS      S 
                                         1400     1410     1200     1210     1080     1600     1650     1700   
                                           T        V       H0       H01     AOSYM     SMH    MOLCAS    OPER   

              2       4        6.31       700     1000      520     2100   
                                         GEOM     BASIS   MCVARS     RHF  

 PROGRAMS   *        TOTAL       INT       MP2        HF       INT
 CPU TIMES  *        22.57      0.70      2.74     18.42      0.55
 REAL TIME  *        63.97 SEC
 DISK USED  *       468.70 MB      
 SF USED    *       283.99 MB      
 GA USED    *         3.20 MB       (max)       0.00 MB       (current)
 **********************************************************************************************************************************

1PROGRAM * RHF-SCF (CLOSED SHELL)       Authors: W. Meyer, H.-J. Werner


 NUMBER OF ELECTRONS:      16+   16-    SPACE SYMMETRY=1    SPIN SYMMETRY: Singlet 
 CONVERGENCE THRESHOLDS:    1.00E-05 (Density)    1.00E-07 (Energy)
 INTEGRAL THRESHOLDS:       1.00E-11 (Initial)    1.00E-11 (Final)
 MAX. NUMBER OF ITERATIONS:       60
 INTERPOLATION TYPE:            DIIS
 INTERPOLATION STEPS:              2 (START)      1 (STEP)
 LEVEL SHIFTS:                  0.00 (CLOSED)  0.00 (OPEN) 



 
 Basis set CC-PVTZ/JKFIT generated.      Number of basis functions:   786 
 
 Orbital guess generated from atomic densities. Full valence occupancy:   26
 Coulomb and exchange fitting
 Thresholds for fitting:       THRAO_COUL= 1.0D-14    THRAO_EXCH= 1.0D-12    THRMO= 1.0D-11    THRPROD= 1.0D-11    THRASM= 1.0D-11
                               THR2HLF=    1.0D-11

 Molecular orbital dump at record        2101.2

 ITERATION   DDIFF            GRAD            ENERGY        2-EL.EN.            DIPOLE MOMENTS         DIIS   CPU(IT)  CPU(TOT)  ORB.
    1      0.000D+00      0.000D+00      -204.53737689    390.374491    0.23246   -2.44762    0.00000    0      2.3      6.6     start
    2      0.000D+00      0.256D-02      -204.58978668    391.679793    0.14365   -2.60444    0.00000    1      1.1      7.7     diag
    3      0.228D-02      0.823D-03      -204.59521933    391.451241    0.16386   -2.59734   -0.00000    2      0.9      8.6     diag
    4      0.647D-03      0.354D-03      -204.59623714    391.540481    0.15543   -2.60983    0.00000    3      0.9      9.4     diag
    5      0.228D-03      0.558D-04      -204.59629754    391.546858    0.15591   -2.61133    0.00000    4      1.7     11.1     diag
    6      0.564D-04      0.178D-04      -204.59630332    391.539289    0.15497   -2.61273    0.00000    5      1.3     12.4     diag
    7      0.199D-04      0.683D-05      -204.59630388    391.541923    0.15545   -2.61234   -0.00000    6      0.9     13.3     diag
    8      0.669D-05      0.184D-05      -204.59630392    391.542204    0.15530   -2.61253    0.00000    7      0.8     14.1     diag
    9      0.198D-05      0.253D-06      -204.59630393    391.541900    0.15531   -2.61252   -0.00000    0      0.9     15.0     orth

 Final occupancy:  16

 !RHF STATE 1.1 Energy               -204.596303925289
 Nuclear energy                       133.32898411
 One-electron energy                 -533.69623787
 Two-electron energy                  195.77094984
 Virial quotient                       -1.00261783
 !RHF STATE 1.1 Dipole moment           0.15531283    -2.61251665    -0.00000000
 Dipole moment /Debye                   0.39473999    -6.63992006    -0.00000000

 Orbital energies:

         1.1          2.1          3.1          4.1          5.1          6.1          7.1          8.1          9.1         10.1
    -15.810006   -15.809977   -15.796311   -11.606412    -1.553033    -1.401136    -1.400906    -1.063704    -0.991133    -0.962874

        11.1         12.1         13.1         14.1         15.1         16.1         17.1         18.1
     -0.875339    -0.858515    -0.857255    -0.812510    -0.641880    -0.636178    -0.107550    -0.082967

 HOMO     16.1    -0.636178 =     -17.3113eV
 LUMO     17.1    -0.107550 =      -2.9266eV
 LUMO-HOMO         0.528628 =      14.3847eV


 **********************************************************************************************************************************
 DATASETS  * FILE   NREC   LENGTH (MB)   RECORD NAMES
              1      18       16.47       500      610      700      900      950      970     1000      129      960     1100   
                                          VAR    BASINP    GEOM    SYMINP    ZMAT    AOBASIS   BASIS     P2S    ABASIS      S 
                                         1400     1410     1200     1210     1080     1600     1650     1700   
                                           T        V       H0       H01     AOSYM     SMH    MOLCAS    OPER   

              2       5       15.86       700     1000      520     2100     2101   
                                         GEOM     BASIS   MCVARS     RHF      RHF  

 PROGRAMS   *        TOTAL        HF       INT       MP2        HF       INT
 CPU TIMES  *        38.16     15.58      0.70      2.74     18.42      0.55
 REAL TIME  *       147.86 SEC
 DISK USED  *       571.84 MB      
 SF USED    *       283.99 MB      
 GA USED    *         3.20 MB       (max)       0.00 MB       (current)
 **********************************************************************************************************************************
 SETTING E_RHF_A        =    ***************  KCAL/MOL                        


1PROGRAM * MP2 (Closed-shell)     Authors: C. Hampel, H.-J. Werner, 1991, M. Deegan, P.J. Knowles, 1992

 Basis set AUG-CC-PVTZ/MP2FIT generated. Number of basis functions:   1091 

 Convergence thresholds:  THRVAR = 1.00D-08  THRDEN = 1.00D-06

 Number of core orbitals:           4 (   4 )
 Number of closed-shell orbitals:  12 (  12 )
 Number of external orbitals:     471 ( 471 )

 Molecular orbitals read from record     2101.2  Type=RHF/CANONICAL (state 1.1)
 

 Entering DF-MP2

 Thresholds:    THRAO= 0.100D-09    THRMO= 0.100D-08    THROV= 0.100D-11

 Fitting basis: AUG-CC-PVTZ-MP2F
 Number of fitting functions:                1091
 Number of blocks in AO basis:                  5
 Minimum block size:                           46
 Maximum block size:                          165
 Average block size:                           97
 Number of groups in AO basis:                117
 Number of shells in AO basis:                240

 Using large memory version DFMP2B. NIBTK= 1  NGPU= 0  IGPU= 0

 para=T  nprocs= 12  mpptyp=0  number of tasks=  37

 Minimum memory with paging:                  2.88 MW
 Minimum memory for incore assembly:          6.39 MW
 Maximum memory for incore algorithm:         7.97 MW
 Memory for 3-index integrals:                0.00 MW

 Disk space for H1-integrals:                51.53 MB (   444 records)
 
 CPU time for half transformed integrals      0.49 sec, elapsed time      0.51 sec
 CPU time for assembly                        0.36 sec, elapsed time      0.61 sec (6753.8 MFLOP/sec)
 Total CPU time                               1.87 sec, elapsed time      2.15 sec

 SCS-MP2 correlation energy:           -0.782539187169   (PS=  1.200000  PT=  0.333333)
 SCS-MP2 total energy:               -205.378843112460

 Norm of first-order wave function:     0.161521953716
 Coefficient of reference function:     0.927868195390

  Reference energy                   -204.596303925290
  MP2 singlet pair energy              -0.502268130159
  MP2 triplet pair energy              -0.288992299788
  MP2 correlation energy               -0.791260429946

 !MP2 total energy                   -205.387564355237


 **********************************************************************************************************************************
 DATASETS  * FILE   NREC   LENGTH (MB)   RECORD NAMES
              1      18       16.47       500      610      700      900      950      970     1000      129      960     1100   
                                          VAR    BASINP    GEOM    SYMINP    ZMAT    AOBASIS   BASIS     P2S    ABASIS      S 
                                         1400     1410     1200     1210     1080     1600     1650     1700   
                                           T        V       H0       H01     AOSYM     SMH    MOLCAS    OPER   

              2       5       15.86       700     1000      520     2100     2101   
                                         GEOM     BASIS   MCVARS     RHF      RHF  

 PROGRAMS   *        TOTAL       MP2        HF       INT       MP2        HF       INT
 CPU TIMES  *        40.38      2.23     15.58      0.70      2.74     18.42      0.55
 REAL TIME  *       150.80 SEC
 DISK USED  *       571.84 MB      
 SF USED    *       283.99 MB      
 GA USED    *         3.20 MB       (max)       0.00 MB       (current)
 **********************************************************************************************************************************
 SETTING E_CORR_A       =    ***************  KCAL/MOL                        
 SETTING E_A            =      -496.52351589  KCAL/MOL                        
 SETTING CHARGE         =        -1.00000000                                  

 Dummy atoms: C0  N1  N2  N3  H4  H5  H6  H7  H8  H9


 Recomputing one-electron integrals since nuclear charges changed

1PROGRAM * SEWARD (Integral evaluation for generally contracted gaussian basis sets)     Author: Roland Lindh, 1990

 Geometry written to block  1 of record 700


 Point group  C1  



 ATOMIC COORDINATES

 NR  ATOM    CHARGE       X              Y              Z

   1  C0      0.00    0.046244892   -2.814527073    0.000000000
   2  N1      0.00    0.491900975   -1.619254642   -2.146626761
   3  N2      0.00   -0.896199582   -5.214970690    0.000000000
   4  N3      0.00    0.491900975   -1.619254642    2.146626761
   5  H4      0.00   -0.646455762   -6.218779757    1.593317234
   6  H5      0.00   -0.646455762   -6.218779757   -1.593317234
   7  H6      0.00   -0.039777970   -2.407598464   -3.788861182
   8  H7      0.00    0.914964482    0.367635813   -1.926240532
   9  H8      0.00   -0.039777970   -2.407598464    3.788861182
  10  H9      0.00    0.914964482    0.367635813    1.926240532
  11  C10     6.00   -2.181203343    3.651553606    0.000000000
  12  H11     1.00   -3.169473477    1.837431374    0.000000000
  13  H12     1.00   -2.785707904    4.698588754   -1.663988612
  14  S13    16.00    1.245612629    3.232982012    0.000000000
  15  H14     1.00   -2.785707904    4.698588754    1.663988612

 Bond lengths in Bohr (Angstrom)

 1-2  2.497056663  1-3  2.578823597  1-4  2.497056663  2-7  1.897657076  2-8  2.043351780
     ( 1.321385476)     ( 1.364654674)     ( 1.321385476)     ( 1.004196875)     ( 1.081295192)

  3- 5  1.899648501   3- 6  1.899648501   4- 9  1.897657076   4-10  2.043351780   8-14  3.468420336
       ( 1.005250692)       ( 1.005250692)       ( 1.004196875)       ( 1.081295192)       ( 1.835408993)

 10-14  3.468420336  11-12  2.065845427  11-13  2.056834089  11-14  3.452284734  11-15  2.056834089
       ( 1.835408993)       ( 1.093198317)       ( 1.088429722)       ( 1.826870400)       ( 1.088429722)

 Bond angles

  1-2-7  119.67596989   1-2-8  114.18463931   1-3-5  116.34794645   1-3-6  116.34794645

  1- 4- 9  119.67596989   1- 4-10  114.18463931   2- 1- 3  120.71619651   2- 1- 4  118.55748970

  2- 8-14  151.99831849   3- 1- 4  120.71619651   4-10-14  151.99831849   5- 3- 6  114.01528015

  7- 2- 8  123.73123688   8-14-10   67.47176806   8-14-11   90.31716355   9- 4-10  123.73123688

 10-14-11   90.31716355  12-11-13  107.84398771  12-11-14  111.61604867  12-11-15  107.84398771

 13-11-14  110.69861163  13-11-15  107.99761903  14-11-15  110.69861163

 NUCLEAR CHARGE:                   25
 NUMBER OF PRIMITIVE AOS:         662
 NUMBER OF SYMMETRY AOS:          590
 NUMBER OF CONTRACTIONS:          487   ( 487A   )
 NUMBER OF CORE ORBITALS:           6   (   6A   )
 NUMBER OF VALENCE ORBITALS:       11   (  11A   )

 MOLECULE CHANGED: INITIALIZING OCCUPATION AND DUMP RECORDS


 NUCLEAR REPULSION ENERGY   47.85754981


 Eigenvalues of metric

         1 0.114E-04 0.189E-04 0.298E-04 0.357E-04 0.380E-04 0.393E-04 0.429E-04 0.447E-04


 OPERATOR DM      FOR CENTER  0  COORDINATES:    0.000000    0.000000    0.000000


 **********************************************************************************************************************************
 DATASETS  * FILE   NREC   LENGTH (MB)   RECORD NAMES
              1      18       16.47       500      610      700      900      950      970     1000      129      960     1100   
                                          VAR    BASINP    GEOM    SYMINP    ZMAT    AOBASIS   BASIS     P2S    ABASIS      S 
                                         1400     1410     1200     1210     1080     1600     1650     1700   
                                           T        V       H0       H01     AOSYM     SMH    MOLCAS    OPER   

              2       5       15.86       700     1000      520     2100     2101   
                                         GEOM     BASIS   MCVARS     RHF      RHF  

 PROGRAMS   *        TOTAL       INT       MP2        HF       INT       MP2        HF       INT
 CPU TIMES  *        40.93      0.55      2.23     15.58      0.70      2.74     18.42      0.55
 REAL TIME  *       152.98 SEC
 DISK USED  *       571.84 MB      
 SF USED    *       283.99 MB      
 GA USED    *         3.20 MB       (max)       0.00 MB       (current)
 **********************************************************************************************************************************

1PROGRAM * RHF-SCF (CLOSED SHELL)       Authors: W. Meyer, H.-J. Werner


 NUMBER OF ELECTRONS:      13+   13-    SPACE SYMMETRY=1    SPIN SYMMETRY: Singlet 
 CONVERGENCE THRESHOLDS:    1.00E-05 (Density)    1.00E-07 (Energy)
 INTEGRAL THRESHOLDS:       1.00E-11 (Initial)    1.00E-11 (Final)
 MAX. NUMBER OF ITERATIONS:       60
 INTERPOLATION TYPE:            DIIS
 INTERPOLATION STEPS:              2 (START)      1 (STEP)
 LEVEL SHIFTS:                  0.00 (CLOSED)  0.00 (OPEN) 



 
 Basis set CC-PVTZ/JKFIT generated.      Number of basis functions:   786 
 
 Orbital guess generated from atomic densities. Full valence occupancy:   17
 Coulomb and exchange fitting
 Thresholds for fitting:       THRAO_COUL= 1.0D-14    THRAO_EXCH= 1.0D-12    THRMO= 1.0D-11    THRPROD= 1.0D-11    THRASM= 1.0D-11
                               THR2HLF=    1.0D-11

 Molecular orbital dump at record        2102.2

 ITERATION   DDIFF            GRAD            ENERGY        2-EL.EN.            DIPOLE MOMENTS         DIIS   CPU(IT)  CPU(TOT)  ORB.
    1      0.000D+00      0.000D+00      -437.11472417    445.332074   -1.80970   -3.16319    0.00000    0      1.6      6.0     start
    2      0.000D+00      0.232D-02      -437.16700199    435.844208   -1.12057   -3.24178    0.00000    1      1.0      7.0     diag
    3      0.317D-02      0.115D-02      -437.17543871    438.645620   -1.28802   -3.22603    0.00000    2      0.9      7.9     diag
    4      0.771D-03      0.196D-03      -437.17612067    438.483253   -1.31412   -3.22451    0.00000    3      0.9      8.8     diag
    5      0.262D-03      0.532D-04      -437.17618459    438.468851   -1.31595   -3.22546   -0.00000    4      0.9      9.6     diag
    6      0.957D-04      0.133D-04      -437.17618861    438.458483   -1.31910   -3.22543    0.00000    5      1.5     11.1     diag
    7      0.366D-04      0.443D-05      -437.17618904    438.461348   -1.31839   -3.22567   -0.00000    6      0.8     12.0     diag
    8      0.131D-04      0.187D-05      -437.17618909    438.460726   -1.31846   -3.22572   -0.00000    7      0.8     12.8     diag
    9      0.537D-05      0.419D-06      -437.17618909    438.460723   -1.31832   -3.22575    0.00000    0      0.9     13.6     orth

 Final occupancy:  13

 !RHF STATE 1.1 Energy               -437.176189093675
 Nuclear energy                        47.85754981
 One-electron energy                 -704.26410053
 Two-electron energy                  219.23036163
 Virial quotient                       -1.00013071
 !RHF STATE 1.1 Dipole moment          -1.31831825    -3.22575102     0.00000000
 Dipole moment /Debye                  -3.35061129    -8.19850429     0.00000000

 Orbital energies:

         1.1          2.1          3.1          4.1          5.1          6.1          7.1          8.1          9.1         10.1
    -91.662739   -11.044862    -8.661817    -6.343545    -6.341714    -6.341688    -0.783138    -0.577364    -0.374388    -0.372977

        11.1         12.1         13.1         14.1         15.1
     -0.232019    -0.082792    -0.082647     0.101989     0.119385

 HOMO     13.1    -0.082647 =      -2.2489eV
 LUMO     14.1     0.101989 =       2.7753eV
 LUMO-HOMO         0.184636 =       5.0242eV


 **********************************************************************************************************************************
 DATASETS  * FILE   NREC   LENGTH (MB)   RECORD NAMES
              1      18       16.47       500      610      700      900      950      970     1000      129      960     1100   
                                          VAR    BASINP    GEOM    SYMINP    ZMAT    AOBASIS   BASIS     P2S    ABASIS      S 
                                         1400     1410     1200     1210     1080     1600     1650     1700   
                                           T        V       H0       H01     AOSYM     SMH    MOLCAS    OPER   

              2       6       25.40       700     1000      520     2100     2101     2102   
                                         GEOM     BASIS   MCVARS     RHF      RHF      RHF  

 PROGRAMS   *        TOTAL        HF       INT       MP2        HF       INT       MP2        HF       INT
 CPU TIMES  *        54.76     13.82      0.55      2.23     15.58      0.70      2.74     18.42      0.55
 REAL TIME  *       242.03 SEC
 DISK USED  *       686.39 MB      
 SF USED    *       283.99 MB      
 GA USED    *         3.20 MB       (max)       0.00 MB       (current)
 **********************************************************************************************************************************
 SETTING E_RHF_B        =    ***************  KCAL/MOL                        


1PROGRAM * MP2 (Closed-shell)     Authors: C. Hampel, H.-J. Werner, 1991, M. Deegan, P.J. Knowles, 1992

 Basis set AUG-CC-PVTZ/MP2FIT generated. Number of basis functions:   1091 

 Convergence thresholds:  THRVAR = 1.00D-08  THRDEN = 1.00D-06

 Number of core orbitals:           6 (   6 )
 Number of closed-shell orbitals:   7 (   7 )
 Number of external orbitals:     474 ( 474 )

 Molecular orbitals read from record     2102.2  Type=RHF/CANONICAL (state 1.1)
 

 Entering DF-MP2

 Thresholds:    THRAO= 0.100D-09    THRMO= 0.100D-08    THROV= 0.100D-11

 Fitting basis: AUG-CC-PVTZ-MP2F
 Number of fitting functions:                1091
 Number of blocks in AO basis:                  5
 Minimum block size:                           46
 Maximum block size:                          165
 Average block size:                           97
 Number of groups in AO basis:                117
 Number of shells in AO basis:                240

 Using large memory version DFMP2B. NIBTK= 1  NGPU= 0  IGPU= 0

 para=T  nprocs= 12  mpptyp=0  number of tasks=  37

 Minimum memory with paging:                  2.89 MW
 Minimum memory for incore assembly:          3.85 MW
 Maximum memory for incore algorithm:         5.29 MW
 Memory for 3-index integrals:                0.00 MW

 Disk space for H1-integrals:                30.06 MB (   259 records)
 
 CPU time for half transformed integrals      0.46 sec, elapsed time      0.46 sec
 CPU time for assembly                        0.15 sec, elapsed time      0.20 sec (6566.5 MFLOP/sec)
 Total CPU time                               1.59 sec, elapsed time      1.68 sec

 SCS-MP2 correlation energy:           -0.383566618149   (PS=  1.200000  PT=  0.333333)
 SCS-MP2 total energy:               -437.559755711821

 Norm of first-order wave function:     0.112624593861
 Coefficient of reference function:     0.948037840263

  Reference energy                   -437.176189093673
  MP2 singlet pair energy              -0.252996340066
  MP2 triplet pair energy              -0.128524837612
  MP2 correlation energy               -0.381521177678

 !MP2 total energy                   -437.557710271351


 **********************************************************************************************************************************
 DATASETS  * FILE   NREC   LENGTH (MB)   RECORD NAMES
              1      18       16.47       500      610      700      900      950      970     1000      129      960     1100   
                                          VAR    BASINP    GEOM    SYMINP    ZMAT    AOBASIS   BASIS     P2S    ABASIS      S 
                                         1400     1410     1200     1210     1080     1600     1650     1700   
                                           T        V       H0       H01     AOSYM     SMH    MOLCAS    OPER   

              2       6       25.40       700     1000      520     2100     2101     2102   
                                         GEOM     BASIS   MCVARS     RHF      RHF      RHF  

 PROGRAMS   *        TOTAL       MP2        HF       INT       MP2        HF       INT       MP2        HF       INT
 CPU TIMES  *        56.71      1.95     13.82      0.55      2.23     15.58      0.70      2.74     18.42      0.55
 REAL TIME  *       244.45 SEC
 DISK USED  *       686.39 MB      
 SF USED    *       283.99 MB      
 GA USED    *         3.20 MB       (max)       0.00 MB       (current)
 **********************************************************************************************************************************
 SETTING E_CORR_B       =    ***************  KCAL/MOL                        
 SETTING E_B            =      -239.40820160  KCAL/MOL                        
 SETTING E_RHF_CP       =      -104.66915999  KCAL/MOL                        
 SETTING E_CORR_CP      =       -17.97291742  KCAL/MOL                        

        DF-MP2          DF-HF           DF-MP2          DF-HF           DF-MP2          DF-HF   
   -437.55771027   -437.17618909   -205.38756436   -204.59630393   -643.14071718   -641.93929391
 **********************************************************************************************************************************
 Variable memory released
