
 Primary working directories    : /scratch/1723312.phoenix.chem.wisc.edu
 Secondary working directories  : /scratch/1723312.phoenix.chem.wisc.edu
 Wavefunction directory         : /scratch/1723312.phoenix.chem.wisc.edu/
 Main file repository           : /scratch/1723312.phoenix.chem.wisc.edu/

 SHA1      : 65e45729fe3f963b0eb97374e3bda9949063ef0f
 NAME      : 2012.1.17
 ARCHNAME  : Linux/x86_64
 FC        : /opt/intel/composer_xe_2013.5.192/bin/intel64/ifort
 FCVERSION : 13.1.3
 BLASLIB   : -L/opt/intel/composer_xe_2013.5.192/mkl/lib/intel64 -lmkl_intel_ilp64 -lmkl_sequential -lmkl_core
 id        : cuichemwisc

 Nodes             nprocs
 compute-1-35.local   12
 ga_uses_ma=false, calling ma_init with nominal heap.
 GA-space will be limited to   8.0 MW (determined by -G option)

 Using customized tuning parameters: mindgm=1; mindgv=20; mindgc=4; mindgr=1; noblas=0; minvec=7
 default implementation of scratch files=sf  

 geomtyp=xyz
 geometry={
 15
  C0          0.024471742900      -1.489383581400       0.000000000000
  N1          0.260302785000      -0.856872652000      -1.135945958000
  N2         -0.474248393600      -2.759643634900       0.000000000000
  N3          0.260302785000      -0.856872652000       1.135945958000
  H4         -0.342089655800      -3.290836515200       0.843147167100
  H5         -0.342089655800      -3.290836515200      -0.843147167100
  H6         -0.021049595400      -1.274046235800      -2.004978985800
  H7          0.484178351000       0.194544493200      -1.019322588700
  H8         -0.021049595400      -1.274046235800       2.004978985800
  H9          0.484178351000       0.194544493200       1.019322588700
  C10        -1.154243097066       1.932318945641       0.000000000000
  H11        -1.677213128566       0.972326806441       0.000000000000
  H12        -1.474133133766       2.486386083341      -0.880544849600
  S13         0.659149814534       1.710820397741       0.000000000000
  H14        -1.474133133766       2.486386083341       0.880544849600
 }
 
 
 basis=avdz
 
                                                                                 ! Complex
 set,charge=0
 
 df-hf
 e_rhf_c = energy*tokcal
 df-mp2
 e_corr_c = energy*tokcal
 e_c = e_corr_c - e_rhf_c
 
 
                                                                                 ! Monomer 1
 set,charge=1
 dummy,C10,H11,H12,S13,H14
 
 df-hf
 e_rhf_a = energy*tokcal
 df-mp2
 e_corr_a = energy*tokcal
 e_a = e_corr_a - e_rhf_a
 
 
                                                                                 ! Monomer 2
 set,charge=-1
 dummy,C0,N1,N2,N3,H4,H5,H6,H7,H8,H9
 
 df-hf
 e_rhf_b = energy*tokcal
 df-mp2
 e_corr_b = energy*tokcal
 e_b = e_corr_b - e_rhf_b
 
 
 e_rhf_cp = e_rhf_c - (e_rhf_a + e_rhf_b)
 e_corr_cp = e_c - (e_a + e_b)

 Variables initialized (782), CPU time= 0.01 sec
 Commands  initialized (547), CPU time= 0.02 sec, 517 directives.
 Default parameters read. Elapsed time= 0.09 sec

 Checking input...
 Passed
1


                                         ***  PROGRAM SYSTEM MOLPRO  ***
                         Copyright, University College Cardiff Consultants Limited, 2008

                                    Version 2012.1 linked Oct 11 2014 15:40:16


 **********************************************************************************************************************************
 LABEL *                                                                                 
 Linux-2.6.18-308.el5/compute-1-35.local(x86_64) 64 bit mpp version                      DATE: 11-Dec-14          TIME: 20:34:40  
 **********************************************************************************************************************************

 SHA1:             65e45729fe3f963b0eb97374e3bda9949063ef0f
 **********************************************************************************************************************************
 SETTING GEOMTYP        =    XYZ

 Turning off symmetry in density fitting calculation
 To re-enable, use 'set,zsymel=auto'


 Variable memory set to  350000000 words,  buffer space   230000 words

 SETTING BASIS          =    AVDZ
 SETTING CHARGE         =         0.00000000                                  


 Recomputing integrals since basis changed


 Using spherical harmonics

 Library entry C      S aug-cc-pVDZ          selected for orbital group  1
 Library entry C      P aug-cc-pVDZ          selected for orbital group  1
 Library entry C      D aug-cc-pVDZ          selected for orbital group  1
 Library entry N      S aug-cc-pVDZ          selected for orbital group  2
 Library entry N      P aug-cc-pVDZ          selected for orbital group  2
 Library entry N      D aug-cc-pVDZ          selected for orbital group  2
 Library entry H      S aug-cc-pVDZ          selected for orbital group  3
 Library entry H      P aug-cc-pVDZ          selected for orbital group  3
 Library entry S      S aug-cc-pVDZ          selected for orbital group  6
 Library entry S      P aug-cc-pVDZ          selected for orbital group  6
 Library entry S      D aug-cc-pVDZ          selected for orbital group  6

1PROGRAM * SEWARD (Integral evaluation for generally contracted gaussian basis sets)     Author: Roland Lindh, 1990

 Geometry written to block  1 of record 700


 Point group  C1  



 ATOMIC COORDINATES

 NR  ATOM    CHARGE       X              Y              Z

   1  C0      6.00    0.046244892   -2.814527073    0.000000000
   2  N1      7.00    0.491900975   -1.619254642   -2.146626761
   3  N2      7.00   -0.896199582   -5.214970690    0.000000000
   4  N3      7.00    0.491900975   -1.619254642    2.146626761
   5  H4      1.00   -0.646455762   -6.218779757    1.593317234
   6  H5      1.00   -0.646455762   -6.218779757   -1.593317234
   7  H6      1.00   -0.039777970   -2.407598464   -3.788861182
   8  H7      1.00    0.914964482    0.367635813   -1.926240532
   9  H8      1.00   -0.039777970   -2.407598464    3.788861182
  10  H9      1.00    0.914964482    0.367635813    1.926240532
  11  C10     6.00   -2.181203343    3.651553606    0.000000000
  12  H11     1.00   -3.169473477    1.837431374    0.000000000
  13  H12     1.00   -2.785707904    4.698588754   -1.663988612
  14  S13    16.00    1.245612629    3.232982012    0.000000000
  15  H14     1.00   -2.785707904    4.698588754    1.663988612

 Bond lengths in Bohr (Angstrom)

 1-2  2.497056663  1-3  2.578823597  1-4  2.497056663  2-7  1.897657076  2-8  2.043351780
     ( 1.321385476)     ( 1.364654674)     ( 1.321385476)     ( 1.004196875)     ( 1.081295192)

  3- 5  1.899648501   3- 6  1.899648501   4- 9  1.897657076   4-10  2.043351780   8-14  3.468420336
       ( 1.005250692)       ( 1.005250692)       ( 1.004196875)       ( 1.081295192)       ( 1.835408993)

 10-14  3.468420336  11-12  2.065845427  11-13  2.056834089  11-14  3.452284734  11-15  2.056834089
       ( 1.835408993)       ( 1.093198317)       ( 1.088429722)       ( 1.826870400)       ( 1.088429722)

 Bond angles

  1-2-7  119.67596989   1-2-8  114.18463931   1-3-5  116.34794645   1-3-6  116.34794645

  1- 4- 9  119.67596989   1- 4-10  114.18463931   2- 1- 3  120.71619651   2- 1- 4  118.55748970

  2- 8-14  151.99831849   3- 1- 4  120.71619651   4-10-14  151.99831849   5- 3- 6  114.01528015

  7- 2- 8  123.73123688   8-14-10   67.47176806   8-14-11   90.31716355   9- 4-10  123.73123688

 10-14-11   90.31716355  12-11-13  107.84398771  12-11-14  111.61604867  12-11-15  107.84398771

 13-11-14  110.69861163  13-11-15  107.99761903  14-11-15  110.69861163

 NUCLEAR CHARGE:                   58
 NUMBER OF PRIMITIVE AOS:         336
 NUMBER OF SYMMETRY AOS:          324
 NUMBER OF CONTRACTIONS:          223   ( 223A   )
 NUMBER OF CORE ORBITALS:          10   (  10A   )
 NUMBER OF VALENCE ORBITALS:       33   (  33A   )


 NUCLEAR REPULSION ENERGY  310.60717667


 Eigenvalues of metric

         1 0.576E-04 0.158E-03 0.201E-03 0.205E-03 0.303E-03 0.315E-03 0.381E-03 0.424E-03


 OPERATOR DM      FOR CENTER  0  COORDINATES:    0.000000    0.000000    0.000000


 **********************************************************************************************************************************
 DATASETS  * FILE   NREC   LENGTH (MB)   RECORD NAMES
              1      18        9.63       500      610      700      900      950      970     1000      129      960     1100   
                                          VAR    BASINP    GEOM    SYMINP    ZMAT    AOBASIS   BASIS     P2S    ABASIS      S 
                                         1400     1410     1200     1210     1080     1600     1650     1700   
                                           T        V       H0       H01     AOSYM     SMH    MOLCAS    OPER   

 PROGRAMS   *        TOTAL       INT
 CPU TIMES  *         0.27      0.12
 REAL TIME  *         0.54 SEC
 DISK USED  *         0.00 MB      
 GA USED    *         0.01 MB       (max)       0.00 MB       (current)
 **********************************************************************************************************************************

1PROGRAM * RHF-SCF (CLOSED SHELL)       Authors: W. Meyer, H.-J. Werner


 NUMBER OF ELECTRONS:      29+   29-    SPACE SYMMETRY=1    SPIN SYMMETRY: Singlet 
 CONVERGENCE THRESHOLDS:    1.00E-05 (Density)    1.16E-07 (Energy)
 INTEGRAL THRESHOLDS:       1.00E-11 (Initial)    1.00E-11 (Final)
 MAX. NUMBER OF ITERATIONS:       60
 INTERPOLATION TYPE:            DIIS
 INTERPOLATION STEPS:              2 (START)      1 (STEP)
 LEVEL SHIFTS:                  0.00 (CLOSED)  0.00 (OPEN) 



 
 Basis set CC-PVDZ/JKFIT generated.      Number of basis functions:   669 
 
 Orbital guess generated from atomic densities. Full valence occupancy:   43
 Coulomb and exchange fitting
 Thresholds for fitting:       THRAO_COUL= 1.0D-14    THRAO_EXCH= 1.0D-12    THRMO= 1.0D-11    THRPROD= 1.0D-11    THRASM= 1.0D-11
                               THR2HLF=    1.0D-11

 Molecular orbital dump at record        2100.2

 ITERATION   DDIFF            GRAD            ENERGY        2-EL.EN.            DIPOLE MOMENTS         DIIS   CPU(IT)  CPU(TOT)  ORB.
    1      0.000D+00      0.000D+00      -641.77741400   1095.547849   -1.43789   -4.49534    0.00000    0      0.9      9.2     start
    2      0.000D+00      0.352D-02      -641.85630409   1090.649522   -0.75830   -3.41317    0.00000    1      0.3      9.5     diag
    3      0.781D-02      0.123D-02      -641.86590942   1092.195249   -0.97507   -3.55216   -0.00000    2      0.2      9.8     diag
    4      0.223D-02      0.431D-03      -641.86734065   1092.091904   -0.94432   -3.51853   -0.00000    3      0.3     10.0     diag
    5      0.808D-03      0.950D-04      -641.86744035   1091.956471   -0.94144   -3.51115    0.00000    4      0.2     10.3     diag
    6      0.196D-03      0.338D-04      -641.86745395   1091.976939   -0.94030   -3.51251    0.00000    5      0.2     10.5     diag
    7      0.775D-04      0.105D-04      -641.86745532   1091.979788   -0.94055   -3.51345    0.00000    6      0.5     11.0     diag
    8      0.258D-04      0.313D-05      -641.86745546   1091.975261   -0.93992   -3.51350    0.00000    7      0.2     11.3     diag
    9      0.863D-05      0.923D-06      -641.86745547   1091.976620   -0.93982   -3.51355    0.00000    8      0.2     11.5     diag
   10      0.281D-05      0.206D-06      -641.86745547   1091.976332   -0.93979   -3.51358   -0.00000    0      0.2     11.8     orth

 Final occupancy:  29

 !RHF STATE 1.1 Energy               -641.867455471570
 Nuclear energy                       310.60717667
 One-electron energy                -1498.46279832
 Two-electron energy                  545.98816618
 Virial quotient                       -1.00015336
 !RHF STATE 1.1 Dipole moment          -0.93978644    -3.51358039    -0.00000000
 Dipole moment /Debye                  -2.38854243    -8.93004566    -0.00000000

 Orbital energies:

         1.1          2.1          3.1          4.1          5.1          6.1          7.1          8.1          9.1         10.1
    -91.838840   -15.636824   -15.592266   -15.592240   -11.417250   -11.212987    -8.844483    -6.526423    -6.524464    -6.523998

        11.1         12.1         13.1         14.1         15.1         16.1         17.1         18.1         19.1         20.1
     -1.361600    -1.223710    -1.197216    -0.965088    -0.874210    -0.810446    -0.781241    -0.768835    -0.679011    -0.669726

        21.1         22.1         23.1         24.1         25.1         26.1         27.1         28.1         29.1         30.1
     -0.654040    -0.617900    -0.534040    -0.533876    -0.462726    -0.421375    -0.411687    -0.283405    -0.283328     0.011207

        31.1
      0.029625

 HOMO     29.1    -0.283328 =      -7.7097eV
 LUMO     30.1     0.011207 =       0.3050eV
 LUMO-HOMO         0.294535 =       8.0147eV


 **********************************************************************************************************************************
 DATASETS  * FILE   NREC   LENGTH (MB)   RECORD NAMES
              1      18        9.63       500      610      700      900      950      970     1000      129      960     1100   
                                          VAR    BASINP    GEOM    SYMINP    ZMAT    AOBASIS   BASIS     P2S    ABASIS      S 
                                         1400     1410     1200     1210     1080     1600     1650     1700   
                                           T        V       H0       H01     AOSYM     SMH    MOLCAS    OPER   

              2       4        1.76       700     1000      520     2100   
                                         GEOM     BASIS   MCVARS     RHF  

 PROGRAMS   *        TOTAL        HF       INT
 CPU TIMES  *        12.06     11.79      0.12
 REAL TIME  *        49.25 SEC
 DISK USED  *       178.36 MB      
 SF USED    *        37.83 MB      
 GA USED    *         3.20 MB       (max)       0.00 MB       (current)
 **********************************************************************************************************************************
 SETTING E_RHF_C        =    ***************  KCAL/MOL                        


1PROGRAM * MP2 (Closed-shell)     Authors: C. Hampel, H.-J. Werner, 1991, M. Deegan, P.J. Knowles, 1992

 Basis set AUG-CC-PVDZ/MP2FIT generated. Number of basis functions:   659 

 Convergence thresholds:  THRVAR = 1.00D-08  THRDEN = 1.16D-06

 Number of core orbitals:          10 (  10 )
 Number of closed-shell orbitals:  19 (  19 )
 Number of external orbitals:     194 ( 194 )

 Molecular orbitals read from record     2100.2  Type=RHF/CANONICAL (state 1.1)
 

 Entering DF-MP2

 Thresholds:    THRAO= 0.100D-09    THRMO= 0.100D-08    THROV= 0.100D-11

 Fitting basis: AUG-CC-PVDZ-MP2F
 Number of fitting functions:                 659
 Number of blocks in AO basis:                  5
 Minimum block size:                           23
 Maximum block size:                           77
 Average block size:                           45
 Number of groups in AO basis:                 72
 Number of shells in AO basis:                172

 Using large memory version DFMP2B. NIBTK= 1  NGPU= 0  IGPU= 0

 para=T  nprocs= 12  mpptyp=0  number of tasks=  46

 Minimum memory with paging:                  1.35 MW
 Minimum memory for incore assembly:          2.47 MW
 Maximum memory for incore algorithm:         3.61 MW
 Memory for 3-index integrals:                0.00 MW

 Disk space for H1-integrals:                22.84 MB (   874 records)
 
 CPU time for half transformed integrals      0.10 sec, elapsed time      0.11 sec
 CPU time for assembly                        0.08 sec, elapsed time      0.15 sec (   6.9 GFLOP/sec)
 Total CPU time                               0.55 sec, elapsed time      0.68 sec

 SCS-MP2 correlation energy:           -0.971739351571   (PS=  1.200000  PT=  0.333333)
 SCS-MP2 total energy:               -642.839194823142

 Norm of first-order wave function:     0.251319062048
 Coefficient of reference function:     0.893955642183

  Reference energy                   -641.867455471571
  MP2 singlet pair energy              -0.610668080851
  MP2 triplet pair energy              -0.384006944811
  MP2 correlation energy               -0.994675025662

 !MP2 total energy                   -642.862130497234


 **********************************************************************************************************************************
 DATASETS  * FILE   NREC   LENGTH (MB)   RECORD NAMES
              1      18        9.63       500      610      700      900      950      970     1000      129      960     1100   
                                          VAR    BASINP    GEOM    SYMINP    ZMAT    AOBASIS   BASIS     P2S    ABASIS      S 
                                         1400     1410     1200     1210     1080     1600     1650     1700   
                                           T        V       H0       H01     AOSYM     SMH    MOLCAS    OPER   

              2       4        1.76       700     1000      520     2100   
                                         GEOM     BASIS   MCVARS     RHF  

 PROGRAMS   *        TOTAL       MP2        HF       INT
 CPU TIMES  *        12.80      0.74     11.79      0.12
 REAL TIME  *        50.42 SEC
 DISK USED  *       178.36 MB      
 SF USED    *        62.72 MB      
 GA USED    *         3.20 MB       (max)       0.00 MB       (current)
 **********************************************************************************************************************************
 SETTING E_CORR_C       =    ***************  KCAL/MOL                        
 SETTING E_C            =      -624.16812748  KCAL/MOL                        
 SETTING CHARGE         =         1.00000000                                  

 Dummy atoms: C10  H11  H12  S13  H14


 Recomputing one-electron integrals since nuclear charges changed

1PROGRAM * SEWARD (Integral evaluation for generally contracted gaussian basis sets)     Author: Roland Lindh, 1990

 Geometry written to block  1 of record 700


 Point group  C1  



 ATOMIC COORDINATES

 NR  ATOM    CHARGE       X              Y              Z

   1  C0      6.00    0.046244892   -2.814527073    0.000000000
   2  N1      7.00    0.491900975   -1.619254642   -2.146626761
   3  N2      7.00   -0.896199582   -5.214970690    0.000000000
   4  N3      7.00    0.491900975   -1.619254642    2.146626761
   5  H4      1.00   -0.646455762   -6.218779757    1.593317234
   6  H5      1.00   -0.646455762   -6.218779757   -1.593317234
   7  H6      1.00   -0.039777970   -2.407598464   -3.788861182
   8  H7      1.00    0.914964482    0.367635813   -1.926240532
   9  H8      1.00   -0.039777970   -2.407598464    3.788861182
  10  H9      1.00    0.914964482    0.367635813    1.926240532
  11  C10     0.00   -2.181203343    3.651553606    0.000000000
  12  H11     0.00   -3.169473477    1.837431374    0.000000000
  13  H12     0.00   -2.785707904    4.698588754   -1.663988612
  14  S13     0.00    1.245612629    3.232982012    0.000000000
  15  H14     0.00   -2.785707904    4.698588754    1.663988612

 Bond lengths in Bohr (Angstrom)

 1-2  2.497056663  1-3  2.578823597  1-4  2.497056663  2-7  1.897657076  2-8  2.043351780
     ( 1.321385476)     ( 1.364654674)     ( 1.321385476)     ( 1.004196875)     ( 1.081295192)

  3- 5  1.899648501   3- 6  1.899648501   4- 9  1.897657076   4-10  2.043351780   8-14  3.468420336
       ( 1.005250692)       ( 1.005250692)       ( 1.004196875)       ( 1.081295192)       ( 1.835408993)

 10-14  3.468420336  11-12  2.065845427  11-13  2.056834089  11-14  3.452284734  11-15  2.056834089
       ( 1.835408993)       ( 1.093198317)       ( 1.088429722)       ( 1.826870400)       ( 1.088429722)

 Bond angles

  1-2-7  119.67596989   1-2-8  114.18463931   1-3-5  116.34794645   1-3-6  116.34794645

  1- 4- 9  119.67596989   1- 4-10  114.18463931   2- 1- 3  120.71619651   2- 1- 4  118.55748970

  2- 8-14  151.99831849   3- 1- 4  120.71619651   4-10-14  151.99831849   5- 3- 6  114.01528015

  7- 2- 8  123.73123688   8-14-10   67.47176806   8-14-11   90.31716355   9- 4-10  123.73123688

 10-14-11   90.31716355  12-11-13  107.84398771  12-11-14  111.61604867  12-11-15  107.84398771

 13-11-14  110.69861163  13-11-15  107.99761903  14-11-15  110.69861163

 NUCLEAR CHARGE:                   33
 NUMBER OF PRIMITIVE AOS:         336
 NUMBER OF SYMMETRY AOS:          324
 NUMBER OF CONTRACTIONS:          223   ( 223A   )
 NUMBER OF CORE ORBITALS:           4   (   4A   )
 NUMBER OF VALENCE ORBITALS:       22   (  22A   )

 MOLECULE CHANGED: INITIALIZING OCCUPATION AND DUMP RECORDS


 NUCLEAR REPULSION ENERGY  133.32898411


 Eigenvalues of metric

         1 0.576E-04 0.158E-03 0.201E-03 0.205E-03 0.303E-03 0.315E-03 0.381E-03 0.424E-03


 OPERATOR DM      FOR CENTER  0  COORDINATES:    0.000000    0.000000    0.000000


 **********************************************************************************************************************************
 DATASETS  * FILE   NREC   LENGTH (MB)   RECORD NAMES
              1      18        9.63       500      610      700      900      950      970     1000      129      960     1100   
                                          VAR    BASINP    GEOM    SYMINP    ZMAT    AOBASIS   BASIS     P2S    ABASIS      S 
                                         1400     1410     1200     1210     1080     1600     1650     1700   
                                           T        V       H0       H01     AOSYM     SMH    MOLCAS    OPER   

              2       4        1.76       700     1000      520     2100   
                                         GEOM     BASIS   MCVARS     RHF  

 PROGRAMS   *        TOTAL       INT       MP2        HF       INT
 CPU TIMES  *        13.23      0.43      0.74     11.79      0.12
 REAL TIME  *        51.91 SEC
 DISK USED  *       178.36 MB      
 SF USED    *        62.72 MB      
 GA USED    *         3.20 MB       (max)       0.00 MB       (current)
 **********************************************************************************************************************************

1PROGRAM * RHF-SCF (CLOSED SHELL)       Authors: W. Meyer, H.-J. Werner


 NUMBER OF ELECTRONS:      16+   16-    SPACE SYMMETRY=1    SPIN SYMMETRY: Singlet 
 CONVERGENCE THRESHOLDS:    1.00E-05 (Density)    1.00E-07 (Energy)
 INTEGRAL THRESHOLDS:       1.00E-11 (Initial)    1.00E-11 (Final)
 MAX. NUMBER OF ITERATIONS:       60
 INTERPOLATION TYPE:            DIIS
 INTERPOLATION STEPS:              2 (START)      1 (STEP)
 LEVEL SHIFTS:                  0.00 (CLOSED)  0.00 (OPEN) 



 
 Basis set CC-PVDZ/JKFIT generated.      Number of basis functions:   669 
 
 Orbital guess generated from atomic densities. Full valence occupancy:   26
 Coulomb and exchange fitting
 Thresholds for fitting:       THRAO_COUL= 1.0D-14    THRAO_EXCH= 1.0D-12    THRMO= 1.0D-11    THRPROD= 1.0D-11    THRASM= 1.0D-11
                               THR2HLF=    1.0D-11

 Molecular orbital dump at record        2101.2

 ITERATION   DDIFF            GRAD            ENERGY        2-EL.EN.            DIPOLE MOMENTS         DIIS   CPU(IT)  CPU(TOT)  ORB.
    1      0.000D+00      0.000D+00      -204.48935401    389.984616    0.23179   -2.44878    0.00000    0      0.8     22.8     start
    2      0.000D+00      0.378D-02      -204.54075546    391.497475    0.14437   -2.60231   -0.00000    1      0.3     23.0     diag
    3      0.613D-02      0.118D-02      -204.54610644    391.158612    0.16390   -2.59653    0.00000    2      0.2     23.3     diag
    4      0.152D-02      0.516D-03      -204.54709016    391.268108    0.15561   -2.60863    0.00000    3      0.2     23.5     diag
    5      0.636D-03      0.791D-04      -204.54714585    391.279659    0.15625   -2.60978   -0.00000    4      0.2     23.7     diag
    6      0.133D-03      0.252D-04      -204.54715077    391.268792    0.15524   -2.61121    0.00000    5      0.2     23.9     diag
    7      0.426D-04      0.981D-05      -204.54715131    391.272486    0.15572   -2.61081    0.00000    6      0.3     24.2     diag
    8      0.160D-04      0.238D-05      -204.54715134    391.272995    0.15559   -2.61099    0.00000    7      0.2     24.4     diag
    9      0.433D-05      0.413D-06      -204.54715134    391.272524    0.15560   -2.61097    0.00000    0      0.2     24.6     orth

 Final occupancy:  16

 !RHF STATE 1.1 Energy               -204.547151343172
 Nuclear energy                       133.32898411
 One-electron energy                 -533.51239760
 Two-electron energy                  195.63626214
 Virial quotient                       -1.00238472
 !RHF STATE 1.1 Dipole moment           0.15560365    -2.61097171     0.00000000
 Dipole moment /Debye                   0.39547912    -6.63599349     0.00000000

 Orbital energies:

         1.1          2.1          3.1          4.1          5.1          6.1          7.1          8.1          9.1         10.1
    -15.817666   -15.817636   -15.804462   -11.614752    -1.556407    -1.403612    -1.403461    -1.065421    -0.992626    -0.964252

        11.1         12.1         13.1         14.1         15.1         16.1         17.1         18.1
     -0.876034    -0.858994    -0.857826    -0.811952    -0.640436    -0.634400    -0.107232    -0.081909

 HOMO     16.1    -0.634400 =     -17.2629eV
 LUMO     17.1    -0.107232 =      -2.9179eV
 LUMO-HOMO         0.527168 =      14.3450eV


 **********************************************************************************************************************************
 DATASETS  * FILE   NREC   LENGTH (MB)   RECORD NAMES
              1      18        9.63       500      610      700      900      950      970     1000      129      960     1100   
                                          VAR    BASINP    GEOM    SYMINP    ZMAT    AOBASIS   BASIS     P2S    ABASIS      S 
                                         1400     1410     1200     1210     1080     1600     1650     1700   
                                           T        V       H0       H01     AOSYM     SMH    MOLCAS    OPER   

              2       5        3.80       700     1000      520     2100     2101   
                                         GEOM     BASIS   MCVARS     RHF      RHF  

 PROGRAMS   *        TOTAL        HF       INT       MP2        HF       INT
 CPU TIMES  *        37.92     24.69      0.43      0.74     11.79      0.12
 REAL TIME  *       130.94 SEC
 DISK USED  *       200.39 MB      
 SF USED    *        62.72 MB      
 GA USED    *         3.20 MB       (max)       0.00 MB       (current)
 **********************************************************************************************************************************
 SETTING E_RHF_A        =    ***************  KCAL/MOL                        


1PROGRAM * MP2 (Closed-shell)     Authors: C. Hampel, H.-J. Werner, 1991, M. Deegan, P.J. Knowles, 1992

 Basis set AUG-CC-PVDZ/MP2FIT generated. Number of basis functions:   659 

 Convergence thresholds:  THRVAR = 1.00D-08  THRDEN = 1.00D-06

 Number of core orbitals:           4 (   4 )
 Number of closed-shell orbitals:  12 (  12 )
 Number of external orbitals:     207 ( 207 )

 Molecular orbitals read from record     2101.2  Type=RHF/CANONICAL (state 1.1)
 

 Entering DF-MP2

 Thresholds:    THRAO= 0.100D-09    THRMO= 0.100D-08    THROV= 0.100D-11

 Fitting basis: AUG-CC-PVDZ-MP2F
 Number of fitting functions:                 659
 Number of blocks in AO basis:                  5
 Minimum block size:                           23
 Maximum block size:                           77
 Average block size:                           45
 Number of groups in AO basis:                 72
 Number of shells in AO basis:                172

 Using large memory version DFMP2B. NIBTK= 1  NGPU= 0  IGPU= 0

 para=T  nprocs= 12  mpptyp=0  number of tasks=  46

 Minimum memory with paging:                  1.37 MW
 Minimum memory for incore assembly:          1.68 MW
 Maximum memory for incore algorithm:         2.56 MW
 Memory for 3-index integrals:                0.00 MW

 Disk space for H1-integrals:                14.42 MB (   552 records)
 
 CPU time for half transformed integrals      0.09 sec, elapsed time      0.09 sec
 CPU time for assembly                        0.06 sec, elapsed time      0.07 sec (6638.7 MFLOP/sec)
 Total CPU time                               0.49 sec, elapsed time      0.55 sec

 SCS-MP2 correlation energy:           -0.643731216082   (PS=  1.200000  PT=  0.333333)
 SCS-MP2 total energy:               -205.190882559255

 Norm of first-order wave function:     0.149216842490
 Coefficient of reference function:     0.932822491440

  Reference energy                   -204.547151343173
  MP2 singlet pair energy              -0.405892331011
  MP2 triplet pair energy              -0.251775673181
  MP2 correlation energy               -0.657668004192

 !MP2 total energy                   -205.204819347365


 **********************************************************************************************************************************
 DATASETS  * FILE   NREC   LENGTH (MB)   RECORD NAMES
              1      18        9.63       500      610      700      900      950      970     1000      129      960     1100   
                                          VAR    BASINP    GEOM    SYMINP    ZMAT    AOBASIS   BASIS     P2S    ABASIS      S 
                                         1400     1410     1200     1210     1080     1600     1650     1700   
                                           T        V       H0       H01     AOSYM     SMH    MOLCAS    OPER   

              2       5        3.80       700     1000      520     2100     2101   
                                         GEOM     BASIS   MCVARS     RHF      RHF  

 PROGRAMS   *        TOTAL       MP2        HF       INT       MP2        HF       INT
 CPU TIMES  *        38.57      0.64     24.69      0.43      0.74     11.79      0.12
 REAL TIME  *       131.85 SEC
 DISK USED  *       200.39 MB      
 SF USED    *        62.72 MB      
 GA USED    *         3.20 MB       (max)       0.00 MB       (current)
 **********************************************************************************************************************************
 SETTING E_CORR_A       =    ***************  KCAL/MOL                        
 SETTING E_A            =      -412.69298624  KCAL/MOL                        
 SETTING CHARGE         =        -1.00000000                                  

 Dummy atoms: C0  N1  N2  N3  H4  H5  H6  H7  H8  H9


 Recomputing one-electron integrals since nuclear charges changed

1PROGRAM * SEWARD (Integral evaluation for generally contracted gaussian basis sets)     Author: Roland Lindh, 1990

 Geometry written to block  1 of record 700


 Point group  C1  



 ATOMIC COORDINATES

 NR  ATOM    CHARGE       X              Y              Z

   1  C0      0.00    0.046244892   -2.814527073    0.000000000
   2  N1      0.00    0.491900975   -1.619254642   -2.146626761
   3  N2      0.00   -0.896199582   -5.214970690    0.000000000
   4  N3      0.00    0.491900975   -1.619254642    2.146626761
   5  H4      0.00   -0.646455762   -6.218779757    1.593317234
   6  H5      0.00   -0.646455762   -6.218779757   -1.593317234
   7  H6      0.00   -0.039777970   -2.407598464   -3.788861182
   8  H7      0.00    0.914964482    0.367635813   -1.926240532
   9  H8      0.00   -0.039777970   -2.407598464    3.788861182
  10  H9      0.00    0.914964482    0.367635813    1.926240532
  11  C10     6.00   -2.181203343    3.651553606    0.000000000
  12  H11     1.00   -3.169473477    1.837431374    0.000000000
  13  H12     1.00   -2.785707904    4.698588754   -1.663988612
  14  S13    16.00    1.245612629    3.232982012    0.000000000
  15  H14     1.00   -2.785707904    4.698588754    1.663988612

 Bond lengths in Bohr (Angstrom)

 1-2  2.497056663  1-3  2.578823597  1-4  2.497056663  2-7  1.897657076  2-8  2.043351780
     ( 1.321385476)     ( 1.364654674)     ( 1.321385476)     ( 1.004196875)     ( 1.081295192)

  3- 5  1.899648501   3- 6  1.899648501   4- 9  1.897657076   4-10  2.043351780   8-14  3.468420336
       ( 1.005250692)       ( 1.005250692)       ( 1.004196875)       ( 1.081295192)       ( 1.835408993)

 10-14  3.468420336  11-12  2.065845427  11-13  2.056834089  11-14  3.452284734  11-15  2.056834089
       ( 1.835408993)       ( 1.093198317)       ( 1.088429722)       ( 1.826870400)       ( 1.088429722)

 Bond angles

  1-2-7  119.67596989   1-2-8  114.18463931   1-3-5  116.34794645   1-3-6  116.34794645

  1- 4- 9  119.67596989   1- 4-10  114.18463931   2- 1- 3  120.71619651   2- 1- 4  118.55748970

  2- 8-14  151.99831849   3- 1- 4  120.71619651   4-10-14  151.99831849   5- 3- 6  114.01528015

  7- 2- 8  123.73123688   8-14-10   67.47176806   8-14-11   90.31716355   9- 4-10  123.73123688

 10-14-11   90.31716355  12-11-13  107.84398771  12-11-14  111.61604867  12-11-15  107.84398771

 13-11-14  110.69861163  13-11-15  107.99761903  14-11-15  110.69861163

 NUCLEAR CHARGE:                   25
 NUMBER OF PRIMITIVE AOS:         336
 NUMBER OF SYMMETRY AOS:          324
 NUMBER OF CONTRACTIONS:          223   ( 223A   )
 NUMBER OF CORE ORBITALS:           6   (   6A   )
 NUMBER OF VALENCE ORBITALS:       11   (  11A   )

 MOLECULE CHANGED: INITIALIZING OCCUPATION AND DUMP RECORDS


 NUCLEAR REPULSION ENERGY   47.85754981


 Eigenvalues of metric

         1 0.576E-04 0.158E-03 0.201E-03 0.205E-03 0.303E-03 0.315E-03 0.381E-03 0.424E-03


 OPERATOR DM      FOR CENTER  0  COORDINATES:    0.000000    0.000000    0.000000


 **********************************************************************************************************************************
 DATASETS  * FILE   NREC   LENGTH (MB)   RECORD NAMES
              1      18        9.63       500      610      700      900      950      970     1000      129      960     1100   
                                          VAR    BASINP    GEOM    SYMINP    ZMAT    AOBASIS   BASIS     P2S    ABASIS      S 
                                         1400     1410     1200     1210     1080     1600     1650     1700   
                                           T        V       H0       H01     AOSYM     SMH    MOLCAS    OPER   

              2       5        3.80       700     1000      520     2100     2101   
                                         GEOM     BASIS   MCVARS     RHF      RHF  

 PROGRAMS   *        TOTAL       INT       MP2        HF       INT       MP2        HF       INT
 CPU TIMES  *        38.88      0.31      0.64     24.69      0.43      0.74     11.79      0.12
 REAL TIME  *       132.87 SEC
 DISK USED  *       200.39 MB      
 SF USED    *        62.72 MB      
 GA USED    *         3.20 MB       (max)       0.00 MB       (current)
 **********************************************************************************************************************************

1PROGRAM * RHF-SCF (CLOSED SHELL)       Authors: W. Meyer, H.-J. Werner


 NUMBER OF ELECTRONS:      13+   13-    SPACE SYMMETRY=1    SPIN SYMMETRY: Singlet 
 CONVERGENCE THRESHOLDS:    1.00E-05 (Density)    1.00E-07 (Energy)
 INTEGRAL THRESHOLDS:       1.00E-11 (Initial)    1.00E-11 (Final)
 MAX. NUMBER OF ITERATIONS:       60
 INTERPOLATION TYPE:            DIIS
 INTERPOLATION STEPS:              2 (START)      1 (STEP)
 LEVEL SHIFTS:                  0.00 (CLOSED)  0.00 (OPEN) 



 
 Basis set CC-PVDZ/JKFIT generated.      Number of basis functions:   669 
 
 Orbital guess generated from atomic densities. Full valence occupancy:   17
 Coulomb and exchange fitting
 Thresholds for fitting:       THRAO_COUL= 1.0D-14    THRAO_EXCH= 1.0D-12    THRMO= 1.0D-11    THRPROD= 1.0D-11    THRASM= 1.0D-11
                               THR2HLF=    1.0D-11

 Molecular orbital dump at record        2102.2

 ITERATION   DDIFF            GRAD            ENERGY        2-EL.EN.            DIPOLE MOMENTS         DIIS   CPU(IT)  CPU(TOT)  ORB.
    1      0.000D+00      0.000D+00      -437.09311046    445.107940   -1.82028   -3.16375   -0.00000    0      0.6      5.5     start
    2      0.000D+00      0.339D-02      -437.14496960    435.927978   -1.12193   -3.24386   -0.00000    1      0.2      5.8     diag
    3      0.740D-02      0.156D-02      -437.15289042    438.521089   -1.30099   -3.22655   -0.00000    2      0.2      6.0     diag
    4      0.242D-02      0.274D-03      -437.15354414    438.323129   -1.32511   -3.22511   -0.00000    3      0.2      6.2     diag
    5      0.658D-03      0.637D-04      -437.15358478    438.324993   -1.32958   -3.22561   -0.00000    4      0.2      6.4     diag
    6      0.254D-03      0.151D-04      -437.15358760    438.318956   -1.33183   -3.22559   -0.00000    5      0.2      6.6     diag
    7      0.897D-04      0.387D-05      -437.15358780    438.319323   -1.33168   -3.22571    0.00000    6      0.2      6.9     diag
    8      0.276D-04      0.117D-05      -437.15358782    438.319028   -1.33172   -3.22572   -0.00000    7      0.2      7.1     diag
    9      0.594D-05      0.417D-06      -437.15358782    438.319290   -1.33159   -3.22575    0.00000    0      0.2      7.3     orth

 Final occupancy:  13

 !RHF STATE 1.1 Energy               -437.153587816819
 Nuclear energy                        47.85754981
 One-electron energy                 -704.17078242
 Two-electron energy                  219.15964479
 Virial quotient                       -1.00016893
 !RHF STATE 1.1 Dipole moment          -1.33159401    -3.22574637     0.00000000
 Dipole moment /Debye                  -3.38435271    -8.19849246     0.00000000

 Orbital energies:

         1.1          2.1          3.1          4.1          5.1          6.1          7.1          8.1          9.1         10.1
    -91.665735   -11.051916    -8.664693    -6.347349    -6.344423    -6.344396    -0.784951    -0.578614    -0.374215    -0.372738

        11.1         12.1         13.1         14.1         15.1
     -0.231831    -0.082580    -0.082305     0.111672     0.132195

 HOMO     13.1    -0.082305 =      -2.2396eV
 LUMO     14.1     0.111672 =       3.0388eV
 LUMO-HOMO         0.193977 =       5.2784eV


 **********************************************************************************************************************************
 DATASETS  * FILE   NREC   LENGTH (MB)   RECORD NAMES
              1      18        9.63       500      610      700      900      950      970     1000      129      960     1100   
                                          VAR    BASINP    GEOM    SYMINP    ZMAT    AOBASIS   BASIS     P2S    ABASIS      S 
                                         1400     1410     1200     1210     1080     1600     1650     1700   
                                           T        V       H0       H01     AOSYM     SMH    MOLCAS    OPER   

              2       6        5.83       700     1000      520     2100     2101     2102   
                                         GEOM     BASIS   MCVARS     RHF      RHF      RHF  

 PROGRAMS   *        TOTAL        HF       INT       MP2        HF       INT       MP2        HF       INT
 CPU TIMES  *        46.23      7.35      0.31      0.64     24.69      0.43      0.74     11.79      0.12
 REAL TIME  *       210.72 SEC
 DISK USED  *       224.81 MB      
 SF USED    *        62.72 MB      
 GA USED    *         3.20 MB       (max)       0.00 MB       (current)
 **********************************************************************************************************************************
 SETTING E_RHF_B        =    ***************  KCAL/MOL                        


1PROGRAM * MP2 (Closed-shell)     Authors: C. Hampel, H.-J. Werner, 1991, M. Deegan, P.J. Knowles, 1992

 Basis set AUG-CC-PVDZ/MP2FIT generated. Number of basis functions:   659 

 Convergence thresholds:  THRVAR = 1.00D-08  THRDEN = 1.00D-06

 Number of core orbitals:           6 (   6 )
 Number of closed-shell orbitals:   7 (   7 )
 Number of external orbitals:     210 ( 210 )

 Molecular orbitals read from record     2102.2  Type=RHF/CANONICAL (state 1.1)
 

 Entering DF-MP2

 Thresholds:    THRAO= 0.100D-09    THRMO= 0.100D-08    THROV= 0.100D-11

 Fitting basis: AUG-CC-PVDZ-MP2F
 Number of fitting functions:                 659
 Number of blocks in AO basis:                  5
 Minimum block size:                           23
 Maximum block size:                           77
 Average block size:                           45
 Number of groups in AO basis:                 72
 Number of shells in AO basis:                172

 Using large memory version DFMP2B. NIBTK= 1  NGPU= 0  IGPU= 0

 para=T  nprocs= 12  mpptyp=0  number of tasks=  46

 Minimum memory with paging:                  1.37 MW
 Minimum memory for incore assembly:          1.37 MW
 Maximum memory for incore algorithm:         1.81 MW
 Memory for 3-index integrals:                0.00 MW

 Disk space for H1-integrals:                 8.41 MB (   322 records)
 
 CPU time for half transformed integrals      0.10 sec, elapsed time      0.09 sec
 CPU time for assembly                        0.02 sec, elapsed time      0.03 sec (5856.5 MFLOP/sec)
 Total CPU time                               0.54 sec, elapsed time      0.69 sec

 SCS-MP2 correlation energy:           -0.312278450134   (PS=  1.200000  PT=  0.333333)
 SCS-MP2 total energy:               -437.465866266955

 Norm of first-order wave function:     0.100967626653
 Coefficient of reference function:     0.953043503981

  Reference energy                   -437.153587816821
  MP2 singlet pair energy              -0.202095217762
  MP2 triplet pair energy              -0.112121017746
  MP2 correlation energy               -0.314216235507

 !MP2 total energy                   -437.467804052328


 **********************************************************************************************************************************
 DATASETS  * FILE   NREC   LENGTH (MB)   RECORD NAMES
              1      18        9.63       500      610      700      900      950      970     1000      129      960     1100   
                                          VAR    BASINP    GEOM    SYMINP    ZMAT    AOBASIS   BASIS     P2S    ABASIS      S 
                                         1400     1410     1200     1210     1080     1600     1650     1700   
                                           T        V       H0       H01     AOSYM     SMH    MOLCAS    OPER   

              2       6        5.83       700     1000      520     2100     2101     2102   
                                         GEOM     BASIS   MCVARS     RHF      RHF      RHF  

 PROGRAMS   *        TOTAL       MP2        HF       INT       MP2        HF       INT       MP2        HF       INT
 CPU TIMES  *        46.96      0.73      7.35      0.31      0.64     24.69      0.43      0.74     11.79      0.12
 REAL TIME  *       211.84 SEC
 DISK USED  *       224.81 MB      
 SF USED    *        62.72 MB      
 GA USED    *         3.20 MB       (max)       0.00 MB       (current)
 **********************************************************************************************************************************
 SETTING E_CORR_B       =    ***************  KCAL/MOL                        
 SETTING E_B            =      -197.17370426  KCAL/MOL                        
 SETTING E_RHF_CP       =      -104.61608599  KCAL/MOL                        
 SETTING E_CORR_CP      =       -14.30143698  KCAL/MOL                        

        DF-MP2          DF-HF           DF-MP2          DF-HF           DF-MP2          DF-HF   
   -437.46780405   -437.15358782   -205.20481935   -204.54715134   -642.86213050   -641.86745547
 **********************************************************************************************************************************
 Variable memory released
