
 Primary working directories    : /scratch/1723326.phoenix.chem.wisc.edu
 Secondary working directories  : /scratch/1723326.phoenix.chem.wisc.edu
 Wavefunction directory         : /scratch/1723326.phoenix.chem.wisc.edu/
 Main file repository           : /scratch/1723326.phoenix.chem.wisc.edu/

 SHA1      : 65e45729fe3f963b0eb97374e3bda9949063ef0f
 NAME      : 2012.1.17
 ARCHNAME  : Linux/x86_64
 FC        : /opt/intel/composer_xe_2013.5.192/bin/intel64/ifort
 FCVERSION : 13.1.3
 BLASLIB   : -L/opt/intel/composer_xe_2013.5.192/mkl/lib/intel64 -lmkl_intel_ilp64 -lmkl_sequential -lmkl_core
 id        : cuichemwisc

 Nodes             nprocs
 compute-1-34.local   12
 ga_uses_ma=false, calling ma_init with nominal heap.
 GA-space will be limited to   8.0 MW (determined by -G option)

 Using customized tuning parameters: mindgm=1; mindgv=20; mindgc=4; mindgr=1; noblas=0; minvec=7
 default implementation of scratch files=sf  

 geomtyp=xyz
 geometry={
 15
  C0          0.024471742900      -1.489383581400       0.000000000000
  N1          0.260302785000      -0.856872652000      -1.135945958000
  N2         -0.474248393600      -2.759643634900       0.000000000000
  N3          0.260302785000      -0.856872652000       1.135945958000
  H4         -0.342089655800      -3.290836515200       0.843147167100
  H5         -0.342089655800      -3.290836515200      -0.843147167100
  H6         -0.021049595400      -1.274046235800      -2.004978985800
  H7          0.484178351000       0.194544493200      -1.019322588700
  H8         -0.021049595400      -1.274046235800       2.004978985800
  H9          0.484178351000       0.194544493200       1.019322588700
  C10        -1.114833069779       5.548759308678       0.000000000000
  H11        -1.637803101279       4.588767169478       0.000000000000
  H12        -1.434723106479       6.102826446378      -0.880544849600
  S13         0.698559841821       5.327260760778       0.000000000000
  H14        -1.434723106479       6.102826446378       0.880544849600
 }
 
 
 basis=avqz
 
                                                                                 ! Complex
 set,charge=0
 
 df-hf
 e_rhf_c = energy*tokcal
 df-mp2
 e_corr_c = energy*tokcal
 e_c = e_corr_c - e_rhf_c
 
 
                                                                                 ! Monomer 1
 set,charge=1
 dummy,C10,H11,H12,S13,H14
 
 df-hf
 e_rhf_a = energy*tokcal
 df-mp2
 e_corr_a = energy*tokcal
 e_a = e_corr_a - e_rhf_a
 
 
                                                                                 ! Monomer 2
 set,charge=-1
 dummy,C0,N1,N2,N3,H4,H5,H6,H7,H8,H9
 
 df-hf
 e_rhf_b = energy*tokcal
 df-mp2
 e_corr_b = energy*tokcal
 e_b = e_corr_b - e_rhf_b
 
 
 e_rhf_cp = e_rhf_c - (e_rhf_a + e_rhf_b)
 e_corr_cp = e_c - (e_a + e_b)

 Variables initialized (782), CPU time= 0.01 sec
 Commands  initialized (547), CPU time= 0.01 sec, 517 directives.
 Default parameters read. Elapsed time= 0.13 sec

 Checking input...
 Passed
1


                                         ***  PROGRAM SYSTEM MOLPRO  ***
                         Copyright, University College Cardiff Consultants Limited, 2008

                                    Version 2012.1 linked Oct 11 2014 15:40:16


 **********************************************************************************************************************************
 LABEL *                                                                                 
 Linux-2.6.18-308.el5/compute-1-34.local(x86_64) 64 bit mpp version                      DATE: 11-Dec-14          TIME: 20:59:39  
 **********************************************************************************************************************************

 SHA1:             65e45729fe3f963b0eb97374e3bda9949063ef0f
 **********************************************************************************************************************************
 SETTING GEOMTYP        =    XYZ

 Turning off symmetry in density fitting calculation
 To re-enable, use 'set,zsymel=auto'


 Variable memory set to  350000000 words,  buffer space   230000 words

 SETTING BASIS          =    AVQZ
 SETTING CHARGE         =         0.00000000                                  


 Recomputing integrals since basis changed


 Using spherical harmonics

 Library entry C      S aug-cc-pVQZ          selected for orbital group  1
 Library entry C      P aug-cc-pVQZ          selected for orbital group  1
 Library entry C      D aug-cc-pVQZ          selected for orbital group  1
 Library entry C      F aug-cc-pVQZ          selected for orbital group  1
 Library entry C      G aug-cc-pVQZ          selected for orbital group  1
 Library entry N      S aug-cc-pVQZ          selected for orbital group  2
 Library entry N      P aug-cc-pVQZ          selected for orbital group  2
 Library entry N      D aug-cc-pVQZ          selected for orbital group  2
 Library entry N      F aug-cc-pVQZ          selected for orbital group  2
 Library entry N      G aug-cc-pVQZ          selected for orbital group  2
 Library entry H      S aug-cc-pVQZ          selected for orbital group  3
 Library entry H      P aug-cc-pVQZ          selected for orbital group  3
 Library entry H      D aug-cc-pVQZ          selected for orbital group  3
 Library entry H      F aug-cc-pVQZ          selected for orbital group  3
 Library entry S      S aug-cc-pVQZ          selected for orbital group  6
 Library entry S      P aug-cc-pVQZ          selected for orbital group  6
 Library entry S      D aug-cc-pVQZ          selected for orbital group  6
 Library entry S      F aug-cc-pVQZ          selected for orbital group  6
 Library entry S      G aug-cc-pVQZ          selected for orbital group  6

1PROGRAM * SEWARD (Integral evaluation for generally contracted gaussian basis sets)     Author: Roland Lindh, 1990

 Geometry written to block  1 of record 700


 Point group  C1  



 ATOMIC COORDINATES

 NR  ATOM    CHARGE       X              Y              Z

   1  C0      6.00    0.046244892   -2.814527073    0.000000000
   2  N1      7.00    0.491900975   -1.619254642   -2.146626761
   3  N2      7.00   -0.896199582   -5.214970690    0.000000000
   4  N3      7.00    0.491900975   -1.619254642    2.146626761
   5  H4      1.00   -0.646455762   -6.218779757    1.593317234
   6  H5      1.00   -0.646455762   -6.218779757   -1.593317234
   7  H6      1.00   -0.039777970   -2.407598464   -3.788861182
   8  H7      1.00    0.914964482    0.367635813   -1.926240532
   9  H8      1.00   -0.039777970   -2.407598464    3.788861182
  10  H9      1.00    0.914964482    0.367635813    1.926240532
  11  C10     6.00   -2.106729184   10.485635463    0.000000000
  12  H11     1.00   -3.094999319    8.671513231    0.000000000
  13  H12     1.00   -2.711233746   11.532670611   -1.663988612
  14  S13    16.00    1.320086787   10.067063869    0.000000000
  15  H14     1.00   -2.711233746   11.532670611    1.663988612

 Bond lengths in Bohr (Angstrom)

 1-2  2.497056663  1-3  2.578823597  1-4  2.497056663  2-7  1.897657076  2-8  2.043351780
     ( 1.321385476)     ( 1.364654674)     ( 1.321385476)     ( 1.004196875)     ( 1.081295192)

  3- 5  1.899648501   3- 6  1.899648501   4- 9  1.897657076   4-10  2.043351780  11-12  2.065845427
       ( 1.005250692)       ( 1.005250692)       ( 1.004196875)       ( 1.081295192)       ( 1.093198317)

 11-13  2.056834089  11-14  3.452284734  11-15  2.056834089
       ( 1.088429722)       ( 1.826870400)       ( 1.088429722)

 Bond angles

  1-2-7  119.67596989   1-2-8  114.18463931   1-3-5  116.34794645   1-3-6  116.34794645

  1- 4- 9  119.67596989   1- 4-10  114.18463931   2- 1- 3  120.71619651   2- 1- 4  118.55748970

  3- 1- 4  120.71619651   5- 3- 6  114.01528015   7- 2- 8  123.73123688   9- 4-10  123.73123688

 12-11-13  107.84398771  12-11-14  111.61604867  12-11-15  107.84398771  13-11-14  110.69861163

 13-11-15  107.99761903  14-11-15  110.69861163

 NUCLEAR CHARGE:                   58
 NUMBER OF PRIMITIVE AOS:        1240
 NUMBER OF SYMMETRY AOS:         1009
 NUMBER OF CONTRACTIONS:          898   ( 898A   )
 NUMBER OF CORE ORBITALS:          10   (  10A   )
 NUMBER OF VALENCE ORBITALS:       33   (  33A   )


 NUCLEAR REPULSION ENERGY  244.28569749


 Eigenvalues of metric

         1 0.612E-05 0.717E-05 0.765E-05 0.975E-05 0.119E-04 0.134E-04 0.144E-04 0.167E-04


 OPERATOR DM      FOR CENTER  0  COORDINATES:    0.000000    0.000000    0.000000


 **********************************************************************************************************************************
 DATASETS  * FILE   NREC   LENGTH (MB)   RECORD NAMES
              1      18       37.12       500      610      700      900      950      970     1000      129      960     1100   
                                          VAR    BASINP    GEOM    SYMINP    ZMAT    AOBASIS   BASIS     P2S    ABASIS      S 
                                         1400     1410     1200     1210     1080     1600     1650     1700   
                                           T        V       H0       H01     AOSYM     SMH    MOLCAS    OPER   

 PROGRAMS   *        TOTAL       INT
 CPU TIMES  *         2.94      2.80
 REAL TIME  *         3.34 SEC
 DISK USED  *         0.00 MB      
 GA USED    *         0.02 MB       (max)       0.00 MB       (current)
 **********************************************************************************************************************************

1PROGRAM * RHF-SCF (CLOSED SHELL)       Authors: W. Meyer, H.-J. Werner


 NUMBER OF ELECTRONS:      29+   29-    SPACE SYMMETRY=1    SPIN SYMMETRY: Singlet 
 CONVERGENCE THRESHOLDS:    1.00E-05 (Density)    1.16E-07 (Energy)
 INTEGRAL THRESHOLDS:       1.00E-11 (Initial)    1.00E-11 (Final)
 MAX. NUMBER OF ITERATIONS:       60
 INTERPOLATION TYPE:            DIIS
 INTERPOLATION STEPS:              2 (START)      1 (STEP)
 LEVEL SHIFTS:                  0.00 (CLOSED)  0.00 (OPEN) 



 
 Basis set CC-PVQZ/JKFIT generated.      Number of basis functions:   1137 
 
 Orbital guess generated from atomic densities. Full valence occupancy:   43
 Coulomb and exchange fitting
 Thresholds for fitting:       THRAO_COUL= 1.0D-14    THRAO_EXCH= 1.0D-12    THRMO= 1.0D-11    THRPROD= 1.0D-11    THRASM= 1.0D-11
                               THR2HLF=    1.0D-11

 Molecular orbital dump at record        2100.2

 ITERATION   DDIFF            GRAD            ENERGY        2-EL.EN.            DIPOLE MOMENTS         DIIS   CPU(IT)  CPU(TOT)  ORB.
    1      0.000D+00      0.000D+00      -641.75435757    963.017834   -1.64860  -12.44380    0.00000    0      4.7     26.4     start
    2      0.000D+00      0.181D-02      -641.85980603    954.720643   -1.02631  -11.94392    0.00000    1      5.6     31.9     diag
    3      0.222D-02      0.743D-03      -641.87432749    957.795126   -1.21136  -11.99338    0.00000    2      4.2     36.2     diag
    4      0.879D-03      0.201D-03      -641.87610780    957.368761   -1.22436  -11.91291    0.00000    3      3.9     40.1     diag
    5      0.271D-03      0.420D-04      -641.87624308    957.289727   -1.22151  -11.88257    0.00000    4      4.3     44.4     diag
    6      0.850D-04      0.172D-04      -641.87626207    957.315952   -1.22727  -11.87153    0.00000    5      4.1     48.5     diag
    7      0.387D-04      0.523D-05      -641.87626550    957.306841   -1.22718  -11.86347    0.00000    6      4.0     52.5     diag
    8      0.237D-04      0.187D-05      -641.87626612    957.307806   -1.22744  -11.85955    0.00000    7      4.1     56.5     diag
    9      0.113D-04      0.662D-06      -641.87626625    957.308213   -1.22737  -11.85748    0.00000    8      4.0     60.5     diag
   10      0.538D-05      0.335D-06      -641.87626629    957.307983   -1.22745  -11.85640   -0.00000    9      4.7     65.2     orth
   11      0.281D-05      0.142D-06      -641.87626629    957.308222   -1.22744  -11.85619   -0.00000    0      3.8     69.0     orth

 Final occupancy:  29

 !RHF STATE 1.1 Energy               -641.876266288850
 Nuclear energy                       244.28569749
 One-electron energy                -1364.81607480
 Two-electron energy                  478.65411103
 Virial quotient                       -1.00089597
 !RHF STATE 1.1 Dipole moment          -1.22744244   -11.85618546    -0.00000000
 Dipole moment /Debye                  -3.11964316   -30.13344384    -0.00000000

 Orbital energies:

         1.1          2.1          3.1          4.1          5.1          6.1          7.1          8.1          9.1         10.1
    -91.749245   -15.721237   -15.721208   -15.718758   -11.522326   -11.125417    -8.749752    -6.431603    -6.430014    -6.429932

        11.1         12.1         13.1         14.1         15.1         16.1         17.1         18.1         19.1         20.1
     -1.469347    -1.321928    -1.314588    -0.980309    -0.908247    -0.881020    -0.866135    -0.790335    -0.776356    -0.774010

        21.1         22.1         23.1         24.1         25.1         26.1         27.1         28.1         29.1         30.1
     -0.729629    -0.662438    -0.564524    -0.549113    -0.456008    -0.455377    -0.317333    -0.169278    -0.168461    -0.036774

        31.1
     -0.014958

 HOMO     29.1    -0.168461 =      -4.5840eV
 LUMO     30.1    -0.036774 =      -1.0007eV
 LUMO-HOMO         0.131687 =       3.5834eV


 **********************************************************************************************************************************
 DATASETS  * FILE   NREC   LENGTH (MB)   RECORD NAMES
              1      18       37.12       500      610      700      900      950      970     1000      129      960     1100   
                                          VAR    BASINP    GEOM    SYMINP    ZMAT    AOBASIS   BASIS     P2S    ABASIS      S 
                                         1400     1410     1200     1210     1080     1600     1650     1700   
                                           T        V       H0       H01     AOSYM     SMH    MOLCAS    OPER   

              2       4       20.06       700     1000      520     2100   
                                         GEOM     BASIS   MCVARS     RHF  

 PROGRAMS   *        TOTAL        HF       INT
 CPU TIMES  *        72.67     69.72      2.80
 REAL TIME  *       131.86 SEC
 DISK USED  *         1.39 GB      
 SF USED    *       259.77 MB      
 GA USED    *         3.20 MB       (max)       0.00 MB       (current)
 **********************************************************************************************************************************
 SETTING E_RHF_C        =    ***************  KCAL/MOL                        


1PROGRAM * MP2 (Closed-shell)     Authors: C. Hampel, H.-J. Werner, 1991, M. Deegan, P.J. Knowles, 1992

 Basis set AUG-CC-PVQZ/MP2FIT generated. Number of basis functions:   1754 

 Convergence thresholds:  THRVAR = 1.00D-08  THRDEN = 1.16D-06

 Number of core orbitals:          10 (  10 )
 Number of closed-shell orbitals:  19 (  19 )
 Number of external orbitals:     869 ( 869 )

 Molecular orbitals read from record     2100.2  Type=RHF/CANONICAL (state 1.1)
 

 Entering DF-MP2

 Thresholds:    THRAO= 0.100D-09    THRMO= 0.100D-08    THROV= 0.100D-11

 Fitting basis: AUG-CC-PVQZ-MP2F
 Number of fitting functions:                1754
 Number of blocks in AO basis:                  6
 Minimum block size:                           80
 Maximum block size:                          218
 Average block size:                          150
 Number of groups in AO basis:                177
 Number of shells in AO basis:                327

 Using large memory version DFMP2B. NIBTK= 1  NGPU= 0  IGPU= 0

 para=T  nprocs= 12  mpptyp=0  number of tasks=  29

 Minimum memory with paging:                  6.79 MW
 Minimum memory for incore assembly:         29.72 MW
 Maximum memory for incore algorithm:        33.83 MW
 Memory for 3-index integrals:                0.00 MW

 Disk space for H1-integrals:               241.01 MB (   551 records)
 
 CPU time for half transformed integrals      2.75 sec, elapsed time      3.38 sec
 CPU time for assembly                        5.37 sec, elapsed time     10.88 sec (7915.5 MFLOP/sec)
 Total CPU time                              11.07 sec, elapsed time     17.49 sec

 SCS-MP2 correlation energy:           -1.239844197722   (PS=  1.200000  PT=  0.333333)
 SCS-MP2 total energy:               -643.116110486568

 Norm of first-order wave function:     0.281164747839
 Coefficient of reference function:     0.883481601757

  Reference energy                   -641.876266288846
  MP2 singlet pair energy              -0.810543842230
  MP2 triplet pair energy              -0.429415050609
  MP2 correlation energy               -1.239958892839

 !MP2 total energy                   -643.116225181685


 **********************************************************************************************************************************
 DATASETS  * FILE   NREC   LENGTH (MB)   RECORD NAMES
              1      19       37.13       500      610      700      900      950      970     1000      129      960     1100   
                                          VAR    BASINP    GEOM    SYMINP    ZMAT    AOBASIS   BASIS     P2S    ABASIS      S 
                                         1400     1410     1200     1210     1080     1600     1650     1700      960(1)
                                           T        V       H0       H01     AOSYM     SMH    MOLCAS    OPER    ABASIS    

              2       4       20.06       700     1000      520     2100   
                                         GEOM     BASIS   MCVARS     RHF  

 PROGRAMS   *        TOTAL       MP2        HF       INT
 CPU TIMES  *        85.47     12.79     69.72      2.80
 REAL TIME  *       151.73 SEC
 DISK USED  *         1.39 GB      
 SF USED    *       902.12 MB      
 GA USED    *         3.20 MB       (max)       0.00 MB       (current)
 **********************************************************************************************************************************
 SETTING E_CORR_C       =    ***************  KCAL/MOL                        
 SETTING E_C            =      -778.08610886  KCAL/MOL                        
 SETTING CHARGE         =         1.00000000                                  

 Dummy atoms: C10  H11  H12  S13  H14


 Recomputing one-electron integrals since nuclear charges changed

1PROGRAM * SEWARD (Integral evaluation for generally contracted gaussian basis sets)     Author: Roland Lindh, 1990

 Geometry written to block  1 of record 700


 Point group  C1  



 ATOMIC COORDINATES

 NR  ATOM    CHARGE       X              Y              Z

   1  C0      6.00    0.046244892   -2.814527073    0.000000000
   2  N1      7.00    0.491900975   -1.619254642   -2.146626761
   3  N2      7.00   -0.896199582   -5.214970690    0.000000000
   4  N3      7.00    0.491900975   -1.619254642    2.146626761
   5  H4      1.00   -0.646455762   -6.218779757    1.593317234
   6  H5      1.00   -0.646455762   -6.218779757   -1.593317234
   7  H6      1.00   -0.039777970   -2.407598464   -3.788861182
   8  H7      1.00    0.914964482    0.367635813   -1.926240532
   9  H8      1.00   -0.039777970   -2.407598464    3.788861182
  10  H9      1.00    0.914964482    0.367635813    1.926240532
  11  C10     0.00   -2.106729184   10.485635463    0.000000000
  12  H11     0.00   -3.094999319    8.671513231    0.000000000
  13  H12     0.00   -2.711233746   11.532670611   -1.663988612
  14  S13     0.00    1.320086787   10.067063869    0.000000000
  15  H14     0.00   -2.711233746   11.532670611    1.663988612

 Bond lengths in Bohr (Angstrom)

 1-2  2.497056663  1-3  2.578823597  1-4  2.497056663  2-7  1.897657076  2-8  2.043351780
     ( 1.321385476)     ( 1.364654674)     ( 1.321385476)     ( 1.004196875)     ( 1.081295192)

  3- 5  1.899648501   3- 6  1.899648501   4- 9  1.897657076   4-10  2.043351780  11-12  2.065845427
       ( 1.005250692)       ( 1.005250692)       ( 1.004196875)       ( 1.081295192)       ( 1.093198317)

 11-13  2.056834089  11-14  3.452284734  11-15  2.056834089
       ( 1.088429722)       ( 1.826870400)       ( 1.088429722)

 Bond angles

  1-2-7  119.67596989   1-2-8  114.18463931   1-3-5  116.34794645   1-3-6  116.34794645

  1- 4- 9  119.67596989   1- 4-10  114.18463931   2- 1- 3  120.71619651   2- 1- 4  118.55748970

  3- 1- 4  120.71619651   5- 3- 6  114.01528015   7- 2- 8  123.73123688   9- 4-10  123.73123688

 12-11-13  107.84398771  12-11-14  111.61604867  12-11-15  107.84398771  13-11-14  110.69861163

 13-11-15  107.99761903  14-11-15  110.69861163

 NUCLEAR CHARGE:                   33
 NUMBER OF PRIMITIVE AOS:        1240
 NUMBER OF SYMMETRY AOS:         1009
 NUMBER OF CONTRACTIONS:          898   ( 898A   )
 NUMBER OF CORE ORBITALS:           4   (   4A   )
 NUMBER OF VALENCE ORBITALS:       22   (  22A   )

 MOLECULE CHANGED: INITIALIZING OCCUPATION AND DUMP RECORDS


 NUCLEAR REPULSION ENERGY  133.32898411


 Eigenvalues of metric

         1 0.612E-05 0.717E-05 0.765E-05 0.975E-05 0.119E-04 0.134E-04 0.144E-04 0.167E-04


 OPERATOR DM      FOR CENTER  0  COORDINATES:    0.000000    0.000000    0.000000


 **********************************************************************************************************************************
 DATASETS  * FILE   NREC   LENGTH (MB)   RECORD NAMES
              1      19       37.13       500      610      700      900      950      970     1000      129      960     1100   
                                          VAR    BASINP    GEOM    SYMINP    ZMAT    AOBASIS   BASIS     P2S    ABASIS      S 
                                         1400     1410     1200     1210     1080     1600     1650     1700      960(1)
                                           T        V       H0       H01     AOSYM     SMH    MOLCAS    OPER    ABASIS    

              2       4       20.06       700     1000      520     2100   
                                         GEOM     BASIS   MCVARS     RHF  

 PROGRAMS   *        TOTAL       INT       MP2        HF       INT
 CPU TIMES  *        87.91      2.41     12.79     69.72      2.80
 REAL TIME  *       155.07 SEC
 DISK USED  *         1.39 GB      
 SF USED    *       902.12 MB      
 GA USED    *         3.20 MB       (max)       0.00 MB       (current)
 **********************************************************************************************************************************

1PROGRAM * RHF-SCF (CLOSED SHELL)       Authors: W. Meyer, H.-J. Werner


 NUMBER OF ELECTRONS:      16+   16-    SPACE SYMMETRY=1    SPIN SYMMETRY: Singlet 
 CONVERGENCE THRESHOLDS:    1.00E-05 (Density)    1.00E-07 (Energy)
 INTEGRAL THRESHOLDS:       1.00E-11 (Initial)    1.00E-11 (Final)
 MAX. NUMBER OF ITERATIONS:       60
 INTERPOLATION TYPE:            DIIS
 INTERPOLATION STEPS:              2 (START)      1 (STEP)
 LEVEL SHIFTS:                  0.00 (CLOSED)  0.00 (OPEN) 



 
 Basis set CC-PVQZ/JKFIT generated.      Number of basis functions:   1137 
 
 Orbital guess generated from atomic densities. Full valence occupancy:   26
 Coulomb and exchange fitting
 Thresholds for fitting:       THRAO_COUL= 1.0D-14    THRAO_EXCH= 1.0D-12    THRMO= 1.0D-11    THRPROD= 1.0D-11    THRASM= 1.0D-11
                               THR2HLF=    1.0D-11

 Molecular orbital dump at record        2101.2

 ITERATION   DDIFF            GRAD            ENERGY        2-EL.EN.            DIPOLE MOMENTS         DIIS   CPU(IT)  CPU(TOT)  ORB.
    1      0.000D+00      0.000D+00      -204.54986208    390.474958    0.23266   -2.44716   -0.00000    0      4.3     13.1     start
    2      0.000D+00      0.188D-02      -204.60255053    391.701717    0.14346   -2.60475   -0.00000    1      3.9     17.0     diag
    3      0.110D-02      0.605D-03      -204.60798464    391.510460    0.16389   -2.59728    0.00000    2      4.5     21.5     diag
    4      0.342D-03      0.261D-03      -204.60900535    391.594283    0.15539   -2.60986    0.00000    3      3.9     25.5     diag
    5      0.118D-03      0.412D-04      -204.60906594    391.598283    0.15585   -2.61139    0.00000    4      4.2     29.6     diag
    6      0.294D-04      0.133D-04      -204.60907198    391.592455    0.15492   -2.61281    0.00000    5      3.8     33.4     diag
    7      0.105D-04      0.500D-05      -204.60907254    391.594429    0.15540   -2.61242    0.00000    6      3.7     37.1     diag
    8      0.343D-05      0.142D-05      -204.60907259    391.594646    0.15524   -2.61261    0.00000    7      4.2     41.4     diag
    9      0.104D-05      0.177D-06      -204.60907259    391.594440    0.15526   -2.61260   -0.00000    0      3.5     44.9     orth

 Final occupancy:  16

 !RHF STATE 1.1 Energy               -204.609072586943
 Nuclear energy                       133.32898411
 One-electron energy                 -533.73527653
 Two-electron energy                  195.79721983
 Virial quotient                       -1.00228952
 !RHF STATE 1.1 Dipole moment           0.15525831    -2.61260081    -0.00000000
 Dipole moment /Debye                   0.39460141    -6.64013398    -0.00000000

 Orbital energies:

         1.1          2.1          3.1          4.1          5.1          6.1          7.1          8.1          9.1         10.1
    -15.808162   -15.808132   -15.794518   -11.605433    -1.552577    -1.400756    -1.400511    -1.063622    -0.991190    -0.962934

        11.1         12.1         13.1         14.1         15.1         16.1         17.1         18.1
     -0.875425    -0.858585    -0.857358    -0.812672    -0.642125    -0.636421    -0.107669    -0.083372

 HOMO     16.1    -0.636421 =     -17.3179eV
 LUMO     17.1    -0.107669 =      -2.9298eV
 LUMO-HOMO         0.528752 =      14.3881eV


 **********************************************************************************************************************************
 DATASETS  * FILE   NREC   LENGTH (MB)   RECORD NAMES
              1      19       37.19       500      610      700      900      950      970     1000      129      960     1100   
                                          VAR    BASINP    GEOM    SYMINP    ZMAT    AOBASIS   BASIS     P2S    ABASIS      S 
                                         1400     1410     1200     1210     1080     1600     1650     1700      960(1)
                                           T        V       H0       H01     AOSYM     SMH    MOLCAS    OPER    ABASIS    

              2       5       52.41       700     1000      520     2100     2101   
                                         GEOM     BASIS   MCVARS     RHF      RHF  

 PROGRAMS   *        TOTAL        HF       INT       MP2        HF       INT
 CPU TIMES  *       134.02     46.10      2.41     12.79     69.72      2.80
 REAL TIME  *       296.43 SEC
 DISK USED  *         1.70 GB      
 SF USED    *       902.12 MB      
 GA USED    *         3.20 MB       (max)       0.00 MB       (current)
 **********************************************************************************************************************************
 SETTING E_RHF_A        =    ***************  KCAL/MOL                        


1PROGRAM * MP2 (Closed-shell)     Authors: C. Hampel, H.-J. Werner, 1991, M. Deegan, P.J. Knowles, 1992

 Basis set AUG-CC-PVQZ/MP2FIT generated. Number of basis functions:   1754 

 Convergence thresholds:  THRVAR = 1.00D-08  THRDEN = 1.00D-06

 Number of core orbitals:           4 (   4 )
 Number of closed-shell orbitals:  12 (  12 )
 Number of external orbitals:     882 ( 882 )

 Molecular orbitals read from record     2101.2  Type=RHF/CANONICAL (state 1.1)
 

 Entering DF-MP2

 Thresholds:    THRAO= 0.100D-09    THRMO= 0.100D-08    THROV= 0.100D-11

 Fitting basis: AUG-CC-PVQZ-MP2F
 Number of fitting functions:                1754
 Number of blocks in AO basis:                  6
 Minimum block size:                           80
 Maximum block size:                          218
 Average block size:                          150
 Number of groups in AO basis:                177
 Number of shells in AO basis:                327

 Using large memory version DFMP2B. NIBTK= 1  NGPU= 0  IGPU= 0

 para=T  nprocs= 12  mpptyp=0  number of tasks=  29

 Minimum memory with paging:                  6.83 MW
 Minimum memory for incore assembly:         19.34 MW
 Maximum memory for incore algorithm:        22.73 MW
 Memory for 3-index integrals:                0.00 MW

 Disk space for H1-integrals:               152.22 MB (   348 records)
 
 CPU time for half transformed integrals      2.48 sec, elapsed time      2.49 sec
 CPU time for assembly                        2.27 sec, elapsed time      3.07 sec (7233.7 MFLOP/sec)
 Total CPU time                               7.85 sec, elapsed time      8.67 sec

 SCS-MP2 correlation energy:           -0.832553730054   (PS=  1.200000  PT=  0.333333)
 SCS-MP2 total energy:               -205.441626316985

 Norm of first-order wave function:     0.164632687708
 Coefficient of reference function:     0.926628198821

  Reference energy                   -204.609072586931
  MP2 singlet pair energy              -0.539709547828
  MP2 triplet pair energy              -0.297164366776
  MP2 correlation energy               -0.836873914604

 !MP2 total energy                   -205.445946501535


 **********************************************************************************************************************************
 DATASETS  * FILE   NREC   LENGTH (MB)   RECORD NAMES
              1      19       37.19       500      610      700      900      950      970     1000      129      960     1100   
                                          VAR    BASINP    GEOM    SYMINP    ZMAT    AOBASIS   BASIS     P2S    ABASIS      S 
                                         1400     1410     1200     1210     1080     1600     1650     1700      960(1)
                                           T        V       H0       H01     AOSYM     SMH    MOLCAS    OPER    ABASIS    

              2       5       52.41       700     1000      520     2100     2101   
                                         GEOM     BASIS   MCVARS     RHF      RHF  

 PROGRAMS   *        TOTAL       MP2        HF       INT       MP2        HF       INT
 CPU TIMES  *       143.95      9.93     46.10      2.41     12.79     69.72      2.80
 REAL TIME  *       308.02 SEC
 DISK USED  *         1.70 GB      
 SF USED    *       902.12 MB      
 GA USED    *         3.20 MB       (max)       0.00 MB       (current)
 **********************************************************************************************************************************
 SETTING E_CORR_A       =    ***************  KCAL/MOL                        
 SETTING E_A            =      -525.14641540  KCAL/MOL                        
 SETTING CHARGE         =        -1.00000000                                  

 Dummy atoms: C0  N1  N2  N3  H4  H5  H6  H7  H8  H9


 Recomputing one-electron integrals since nuclear charges changed

1PROGRAM * SEWARD (Integral evaluation for generally contracted gaussian basis sets)     Author: Roland Lindh, 1990

 Geometry written to block  1 of record 700


 Point group  C1  



 ATOMIC COORDINATES

 NR  ATOM    CHARGE       X              Y              Z

   1  C0      0.00    0.046244892   -2.814527073    0.000000000
   2  N1      0.00    0.491900975   -1.619254642   -2.146626761
   3  N2      0.00   -0.896199582   -5.214970690    0.000000000
   4  N3      0.00    0.491900975   -1.619254642    2.146626761
   5  H4      0.00   -0.646455762   -6.218779757    1.593317234
   6  H5      0.00   -0.646455762   -6.218779757   -1.593317234
   7  H6      0.00   -0.039777970   -2.407598464   -3.788861182
   8  H7      0.00    0.914964482    0.367635813   -1.926240532
   9  H8      0.00   -0.039777970   -2.407598464    3.788861182
  10  H9      0.00    0.914964482    0.367635813    1.926240532
  11  C10     6.00   -2.106729184   10.485635463    0.000000000
  12  H11     1.00   -3.094999319    8.671513231    0.000000000
  13  H12     1.00   -2.711233746   11.532670611   -1.663988612
  14  S13    16.00    1.320086787   10.067063869    0.000000000
  15  H14     1.00   -2.711233746   11.532670611    1.663988612

 Bond lengths in Bohr (Angstrom)

 1-2  2.497056663  1-3  2.578823597  1-4  2.497056663  2-7  1.897657076  2-8  2.043351780
     ( 1.321385476)     ( 1.364654674)     ( 1.321385476)     ( 1.004196875)     ( 1.081295192)

  3- 5  1.899648501   3- 6  1.899648501   4- 9  1.897657076   4-10  2.043351780  11-12  2.065845427
       ( 1.005250692)       ( 1.005250692)       ( 1.004196875)       ( 1.081295192)       ( 1.093198317)

 11-13  2.056834089  11-14  3.452284734  11-15  2.056834089
       ( 1.088429722)       ( 1.826870400)       ( 1.088429722)

 Bond angles

  1-2-7  119.67596989   1-2-8  114.18463931   1-3-5  116.34794645   1-3-6  116.34794645

  1- 4- 9  119.67596989   1- 4-10  114.18463931   2- 1- 3  120.71619651   2- 1- 4  118.55748970

  3- 1- 4  120.71619651   5- 3- 6  114.01528015   7- 2- 8  123.73123688   9- 4-10  123.73123688

 12-11-13  107.84398771  12-11-14  111.61604867  12-11-15  107.84398771  13-11-14  110.69861163

 13-11-15  107.99761903  14-11-15  110.69861163

 NUCLEAR CHARGE:                   25
 NUMBER OF PRIMITIVE AOS:        1240
 NUMBER OF SYMMETRY AOS:         1009
 NUMBER OF CONTRACTIONS:          898   ( 898A   )
 NUMBER OF CORE ORBITALS:           6   (   6A   )
 NUMBER OF VALENCE ORBITALS:       11   (  11A   )

 MOLECULE CHANGED: INITIALIZING OCCUPATION AND DUMP RECORDS


 NUCLEAR REPULSION ENERGY   47.85754981


 Eigenvalues of metric

         1 0.612E-05 0.717E-05 0.765E-05 0.975E-05 0.119E-04 0.134E-04 0.144E-04 0.167E-04


 OPERATOR DM      FOR CENTER  0  COORDINATES:    0.000000    0.000000    0.000000


 **********************************************************************************************************************************
 DATASETS  * FILE   NREC   LENGTH (MB)   RECORD NAMES
              1      19       37.19       500      610      700      900      950      970     1000      129      960     1100   
                                          VAR    BASINP    GEOM    SYMINP    ZMAT    AOBASIS   BASIS     P2S    ABASIS      S 
                                         1400     1410     1200     1210     1080     1600     1650     1700      960(1)
                                           T        V       H0       H01     AOSYM     SMH    MOLCAS    OPER    ABASIS    

              2       5       52.41       700     1000      520     2100     2101   
                                         GEOM     BASIS   MCVARS     RHF      RHF  

 PROGRAMS   *        TOTAL       INT       MP2        HF       INT       MP2        HF       INT
 CPU TIMES  *       146.35      2.40      9.93     46.10      2.41     12.79     69.72      2.80
 REAL TIME  *       312.11 SEC
 DISK USED  *         1.70 GB      
 SF USED    *       902.12 MB      
 GA USED    *         3.20 MB       (max)       0.00 MB       (current)
 **********************************************************************************************************************************

1PROGRAM * RHF-SCF (CLOSED SHELL)       Authors: W. Meyer, H.-J. Werner


 NUMBER OF ELECTRONS:      13+   13-    SPACE SYMMETRY=1    SPIN SYMMETRY: Singlet 
 CONVERGENCE THRESHOLDS:    1.00E-05 (Density)    1.00E-07 (Energy)
 INTEGRAL THRESHOLDS:       1.00E-11 (Initial)    1.00E-11 (Final)
 MAX. NUMBER OF ITERATIONS:       60
 INTERPOLATION TYPE:            DIIS
 INTERPOLATION STEPS:              2 (START)      1 (STEP)
 LEVEL SHIFTS:                  0.00 (CLOSED)  0.00 (OPEN) 



 
 Basis set CC-PVQZ/JKFIT generated.      Number of basis functions:   1137 
 
 Orbital guess generated from atomic densities. Full valence occupancy:   17
 Coulomb and exchange fitting
 Thresholds for fitting:       THRAO_COUL= 1.0D-14    THRAO_EXCH= 1.0D-12    THRMO= 1.0D-11    THRPROD= 1.0D-11    THRASM= 1.0D-11
                               THR2HLF=    1.0D-11

 Molecular orbital dump at record        2102.2

 ITERATION   DDIFF            GRAD            ENERGY        2-EL.EN.            DIPOLE MOMENTS         DIIS   CPU(IT)  CPU(TOT)  ORB.
    1      0.000D+00      0.000D+00      -437.12004374    445.394852   -1.88125   -9.99766   -0.00000    0      4.0     15.0     start
    2      0.000D+00      0.171D-02      -437.17256238    435.856894   -1.19405  -10.07487    0.00000    1      3.5     18.6     diag
    3      0.165D-02      0.849D-03      -437.18108264    438.675855   -1.36077  -10.05765    0.00000    2      3.4     22.0     diag
    4      0.697D-03      0.147D-03      -437.18177464    438.514947   -1.38728  -10.05477    0.00000    3      3.7     25.7     diag
    5      0.122D-03      0.413D-04      -437.18184434    438.500478   -1.38902  -10.05492    0.00000    4      3.4     29.1     diag
    6      0.448D-04      0.108D-04      -437.18184902    438.488528   -1.39248  -10.05459   -0.00000    5      3.4     32.5     diag
    7      0.207D-04      0.366D-05      -437.18184955    438.491637   -1.39173  -10.05472    0.00000    6      3.3     35.8     diag
    8      0.780D-05      0.149D-05      -437.18184961    438.491026   -1.39179  -10.05472    0.00000    7      3.7     39.4     diag
    9      0.297D-05      0.339D-06      -437.18184962    438.490993   -1.39163  -10.05474   -0.00000    0      3.6     43.0     orth

 Final occupancy:  13

 !RHF STATE 1.1 Energy               -437.181849615036
 Nuclear energy                        47.85754981
 One-electron energy                 -704.28489583
 Two-electron energy                  219.24549640
 Virial quotient                       -1.00002764
 !RHF STATE 1.1 Dipole moment          -1.39163402   -10.05474433    -0.00000000
 Dipole moment /Debye                  -3.53694920   -25.55493708    -0.00000000

 Orbital energies:

         1.1          2.1          3.1          4.1          5.1          6.1          7.1          8.1          9.1         10.1
    -91.660327   -11.043644    -8.661059    -6.342989    -6.341296    -6.341295    -0.782952    -0.577401    -0.374524    -0.373106

        11.1         12.1         13.1         14.1         15.1
     -0.232493    -0.083008    -0.082859     0.075667     0.092292

 HOMO     13.1    -0.082859 =      -2.2547eV
 LUMO     14.1     0.075667 =       2.0590eV
 LUMO-HOMO         0.158526 =       4.3137eV


 **********************************************************************************************************************************
 DATASETS  * FILE   NREC   LENGTH (MB)   RECORD NAMES
              1      19       37.19       500      610      700      900      950      970     1000      129      960     1100   
                                          VAR    BASINP    GEOM    SYMINP    ZMAT    AOBASIS   BASIS     P2S    ABASIS      S 
                                         1400     1410     1200     1210     1080     1600     1650     1700      960(1)
                                           T        V       H0       H01     AOSYM     SMH    MOLCAS    OPER    ABASIS    

              2       6       84.75       700     1000      520     2100     2101     2102   
                                         GEOM     BASIS   MCVARS     RHF      RHF      RHF  

 PROGRAMS   *        TOTAL        HF       INT       MP2        HF       INT       MP2        HF       INT
 CPU TIMES  *       190.48     44.12      2.40      9.93     46.10      2.41     12.79     69.72      2.80
 REAL TIME  *       460.41 SEC
 DISK USED  *         2.09 GB      
 SF USED    *       902.12 MB      
 GA USED    *         3.20 MB       (max)       0.00 MB       (current)
 **********************************************************************************************************************************
 SETTING E_RHF_B        =    ***************  KCAL/MOL                        


1PROGRAM * MP2 (Closed-shell)     Authors: C. Hampel, H.-J. Werner, 1991, M. Deegan, P.J. Knowles, 1992

 Basis set AUG-CC-PVQZ/MP2FIT generated. Number of basis functions:   1754 

 Convergence thresholds:  THRVAR = 1.00D-08  THRDEN = 1.00D-06

 Number of core orbitals:           6 (   6 )
 Number of closed-shell orbitals:   7 (   7 )
 Number of external orbitals:     885 ( 885 )

 Molecular orbitals read from record     2102.2  Type=RHF/CANONICAL (state 1.1)
 

 Entering DF-MP2

 Thresholds:    THRAO= 0.100D-09    THRMO= 0.100D-08    THROV= 0.100D-11

 Fitting basis: AUG-CC-PVQZ-MP2F
 Number of fitting functions:                1754
 Number of blocks in AO basis:                  6
 Minimum block size:                           80
 Maximum block size:                          218
 Average block size:                          150
 Number of groups in AO basis:                177
 Number of shells in AO basis:                327

 Using large memory version DFMP2B. NIBTK= 1  NGPU= 0  IGPU= 0

 para=T  nprocs= 12  mpptyp=0  number of tasks=  29

 Minimum memory with paging:                  6.85 MW
 Minimum memory for incore assembly:         11.65 MW
 Maximum memory for incore algorithm:        14.80 MW
 Memory for 3-index integrals:                0.00 MW

 Disk space for H1-integrals:                88.79 MB (   203 records)
 
 CPU time for half transformed integrals      2.29 sec, elapsed time      2.31 sec
 CPU time for assembly                        0.93 sec, elapsed time      1.05 sec (5925.6 MFLOP/sec)
 Total CPU time                               6.28 sec, elapsed time      6.45 sec

 SCS-MP2 correlation energy:           -0.406265330496   (PS=  1.200000  PT=  0.333333)
 SCS-MP2 total energy:               -437.588114945535

 Norm of first-order wave function:     0.115105740996
 Coefficient of reference function:     0.946982545153

  Reference energy                   -437.181849615039
  MP2 singlet pair energy              -0.270391758286
  MP2 triplet pair energy              -0.131456604459
  MP2 correlation energy               -0.401848362745

 !MP2 total energy                   -437.583697977785


 **********************************************************************************************************************************
 DATASETS  * FILE   NREC   LENGTH (MB)   RECORD NAMES
              1      19       37.19       500      610      700      900      950      970     1000      129      960     1100   
                                          VAR    BASINP    GEOM    SYMINP    ZMAT    AOBASIS   BASIS     P2S    ABASIS      S 
                                         1400     1410     1200     1210     1080     1600     1650     1700      960(1)
                                           T        V       H0       H01     AOSYM     SMH    MOLCAS    OPER    ABASIS    

              2       6       84.75       700     1000      520     2100     2101     2102   
                                         GEOM     BASIS   MCVARS     RHF      RHF      RHF  

 PROGRAMS   *        TOTAL       MP2        HF       INT       MP2        HF       INT       MP2        HF       INT
 CPU TIMES  *       198.75      8.27     44.12      2.40      9.93     46.10      2.41     12.79     69.72      2.80
 REAL TIME  *       469.64 SEC
 DISK USED  *         2.09 GB      
 SF USED    *       902.12 MB      
 GA USED    *         3.20 MB       (max)       0.00 MB       (current)
 **********************************************************************************************************************************
 SETTING E_CORR_B       =    ***************  KCAL/MOL                        
 SETTING E_B            =      -252.16370537  KCAL/MOL                        
 SETTING E_RHF_CP       =       -53.55423381  KCAL/MOL                        
 SETTING E_CORR_CP      =        -0.77598809  KCAL/MOL                        

        DF-MP2          DF-HF           DF-MP2          DF-HF           DF-MP2          DF-HF   
   -437.58369798   -437.18184962   -205.44594650   -204.60907259   -643.11622518   -641.87626629
 **********************************************************************************************************************************
 Variable memory released
