
 Primary working directories    : /scratch/1723320.phoenix.chem.wisc.edu
 Secondary working directories  : /scratch/1723320.phoenix.chem.wisc.edu
 Wavefunction directory         : /scratch/1723320.phoenix.chem.wisc.edu/
 Main file repository           : /scratch/1723320.phoenix.chem.wisc.edu/

 SHA1      : 65e45729fe3f963b0eb97374e3bda9949063ef0f
 NAME      : 2012.1.17
 ARCHNAME  : Linux/x86_64
 FC        : /opt/intel/composer_xe_2013.5.192/bin/intel64/ifort
 FCVERSION : 13.1.3
 BLASLIB   : -L/opt/intel/composer_xe_2013.5.192/mkl/lib/intel64 -lmkl_intel_ilp64 -lmkl_sequential -lmkl_core
 id        : cuichemwisc

 Nodes             nprocs
 compute-1-34.local   12
 ga_uses_ma=false, calling ma_init with nominal heap.
 GA-space will be limited to   8.0 MW (determined by -G option)

 Using customized tuning parameters: mindgm=1; mindgv=20; mindgc=4; mindgr=1; noblas=0; minvec=7
 default implementation of scratch files=sf  

 geomtyp=xyz
 geometry={
 15
  C0          0.024471742900      -1.489383581400       0.000000000000
  N1          0.260302785000      -0.856872652000      -1.135945958000
  N2         -0.474248393600      -2.759643634900       0.000000000000
  N3          0.260302785000      -0.856872652000       1.135945958000
  H4         -0.342089655800      -3.290836515200       0.843147167100
  H5         -0.342089655800      -3.290836515200      -0.843147167100
  H6         -0.021049595400      -1.274046235800      -2.004978985800
  H7          0.484178351000       0.194544493200      -1.019322588700
  H8         -0.021049595400      -1.274046235800       2.004978985800
  H9          0.484178351000       0.194544493200       1.019322588700
  C10        -1.154243097066       1.932318945641       0.000000000000
  H11        -1.677213128566       0.972326806441       0.000000000000
  H12        -1.474133133766       2.486386083341      -0.880544849600
  S13         0.659149814534       1.710820397741       0.000000000000
  H14        -1.474133133766       2.486386083341       0.880544849600
 }
 
 
 basis=avqz
 
                                                                                 ! Complex
 set,charge=0
 
 df-hf
 e_rhf_c = energy*tokcal
 df-mp2
 e_corr_c = energy*tokcal
 e_c = e_corr_c - e_rhf_c
 
 
                                                                                 ! Monomer 1
 set,charge=1
 dummy,C10,H11,H12,S13,H14
 
 df-hf
 e_rhf_a = energy*tokcal
 df-mp2
 e_corr_a = energy*tokcal
 e_a = e_corr_a - e_rhf_a
 
 
                                                                                 ! Monomer 2
 set,charge=-1
 dummy,C0,N1,N2,N3,H4,H5,H6,H7,H8,H9
 
 df-hf
 e_rhf_b = energy*tokcal
 df-mp2
 e_corr_b = energy*tokcal
 e_b = e_corr_b - e_rhf_b
 
 
 e_rhf_cp = e_rhf_c - (e_rhf_a + e_rhf_b)
 e_corr_cp = e_c - (e_a + e_b)

 Variables initialized (782), CPU time= 0.01 sec
 Commands  initialized (547), CPU time= 0.01 sec, 517 directives.
 Default parameters read. Elapsed time= 0.13 sec

 Checking input...
 Passed
1


                                         ***  PROGRAM SYSTEM MOLPRO  ***
                         Copyright, University College Cardiff Consultants Limited, 2008

                                    Version 2012.1 linked Oct 11 2014 15:40:16


 **********************************************************************************************************************************
 LABEL *                                                                                 
 Linux-2.6.18-308.el5/compute-1-34.local(x86_64) 64 bit mpp version                      DATE: 11-Dec-14          TIME: 20:43:35  
 **********************************************************************************************************************************

 SHA1:             65e45729fe3f963b0eb97374e3bda9949063ef0f
 **********************************************************************************************************************************
 SETTING GEOMTYP        =    XYZ

 Turning off symmetry in density fitting calculation
 To re-enable, use 'set,zsymel=auto'


 Variable memory set to  350000000 words,  buffer space   230000 words

 SETTING BASIS          =    AVQZ
 SETTING CHARGE         =         0.00000000                                  


 Recomputing integrals since basis changed


 Using spherical harmonics

 Library entry C      S aug-cc-pVQZ          selected for orbital group  1
 Library entry C      P aug-cc-pVQZ          selected for orbital group  1
 Library entry C      D aug-cc-pVQZ          selected for orbital group  1
 Library entry C      F aug-cc-pVQZ          selected for orbital group  1
 Library entry C      G aug-cc-pVQZ          selected for orbital group  1
 Library entry N      S aug-cc-pVQZ          selected for orbital group  2
 Library entry N      P aug-cc-pVQZ          selected for orbital group  2
 Library entry N      D aug-cc-pVQZ          selected for orbital group  2
 Library entry N      F aug-cc-pVQZ          selected for orbital group  2
 Library entry N      G aug-cc-pVQZ          selected for orbital group  2
 Library entry H      S aug-cc-pVQZ          selected for orbital group  3
 Library entry H      P aug-cc-pVQZ          selected for orbital group  3
 Library entry H      D aug-cc-pVQZ          selected for orbital group  3
 Library entry H      F aug-cc-pVQZ          selected for orbital group  3
 Library entry S      S aug-cc-pVQZ          selected for orbital group  6
 Library entry S      P aug-cc-pVQZ          selected for orbital group  6
 Library entry S      D aug-cc-pVQZ          selected for orbital group  6
 Library entry S      F aug-cc-pVQZ          selected for orbital group  6
 Library entry S      G aug-cc-pVQZ          selected for orbital group  6

1PROGRAM * SEWARD (Integral evaluation for generally contracted gaussian basis sets)     Author: Roland Lindh, 1990

 Geometry written to block  1 of record 700


 Point group  C1  



 ATOMIC COORDINATES

 NR  ATOM    CHARGE       X              Y              Z

   1  C0      6.00    0.046244892   -2.814527073    0.000000000
   2  N1      7.00    0.491900975   -1.619254642   -2.146626761
   3  N2      7.00   -0.896199582   -5.214970690    0.000000000
   4  N3      7.00    0.491900975   -1.619254642    2.146626761
   5  H4      1.00   -0.646455762   -6.218779757    1.593317234
   6  H5      1.00   -0.646455762   -6.218779757   -1.593317234
   7  H6      1.00   -0.039777970   -2.407598464   -3.788861182
   8  H7      1.00    0.914964482    0.367635813   -1.926240532
   9  H8      1.00   -0.039777970   -2.407598464    3.788861182
  10  H9      1.00    0.914964482    0.367635813    1.926240532
  11  C10     6.00   -2.181203343    3.651553606    0.000000000
  12  H11     1.00   -3.169473477    1.837431374    0.000000000
  13  H12     1.00   -2.785707904    4.698588754   -1.663988612
  14  S13    16.00    1.245612629    3.232982012    0.000000000
  15  H14     1.00   -2.785707904    4.698588754    1.663988612

 Bond lengths in Bohr (Angstrom)

 1-2  2.497056663  1-3  2.578823597  1-4  2.497056663  2-7  1.897657076  2-8  2.043351780
     ( 1.321385476)     ( 1.364654674)     ( 1.321385476)     ( 1.004196875)     ( 1.081295192)

  3- 5  1.899648501   3- 6  1.899648501   4- 9  1.897657076   4-10  2.043351780   8-14  3.468420336
       ( 1.005250692)       ( 1.005250692)       ( 1.004196875)       ( 1.081295192)       ( 1.835408993)

 10-14  3.468420336  11-12  2.065845427  11-13  2.056834089  11-14  3.452284734  11-15  2.056834089
       ( 1.835408993)       ( 1.093198317)       ( 1.088429722)       ( 1.826870400)       ( 1.088429722)

 Bond angles

  1-2-7  119.67596989   1-2-8  114.18463931   1-3-5  116.34794645   1-3-6  116.34794645

  1- 4- 9  119.67596989   1- 4-10  114.18463931   2- 1- 3  120.71619651   2- 1- 4  118.55748970

  2- 8-14  151.99831849   3- 1- 4  120.71619651   4-10-14  151.99831849   5- 3- 6  114.01528015

  7- 2- 8  123.73123688   8-14-10   67.47176806   8-14-11   90.31716355   9- 4-10  123.73123688

 10-14-11   90.31716355  12-11-13  107.84398771  12-11-14  111.61604867  12-11-15  107.84398771

 13-11-14  110.69861163  13-11-15  107.99761903  14-11-15  110.69861163

 NUCLEAR CHARGE:                   58
 NUMBER OF PRIMITIVE AOS:        1240
 NUMBER OF SYMMETRY AOS:         1009
 NUMBER OF CONTRACTIONS:          898   ( 898A   )
 NUMBER OF CORE ORBITALS:          10   (  10A   )
 NUMBER OF VALENCE ORBITALS:       33   (  33A   )


 NUCLEAR REPULSION ENERGY  310.60717667


 Eigenvalues of metric

         1 0.286E-05 0.337E-05 0.417E-05 0.479E-05 0.564E-05 0.664E-05 0.811E-05 0.868E-05


 OPERATOR DM      FOR CENTER  0  COORDINATES:    0.000000    0.000000    0.000000


 **********************************************************************************************************************************
 DATASETS  * FILE   NREC   LENGTH (MB)   RECORD NAMES
              1      18       37.12       500      610      700      900      950      970     1000      129      960     1100   
                                          VAR    BASINP    GEOM    SYMINP    ZMAT    AOBASIS   BASIS     P2S    ABASIS      S 
                                         1400     1410     1200     1210     1080     1600     1650     1700   
                                           T        V       H0       H01     AOSYM     SMH    MOLCAS    OPER   

 PROGRAMS   *        TOTAL       INT
 CPU TIMES  *         3.05      2.91
 REAL TIME  *         3.45 SEC
 DISK USED  *         0.00 MB      
 GA USED    *         0.02 MB       (max)       0.00 MB       (current)
 **********************************************************************************************************************************

1PROGRAM * RHF-SCF (CLOSED SHELL)       Authors: W. Meyer, H.-J. Werner


 NUMBER OF ELECTRONS:      29+   29-    SPACE SYMMETRY=1    SPIN SYMMETRY: Singlet 
 CONVERGENCE THRESHOLDS:    1.00E-05 (Density)    1.16E-07 (Energy)
 INTEGRAL THRESHOLDS:       1.00E-12 (Initial)    1.00E-12 (Final)
 MAX. NUMBER OF ITERATIONS:       60
 INTERPOLATION TYPE:            DIIS
 INTERPOLATION STEPS:              2 (START)      1 (STEP)
 LEVEL SHIFTS:                  0.00 (CLOSED)  0.00 (OPEN) 



 
 Basis set CC-PVQZ/JKFIT generated.      Number of basis functions:   1137 
 
 Orbital guess generated from atomic densities. Full valence occupancy:   43
 Coulomb and exchange fitting
 Thresholds for fitting:       THRAO_COUL= 1.0D-15    THRAO_EXCH= 1.0D-13    THRMO= 1.0D-12    THRPROD= 1.0D-12    THRASM= 1.0D-12
                               THR2HLF=    1.0D-12

 Molecular orbital dump at record        2100.2

 ITERATION   DDIFF            GRAD            ENERGY        2-EL.EN.            DIPOLE MOMENTS         DIIS   CPU(IT)  CPU(TOT)  ORB.
    1      0.000D+00      0.000D+00      -641.86523847   1096.370105   -1.42673   -4.48167   -0.00000    0      4.7     14.7     start
    2      0.000D+00      0.172D-02      -641.94616477   1090.842036   -0.75570   -3.40258   -0.00000    1      4.6     19.4     diag
    3      0.162D-02      0.632D-03      -641.95625447   1092.729244   -0.95894   -3.54309   -0.00000    2      5.6     24.9     diag
    4      0.595D-03      0.213D-03      -641.95776577   1092.583884   -0.93135   -3.51081   -0.00000    3      4.4     29.3     diag
    5      0.165D-03      0.499D-04      -641.95788102   1092.449102   -0.92688   -3.50280   -0.00000    4      4.5     33.7     diag
    6      0.508D-04      0.184D-04      -641.95789811   1092.471407   -0.92519   -3.50390   -0.00000    5      4.2     38.0     diag
    7      0.212D-04      0.570D-05      -641.95790004   1092.472086   -0.92533   -3.50486   -0.00000    6      4.2     42.2     diag
    8      0.667D-05      0.179D-05      -641.95790024   1092.468007   -0.92457   -3.50494   -0.00000    7      4.1     46.3     diag
    9      0.228D-05      0.577D-06      -641.95790026   1092.469544   -0.92447   -3.50501   -0.00000    8      4.7     51.0     diag
   10      0.786D-06      0.134D-06      -641.95790026   1092.469133   -0.92441   -3.50504    0.00000    0      4.6     55.6     orth

 Final occupancy:  29

 !RHF STATE 1.1 Energy               -641.957900256775
 Nuclear energy                       310.60717667
 One-electron energy                -1498.79964338
 Two-electron energy                  546.23456645
 Virial quotient                       -1.00008853
 !RHF STATE 1.1 Dipole moment          -0.92441388    -3.50504033     0.00000000
 Dipole moment /Debye                  -2.34947183    -8.90834040     0.00000000

 Orbital energies:

         1.1          2.1          3.1          4.1          5.1          6.1          7.1          8.1          9.1         10.1
    -91.835677   -15.626726   -15.582479   -15.582453   -11.407683   -11.204532    -8.841687    -6.523264    -6.522161    -6.521900

        11.1         12.1         13.1         14.1         15.1         16.1         17.1         18.1         19.1         20.1
     -1.357583    -1.220646    -1.193947    -0.962958    -0.872276    -0.808781    -0.779938    -0.767389    -0.678195    -0.668886

        21.1         22.1         23.1         24.1         25.1         26.1         27.1         28.1         29.1         30.1
     -0.653542    -0.618060    -0.534438    -0.534257    -0.464051    -0.422850    -0.412213    -0.283667    -0.283018     0.005356

        31.1
      0.021291

 HOMO     29.1    -0.283018 =      -7.7013eV
 LUMO     30.1     0.005356 =       0.1458eV
 LUMO-HOMO         0.288374 =       7.8471eV


 **********************************************************************************************************************************
 DATASETS  * FILE   NREC   LENGTH (MB)   RECORD NAMES
              1      18       37.12       500      610      700      900      950      970     1000      129      960     1100   
                                          VAR    BASINP    GEOM    SYMINP    ZMAT    AOBASIS   BASIS     P2S    ABASIS      S 
                                         1400     1410     1200     1210     1080     1600     1650     1700   
                                           T        V       H0       H01     AOSYM     SMH    MOLCAS    OPER   

              2       4       20.06       700     1000      520     2100   
                                         GEOM     BASIS   MCVARS     RHF  

 PROGRAMS   *        TOTAL        HF       INT
 CPU TIMES  *        59.96     56.89      2.91
 REAL TIME  *       128.98 SEC
 DISK USED  *         1.35 GB      
 SF USED    *       254.96 MB      
 GA USED    *         3.20 MB       (max)       0.00 MB       (current)
 **********************************************************************************************************************************
 SETTING E_RHF_C        =    ***************  KCAL/MOL                        


1PROGRAM * MP2 (Closed-shell)     Authors: C. Hampel, H.-J. Werner, 1991, M. Deegan, P.J. Knowles, 1992

 Basis set AUG-CC-PVQZ/MP2FIT generated. Number of basis functions:   1754 

 Convergence thresholds:  THRVAR = 1.00D-08  THRDEN = 1.16D-06

 Number of core orbitals:          10 (  10 )
 Number of closed-shell orbitals:  19 (  19 )
 Number of external orbitals:     869 ( 869 )

 Molecular orbitals read from record     2100.2  Type=RHF/CANONICAL (state 1.1)
 

 Entering DF-MP2

 Thresholds:    THRAO= 0.100D-09    THRMO= 0.100D-08    THROV= 0.100D-11

 Fitting basis: AUG-CC-PVQZ-MP2F
 Number of fitting functions:                1754
 Number of blocks in AO basis:                  6
 Minimum block size:                           80
 Maximum block size:                          218
 Average block size:                          150
 Number of groups in AO basis:                177
 Number of shells in AO basis:                327

 Using large memory version DFMP2B. NIBTK= 1  NGPU= 0  IGPU= 0

 para=T  nprocs= 12  mpptyp=0  number of tasks=  29

 Minimum memory with paging:                  6.79 MW
 Minimum memory for incore assembly:         29.72 MW
 Maximum memory for incore algorithm:        33.83 MW
 Memory for 3-index integrals:                0.00 MW

 Disk space for H1-integrals:               241.01 MB (   551 records)
 
 CPU time for half transformed integrals      2.98 sec, elapsed time      3.03 sec
 CPU time for assembly                        5.00 sec, elapsed time      6.60 sec (7970.0 MFLOP/sec)
 Total CPU time                              11.03 sec, elapsed time     12.93 sec

 SCS-MP2 correlation energy:           -1.264492830740   (PS=  1.200000  PT=  0.333333)
 SCS-MP2 total energy:               -643.222393087494

 Norm of first-order wave function:     0.282139237006
 Coefficient of reference function:     0.883145793103

  Reference energy                   -641.957900256754
  MP2 singlet pair energy              -0.819302754742
  MP2 triplet pair energy              -0.452136736686
  MP2 correlation energy               -1.271439491428

 !MP2 total energy                   -643.229339748183


 **********************************************************************************************************************************
 DATASETS  * FILE   NREC   LENGTH (MB)   RECORD NAMES
              1      19       37.13       500      610      700      900      950      970     1000      129      960     1100   
                                          VAR    BASINP    GEOM    SYMINP    ZMAT    AOBASIS   BASIS     P2S    ABASIS      S 
                                         1400     1410     1200     1210     1080     1600     1650     1700      960(1)
                                           T        V       H0       H01     AOSYM     SMH    MOLCAS    OPER    ABASIS    

              2       4       20.06       700     1000      520     2100   
                                         GEOM     BASIS   MCVARS     RHF  

 PROGRAMS   *        TOTAL       MP2        HF       INT
 CPU TIMES  *        72.59     12.63     56.89      2.91
 REAL TIME  *       144.91 SEC
 DISK USED  *         1.35 GB      
 SF USED    *       892.34 MB      
 GA USED    *         3.20 MB       (max)       0.00 MB       (current)
 **********************************************************************************************************************************
 SETTING E_CORR_C       =    ***************  KCAL/MOL                        
 SETTING E_C            =      -797.84048668  KCAL/MOL                        
 SETTING CHARGE         =         1.00000000                                  

 Dummy atoms: C10  H11  H12  S13  H14


 Recomputing one-electron integrals since nuclear charges changed

1PROGRAM * SEWARD (Integral evaluation for generally contracted gaussian basis sets)     Author: Roland Lindh, 1990

 Geometry written to block  1 of record 700


 Point group  C1  



 ATOMIC COORDINATES

 NR  ATOM    CHARGE       X              Y              Z

   1  C0      6.00    0.046244892   -2.814527073    0.000000000
   2  N1      7.00    0.491900975   -1.619254642   -2.146626761
   3  N2      7.00   -0.896199582   -5.214970690    0.000000000
   4  N3      7.00    0.491900975   -1.619254642    2.146626761
   5  H4      1.00   -0.646455762   -6.218779757    1.593317234
   6  H5      1.00   -0.646455762   -6.218779757   -1.593317234
   7  H6      1.00   -0.039777970   -2.407598464   -3.788861182
   8  H7      1.00    0.914964482    0.367635813   -1.926240532
   9  H8      1.00   -0.039777970   -2.407598464    3.788861182
  10  H9      1.00    0.914964482    0.367635813    1.926240532
  11  C10     0.00   -2.181203343    3.651553606    0.000000000
  12  H11     0.00   -3.169473477    1.837431374    0.000000000
  13  H12     0.00   -2.785707904    4.698588754   -1.663988612
  14  S13     0.00    1.245612629    3.232982012    0.000000000
  15  H14     0.00   -2.785707904    4.698588754    1.663988612

 Bond lengths in Bohr (Angstrom)

 1-2  2.497056663  1-3  2.578823597  1-4  2.497056663  2-7  1.897657076  2-8  2.043351780
     ( 1.321385476)     ( 1.364654674)     ( 1.321385476)     ( 1.004196875)     ( 1.081295192)

  3- 5  1.899648501   3- 6  1.899648501   4- 9  1.897657076   4-10  2.043351780   8-14  3.468420336
       ( 1.005250692)       ( 1.005250692)       ( 1.004196875)       ( 1.081295192)       ( 1.835408993)

 10-14  3.468420336  11-12  2.065845427  11-13  2.056834089  11-14  3.452284734  11-15  2.056834089
       ( 1.835408993)       ( 1.093198317)       ( 1.088429722)       ( 1.826870400)       ( 1.088429722)

 Bond angles

  1-2-7  119.67596989   1-2-8  114.18463931   1-3-5  116.34794645   1-3-6  116.34794645

  1- 4- 9  119.67596989   1- 4-10  114.18463931   2- 1- 3  120.71619651   2- 1- 4  118.55748970

  2- 8-14  151.99831849   3- 1- 4  120.71619651   4-10-14  151.99831849   5- 3- 6  114.01528015

  7- 2- 8  123.73123688   8-14-10   67.47176806   8-14-11   90.31716355   9- 4-10  123.73123688

 10-14-11   90.31716355  12-11-13  107.84398771  12-11-14  111.61604867  12-11-15  107.84398771

 13-11-14  110.69861163  13-11-15  107.99761903  14-11-15  110.69861163

 NUCLEAR CHARGE:                   33
 NUMBER OF PRIMITIVE AOS:        1240
 NUMBER OF SYMMETRY AOS:         1009
 NUMBER OF CONTRACTIONS:          898   ( 898A   )
 NUMBER OF CORE ORBITALS:           4   (   4A   )
 NUMBER OF VALENCE ORBITALS:       22   (  22A   )

 MOLECULE CHANGED: INITIALIZING OCCUPATION AND DUMP RECORDS


 NUCLEAR REPULSION ENERGY  133.32898411


 Eigenvalues of metric

         1 0.286E-05 0.337E-05 0.417E-05 0.479E-05 0.564E-05 0.664E-05 0.811E-05 0.868E-05


 OPERATOR DM      FOR CENTER  0  COORDINATES:    0.000000    0.000000    0.000000


 **********************************************************************************************************************************
 DATASETS  * FILE   NREC   LENGTH (MB)   RECORD NAMES
              1      19       37.13       500      610      700      900      950      970     1000      129      960     1100   
                                          VAR    BASINP    GEOM    SYMINP    ZMAT    AOBASIS   BASIS     P2S    ABASIS      S 
                                         1400     1410     1200     1210     1080     1600     1650     1700      960(1)
                                           T        V       H0       H01     AOSYM     SMH    MOLCAS    OPER    ABASIS    

              2       4       20.06       700     1000      520     2100   
                                         GEOM     BASIS   MCVARS     RHF  

 PROGRAMS   *        TOTAL       INT       MP2        HF       INT
 CPU TIMES  *        75.21      2.59     12.63     56.89      2.91
 REAL TIME  *       148.33 SEC
 DISK USED  *         1.35 GB      
 SF USED    *       892.34 MB      
 GA USED    *         3.20 MB       (max)       0.00 MB       (current)
 **********************************************************************************************************************************

1PROGRAM * RHF-SCF (CLOSED SHELL)       Authors: W. Meyer, H.-J. Werner


 NUMBER OF ELECTRONS:      16+   16-    SPACE SYMMETRY=1    SPIN SYMMETRY: Singlet 
 CONVERGENCE THRESHOLDS:    1.00E-05 (Density)    1.00E-07 (Energy)
 INTEGRAL THRESHOLDS:       1.00E-12 (Initial)    1.00E-12 (Final)
 MAX. NUMBER OF ITERATIONS:       60
 INTERPOLATION TYPE:            DIIS
 INTERPOLATION STEPS:              2 (START)      1 (STEP)
 LEVEL SHIFTS:                  0.00 (CLOSED)  0.00 (OPEN) 



 
 Basis set CC-PVQZ/JKFIT generated.      Number of basis functions:   1137 
 
 Orbital guess generated from atomic densities. Full valence occupancy:   26
 Coulomb and exchange fitting
 Thresholds for fitting:       THRAO_COUL= 1.0D-15    THRAO_EXCH= 1.0D-13    THRMO= 1.0D-12    THRPROD= 1.0D-12    THRASM= 1.0D-12
                               THR2HLF=    1.0D-12

 Molecular orbital dump at record        2101.2

 ITERATION   DDIFF            GRAD            ENERGY        2-EL.EN.            DIPOLE MOMENTS         DIIS   CPU(IT)  CPU(TOT)  ORB.
    1      0.000D+00      0.000D+00      -204.54989342    390.475313    0.23266   -2.44713   -0.00000    0      3.8     12.9     start
    2      0.000D+00      0.188D-02      -204.60258359    391.701962    0.14346   -2.60472   -0.00000    1      4.1     17.0     diag
    3      0.111D-02      0.605D-03      -204.60801784    391.510769    0.16390   -2.59725   -0.00000    2      4.0     21.0     diag
    4      0.356D-03      0.261D-03      -204.60903856    391.594607    0.15540   -2.60982   -0.00000    3      4.2     25.2     diag
    5      0.121D-03      0.412D-04      -204.60909915    391.598597    0.15586   -2.61136   -0.00000    4      4.2     29.5     diag
    6      0.309D-04      0.133D-04      -204.60910519    391.592776    0.15492   -2.61278   -0.00000    5      4.2     33.6     diag
    7      0.110D-04      0.500D-05      -204.60910575    391.594747    0.15541   -2.61238   -0.00000    6      4.7     38.3     diag
    8      0.352D-05      0.142D-05      -204.60910580    391.594964    0.15525   -2.61258   -0.00000    7      4.3     42.7     diag
    9      0.108D-05      0.177D-06      -204.60910580    391.594758    0.15526   -2.61257    0.00000    0      3.7     46.4     orth

 Final occupancy:  16

 !RHF STATE 1.1 Energy               -204.609105797434
 Nuclear energy                       133.32898411
 One-electron energy                 -533.73546904
 Two-electron energy                  195.79737913
 Virial quotient                       -1.00229006
 !RHF STATE 1.1 Dipole moment           0.15526417    -2.61256907     0.00000000
 Dipole moment /Debye                   0.39461630    -6.64005331     0.00000000

 Orbital energies:

         1.1          2.1          3.1          4.1          5.1          6.1          7.1          8.1          9.1         10.1
    -15.808160   -15.808130   -15.794514   -11.605432    -1.552570    -1.400750    -1.400504    -1.063617    -0.991185    -0.962929

        11.1         12.1         13.1         14.1         15.1         16.1         17.1         18.1
     -0.875419    -0.858581    -0.857354    -0.812669    -0.642123    -0.636418    -0.107685    -0.083395

 HOMO     16.1    -0.636418 =     -17.3178eV
 LUMO     17.1    -0.107685 =      -2.9303eV
 LUMO-HOMO         0.528732 =      14.3875eV


 **********************************************************************************************************************************
 DATASETS  * FILE   NREC   LENGTH (MB)   RECORD NAMES
              1      19       37.19       500      610      700      900      950      970     1000      129      960     1100   
                                          VAR    BASINP    GEOM    SYMINP    ZMAT    AOBASIS   BASIS     P2S    ABASIS      S 
                                         1400     1410     1200     1210     1080     1600     1650     1700      960(1)
                                           T        V       H0       H01     AOSYM     SMH    MOLCAS    OPER    ABASIS    

              2       5       52.41       700     1000      520     2100     2101   
                                         GEOM     BASIS   MCVARS     RHF      RHF  

 PROGRAMS   *        TOTAL        HF       INT       MP2        HF       INT
 CPU TIMES  *       122.49     47.28      2.59     12.63     56.89      2.91
 REAL TIME  *       298.96 SEC
 DISK USED  *         1.70 GB      
 SF USED    *       892.34 MB      
 GA USED    *         3.20 MB       (max)       0.00 MB       (current)
 **********************************************************************************************************************************
 SETTING E_RHF_A        =    ***************  KCAL/MOL                        


1PROGRAM * MP2 (Closed-shell)     Authors: C. Hampel, H.-J. Werner, 1991, M. Deegan, P.J. Knowles, 1992

 Basis set AUG-CC-PVQZ/MP2FIT generated. Number of basis functions:   1754 

 Convergence thresholds:  THRVAR = 1.00D-08  THRDEN = 1.00D-06

 Number of core orbitals:           4 (   4 )
 Number of closed-shell orbitals:  12 (  12 )
 Number of external orbitals:     882 ( 882 )

 Molecular orbitals read from record     2101.2  Type=RHF/CANONICAL (state 1.1)
 

 Entering DF-MP2

 Thresholds:    THRAO= 0.100D-09    THRMO= 0.100D-08    THROV= 0.100D-11

 Fitting basis: AUG-CC-PVQZ-MP2F
 Number of fitting functions:                1754
 Number of blocks in AO basis:                  6
 Minimum block size:                           80
 Maximum block size:                          218
 Average block size:                          150
 Number of groups in AO basis:                177
 Number of shells in AO basis:                327

 Using large memory version DFMP2B. NIBTK= 1  NGPU= 0  IGPU= 0

 para=T  nprocs= 12  mpptyp=0  number of tasks=  29

 Minimum memory with paging:                  6.83 MW
 Minimum memory for incore assembly:         19.34 MW
 Maximum memory for incore algorithm:        22.73 MW
 Memory for 3-index integrals:                0.00 MW

 Disk space for H1-integrals:               152.22 MB (   348 records)
 
 CPU time for half transformed integrals      2.60 sec, elapsed time      2.61 sec
 CPU time for assembly                        2.17 sec, elapsed time      3.03 sec (7567.0 MFLOP/sec)
 Total CPU time                               7.78 sec, elapsed time      8.98 sec

 SCS-MP2 correlation energy:           -0.832890446356   (PS=  1.200000  PT=  0.333333)
 SCS-MP2 total energy:               -205.441996243793

 Norm of first-order wave function:     0.164656049681
 Coefficient of reference function:     0.926618905102

  Reference energy                   -204.609105797437
  MP2 singlet pair energy              -0.539971350031
  MP2 triplet pair energy              -0.297200613726
  MP2 correlation energy               -0.837171963757

 !MP2 total energy                   -205.446277761194


 **********************************************************************************************************************************
 DATASETS  * FILE   NREC   LENGTH (MB)   RECORD NAMES
              1      19       37.19       500      610      700      900      950      970     1000      129      960     1100   
                                          VAR    BASINP    GEOM    SYMINP    ZMAT    AOBASIS   BASIS     P2S    ABASIS      S 
                                         1400     1410     1200     1210     1080     1600     1650     1700      960(1)
                                           T        V       H0       H01     AOSYM     SMH    MOLCAS    OPER    ABASIS    

              2       5       52.41       700     1000      520     2100     2101   
                                         GEOM     BASIS   MCVARS     RHF      RHF  

 PROGRAMS   *        TOTAL       MP2        HF       INT       MP2        HF       INT
 CPU TIMES  *       132.36      9.87     47.28      2.59     12.63     56.89      2.91
 REAL TIME  *       310.71 SEC
 DISK USED  *         1.70 GB      
 SF USED    *       892.34 MB      
 GA USED    *         3.20 MB       (max)       0.00 MB       (current)
 **********************************************************************************************************************************
 SETTING E_CORR_A       =    ***************  KCAL/MOL                        
 SETTING E_A            =      -525.33344411  KCAL/MOL                        
 SETTING CHARGE         =        -1.00000000                                  

 Dummy atoms: C0  N1  N2  N3  H4  H5  H6  H7  H8  H9


 Recomputing one-electron integrals since nuclear charges changed

1PROGRAM * SEWARD (Integral evaluation for generally contracted gaussian basis sets)     Author: Roland Lindh, 1990

 Geometry written to block  1 of record 700


 Point group  C1  



 ATOMIC COORDINATES

 NR  ATOM    CHARGE       X              Y              Z

   1  C0      0.00    0.046244892   -2.814527073    0.000000000
   2  N1      0.00    0.491900975   -1.619254642   -2.146626761
   3  N2      0.00   -0.896199582   -5.214970690    0.000000000
   4  N3      0.00    0.491900975   -1.619254642    2.146626761
   5  H4      0.00   -0.646455762   -6.218779757    1.593317234
   6  H5      0.00   -0.646455762   -6.218779757   -1.593317234
   7  H6      0.00   -0.039777970   -2.407598464   -3.788861182
   8  H7      0.00    0.914964482    0.367635813   -1.926240532
   9  H8      0.00   -0.039777970   -2.407598464    3.788861182
  10  H9      0.00    0.914964482    0.367635813    1.926240532
  11  C10     6.00   -2.181203343    3.651553606    0.000000000
  12  H11     1.00   -3.169473477    1.837431374    0.000000000
  13  H12     1.00   -2.785707904    4.698588754   -1.663988612
  14  S13    16.00    1.245612629    3.232982012    0.000000000
  15  H14     1.00   -2.785707904    4.698588754    1.663988612

 Bond lengths in Bohr (Angstrom)

 1-2  2.497056663  1-3  2.578823597  1-4  2.497056663  2-7  1.897657076  2-8  2.043351780
     ( 1.321385476)     ( 1.364654674)     ( 1.321385476)     ( 1.004196875)     ( 1.081295192)

  3- 5  1.899648501   3- 6  1.899648501   4- 9  1.897657076   4-10  2.043351780   8-14  3.468420336
       ( 1.005250692)       ( 1.005250692)       ( 1.004196875)       ( 1.081295192)       ( 1.835408993)

 10-14  3.468420336  11-12  2.065845427  11-13  2.056834089  11-14  3.452284734  11-15  2.056834089
       ( 1.835408993)       ( 1.093198317)       ( 1.088429722)       ( 1.826870400)       ( 1.088429722)

 Bond angles

  1-2-7  119.67596989   1-2-8  114.18463931   1-3-5  116.34794645   1-3-6  116.34794645

  1- 4- 9  119.67596989   1- 4-10  114.18463931   2- 1- 3  120.71619651   2- 1- 4  118.55748970

  2- 8-14  151.99831849   3- 1- 4  120.71619651   4-10-14  151.99831849   5- 3- 6  114.01528015

  7- 2- 8  123.73123688   8-14-10   67.47176806   8-14-11   90.31716355   9- 4-10  123.73123688

 10-14-11   90.31716355  12-11-13  107.84398771  12-11-14  111.61604867  12-11-15  107.84398771

 13-11-14  110.69861163  13-11-15  107.99761903  14-11-15  110.69861163

 NUCLEAR CHARGE:                   25
 NUMBER OF PRIMITIVE AOS:        1240
 NUMBER OF SYMMETRY AOS:         1009
 NUMBER OF CONTRACTIONS:          898   ( 898A   )
 NUMBER OF CORE ORBITALS:           6   (   6A   )
 NUMBER OF VALENCE ORBITALS:       11   (  11A   )

 MOLECULE CHANGED: INITIALIZING OCCUPATION AND DUMP RECORDS


 NUCLEAR REPULSION ENERGY   47.85754981


 Eigenvalues of metric

         1 0.286E-05 0.337E-05 0.417E-05 0.479E-05 0.564E-05 0.664E-05 0.811E-05 0.868E-05


 OPERATOR DM      FOR CENTER  0  COORDINATES:    0.000000    0.000000    0.000000


 **********************************************************************************************************************************
 DATASETS  * FILE   NREC   LENGTH (MB)   RECORD NAMES
              1      19       37.19       500      610      700      900      950      970     1000      129      960     1100   
                                          VAR    BASINP    GEOM    SYMINP    ZMAT    AOBASIS   BASIS     P2S    ABASIS      S 
                                         1400     1410     1200     1210     1080     1600     1650     1700      960(1)
                                           T        V       H0       H01     AOSYM     SMH    MOLCAS    OPER    ABASIS    

              2       5       52.41       700     1000      520     2100     2101   
                                         GEOM     BASIS   MCVARS     RHF      RHF  

 PROGRAMS   *        TOTAL       INT       MP2        HF       INT       MP2        HF       INT
 CPU TIMES  *       134.85      2.48      9.87     47.28      2.59     12.63     56.89      2.91
 REAL TIME  *       313.91 SEC
 DISK USED  *         1.70 GB      
 SF USED    *       892.34 MB      
 GA USED    *         3.20 MB       (max)       0.00 MB       (current)
 **********************************************************************************************************************************

1PROGRAM * RHF-SCF (CLOSED SHELL)       Authors: W. Meyer, H.-J. Werner


 NUMBER OF ELECTRONS:      13+   13-    SPACE SYMMETRY=1    SPIN SYMMETRY: Singlet 
 CONVERGENCE THRESHOLDS:    1.00E-05 (Density)    1.00E-07 (Energy)
 INTEGRAL THRESHOLDS:       1.00E-12 (Initial)    1.00E-12 (Final)
 MAX. NUMBER OF ITERATIONS:       60
 INTERPOLATION TYPE:            DIIS
 INTERPOLATION STEPS:              2 (START)      1 (STEP)
 LEVEL SHIFTS:                  0.00 (CLOSED)  0.00 (OPEN) 



 
 Basis set CC-PVQZ/JKFIT generated.      Number of basis functions:   1137 
 
 Orbital guess generated from atomic densities. Full valence occupancy:   17
 Coulomb and exchange fitting
 Thresholds for fitting:       THRAO_COUL= 1.0D-15    THRAO_EXCH= 1.0D-13    THRMO= 1.0D-12    THRPROD= 1.0D-12    THRASM= 1.0D-12
                               THR2HLF=    1.0D-12

 Molecular orbital dump at record        2102.2

 ITERATION   DDIFF            GRAD            ENERGY        2-EL.EN.            DIPOLE MOMENTS         DIIS   CPU(IT)  CPU(TOT)  ORB.
    1      0.000D+00      0.000D+00      -437.12006397    445.395521   -1.80679   -3.16351   -0.00000    0      4.2     12.3     start
    2      0.000D+00      0.171D-02      -437.17248260    435.855020   -1.11913   -3.24234   -0.00000    1      4.2     16.4     diag
    3      0.177D-02      0.850D-03      -437.18103008    438.688287   -1.28435   -3.22566   -0.00000    2      3.8     20.3     diag
    4      0.737D-03      0.147D-03      -437.18171574    438.529768   -1.30938   -3.22373   -0.00000    3      4.0     24.2     diag
    5      0.130D-03      0.413D-04      -437.18178473    438.516585   -1.31033   -3.22445   -0.00000    4      3.7     27.9     diag
    6      0.521D-04      0.109D-04      -437.18178945    438.504759   -1.31355   -3.22434   -0.00000    5      3.5     31.5     diag
    7      0.224D-04      0.370D-05      -437.18178998    438.507904   -1.31274   -3.22457   -0.00000    6      3.9     35.4     diag
    8      0.898D-05      0.152D-05      -437.18179005    438.507279   -1.31278   -3.22461   -0.00000    7      4.8     40.1     diag
    9      0.374D-05      0.346D-06      -437.18179006    438.507243   -1.31262   -3.22464   -0.00000    0      4.9     45.1     orth

 Final occupancy:  13

 !RHF STATE 1.1 Energy               -437.181790056751
 Nuclear energy                        47.85754981
 One-electron energy                 -704.29296118
 Two-electron energy                  219.25362131
 Virial quotient                       -1.00002700
 !RHF STATE 1.1 Dipole moment          -1.31262281    -3.22463947    -0.00000000
 Dipole moment /Debye                  -3.33613587    -8.19567918    -0.00000000

 Orbital energies:

         1.1          2.1          3.1          4.1          5.1          6.1          7.1          8.1          9.1         10.1
    -91.659847   -11.043440    -8.660607    -6.342540    -6.340850    -6.340846    -0.782720    -0.577140    -0.374333    -0.372919

        11.1         12.1         13.1         14.1         15.1
     -0.232244    -0.082761    -0.082614     0.096610     0.112669

 HOMO     13.1    -0.082614 =      -2.2480eV
 LUMO     14.1     0.096610 =       2.6289eV
 LUMO-HOMO         0.179224 =       4.8769eV


 **********************************************************************************************************************************
 DATASETS  * FILE   NREC   LENGTH (MB)   RECORD NAMES
              1      19       37.19       500      610      700      900      950      970     1000      129      960     1100   
                                          VAR    BASINP    GEOM    SYMINP    ZMAT    AOBASIS   BASIS     P2S    ABASIS      S 
                                         1400     1410     1200     1210     1080     1600     1650     1700      960(1)
                                           T        V       H0       H01     AOSYM     SMH    MOLCAS    OPER    ABASIS    

              2       6       84.75       700     1000      520     2100     2101     2102   
                                         GEOM     BASIS   MCVARS     RHF      RHF      RHF  

 PROGRAMS   *        TOTAL        HF       INT       MP2        HF       INT       MP2        HF       INT
 CPU TIMES  *       180.83     45.98      2.48      9.87     47.28      2.59     12.63     56.89      2.91
 REAL TIME  *       459.90 SEC
 DISK USED  *         2.09 GB      
 SF USED    *       892.34 MB      
 GA USED    *         3.20 MB       (max)       0.00 MB       (current)
 **********************************************************************************************************************************
 SETTING E_RHF_B        =    ***************  KCAL/MOL                        


1PROGRAM * MP2 (Closed-shell)     Authors: C. Hampel, H.-J. Werner, 1991, M. Deegan, P.J. Knowles, 1992

 Basis set AUG-CC-PVQZ/MP2FIT generated. Number of basis functions:   1754 

 Convergence thresholds:  THRVAR = 1.00D-08  THRDEN = 1.00D-06

 Number of core orbitals:           6 (   6 )
 Number of closed-shell orbitals:   7 (   7 )
 Number of external orbitals:     885 ( 885 )

 Molecular orbitals read from record     2102.2  Type=RHF/CANONICAL (state 1.1)
 

 Entering DF-MP2

 Thresholds:    THRAO= 0.100D-09    THRMO= 0.100D-08    THROV= 0.100D-11

 Fitting basis: AUG-CC-PVQZ-MP2F
 Number of fitting functions:                1754
 Number of blocks in AO basis:                  6
 Minimum block size:                           80
 Maximum block size:                          218
 Average block size:                          150
 Number of groups in AO basis:                177
 Number of shells in AO basis:                327

 Using large memory version DFMP2B. NIBTK= 1  NGPU= 0  IGPU= 0

 para=T  nprocs= 12  mpptyp=0  number of tasks=  29

 Minimum memory with paging:                  6.85 MW
 Minimum memory for incore assembly:         11.65 MW
 Maximum memory for incore algorithm:        14.80 MW
 Memory for 3-index integrals:                0.00 MW

 Disk space for H1-integrals:                88.79 MB (   203 records)
 
 CPU time for half transformed integrals      2.62 sec, elapsed time      2.64 sec
 CPU time for assembly                        0.95 sec, elapsed time      1.05 sec (5800.8 MFLOP/sec)
 Total CPU time                               6.66 sec, elapsed time      6.78 sec

 SCS-MP2 correlation energy:           -0.408464604126   (PS=  1.200000  PT=  0.333333)
 SCS-MP2 total energy:               -437.590254660873

 Norm of first-order wave function:     0.115349121254
 Coefficient of reference function:     0.946879219016

  Reference energy                   -437.181790056748
  MP2 singlet pair energy              -0.272148843609
  MP2 triplet pair energy              -0.131602486813
  MP2 correlation energy               -0.403751330422

 !MP2 total energy                   -437.585541387170


 **********************************************************************************************************************************
 DATASETS  * FILE   NREC   LENGTH (MB)   RECORD NAMES
              1      19       37.19       500      610      700      900      950      970     1000      129      960     1100   
                                          VAR    BASINP    GEOM    SYMINP    ZMAT    AOBASIS   BASIS     P2S    ABASIS      S 
                                         1400     1410     1200     1210     1080     1600     1650     1700      960(1)
                                           T        V       H0       H01     AOSYM     SMH    MOLCAS    OPER    ABASIS    

              2       6       84.75       700     1000      520     2100     2101     2102   
                                         GEOM     BASIS   MCVARS     RHF      RHF      RHF  

 PROGRAMS   *        TOTAL       MP2        HF       INT       MP2        HF       INT       MP2        HF       INT
 CPU TIMES  *       189.45      8.61     45.98      2.48      9.87     47.28      2.59     12.63     56.89      2.91
 REAL TIME  *       469.76 SEC
 DISK USED  *         2.09 GB      
 SF USED    *       892.34 MB      
 GA USED    *         3.20 MB       (max)       0.00 MB       (current)
 **********************************************************************************************************************************
 SETTING E_CORR_B       =    ***************  KCAL/MOL                        
 SETTING E_B            =      -253.35783585  KCAL/MOL                        
 SETTING E_RHF_CP       =      -104.79686587  KCAL/MOL                        
 SETTING E_CORR_CP      =       -19.14920672  KCAL/MOL                        

        DF-MP2          DF-HF           DF-MP2          DF-HF           DF-MP2          DF-HF   
   -437.58554139   -437.18179006   -205.44627776   -204.60910580   -643.22933975   -641.95790026
 **********************************************************************************************************************************
 Variable memory released
