
 Primary working directories    : /scratch/1723322.phoenix.chem.wisc.edu
 Secondary working directories  : /scratch/1723322.phoenix.chem.wisc.edu
 Wavefunction directory         : /scratch/1723322.phoenix.chem.wisc.edu/
 Main file repository           : /scratch/1723322.phoenix.chem.wisc.edu/

 SHA1      : 65e45729fe3f963b0eb97374e3bda9949063ef0f
 NAME      : 2012.1.17
 ARCHNAME  : Linux/x86_64
 FC        : /opt/intel/composer_xe_2013.5.192/bin/intel64/ifort
 FCVERSION : 13.1.3
 BLASLIB   : -L/opt/intel/composer_xe_2013.5.192/mkl/lib/intel64 -lmkl_intel_ilp64 -lmkl_sequential -lmkl_core
 id        : cuichemwisc

 Nodes             nprocs
 compute-1-35.local   12
 ga_uses_ma=false, calling ma_init with nominal heap.
 GA-space will be limited to   8.0 MW (determined by -G option)

 Using customized tuning parameters: mindgm=1; mindgv=20; mindgc=4; mindgr=1; noblas=0; minvec=7
 default implementation of scratch files=sf  

 geomtyp=xyz
 geometry={
 15
  C0          0.024471742900      -1.489383581400       0.000000000000
  N1          0.260302785000      -0.856872652000      -1.135945958000
  N2         -0.474248393600      -2.759643634900       0.000000000000
  N3          0.260302785000      -0.856872652000       1.135945958000
  H4         -0.342089655800      -3.290836515200       0.843147167100
  H5         -0.342089655800      -3.290836515200      -0.843147167100
  H6         -0.021049595400      -1.274046235800      -2.004978985800
  H7          0.484178351000       0.194544493200      -1.019322588700
  H8         -0.021049595400      -1.274046235800       2.004978985800
  H9          0.484178351000       0.194544493200       1.019322588700
  C10        -1.150489761134       2.276741837359       0.000000000000
  H11        -1.673459792634       1.316749698159       0.000000000000
  H12        -1.470379797834       2.830808975059      -0.880544849600
  S13         0.662903150466       2.055243289459       0.000000000000
  H14        -1.470379797834       2.830808975059       0.880544849600
 }
 
 
 basis=avqz
 
                                                                                 ! Complex
 set,charge=0
 
 df-hf
 e_rhf_c = energy*tokcal
 df-mp2
 e_corr_c = energy*tokcal
 e_c = e_corr_c - e_rhf_c
 
 
                                                                                 ! Monomer 1
 set,charge=1
 dummy,C10,H11,H12,S13,H14
 
 df-hf
 e_rhf_a = energy*tokcal
 df-mp2
 e_corr_a = energy*tokcal
 e_a = e_corr_a - e_rhf_a
 
 
                                                                                 ! Monomer 2
 set,charge=-1
 dummy,C0,N1,N2,N3,H4,H5,H6,H7,H8,H9
 
 df-hf
 e_rhf_b = energy*tokcal
 df-mp2
 e_corr_b = energy*tokcal
 e_b = e_corr_b - e_rhf_b
 
 
 e_rhf_cp = e_rhf_c - (e_rhf_a + e_rhf_b)
 e_corr_cp = e_c - (e_a + e_b)

 Variables initialized (782), CPU time= 0.01 sec
 Commands  initialized (547), CPU time= 0.01 sec, 517 directives.
 Default parameters read. Elapsed time= 0.13 sec

 Checking input...
 Passed
1


                                         ***  PROGRAM SYSTEM MOLPRO  ***
                         Copyright, University College Cardiff Consultants Limited, 2008

                                    Version 2012.1 linked Oct 11 2014 15:40:16


 **********************************************************************************************************************************
 LABEL *                                                                                 
 Linux-2.6.18-308.el5/compute-1-35.local(x86_64) 64 bit mpp version                      DATE: 11-Dec-14          TIME: 20:50:01  
 **********************************************************************************************************************************

 SHA1:             65e45729fe3f963b0eb97374e3bda9949063ef0f
 **********************************************************************************************************************************
 SETTING GEOMTYP        =    XYZ

 Turning off symmetry in density fitting calculation
 To re-enable, use 'set,zsymel=auto'


 Variable memory set to  350000000 words,  buffer space   230000 words

 SETTING BASIS          =    AVQZ
 SETTING CHARGE         =         0.00000000                                  


 Recomputing integrals since basis changed


 Using spherical harmonics

 Library entry C      S aug-cc-pVQZ          selected for orbital group  1
 Library entry C      P aug-cc-pVQZ          selected for orbital group  1
 Library entry C      D aug-cc-pVQZ          selected for orbital group  1
 Library entry C      F aug-cc-pVQZ          selected for orbital group  1
 Library entry C      G aug-cc-pVQZ          selected for orbital group  1
 Library entry N      S aug-cc-pVQZ          selected for orbital group  2
 Library entry N      P aug-cc-pVQZ          selected for orbital group  2
 Library entry N      D aug-cc-pVQZ          selected for orbital group  2
 Library entry N      F aug-cc-pVQZ          selected for orbital group  2
 Library entry N      G aug-cc-pVQZ          selected for orbital group  2
 Library entry H      S aug-cc-pVQZ          selected for orbital group  3
 Library entry H      P aug-cc-pVQZ          selected for orbital group  3
 Library entry H      D aug-cc-pVQZ          selected for orbital group  3
 Library entry H      F aug-cc-pVQZ          selected for orbital group  3
 Library entry S      S aug-cc-pVQZ          selected for orbital group  6
 Library entry S      P aug-cc-pVQZ          selected for orbital group  6
 Library entry S      D aug-cc-pVQZ          selected for orbital group  6
 Library entry S      F aug-cc-pVQZ          selected for orbital group  6
 Library entry S      G aug-cc-pVQZ          selected for orbital group  6

1PROGRAM * SEWARD (Integral evaluation for generally contracted gaussian basis sets)     Author: Roland Lindh, 1990

 Geometry written to block  1 of record 700


 Point group  C1  



 ATOMIC COORDINATES

 NR  ATOM    CHARGE       X              Y              Z

   1  C0      6.00    0.046244892   -2.814527073    0.000000000
   2  N1      7.00    0.491900975   -1.619254642   -2.146626761
   3  N2      7.00   -0.896199582   -5.214970690    0.000000000
   4  N3      7.00    0.491900975   -1.619254642    2.146626761
   5  H4      1.00   -0.646455762   -6.218779757    1.593317234
   6  H5      1.00   -0.646455762   -6.218779757   -1.593317234
   7  H6      1.00   -0.039777970   -2.407598464   -3.788861182
   8  H7      1.00    0.914964482    0.367635813   -1.926240532
   9  H8      1.00   -0.039777970   -2.407598464    3.788861182
  10  H9      1.00    0.914964482    0.367635813    1.926240532
  11  C10     6.00   -2.174110566    4.302418545    0.000000000
  12  H11     1.00   -3.162380700    2.488296313    0.000000000
  13  H12     1.00   -2.778615127    5.349453693   -1.663988612
  14  S13    16.00    1.252705406    3.883846951    0.000000000
  15  H14     1.00   -2.778615127    5.349453693    1.663988612

 Bond lengths in Bohr (Angstrom)

 1-2  2.497056663  1-3  2.578823597  1-4  2.497056663  2-7  1.897657076  2-8  2.043351780
     ( 1.321385476)     ( 1.364654674)     ( 1.321385476)     ( 1.004196875)     ( 1.081295192)

  3- 5  1.899648501   3- 6  1.899648501   4- 9  1.897657076   4-10  2.043351780  11-12  2.065845427
       ( 1.005250692)       ( 1.005250692)       ( 1.004196875)       ( 1.081295192)       ( 1.093198317)

 11-13  2.056834089  11-14  3.452284734  11-15  2.056834089
       ( 1.088429722)       ( 1.826870400)       ( 1.088429722)

 Bond angles

  1-2-7  119.67596989   1-2-8  114.18463931   1-3-5  116.34794645   1-3-6  116.34794645

  1- 4- 9  119.67596989   1- 4-10  114.18463931   2- 1- 3  120.71619651   2- 1- 4  118.55748970

  3- 1- 4  120.71619651   5- 3- 6  114.01528015   7- 2- 8  123.73123688   9- 4-10  123.73123688

 12-11-13  107.84398771  12-11-14  111.61604867  12-11-15  107.84398771  13-11-14  110.69861163

 13-11-15  107.99761903  14-11-15  110.69861163

 NUCLEAR CHARGE:                   58
 NUMBER OF PRIMITIVE AOS:        1240
 NUMBER OF SYMMETRY AOS:         1009
 NUMBER OF CONTRACTIONS:          898   ( 898A   )
 NUMBER OF CORE ORBITALS:          10   (  10A   )
 NUMBER OF VALENCE ORBITALS:       33   (  33A   )


 NUCLEAR REPULSION ENERGY  299.13244087


 Eigenvalues of metric

         1 0.346E-05 0.369E-05 0.463E-05 0.568E-05 0.702E-05 0.858E-05 0.922E-05 0.983E-05


 OPERATOR DM      FOR CENTER  0  COORDINATES:    0.000000    0.000000    0.000000


 **********************************************************************************************************************************
 DATASETS  * FILE   NREC   LENGTH (MB)   RECORD NAMES
              1      18       37.12       500      610      700      900      950      970     1000      129      960     1100   
                                          VAR    BASINP    GEOM    SYMINP    ZMAT    AOBASIS   BASIS     P2S    ABASIS      S 
                                         1400     1410     1200     1210     1080     1600     1650     1700   
                                           T        V       H0       H01     AOSYM     SMH    MOLCAS    OPER   

 PROGRAMS   *        TOTAL       INT
 CPU TIMES  *         3.22      3.09
 REAL TIME  *         4.10 SEC
 DISK USED  *         0.00 MB      
 GA USED    *         0.02 MB       (max)       0.00 MB       (current)
 **********************************************************************************************************************************

1PROGRAM * RHF-SCF (CLOSED SHELL)       Authors: W. Meyer, H.-J. Werner


 NUMBER OF ELECTRONS:      29+   29-    SPACE SYMMETRY=1    SPIN SYMMETRY: Singlet 
 CONVERGENCE THRESHOLDS:    1.00E-05 (Density)    1.16E-07 (Energy)
 INTEGRAL THRESHOLDS:       1.00E-12 (Initial)    1.00E-12 (Final)
 MAX. NUMBER OF ITERATIONS:       60
 INTERPOLATION TYPE:            DIIS
 INTERPOLATION STEPS:              2 (START)      1 (STEP)
 LEVEL SHIFTS:                  0.00 (CLOSED)  0.00 (OPEN) 



 
 Basis set CC-PVQZ/JKFIT generated.      Number of basis functions:   1137 
 
 Orbital guess generated from atomic densities. Full valence occupancy:   43
 Coulomb and exchange fitting
 Thresholds for fitting:       THRAO_COUL= 1.0D-15    THRAO_EXCH= 1.0D-13    THRMO= 1.0D-12    THRPROD= 1.0D-12    THRASM= 1.0D-12
                               THR2HLF=    1.0D-12

 Molecular orbital dump at record        2100.2

 ITERATION   DDIFF            GRAD            ENERGY        2-EL.EN.            DIPOLE MOMENTS         DIIS   CPU(IT)  CPU(TOT)  ORB.
    1      0.000D+00      0.000D+00      -641.87093423   1073.067949   -1.49341   -5.45075    0.00000    0      6.6     28.6     start
    2      0.000D+00      0.174D-02      -641.95760902   1067.393344   -0.81881   -4.26517    0.00000    1      4.6     33.2     diag
    3      0.168D-02      0.632D-03      -641.96826375   1069.313768   -1.01792   -4.40935    0.00000    2      4.4     37.6     diag
    4      0.664D-03      0.205D-03      -641.96976367   1069.179841   -0.99767   -4.35271    0.00000    3      4.5     42.0     diag
    5      0.171D-03      0.441D-04      -641.96987090   1069.028950   -0.99111   -4.34216    0.00000    4      6.0     48.1     diag
    6      0.452D-04      0.174D-04      -641.96988620   1069.068094   -0.99086   -4.34202    0.00000    5      5.4     53.5     diag
    7      0.196D-04      0.500D-05      -641.96988793   1069.061995   -0.99069   -4.34227    0.00000    6      4.5     57.9     diag
    8      0.644D-05      0.166D-05      -641.96988809   1069.060564   -0.99005   -4.34230    0.00000    7      4.9     62.8     diag
    9      0.202D-05      0.574D-06      -641.96988811   1069.061697   -0.98999   -4.34238    0.00000    8      4.4     67.2     diag
   10      0.660D-06      0.139D-06      -641.96988811   1069.061360   -0.98992   -4.34241   -0.00000    0      4.2     71.4     orth

 Final occupancy:  29

 !RHF STATE 1.1 Energy               -641.969888106910
 Nuclear energy                       299.13244087
 One-electron energy                -1475.63300884
 Two-electron energy                  534.53067986
 Virial quotient                       -1.00056921
 !RHF STATE 1.1 Dipole moment          -0.98992426    -4.34241180    -0.00000000
 Dipole moment /Debye                  -2.51597170   -11.03658697    -0.00000000

 Orbital energies:

         1.1          2.1          3.1          4.1          5.1          6.1          7.1          8.1          9.1         10.1
    -91.828605   -15.641604   -15.608515   -15.608489   -11.426693   -11.193640    -8.831461    -6.513271    -6.511861    -6.511771

        11.1         12.1         13.1         14.1         15.1         16.1         17.1         18.1         19.1         20.1
     -1.375147    -1.236276    -1.213151    -0.944556    -0.887745    -0.815796    -0.794065    -0.753983    -0.695518    -0.681202

        21.1         22.1         23.1         24.1         25.1         26.1         27.1         28.1         29.1         30.1
     -0.671952    -0.635724    -0.526012    -0.523492    -0.480599    -0.443592    -0.398049    -0.270468    -0.262587     0.000131

        31.1
      0.017079

 HOMO     29.1    -0.262587 =      -7.1454eV
 LUMO     30.1     0.000131 =       0.0036eV
 LUMO-HOMO         0.262719 =       7.1489eV


 **********************************************************************************************************************************
 DATASETS  * FILE   NREC   LENGTH (MB)   RECORD NAMES
              1      18       37.12       500      610      700      900      950      970     1000      129      960     1100   
                                          VAR    BASINP    GEOM    SYMINP    ZMAT    AOBASIS   BASIS     P2S    ABASIS      S 
                                         1400     1410     1200     1210     1080     1600     1650     1700   
                                           T        V       H0       H01     AOSYM     SMH    MOLCAS    OPER   

              2       4       20.06       700     1000      520     2100   
                                         GEOM     BASIS   MCVARS     RHF  

 PROGRAMS   *        TOTAL        HF       INT
 CPU TIMES  *        75.44     72.21      3.09
 REAL TIME  *       117.00 SEC
 DISK USED  *         1.35 GB      
 SF USED    *       259.81 MB      
 GA USED    *         3.20 MB       (max)       0.00 MB       (current)
 **********************************************************************************************************************************
 SETTING E_RHF_C        =    ***************  KCAL/MOL                        


1PROGRAM * MP2 (Closed-shell)     Authors: C. Hampel, H.-J. Werner, 1991, M. Deegan, P.J. Knowles, 1992

 Basis set AUG-CC-PVQZ/MP2FIT generated. Number of basis functions:   1754 

 Convergence thresholds:  THRVAR = 1.00D-08  THRDEN = 1.16D-06

 Number of core orbitals:          10 (  10 )
 Number of closed-shell orbitals:  19 (  19 )
 Number of external orbitals:     869 ( 869 )

 Molecular orbitals read from record     2100.2  Type=RHF/CANONICAL (state 1.1)
 

 Entering DF-MP2

 Thresholds:    THRAO= 0.100D-09    THRMO= 0.100D-08    THROV= 0.100D-11

 Fitting basis: AUG-CC-PVQZ-MP2F
 Number of fitting functions:                1754
 Number of blocks in AO basis:                  6
 Minimum block size:                           80
 Maximum block size:                          218
 Average block size:                          150
 Number of groups in AO basis:                177
 Number of shells in AO basis:                327

 Using large memory version DFMP2B. NIBTK= 1  NGPU= 0  IGPU= 0

 para=T  nprocs= 12  mpptyp=0  number of tasks=  29

 Minimum memory with paging:                  6.79 MW
 Minimum memory for incore assembly:         29.72 MW
 Maximum memory for incore algorithm:        33.83 MW
 Memory for 3-index integrals:                0.00 MW

 Disk space for H1-integrals:               241.01 MB (   551 records)
 
 CPU time for half transformed integrals      2.96 sec, elapsed time      2.99 sec
 CPU time for assembly                        5.05 sec, elapsed time     10.07 sec (7891.1 MFLOP/sec)
 Total CPU time                              11.01 sec, elapsed time     16.32 sec

 SCS-MP2 correlation energy:           -1.255989803163   (PS=  1.200000  PT=  0.333333)
 SCS-MP2 total energy:               -643.225877910072

 Norm of first-order wave function:     0.281761275825
 Coefficient of reference function:     0.883275992943

  Reference energy                   -641.969888106909
  MP2 singlet pair energy              -0.816250081880
  MP2 triplet pair energy              -0.444358454315
  MP2 correlation energy               -1.260608536195

 !MP2 total energy                   -643.230496643104


 **********************************************************************************************************************************
 DATASETS  * FILE   NREC   LENGTH (MB)   RECORD NAMES
              1      19       37.13       500      610      700      900      950      970     1000      129      960     1100   
                                          VAR    BASINP    GEOM    SYMINP    ZMAT    AOBASIS   BASIS     P2S    ABASIS      S 
                                         1400     1410     1200     1210     1080     1600     1650     1700      960(1)
                                           T        V       H0       H01     AOSYM     SMH    MOLCAS    OPER    ABASIS    

              2       4       20.06       700     1000      520     2100   
                                         GEOM     BASIS   MCVARS     RHF  

 PROGRAMS   *        TOTAL       MP2        HF       INT
 CPU TIMES  *        89.48     14.04     72.21      3.09
 REAL TIME  *       137.36 SEC
 DISK USED  *         1.35 GB      
 SF USED    *       931.90 MB      
 GA USED    *         3.20 MB       (max)       0.00 MB       (current)
 **********************************************************************************************************************************
 SETTING E_CORR_C       =    ***************  KCAL/MOL                        
 SETTING E_C            =      -791.04395830  KCAL/MOL                        
 SETTING CHARGE         =         1.00000000                                  

 Dummy atoms: C10  H11  H12  S13  H14


 Recomputing one-electron integrals since nuclear charges changed

1PROGRAM * SEWARD (Integral evaluation for generally contracted gaussian basis sets)     Author: Roland Lindh, 1990

 Geometry written to block  1 of record 700


 Point group  C1  



 ATOMIC COORDINATES

 NR  ATOM    CHARGE       X              Y              Z

   1  C0      6.00    0.046244892   -2.814527073    0.000000000
   2  N1      7.00    0.491900975   -1.619254642   -2.146626761
   3  N2      7.00   -0.896199582   -5.214970690    0.000000000
   4  N3      7.00    0.491900975   -1.619254642    2.146626761
   5  H4      1.00   -0.646455762   -6.218779757    1.593317234
   6  H5      1.00   -0.646455762   -6.218779757   -1.593317234
   7  H6      1.00   -0.039777970   -2.407598464   -3.788861182
   8  H7      1.00    0.914964482    0.367635813   -1.926240532
   9  H8      1.00   -0.039777970   -2.407598464    3.788861182
  10  H9      1.00    0.914964482    0.367635813    1.926240532
  11  C10     0.00   -2.174110566    4.302418545    0.000000000
  12  H11     0.00   -3.162380700    2.488296313    0.000000000
  13  H12     0.00   -2.778615127    5.349453693   -1.663988612
  14  S13     0.00    1.252705406    3.883846951    0.000000000
  15  H14     0.00   -2.778615127    5.349453693    1.663988612

 Bond lengths in Bohr (Angstrom)

 1-2  2.497056663  1-3  2.578823597  1-4  2.497056663  2-7  1.897657076  2-8  2.043351780
     ( 1.321385476)     ( 1.364654674)     ( 1.321385476)     ( 1.004196875)     ( 1.081295192)

  3- 5  1.899648501   3- 6  1.899648501   4- 9  1.897657076   4-10  2.043351780  11-12  2.065845427
       ( 1.005250692)       ( 1.005250692)       ( 1.004196875)       ( 1.081295192)       ( 1.093198317)

 11-13  2.056834089  11-14  3.452284734  11-15  2.056834089
       ( 1.088429722)       ( 1.826870400)       ( 1.088429722)

 Bond angles

  1-2-7  119.67596989   1-2-8  114.18463931   1-3-5  116.34794645   1-3-6  116.34794645

  1- 4- 9  119.67596989   1- 4-10  114.18463931   2- 1- 3  120.71619651   2- 1- 4  118.55748970

  3- 1- 4  120.71619651   5- 3- 6  114.01528015   7- 2- 8  123.73123688   9- 4-10  123.73123688

 12-11-13  107.84398771  12-11-14  111.61604867  12-11-15  107.84398771  13-11-14  110.69861163

 13-11-15  107.99761903  14-11-15  110.69861163

 NUCLEAR CHARGE:                   33
 NUMBER OF PRIMITIVE AOS:        1240
 NUMBER OF SYMMETRY AOS:         1009
 NUMBER OF CONTRACTIONS:          898   ( 898A   )
 NUMBER OF CORE ORBITALS:           4   (   4A   )
 NUMBER OF VALENCE ORBITALS:       22   (  22A   )

 MOLECULE CHANGED: INITIALIZING OCCUPATION AND DUMP RECORDS


 NUCLEAR REPULSION ENERGY  133.32898411


 Eigenvalues of metric

         1 0.346E-05 0.369E-05 0.463E-05 0.568E-05 0.702E-05 0.858E-05 0.922E-05 0.983E-05


 OPERATOR DM      FOR CENTER  0  COORDINATES:    0.000000    0.000000    0.000000


 **********************************************************************************************************************************
 DATASETS  * FILE   NREC   LENGTH (MB)   RECORD NAMES
              1      19       37.13       500      610      700      900      950      970     1000      129      960     1100   
                                          VAR    BASINP    GEOM    SYMINP    ZMAT    AOBASIS   BASIS     P2S    ABASIS      S 
                                         1400     1410     1200     1210     1080     1600     1650     1700      960(1)
                                           T        V       H0       H01     AOSYM     SMH    MOLCAS    OPER    ABASIS    

              2       4       20.06       700     1000      520     2100   
                                         GEOM     BASIS   MCVARS     RHF  

 PROGRAMS   *        TOTAL       INT       MP2        HF       INT
 CPU TIMES  *        92.14      2.63     14.04     72.21      3.09
 REAL TIME  *       140.72 SEC
 DISK USED  *         1.35 GB      
 SF USED    *       931.90 MB      
 GA USED    *         3.20 MB       (max)       0.00 MB       (current)
 **********************************************************************************************************************************

1PROGRAM * RHF-SCF (CLOSED SHELL)       Authors: W. Meyer, H.-J. Werner


 NUMBER OF ELECTRONS:      16+   16-    SPACE SYMMETRY=1    SPIN SYMMETRY: Singlet 
 CONVERGENCE THRESHOLDS:    1.00E-05 (Density)    1.00E-07 (Energy)
 INTEGRAL THRESHOLDS:       1.00E-12 (Initial)    1.00E-12 (Final)
 MAX. NUMBER OF ITERATIONS:       60
 INTERPOLATION TYPE:            DIIS
 INTERPOLATION STEPS:              2 (START)      1 (STEP)
 LEVEL SHIFTS:                  0.00 (CLOSED)  0.00 (OPEN) 



 
 Basis set CC-PVQZ/JKFIT generated.      Number of basis functions:   1137 
 
 Orbital guess generated from atomic densities. Full valence occupancy:   26
 Coulomb and exchange fitting
 Thresholds for fitting:       THRAO_COUL= 1.0D-15    THRAO_EXCH= 1.0D-13    THRMO= 1.0D-12    THRPROD= 1.0D-12    THRASM= 1.0D-12
                               THR2HLF=    1.0D-12

 Molecular orbital dump at record        2101.2

 ITERATION   DDIFF            GRAD            ENERGY        2-EL.EN.            DIPOLE MOMENTS         DIIS   CPU(IT)  CPU(TOT)  ORB.
    1      0.000D+00      0.000D+00      -204.54988596    390.475239    0.23266   -2.44712   -0.00000    0      4.1     14.3     start
    2      0.000D+00      0.188D-02      -204.60257589    391.701923    0.14346   -2.60472   -0.00000    1      3.7     18.1     diag
    3      0.111D-02      0.605D-03      -204.60801013    391.510717    0.16390   -2.59725    0.00000    2      3.6     21.7     diag
    4      0.352D-03      0.261D-03      -204.60903085    391.594555    0.15540   -2.60982    0.00000    3      4.2     25.9     diag
    5      0.120D-03      0.412D-04      -204.60909143    391.598547    0.15586   -2.61136    0.00000    4      4.1     30.0     diag
    6      0.303D-04      0.133D-04      -204.60909748    391.592725    0.15493   -2.61277    0.00000    5      3.7     33.7     diag
    7      0.109D-04      0.500D-05      -204.60909804    391.594696    0.15541   -2.61238    0.00000    6      4.1     37.8     diag
    8      0.350D-05      0.142D-05      -204.60909809    391.594914    0.15525   -2.61258    0.00000    7      4.0     41.7     diag
    9      0.107D-05      0.177D-06      -204.60909809    391.594707    0.15527   -2.61257   -0.00000    0      3.8     45.5     orth

 Final occupancy:  16

 !RHF STATE 1.1 Energy               -204.609098086097
 Nuclear energy                       133.32898411
 One-electron energy                 -533.73543585
 Two-electron energy                  195.79735366
 Virial quotient                       -1.00228996
 !RHF STATE 1.1 Dipole moment           0.15526601    -2.61256623    -0.00000000
 Dipole moment /Debye                   0.39462097    -6.64004608    -0.00000000

 Orbital energies:

         1.1          2.1          3.1          4.1          5.1          6.1          7.1          8.1          9.1         10.1
    -15.808160   -15.808131   -15.794514   -11.605431    -1.552571    -1.400751    -1.400506    -1.063618    -0.991186    -0.962930

        11.1         12.1         13.1         14.1         15.1         16.1         17.1         18.1
     -0.875420    -0.858582    -0.857354    -0.812670    -0.642123    -0.636418    -0.107686    -0.083400

 HOMO     16.1    -0.636418 =     -17.3178eV
 LUMO     17.1    -0.107686 =      -2.9303eV
 LUMO-HOMO         0.528732 =      14.3875eV


 **********************************************************************************************************************************
 DATASETS  * FILE   NREC   LENGTH (MB)   RECORD NAMES
              1      19       37.19       500      610      700      900      950      970     1000      129      960     1100   
                                          VAR    BASINP    GEOM    SYMINP    ZMAT    AOBASIS   BASIS     P2S    ABASIS      S 
                                         1400     1410     1200     1210     1080     1600     1650     1700      960(1)
                                           T        V       H0       H01     AOSYM     SMH    MOLCAS    OPER    ABASIS    

              2       5       52.41       700     1000      520     2100     2101   
                                         GEOM     BASIS   MCVARS     RHF      RHF  

 PROGRAMS   *        TOTAL        HF       INT       MP2        HF       INT
 CPU TIMES  *       138.55     46.40      2.63     14.04     72.21      3.09
 REAL TIME  *       272.05 SEC
 DISK USED  *         1.70 GB      
 SF USED    *       931.90 MB      
 GA USED    *         3.20 MB       (max)       0.00 MB       (current)
 **********************************************************************************************************************************
 SETTING E_RHF_A        =    ***************  KCAL/MOL                        


1PROGRAM * MP2 (Closed-shell)     Authors: C. Hampel, H.-J. Werner, 1991, M. Deegan, P.J. Knowles, 1992

 Basis set AUG-CC-PVQZ/MP2FIT generated. Number of basis functions:   1754 

 Convergence thresholds:  THRVAR = 1.00D-08  THRDEN = 1.00D-06

 Number of core orbitals:           4 (   4 )
 Number of closed-shell orbitals:  12 (  12 )
 Number of external orbitals:     882 ( 882 )

 Molecular orbitals read from record     2101.2  Type=RHF/CANONICAL (state 1.1)
 

 Entering DF-MP2

 Thresholds:    THRAO= 0.100D-09    THRMO= 0.100D-08    THROV= 0.100D-11

 Fitting basis: AUG-CC-PVQZ-MP2F
 Number of fitting functions:                1754
 Number of blocks in AO basis:                  6
 Minimum block size:                           80
 Maximum block size:                          218
 Average block size:                          150
 Number of groups in AO basis:                177
 Number of shells in AO basis:                327

 Using large memory version DFMP2B. NIBTK= 1  NGPU= 0  IGPU= 0

 para=T  nprocs= 12  mpptyp=0  number of tasks=  29

 Minimum memory with paging:                  6.83 MW
 Minimum memory for incore assembly:         19.34 MW
 Maximum memory for incore algorithm:        22.73 MW
 Memory for 3-index integrals:                0.00 MW

 Disk space for H1-integrals:               152.22 MB (   348 records)
 
 CPU time for half transformed integrals      2.77 sec, elapsed time      2.78 sec
 CPU time for assembly                        2.25 sec, elapsed time      3.18 sec (7298.0 MFLOP/sec)
 Total CPU time                               8.28 sec, elapsed time      9.27 sec

 SCS-MP2 correlation energy:           -0.832800010395   (PS=  1.200000  PT=  0.333333)
 SCS-MP2 total energy:               -205.441898096484

 Norm of first-order wave function:     0.164649828445
 Coefficient of reference function:     0.926621379969

  Reference energy                   -204.609098086089
  MP2 singlet pair energy              -0.539901049442
  MP2 triplet pair energy              -0.297190849925
  MP2 correlation energy               -0.837091899367

 !MP2 total energy                   -205.446189985456


 **********************************************************************************************************************************
 DATASETS  * FILE   NREC   LENGTH (MB)   RECORD NAMES
              1      19       37.19       500      610      700      900      950      970     1000      129      960     1100   
                                          VAR    BASINP    GEOM    SYMINP    ZMAT    AOBASIS   BASIS     P2S    ABASIS      S 
                                         1400     1410     1200     1210     1080     1600     1650     1700      960(1)
                                           T        V       H0       H01     AOSYM     SMH    MOLCAS    OPER    ABASIS    

              2       5       52.41       700     1000      520     2100     2101   
                                         GEOM     BASIS   MCVARS     RHF      RHF  

 PROGRAMS   *        TOTAL       MP2        HF       INT       MP2        HF       INT
 CPU TIMES  *       148.90     10.36     46.40      2.63     14.04     72.21      3.09
 REAL TIME  *       285.07 SEC
 DISK USED  *         1.70 GB      
 SF USED    *       931.90 MB      
 GA USED    *         3.20 MB       (max)       0.00 MB       (current)
 **********************************************************************************************************************************
 SETTING E_CORR_A       =    ***************  KCAL/MOL                        
 SETTING E_A            =      -525.28320293  KCAL/MOL                        
 SETTING CHARGE         =        -1.00000000                                  

 Dummy atoms: C0  N1  N2  N3  H4  H5  H6  H7  H8  H9


 Recomputing one-electron integrals since nuclear charges changed

1PROGRAM * SEWARD (Integral evaluation for generally contracted gaussian basis sets)     Author: Roland Lindh, 1990

 Geometry written to block  1 of record 700


 Point group  C1  



 ATOMIC COORDINATES

 NR  ATOM    CHARGE       X              Y              Z

   1  C0      0.00    0.046244892   -2.814527073    0.000000000
   2  N1      0.00    0.491900975   -1.619254642   -2.146626761
   3  N2      0.00   -0.896199582   -5.214970690    0.000000000
   4  N3      0.00    0.491900975   -1.619254642    2.146626761
   5  H4      0.00   -0.646455762   -6.218779757    1.593317234
   6  H5      0.00   -0.646455762   -6.218779757   -1.593317234
   7  H6      0.00   -0.039777970   -2.407598464   -3.788861182
   8  H7      0.00    0.914964482    0.367635813   -1.926240532
   9  H8      0.00   -0.039777970   -2.407598464    3.788861182
  10  H9      0.00    0.914964482    0.367635813    1.926240532
  11  C10     6.00   -2.174110566    4.302418545    0.000000000
  12  H11     1.00   -3.162380700    2.488296313    0.000000000
  13  H12     1.00   -2.778615127    5.349453693   -1.663988612
  14  S13    16.00    1.252705406    3.883846951    0.000000000
  15  H14     1.00   -2.778615127    5.349453693    1.663988612

 Bond lengths in Bohr (Angstrom)

 1-2  2.497056663  1-3  2.578823597  1-4  2.497056663  2-7  1.897657076  2-8  2.043351780
     ( 1.321385476)     ( 1.364654674)     ( 1.321385476)     ( 1.004196875)     ( 1.081295192)

  3- 5  1.899648501   3- 6  1.899648501   4- 9  1.897657076   4-10  2.043351780  11-12  2.065845427
       ( 1.005250692)       ( 1.005250692)       ( 1.004196875)       ( 1.081295192)       ( 1.093198317)

 11-13  2.056834089  11-14  3.452284734  11-15  2.056834089
       ( 1.088429722)       ( 1.826870400)       ( 1.088429722)

 Bond angles

  1-2-7  119.67596989   1-2-8  114.18463931   1-3-5  116.34794645   1-3-6  116.34794645

  1- 4- 9  119.67596989   1- 4-10  114.18463931   2- 1- 3  120.71619651   2- 1- 4  118.55748970

  3- 1- 4  120.71619651   5- 3- 6  114.01528015   7- 2- 8  123.73123688   9- 4-10  123.73123688

 12-11-13  107.84398771  12-11-14  111.61604867  12-11-15  107.84398771  13-11-14  110.69861163

 13-11-15  107.99761903  14-11-15  110.69861163

 NUCLEAR CHARGE:                   25
 NUMBER OF PRIMITIVE AOS:        1240
 NUMBER OF SYMMETRY AOS:         1009
 NUMBER OF CONTRACTIONS:          898   ( 898A   )
 NUMBER OF CORE ORBITALS:           6   (   6A   )
 NUMBER OF VALENCE ORBITALS:       11   (  11A   )

 MOLECULE CHANGED: INITIALIZING OCCUPATION AND DUMP RECORDS


 NUCLEAR REPULSION ENERGY   47.85754981


 Eigenvalues of metric

         1 0.346E-05 0.369E-05 0.463E-05 0.568E-05 0.702E-05 0.858E-05 0.922E-05 0.983E-05


 OPERATOR DM      FOR CENTER  0  COORDINATES:    0.000000    0.000000    0.000000


 **********************************************************************************************************************************
 DATASETS  * FILE   NREC   LENGTH (MB)   RECORD NAMES
              1      19       37.19       500      610      700      900      950      970     1000      129      960     1100   
                                          VAR    BASINP    GEOM    SYMINP    ZMAT    AOBASIS   BASIS     P2S    ABASIS      S 
                                         1400     1410     1200     1210     1080     1600     1650     1700      960(1)
                                           T        V       H0       H01     AOSYM     SMH    MOLCAS    OPER    ABASIS    

              2       5       52.41       700     1000      520     2100     2101   
                                         GEOM     BASIS   MCVARS     RHF      RHF  

 PROGRAMS   *        TOTAL       INT       MP2        HF       INT       MP2        HF       INT
 CPU TIMES  *       151.38      2.47     10.36     46.40      2.63     14.04     72.21      3.09
 REAL TIME  *       288.28 SEC
 DISK USED  *         1.70 GB      
 SF USED    *       931.90 MB      
 GA USED    *         3.20 MB       (max)       0.00 MB       (current)
 **********************************************************************************************************************************

1PROGRAM * RHF-SCF (CLOSED SHELL)       Authors: W. Meyer, H.-J. Werner


 NUMBER OF ELECTRONS:      13+   13-    SPACE SYMMETRY=1    SPIN SYMMETRY: Singlet 
 CONVERGENCE THRESHOLDS:    1.00E-05 (Density)    1.00E-07 (Energy)
 INTEGRAL THRESHOLDS:       1.00E-12 (Initial)    1.00E-12 (Final)
 MAX. NUMBER OF ITERATIONS:       60
 INTERPOLATION TYPE:            DIIS
 INTERPOLATION STEPS:              2 (START)      1 (STEP)
 LEVEL SHIFTS:                  0.00 (CLOSED)  0.00 (OPEN) 



 
 Basis set CC-PVQZ/JKFIT generated.      Number of basis functions:   1137 
 
 Orbital guess generated from atomic densities. Full valence occupancy:   17
 Coulomb and exchange fitting
 Thresholds for fitting:       THRAO_COUL= 1.0D-15    THRAO_EXCH= 1.0D-13    THRMO= 1.0D-12    THRPROD= 1.0D-12    THRASM= 1.0D-12
                               THR2HLF=    1.0D-12

 Molecular orbital dump at record        2102.2

 ITERATION   DDIFF            GRAD            ENERGY        2-EL.EN.            DIPOLE MOMENTS         DIIS   CPU(IT)  CPU(TOT)  ORB.
    1      0.000D+00      0.000D+00      -437.12005695    445.395464   -1.81389   -3.81441   -0.00000    0      5.1     16.3     start
    2      0.000D+00      0.171D-02      -437.17247985    435.855218   -1.12632   -3.89309   -0.00000    1      3.5     19.9     diag
    3      0.175D-02      0.850D-03      -437.18102496    438.687362   -1.29163   -3.87661   -0.00000    2      3.8     23.7     diag
    4      0.725D-03      0.147D-03      -437.18171088    438.528780   -1.31676   -3.87476    0.00000    3      4.1     27.8     diag
    5      0.125D-03      0.412D-04      -437.18177986    438.515503   -1.31777   -3.87552   -0.00000    4      3.7     31.5     diag
    6      0.493D-04      0.109D-04      -437.18178456    438.503673   -1.32101   -3.87543   -0.00000    5      3.8     35.4     diag
    7      0.217D-04      0.369D-05      -437.18178510    438.506814   -1.32019   -3.87565    0.00000    6      3.8     39.2     diag
    8      0.876D-05      0.151D-05      -437.18178517    438.506191   -1.32024   -3.87570    0.00000    7      3.9     43.1     diag
    9      0.366D-05      0.345D-06      -437.18178517    438.506155   -1.32008   -3.87573   -0.00000    0      3.6     46.7     orth

 Final occupancy:  13

 !RHF STATE 1.1 Energy               -437.181785171358
 Nuclear energy                        47.85754981
 One-electron energy                 -704.29241254
 Two-electron energy                  219.25307756
 Virial quotient                       -1.00002702
 !RHF STATE 1.1 Dipole moment          -1.32008087    -3.87572736    -0.00000000
 Dipole moment /Debye                  -3.35509114    -9.85047113    -0.00000000

 Orbital energies:

         1.1          2.1          3.1          4.1          5.1          6.1          7.1          8.1          9.1         10.1
    -91.659886   -11.043454    -8.660635    -6.342569    -6.340880    -6.340875    -0.782736    -0.577157    -0.374345    -0.372931

        11.1         12.1         13.1         14.1         15.1
     -0.232257    -0.082775    -0.082629     0.094340     0.110537

 HOMO     13.1    -0.082629 =      -2.2484eV
 LUMO     14.1     0.094340 =       2.5671eV
 LUMO-HOMO         0.176969 =       4.8156eV


 **********************************************************************************************************************************
 DATASETS  * FILE   NREC   LENGTH (MB)   RECORD NAMES
              1      19       37.19       500      610      700      900      950      970     1000      129      960     1100   
                                          VAR    BASINP    GEOM    SYMINP    ZMAT    AOBASIS   BASIS     P2S    ABASIS      S 
                                         1400     1410     1200     1210     1080     1600     1650     1700      960(1)
                                           T        V       H0       H01     AOSYM     SMH    MOLCAS    OPER    ABASIS    

              2       6       84.75       700     1000      520     2100     2101     2102   
                                         GEOM     BASIS   MCVARS     RHF      RHF      RHF  

 PROGRAMS   *        TOTAL        HF       INT       MP2        HF       INT       MP2        HF       INT
 CPU TIMES  *       199.37     47.99      2.47     10.36     46.40      2.63     14.04     72.21      3.09
 REAL TIME  *       430.23 SEC
 DISK USED  *         2.09 GB      
 SF USED    *       931.90 MB      
 GA USED    *         3.20 MB       (max)       0.00 MB       (current)
 **********************************************************************************************************************************
 SETTING E_RHF_B        =    ***************  KCAL/MOL                        


1PROGRAM * MP2 (Closed-shell)     Authors: C. Hampel, H.-J. Werner, 1991, M. Deegan, P.J. Knowles, 1992

 Basis set AUG-CC-PVQZ/MP2FIT generated. Number of basis functions:   1754 

 Convergence thresholds:  THRVAR = 1.00D-08  THRDEN = 1.00D-06

 Number of core orbitals:           6 (   6 )
 Number of closed-shell orbitals:   7 (   7 )
 Number of external orbitals:     885 ( 885 )

 Molecular orbitals read from record     2102.2  Type=RHF/CANONICAL (state 1.1)
 

 Entering DF-MP2

 Thresholds:    THRAO= 0.100D-09    THRMO= 0.100D-08    THROV= 0.100D-11

 Fitting basis: AUG-CC-PVQZ-MP2F
 Number of fitting functions:                1754
 Number of blocks in AO basis:                  6
 Minimum block size:                           80
 Maximum block size:                          218
 Average block size:                          150
 Number of groups in AO basis:                177
 Number of shells in AO basis:                327

 Using large memory version DFMP2B. NIBTK= 1  NGPU= 0  IGPU= 0

 para=T  nprocs= 12  mpptyp=0  number of tasks=  29

 Minimum memory with paging:                  6.85 MW
 Minimum memory for incore assembly:         11.65 MW
 Maximum memory for incore algorithm:        14.80 MW
 Memory for 3-index integrals:                0.00 MW

 Disk space for H1-integrals:                88.79 MB (   203 records)
 
 CPU time for half transformed integrals      2.53 sec, elapsed time      2.54 sec
 CPU time for assembly                        0.95 sec, elapsed time      1.05 sec (5800.8 MFLOP/sec)
 Total CPU time                               6.47 sec, elapsed time      6.65 sec

 SCS-MP2 correlation energy:           -0.407766973467   (PS=  1.200000  PT=  0.333333)
 SCS-MP2 total energy:               -437.589552144830

 Norm of first-order wave function:     0.115275673447
 Coefficient of reference function:     0.946910397432

  Reference energy                   -437.181785171363
  MP2 singlet pair energy              -0.271591612124
  MP2 triplet pair energy              -0.131555955405
  MP2 correlation energy               -0.403147567529

 !MP2 total energy                   -437.584932738892


 **********************************************************************************************************************************
 DATASETS  * FILE   NREC   LENGTH (MB)   RECORD NAMES
              1      19       37.19       500      610      700      900      950      970     1000      129      960     1100   
                                          VAR    BASINP    GEOM    SYMINP    ZMAT    AOBASIS   BASIS     P2S    ABASIS      S 
                                         1400     1410     1200     1210     1080     1600     1650     1700      960(1)
                                           T        V       H0       H01     AOSYM     SMH    MOLCAS    OPER    ABASIS    

              2       6       84.75       700     1000      520     2100     2101     2102   
                                         GEOM     BASIS   MCVARS     RHF      RHF      RHF  

 PROGRAMS   *        TOTAL       MP2        HF       INT       MP2        HF       INT       MP2        HF       INT
 CPU TIMES  *       207.51      8.12     47.99      2.47     10.36     46.40      2.63     14.04     72.21      3.09
 REAL TIME  *       439.53 SEC
 DISK USED  *         2.09 GB      
 SF USED    *       931.90 MB      
 GA USED    *         3.20 MB       (max)       0.00 MB       (current)
 **********************************************************************************************************************************
 SETTING E_CORR_B       =    ***************  KCAL/MOL                        
 SETTING E_B            =      -252.97896884  KCAL/MOL                        
 SETTING E_RHF_CP       =      -112.32726148  KCAL/MOL                        
 SETTING E_CORR_CP      =       -12.78178653  KCAL/MOL                        

        DF-MP2          DF-HF           DF-MP2          DF-HF           DF-MP2          DF-HF   
   -437.58493274   -437.18178517   -205.44618999   -204.60909809   -643.23049664   -641.96988811
 **********************************************************************************************************************************
 Variable memory released
