
 Primary working directories    : /scratch/1723325.phoenix.chem.wisc.edu
 Secondary working directories  : /scratch/1723325.phoenix.chem.wisc.edu
 Wavefunction directory         : /scratch/1723325.phoenix.chem.wisc.edu/
 Main file repository           : /scratch/1723325.phoenix.chem.wisc.edu/

 SHA1      : 65e45729fe3f963b0eb97374e3bda9949063ef0f
 NAME      : 2012.1.17
 ARCHNAME  : Linux/x86_64
 FC        : /opt/intel/composer_xe_2013.5.192/bin/intel64/ifort
 FCVERSION : 13.1.3
 BLASLIB   : -L/opt/intel/composer_xe_2013.5.192/mkl/lib/intel64 -lmkl_intel_ilp64 -lmkl_sequential -lmkl_core
 id        : cuichemwisc

 Nodes             nprocs
 compute-1-35.local   12
 ga_uses_ma=false, calling ma_init with nominal heap.
 GA-space will be limited to   8.0 MW (determined by -G option)

 Using customized tuning parameters: mindgm=1; mindgv=20; mindgc=4; mindgr=1; noblas=0; minvec=7
 default implementation of scratch files=sf  

 geomtyp=xyz
 geometry={
 15
  C0          0.024471742900      -1.489383581400       0.000000000000
  N1          0.260302785000      -0.856872652000      -1.135945958000
  N2         -0.474248393600      -2.759643634900       0.000000000000
  N3          0.260302785000      -0.856872652000       1.135945958000
  H4         -0.342089655800      -3.290836515200       0.843147167100
  H5         -0.342089655800      -3.290836515200      -0.843147167100
  H6         -0.021049595400      -1.274046235800      -2.004978985800
  H7          0.484178351000       0.194544493200      -1.019322588700
  H8         -0.021049595400      -1.274046235800       2.004978985800
  H9          0.484178351000       0.194544493200       1.019322588700
  C10        -1.133599749440       3.826644850089       0.000000000000
  H11        -1.656569780940       2.866652710889       0.000000000000
  H12        -1.453489786140       4.380711987789      -0.880544849600
  S13         0.679793162160       3.605146302189       0.000000000000
  H14        -1.453489786140       4.380711987789       0.880544849600
 }
 
 
 basis=avqz
 
                                                                                 ! Complex
 set,charge=0
 
 df-hf
 e_rhf_c = energy*tokcal
 df-mp2
 e_corr_c = energy*tokcal
 e_c = e_corr_c - e_rhf_c
 
 
                                                                                 ! Monomer 1
 set,charge=1
 dummy,C10,H11,H12,S13,H14
 
 df-hf
 e_rhf_a = energy*tokcal
 df-mp2
 e_corr_a = energy*tokcal
 e_a = e_corr_a - e_rhf_a
 
 
                                                                                 ! Monomer 2
 set,charge=-1
 dummy,C0,N1,N2,N3,H4,H5,H6,H7,H8,H9
 
 df-hf
 e_rhf_b = energy*tokcal
 df-mp2
 e_corr_b = energy*tokcal
 e_b = e_corr_b - e_rhf_b
 
 
 e_rhf_cp = e_rhf_c - (e_rhf_a + e_rhf_b)
 e_corr_cp = e_c - (e_a + e_b)

 Variables initialized (782), CPU time= 0.01 sec
 Commands  initialized (547), CPU time= 0.01 sec, 517 directives.
 Default parameters read. Elapsed time= 0.12 sec

 Checking input...
 Passed
1


                                         ***  PROGRAM SYSTEM MOLPRO  ***
                         Copyright, University College Cardiff Consultants Limited, 2008

                                    Version 2012.1 linked Oct 11 2014 15:40:16


 **********************************************************************************************************************************
 LABEL *                                                                                 
 Linux-2.6.18-308.el5/compute-1-35.local(x86_64) 64 bit mpp version                      DATE: 11-Dec-14          TIME: 20:57:32  
 **********************************************************************************************************************************

 SHA1:             65e45729fe3f963b0eb97374e3bda9949063ef0f
 **********************************************************************************************************************************
 SETTING GEOMTYP        =    XYZ

 Turning off symmetry in density fitting calculation
 To re-enable, use 'set,zsymel=auto'


 Variable memory set to  350000000 words,  buffer space   230000 words

 SETTING BASIS          =    AVQZ
 SETTING CHARGE         =         0.00000000                                  


 Recomputing integrals since basis changed


 Using spherical harmonics

 Library entry C      S aug-cc-pVQZ          selected for orbital group  1
 Library entry C      P aug-cc-pVQZ          selected for orbital group  1
 Library entry C      D aug-cc-pVQZ          selected for orbital group  1
 Library entry C      F aug-cc-pVQZ          selected for orbital group  1
 Library entry C      G aug-cc-pVQZ          selected for orbital group  1
 Library entry N      S aug-cc-pVQZ          selected for orbital group  2
 Library entry N      P aug-cc-pVQZ          selected for orbital group  2
 Library entry N      D aug-cc-pVQZ          selected for orbital group  2
 Library entry N      F aug-cc-pVQZ          selected for orbital group  2
 Library entry N      G aug-cc-pVQZ          selected for orbital group  2
 Library entry H      S aug-cc-pVQZ          selected for orbital group  3
 Library entry H      P aug-cc-pVQZ          selected for orbital group  3
 Library entry H      D aug-cc-pVQZ          selected for orbital group  3
 Library entry H      F aug-cc-pVQZ          selected for orbital group  3
 Library entry S      S aug-cc-pVQZ          selected for orbital group  6
 Library entry S      P aug-cc-pVQZ          selected for orbital group  6
 Library entry S      D aug-cc-pVQZ          selected for orbital group  6
 Library entry S      F aug-cc-pVQZ          selected for orbital group  6
 Library entry S      G aug-cc-pVQZ          selected for orbital group  6

1PROGRAM * SEWARD (Integral evaluation for generally contracted gaussian basis sets)     Author: Roland Lindh, 1990

 Geometry written to block  1 of record 700


 Point group  C1  



 ATOMIC COORDINATES

 NR  ATOM    CHARGE       X              Y              Z

   1  C0      6.00    0.046244892   -2.814527073    0.000000000
   2  N1      7.00    0.491900975   -1.619254642   -2.146626761
   3  N2      7.00   -0.896199582   -5.214970690    0.000000000
   4  N3      7.00    0.491900975   -1.619254642    2.146626761
   5  H4      1.00   -0.646455762   -6.218779757    1.593317234
   6  H5      1.00   -0.646455762   -6.218779757   -1.593317234
   7  H6      1.00   -0.039777970   -2.407598464   -3.788861182
   8  H7      1.00    0.914964482    0.367635813   -1.926240532
   9  H8      1.00   -0.039777970   -2.407598464    3.788861182
  10  H9      1.00    0.914964482    0.367635813    1.926240532
  11  C10     6.00   -2.142193069    7.231310769    0.000000000
  12  H11     1.00   -3.130463204    5.417188537    0.000000000
  13  H12     1.00   -2.746697631    8.278345918   -1.663988612
  14  S13    16.00    1.284622902    6.812739175    0.000000000
  15  H14     1.00   -2.746697631    8.278345918    1.663988612

 Bond lengths in Bohr (Angstrom)

 1-2  2.497056663  1-3  2.578823597  1-4  2.497056663  2-7  1.897657076  2-8  2.043351780
     ( 1.321385476)     ( 1.364654674)     ( 1.321385476)     ( 1.004196875)     ( 1.081295192)

  3- 5  1.899648501   3- 6  1.899648501   4- 9  1.897657076   4-10  2.043351780  11-12  2.065845427
       ( 1.005250692)       ( 1.005250692)       ( 1.004196875)       ( 1.081295192)       ( 1.093198317)

 11-13  2.056834089  11-14  3.452284734  11-15  2.056834089
       ( 1.088429722)       ( 1.826870400)       ( 1.088429722)

 Bond angles

  1-2-7  119.67596989   1-2-8  114.18463931   1-3-5  116.34794645   1-3-6  116.34794645

  1- 4- 9  119.67596989   1- 4-10  114.18463931   2- 1- 3  120.71619651   2- 1- 4  118.55748970

  3- 1- 4  120.71619651   5- 3- 6  114.01528015   7- 2- 8  123.73123688   9- 4-10  123.73123688

 12-11-13  107.84398771  12-11-14  111.61604867  12-11-15  107.84398771  13-11-14  110.69861163

 13-11-15  107.99761903  14-11-15  110.69861163

 NUCLEAR CHARGE:                   58
 NUMBER OF PRIMITIVE AOS:        1240
 NUMBER OF SYMMETRY AOS:         1009
 NUMBER OF CONTRACTIONS:          898   ( 898A   )
 NUMBER OF CORE ORBITALS:          10   (  10A   )
 NUMBER OF VALENCE ORBITALS:       33   (  33A   )


 NUCLEAR REPULSION ENERGY  264.93070649


 Eigenvalues of metric

         1 0.441E-05 0.566E-05 0.609E-05 0.874E-05 0.115E-04 0.127E-04 0.129E-04 0.148E-04


 OPERATOR DM      FOR CENTER  0  COORDINATES:    0.000000    0.000000    0.000000


 **********************************************************************************************************************************
 DATASETS  * FILE   NREC   LENGTH (MB)   RECORD NAMES
              1      18       37.12       500      610      700      900      950      970     1000      129      960     1100   
                                          VAR    BASINP    GEOM    SYMINP    ZMAT    AOBASIS   BASIS     P2S    ABASIS      S 
                                         1400     1410     1200     1210     1080     1600     1650     1700   
                                           T        V       H0       H01     AOSYM     SMH    MOLCAS    OPER   

 PROGRAMS   *        TOTAL       INT
 CPU TIMES  *         2.57      2.42
 REAL TIME  *         3.65 SEC
 DISK USED  *         0.00 MB      
 GA USED    *         0.02 MB       (max)       0.00 MB       (current)
 **********************************************************************************************************************************

1PROGRAM * RHF-SCF (CLOSED SHELL)       Authors: W. Meyer, H.-J. Werner


 NUMBER OF ELECTRONS:      29+   29-    SPACE SYMMETRY=1    SPIN SYMMETRY: Singlet 
 CONVERGENCE THRESHOLDS:    1.00E-05 (Density)    1.16E-07 (Energy)
 INTEGRAL THRESHOLDS:       1.00E-12 (Initial)    1.00E-12 (Final)
 MAX. NUMBER OF ITERATIONS:       60
 INTERPOLATION TYPE:            DIIS
 INTERPOLATION STEPS:              2 (START)      1 (STEP)
 LEVEL SHIFTS:                  0.00 (CLOSED)  0.00 (OPEN) 



 
 Basis set CC-PVQZ/JKFIT generated.      Number of basis functions:   1137 
 
 Orbital guess generated from atomic densities. Full valence occupancy:   43
 Coulomb and exchange fitting
 Thresholds for fitting:       THRAO_COUL= 1.0D-15    THRAO_EXCH= 1.0D-13    THRMO= 1.0D-12    THRPROD= 1.0D-12    THRASM= 1.0D-12
                               THR2HLF=    1.0D-12

 Molecular orbital dump at record        2100.2

 ITERATION   DDIFF            GRAD            ENERGY        2-EL.EN.            DIPOLE MOMENTS         DIIS   CPU(IT)  CPU(TOT)  ORB.
    1      0.000D+00      0.000D+00      -641.79259264   1004.458509   -1.61128   -9.13075   -0.00000    0      4.5     17.3     start
    2      0.000D+00      0.181D-02      -641.89867676    996.641463   -0.96115   -8.11233   -0.00000    1      4.2     21.5     diag
    3      0.196D-02      0.747D-03      -641.91355299    999.584311   -1.15727   -8.19930   -0.00000    2      4.2     25.7     diag
    4      0.851D-03      0.203D-03      -641.91537138    999.231438   -1.16269   -8.07940   -0.00000    3      3.7     29.4     diag
    5      0.217D-03      0.425D-04      -641.91550702    999.154725   -1.15670   -8.04373   -0.00000    4      4.4     33.8     diag
    6      0.514D-04      0.167D-04      -641.91552477    999.187349   -1.16120   -8.03349   -0.00000    5      4.2     37.9     diag
    7      0.223D-04      0.516D-05      -641.91552746    999.179600   -1.16031   -8.02742   -0.00000    6      4.1     42.0     diag
    8      0.109D-04      0.175D-05      -641.91552784    999.181353   -1.16032   -8.02508    0.00000    7      4.2     46.2     diag
    9      0.490D-05      0.524D-06      -641.91552789    999.182316   -1.16014   -8.02414   -0.00000    8      4.0     50.2     diag
   10      0.192D-05      0.242D-06      -641.91552790    999.182082   -1.16016   -8.02394    0.00000    0      4.6     54.8     orth

 Final occupancy:  29

 !RHF STATE 1.1 Energy               -641.915527900736
 Nuclear energy                       264.93070649
 One-electron energy                -1406.43727519
 Two-electron energy                  499.59104080
 Virial quotient                       -1.00094447
 !RHF STATE 1.1 Dipole moment          -1.16016284    -8.02393631     0.00000000
 Dipole moment /Debye                  -2.94864666   -20.39347605     0.00000000

 Orbital energies:

         1.1          2.1          3.1          4.1          5.1          6.1          7.1          8.1          9.1         10.1
    -91.785455   -15.689938   -15.682194   -15.682166   -11.487345   -11.153954    -8.785768    -6.467575    -6.466054    -6.465935

        11.1         12.1         13.1         14.1         15.1         16.1         17.1         18.1         19.1         20.1
     -1.434466    -1.290233    -1.277385    -0.945655    -0.896582    -0.873295    -0.847662    -0.754874    -0.741060    -0.737116

        21.1         22.1         23.1         24.1         25.1         26.1         27.1         28.1         29.1         30.1
     -0.695714    -0.694278    -0.533996    -0.510746    -0.485461    -0.483517    -0.349619    -0.205789    -0.203766    -0.020365

        31.1
     -0.000334

 HOMO     29.1    -0.203766 =      -5.5448eV
 LUMO     30.1    -0.020365 =      -0.5542eV
 LUMO-HOMO         0.183401 =       4.9906eV


 **********************************************************************************************************************************
 DATASETS  * FILE   NREC   LENGTH (MB)   RECORD NAMES
              1      18       37.12       500      610      700      900      950      970     1000      129      960     1100   
                                          VAR    BASINP    GEOM    SYMINP    ZMAT    AOBASIS   BASIS     P2S    ABASIS      S 
                                         1400     1410     1200     1210     1080     1600     1650     1700   
                                           T        V       H0       H01     AOSYM     SMH    MOLCAS    OPER   

              2       4       20.06       700     1000      520     2100   
                                         GEOM     BASIS   MCVARS     RHF  

 PROGRAMS   *        TOTAL        HF       INT
 CPU TIMES  *        59.79     57.20      2.42
 REAL TIME  *       105.63 SEC
 DISK USED  *         1.35 GB      
 SF USED    *       259.47 MB      
 GA USED    *         3.20 MB       (max)       0.00 MB       (current)
 **********************************************************************************************************************************
 SETTING E_RHF_C        =    ***************  KCAL/MOL                        


1PROGRAM * MP2 (Closed-shell)     Authors: C. Hampel, H.-J. Werner, 1991, M. Deegan, P.J. Knowles, 1992

 Basis set AUG-CC-PVQZ/MP2FIT generated. Number of basis functions:   1754 

 Convergence thresholds:  THRVAR = 1.00D-08  THRDEN = 1.16D-06

 Number of core orbitals:          10 (  10 )
 Number of closed-shell orbitals:  19 (  19 )
 Number of external orbitals:     869 ( 869 )

 Molecular orbitals read from record     2100.2  Type=RHF/CANONICAL (state 1.1)
 

 Entering DF-MP2

 Thresholds:    THRAO= 0.100D-09    THRMO= 0.100D-08    THROV= 0.100D-11

 Fitting basis: AUG-CC-PVQZ-MP2F
 Number of fitting functions:                1754
 Number of blocks in AO basis:                  6
 Minimum block size:                           80
 Maximum block size:                          218
 Average block size:                          150
 Number of groups in AO basis:                177
 Number of shells in AO basis:                327

 Using large memory version DFMP2B. NIBTK= 1  NGPU= 0  IGPU= 0

 para=T  nprocs= 12  mpptyp=0  number of tasks=  29

 Minimum memory with paging:                  6.79 MW
 Minimum memory for incore assembly:         29.72 MW
 Maximum memory for incore algorithm:        33.83 MW
 Memory for 3-index integrals:                0.00 MW

 Disk space for H1-integrals:               241.01 MB (   551 records)
 
 CPU time for half transformed integrals      2.92 sec, elapsed time      2.96 sec
 CPU time for assembly                        4.91 sec, elapsed time      6.45 sec (8116.1 MFLOP/sec)
 Total CPU time                              10.81 sec, elapsed time     12.67 sec

 SCS-MP2 correlation energy:           -1.242474413705   (PS=  1.200000  PT=  0.333333)
 SCS-MP2 total energy:               -643.158002314446

 Norm of first-order wave function:     0.282062932571
 Coefficient of reference function:     0.883172073770

  Reference energy                   -641.915527900741
  MP2 singlet pair energy              -0.811572150496
  MP2 triplet pair energy              -0.431659017497
  MP2 correlation energy               -1.243231167993

 !MP2 total energy                   -643.158759068735


 **********************************************************************************************************************************
 DATASETS  * FILE   NREC   LENGTH (MB)   RECORD NAMES
              1      19       37.13       500      610      700      900      950      970     1000      129      960     1100   
                                          VAR    BASINP    GEOM    SYMINP    ZMAT    AOBASIS   BASIS     P2S    ABASIS      S 
                                         1400     1410     1200     1210     1080     1600     1650     1700      960(1)
                                           T        V       H0       H01     AOSYM     SMH    MOLCAS    OPER    ABASIS    

              2       4       20.06       700     1000      520     2100   
                                         GEOM     BASIS   MCVARS     RHF  

 PROGRAMS   *        TOTAL       MP2        HF       INT
 CPU TIMES  *        72.70     12.91     57.20      2.42
 REAL TIME  *       120.89 SEC
 DISK USED  *         1.35 GB      
 SF USED    *       960.48 MB      
 GA USED    *         3.20 MB       (max)       0.00 MB       (current)
 **********************************************************************************************************************************
 SETTING E_CORR_C       =    ***************  KCAL/MOL                        
 SETTING E_C            =      -780.13949294  KCAL/MOL                        
 SETTING CHARGE         =         1.00000000                                  

 Dummy atoms: C10  H11  H12  S13  H14


 Recomputing one-electron integrals since nuclear charges changed

1PROGRAM * SEWARD (Integral evaluation for generally contracted gaussian basis sets)     Author: Roland Lindh, 1990

 Geometry written to block  1 of record 700


 Point group  C1  



 ATOMIC COORDINATES

 NR  ATOM    CHARGE       X              Y              Z

   1  C0      6.00    0.046244892   -2.814527073    0.000000000
   2  N1      7.00    0.491900975   -1.619254642   -2.146626761
   3  N2      7.00   -0.896199582   -5.214970690    0.000000000
   4  N3      7.00    0.491900975   -1.619254642    2.146626761
   5  H4      1.00   -0.646455762   -6.218779757    1.593317234
   6  H5      1.00   -0.646455762   -6.218779757   -1.593317234
   7  H6      1.00   -0.039777970   -2.407598464   -3.788861182
   8  H7      1.00    0.914964482    0.367635813   -1.926240532
   9  H8      1.00   -0.039777970   -2.407598464    3.788861182
  10  H9      1.00    0.914964482    0.367635813    1.926240532
  11  C10     0.00   -2.142193069    7.231310769    0.000000000
  12  H11     0.00   -3.130463204    5.417188537    0.000000000
  13  H12     0.00   -2.746697631    8.278345918   -1.663988612
  14  S13     0.00    1.284622902    6.812739175    0.000000000
  15  H14     0.00   -2.746697631    8.278345918    1.663988612

 Bond lengths in Bohr (Angstrom)

 1-2  2.497056663  1-3  2.578823597  1-4  2.497056663  2-7  1.897657076  2-8  2.043351780
     ( 1.321385476)     ( 1.364654674)     ( 1.321385476)     ( 1.004196875)     ( 1.081295192)

  3- 5  1.899648501   3- 6  1.899648501   4- 9  1.897657076   4-10  2.043351780  11-12  2.065845427
       ( 1.005250692)       ( 1.005250692)       ( 1.004196875)       ( 1.081295192)       ( 1.093198317)

 11-13  2.056834089  11-14  3.452284734  11-15  2.056834089
       ( 1.088429722)       ( 1.826870400)       ( 1.088429722)

 Bond angles

  1-2-7  119.67596989   1-2-8  114.18463931   1-3-5  116.34794645   1-3-6  116.34794645

  1- 4- 9  119.67596989   1- 4-10  114.18463931   2- 1- 3  120.71619651   2- 1- 4  118.55748970

  3- 1- 4  120.71619651   5- 3- 6  114.01528015   7- 2- 8  123.73123688   9- 4-10  123.73123688

 12-11-13  107.84398771  12-11-14  111.61604867  12-11-15  107.84398771  13-11-14  110.69861163

 13-11-15  107.99761903  14-11-15  110.69861163

 NUCLEAR CHARGE:                   33
 NUMBER OF PRIMITIVE AOS:        1240
 NUMBER OF SYMMETRY AOS:         1009
 NUMBER OF CONTRACTIONS:          898   ( 898A   )
 NUMBER OF CORE ORBITALS:           4   (   4A   )
 NUMBER OF VALENCE ORBITALS:       22   (  22A   )

 MOLECULE CHANGED: INITIALIZING OCCUPATION AND DUMP RECORDS


 NUCLEAR REPULSION ENERGY  133.32898411


 Eigenvalues of metric

         1 0.441E-05 0.566E-05 0.609E-05 0.874E-05 0.115E-04 0.127E-04 0.129E-04 0.148E-04


 OPERATOR DM      FOR CENTER  0  COORDINATES:    0.000000    0.000000    0.000000


 **********************************************************************************************************************************
 DATASETS  * FILE   NREC   LENGTH (MB)   RECORD NAMES
              1      19       37.13       500      610      700      900      950      970     1000      129      960     1100   
                                          VAR    BASINP    GEOM    SYMINP    ZMAT    AOBASIS   BASIS     P2S    ABASIS      S 
                                         1400     1410     1200     1210     1080     1600     1650     1700      960(1)
                                           T        V       H0       H01     AOSYM     SMH    MOLCAS    OPER    ABASIS    

              2       4       20.06       700     1000      520     2100   
                                         GEOM     BASIS   MCVARS     RHF  

 PROGRAMS   *        TOTAL       INT       MP2        HF       INT
 CPU TIMES  *        75.29      2.58     12.91     57.20      2.42
 REAL TIME  *       124.05 SEC
 DISK USED  *         1.35 GB      
 SF USED    *       960.48 MB      
 GA USED    *         3.20 MB       (max)       0.00 MB       (current)
 **********************************************************************************************************************************

1PROGRAM * RHF-SCF (CLOSED SHELL)       Authors: W. Meyer, H.-J. Werner


 NUMBER OF ELECTRONS:      16+   16-    SPACE SYMMETRY=1    SPIN SYMMETRY: Singlet 
 CONVERGENCE THRESHOLDS:    1.00E-05 (Density)    1.00E-07 (Energy)
 INTEGRAL THRESHOLDS:       1.00E-12 (Initial)    1.00E-12 (Final)
 MAX. NUMBER OF ITERATIONS:       60
 INTERPOLATION TYPE:            DIIS
 INTERPOLATION STEPS:              2 (START)      1 (STEP)
 LEVEL SHIFTS:                  0.00 (CLOSED)  0.00 (OPEN) 



 
 Basis set CC-PVQZ/JKFIT generated.      Number of basis functions:   1137 
 
 Orbital guess generated from atomic densities. Full valence occupancy:   26
 Coulomb and exchange fitting
 Thresholds for fitting:       THRAO_COUL= 1.0D-15    THRAO_EXCH= 1.0D-13    THRMO= 1.0D-12    THRPROD= 1.0D-12    THRASM= 1.0D-12
                               THR2HLF=    1.0D-12

 Molecular orbital dump at record        2101.2

 ITERATION   DDIFF            GRAD            ENERGY        2-EL.EN.            DIPOLE MOMENTS         DIIS   CPU(IT)  CPU(TOT)  ORB.
    1      0.000D+00      0.000D+00      -204.54986671    390.475022    0.23267   -2.44713    0.00000    0      4.5     13.9     start
    2      0.000D+00      0.188D-02      -204.60255566    391.701781    0.14346   -2.60474    0.00000    1      4.5     18.5     diag
    3      0.110D-02      0.605D-03      -204.60798982    391.510536    0.16390   -2.59727    0.00000    2      4.1     22.6     diag
    4      0.344D-03      0.261D-03      -204.60901054    391.594362    0.15540   -2.60985   -0.00000    3      4.4     27.0     diag
    5      0.119D-03      0.412D-04      -204.60907113    391.598360    0.15586   -2.61139   -0.00000    4      3.7     30.6     diag
    6      0.296D-04      0.133D-04      -204.60907717    391.592533    0.15492   -2.61280   -0.00000    5      3.7     34.3     diag
    7      0.106D-04      0.500D-05      -204.60907773    391.594507    0.15541   -2.61241   -0.00000    6      3.5     37.8     diag
    8      0.344D-05      0.142D-05      -204.60907778    391.594724    0.15525   -2.61261   -0.00000    7      3.7     41.5     diag
    9      0.104D-05      0.177D-06      -204.60907778    391.594518    0.15526   -2.61259   -0.00000    0      3.6     45.1     orth

 Final occupancy:  16

 !RHF STATE 1.1 Energy               -204.609077776975
 Nuclear energy                       133.32898411
 One-electron energy                 -533.73532072
 Two-electron energy                  195.79725883
 Virial quotient                       -1.00228968
 !RHF STATE 1.1 Dipole moment           0.15526472    -2.61259368    -0.00000000
 Dipole moment /Debye                   0.39461770    -6.64011583    -0.00000000

 Orbital energies:

         1.1          2.1          3.1          4.1          5.1          6.1          7.1          8.1          9.1         10.1
    -15.808161   -15.808132   -15.794517   -11.605432    -1.552575    -1.400754    -1.400510    -1.063621    -0.991188    -0.962932

        11.1         12.1         13.1         14.1         15.1         16.1         17.1         18.1
     -0.875423    -0.858584    -0.857357    -0.812671    -0.642125    -0.636420    -0.107680    -0.083392

 HOMO     16.1    -0.636420 =     -17.3179eV
 LUMO     17.1    -0.107680 =      -2.9301eV
 LUMO-HOMO         0.528740 =      14.3877eV


 **********************************************************************************************************************************
 DATASETS  * FILE   NREC   LENGTH (MB)   RECORD NAMES
              1      19       37.19       500      610      700      900      950      970     1000      129      960     1100   
                                          VAR    BASINP    GEOM    SYMINP    ZMAT    AOBASIS   BASIS     P2S    ABASIS      S 
                                         1400     1410     1200     1210     1080     1600     1650     1700      960(1)
                                           T        V       H0       H01     AOSYM     SMH    MOLCAS    OPER    ABASIS    

              2       5       52.41       700     1000      520     2100     2101   
                                         GEOM     BASIS   MCVARS     RHF      RHF  

 PROGRAMS   *        TOTAL        HF       INT       MP2        HF       INT
 CPU TIMES  *       121.08     45.79      2.58     12.91     57.20      2.42
 REAL TIME  *       255.64 SEC
 DISK USED  *         1.70 GB      
 SF USED    *       960.48 MB      
 GA USED    *         3.20 MB       (max)       0.00 MB       (current)
 **********************************************************************************************************************************
 SETTING E_RHF_A        =    ***************  KCAL/MOL                        


1PROGRAM * MP2 (Closed-shell)     Authors: C. Hampel, H.-J. Werner, 1991, M. Deegan, P.J. Knowles, 1992

 Basis set AUG-CC-PVQZ/MP2FIT generated. Number of basis functions:   1754 

 Convergence thresholds:  THRVAR = 1.00D-08  THRDEN = 1.00D-06

 Number of core orbitals:           4 (   4 )
 Number of closed-shell orbitals:  12 (  12 )
 Number of external orbitals:     882 ( 882 )

 Molecular orbitals read from record     2101.2  Type=RHF/CANONICAL (state 1.1)
 

 Entering DF-MP2

 Thresholds:    THRAO= 0.100D-09    THRMO= 0.100D-08    THROV= 0.100D-11

 Fitting basis: AUG-CC-PVQZ-MP2F
 Number of fitting functions:                1754
 Number of blocks in AO basis:                  6
 Minimum block size:                           80
 Maximum block size:                          218
 Average block size:                          150
 Number of groups in AO basis:                177
 Number of shells in AO basis:                327

 Using large memory version DFMP2B. NIBTK= 1  NGPU= 0  IGPU= 0

 para=T  nprocs= 12  mpptyp=0  number of tasks=  29

 Minimum memory with paging:                  6.83 MW
 Minimum memory for incore assembly:         19.34 MW
 Maximum memory for incore algorithm:        22.73 MW
 Memory for 3-index integrals:                0.00 MW

 Disk space for H1-integrals:               152.22 MB (   348 records)
 
 CPU time for half transformed integrals      2.58 sec, elapsed time      2.60 sec
 CPU time for assembly                        2.30 sec, elapsed time      3.24 sec (7139.3 MFLOP/sec)
 Total CPU time                               7.97 sec, elapsed time      9.02 sec

 SCS-MP2 correlation energy:           -0.832596505802   (PS=  1.200000  PT=  0.333333)
 SCS-MP2 total energy:               -205.441674282776

 Norm of first-order wave function:     0.164635288635
 Coefficient of reference function:     0.926627164122

  Reference energy                   -204.609077776974
  MP2 singlet pair energy              -0.539742754972
  MP2 triplet pair energy              -0.297169071165
  MP2 correlation energy               -0.836911826136

 !MP2 total energy                   -205.445989603111


 **********************************************************************************************************************************
 DATASETS  * FILE   NREC   LENGTH (MB)   RECORD NAMES
              1      19       37.19       500      610      700      900      950      970     1000      129      960     1100   
                                          VAR    BASINP    GEOM    SYMINP    ZMAT    AOBASIS   BASIS     P2S    ABASIS      S 
                                         1400     1410     1200     1210     1080     1600     1650     1700      960(1)
                                           T        V       H0       H01     AOSYM     SMH    MOLCAS    OPER    ABASIS    

              2       5       52.41       700     1000      520     2100     2101   
                                         GEOM     BASIS   MCVARS     RHF      RHF  

 PROGRAMS   *        TOTAL       MP2        HF       INT       MP2        HF       INT
 CPU TIMES  *       130.77      9.66     45.79      2.58     12.91     57.20      2.42
 REAL TIME  *       268.46 SEC
 DISK USED  *         1.70 GB      
 SF USED    *       960.48 MB      
 GA USED    *         3.20 MB       (max)       0.00 MB       (current)
 **********************************************************************************************************************************
 SETTING E_CORR_A       =    ***************  KCAL/MOL                        
 SETTING E_A            =      -525.17020525  KCAL/MOL                        
 SETTING CHARGE         =        -1.00000000                                  

 Dummy atoms: C0  N1  N2  N3  H4  H5  H6  H7  H8  H9


 Recomputing one-electron integrals since nuclear charges changed

1PROGRAM * SEWARD (Integral evaluation for generally contracted gaussian basis sets)     Author: Roland Lindh, 1990

 Geometry written to block  1 of record 700


 Point group  C1  



 ATOMIC COORDINATES

 NR  ATOM    CHARGE       X              Y              Z

   1  C0      0.00    0.046244892   -2.814527073    0.000000000
   2  N1      0.00    0.491900975   -1.619254642   -2.146626761
   3  N2      0.00   -0.896199582   -5.214970690    0.000000000
   4  N3      0.00    0.491900975   -1.619254642    2.146626761
   5  H4      0.00   -0.646455762   -6.218779757    1.593317234
   6  H5      0.00   -0.646455762   -6.218779757   -1.593317234
   7  H6      0.00   -0.039777970   -2.407598464   -3.788861182
   8  H7      0.00    0.914964482    0.367635813   -1.926240532
   9  H8      0.00   -0.039777970   -2.407598464    3.788861182
  10  H9      0.00    0.914964482    0.367635813    1.926240532
  11  C10     6.00   -2.142193069    7.231310769    0.000000000
  12  H11     1.00   -3.130463204    5.417188537    0.000000000
  13  H12     1.00   -2.746697631    8.278345918   -1.663988612
  14  S13    16.00    1.284622902    6.812739175    0.000000000
  15  H14     1.00   -2.746697631    8.278345918    1.663988612

 Bond lengths in Bohr (Angstrom)

 1-2  2.497056663  1-3  2.578823597  1-4  2.497056663  2-7  1.897657076  2-8  2.043351780
     ( 1.321385476)     ( 1.364654674)     ( 1.321385476)     ( 1.004196875)     ( 1.081295192)

  3- 5  1.899648501   3- 6  1.899648501   4- 9  1.897657076   4-10  2.043351780  11-12  2.065845427
       ( 1.005250692)       ( 1.005250692)       ( 1.004196875)       ( 1.081295192)       ( 1.093198317)

 11-13  2.056834089  11-14  3.452284734  11-15  2.056834089
       ( 1.088429722)       ( 1.826870400)       ( 1.088429722)

 Bond angles

  1-2-7  119.67596989   1-2-8  114.18463931   1-3-5  116.34794645   1-3-6  116.34794645

  1- 4- 9  119.67596989   1- 4-10  114.18463931   2- 1- 3  120.71619651   2- 1- 4  118.55748970

  3- 1- 4  120.71619651   5- 3- 6  114.01528015   7- 2- 8  123.73123688   9- 4-10  123.73123688

 12-11-13  107.84398771  12-11-14  111.61604867  12-11-15  107.84398771  13-11-14  110.69861163

 13-11-15  107.99761903  14-11-15  110.69861163

 NUCLEAR CHARGE:                   25
 NUMBER OF PRIMITIVE AOS:        1240
 NUMBER OF SYMMETRY AOS:         1009
 NUMBER OF CONTRACTIONS:          898   ( 898A   )
 NUMBER OF CORE ORBITALS:           6   (   6A   )
 NUMBER OF VALENCE ORBITALS:       11   (  11A   )

 MOLECULE CHANGED: INITIALIZING OCCUPATION AND DUMP RECORDS


 NUCLEAR REPULSION ENERGY   47.85754981


 Eigenvalues of metric

         1 0.441E-05 0.566E-05 0.609E-05 0.874E-05 0.115E-04 0.127E-04 0.129E-04 0.148E-04


 OPERATOR DM      FOR CENTER  0  COORDINATES:    0.000000    0.000000    0.000000


 **********************************************************************************************************************************
 DATASETS  * FILE   NREC   LENGTH (MB)   RECORD NAMES
              1      19       37.19       500      610      700      900      950      970     1000      129      960     1100   
                                          VAR    BASINP    GEOM    SYMINP    ZMAT    AOBASIS   BASIS     P2S    ABASIS      S 
                                         1400     1410     1200     1210     1080     1600     1650     1700      960(1)
                                           T        V       H0       H01     AOSYM     SMH    MOLCAS    OPER    ABASIS    

              2       5       52.41       700     1000      520     2100     2101   
                                         GEOM     BASIS   MCVARS     RHF      RHF  

 PROGRAMS   *        TOTAL       INT       MP2        HF       INT       MP2        HF       INT
 CPU TIMES  *       133.21      2.44      9.66     45.79      2.58     12.91     57.20      2.42
 REAL TIME  *       271.69 SEC
 DISK USED  *         1.70 GB      
 SF USED    *       960.48 MB      
 GA USED    *         3.20 MB       (max)       0.00 MB       (current)
 **********************************************************************************************************************************

1PROGRAM * RHF-SCF (CLOSED SHELL)       Authors: W. Meyer, H.-J. Werner


 NUMBER OF ELECTRONS:      13+   13-    SPACE SYMMETRY=1    SPIN SYMMETRY: Singlet 
 CONVERGENCE THRESHOLDS:    1.00E-05 (Density)    1.00E-07 (Energy)
 INTEGRAL THRESHOLDS:       1.00E-12 (Initial)    1.00E-12 (Final)
 MAX. NUMBER OF ITERATIONS:       60
 INTERPOLATION TYPE:            DIIS
 INTERPOLATION STEPS:              2 (START)      1 (STEP)
 LEVEL SHIFTS:                  0.00 (CLOSED)  0.00 (OPEN) 



 
 Basis set CC-PVQZ/JKFIT generated.      Number of basis functions:   1137 
 
 Orbital guess generated from atomic densities. Full valence occupancy:   17
 Coulomb and exchange fitting
 Thresholds for fitting:       THRAO_COUL= 1.0D-15    THRAO_EXCH= 1.0D-13    THRMO= 1.0D-12    THRPROD= 1.0D-12    THRASM= 1.0D-12
                               THR2HLF=    1.0D-12

 Molecular orbital dump at record        2102.2

 ITERATION   DDIFF            GRAD            ENERGY        2-EL.EN.            DIPOLE MOMENTS         DIIS   CPU(IT)  CPU(TOT)  ORB.
    1      0.000D+00      0.000D+00      -437.12004427    445.395192   -1.84580   -6.74333   -0.00000    0      4.2     11.4     start
    2      0.000D+00      0.171D-02      -437.17250696    435.856407   -1.15854   -6.82124   -0.00000    1      3.8     15.1     diag
    3      0.168D-02      0.849D-03      -437.18103969    438.682492   -1.32441   -6.80484   -0.00000    2      3.6     18.7     diag
    4      0.709D-03      0.147D-03      -437.18172800    438.523009   -1.35014   -6.80276   -0.00000    3      3.6     22.3     diag
    5      0.125D-03      0.413D-04      -437.18179724    438.509256   -1.35146   -6.80337    0.00000    4      3.8     26.1     diag
    6      0.474D-04      0.109D-04      -437.18180192    438.497385   -1.35479   -6.80320    0.00000    5      4.3     30.4     diag
    7      0.220D-04      0.368D-05      -437.18180245    438.500510   -1.35400   -6.80340   -0.00000    6      3.7     34.0     diag
    8      0.873D-05      0.150D-05      -437.18180252    438.499894   -1.35405   -6.80343    0.00000    7      3.8     37.8     diag
    9      0.349D-05      0.343D-06      -437.18180252    438.499859   -1.35390   -6.80345   -0.00000    0      3.5     41.3     orth

 Final occupancy:  13

 !RHF STATE 1.1 Energy               -437.181802523362
 Nuclear energy                        47.85754981
 One-electron energy                 -704.28928176
 Two-electron energy                  219.24992943
 Virial quotient                       -1.00002612
 !RHF STATE 1.1 Dipole moment          -1.35389640    -6.80345496    -0.00000000
 Dipole moment /Debye                  -3.44103601   -17.29152504    -0.00000000

 Orbital energies:

         1.1          2.1          3.1          4.1          5.1          6.1          7.1          8.1          9.1         10.1
    -91.660064   -11.043537    -8.660810    -6.342742    -6.341048    -6.341046    -0.782828    -0.577260    -0.374419    -0.373005

        11.1         12.1         13.1         14.1         15.1
     -0.232354    -0.082881    -0.082719     0.084597     0.101269

 HOMO     13.1    -0.082719 =      -2.2509eV
 LUMO     14.1     0.084597 =       2.3020eV
 LUMO-HOMO         0.167316 =       4.5529eV


 **********************************************************************************************************************************
 DATASETS  * FILE   NREC   LENGTH (MB)   RECORD NAMES
              1      19       37.19       500      610      700      900      950      970     1000      129      960     1100   
                                          VAR    BASINP    GEOM    SYMINP    ZMAT    AOBASIS   BASIS     P2S    ABASIS      S 
                                         1400     1410     1200     1210     1080     1600     1650     1700      960(1)
                                           T        V       H0       H01     AOSYM     SMH    MOLCAS    OPER    ABASIS    

              2       6       84.75       700     1000      520     2100     2101     2102   
                                         GEOM     BASIS   MCVARS     RHF      RHF      RHF  

 PROGRAMS   *        TOTAL        HF       INT       MP2        HF       INT       MP2        HF       INT
 CPU TIMES  *       175.49     42.26      2.44      9.66     45.79      2.58     12.91     57.20      2.42
 REAL TIME  *       403.05 SEC
 DISK USED  *         2.09 GB      
 SF USED    *       960.48 MB      
 GA USED    *         3.20 MB       (max)       0.00 MB       (current)
 **********************************************************************************************************************************
 SETTING E_RHF_B        =    ***************  KCAL/MOL                        


1PROGRAM * MP2 (Closed-shell)     Authors: C. Hampel, H.-J. Werner, 1991, M. Deegan, P.J. Knowles, 1992

 Basis set AUG-CC-PVQZ/MP2FIT generated. Number of basis functions:   1754 

 Convergence thresholds:  THRVAR = 1.00D-08  THRDEN = 1.00D-06

 Number of core orbitals:           6 (   6 )
 Number of closed-shell orbitals:   7 (   7 )
 Number of external orbitals:     885 ( 885 )

 Molecular orbitals read from record     2102.2  Type=RHF/CANONICAL (state 1.1)
 

 Entering DF-MP2

 Thresholds:    THRAO= 0.100D-09    THRMO= 0.100D-08    THROV= 0.100D-11

 Fitting basis: AUG-CC-PVQZ-MP2F
 Number of fitting functions:                1754
 Number of blocks in AO basis:                  6
 Minimum block size:                           80
 Maximum block size:                          218
 Average block size:                          150
 Number of groups in AO basis:                177
 Number of shells in AO basis:                327

 Using large memory version DFMP2B. NIBTK= 1  NGPU= 0  IGPU= 0

 para=T  nprocs= 12  mpptyp=0  number of tasks=  29

 Minimum memory with paging:                  6.85 MW
 Minimum memory for incore assembly:         11.65 MW
 Maximum memory for incore algorithm:        14.80 MW
 Memory for 3-index integrals:                0.00 MW

 Disk space for H1-integrals:                88.79 MB (   203 records)
 
 CPU time for half transformed integrals      2.41 sec, elapsed time      2.42 sec
 CPU time for assembly                        0.94 sec, elapsed time      1.05 sec (5862.5 MFLOP/sec)
 Total CPU time                               6.36 sec, elapsed time      6.56 sec

 SCS-MP2 correlation energy:           -0.406413425540   (PS=  1.200000  PT=  0.333333)
 SCS-MP2 total energy:               -437.588215948905

 Norm of first-order wave function:     0.115110810272
 Coefficient of reference function:     0.946980392667

  Reference energy                   -437.181802523365
  MP2 singlet pair energy              -0.270512671041
  MP2 triplet pair energy              -0.131461425467
  MP2 correlation energy               -0.401974096508

 !MP2 total energy                   -437.583776619873


 **********************************************************************************************************************************
 DATASETS  * FILE   NREC   LENGTH (MB)   RECORD NAMES
              1      19       37.19       500      610      700      900      950      970     1000      129      960     1100   
                                          VAR    BASINP    GEOM    SYMINP    ZMAT    AOBASIS   BASIS     P2S    ABASIS      S 
                                         1400     1410     1200     1210     1080     1600     1650     1700      960(1)
                                           T        V       H0       H01     AOSYM     SMH    MOLCAS    OPER    ABASIS    

              2       6       84.75       700     1000      520     2100     2101     2102   
                                         GEOM     BASIS   MCVARS     RHF      RHF      RHF  

 PROGRAMS   *        TOTAL       MP2        HF       INT       MP2        HF       INT       MP2        HF       INT
 CPU TIMES  *       183.73      8.24     42.26      2.44      9.66     45.79      2.58     12.91     57.20      2.42
 REAL TIME  *       412.74 SEC
 DISK USED  *         2.09 GB      
 SF USED    *       960.48 MB      
 GA USED    *         3.20 MB       (max)       0.00 MB       (current)
 **********************************************************************************************************************************
 SETTING E_CORR_B       =    ***************  KCAL/MOL                        
 SETTING E_B            =      -252.24260451  KCAL/MOL                        
 SETTING E_RHF_CP       =       -78.21756587  KCAL/MOL                        
 SETTING E_CORR_CP      =        -2.72668317  KCAL/MOL                        

        DF-MP2          DF-HF           DF-MP2          DF-HF           DF-MP2          DF-HF   
   -437.58377662   -437.18180252   -205.44598960   -204.60907778   -643.15875907   -641.91552790
 **********************************************************************************************************************************
 Variable memory released
