
 Primary working directories    : /scratch/1723342.phoenix.chem.wisc.edu
 Secondary working directories  : /scratch/1723342.phoenix.chem.wisc.edu
 Wavefunction directory         : /scratch/1723342.phoenix.chem.wisc.edu/
 Main file repository           : /scratch/1723342.phoenix.chem.wisc.edu/

 SHA1      : 65e45729fe3f963b0eb97374e3bda9949063ef0f
 NAME      : 2012.1.17
 ARCHNAME  : Linux/x86_64
 FC        : /opt/intel/composer_xe_2013.5.192/bin/intel64/ifort
 FCVERSION : 13.1.3
 BLASLIB   : -L/opt/intel/composer_xe_2013.5.192/mkl/lib/intel64 -lmkl_intel_ilp64 -lmkl_sequential -lmkl_core
 id        : cuichemwisc

 Nodes             nprocs
 compute-1-35.local   12
 ga_uses_ma=false, calling ma_init with nominal heap.
 GA-space will be limited to   8.0 MW (determined by -G option)

 Using customized tuning parameters: mindgm=1; mindgv=20; mindgc=4; mindgr=1; noblas=0; minvec=7
 default implementation of scratch files=sf  

 geomtyp=xyz
 geometry={
 17
  N0         -2.562614830000       0.964587890000       0.000000000000
  N1         -0.901460800000      -0.455702670000       0.000000000000
  C2         -1.223181340000       0.833717200000       0.000000000000
  C3         -2.071682980000      -1.175489200000       0.000000000000
  C4         -3.122200400000      -0.303048400000       0.000000000000
  H5         -0.458572760000       1.608402630000       0.000000000000
  H6         -2.100015530000      -2.252594890000       0.000000000000
  H7         -4.187260780000      -0.465710020000       0.000000000000
  H8         -3.068632440000       1.839862030000       0.000000000000
  H9          0.024433810000      -0.833475110000       0.000000000000
  C10         7.896403522803      -0.068280275972       0.000000000000
  H11         8.140419222803      -0.655635835972       0.925237700000
  H12         8.383311232803       0.905102394028       0.000000000000
  C13         6.389066792803       0.106417704028       0.000000000000
  H14         8.140419222803      -0.655635835972      -0.925237700000
  O15         5.861687952803       1.215898644028       0.000000000000
  O16         5.720746972803      -1.025943145972       0.000000000000
 }
 
 
 basis=avdz
 
                                                                                 ! Complex
 set,charge=0
 
 hf
 e_rhf_c = energy*tokcal
 ccsd(t)
 e_corr_c = energy*tokcal
 e_c = e_corr_c - e_rhf_c
 
 
                                                                                 ! Monomer 1
 set,charge=1
 dummy,C10,H11,H12,C13,H14,O15,O16
 
 hf
 e_rhf_a = energy*tokcal
 ccsd(t)
 e_corr_a = energy*tokcal
 e_a = e_corr_a - e_rhf_a
 
 
                                                                                 ! Monomer 2
 set,charge=-1
 dummy,N0,N1,C2,C3,C4,H5,H6,H7,H8,H9
 
 hf
 e_rhf_b = energy*tokcal
 ccsd(t)
 e_corr_b = energy*tokcal
 e_b = e_corr_b - e_rhf_b
 
 
 e_rhf_cp = e_rhf_c - (e_rhf_a + e_rhf_b)
 e_corr_cp = e_c - (e_a + e_b)

 Variables initialized (782), CPU time= 0.01 sec
 Commands  initialized (547), CPU time= 0.01 sec, 517 directives.
 Default parameters read. Elapsed time= 0.12 sec

 Checking input...
 Passed
1


                                         ***  PROGRAM SYSTEM MOLPRO  ***
                         Copyright, University College Cardiff Consultants Limited, 2008

                                    Version 2012.1 linked Oct 11 2014 15:40:16


 **********************************************************************************************************************************
 LABEL *                                                                                 
 Linux-2.6.18-308.el5/compute-1-35.local(x86_64) 64 bit mpp version                      DATE: 11-Dec-14          TIME: 22:02:48  
 **********************************************************************************************************************************

 SHA1:             65e45729fe3f963b0eb97374e3bda9949063ef0f
 **********************************************************************************************************************************
 SETTING GEOMTYP        =    XYZ

 Variable memory set to  350000000 words,  buffer space   230000 words

 SETTING BASIS          =    AVDZ
 SETTING CHARGE         =         0.00000000                                  


 Recomputing integrals since basis changed


 Using spherical harmonics

 Library entry N      S aug-cc-pVDZ          selected for orbital group  1
 Library entry N      P aug-cc-pVDZ          selected for orbital group  1
 Library entry N      D aug-cc-pVDZ          selected for orbital group  1
 Library entry C      S aug-cc-pVDZ          selected for orbital group  2
 Library entry C      P aug-cc-pVDZ          selected for orbital group  2
 Library entry C      D aug-cc-pVDZ          selected for orbital group  2
 Library entry H      S aug-cc-pVDZ          selected for orbital group  3
 Library entry H      P aug-cc-pVDZ          selected for orbital group  3
 Library entry O      S aug-cc-pVDZ          selected for orbital group  7
 Library entry O      P aug-cc-pVDZ          selected for orbital group  7
 Library entry O      D aug-cc-pVDZ          selected for orbital group  7

1PROGRAM * SEWARD (Integral evaluation for generally contracted gaussian basis sets)     Author: Roland Lindh, 1990

 Geometry written to block  1 of record 700


 Point group  Cs  



 ATOMIC COORDINATES

 NR  ATOM    CHARGE       X              Y              Z

   1  N0      7.00   -4.842640209    1.822806942    0.000000000
   2  N1      7.00   -1.703514030   -0.861153244    0.000000000
   3  C2      6.00   -2.311477742    1.575497179    0.000000000
   4  C3      6.00   -3.914913463   -2.221352658    0.000000000
   5  C4      6.00   -5.900103683   -0.572678481    0.000000000
   6  H5      1.00   -0.866576928    3.039440480    0.000000000
   7  H6      1.00   -3.968454223   -4.256787427    0.000000000
   8  H7      1.00   -7.912776115   -0.880064394    0.000000000
   9  H8      1.00   -5.798874910    3.476835356    0.000000000
  10  H9      1.00    0.046173209   -1.575039695    0.000000000
  11  C10     6.00   14.922040081   -0.129031022    0.000000000
  12  H11     1.00   15.383162926   -1.238972172    1.748445859
  13  H14     1.00   15.383162926   -1.238972172   -1.748445859
  14  H12     1.00   15.842162304    1.710395646    0.000000000
  15  C13     6.00   12.073586474    0.201100316    0.000000000
  16  O15     8.00   11.076984899    2.297715441    0.000000000
  17  O16     8.00   10.810645046   -1.938751572    0.000000000

 Bond lengths in Bohr (Angstrom)

 1-3  2.543215593  1-5  2.618507095  1-9  1.910548298  2-3  2.511351261  2-4  2.596233792
     ( 1.345811730)     ( 1.385654276)     ( 1.011018616)     ( 1.328949851)     ( 1.373867752)

  2-10  1.889719371   3- 6  2.056907472   4- 5  2.580524512   4- 7  2.036138824   5- 8  2.036009926
       ( 0.999996423)       ( 1.088468555)       ( 1.365554759)       ( 1.077478260)       ( 1.077410050)

 11-12  2.121713119  11-13  2.121713119  11-14  2.056724427  11-15  2.867520646  15-16  2.321424063
       ( 1.122762226)       ( 1.122762226)       ( 1.088371692)       ( 1.517426572)       ( 1.228444707)

 15-17  2.484750924
       ( 1.314873559)

 Bond angles

  1-3-2  109.59013640   1-3-6  129.04449499   1-5-4  105.89059304   1-5-8  122.50200314

  2-3-6  121.36536861   2-4-5  108.69575365   2-4-7  123.10184411   3-1-5  108.23816049

  3- 1- 9  125.61369675   3- 2- 4  107.58535643   3- 2-10  126.20556188   4- 2-10  126.20908169

  4- 5- 8  131.60740382   5- 1- 9  126.14814276   5- 4- 7  128.20240224  11-15-16  122.03452962

 11-15-17  113.93812478  12-11-13  110.98917938  12-11-14  111.75473763  12-11-15  106.02861121

 13-11-14  111.75473763  13-11-15  106.02861121  14-11-15  109.96424308  16-15-17  124.02734560

 NUCLEAR CHARGE:                   68
 NUMBER OF PRIMITIVE AOS:         421
 NUMBER OF SYMMETRY AOS:          403
 NUMBER OF CONTRACTIONS:          279   ( 195A'  +  84A"  )
 NUMBER OF CORE ORBITALS:           9   (   9A'  +   0A"  )
 NUMBER OF VALENCE ORBITALS:       44   (  34A'  +  10A"  )


 NUCLEAR REPULSION ENERGY  356.75637445


 Eigenvalues of metric

         1 0.189E-04 0.488E-04 0.992E-04 0.178E-03 0.189E-03 0.202E-03 0.270E-03 0.289E-03
         2 0.717E-03 0.435E-02 0.613E-02 0.817E-02 0.104E-01 0.121E-01 0.149E-01 0.183E-01


 Contracted 2-electron integrals neglected if value below      1.0D-12
 AO integral compression algorithm  1   Integral accuracy      1.0D-12

     926.679 MB (compressed) written to integral file ( 30.2%)

     Node minimum: 60.817 MB, node maximum: 95.420 MB


 NUMBER OF SORTED TWO-ELECTRON INTEGRALS:   32774382.     BUFFER LENGTH:  32768
 NUMBER OF SEGMENTS:   3  SEGMENT LENGTH:   15995070      RECORD LENGTH: 524288

 Memory used in sort:      16.55 MW

 SORT1 READ   384066511. AND WROTE    16071434. INTEGRALS IN     47 RECORDS. CPU TIME:     8.10 SEC, REAL TIME:     9.59 SEC
 SORT2 READ   192338997. AND WROTE   393647940. INTEGRALS IN   3660 RECORDS. CPU TIME:     0.79 SEC, REAL TIME:    20.82 SEC

 Node minimum:    32764937.  Node maximum:    32843058. integrals

 OPERATOR DM      FOR CENTER  0  COORDINATES:    0.000000    0.000000    0.000000


 **********************************************************************************************************************************
 DATASETS  * FILE   NREC   LENGTH (MB)   RECORD NAMES
              1      18        9.47       500      610      700      900      950      970     1000      129      960     1100   
                                          VAR    BASINP    GEOM    SYMINP    ZMAT    AOBASIS   BASIS     P2S    ABASIS      S 
                                         1400     1410     1200     1210     1080     1600     1650     1700   
                                           T        V       H0       H01     AOSYM     SMH    MOLCAS    OPER   

 PROGRAMS   *        TOTAL       INT
 CPU TIMES  *        12.10     11.96
 REAL TIME  *        34.27 SEC
 DISK USED  *         3.30 GB      
 GA USED    *         0.01 MB       (max)       0.00 MB       (current)
 **********************************************************************************************************************************

1PROGRAM * RHF-SCF (CLOSED SHELL)       Authors: W. Meyer, H.-J. Werner


 NUMBER OF ELECTRONS:      34+   34-
 CONVERGENCE THRESHOLDS:    1.00E-05 (Density)    1.36E-07 (Energy)
 MAX. NUMBER OF ITERATIONS:       60
 INTERPOLATION TYPE:            DIIS
 INTERPOLATION STEPS:              2 (START)      1 (STEP)
 LEVEL SHIFTS:                  0.00 (CLOSED)  0.00 (OPEN) 



 Orbital guess generated from atomic densities. Full valence occupancy:   43  10

 Molecular orbital dump at record        2100.2

 Initial alpha occupancy:  28   6
 Initial beta  occupancy:  28   6
 Wave function symmetry:    1

 ITERATION    DDIFF          GRAD             ENERGY        2-EL.EN.            DIPOLE MOMENTS         DIIS   ORB.
    1      0.000D+00      0.000D+00      -452.35843181   1030.137040  -12.62436    0.97088    0.00000    0    start
    2      0.000D+00      0.617D-02      -452.50000590   1026.193496  -13.92371    0.22000    0.00000    1    diag
    3      0.117D-01      0.407D-02      -452.56141952   1028.087046  -13.46557    0.52225    0.00000    2    diag
    4      0.443D-02      0.576D-03      -452.56404881   1027.906512  -13.46366    0.48780    0.00000    3    diag
    5      0.132D-02      0.209D-03      -452.56436376   1027.955484  -13.45698    0.50818    0.00000    4    diag
    6      0.340D-03      0.757D-04      -452.56442078   1027.939259  -13.44705    0.50479    0.00000    5    diag
    7      0.138D-03      0.318D-04      -452.56443619   1027.942902  -13.44359    0.51088    0.00000    6    diag
    8      0.741D-04      0.144D-04      -452.56444010   1027.946917  -13.44166    0.51147    0.00000    7    diag
    9      0.424D-04      0.473D-05      -452.56444055   1027.944078  -13.44067    0.51287    0.00000    8    diag
   10      0.169D-04      0.163D-05      -452.56444059   1027.945616  -13.44077    0.51289    0.00000    9    orth
   11      0.430D-05      0.355D-06      -452.56444059   1027.945428  -13.44074    0.51294    0.00000    0    orth

 Final occupancy:  28   6

 !RHF STATE 1.1 Energy               -452.564440591033
 Nuclear energy                       356.75637445
 One-electron energy                -1323.29352910
 Two-electron energy                  513.97271406
 Virial quotient                       -1.00188083
 !RHF STATE 1.1 Dipole moment         -13.44074306     0.51294394     0.00000000
 Dipole moment /Debye                 -34.16072375     1.30368805     0.00000000

 Orbital energies:

         1.1          2.1          3.1          4.1          5.1          6.1          7.1          8.1          9.1         10.1
    -20.373942   -20.349264   -15.790910   -15.785705   -11.491323   -11.415339   -11.412102   -11.205285   -11.123563    -1.527107

        11.1         12.1         13.1         14.1         15.1         16.1         17.1         18.1         19.1         20.1
     -1.369873    -1.235749    -1.177084    -1.109735    -1.035384    -0.978015    -0.921077    -0.861334    -0.841664    -0.756444

        21.1         22.1         23.1         24.1         25.1         26.1         27.1         28.1         29.1         30.1
     -0.751169    -0.734936    -0.575692    -0.486769    -0.476676    -0.417334    -0.267737    -0.255592    -0.033204    -0.010217

         1.2          2.2          3.2          4.2          5.2          6.2          7.2          8.2
     -0.770809    -0.597310    -0.477347    -0.475502    -0.378110    -0.248168    -0.003126     0.031441

 HOMO      6.2    -0.248168 =      -6.7530eV
 LUMO     29.1    -0.033204 =      -0.9035eV
 LUMO-HOMO         0.214964 =       5.8495eV


 **********************************************************************************************************************************
 DATASETS  * FILE   NREC   LENGTH (MB)   RECORD NAMES
              1      18        9.52       500      610      700      900      950      970     1000      129      960     1100   
                                          VAR    BASINP    GEOM    SYMINP    ZMAT    AOBASIS   BASIS     P2S    ABASIS      S 
                                         1400     1410     1200     1210     1080     1600     1650     1700   
                                           T        V       H0       H01     AOSYM     SMH    MOLCAS    OPER   

              2       4        1.52       700     1000      520     2100   
                                         GEOM     BASIS   MCVARS     RHF  

 PROGRAMS   *        TOTAL        HF       INT
 CPU TIMES  *        16.65      4.55     11.96
 REAL TIME  *        42.94 SEC
 DISK USED  *         3.47 GB      
 SF USED    *         0.18 MB      
 GA USED    *         0.01 MB       (max)       0.00 MB       (current)
 **********************************************************************************************************************************
 SETTING E_RHF_C        =    ***************  KCAL/MOL                        


1PROGRAM * CCSD (Closed-shell coupled cluster)     Authors: C. Hampel, H.-J. Werner, 1991, M. Deegan, P.J. Knowles, 1992


 Convergence thresholds:  THRVAR = 1.00D-08  THRDEN = 1.36D-06

 CCSD(T)     terms to be evaluated (factor= 1.000)


 Number of core orbitals:           9 (   9   0 )
 Number of closed-shell orbitals:  25 (  19   6 )
 Number of external orbitals:     245 ( 167  78 )

 Molecular orbitals read from record     2100.2  Type=RHF/CANONICAL (state 1.1)

 Number of N-1 electron functions:              25
 Number of N-2 electron functions:             325
 Number of singly external CSFs:              3641
 Number of doubly external CSFs:           9716631
 Total number of CSFs:                     9720273

 Length of J-op  integral file:               0.00 MB
 Length of K-op  integral file:               3.10 MB
 Length of 3-ext integral record:             0.00 MB

 Memory could be reduced to 231.27 Mwords without degradation in triples

 Integral transformation finished. Total CPU:  32.90 sec, npass=  1  Memory used:  87.11 MW

 Reference energy:                   -452.56444059

 MP2 singlet pair energy:              -0.86179953
 MP2 triplet pair energy:              -0.56746139
 MP2 correlation energy:               -1.42926092
 MP2 total energy:                   -453.99370151

 SCS-MP2 correlation energy:           -1.38724652   (PS=  1.200000  PT=  0.333333)
 SCS-MP2 total energy:               -453.95168711

 ITER.      SQ.NORM     CORR.ENERGY   TOTAL ENERGY   ENERGY CHANGE        DEN1      VAR(S)    VAR(P)  DIIS     TIME
   1      1.47291877    -1.46824922  -454.03268981    -0.03898830     0.00445163  0.12D-01  0.97D-02  1  1    53.37
   2      1.51038529    -1.47197844  -454.03641903    -0.00372922    -0.03710623  0.23D-03  0.16D-02  2  2    74.24
   3      1.52774924    -1.47291833  -454.03735892    -0.00093988    -0.00782155  0.30D-03  0.82D-04  3  3    94.69
   4      1.53455522    -1.47270428  -454.03714487     0.00021404    -0.00212063  0.34D-04  0.17D-04  4  4   115.43
   5      1.53774886    -1.47267948  -454.03712007     0.00002481    -0.00063091  0.11D-04  0.20D-05  5  5   135.28
   6      1.53873746    -1.47264345  -454.03708404     0.00003602    -0.00009645  0.24D-05  0.71D-06  6  6   155.22
   7      1.53916488    -1.47262197  -454.03706256     0.00002148    -0.00001098  0.88D-06  0.22D-06  6  1   175.13
   8      1.53937242    -1.47261756  -454.03705815     0.00000441    -0.00002387  0.36D-06  0.71D-07  6  2   195.01
   9      1.53944859    -1.47261898  -454.03705957    -0.00000142     0.00000816  0.13D-06  0.29D-07  6  3   214.90
  10      1.53951363    -1.47261678  -454.03705738     0.00000220    -0.00000575  0.68D-07  0.11D-07  6  6   234.84
  11      1.53954383    -1.47261699  -454.03705758    -0.00000021    -0.00000248  0.21D-07  0.41D-08  6  4   254.80
  12      1.53954963    -1.47261779  -454.03705838    -0.00000080     0.00000126  0.78D-08  0.23D-08  6  5   274.74
  13      1.53955265    -1.47261787  -454.03705846    -0.00000008     0.00000003  0.36D-08  0.76D-09  6  1   294.72

 Norm of t1 vector:      0.16644000      S-energy:    -0.00000040      T1 diagnostic:  0.01664400
                                                                       D1 diagnostic:  0.06328512


 Total CPU time for triples:    670.90 sec


 RESULTS
 =======

  Reference energy                   -452.564440591034
  CCSD singlet pair energy             -0.971026378379
  CCSD triplet pair energy             -0.501591087302
  CCSD correlation energy              -1.472617869690

  Triples (T) contribution             -0.060247967317
  Total correlation energy             -1.532865837007

  CCSD total energy                  -454.037058460724
  CCSD[T] energy                     -454.101033998849
  CCSD-T energy                      -454.096025355304
 !CCSD(T) total energy               -454.097306428041

 Timing summary (sec):

 STEP                 CPU(USER)    SYS     CPU(TOT)    WALL
 Transformation         33.16      7.32     40.48     45.66
 CCSD iterations       261.61     10.47    272.08    285.68
 Triples               670.90      6.19    677.09    677.11

 Program statistics:

 Available memory in ccsd:               349997400
 Min. memory needed in ccsd:              23076474
 Max. memory used in ccsd:                32197977
 Max. memory used in cckext:              30186849 (13 integral passes)



 **********************************************************************************************************************************
 DATASETS  * FILE   NREC   LENGTH (MB)   RECORD NAMES
              1      19      930.65       500      610      700      900      950      970     1000      129      960     1100   
                                          VAR    BASINP    GEOM    SYMINP    ZMAT    AOBASIS   BASIS     P2S    ABASIS      S 
                                         1400     1410     1200     1210     1080     1600     1650     1700     1380   
                                           T        V       H0       H01     AOSYM     SMH    MOLCAS    OPER     JKOP   

              2       4        1.52       700     1000      520     2100   
                                         GEOM     BASIS   MCVARS     RHF  

 PROGRAMS   *        TOTAL   CCSD(T)        HF       INT
 CPU TIMES  *       982.37    965.72      4.55     11.96
 REAL TIME  *      1051.92 SEC
 DISK USED  *         5.36 GB      
 SF USED    *         1.79 GB      
 GA USED    *         0.01 MB       (max)       0.00 MB       (current)
 **********************************************************************************************************************************
 SETTING E_CORR_C       =    ***************  KCAL/MOL                        
 SETTING E_C            =      -961.88802823  KCAL/MOL                        
 SETTING CHARGE         =         1.00000000                                  

 Dummy atoms: C10  H11  H12  C13  H14  O15  O16


 Recomputing one-electron integrals since nuclear charges changed

1PROGRAM * SEWARD (Integral evaluation for generally contracted gaussian basis sets)     Author: Roland Lindh, 1990

 Geometry written to block  1 of record 700


 Point group  Cs  



 ATOMIC COORDINATES

 NR  ATOM    CHARGE       X              Y              Z

   1  N0      7.00   -4.842640209    1.822806942    0.000000000
   2  N1      7.00   -1.703514030   -0.861153244    0.000000000
   3  C2      6.00   -2.311477742    1.575497179    0.000000000
   4  C3      6.00   -3.914913463   -2.221352658    0.000000000
   5  C4      6.00   -5.900103683   -0.572678481    0.000000000
   6  H5      1.00   -0.866576928    3.039440480    0.000000000
   7  H6      1.00   -3.968454223   -4.256787427    0.000000000
   8  H7      1.00   -7.912776115   -0.880064394    0.000000000
   9  H8      1.00   -5.798874910    3.476835356    0.000000000
  10  H9      1.00    0.046173209   -1.575039695    0.000000000
  11  C10     0.00   14.922040081   -0.129031022    0.000000000
  12  H11     0.00   15.383162926   -1.238972172    1.748445859
  13  H14     0.00   15.383162926   -1.238972172   -1.748445859
  14  H12     0.00   15.842162304    1.710395646    0.000000000
  15  C13     0.00   12.073586474    0.201100316    0.000000000
  16  O15     0.00   11.076984899    2.297715441    0.000000000
  17  O16     0.00   10.810645046   -1.938751572    0.000000000

 Bond lengths in Bohr (Angstrom)

 1-3  2.543215593  1-5  2.618507095  1-9  1.910548298  2-3  2.511351261  2-4  2.596233792
     ( 1.345811730)     ( 1.385654276)     ( 1.011018616)     ( 1.328949851)     ( 1.373867752)

  2-10  1.889719371   3- 6  2.056907472   4- 5  2.580524512   4- 7  2.036138824   5- 8  2.036009926
       ( 0.999996423)       ( 1.088468555)       ( 1.365554759)       ( 1.077478260)       ( 1.077410050)

 11-12  2.121713119  11-13  2.121713119  11-14  2.056724427  11-15  2.867520646  15-16  2.321424063
       ( 1.122762226)       ( 1.122762226)       ( 1.088371692)       ( 1.517426572)       ( 1.228444707)

 15-17  2.484750924
       ( 1.314873559)

 Bond angles

  1-3-2  109.59013640   1-3-6  129.04449499   1-5-4  105.89059304   1-5-8  122.50200314

  2-3-6  121.36536861   2-4-5  108.69575365   2-4-7  123.10184411   3-1-5  108.23816049

  3- 1- 9  125.61369675   3- 2- 4  107.58535643   3- 2-10  126.20556188   4- 2-10  126.20908169

  4- 5- 8  131.60740382   5- 1- 9  126.14814276   5- 4- 7  128.20240224  11-15-16  122.03452962

 11-15-17  113.93812478  12-11-13  110.98917938  12-11-14  111.75473763  12-11-15  106.02861121

 13-11-14  111.75473763  13-11-15  106.02861121  14-11-15  109.96424308  16-15-17  124.02734560

 NUCLEAR CHARGE:                   37
 NUMBER OF PRIMITIVE AOS:         421
 NUMBER OF SYMMETRY AOS:          403
 NUMBER OF CONTRACTIONS:          279   ( 195A'  +  84A"  )
 NUMBER OF CORE ORBITALS:           5   (   5A'  +   0A"  )
 NUMBER OF VALENCE ORBITALS:       25   (  20A'  +   5A"  )

 MOLECULE CHANGED: INITIALIZING OCCUPATION AND DUMP RECORDS


 NUCLEAR REPULSION ENERGY  172.82741642


 Eigenvalues of metric

         1 0.189E-04 0.488E-04 0.992E-04 0.178E-03 0.189E-03 0.202E-03 0.270E-03 0.289E-03
         2 0.717E-03 0.435E-02 0.613E-02 0.817E-02 0.104E-01 0.121E-01 0.149E-01 0.183E-01


 Contracted 2-electron integrals neglected if value below      1.0D-12

 OPERATOR DM      FOR CENTER  0  COORDINATES:    0.000000    0.000000    0.000000


 **********************************************************************************************************************************
 DATASETS  * FILE   NREC   LENGTH (MB)   RECORD NAMES
              1      18        9.52       500      610      700      900      950      970     1000      129      960     1100   
                                          VAR    BASINP    GEOM    SYMINP    ZMAT    AOBASIS   BASIS     P2S    ABASIS      S 
                                         1400     1410     1200     1210     1080     1600     1650     1700   
                                           T        V       H0       H01     AOSYM     SMH    MOLCAS    OPER   

              2       4        1.52       700     1000      520     2100   
                                         GEOM     BASIS   MCVARS     RHF  

 PROGRAMS   *        TOTAL       INT   CCSD(T)        HF       INT
 CPU TIMES  *       982.49      0.11    965.72      4.55     11.96
 REAL TIME  *      1052.81 SEC
 DISK USED  *        15.46 GB      
 SF USED    *         1.79 GB      
 GA USED    *         0.01 MB       (max)       0.00 MB       (current)
 **********************************************************************************************************************************

1PROGRAM * RHF-SCF (CLOSED SHELL)       Authors: W. Meyer, H.-J. Werner


 NUMBER OF ELECTRONS:      18+   18-
 CONVERGENCE THRESHOLDS:    1.00E-05 (Density)    1.00E-07 (Energy)
 MAX. NUMBER OF ITERATIONS:       60
 INTERPOLATION TYPE:            DIIS
 INTERPOLATION STEPS:              2 (START)      1 (STEP)
 LEVEL SHIFTS:                  0.00 (CLOSED)  0.00 (OPEN) 



 Orbital guess generated from atomic densities. Full valence occupancy:   25   5

 Molecular orbital dump at record        2101.2

 Initial alpha occupancy:  15   3
 Initial beta  occupancy:  15   3
 Wave function symmetry:    1

 ITERATION    DDIFF          GRAD             ENERGY        2-EL.EN.            DIPOLE MOMENTS         DIIS   ORB.
    1      0.000D+00      0.000D+00      -225.15317997    475.717771   -2.86785    0.94322    0.00000    0    start
    2      0.000D+00      0.408D-02      -225.21300562    480.949549   -3.43220    0.26161    0.00000    1    diag
    3      0.634D-02      0.183D-02      -225.22222148    479.381039   -3.22194    0.51825    0.00000    2    diag
    4      0.247D-02      0.548D-03      -225.22349018    479.644895   -3.27071    0.45672    0.00000    3    diag
    5      0.783D-03      0.996D-04      -225.22357873    479.728389   -3.26126    0.46834    0.00000    4    diag
    6      0.189D-03      0.527D-04      -225.22360346    479.699715   -3.26086    0.46734    0.00000    5    diag
    7      0.854D-04      0.221D-04      -225.22361161    479.708687   -3.25741    0.47180    0.00000    6    diag
    8      0.653D-04      0.829D-05      -225.22361227    479.708893   -3.25641    0.47218    0.00000    7    diag
    9      0.231D-04      0.211D-05      -225.22361229    479.708299   -3.25646    0.47245    0.00000    8    diag
   10      0.290D-05      0.484D-06      -225.22361229    479.708398   -3.25641    0.47238    0.00000    0    orth

 Final occupancy:  15   3

 !RHF STATE 1.1 Energy               -225.223612291178
 Nuclear energy                       172.82741642
 One-electron energy                 -637.90522785
 Two-electron energy                  239.85419913
 Virial quotient                       -1.00164244
 !RHF STATE 1.1 Dipole moment          -3.25640628     0.47238452     0.00000000
 Dipole moment /Debye                  -8.27641707     1.20060306     0.00000000

 Orbital energies:

         1.1          2.1          3.1          4.1          5.1          6.1          7.1          8.1          9.1         10.1
    -15.860298   -15.860085   -11.563424   -11.483143   -11.480179    -1.598238    -1.441194    -1.246786    -1.107387    -1.047924

        11.1         12.1         13.1         14.1         15.1         16.1         17.1
     -0.991743    -0.913865    -0.828412    -0.818378    -0.803347    -0.096642    -0.080254

         1.2          2.2          3.2          4.2          5.2
     -0.841798    -0.668241    -0.543975    -0.075444    -0.033881

 HOMO      3.2    -0.543975 =     -14.8023eV
 LUMO     16.1    -0.096642 =      -2.6298eV
 LUMO-HOMO         0.447333 =      12.1726eV


 **********************************************************************************************************************************
 DATASETS  * FILE   NREC   LENGTH (MB)   RECORD NAMES
              1      18        9.52       500      610      700      900      950      970     1000      129      960     1100   
                                          VAR    BASINP    GEOM    SYMINP    ZMAT    AOBASIS   BASIS     P2S    ABASIS      S 
                                         1400     1410     1200     1210     1080     1600     1650     1700   
                                           T        V       H0       H01     AOSYM     SMH    MOLCAS    OPER   

              2       5        3.37       700     1000      520     2100     2101   
                                         GEOM     BASIS   MCVARS     RHF      RHF  

 PROGRAMS   *        TOTAL        HF       INT   CCSD(T)        HF       INT
 CPU TIMES  *       985.97      3.47      0.11    965.72      4.55     11.96
 REAL TIME  *      1056.60 SEC
 DISK USED  *        15.46 GB      
 SF USED    *         1.79 GB      
 GA USED    *         0.01 MB       (max)       0.00 MB       (current)
 **********************************************************************************************************************************
 SETTING E_RHF_A        =    ***************  KCAL/MOL                        


1PROGRAM * CCSD (Closed-shell coupled cluster)     Authors: C. Hampel, H.-J. Werner, 1991, M. Deegan, P.J. Knowles, 1992


 Convergence thresholds:  THRVAR = 1.00D-08  THRDEN = 1.00D-06

 CCSD(T)     terms to be evaluated (factor= 1.000)


 Number of core orbitals:           5 (   5   0 )
 Number of closed-shell orbitals:  13 (  10   3 )
 Number of external orbitals:     261 ( 180  81 )

 Molecular orbitals read from record     2101.2  Type=RHF/CANONICAL (state 1.1)

 Number of N-1 electron functions:              13
 Number of N-2 electron functions:              91
 Number of singly external CSFs:              2043
 Number of doubly external CSFs:           2999871
 Total number of CSFs:                     3001915

 Length of J-op  integral file:               0.00 MB
 Length of K-op  integral file:               3.10 MB
 Length of 3-ext integral record:             0.00 MB

 Memory could be reduced to 150.03 Mwords without degradation in triples

 Integral transformation finished. Total CPU:  17.95 sec, npass=  1  Memory used:  45.35 MW

 Reference energy:                   -225.22361229

 MP2 singlet pair energy:              -0.44697560
 MP2 triplet pair energy:              -0.29171705
 MP2 correlation energy:               -0.73869265
 MP2 total energy:                   -225.96230494

 SCS-MP2 correlation energy:           -0.71788355   (PS=  1.200000  PT=  0.333333)
 SCS-MP2 total energy:               -225.94149584

 ITER.      SQ.NORM     CORR.ENERGY   TOTAL ENERGY   ENERGY CHANGE        DEN1      VAR(S)    VAR(P)  DIIS     TIME
   1      1.25524614    -0.76205413  -225.98566642    -0.02336148    -0.00331134  0.38D-02  0.50D-02  1  1    22.90
   2      1.27477910    -0.76544304  -225.98905533    -0.00338890    -0.01892093  0.73D-04  0.67D-03  2  2    28.00
   3      1.28188594    -0.76558726  -225.98919956    -0.00014423    -0.00355092  0.75D-04  0.39D-04  3  3    33.27
   4      1.28462388    -0.76561699  -225.98922928    -0.00002972    -0.00088414  0.77D-05  0.55D-05  4  4    38.56
   5      1.28563145    -0.76563238  -225.98924467    -0.00001539    -0.00021105  0.27D-05  0.48D-06  5  5    43.87
   6      1.28594657    -0.76561798  -225.98923027     0.00001440    -0.00003546  0.39D-06  0.13D-06  6  6    49.20
   7      1.28606398    -0.76561434  -225.98922663     0.00000364    -0.00000552  0.82D-07  0.23D-07  6  2    54.55
   8      1.28610559    -0.76561328  -225.98922557     0.00000106    -0.00000225  0.57D-08  0.34D-08  6  1    59.85
   9      1.28611692    -0.76561287  -225.98922516     0.00000041    -0.00000049  0.54D-09  0.37D-09  6  3    64.92
  10      1.28611401    -0.76561325  -225.98922554    -0.00000038     0.00000147  0.11D-09  0.33D-10  6  5    70.03

 Norm of t1 vector:      0.09347360      S-energy:     0.00000024      T1 diagnostic:  0.01296246
                                                                       D1 diagnostic:  0.05095548


 Total CPU time for triples:    113.28 sec


 RESULTS
 =======

  Reference energy                   -225.223612291179
  CCSD singlet pair energy             -0.506455057554
  CCSD triplet pair energy             -0.259158427695
  CCSD correlation energy              -0.765613247937

  Triples (T) contribution             -0.032817829588
  Total correlation energy             -0.798431077524

  CCSD total energy                  -225.989225539115
  CCSD[T] energy                     -226.023010189036
  CCSD-T energy                      -226.021667326601
 !CCSD(T) total energy               -226.022043368703

 Timing summary (sec):

 STEP                 CPU(USER)    SYS     CPU(TOT)    WALL
 Transformation         18.01      2.81     20.82     21.44
 CCSD iterations        52.04      2.75     54.79     71.08
 Triples               113.28      1.22    114.50    114.50

 Program statistics:

 Available memory in ccsd:               349999224
 Min. memory needed in ccsd:               7778488
 Max. memory used in ccsd:                10494847
 Max. memory used in cckext:              11082126 (10 integral passes)



 **********************************************************************************************************************************
 DATASETS  * FILE   NREC   LENGTH (MB)   RECORD NAMES
              1      19      533.28       500      610      700      900      950      970     1000      129      960     1100   
                                          VAR    BASINP    GEOM    SYMINP    ZMAT    AOBASIS   BASIS     P2S    ABASIS      S 
                                         1400     1410     1200     1210     1080     1600     1650     1700     1380   
                                           T        V       H0       H01     AOSYM     SMH    MOLCAS    OPER     JKOP   

              2       5        3.37       700     1000      520     2100     2101   
                                         GEOM     BASIS   MCVARS     RHF      RHF  

 PROGRAMS   *        TOTAL   CCSD(T)        HF       INT   CCSD(T)        HF       INT
 CPU TIMES  *      1169.35    183.38      3.47      0.11    965.72      4.55     11.96
 REAL TIME  *      1263.88 SEC
 DISK USED  *        15.46 GB      
 SF USED    *         1.79 GB      
 GA USED    *         0.01 MB       (max)       0.00 MB       (current)
 **********************************************************************************************************************************
 SETTING E_CORR_A       =    ***************  KCAL/MOL                        
 SETTING E_A            =      -501.02316609  KCAL/MOL                        
 SETTING CHARGE         =        -1.00000000                                  

 Dummy atoms: N0  N1  C2  C3  C4  H5  H6  H7  H8  H9


 Recomputing one-electron integrals since nuclear charges changed

1PROGRAM * SEWARD (Integral evaluation for generally contracted gaussian basis sets)     Author: Roland Lindh, 1990

 Geometry written to block  1 of record 700


 Point group  Cs  



 ATOMIC COORDINATES

 NR  ATOM    CHARGE       X              Y              Z

   1  N0      0.00   -4.842640209    1.822806942    0.000000000
   2  N1      0.00   -1.703514030   -0.861153244    0.000000000
   3  C2      0.00   -2.311477742    1.575497179    0.000000000
   4  C3      0.00   -3.914913463   -2.221352658    0.000000000
   5  C4      0.00   -5.900103683   -0.572678481    0.000000000
   6  H5      0.00   -0.866576928    3.039440480    0.000000000
   7  H6      0.00   -3.968454223   -4.256787427    0.000000000
   8  H7      0.00   -7.912776115   -0.880064394    0.000000000
   9  H8      0.00   -5.798874910    3.476835356    0.000000000
  10  H9      0.00    0.046173209   -1.575039695    0.000000000
  11  C10     6.00   14.922040081   -0.129031022    0.000000000
  12  H11     1.00   15.383162926   -1.238972172    1.748445859
  13  H14     1.00   15.383162926   -1.238972172   -1.748445859
  14  H12     1.00   15.842162304    1.710395646    0.000000000
  15  C13     6.00   12.073586474    0.201100316    0.000000000
  16  O15     8.00   11.076984899    2.297715441    0.000000000
  17  O16     8.00   10.810645046   -1.938751572    0.000000000

 Bond lengths in Bohr (Angstrom)

 1-3  2.543215593  1-5  2.618507095  1-9  1.910548298  2-3  2.511351261  2-4  2.596233792
     ( 1.345811730)     ( 1.385654276)     ( 1.011018616)     ( 1.328949851)     ( 1.373867752)

  2-10  1.889719371   3- 6  2.056907472   4- 5  2.580524512   4- 7  2.036138824   5- 8  2.036009926
       ( 0.999996423)       ( 1.088468555)       ( 1.365554759)       ( 1.077478260)       ( 1.077410050)

 11-12  2.121713119  11-13  2.121713119  11-14  2.056724427  11-15  2.867520646  15-16  2.321424063
       ( 1.122762226)       ( 1.122762226)       ( 1.088371692)       ( 1.517426572)       ( 1.228444707)

 15-17  2.484750924
       ( 1.314873559)

 Bond angles

  1-3-2  109.59013640   1-3-6  129.04449499   1-5-4  105.89059304   1-5-8  122.50200314

  2-3-6  121.36536861   2-4-5  108.69575365   2-4-7  123.10184411   3-1-5  108.23816049

  3- 1- 9  125.61369675   3- 2- 4  107.58535643   3- 2-10  126.20556188   4- 2-10  126.20908169

  4- 5- 8  131.60740382   5- 1- 9  126.14814276   5- 4- 7  128.20240224  11-15-16  122.03452962

 11-15-17  113.93812478  12-11-13  110.98917938  12-11-14  111.75473763  12-11-15  106.02861121

 13-11-14  111.75473763  13-11-15  106.02861121  14-11-15  109.96424308  16-15-17  124.02734560

 NUCLEAR CHARGE:                   31
 NUMBER OF PRIMITIVE AOS:         421
 NUMBER OF SYMMETRY AOS:          403
 NUMBER OF CONTRACTIONS:          279   ( 195A'  +  84A"  )
 NUMBER OF CORE ORBITALS:           4   (   4A'  +   0A"  )
 NUMBER OF VALENCE ORBITALS:       19   (  14A'  +   5A"  )

 MOLECULE CHANGED: INITIALIZING OCCUPATION AND DUMP RECORDS


 NUCLEAR REPULSION ENERGY  111.70445666


 Eigenvalues of metric

         1 0.189E-04 0.488E-04 0.992E-04 0.178E-03 0.189E-03 0.202E-03 0.270E-03 0.289E-03
         2 0.717E-03 0.435E-02 0.613E-02 0.817E-02 0.104E-01 0.121E-01 0.149E-01 0.183E-01


 Contracted 2-electron integrals neglected if value below      1.0D-12

 OPERATOR DM      FOR CENTER  0  COORDINATES:    0.000000    0.000000    0.000000


 **********************************************************************************************************************************
 DATASETS  * FILE   NREC   LENGTH (MB)   RECORD NAMES
              1      18        9.52       500      610      700      900      950      970     1000      129      960     1100   
                                          VAR    BASINP    GEOM    SYMINP    ZMAT    AOBASIS   BASIS     P2S    ABASIS      S 
                                         1400     1410     1200     1210     1080     1600     1650     1700   
                                           T        V       H0       H01     AOSYM     SMH    MOLCAS    OPER   

              2       5        3.37       700     1000      520     2100     2101   
                                         GEOM     BASIS   MCVARS     RHF      RHF  

 PROGRAMS   *        TOTAL       INT   CCSD(T)        HF       INT   CCSD(T)        HF       INT
 CPU TIMES  *      1169.46      0.09    183.38      3.47      0.11    965.72      4.55     11.96
 REAL TIME  *      1264.42 SEC
 DISK USED  *        15.46 GB      
 SF USED    *         1.79 GB      
 GA USED    *         0.01 MB       (max)       0.00 MB       (current)
 **********************************************************************************************************************************

1PROGRAM * RHF-SCF (CLOSED SHELL)       Authors: W. Meyer, H.-J. Werner


 NUMBER OF ELECTRONS:      16+   16-
 CONVERGENCE THRESHOLDS:    1.00E-05 (Density)    1.00E-07 (Energy)
 MAX. NUMBER OF ITERATIONS:       60
 INTERPOLATION TYPE:            DIIS
 INTERPOLATION STEPS:              2 (START)      1 (STEP)
 LEVEL SHIFTS:                  0.00 (CLOSED)  0.00 (OPEN) 



 Orbital guess generated from atomic densities. Full valence occupancy:   18   5

 Molecular orbital dump at record        2102.2

 Initial alpha occupancy:  13   3
 Initial beta  occupancy:  13   3
 Wave function symmetry:    1

 ITERATION    DDIFF          GRAD             ENERGY        2-EL.EN.            DIPOLE MOMENTS         DIIS   ORB.
    1      0.000D+00      0.000D+00      -227.12632563    408.939652   -9.75652    0.02766    0.00000    0    start
    2      0.000D+00      0.757D-02      -227.21042156    399.851945  -10.90854   -0.04088    0.00000    1    diag
    3      0.101D-01      0.546D-02      -227.26471518    402.801076  -10.57916    0.05128    0.00000    2    diag
    4      0.389D-02      0.555D-03      -227.26598427    402.947154  -10.60083    0.01868    0.00000    3    diag
    5      0.847D-03      0.222D-03      -227.26616861    402.828978  -10.59604    0.04272    0.00000    4    diag
    6      0.265D-03      0.785D-04      -227.26618685    402.825121  -10.59441    0.03576    0.00000    5    diag
    7      0.785D-04      0.240D-04      -227.26618975    402.835997  -10.59399    0.03807    0.00000    6    diag
    8      0.351D-04      0.739D-05      -227.26619008    402.833737  -10.59373    0.03820    0.00000    7    diag
    9      0.125D-04      0.231D-05      -227.26619014    402.834383  -10.59374    0.03846    0.00000    8    diag
   10      0.554D-05      0.759D-06      -227.26619014    402.834097  -10.59377    0.03849    0.00000    0    orth

 Final occupancy:  13   3

 !RHF STATE 1.1 Energy               -227.266190140237
 Nuclear energy                       111.70445666
 One-electron energy                 -540.38769550
 Two-electron energy                  201.41704870
 Virial quotient                       -1.00178537
 !RHF STATE 1.1 Dipole moment         -10.59376933     0.03848851     0.00000000
 Dipole moment /Debye                 -26.92491226     0.09782163     0.00000000

 Orbital energies:

         1.1          2.1          3.1          4.1          5.1          6.1          7.1          8.1          9.1         10.1
    -20.304893   -20.279299   -11.137625   -11.063919    -1.166618    -1.040111    -0.800216    -0.509600    -0.422308    -0.410353

        11.1         12.1         13.1         14.1         15.1
     -0.351908    -0.199384    -0.185964     0.078441     0.099780

         1.2          2.2          3.2          4.2          5.2
     -0.415601    -0.311472    -0.177529     0.139520     0.165417

 HOMO      3.2    -0.177529 =      -4.8308eV
 LUMO     14.1     0.078441 =       2.1345eV
 LUMO-HOMO         0.255970 =       6.9653eV


 **********************************************************************************************************************************
 DATASETS  * FILE   NREC   LENGTH (MB)   RECORD NAMES
              1      18        9.52       500      610      700      900      950      970     1000      129      960     1100   
                                          VAR    BASINP    GEOM    SYMINP    ZMAT    AOBASIS   BASIS     P2S    ABASIS      S 
                                         1400     1410     1200     1210     1080     1600     1650     1700   
                                           T        V       H0       H01     AOSYM     SMH    MOLCAS    OPER   

              2       6        5.23       700     1000      520     2100     2101     2102   
                                         GEOM     BASIS   MCVARS     RHF      RHF      RHF  

 PROGRAMS   *        TOTAL        HF       INT   CCSD(T)        HF       INT   CCSD(T)        HF       INT
 CPU TIMES  *      1172.92      3.47      0.09    183.38      3.47      0.11    965.72      4.55     11.96
 REAL TIME  *      1268.22 SEC
 DISK USED  *        15.46 GB      
 SF USED    *         1.79 GB      
 GA USED    *         0.01 MB       (max)       0.00 MB       (current)
 **********************************************************************************************************************************
 SETTING E_RHF_B        =    ***************  KCAL/MOL                        


1PROGRAM * CCSD (Closed-shell coupled cluster)     Authors: C. Hampel, H.-J. Werner, 1991, M. Deegan, P.J. Knowles, 1992


 Convergence thresholds:  THRVAR = 1.00D-08  THRDEN = 1.00D-06

 CCSD(T)     terms to be evaluated (factor= 1.000)


 Number of core orbitals:           4 (   4   0 )
 Number of closed-shell orbitals:  12 (   9   3 )
 Number of external orbitals:     263 ( 182  81 )

 Molecular orbitals read from record     2102.2  Type=RHF/CANONICAL (state 1.1)

 Number of N-1 electron functions:              12
 Number of N-2 electron functions:              78
 Number of singly external CSFs:              1881
 Number of doubly external CSFs:           2583471
 Total number of CSFs:                     2585353

 Length of J-op  integral file:               0.00 MB
 Length of K-op  integral file:               3.10 MB
 Length of 3-ext integral record:             0.00 MB

 Memory could be reduced to 142.95 Mwords without degradation in triples

 Integral transformation finished. Total CPU:  16.13 sec, npass=  1  Memory used:  40.99 MW

 Reference energy:                   -227.26619014

 MP2 singlet pair energy:              -0.41541817
 MP2 triplet pair energy:              -0.27624712
 MP2 correlation energy:               -0.69166529
 MP2 total energy:                   -227.95785543

 SCS-MP2 correlation energy:           -0.67038890   (PS=  1.200000  PT=  0.333333)
 SCS-MP2 total energy:               -227.93657904

 ITER.      SQ.NORM     CORR.ENERGY   TOTAL ENERGY   ENERGY CHANGE        DEN1      VAR(S)    VAR(P)  DIIS     TIME
   1      1.21814391    -0.70702189  -227.97321203    -0.01535660     0.00814789  0.85D-02  0.48D-02  1  1    20.32
   2      1.23621101    -0.70740101  -227.97359115    -0.00037913    -0.01836939  0.17D-03  0.81D-03  2  2    24.99
   3      1.24629087    -0.70805773  -227.97424787    -0.00065671    -0.00423259  0.20D-03  0.37D-04  3  3    29.19
   4      1.25031003    -0.70786595  -227.97405609     0.00019178    -0.00120222  0.22D-04  0.89D-05  4  4    33.52
   5      1.25222503    -0.70779558  -227.97398572     0.00007037    -0.00037689  0.54D-05  0.12D-05  5  5    37.82
   6      1.25275653    -0.70777483  -227.97396497     0.00002075    -0.00004821  0.99D-06  0.31D-06  6  6    42.14
   7      1.25297229    -0.70776269  -227.97395283     0.00001215    -0.00000177  0.19D-06  0.77D-07  6  1    46.44
   8      1.25305736    -0.70775901  -227.97394915     0.00000368    -0.00001292  0.67D-07  0.12D-07  6  2    50.71
   9      1.25307787    -0.70776013  -227.97395027    -0.00000113     0.00000389  0.12D-07  0.36D-08  6  3    54.94
  10      1.25309701    -0.70775884  -227.97394898     0.00000129    -0.00000303  0.25D-08  0.72D-09  6  4    59.16
  11      1.25309627    -0.70775939  -227.97394953    -0.00000056     0.00000090  0.65D-09  0.19D-09  6  5    63.38
  12      1.25309817    -0.70775940  -227.97394954    -0.00000000    -0.00000001  0.15D-09  0.57D-10  6  6    67.70

 Norm of t1 vector:      0.13519682      S-energy:     0.00000020      T1 diagnostic:  0.01951398
                                                                       D1 diagnostic:  0.06349764


 Total CPU time for triples:     94.73 sec


 RESULTS
 =======

  Reference energy                   -227.266190140236
  CCSD singlet pair energy             -0.465099083305
  CCSD triplet pair energy             -0.242660510788
  CCSD correlation energy              -0.707759395609

  Triples (T) contribution             -0.027589353667
  Total correlation energy             -0.735348749276

  CCSD total energy                  -227.973949535846
  CCSD[T] energy                     -228.004279398203
  CCSD-T energy                      -228.000632346107
 !CCSD(T) total energy               -228.001538889513

 Timing summary (sec):

 STEP                 CPU(USER)    SYS     CPU(TOT)    WALL
 Transformation         16.19      2.65     18.84     19.37
 CCSD iterations        51.53      2.95     54.48     97.61
 Triples                94.73      0.92     95.65     95.65

 Program statistics:

 Available memory in ccsd:               349999324
 Min. memory needed in ccsd:               6832252
 Max. memory used in ccsd:                 9160255
 Max. memory used in cckext:               9979830 (12 integral passes)



 **********************************************************************************************************************************
 DATASETS  * FILE   NREC   LENGTH (MB)   RECORD NAMES
              1      19      499.61       500      610      700      900      950      970     1000      129      960     1100   
                                          VAR    BASINP    GEOM    SYMINP    ZMAT    AOBASIS   BASIS     P2S    ABASIS      S 
                                         1400     1410     1200     1210     1080     1600     1650     1700     1380   
                                           T        V       H0       H01     AOSYM     SMH    MOLCAS    OPER     JKOP   

              2       6        5.23       700     1000      520     2100     2101     2102   
                                         GEOM     BASIS   MCVARS     RHF      RHF      RHF  

 PROGRAMS   *        TOTAL   CCSD(T)        HF       INT   CCSD(T)        HF       INT   CCSD(T)        HF       INT
 CPU TIMES  *      1335.42    162.49      3.47      0.09    183.38      3.47      0.11    965.72      4.55     11.96
 REAL TIME  *      1481.10 SEC
 DISK USED  *        15.46 GB      
 SF USED    *         1.79 GB      
 GA USED    *         0.01 MB       (max)       0.00 MB       (current)
 **********************************************************************************************************************************
 SETTING E_CORR_B       =    ***************  KCAL/MOL                        
 SETTING E_B            =      -461.43839952  KCAL/MOL                        
 SETTING E_RHF_CP       =       -46.83616169  KCAL/MOL                        
 SETTING E_CORR_CP      =         0.57353737  KCAL/MOL                        

        CCSD(T)         HF-SCF          CCSD(T)         HF-SCF          CCSD(T)         HF-SCF  
   -228.00153889   -227.26619014   -226.02204337   -225.22361229   -454.09730643   -452.56444059
 **********************************************************************************************************************************
 Variable memory released
