
 Primary working directories    : /scratch/1723348.phoenix.chem.wisc.edu
 Secondary working directories  : /scratch/1723348.phoenix.chem.wisc.edu
 Wavefunction directory         : /scratch/1723348.phoenix.chem.wisc.edu/
 Main file repository           : /scratch/1723348.phoenix.chem.wisc.edu/

 SHA1      : 65e45729fe3f963b0eb97374e3bda9949063ef0f
 NAME      : 2012.1.17
 ARCHNAME  : Linux/x86_64
 FC        : /opt/intel/composer_xe_2013.5.192/bin/intel64/ifort
 FCVERSION : 13.1.3
 BLASLIB   : -L/opt/intel/composer_xe_2013.5.192/mkl/lib/intel64 -lmkl_intel_ilp64 -lmkl_sequential -lmkl_core
 id        : cuichemwisc

 Nodes             nprocs
 compute-1-31.local   12
 ga_uses_ma=false, calling ma_init with nominal heap.
 GA-space will be limited to   8.0 MW (determined by -G option)

 Using customized tuning parameters: mindgm=1; mindgv=20; mindgc=4; mindgr=1; noblas=0; minvec=7
 default implementation of scratch files=sf  

 geomtyp=xyz
 geometry={
 17
  N0         -2.562614830000       0.964587890000       0.000000000000
  N1         -0.901460800000      -0.455702670000       0.000000000000
  C2         -1.223181340000       0.833717200000       0.000000000000
  C3         -2.071682980000      -1.175489200000       0.000000000000
  C4         -3.122200400000      -0.303048400000       0.000000000000
  H5         -0.458572760000       1.608402630000       0.000000000000
  H6         -2.100015530000      -2.252594890000       0.000000000000
  H7         -4.187260780000      -0.465710020000       0.000000000000
  H8         -3.068632440000       1.839862030000       0.000000000000
  H9          0.024433810000      -0.833475110000       0.000000000000
  C10         4.736536453201      -0.091806886493       0.000000000000
  H11         4.980552153201      -0.679162446493       0.925237700000
  H12         5.223444163201       0.881575783507       0.000000000000
  C13         3.229199723201       0.082891093507       0.000000000000
  H14         4.980552153201      -0.679162446493      -0.925237700000
  O15         2.701820883201       1.192372033507       0.000000000000
  O16         2.560879903201      -1.049469756493       0.000000000000
 }
 
 
 basis=avdz
 
                                                                                 ! Complex
 set,charge=0
 
 df-hf
 e_rhf_c = energy*tokcal
 df-mp2
 e_corr_c = energy*tokcal
 e_c = e_corr_c - e_rhf_c
 
 
                                                                                 ! Monomer 1
 set,charge=1
 dummy,C10,H11,H12,C13,H14,O15,O16
 
 df-hf
 e_rhf_a = energy*tokcal
 df-mp2
 e_corr_a = energy*tokcal
 e_a = e_corr_a - e_rhf_a
 
 
                                                                                 ! Monomer 2
 set,charge=-1
 dummy,N0,N1,C2,C3,C4,H5,H6,H7,H8,H9
 
 df-hf
 e_rhf_b = energy*tokcal
 df-mp2
 e_corr_b = energy*tokcal
 e_b = e_corr_b - e_rhf_b
 
 
 e_rhf_cp = e_rhf_c - (e_rhf_a + e_rhf_b)
 e_corr_cp = e_c - (e_a + e_b)

 Variables initialized (782), CPU time= 0.01 sec
 Commands  initialized (547), CPU time= 0.01 sec, 517 directives.
 Default parameters read. Elapsed time= 0.12 sec

 Checking input...
 Passed
1


                                         ***  PROGRAM SYSTEM MOLPRO  ***
                         Copyright, University College Cardiff Consultants Limited, 2008

                                    Version 2012.1 linked Oct 11 2014 15:40:16


 **********************************************************************************************************************************
 LABEL *                                                                                 
 Linux-2.6.18-308.el5/compute-1-31.local(x86_64) 64 bit mpp version                      DATE: 11-Dec-14          TIME: 22:11:27  
 **********************************************************************************************************************************

 SHA1:             65e45729fe3f963b0eb97374e3bda9949063ef0f
 **********************************************************************************************************************************
 SETTING GEOMTYP        =    XYZ

 Turning off symmetry in density fitting calculation
 To re-enable, use 'set,zsymel=auto'


 Variable memory set to  350000000 words,  buffer space   230000 words

 SETTING BASIS          =    AVDZ
 SETTING CHARGE         =         0.00000000                                  


 Recomputing integrals since basis changed


 Using spherical harmonics

 Library entry N      S aug-cc-pVDZ          selected for orbital group  1
 Library entry N      P aug-cc-pVDZ          selected for orbital group  1
 Library entry N      D aug-cc-pVDZ          selected for orbital group  1
 Library entry C      S aug-cc-pVDZ          selected for orbital group  2
 Library entry C      P aug-cc-pVDZ          selected for orbital group  2
 Library entry C      D aug-cc-pVDZ          selected for orbital group  2
 Library entry H      S aug-cc-pVDZ          selected for orbital group  3
 Library entry H      P aug-cc-pVDZ          selected for orbital group  3
 Library entry O      S aug-cc-pVDZ          selected for orbital group  8
 Library entry O      P aug-cc-pVDZ          selected for orbital group  8
 Library entry O      D aug-cc-pVDZ          selected for orbital group  8

1PROGRAM * SEWARD (Integral evaluation for generally contracted gaussian basis sets)     Author: Roland Lindh, 1990

 Geometry written to block  1 of record 700


 Point group  C1  



 ATOMIC COORDINATES

 NR  ATOM    CHARGE       X              Y              Z

   1  N0      7.00   -4.842640209    1.822806942    0.000000000
   2  N1      7.00   -1.703514030   -0.861153244    0.000000000
   3  C2      6.00   -2.311477742    1.575497179    0.000000000
   4  C3      6.00   -3.914913463   -2.221352658    0.000000000
   5  C4      6.00   -5.900103683   -0.572678481    0.000000000
   6  H5      1.00   -0.866576928    3.039440480    0.000000000
   7  H6      1.00   -3.968454223   -4.256787427    0.000000000
   8  H7      1.00   -7.912776115   -0.880064394    0.000000000
   9  H8      1.00   -5.798874910    3.476835356    0.000000000
  10  H9      1.00    0.046173209   -1.575039695    0.000000000
  11  C10     6.00    8.950756708   -0.173489872    0.000000000
  12  H11     1.00    9.411879553   -1.283431023    1.748445859
  13  H12     1.00    9.870878931    1.665936795    0.000000000
  14  C13     6.00    6.102303101    0.156641465    0.000000000
  15  H14     1.00    9.411879553   -1.283431023   -1.748445859
  16  O15     8.00    5.105701525    2.253256590    0.000000000
  17  O16     8.00    4.839361673   -1.983210423    0.000000000

 Bond lengths in Bohr (Angstrom)

 1-3  2.543215593  1-5  2.618507095  1-9  1.910548298  2-3  2.511351261  2-4  2.596233792
     ( 1.345811730)     ( 1.385654276)     ( 1.011018616)     ( 1.328949851)     ( 1.373867752)

  2-10  1.889719371   3- 6  2.056907472   4- 5  2.580524512   4- 7  2.036138824   5- 8  2.036009926
       ( 0.999996423)       ( 1.088468555)       ( 1.365554759)       ( 1.077478260)       ( 1.077410050)

 11-12  2.121713119  11-13  2.056724427  11-14  2.867520646  11-15  2.121713119  14-16  2.321424063
       ( 1.122762226)       ( 1.088371692)       ( 1.517426572)       ( 1.122762226)       ( 1.228444707)

 14-17  2.484750924
       ( 1.314873559)

 Bond angles

  1-3-2  109.59013640   1-3-6  129.04449499   1-5-4  105.89059304   1-5-8  122.50200314

  2-3-6  121.36536861   2-4-5  108.69575365   2-4-7  123.10184411   3-1-5  108.23816049

  3- 1- 9  125.61369675   3- 2- 4  107.58535643   3- 2-10  126.20556188   4- 2-10  126.20908169

  4- 5- 8  131.60740382   5- 1- 9  126.14814276   5- 4- 7  128.20240224  11-14-16  122.03452962

 11-14-17  113.93812478  12-11-13  111.75473763  12-11-14  106.02861121  12-11-15  110.98917938

 13-11-14  109.96424308  13-11-15  111.75473763  14-11-15  106.02861121  16-14-17  124.02734560

 NUCLEAR CHARGE:                   68
 NUMBER OF PRIMITIVE AOS:         421
 NUMBER OF SYMMETRY AOS:          403
 NUMBER OF CONTRACTIONS:          279   ( 279A   )
 NUMBER OF CORE ORBITALS:           9   (   9A   )
 NUMBER OF VALENCE ORBITALS:       44   (  44A   )


 NUCLEAR REPULSION ENERGY  401.45859690


 Eigenvalues of metric

         1 0.134E-04 0.319E-04 0.465E-04 0.893E-04 0.158E-03 0.182E-03 0.197E-03 0.263E-03


 OPERATOR DM      FOR CENTER  0  COORDINATES:    0.000000    0.000000    0.000000


 **********************************************************************************************************************************
 DATASETS  * FILE   NREC   LENGTH (MB)   RECORD NAMES
              1      18       10.70       500      610      700      900      950      970     1000      129      960     1100   
                                          VAR    BASINP    GEOM    SYMINP    ZMAT    AOBASIS   BASIS     P2S    ABASIS      S 
                                         1400     1410     1200     1210     1080     1600     1650     1700   
                                           T        V       H0       H01     AOSYM     SMH    MOLCAS    OPER   

 PROGRAMS   *        TOTAL       INT
 CPU TIMES  *         0.29      0.15
 REAL TIME  *         0.68 SEC
 DISK USED  *         0.00 MB      
 GA USED    *         0.01 MB       (max)       0.00 MB       (current)
 **********************************************************************************************************************************

1PROGRAM * RHF-SCF (CLOSED SHELL)       Authors: W. Meyer, H.-J. Werner


 NUMBER OF ELECTRONS:      34+   34-    SPACE SYMMETRY=1    SPIN SYMMETRY: Singlet 
 CONVERGENCE THRESHOLDS:    1.00E-05 (Density)    1.36E-07 (Energy)
 INTEGRAL THRESHOLDS:       1.00E-11 (Initial)    1.00E-11 (Final)
 MAX. NUMBER OF ITERATIONS:       60
 INTERPOLATION TYPE:            DIIS
 INTERPOLATION STEPS:              2 (START)      1 (STEP)
 LEVEL SHIFTS:                  0.00 (CLOSED)  0.00 (OPEN) 



 
 Basis set CC-PVDZ/JKFIT generated.      Number of basis functions:   814 
 
 Orbital guess generated from atomic densities. Full valence occupancy:   53
 Coulomb and exchange fitting
 Thresholds for fitting:       THRAO_COUL= 1.0D-14    THRAO_EXCH= 1.0D-12    THRMO= 1.0D-11    THRPROD= 1.0D-11    THRASM= 1.0D-11
                               THR2HLF=    1.0D-11

 Molecular orbital dump at record        2100.2

 ITERATION   DDIFF            GRAD            ENERGY        2-EL.EN.            DIPOLE MOMENTS         DIIS   CPU(IT)  CPU(TOT)  ORB.
    1      0.000D+00      0.000D+00      -452.43270570   1120.272597   -6.59952    1.01298    0.00000    0      1.3     20.8     start
    2      0.000D+00      0.479D-02      -452.57200767   1116.327394   -7.10445    0.26552    0.00000    1      0.5     21.3     diag
    3      0.925D-02      0.311D-02      -452.63015049   1118.198310   -6.73133    0.57114   -0.00000    2      0.5     21.8     diag
    4      0.335D-02      0.452D-03      -452.63284449   1118.000530   -6.66079    0.52987    0.00000    3      0.4     22.2     diag
    5      0.109D-02      0.159D-03      -452.63315063   1118.061568   -6.64335    0.55307   -0.00000    4      0.5     22.7     diag
    6      0.264D-03      0.596D-04      -452.63320917   1118.044941   -6.62686    0.54722    0.00000    5      0.5     23.2     diag
    7      0.114D-03      0.250D-04      -452.63322474   1118.048357   -6.62130    0.55310   -0.00000    6      0.4     23.6     diag
    8      0.626D-04      0.112D-04      -452.63322847   1118.052690   -6.61886    0.55321   -0.00000    7      0.4     24.0     diag
    9      0.321D-04      0.368D-05      -452.63322890   1118.049901   -6.61786    0.55431    0.00000    8      0.4     24.5     diag
   10      0.129D-04      0.125D-05      -452.63322893   1118.051364   -6.61810    0.55431   -0.00000    9      0.5     24.9     orth
   11      0.323D-05      0.305D-06      -452.63322893   1118.051153   -6.61810    0.55434   -0.00000    0      0.4     25.4     orth

 Final occupancy:  34

 !RHF STATE 1.1 Energy               -452.633228932878
 Nuclear energy                       401.45859690
 One-electron energy                -1413.11740213
 Two-electron energy                  559.02557629
 Virial quotient                       -1.00201413
 !RHF STATE 1.1 Dipole moment          -6.61809585     0.55433986    -0.00000000
 Dipole moment /Debye                 -16.82042006     1.40889911    -0.00000000

 Orbital energies:

         1.1          2.1          3.1          4.1          5.1          6.1          7.1          8.1          9.1         10.1
    -20.430833   -20.411202   -15.738366   -15.719917   -11.431922   -11.365482   -11.361493   -11.260718   -11.164189    -1.470445

        11.1         12.1         13.1         14.1         15.1         16.1         17.1         18.1         19.1         20.1
     -1.312015    -1.293529    -1.169960    -1.123467    -0.976200    -0.923338    -0.904782    -0.865832    -0.780715    -0.714957

        21.1         22.1         23.1         24.1         25.1         26.1         27.1         28.1         29.1         30.1
     -0.702823    -0.695976    -0.684161    -0.628544    -0.540012    -0.537788    -0.530011    -0.522329    -0.466560    -0.429988

        31.1         32.1         33.1         34.1         35.1         36.1
     -0.424475    -0.324444    -0.316931    -0.309720    -0.006483     0.014793

 HOMO     34.1    -0.309720 =      -8.4279eV
 LUMO     35.1    -0.006483 =      -0.1764eV
 LUMO-HOMO         0.303238 =       8.2515eV


 **********************************************************************************************************************************
 DATASETS  * FILE   NREC   LENGTH (MB)   RECORD NAMES
              1      18       10.70       500      610      700      900      950      970     1000      129      960     1100   
                                          VAR    BASINP    GEOM    SYMINP    ZMAT    AOBASIS   BASIS     P2S    ABASIS      S 
                                         1400     1410     1200     1210     1080     1600     1650     1700   
                                           T        V       H0       H01     AOSYM     SMH    MOLCAS    OPER   

              2       4        2.48       700     1000      520     2100   
                                         GEOM     BASIS   MCVARS     RHF  

 PROGRAMS   *        TOTAL        HF       INT
 CPU TIMES  *        25.71     25.41      0.15
 REAL TIME  *        58.77 SEC
 DISK USED  *       226.70 MB      
 SF USED    *        69.12 MB      
 GA USED    *         3.20 MB       (max)       0.00 MB       (current)
 **********************************************************************************************************************************
 SETTING E_RHF_C        =    ***************  KCAL/MOL                        


1PROGRAM * MP2 (Closed-shell)     Authors: C. Hampel, H.-J. Werner, 1991, M. Deegan, P.J. Knowles, 1992

 Basis set AUG-CC-PVDZ/MP2FIT generated. Number of basis functions:   832 

 Convergence thresholds:  THRVAR = 1.00D-08  THRDEN = 1.36D-06

 Number of core orbitals:           9 (   9 )
 Number of closed-shell orbitals:  25 (  25 )
 Number of external orbitals:     245 ( 245 )

 Molecular orbitals read from record     2100.2  Type=RHF/CANONICAL (state 1.1)
 

 Entering DF-MP2

 Thresholds:    THRAO= 0.100D-09    THRMO= 0.100D-08    THROV= 0.100D-11

 Fitting basis: AUG-CC-PVDZ-MP2F
 Number of fitting functions:                 832
 Number of blocks in AO basis:                  7
 Minimum block size:                           32
 Maximum block size:                           69
 Average block size:                           40
 Number of groups in AO basis:                 86
 Number of shells in AO basis:                209

 Using large memory version DFMP2B. NIBTK= 1  NGPU= 0  IGPU= 0

 para=T  nprocs= 12  mpptyp=0  number of tasks=  28

 Minimum memory with paging:                  1.76 MW
 Minimum memory for incore assembly:          5.16 MW
 Maximum memory for incore algorithm:         6.76 MW
 Memory for 3-index integrals:                0.00 MW

 Disk space for H1-integrals:                47.59 MB (   700 records)
 
 CPU time for half transformed integrals      0.19 sec, elapsed time      0.20 sec
 CPU time for assembly                        0.39 sec, elapsed time      1.06 sec (7471.7 MFLOP/sec)
 Total CPU time                               1.57 sec, elapsed time      2.33 sec

 SCS-MP2 correlation energy:           -1.387942889526   (PS=  1.200000  PT=  0.333333)
 SCS-MP2 total energy:               -454.021171822403

 Norm of first-order wave function:     0.341293058732
 Coefficient of reference function:     0.863451923778

  Reference energy                   -452.633228932877
  MP2 singlet pair energy              -0.861239830539
  MP2 triplet pair energy              -0.569659970700
  MP2 correlation energy               -1.430899801239

 !MP2 total energy                   -454.064128734115


 **********************************************************************************************************************************
 DATASETS  * FILE   NREC   LENGTH (MB)   RECORD NAMES
              1      18       10.70       500      610      700      900      950      970     1000      129      960     1100   
                                          VAR    BASINP    GEOM    SYMINP    ZMAT    AOBASIS   BASIS     P2S    ABASIS      S 
                                         1400     1410     1200     1210     1080     1600     1650     1700   
                                           T        V       H0       H01     AOSYM     SMH    MOLCAS    OPER   

              2       4        2.48       700     1000      520     2100   
                                         GEOM     BASIS   MCVARS     RHF  

 PROGRAMS   *        TOTAL       MP2        HF       INT
 CPU TIMES  *        27.46      1.74     25.41      0.15
 REAL TIME  *        61.56 SEC
 DISK USED  *       226.70 MB      
 SF USED    *       139.42 MB      
 GA USED    *         3.20 MB       (max)       0.00 MB       (current)
 **********************************************************************************************************************************
 SETTING E_CORR_C       =    ***************  KCAL/MOL                        
 SETTING E_C            =      -897.90336191  KCAL/MOL                        
 SETTING CHARGE         =         1.00000000                                  

 Dummy atoms: C10  H11  H12  C13  H14  O15  O16


 Recomputing one-electron integrals since nuclear charges changed

1PROGRAM * SEWARD (Integral evaluation for generally contracted gaussian basis sets)     Author: Roland Lindh, 1990

 Geometry written to block  1 of record 700


 Point group  C1  



 ATOMIC COORDINATES

 NR  ATOM    CHARGE       X              Y              Z

   1  N0      7.00   -4.842640209    1.822806942    0.000000000
   2  N1      7.00   -1.703514030   -0.861153244    0.000000000
   3  C2      6.00   -2.311477742    1.575497179    0.000000000
   4  C3      6.00   -3.914913463   -2.221352658    0.000000000
   5  C4      6.00   -5.900103683   -0.572678481    0.000000000
   6  H5      1.00   -0.866576928    3.039440480    0.000000000
   7  H6      1.00   -3.968454223   -4.256787427    0.000000000
   8  H7      1.00   -7.912776115   -0.880064394    0.000000000
   9  H8      1.00   -5.798874910    3.476835356    0.000000000
  10  H9      1.00    0.046173209   -1.575039695    0.000000000
  11  C10     0.00    8.950756708   -0.173489872    0.000000000
  12  H11     0.00    9.411879553   -1.283431023    1.748445859
  13  H12     0.00    9.870878931    1.665936795    0.000000000
  14  C13     0.00    6.102303101    0.156641465    0.000000000
  15  H14     0.00    9.411879553   -1.283431023   -1.748445859
  16  O15     0.00    5.105701525    2.253256590    0.000000000
  17  O16     0.00    4.839361673   -1.983210423    0.000000000

 Bond lengths in Bohr (Angstrom)

 1-3  2.543215593  1-5  2.618507095  1-9  1.910548298  2-3  2.511351261  2-4  2.596233792
     ( 1.345811730)     ( 1.385654276)     ( 1.011018616)     ( 1.328949851)     ( 1.373867752)

  2-10  1.889719371   3- 6  2.056907472   4- 5  2.580524512   4- 7  2.036138824   5- 8  2.036009926
       ( 0.999996423)       ( 1.088468555)       ( 1.365554759)       ( 1.077478260)       ( 1.077410050)

 11-12  2.121713119  11-13  2.056724427  11-14  2.867520646  11-15  2.121713119  14-16  2.321424063
       ( 1.122762226)       ( 1.088371692)       ( 1.517426572)       ( 1.122762226)       ( 1.228444707)

 14-17  2.484750924
       ( 1.314873559)

 Bond angles

  1-3-2  109.59013640   1-3-6  129.04449499   1-5-4  105.89059304   1-5-8  122.50200314

  2-3-6  121.36536861   2-4-5  108.69575365   2-4-7  123.10184411   3-1-5  108.23816049

  3- 1- 9  125.61369675   3- 2- 4  107.58535643   3- 2-10  126.20556188   4- 2-10  126.20908169

  4- 5- 8  131.60740382   5- 1- 9  126.14814276   5- 4- 7  128.20240224  11-14-16  122.03452962

 11-14-17  113.93812478  12-11-13  111.75473763  12-11-14  106.02861121  12-11-15  110.98917938

 13-11-14  109.96424308  13-11-15  111.75473763  14-11-15  106.02861121  16-14-17  124.02734560

 NUCLEAR CHARGE:                   37
 NUMBER OF PRIMITIVE AOS:         421
 NUMBER OF SYMMETRY AOS:          403
 NUMBER OF CONTRACTIONS:          279   ( 279A   )
 NUMBER OF CORE ORBITALS:           5   (   5A   )
 NUMBER OF VALENCE ORBITALS:       25   (  25A   )

 MOLECULE CHANGED: INITIALIZING OCCUPATION AND DUMP RECORDS


 NUCLEAR REPULSION ENERGY  172.82741642


 Eigenvalues of metric

         1 0.134E-04 0.319E-04 0.465E-04 0.893E-04 0.158E-03 0.182E-03 0.197E-03 0.263E-03


 OPERATOR DM      FOR CENTER  0  COORDINATES:    0.000000    0.000000    0.000000


 **********************************************************************************************************************************
 DATASETS  * FILE   NREC   LENGTH (MB)   RECORD NAMES
              1      18       10.70       500      610      700      900      950      970     1000      129      960     1100   
                                          VAR    BASINP    GEOM    SYMINP    ZMAT    AOBASIS   BASIS     P2S    ABASIS      S 
                                         1400     1410     1200     1210     1080     1600     1650     1700   
                                           T        V       H0       H01     AOSYM     SMH    MOLCAS    OPER   

              2       4        2.48       700     1000      520     2100   
                                         GEOM     BASIS   MCVARS     RHF  

 PROGRAMS   *        TOTAL       INT       MP2        HF       INT
 CPU TIMES  *        27.62      0.16      1.74     25.41      0.15
 REAL TIME  *        62.50 SEC
 DISK USED  *       226.70 MB      
 SF USED    *       139.42 MB      
 GA USED    *         3.20 MB       (max)       0.00 MB       (current)
 **********************************************************************************************************************************

1PROGRAM * RHF-SCF (CLOSED SHELL)       Authors: W. Meyer, H.-J. Werner


 NUMBER OF ELECTRONS:      18+   18-    SPACE SYMMETRY=1    SPIN SYMMETRY: Singlet 
 CONVERGENCE THRESHOLDS:    1.00E-05 (Density)    1.00E-07 (Energy)
 INTEGRAL THRESHOLDS:       1.00E-11 (Initial)    1.00E-11 (Final)
 MAX. NUMBER OF ITERATIONS:       60
 INTERPOLATION TYPE:            DIIS
 INTERPOLATION STEPS:              2 (START)      1 (STEP)
 LEVEL SHIFTS:                  0.00 (CLOSED)  0.00 (OPEN) 



 
 Basis set CC-PVDZ/JKFIT generated.      Number of basis functions:   814 
 
 Orbital guess generated from atomic densities. Full valence occupancy:   30
 Coulomb and exchange fitting
 Thresholds for fitting:       THRAO_COUL= 1.0D-14    THRAO_EXCH= 1.0D-12    THRMO= 1.0D-11    THRPROD= 1.0D-11    THRASM= 1.0D-11
                               THR2HLF=    1.0D-11

 Molecular orbital dump at record        2101.2

 ITERATION   DDIFF            GRAD            ENERGY        2-EL.EN.            DIPOLE MOMENTS         DIIS   CPU(IT)  CPU(TOT)  ORB.
    1      0.000D+00      0.000D+00      -225.15288109    475.720944   -2.86760    0.94312   -0.00000    0      1.5     15.8     start
    2      0.000D+00      0.323D-02      -225.21269580    480.945013   -3.43185    0.26143   -0.00000    1      0.4     16.2     diag
    3      0.495D-02      0.144D-02      -225.22190831    479.379440   -3.22154    0.51810   -0.00000    2      0.4     16.6     diag
    4      0.192D-02      0.434D-03      -225.22317873    479.643251   -3.27026    0.45652   -0.00000    3      0.4     17.0     diag
    5      0.625D-03      0.788D-04      -225.22326735    479.726626   -3.26082    0.46814   -0.00000    4      0.4     17.3     diag
    6      0.149D-03      0.417D-04      -225.22329209    479.697964   -3.26041    0.46714   -0.00000    5      0.4     17.7     diag
    7      0.664D-04      0.175D-04      -225.22330026    479.706968   -3.25696    0.47160    0.00000    6      0.4     18.1     diag
    8      0.509D-04      0.657D-05      -225.22330092    479.707174   -3.25595    0.47199   -0.00000    7      0.4     18.5     diag
    9      0.178D-04      0.167D-05      -225.22330093    479.706574   -3.25601    0.47225   -0.00000    8      0.4     18.8     diag
   10      0.230D-05      0.384D-06      -225.22330094    479.706674   -3.25595    0.47219   -0.00000    0      0.4     19.2     orth

 Final occupancy:  18

 !RHF STATE 1.1 Energy               -225.223300935949
 Nuclear energy                       172.82741642
 One-electron energy                 -637.90405449
 Two-electron energy                  239.85333713
 Virial quotient                       -1.00163435
 !RHF STATE 1.1 Dipole moment          -3.25595170     0.47218718    -0.00000000
 Dipole moment /Debye                  -8.27526172     1.20010149    -0.00000000

 Orbital energies:

         1.1          2.1          3.1          4.1          5.1          6.1          7.1          8.1          9.1         10.1
    -15.860359   -15.859972   -11.563496   -11.483218   -11.480212    -1.598286    -1.441219    -1.246815    -1.107402    -1.047948

        11.1         12.1         13.1         14.1         15.1         16.1         17.1         18.1         19.1         20.1
     -0.991753    -0.913892    -0.841741    -0.828441    -0.818401    -0.803378    -0.668211    -0.543947    -0.096856    -0.080695

 HOMO     18.1    -0.543947 =     -14.8016eV
 LUMO     19.1    -0.096856 =      -2.6356eV
 LUMO-HOMO         0.447091 =      12.1660eV


 **********************************************************************************************************************************
 DATASETS  * FILE   NREC   LENGTH (MB)   RECORD NAMES
              1      18       10.70       500      610      700      900      950      970     1000      129      960     1100   
                                          VAR    BASINP    GEOM    SYMINP    ZMAT    AOBASIS   BASIS     P2S    ABASIS      S 
                                         1400     1410     1200     1210     1080     1600     1650     1700   
                                           T        V       H0       H01     AOSYM     SMH    MOLCAS    OPER   

              2       5        5.65       700     1000      520     2100     2101   
                                         GEOM     BASIS   MCVARS     RHF      RHF  

 PROGRAMS   *        TOTAL        HF       INT       MP2        HF       INT
 CPU TIMES  *        46.90     19.27      0.16      1.74     25.41      0.15
 REAL TIME  *       143.91 SEC
 DISK USED  *       260.97 MB      
 SF USED    *       139.42 MB      
 GA USED    *         3.20 MB       (max)       0.00 MB       (current)
 **********************************************************************************************************************************
 SETTING E_RHF_A        =    ***************  KCAL/MOL                        


1PROGRAM * MP2 (Closed-shell)     Authors: C. Hampel, H.-J. Werner, 1991, M. Deegan, P.J. Knowles, 1992

 Basis set AUG-CC-PVDZ/MP2FIT generated. Number of basis functions:   832 

 Convergence thresholds:  THRVAR = 1.00D-08  THRDEN = 1.00D-06

 Number of core orbitals:           5 (   5 )
 Number of closed-shell orbitals:  13 (  13 )
 Number of external orbitals:     261 ( 261 )

 Molecular orbitals read from record     2101.2  Type=RHF/CANONICAL (state 1.1)
 

 Entering DF-MP2

 Thresholds:    THRAO= 0.100D-09    THRMO= 0.100D-08    THROV= 0.100D-11

 Fitting basis: AUG-CC-PVDZ-MP2F
 Number of fitting functions:                 832
 Number of blocks in AO basis:                  7
 Minimum block size:                           32
 Maximum block size:                           69
 Average block size:                           40
 Number of groups in AO basis:                 86
 Number of shells in AO basis:                209

 Using large memory version DFMP2B. NIBTK= 1  NGPU= 0  IGPU= 0

 para=T  nprocs= 12  mpptyp=0  number of tasks=  28

 Minimum memory with paging:                  1.79 MW
 Minimum memory for incore assembly:          2.89 MW
 Maximum memory for incore algorithm:         3.91 MW
 Memory for 3-index integrals:                0.00 MW

 Disk space for H1-integrals:                24.75 MB (   364 records)
 
 CPU time for half transformed integrals      0.21 sec, elapsed time      0.22 sec
 CPU time for assembly                        0.14 sec, elapsed time      0.21 sec (5701.7 MFLOP/sec)
 Total CPU time                               0.94 sec, elapsed time      1.04 sec

 SCS-MP2 correlation energy:           -0.717872949613   (PS=  1.200000  PT=  0.333333)
 SCS-MP2 total energy:               -225.941173885563

 Norm of first-order wave function:     0.183575481561
 Coefficient of reference function:     0.919183077089

  Reference energy                   -225.223300935950
  MP2 singlet pair energy              -0.446747967552
  MP2 triplet pair energy              -0.292139017313
  MP2 correlation energy               -0.738886984865

 !MP2 total energy                   -225.962187920815


 **********************************************************************************************************************************
 DATASETS  * FILE   NREC   LENGTH (MB)   RECORD NAMES
              1      18       10.70       500      610      700      900      950      970     1000      129      960     1100   
                                          VAR    BASINP    GEOM    SYMINP    ZMAT    AOBASIS   BASIS     P2S    ABASIS      S 
                                         1400     1410     1200     1210     1080     1600     1650     1700   
                                           T        V       H0       H01     AOSYM     SMH    MOLCAS    OPER   

              2       5        5.65       700     1000      520     2100     2101   
                                         GEOM     BASIS   MCVARS     RHF      RHF  

 PROGRAMS   *        TOTAL       MP2        HF       INT       MP2        HF       INT
 CPU TIMES  *        48.06      1.16     19.27      0.16      1.74     25.41      0.15
 REAL TIME  *       145.83 SEC
 DISK USED  *       260.97 MB      
 SF USED    *       139.42 MB      
 GA USED    *         3.20 MB       (max)       0.00 MB       (current)
 **********************************************************************************************************************************
 SETTING E_CORR_A       =    ***************  KCAL/MOL                        
 SETTING E_A            =      -463.65867632  KCAL/MOL                        
 SETTING CHARGE         =        -1.00000000                                  

 Dummy atoms: N0  N1  C2  C3  C4  H5  H6  H7  H8  H9


 Recomputing one-electron integrals since nuclear charges changed

1PROGRAM * SEWARD (Integral evaluation for generally contracted gaussian basis sets)     Author: Roland Lindh, 1990

 Geometry written to block  1 of record 700


 Point group  C1  



 ATOMIC COORDINATES

 NR  ATOM    CHARGE       X              Y              Z

   1  N0      0.00   -4.842640209    1.822806942    0.000000000
   2  N1      0.00   -1.703514030   -0.861153244    0.000000000
   3  C2      0.00   -2.311477742    1.575497179    0.000000000
   4  C3      0.00   -3.914913463   -2.221352658    0.000000000
   5  C4      0.00   -5.900103683   -0.572678481    0.000000000
   6  H5      0.00   -0.866576928    3.039440480    0.000000000
   7  H6      0.00   -3.968454223   -4.256787427    0.000000000
   8  H7      0.00   -7.912776115   -0.880064394    0.000000000
   9  H8      0.00   -5.798874910    3.476835356    0.000000000
  10  H9      0.00    0.046173209   -1.575039695    0.000000000
  11  C10     6.00    8.950756708   -0.173489872    0.000000000
  12  H11     1.00    9.411879553   -1.283431023    1.748445859
  13  H12     1.00    9.870878931    1.665936795    0.000000000
  14  C13     6.00    6.102303101    0.156641465    0.000000000
  15  H14     1.00    9.411879553   -1.283431023   -1.748445859
  16  O15     8.00    5.105701525    2.253256590    0.000000000
  17  O16     8.00    4.839361673   -1.983210423    0.000000000

 Bond lengths in Bohr (Angstrom)

 1-3  2.543215593  1-5  2.618507095  1-9  1.910548298  2-3  2.511351261  2-4  2.596233792
     ( 1.345811730)     ( 1.385654276)     ( 1.011018616)     ( 1.328949851)     ( 1.373867752)

  2-10  1.889719371   3- 6  2.056907472   4- 5  2.580524512   4- 7  2.036138824   5- 8  2.036009926
       ( 0.999996423)       ( 1.088468555)       ( 1.365554759)       ( 1.077478260)       ( 1.077410050)

 11-12  2.121713119  11-13  2.056724427  11-14  2.867520646  11-15  2.121713119  14-16  2.321424063
       ( 1.122762226)       ( 1.088371692)       ( 1.517426572)       ( 1.122762226)       ( 1.228444707)

 14-17  2.484750924
       ( 1.314873559)

 Bond angles

  1-3-2  109.59013640   1-3-6  129.04449499   1-5-4  105.89059304   1-5-8  122.50200314

  2-3-6  121.36536861   2-4-5  108.69575365   2-4-7  123.10184411   3-1-5  108.23816049

  3- 1- 9  125.61369675   3- 2- 4  107.58535643   3- 2-10  126.20556188   4- 2-10  126.20908169

  4- 5- 8  131.60740382   5- 1- 9  126.14814276   5- 4- 7  128.20240224  11-14-16  122.03452962

 11-14-17  113.93812478  12-11-13  111.75473763  12-11-14  106.02861121  12-11-15  110.98917938

 13-11-14  109.96424308  13-11-15  111.75473763  14-11-15  106.02861121  16-14-17  124.02734560

 NUCLEAR CHARGE:                   31
 NUMBER OF PRIMITIVE AOS:         421
 NUMBER OF SYMMETRY AOS:          403
 NUMBER OF CONTRACTIONS:          279   ( 279A   )
 NUMBER OF CORE ORBITALS:           4   (   4A   )
 NUMBER OF VALENCE ORBITALS:       19   (  19A   )

 MOLECULE CHANGED: INITIALIZING OCCUPATION AND DUMP RECORDS


 NUCLEAR REPULSION ENERGY  111.70445666


 Eigenvalues of metric

         1 0.134E-04 0.319E-04 0.465E-04 0.893E-04 0.158E-03 0.182E-03 0.197E-03 0.263E-03


 OPERATOR DM      FOR CENTER  0  COORDINATES:    0.000000    0.000000    0.000000


 **********************************************************************************************************************************
 DATASETS  * FILE   NREC   LENGTH (MB)   RECORD NAMES
              1      18       10.70       500      610      700      900      950      970     1000      129      960     1100   
                                          VAR    BASINP    GEOM    SYMINP    ZMAT    AOBASIS   BASIS     P2S    ABASIS      S 
                                         1400     1410     1200     1210     1080     1600     1650     1700   
                                           T        V       H0       H01     AOSYM     SMH    MOLCAS    OPER   

              2       5        5.65       700     1000      520     2100     2101   
                                         GEOM     BASIS   MCVARS     RHF      RHF  

 PROGRAMS   *        TOTAL       INT       MP2        HF       INT       MP2        HF       INT
 CPU TIMES  *        48.28      0.21      1.16     19.27      0.16      1.74     25.41      0.15
 REAL TIME  *       147.13 SEC
 DISK USED  *       260.97 MB      
 SF USED    *       139.42 MB      
 GA USED    *         3.20 MB       (max)       0.00 MB       (current)
 **********************************************************************************************************************************

1PROGRAM * RHF-SCF (CLOSED SHELL)       Authors: W. Meyer, H.-J. Werner


 NUMBER OF ELECTRONS:      16+   16-    SPACE SYMMETRY=1    SPIN SYMMETRY: Singlet 
 CONVERGENCE THRESHOLDS:    1.00E-05 (Density)    1.00E-07 (Energy)
 INTEGRAL THRESHOLDS:       1.00E-11 (Initial)    1.00E-11 (Final)
 MAX. NUMBER OF ITERATIONS:       60
 INTERPOLATION TYPE:            DIIS
 INTERPOLATION STEPS:              2 (START)      1 (STEP)
 LEVEL SHIFTS:                  0.00 (CLOSED)  0.00 (OPEN) 



 
 Basis set CC-PVDZ/JKFIT generated.      Number of basis functions:   814 
 
 Orbital guess generated from atomic densities. Full valence occupancy:   23
 Coulomb and exchange fitting
 Thresholds for fitting:       THRAO_COUL= 1.0D-14    THRAO_EXCH= 1.0D-12    THRMO= 1.0D-11    THRPROD= 1.0D-11    THRASM= 1.0D-11
                               THR2HLF=    1.0D-11

 Molecular orbital dump at record        2102.2

 ITERATION   DDIFF            GRAD            ENERGY        2-EL.EN.            DIPOLE MOMENTS         DIIS   CPU(IT)  CPU(TOT)  ORB.
    1      0.000D+00      0.000D+00      -227.12616811    408.941469   -3.78599    0.07180    0.00000    0      1.1      3.5     start
    2      0.000D+00      0.596D-02      -227.21027809    399.847540   -4.94322    0.00474    0.00000    1      0.5      4.0     diag
    3      0.808D-02      0.430D-02      -227.26453532    402.797195   -4.61227    0.09648    0.00000    2      0.4      4.4     diag
    4      0.303D-02      0.437D-03      -227.26580681    402.944128   -4.63407    0.06402    0.00000    3      0.4      4.8     diag
    5      0.726D-03      0.175D-03      -227.26599170    402.825714   -4.62930    0.08814    0.00000    4      0.4      5.2     diag
    6      0.213D-03      0.618D-04      -227.26600995    402.821753   -4.62765    0.08120   -0.00000    5      0.4      5.6     diag
    7      0.665D-04      0.189D-04      -227.26601285    402.832613   -4.62721    0.08350    0.00000    6      0.4      6.0     diag
    8      0.345D-04      0.582D-05      -227.26601319    402.830349   -4.62694    0.08364    0.00000    7      0.3      6.3     diag
    9      0.104D-04      0.182D-05      -227.26601324    402.831003   -4.62694    0.08390   -0.00000    8      0.4      6.7     diag
   10      0.446D-05      0.600D-06      -227.26601325    402.830715   -4.62697    0.08393    0.00000    0      0.4      7.1     orth

 Final occupancy:  16

 !RHF STATE 1.1 Energy               -227.266013247569
 Nuclear energy                       111.70445666
 One-electron energy                 -540.38582756
 Two-electron energy                  201.41535765
 Virial quotient                       -1.00178791
 !RHF STATE 1.1 Dipole moment          -4.62697497     0.08393093     0.00000000
 Dipole moment /Debye                 -11.75982705     0.21331717     0.00000000

 Orbital energies:

         1.1          2.1          3.1          4.1          5.1          6.1          7.1          8.1          9.1         10.1
    -20.304986   -20.279416   -11.137842   -11.063924    -1.166692    -1.040179    -0.800245    -0.509638    -0.422342    -0.415595

        11.1         12.1         13.1         14.1         15.1         16.1         17.1         18.1
     -0.410356    -0.351926    -0.311456    -0.199417    -0.186001    -0.177542     0.096535     0.119429

 HOMO     16.1    -0.177542 =      -4.8312eV
 LUMO     17.1     0.096535 =       2.6268eV
 LUMO-HOMO         0.274077 =       7.4580eV


 **********************************************************************************************************************************
 DATASETS  * FILE   NREC   LENGTH (MB)   RECORD NAMES
              1      18       10.70       500      610      700      900      950      970     1000      129      960     1100   
                                          VAR    BASINP    GEOM    SYMINP    ZMAT    AOBASIS   BASIS     P2S    ABASIS      S 
                                         1400     1410     1200     1210     1080     1600     1650     1700   
                                           T        V       H0       H01     AOSYM     SMH    MOLCAS    OPER   

              2       6        8.82       700     1000      520     2100     2101     2102   
                                         GEOM     BASIS   MCVARS     RHF      RHF      RHF  

 PROGRAMS   *        TOTAL        HF       INT       MP2        HF       INT       MP2        HF       INT
 CPU TIMES  *        55.48      7.20      0.21      1.16     19.27      0.16      1.74     25.41      0.15
 REAL TIME  *       227.64 SEC
 DISK USED  *       298.99 MB      
 SF USED    *       139.42 MB      
 GA USED    *         3.20 MB       (max)       0.00 MB       (current)
 **********************************************************************************************************************************
 SETTING E_RHF_B        =    ***************  KCAL/MOL                        


1PROGRAM * MP2 (Closed-shell)     Authors: C. Hampel, H.-J. Werner, 1991, M. Deegan, P.J. Knowles, 1992

 Basis set AUG-CC-PVDZ/MP2FIT generated. Number of basis functions:   832 

 Convergence thresholds:  THRVAR = 1.00D-08  THRDEN = 1.00D-06

 Number of core orbitals:           4 (   4 )
 Number of closed-shell orbitals:  12 (  12 )
 Number of external orbitals:     263 ( 263 )

 Molecular orbitals read from record     2102.2  Type=RHF/CANONICAL (state 1.1)
 

 Entering DF-MP2

 Thresholds:    THRAO= 0.100D-09    THRMO= 0.100D-08    THROV= 0.100D-11

 Fitting basis: AUG-CC-PVDZ-MP2F
 Number of fitting functions:                 832
 Number of blocks in AO basis:                  7
 Minimum block size:                           32
 Maximum block size:                           69
 Average block size:                           40
 Number of groups in AO basis:                 86
 Number of shells in AO basis:                209

 Using large memory version DFMP2B. NIBTK= 1  NGPU= 0  IGPU= 0

 para=T  nprocs= 12  mpptyp=0  number of tasks=  28

 Minimum memory with paging:                  1.79 MW
 Minimum memory for incore assembly:          2.70 MW
 Maximum memory for incore algorithm:         3.67 MW
 Memory for 3-index integrals:                0.00 MW

 Disk space for H1-integrals:                22.84 MB (   336 records)
 
 CPU time for half transformed integrals      0.18 sec, elapsed time      0.18 sec
 CPU time for assembly                        0.05 sec, elapsed time      0.18 sec (9263.1 MFLOP/sec)
 Total CPU time                               0.79 sec, elapsed time      0.93 sec

 SCS-MP2 correlation energy:           -0.670811735075   (PS=  1.200000  PT=  0.333333)
 SCS-MP2 total energy:               -227.936824982643

 Norm of first-order wave function:     0.158712435641
 Coefficient of reference function:     0.928992410549

  Reference energy                   -227.266013247569
  MP2 singlet pair energy              -0.415506012272
  MP2 triplet pair energy              -0.276757264845
  MP2 correlation energy               -0.692263277117

 !MP2 total energy                   -227.958276524686


 **********************************************************************************************************************************
 DATASETS  * FILE   NREC   LENGTH (MB)   RECORD NAMES
              1      18       10.70       500      610      700      900      950      970     1000      129      960     1100   
                                          VAR    BASINP    GEOM    SYMINP    ZMAT    AOBASIS   BASIS     P2S    ABASIS      S 
                                         1400     1410     1200     1210     1080     1600     1650     1700   
                                           T        V       H0       H01     AOSYM     SMH    MOLCAS    OPER   

              2       6        8.82       700     1000      520     2100     2101     2102   
                                         GEOM     BASIS   MCVARS     RHF      RHF      RHF  

 PROGRAMS   *        TOTAL       MP2        HF       INT       MP2        HF       INT       MP2        HF       INT
 CPU TIMES  *        56.43      0.95      7.20      0.21      1.16     19.27      0.16      1.74     25.41      0.15
 REAL TIME  *       228.88 SEC
 DISK USED  *       298.99 MB      
 SF USED    *       139.42 MB      
 GA USED    *         3.20 MB       (max)       0.00 MB       (current)
 **********************************************************************************************************************************
 SETTING E_CORR_B       =    ***************  KCAL/MOL                        
 SETTING E_B            =      -434.40185212  KCAL/MOL                        
 SETTING E_RHF_CP       =       -90.30788680  KCAL/MOL                        
 SETTING E_CORR_CP      =         0.15716652  KCAL/MOL                        

        DF-MP2          DF-HF           DF-MP2          DF-HF           DF-MP2          DF-HF   
   -227.95827652   -227.26601325   -225.96218792   -225.22330094   -454.06412873   -452.63322893
 **********************************************************************************************************************************
 Variable memory released
