
 Primary working directories    : /scratch/1723361.phoenix.chem.wisc.edu
 Secondary working directories  : /scratch/1723361.phoenix.chem.wisc.edu
 Wavefunction directory         : /scratch/1723361.phoenix.chem.wisc.edu/
 Main file repository           : /scratch/1723361.phoenix.chem.wisc.edu/

 SHA1      : 65e45729fe3f963b0eb97374e3bda9949063ef0f
 NAME      : 2012.1.17
 ARCHNAME  : Linux/x86_64
 FC        : /opt/intel/composer_xe_2013.5.192/bin/intel64/ifort
 FCVERSION : 13.1.3
 BLASLIB   : -L/opt/intel/composer_xe_2013.5.192/mkl/lib/intel64 -lmkl_intel_ilp64 -lmkl_sequential -lmkl_core
 id        : cuichemwisc

 Nodes             nprocs
 compute-1-35.local   12
 ga_uses_ma=false, calling ma_init with nominal heap.
 GA-space will be limited to   8.0 MW (determined by -G option)

 Using customized tuning parameters: mindgm=1; mindgv=20; mindgc=4; mindgr=1; noblas=0; minvec=7
 default implementation of scratch files=sf  

 geomtyp=xyz
 geometry={
 17
  N0         -2.562614830000       0.964587890000       0.000000000000
  N1         -0.901460800000      -0.455702670000       0.000000000000
  C2         -1.223181340000       0.833717200000       0.000000000000
  C3         -2.071682980000      -1.175489200000       0.000000000000
  C4         -3.122200400000      -0.303048400000       0.000000000000
  H5         -0.458572760000       1.608402630000       0.000000000000
  H6         -2.100015530000      -2.252594890000       0.000000000000
  H7         -4.187260780000      -0.465710020000       0.000000000000
  H8         -3.068632440000       1.839862030000       0.000000000000
  H9          0.024433810000      -0.833475110000       0.000000000000
  C10         3.683247430000      -0.099649090000       0.000000000000
  H11         3.927263130000      -0.687004650000       0.925237700000
  H12         4.170155140000       0.873733580000       0.000000000000
  C13         2.175910700000       0.075048890000       0.000000000000
  H14         3.927263130000      -0.687004650000      -0.925237700000
  O15         1.648531860000       1.184529830000       0.000000000000
  O16         1.507590880000      -1.057311960000       0.000000000000
 }
 
 
 basis=avtz
 
                                                                                 ! Complex
 set,charge=0
 
 df-hf
 e_rhf_c = energy*tokcal
 df-mp2
 e_corr_c = energy*tokcal
 e_c = e_corr_c - e_rhf_c
 
 
                                                                                 ! Monomer 1
 set,charge=1
 dummy,C10,H11,H12,C13,H14,O15,O16
 
 df-hf
 e_rhf_a = energy*tokcal
 df-mp2
 e_corr_a = energy*tokcal
 e_a = e_corr_a - e_rhf_a
 
 
                                                                                 ! Monomer 2
 set,charge=-1
 dummy,N0,N1,C2,C3,C4,H5,H6,H7,H8,H9
 
 df-hf
 e_rhf_b = energy*tokcal
 df-mp2
 e_corr_b = energy*tokcal
 e_b = e_corr_b - e_rhf_b
 
 
 e_rhf_cp = e_rhf_c - (e_rhf_a + e_rhf_b)
 e_corr_cp = e_c - (e_a + e_b)

 Variables initialized (782), CPU time= 0.01 sec
 Commands  initialized (547), CPU time= 0.01 sec, 517 directives.
 Default parameters read. Elapsed time= 0.12 sec

 Checking input...
 Passed
1


                                         ***  PROGRAM SYSTEM MOLPRO  ***
                         Copyright, University College Cardiff Consultants Limited, 2008

                                    Version 2012.1 linked Oct 11 2014 15:40:16


 **********************************************************************************************************************************
 LABEL *                                                                                 
 Linux-2.6.18-308.el5/compute-1-35.local(x86_64) 64 bit mpp version                      DATE: 11-Dec-14          TIME: 22:53:01  
 **********************************************************************************************************************************

 SHA1:             65e45729fe3f963b0eb97374e3bda9949063ef0f
 **********************************************************************************************************************************
 SETTING GEOMTYP        =    XYZ

 Turning off symmetry in density fitting calculation
 To re-enable, use 'set,zsymel=auto'


 Variable memory set to  350000000 words,  buffer space   230000 words

 SETTING BASIS          =    AVTZ
 SETTING CHARGE         =         0.00000000                                  


 Recomputing integrals since basis changed


 Using spherical harmonics

 Library entry N      S aug-cc-pVTZ          selected for orbital group  1
 Library entry N      P aug-cc-pVTZ          selected for orbital group  1
 Library entry N      D aug-cc-pVTZ          selected for orbital group  1
 Library entry N      F aug-cc-pVTZ          selected for orbital group  1
 Library entry C      S aug-cc-pVTZ          selected for orbital group  2
 Library entry C      P aug-cc-pVTZ          selected for orbital group  2
 Library entry C      D aug-cc-pVTZ          selected for orbital group  2
 Library entry C      F aug-cc-pVTZ          selected for orbital group  2
 Library entry H      S aug-cc-pVTZ          selected for orbital group  3
 Library entry H      P aug-cc-pVTZ          selected for orbital group  3
 Library entry H      D aug-cc-pVTZ          selected for orbital group  3
 Library entry O      S aug-cc-pVTZ          selected for orbital group  8
 Library entry O      P aug-cc-pVTZ          selected for orbital group  8
 Library entry O      D aug-cc-pVTZ          selected for orbital group  8
 Library entry O      F aug-cc-pVTZ          selected for orbital group  8

1PROGRAM * SEWARD (Integral evaluation for generally contracted gaussian basis sets)     Author: Roland Lindh, 1990

 Geometry written to block  1 of record 700


 Point group  C1  



 ATOMIC COORDINATES

 NR  ATOM    CHARGE       X              Y              Z

   1  N0      7.00   -4.842640209    1.822806942    0.000000000
   2  N1      7.00   -1.703514030   -0.861153244    0.000000000
   3  C2      6.00   -2.311477742    1.575497179    0.000000000
   4  C3      6.00   -3.914913463   -2.221352658    0.000000000
   5  C4      6.00   -5.900103683   -0.572678481    0.000000000
   6  H5      1.00   -0.866576928    3.039440480    0.000000000
   7  H6      1.00   -3.968454223   -4.256787427    0.000000000
   8  H7      1.00   -7.912776115   -0.880064394    0.000000000
   9  H8      1.00   -5.798874910    3.476835356    0.000000000
  10  H9      1.00    0.046173209   -1.575039695    0.000000000
  11  C10     6.00    6.960328917   -0.188309489    0.000000000
  12  H11     1.00    7.421451762   -1.298250640    1.748445859
  13  H12     1.00    7.880451140    1.651117178    0.000000000
  14  C13     6.00    4.111875309    0.141821849    0.000000000
  15  H14     1.00    7.421451762   -1.298250640   -1.748445859
  16  O15     8.00    3.115273734    2.238436973    0.000000000
  17  O16     8.00    2.848933881   -1.998030040    0.000000000

 Bond lengths in Bohr (Angstrom)

 1-3  2.543215593  1-5  2.618507095  1-9  1.910548298  2-3  2.511351261  2-4  2.596233792
     ( 1.345811730)     ( 1.385654276)     ( 1.011018616)     ( 1.328949851)     ( 1.373867752)

  2-10  1.889719371   3- 6  2.056907472   4- 5  2.580524512   4- 7  2.036138824   5- 8  2.036009926
       ( 0.999996423)       ( 1.088468555)       ( 1.365554759)       ( 1.077478260)       ( 1.077410050)

 11-12  2.121713119  11-13  2.056724427  11-14  2.867520646  11-15  2.121713119  14-16  2.321424063
       ( 1.122762226)       ( 1.088371692)       ( 1.517426572)       ( 1.122762226)       ( 1.228444707)

 14-17  2.484750924
       ( 1.314873559)

 Bond angles

  1-3-2  109.59013640   1-3-6  129.04449499   1-5-4  105.89059304   1-5-8  122.50200314

  2-3-6  121.36536861   2-4-5  108.69575365   2-4-7  123.10184411   3-1-5  108.23816049

  3- 1- 9  125.61369675   3- 2- 4  107.58535643   3- 2-10  126.20556188   4- 2-10  126.20908169

  4- 5- 8  131.60740382   5- 1- 9  126.14814276   5- 4- 7  128.20240224  11-14-16  122.03452962

 11-14-17  113.93812478  12-11-13  111.75473763  12-11-14  106.02861121  12-11-15  110.98917938

 13-11-14  109.96424308  13-11-15  111.75473763  14-11-15  106.02861121  16-14-17  124.02734560

 NUCLEAR CHARGE:                   68
 NUMBER OF PRIMITIVE AOS:         819
 NUMBER OF SYMMETRY AOS:          722
 NUMBER OF CONTRACTIONS:          598   ( 598A   )
 NUMBER OF CORE ORBITALS:           9   (   9A   )
 NUMBER OF VALENCE ORBITALS:       44   (  44A   )


 NUCLEAR REPULSION ENERGY  432.48971179


 Eigenvalues of metric

         1 0.280E-05 0.534E-05 0.710E-05 0.851E-05 0.106E-04 0.131E-04 0.142E-04 0.180E-04


 OPERATOR DM      FOR CENTER  0  COORDINATES:    0.000000    0.000000    0.000000


 **********************************************************************************************************************************
 DATASETS  * FILE   NREC   LENGTH (MB)   RECORD NAMES
              1      18       20.88       500      610      700      900      950      970     1000      129      960     1100   
                                          VAR    BASINP    GEOM    SYMINP    ZMAT    AOBASIS   BASIS     P2S    ABASIS      S 
                                         1400     1410     1200     1210     1080     1600     1650     1700   
                                           T        V       H0       H01     AOSYM     SMH    MOLCAS    OPER   

 PROGRAMS   *        TOTAL       INT
 CPU TIMES  *         0.95      0.82
 REAL TIME  *         1.64 SEC
 DISK USED  *         0.00 MB      
 GA USED    *         0.01 MB       (max)       0.00 MB       (current)
 **********************************************************************************************************************************

1PROGRAM * RHF-SCF (CLOSED SHELL)       Authors: W. Meyer, H.-J. Werner


 NUMBER OF ELECTRONS:      34+   34-    SPACE SYMMETRY=1    SPIN SYMMETRY: Singlet 
 CONVERGENCE THRESHOLDS:    1.00E-05 (Density)    1.36E-07 (Energy)
 INTEGRAL THRESHOLDS:       1.00E-12 (Initial)    1.00E-12 (Final)
 MAX. NUMBER OF ITERATIONS:       60
 INTERPOLATION TYPE:            DIIS
 INTERPOLATION STEPS:              2 (START)      1 (STEP)
 LEVEL SHIFTS:                  0.00 (CLOSED)  0.00 (OPEN) 



 
 Basis set CC-PVTZ/JKFIT generated.      Number of basis functions:   951 
 
 Orbital guess generated from atomic densities. Full valence occupancy:   53
 Coulomb and exchange fitting
 Thresholds for fitting:       THRAO_COUL= 1.0D-15    THRAO_EXCH= 1.0D-13    THRMO= 1.0D-12    THRPROD= 1.0D-12    THRASM= 1.0D-12
                               THR2HLF=    1.0D-12

 Molecular orbital dump at record        2100.2

 ITERATION   DDIFF            GRAD            ENERGY        2-EL.EN.            DIPOLE MOMENTS         DIIS   CPU(IT)  CPU(TOT)  ORB.
    1      0.000D+00      0.000D+00      -452.60200848   1183.970832   -4.09315    0.97534    0.00000    0      3.2     15.1     start
    2      0.000D+00      0.307D-02      -452.72675816   1179.567405   -3.99741    0.27143    0.00000    1      2.8     17.9     diag
    3      0.392D-02      0.198D-02      -452.77695078   1181.391687   -3.81554    0.55000    0.00000    2      1.8     19.7     diag
    4      0.137D-02      0.302D-03      -452.77966718   1181.341486   -3.74434    0.51977    0.00000    3      1.7     21.4     diag
    5      0.470D-03      0.832D-04      -452.77991141   1181.323383   -3.73743    0.53400    0.00000    4      1.6     23.0     diag
    6      0.114D-03      0.330D-04      -452.77996171   1181.306350   -3.72060    0.52881    0.00000    5      1.8     24.8     diag
    7      0.519D-04      0.141D-04      -452.77997316   1181.319059   -3.72061    0.53428    0.00000    6      1.9     26.7     diag
    8      0.238D-04      0.674D-05      -452.77997584   1181.317586   -3.71783    0.53352    0.00000    7      1.7     28.4     diag
    9      0.118D-04      0.226D-05      -452.77997623   1181.316529   -3.71730    0.53463    0.00000    8      1.7     30.1     diag
   10      0.528D-05      0.803D-06      -452.77997626   1181.317906   -3.71744    0.53443   -0.00000    9      2.2     32.3     orth
   11      0.127D-05      0.274D-06      -452.77997626   1181.317438   -3.71739    0.53452    0.00000    0      1.7     34.1     orth

 Final occupancy:  34

 !RHF STATE 1.1 Energy               -452.779976259091
 Nuclear energy                       432.48971179
 One-electron energy                -1475.92840712
 Two-electron energy                  590.65871907
 Virial quotient                       -1.00175710
 !RHF STATE 1.1 Dipole moment          -3.71739432     0.53452441     0.00000000
 Dipole moment /Debye                  -9.44805505     1.35853655     0.00000000

 Orbital energies:

         1.1          2.1          3.1          4.1          5.1          6.1          7.1          8.1          9.1         10.1
    -20.465216   -20.450288   -15.685818   -15.640543   -11.369051   -11.317391   -11.311099   -11.299349   -11.188611    -1.416761

        11.1         12.1         13.1         14.1         15.1         16.1         17.1         18.1         19.1         20.1
     -1.341904    -1.259200    -1.224392    -1.074791    -0.942934    -0.922219    -0.874691    -0.819897    -0.737665    -0.675230

        21.1         22.1         23.1         24.1         25.1         26.1         27.1         28.1         29.1         30.1
     -0.667461    -0.656521    -0.651574    -0.637450    -0.576297    -0.574372    -0.560970    -0.504638    -0.490562    -0.471007

        31.1         32.1         33.1         34.1         35.1         36.1
     -0.381736    -0.377710    -0.371437    -0.366699     0.005746     0.023538

 HOMO     34.1    -0.366699 =      -9.9784eV
 LUMO     35.1     0.005746 =       0.1564eV
 LUMO-HOMO         0.372446 =      10.1348eV


 **********************************************************************************************************************************
 DATASETS  * FILE   NREC   LENGTH (MB)   RECORD NAMES
              1      18       20.88       500      610      700      900      950      970     1000      129      960     1100   
                                          VAR    BASINP    GEOM    SYMINP    ZMAT    AOBASIS   BASIS     P2S    ABASIS      S 
                                         1400     1410     1200     1210     1080     1600     1650     1700   
                                           T        V       H0       H01     AOSYM     SMH    MOLCAS    OPER   

              2       4        9.26       700     1000      520     2100   
                                         GEOM     BASIS   MCVARS     RHF  

 PROGRAMS   *        TOTAL        HF       INT
 CPU TIMES  *        35.55     34.59      0.82
 REAL TIME  *        69.36 SEC
 DISK USED  *       672.80 MB      
 SF USED    *       168.29 MB      
 GA USED    *         3.20 MB       (max)       0.00 MB       (current)
 **********************************************************************************************************************************
 SETTING E_RHF_C        =    ***************  KCAL/MOL                        


1PROGRAM * MP2 (Closed-shell)     Authors: C. Hampel, H.-J. Werner, 1991, M. Deegan, P.J. Knowles, 1992

 Basis set AUG-CC-PVTZ/MP2FIT generated. Number of basis functions:   1322 

 Convergence thresholds:  THRVAR = 1.00D-08  THRDEN = 1.36D-06

 Number of core orbitals:           9 (   9 )
 Number of closed-shell orbitals:  25 (  25 )
 Number of external orbitals:     564 ( 564 )

 Molecular orbitals read from record     2100.2  Type=RHF/CANONICAL (state 1.1)
 

 Entering DF-MP2

 Thresholds:    THRAO= 0.100D-09    THRMO= 0.100D-08    THROV= 0.100D-11

 Fitting basis: AUG-CC-PVTZ-MP2F
 Number of fitting functions:                1322
 Number of blocks in AO basis:                  7
 Minimum block size:                           69
 Maximum block size:                          138
 Average block size:                           85
 Number of groups in AO basis:                137
 Number of shells in AO basis:                286

 Using large memory version DFMP2B. NIBTK= 1  NGPU= 0  IGPU= 0

 para=T  nprocs= 12  mpptyp=0  number of tasks=  44

 Minimum memory with paging:                  3.90 MW
 Minimum memory for incore assembly:         18.96 MW
 Maximum memory for incore algorithm:        21.27 MW
 Memory for 3-index integrals:                0.00 MW

 Disk space for H1-integrals:               159.96 MB (  1100 records)
 
 CPU time for half transformed integrals      0.96 sec, elapsed time      0.97 sec
 CPU time for assembly                        2.63 sec, elapsed time      3.99 sec (8025.0 MFLOP/sec)
 Total CPU time                               5.35 sec, elapsed time      7.08 sec

 SCS-MP2 correlation energy:           -1.688864192444   (PS=  1.200000  PT=  0.333333)
 SCS-MP2 total energy:               -454.468840451533

 Norm of first-order wave function:     0.366206090205
 Coefficient of reference function:     0.855543096994

  Reference energy                   -452.779976259089
  MP2 singlet pair energy              -1.066017299254
  MP2 triplet pair energy              -0.658355517866
  MP2 correlation energy               -1.724372817120

 !MP2 total energy                   -454.504349076209


 **********************************************************************************************************************************
 DATASETS  * FILE   NREC   LENGTH (MB)   RECORD NAMES
              1      19       20.89       500      610      700      900      950      970     1000      129      960     1100   
                                          VAR    BASINP    GEOM    SYMINP    ZMAT    AOBASIS   BASIS     P2S    ABASIS      S 
                                         1400     1410     1200     1210     1080     1600     1650     1700      960(1)
                                           T        V       H0       H01     AOSYM     SMH    MOLCAS    OPER    ABASIS    

              2       4        9.26       700     1000      520     2100   
                                         GEOM     BASIS   MCVARS     RHF  

 PROGRAMS   *        TOTAL       MP2        HF       INT
 CPU TIMES  *        41.60      6.04     34.59      0.82
 REAL TIME  *        78.95 SEC
 DISK USED  *       672.80 MB      
 SF USED    *       635.20 MB      
 GA USED    *         3.20 MB       (max)       0.00 MB       (current)
 **********************************************************************************************************************************
 SETTING E_CORR_C       =    ***************  KCAL/MOL                        
 SETTING E_C            =     -1082.06049672  KCAL/MOL                        
 SETTING CHARGE         =         1.00000000                                  

 Dummy atoms: C10  H11  H12  C13  H14  O15  O16


 Recomputing one-electron integrals since nuclear charges changed

1PROGRAM * SEWARD (Integral evaluation for generally contracted gaussian basis sets)     Author: Roland Lindh, 1990

 Geometry written to block  1 of record 700


 Point group  C1  



 ATOMIC COORDINATES

 NR  ATOM    CHARGE       X              Y              Z

   1  N0      7.00   -4.842640209    1.822806942    0.000000000
   2  N1      7.00   -1.703514030   -0.861153244    0.000000000
   3  C2      6.00   -2.311477742    1.575497179    0.000000000
   4  C3      6.00   -3.914913463   -2.221352658    0.000000000
   5  C4      6.00   -5.900103683   -0.572678481    0.000000000
   6  H5      1.00   -0.866576928    3.039440480    0.000000000
   7  H6      1.00   -3.968454223   -4.256787427    0.000000000
   8  H7      1.00   -7.912776115   -0.880064394    0.000000000
   9  H8      1.00   -5.798874910    3.476835356    0.000000000
  10  H9      1.00    0.046173209   -1.575039695    0.000000000
  11  C10     0.00    6.960328917   -0.188309489    0.000000000
  12  H11     0.00    7.421451762   -1.298250640    1.748445859
  13  H12     0.00    7.880451140    1.651117178    0.000000000
  14  C13     0.00    4.111875309    0.141821849    0.000000000
  15  H14     0.00    7.421451762   -1.298250640   -1.748445859
  16  O15     0.00    3.115273734    2.238436973    0.000000000
  17  O16     0.00    2.848933881   -1.998030040    0.000000000

 Bond lengths in Bohr (Angstrom)

 1-3  2.543215593  1-5  2.618507095  1-9  1.910548298  2-3  2.511351261  2-4  2.596233792
     ( 1.345811730)     ( 1.385654276)     ( 1.011018616)     ( 1.328949851)     ( 1.373867752)

  2-10  1.889719371   3- 6  2.056907472   4- 5  2.580524512   4- 7  2.036138824   5- 8  2.036009926
       ( 0.999996423)       ( 1.088468555)       ( 1.365554759)       ( 1.077478260)       ( 1.077410050)

 11-12  2.121713119  11-13  2.056724427  11-14  2.867520646  11-15  2.121713119  14-16  2.321424063
       ( 1.122762226)       ( 1.088371692)       ( 1.517426572)       ( 1.122762226)       ( 1.228444707)

 14-17  2.484750924
       ( 1.314873559)

 Bond angles

  1-3-2  109.59013640   1-3-6  129.04449499   1-5-4  105.89059304   1-5-8  122.50200314

  2-3-6  121.36536861   2-4-5  108.69575365   2-4-7  123.10184411   3-1-5  108.23816049

  3- 1- 9  125.61369675   3- 2- 4  107.58535643   3- 2-10  126.20556188   4- 2-10  126.20908169

  4- 5- 8  131.60740382   5- 1- 9  126.14814276   5- 4- 7  128.20240224  11-14-16  122.03452962

 11-14-17  113.93812478  12-11-13  111.75473763  12-11-14  106.02861121  12-11-15  110.98917938

 13-11-14  109.96424308  13-11-15  111.75473763  14-11-15  106.02861121  16-14-17  124.02734560

 NUCLEAR CHARGE:                   37
 NUMBER OF PRIMITIVE AOS:         819
 NUMBER OF SYMMETRY AOS:          722
 NUMBER OF CONTRACTIONS:          598   ( 598A   )
 NUMBER OF CORE ORBITALS:           5   (   5A   )
 NUMBER OF VALENCE ORBITALS:       25   (  25A   )

 MOLECULE CHANGED: INITIALIZING OCCUPATION AND DUMP RECORDS


 NUCLEAR REPULSION ENERGY  172.82741642


 Eigenvalues of metric

         1 0.280E-05 0.534E-05 0.710E-05 0.851E-05 0.106E-04 0.131E-04 0.142E-04 0.180E-04


 OPERATOR DM      FOR CENTER  0  COORDINATES:    0.000000    0.000000    0.000000


 **********************************************************************************************************************************
 DATASETS  * FILE   NREC   LENGTH (MB)   RECORD NAMES
              1      19       20.89       500      610      700      900      950      970     1000      129      960     1100   
                                          VAR    BASINP    GEOM    SYMINP    ZMAT    AOBASIS   BASIS     P2S    ABASIS      S 
                                         1400     1410     1200     1210     1080     1600     1650     1700      960(1)
                                           T        V       H0       H01     AOSYM     SMH    MOLCAS    OPER    ABASIS    

              2       4        9.26       700     1000      520     2100   
                                         GEOM     BASIS   MCVARS     RHF  

 PROGRAMS   *        TOTAL       INT       MP2        HF       INT
 CPU TIMES  *        42.51      0.90      6.04     34.59      0.82
 REAL TIME  *        80.48 SEC
 DISK USED  *       672.80 MB      
 SF USED    *       635.20 MB      
 GA USED    *         3.20 MB       (max)       0.00 MB       (current)
 **********************************************************************************************************************************

1PROGRAM * RHF-SCF (CLOSED SHELL)       Authors: W. Meyer, H.-J. Werner


 NUMBER OF ELECTRONS:      18+   18-    SPACE SYMMETRY=1    SPIN SYMMETRY: Singlet 
 CONVERGENCE THRESHOLDS:    1.00E-05 (Density)    1.00E-07 (Energy)
 INTEGRAL THRESHOLDS:       1.00E-12 (Initial)    1.00E-12 (Final)
 MAX. NUMBER OF ITERATIONS:       60
 INTERPOLATION TYPE:            DIIS
 INTERPOLATION STEPS:              2 (START)      1 (STEP)
 LEVEL SHIFTS:                  0.00 (CLOSED)  0.00 (OPEN) 



 
 Basis set CC-PVTZ/JKFIT generated.      Number of basis functions:   951 
 
 Orbital guess generated from atomic densities. Full valence occupancy:   30
 Coulomb and exchange fitting
 Thresholds for fitting:       THRAO_COUL= 1.0D-15    THRAO_EXCH= 1.0D-13    THRMO= 1.0D-12    THRPROD= 1.0D-12    THRASM= 1.0D-12
                               THR2HLF=    1.0D-12

 Molecular orbital dump at record        2101.2

 ITERATION   DDIFF            GRAD            ENERGY        2-EL.EN.            DIPOLE MOMENTS         DIIS   CPU(IT)  CPU(TOT)  ORB.
    1      0.000D+00      0.000D+00      -225.20606439    476.289129   -2.87289    0.93850   -0.00000    0      2.3     10.0     start
    2      0.000D+00      0.218D-02      -225.26566231    481.099114   -3.43084    0.26259   -0.00000    1      1.5     11.4     diag
    3      0.218D-02      0.974D-03      -225.27451627    479.671599   -3.21820    0.52349   -0.00000    2      2.1     13.5     diag
    4      0.787D-03      0.311D-03      -225.27585379    479.942705   -3.26852    0.45951    0.00000    3      1.4     14.9     diag
    5      0.252D-03      0.544D-04      -225.27594855    480.019389   -3.26008    0.47003   -0.00000    4      1.5     16.4     diag
    6      0.710D-04      0.288D-04      -225.27597520    479.991309   -3.25928    0.46931    0.00000    5      1.4     17.8     diag
    7      0.329D-04      0.125D-04      -225.27598396    480.002774   -3.25570    0.47404    0.00000    6      1.5     19.3     diag
    8      0.234D-04      0.488D-05      -225.27598479    480.002462   -3.25453    0.47457   -0.00000    7      1.5     20.8     diag
    9      0.884D-05      0.110D-05      -225.27598480    480.001736   -3.25463    0.47481    0.00000    8      1.5     22.3     diag
   10      0.111D-05      0.305D-06      -225.27598480    480.001987   -3.25456    0.47473   -0.00000    0      1.8     24.0     orth

 Final occupancy:  18

 !RHF STATE 1.1 Energy               -225.275984804743
 Nuclear energy                       172.82741642
 One-electron energy                 -638.10439482
 Two-electron energy                  240.00099359
 Virial quotient                       -1.00214196
 !RHF STATE 1.1 Dipole moment          -3.25456062     0.47472688    -0.00000000
 Dipole moment /Debye                  -8.27172617     1.20655634    -0.00000000

 Orbital energies:

         1.1          2.1          3.1          4.1          5.1          6.1          7.1          8.1          9.1         10.1
    -15.853259   -15.852998   -11.557198   -11.476997   -11.473997    -1.594435    -1.438251    -1.243871    -1.105333    -1.045996

        11.1         12.1         13.1         14.1         15.1         16.1         17.1         18.1         19.1         20.1
     -0.990814    -0.912719    -0.842656    -0.828036    -0.817907    -0.802672    -0.669700    -0.544365    -0.097686    -0.081868

 HOMO     18.1    -0.544365 =     -14.8129eV
 LUMO     19.1    -0.097686 =      -2.6582eV
 LUMO-HOMO         0.446679 =      12.1547eV


 **********************************************************************************************************************************
 DATASETS  * FILE   NREC   LENGTH (MB)   RECORD NAMES
              1      19       20.95       500      610      700      900      950      970     1000      129      960     1100   
                                          VAR    BASINP    GEOM    SYMINP    ZMAT    AOBASIS   BASIS     P2S    ABASIS      S 
                                         1400     1410     1200     1210     1080     1600     1650     1700      960(1)
                                           T        V       H0       H01     AOSYM     SMH    MOLCAS    OPER    ABASIS    

              2       5       23.63       700     1000      520     2100     2101   
                                         GEOM     BASIS   MCVARS     RHF      RHF  

 PROGRAMS   *        TOTAL        HF       INT       MP2        HF       INT
 CPU TIMES  *        66.79     24.26      0.90      6.04     34.59      0.82
 REAL TIME  *       170.71 SEC
 DISK USED  *       828.85 MB      
 SF USED    *       635.20 MB      
 GA USED    *         3.20 MB       (max)       0.00 MB       (current)
 **********************************************************************************************************************************
 SETTING E_RHF_A        =    ***************  KCAL/MOL                        


1PROGRAM * MP2 (Closed-shell)     Authors: C. Hampel, H.-J. Werner, 1991, M. Deegan, P.J. Knowles, 1992

 Basis set AUG-CC-PVTZ/MP2FIT generated. Number of basis functions:   1322 

 Convergence thresholds:  THRVAR = 1.00D-08  THRDEN = 1.00D-06

 Number of core orbitals:           5 (   5 )
 Number of closed-shell orbitals:  13 (  13 )
 Number of external orbitals:     580 ( 580 )

 Molecular orbitals read from record     2101.2  Type=RHF/CANONICAL (state 1.1)
 

 Entering DF-MP2

 Thresholds:    THRAO= 0.100D-09    THRMO= 0.100D-08    THROV= 0.100D-11

 Fitting basis: AUG-CC-PVTZ-MP2F
 Number of fitting functions:                1322
 Number of blocks in AO basis:                  7
 Minimum block size:                           69
 Maximum block size:                          138
 Average block size:                           85
 Number of groups in AO basis:                137
 Number of shells in AO basis:                286

 Using large memory version DFMP2B. NIBTK= 1  NGPU= 0  IGPU= 0

 para=T  nprocs= 12  mpptyp=0  number of tasks=  44

 Minimum memory with paging:                  3.94 MW
 Minimum memory for incore assembly:         10.31 MW
 Maximum memory for incore algorithm:        11.67 MW
 Memory for 3-index integrals:                0.00 MW

 Disk space for H1-integrals:                83.18 MB (   572 records)
 
 CPU time for half transformed integrals      0.84 sec, elapsed time      0.85 sec
 CPU time for assembly                        0.75 sec, elapsed time      1.43 sec (7142.4 MFLOP/sec)
 Total CPU time                               3.74 sec, elapsed time      4.62 sec

 SCS-MP2 correlation energy:           -0.867447196525   (PS=  1.200000  PT=  0.333333)
 SCS-MP2 total energy:               -226.143432001259

 Norm of first-order wave function:     0.197968343614
 Coefficient of reference function:     0.913644678498

  Reference energy                   -225.275984804734
  MP2 singlet pair energy              -0.550343150080
  MP2 triplet pair energy              -0.332735490690
  MP2 correlation energy               -0.883078640770

 !MP2 total energy                   -226.159063445504


 **********************************************************************************************************************************
 DATASETS  * FILE   NREC   LENGTH (MB)   RECORD NAMES
              1      19       20.95       500      610      700      900      950      970     1000      129      960     1100   
                                          VAR    BASINP    GEOM    SYMINP    ZMAT    AOBASIS   BASIS     P2S    ABASIS      S 
                                         1400     1410     1200     1210     1080     1600     1650     1700      960(1)
                                           T        V       H0       H01     AOSYM     SMH    MOLCAS    OPER    ABASIS    

              2       5       23.63       700     1000      520     2100     2101   
                                         GEOM     BASIS   MCVARS     RHF      RHF  

 PROGRAMS   *        TOTAL       MP2        HF       INT       MP2        HF       INT
 CPU TIMES  *        71.17      4.38     24.26      0.90      6.04     34.59      0.82
 REAL TIME  *       176.49 SEC
 DISK USED  *       828.85 MB      
 SF USED    *       635.20 MB      
 GA USED    *         3.20 MB       (max)       0.00 MB       (current)
 **********************************************************************************************************************************
 SETTING E_CORR_A       =    ***************  KCAL/MOL                        
 SETTING E_A            =      -554.14032463  KCAL/MOL                        
 SETTING CHARGE         =        -1.00000000                                  

 Dummy atoms: N0  N1  C2  C3  C4  H5  H6  H7  H8  H9


 Recomputing one-electron integrals since nuclear charges changed

1PROGRAM * SEWARD (Integral evaluation for generally contracted gaussian basis sets)     Author: Roland Lindh, 1990

 Geometry written to block  1 of record 700


 Point group  C1  



 ATOMIC COORDINATES

 NR  ATOM    CHARGE       X              Y              Z

   1  N0      0.00   -4.842640209    1.822806942    0.000000000
   2  N1      0.00   -1.703514030   -0.861153244    0.000000000
   3  C2      0.00   -2.311477742    1.575497179    0.000000000
   4  C3      0.00   -3.914913463   -2.221352658    0.000000000
   5  C4      0.00   -5.900103683   -0.572678481    0.000000000
   6  H5      0.00   -0.866576928    3.039440480    0.000000000
   7  H6      0.00   -3.968454223   -4.256787427    0.000000000
   8  H7      0.00   -7.912776115   -0.880064394    0.000000000
   9  H8      0.00   -5.798874910    3.476835356    0.000000000
  10  H9      0.00    0.046173209   -1.575039695    0.000000000
  11  C10     6.00    6.960328917   -0.188309489    0.000000000
  12  H11     1.00    7.421451762   -1.298250640    1.748445859
  13  H12     1.00    7.880451140    1.651117178    0.000000000
  14  C13     6.00    4.111875309    0.141821849    0.000000000
  15  H14     1.00    7.421451762   -1.298250640   -1.748445859
  16  O15     8.00    3.115273734    2.238436973    0.000000000
  17  O16     8.00    2.848933881   -1.998030040    0.000000000

 Bond lengths in Bohr (Angstrom)

 1-3  2.543215593  1-5  2.618507095  1-9  1.910548298  2-3  2.511351261  2-4  2.596233792
     ( 1.345811730)     ( 1.385654276)     ( 1.011018616)     ( 1.328949851)     ( 1.373867752)

  2-10  1.889719371   3- 6  2.056907472   4- 5  2.580524512   4- 7  2.036138824   5- 8  2.036009926
       ( 0.999996423)       ( 1.088468555)       ( 1.365554759)       ( 1.077478260)       ( 1.077410050)

 11-12  2.121713119  11-13  2.056724427  11-14  2.867520646  11-15  2.121713119  14-16  2.321424063
       ( 1.122762226)       ( 1.088371692)       ( 1.517426572)       ( 1.122762226)       ( 1.228444707)

 14-17  2.484750924
       ( 1.314873559)

 Bond angles

  1-3-2  109.59013640   1-3-6  129.04449499   1-5-4  105.89059304   1-5-8  122.50200314

  2-3-6  121.36536861   2-4-5  108.69575365   2-4-7  123.10184411   3-1-5  108.23816049

  3- 1- 9  125.61369675   3- 2- 4  107.58535643   3- 2-10  126.20556188   4- 2-10  126.20908169

  4- 5- 8  131.60740382   5- 1- 9  126.14814276   5- 4- 7  128.20240224  11-14-16  122.03452962

 11-14-17  113.93812478  12-11-13  111.75473763  12-11-14  106.02861121  12-11-15  110.98917938

 13-11-14  109.96424308  13-11-15  111.75473763  14-11-15  106.02861121  16-14-17  124.02734560

 NUCLEAR CHARGE:                   31
 NUMBER OF PRIMITIVE AOS:         819
 NUMBER OF SYMMETRY AOS:          722
 NUMBER OF CONTRACTIONS:          598   ( 598A   )
 NUMBER OF CORE ORBITALS:           4   (   4A   )
 NUMBER OF VALENCE ORBITALS:       19   (  19A   )

 MOLECULE CHANGED: INITIALIZING OCCUPATION AND DUMP RECORDS


 NUCLEAR REPULSION ENERGY  111.70445666


 Eigenvalues of metric

         1 0.280E-05 0.534E-05 0.710E-05 0.851E-05 0.106E-04 0.131E-04 0.142E-04 0.180E-04


 OPERATOR DM      FOR CENTER  0  COORDINATES:    0.000000    0.000000    0.000000


 **********************************************************************************************************************************
 DATASETS  * FILE   NREC   LENGTH (MB)   RECORD NAMES
              1      19       20.95       500      610      700      900      950      970     1000      129      960     1100   
                                          VAR    BASINP    GEOM    SYMINP    ZMAT    AOBASIS   BASIS     P2S    ABASIS      S 
                                         1400     1410     1200     1210     1080     1600     1650     1700      960(1)
                                           T        V       H0       H01     AOSYM     SMH    MOLCAS    OPER    ABASIS    

              2       5       23.63       700     1000      520     2100     2101   
                                         GEOM     BASIS   MCVARS     RHF      RHF  

 PROGRAMS   *        TOTAL       INT       MP2        HF       INT       MP2        HF       INT
 CPU TIMES  *        72.03      0.86      4.38     24.26      0.90      6.04     34.59      0.82
 REAL TIME  *       178.49 SEC
 DISK USED  *       828.85 MB      
 SF USED    *       635.20 MB      
 GA USED    *         3.20 MB       (max)       0.00 MB       (current)
 **********************************************************************************************************************************

1PROGRAM * RHF-SCF (CLOSED SHELL)       Authors: W. Meyer, H.-J. Werner


 NUMBER OF ELECTRONS:      16+   16-    SPACE SYMMETRY=1    SPIN SYMMETRY: Singlet 
 CONVERGENCE THRESHOLDS:    1.00E-05 (Density)    1.00E-07 (Energy)
 INTEGRAL THRESHOLDS:       1.00E-12 (Initial)    1.00E-12 (Final)
 MAX. NUMBER OF ITERATIONS:       60
 INTERPOLATION TYPE:            DIIS
 INTERPOLATION STEPS:              2 (START)      1 (STEP)
 LEVEL SHIFTS:                  0.00 (CLOSED)  0.00 (OPEN) 



 
 Basis set CC-PVTZ/JKFIT generated.      Number of basis functions:   951 
 
 Orbital guess generated from atomic densities. Full valence occupancy:   23
 Coulomb and exchange fitting
 Thresholds for fitting:       THRAO_COUL= 1.0D-15    THRAO_EXCH= 1.0D-13    THRMO= 1.0D-12    THRPROD= 1.0D-12    THRASM= 1.0D-12
                               THR2HLF=    1.0D-12

 Molecular orbital dump at record        2102.2

 ITERATION   DDIFF            GRAD            ENERGY        2-EL.EN.            DIPOLE MOMENTS         DIIS   CPU(IT)  CPU(TOT)  ORB.
    1      0.000D+00      0.000D+00      -227.17735878    409.373161   -1.77514    0.08650    0.00000    0      2.4      9.6     start
    2      0.000D+00      0.414D-02      -227.26130283    399.969850   -2.94996    0.02078    0.00000    1      1.5     11.1     diag
    3      0.373D-02      0.310D-02      -227.31791493    403.056433   -2.62044    0.11155    0.00000    2      1.6     12.7     diag
    4      0.140D-02      0.299D-03      -227.31918038    403.255478   -2.64097    0.07957    0.00000    3      1.4     14.1     diag
    5      0.361D-03      0.126D-03      -227.31937284    403.136617   -2.63762    0.10367    0.00000    4      1.4     15.5     diag
    6      0.103D-03      0.463D-04      -227.31939475    403.128932   -2.63704    0.09650    0.00000    5      2.1     17.6     diag
    7      0.365D-04      0.146D-04      -227.31939798    403.139145   -2.63708    0.09889    0.00000    6      1.4     19.0     diag
    8      0.154D-04      0.429D-05      -227.31939837    403.136856   -2.63681    0.09900    0.00000    7      1.7     20.7     diag
    9      0.498D-05      0.133D-05      -227.31939843    403.137690   -2.63680    0.09927    0.00000    8      2.2     22.9     diag
   10      0.222D-05      0.464D-06      -227.31939844    403.137326   -2.63684    0.09931    0.00000    0      1.5     24.4     orth

 Final occupancy:  16

 !RHF STATE 1.1 Energy               -227.319398436157
 Nuclear energy                       111.70445666
 One-electron energy                 -540.59251788
 Two-electron energy                  201.56866279
 Virial quotient                       -1.00188489
 !RHF STATE 1.1 Dipole moment          -2.63683975     0.09930995     0.00000000
 Dipole moment /Debye                  -6.70173917     0.25240419     0.00000000

 Orbital energies:

         1.1          2.1          3.1          4.1          5.1          6.1          7.1          8.1          9.1         10.1
    -20.294587   -20.268616   -11.128415   -11.057191    -1.161780    -1.035942    -0.799076    -0.507953    -0.421775    -0.415745

        11.1         12.1         13.1         14.1         15.1         16.1         17.1         18.1
     -0.409266    -0.351192    -0.311341    -0.200035    -0.186761    -0.177921     0.095310     0.113938

 HOMO     16.1    -0.177921 =      -4.8415eV
 LUMO     17.1     0.095310 =       2.5935eV
 LUMO-HOMO         0.273231 =       7.4350eV


 **********************************************************************************************************************************
 DATASETS  * FILE   NREC   LENGTH (MB)   RECORD NAMES
              1      19       20.95       500      610      700      900      950      970     1000      129      960     1100   
                                          VAR    BASINP    GEOM    SYMINP    ZMAT    AOBASIS   BASIS     P2S    ABASIS      S 
                                         1400     1410     1200     1210     1080     1600     1650     1700      960(1)
                                           T        V       H0       H01     AOSYM     SMH    MOLCAS    OPER    ABASIS    

              2       6       38.00       700     1000      520     2100     2101     2102   
                                         GEOM     BASIS   MCVARS     RHF      RHF      RHF  

 PROGRAMS   *        TOTAL        HF       INT       MP2        HF       INT       MP2        HF       INT
 CPU TIMES  *        96.78     24.75      0.86      4.38     24.26      0.90      6.04     34.59      0.82
 REAL TIME  *       279.74 SEC
 DISK USED  *         1.00 GB      
 SF USED    *       635.20 MB      
 GA USED    *         3.20 MB       (max)       0.00 MB       (current)
 **********************************************************************************************************************************
 SETTING E_RHF_B        =    ***************  KCAL/MOL                        


1PROGRAM * MP2 (Closed-shell)     Authors: C. Hampel, H.-J. Werner, 1991, M. Deegan, P.J. Knowles, 1992

 Basis set AUG-CC-PVTZ/MP2FIT generated. Number of basis functions:   1322 

 Convergence thresholds:  THRVAR = 1.00D-08  THRDEN = 1.00D-06

 Number of core orbitals:           4 (   4 )
 Number of closed-shell orbitals:  12 (  12 )
 Number of external orbitals:     582 ( 582 )

 Molecular orbitals read from record     2102.2  Type=RHF/CANONICAL (state 1.1)
 

 Entering DF-MP2

 Thresholds:    THRAO= 0.100D-09    THRMO= 0.100D-08    THROV= 0.100D-11

 Fitting basis: AUG-CC-PVTZ-MP2F
 Number of fitting functions:                1322
 Number of blocks in AO basis:                  7
 Minimum block size:                           69
 Maximum block size:                          138
 Average block size:                           85
 Number of groups in AO basis:                137
 Number of shells in AO basis:                286

 Using large memory version DFMP2B. NIBTK= 1  NGPU= 0  IGPU= 0

 para=T  nprocs= 12  mpptyp=0  number of tasks=  44

 Minimum memory with paging:                  3.95 MW
 Minimum memory for incore assembly:          9.57 MW
 Maximum memory for incore algorithm:        10.87 MW
 Memory for 3-index integrals:                0.00 MW

 Disk space for H1-integrals:                76.78 MB (   528 records)
 
 CPU time for half transformed integrals      0.80 sec, elapsed time      0.81 sec
 CPU time for assembly                        0.75 sec, elapsed time      1.67 sec (7191.8 MFLOP/sec)
 Total CPU time                               3.04 sec, elapsed time      4.07 sec

 SCS-MP2 correlation energy:           -0.818781993060   (PS=  1.200000  PT=  0.333333)
 SCS-MP2 total energy:               -228.138180429216

 Norm of first-order wave function:     0.171294765385
 Coefficient of reference function:     0.923989208049

  Reference energy                   -227.319398436157
  MP2 singlet pair energy              -0.517208566505
  MP2 triplet pair energy              -0.318425967729
  MP2 correlation energy               -0.835634534234

 !MP2 total energy                   -228.155032970391


 **********************************************************************************************************************************
 DATASETS  * FILE   NREC   LENGTH (MB)   RECORD NAMES
              1      19       20.95       500      610      700      900      950      970     1000      129      960     1100   
                                          VAR    BASINP    GEOM    SYMINP    ZMAT    AOBASIS   BASIS     P2S    ABASIS      S 
                                         1400     1410     1200     1210     1080     1600     1650     1700      960(1)
                                           T        V       H0       H01     AOSYM     SMH    MOLCAS    OPER    ABASIS    

              2       6       38.00       700     1000      520     2100     2101     2102   
                                         GEOM     BASIS   MCVARS     RHF      RHF      RHF  

 PROGRAMS   *        TOTAL       MP2        HF       INT       MP2        HF       INT       MP2        HF       INT
 CPU TIMES  *       100.47      3.68     24.75      0.86      4.38     24.26      0.90      6.04     34.59      0.82
 REAL TIME  *       285.01 SEC
 DISK USED  *         1.00 GB      
 SF USED    *       635.20 MB      
 GA USED    *         3.20 MB       (max)       0.00 MB       (current)
 **********************************************************************************************************************************
 SETTING E_CORR_B       =    ***************  KCAL/MOL                        
 SETTING E_B            =      -524.36869232  KCAL/MOL                        
 SETTING E_RHF_CP       =      -115.83389101  KCAL/MOL                        
 SETTING E_CORR_CP      =        -3.55147976  KCAL/MOL                        

        DF-MP2          DF-HF           DF-MP2          DF-HF           DF-MP2          DF-HF   
   -228.15503297   -227.31939844   -226.15906345   -225.27598480   -454.50434908   -452.77997626
 **********************************************************************************************************************************
 Variable memory released
