
 Primary working directories    : /scratch/1723365.phoenix.chem.wisc.edu
 Secondary working directories  : /scratch/1723365.phoenix.chem.wisc.edu
 Wavefunction directory         : /scratch/1723365.phoenix.chem.wisc.edu/
 Main file repository           : /scratch/1723365.phoenix.chem.wisc.edu/

 SHA1      : 65e45729fe3f963b0eb97374e3bda9949063ef0f
 NAME      : 2012.1.17
 ARCHNAME  : Linux/x86_64
 FC        : /opt/intel/composer_xe_2013.5.192/bin/intel64/ifort
 FCVERSION : 13.1.3
 BLASLIB   : -L/opt/intel/composer_xe_2013.5.192/mkl/lib/intel64 -lmkl_intel_ilp64 -lmkl_sequential -lmkl_core
 id        : cuichemwisc

 Nodes             nprocs
 compute-1-31.local   12
 ga_uses_ma=false, calling ma_init with nominal heap.
 GA-space will be limited to   8.0 MW (determined by -G option)

 Using customized tuning parameters: mindgm=1; mindgv=20; mindgc=4; mindgr=1; noblas=0; minvec=7
 default implementation of scratch files=sf  

 geomtyp=xyz
 geometry={
 17
  N0         -2.562614830000       0.964587890000       0.000000000000
  N1         -0.901460800000      -0.455702670000       0.000000000000
  C2         -1.223181340000       0.833717200000       0.000000000000
  C3         -2.071682980000      -1.175489200000       0.000000000000
  C4         -3.122200400000      -0.303048400000       0.000000000000
  H5         -0.458572760000       1.608402630000       0.000000000000
  H6         -2.100015530000      -2.252594890000       0.000000000000
  H7         -4.187260780000      -0.465710020000       0.000000000000
  H8         -3.068632440000       1.839862030000       0.000000000000
  H9          0.024433810000      -0.833475110000       0.000000000000
  C10         5.789825476402      -0.083964682986       0.000000000000
  H11         6.033841176402      -0.671320242986       0.925237700000
  H12         6.276733186402       0.889417987014       0.000000000000
  C13         4.282488746402       0.090733297014       0.000000000000
  H14         6.033841176402      -0.671320242986      -0.925237700000
  O15         3.755109906402       1.200214237014       0.000000000000
  O16         3.614168926402      -1.041627552986       0.000000000000
 }
 
 
 basis=avtz
 
                                                                                 ! Complex
 set,charge=0
 
 df-hf
 e_rhf_c = energy*tokcal
 df-mp2
 e_corr_c = energy*tokcal
 e_c = e_corr_c - e_rhf_c
 
 
                                                                                 ! Monomer 1
 set,charge=1
 dummy,C10,H11,H12,C13,H14,O15,O16
 
 df-hf
 e_rhf_a = energy*tokcal
 df-mp2
 e_corr_a = energy*tokcal
 e_a = e_corr_a - e_rhf_a
 
 
                                                                                 ! Monomer 2
 set,charge=-1
 dummy,N0,N1,C2,C3,C4,H5,H6,H7,H8,H9
 
 df-hf
 e_rhf_b = energy*tokcal
 df-mp2
 e_corr_b = energy*tokcal
 e_b = e_corr_b - e_rhf_b
 
 
 e_rhf_cp = e_rhf_c - (e_rhf_a + e_rhf_b)
 e_corr_cp = e_c - (e_a + e_b)

 Variables initialized (782), CPU time= 0.01 sec
 Commands  initialized (547), CPU time= 0.01 sec, 517 directives.
 Default parameters read. Elapsed time= 0.12 sec

 Checking input...
 Passed
1


                                         ***  PROGRAM SYSTEM MOLPRO  ***
                         Copyright, University College Cardiff Consultants Limited, 2008

                                    Version 2012.1 linked Oct 11 2014 15:40:16


 **********************************************************************************************************************************
 LABEL *                                                                                 
 Linux-2.6.18-308.el5/compute-1-31.local(x86_64) 64 bit mpp version                      DATE: 11-Dec-14          TIME: 22:55:02  
 **********************************************************************************************************************************

 SHA1:             65e45729fe3f963b0eb97374e3bda9949063ef0f
 **********************************************************************************************************************************
 SETTING GEOMTYP        =    XYZ

 Turning off symmetry in density fitting calculation
 To re-enable, use 'set,zsymel=auto'


 Variable memory set to  350000000 words,  buffer space   230000 words

 SETTING BASIS          =    AVTZ
 SETTING CHARGE         =         0.00000000                                  


 Recomputing integrals since basis changed


 Using spherical harmonics

 Library entry N      S aug-cc-pVTZ          selected for orbital group  1
 Library entry N      P aug-cc-pVTZ          selected for orbital group  1
 Library entry N      D aug-cc-pVTZ          selected for orbital group  1
 Library entry N      F aug-cc-pVTZ          selected for orbital group  1
 Library entry C      S aug-cc-pVTZ          selected for orbital group  2
 Library entry C      P aug-cc-pVTZ          selected for orbital group  2
 Library entry C      D aug-cc-pVTZ          selected for orbital group  2
 Library entry C      F aug-cc-pVTZ          selected for orbital group  2
 Library entry H      S aug-cc-pVTZ          selected for orbital group  3
 Library entry H      P aug-cc-pVTZ          selected for orbital group  3
 Library entry H      D aug-cc-pVTZ          selected for orbital group  3
 Library entry O      S aug-cc-pVTZ          selected for orbital group  8
 Library entry O      P aug-cc-pVTZ          selected for orbital group  8
 Library entry O      D aug-cc-pVTZ          selected for orbital group  8
 Library entry O      F aug-cc-pVTZ          selected for orbital group  8

1PROGRAM * SEWARD (Integral evaluation for generally contracted gaussian basis sets)     Author: Roland Lindh, 1990

 Geometry written to block  1 of record 700


 Point group  C1  



 ATOMIC COORDINATES

 NR  ATOM    CHARGE       X              Y              Z

   1  N0      7.00   -4.842640209    1.822806942    0.000000000
   2  N1      7.00   -1.703514030   -0.861153244    0.000000000
   3  C2      6.00   -2.311477742    1.575497179    0.000000000
   4  C3      6.00   -3.914913463   -2.221352658    0.000000000
   5  C4      6.00   -5.900103683   -0.572678481    0.000000000
   6  H5      1.00   -0.866576928    3.039440480    0.000000000
   7  H6      1.00   -3.968454223   -4.256787427    0.000000000
   8  H7      1.00   -7.912776115   -0.880064394    0.000000000
   9  H8      1.00   -5.798874910    3.476835356    0.000000000
  10  H9      1.00    0.046173209   -1.575039695    0.000000000
  11  C10     6.00   10.941184499   -0.158670256    0.000000000
  12  H11     1.00   11.402307344   -1.268611406    1.748445859
  13  H12     1.00   11.861306722    1.680756412    0.000000000
  14  C13     6.00    8.092730892    0.171461082    0.000000000
  15  H14     1.00   11.402307344   -1.268611406   -1.748445859
  16  O15     8.00    7.096129316    2.268076207    0.000000000
  17  O16     8.00    6.829789464   -1.968390806    0.000000000

 Bond lengths in Bohr (Angstrom)

 1-3  2.543215593  1-5  2.618507095  1-9  1.910548298  2-3  2.511351261  2-4  2.596233792
     ( 1.345811730)     ( 1.385654276)     ( 1.011018616)     ( 1.328949851)     ( 1.373867752)

  2-10  1.889719371   3- 6  2.056907472   4- 5  2.580524512   4- 7  2.036138824   5- 8  2.036009926
       ( 0.999996423)       ( 1.088468555)       ( 1.365554759)       ( 1.077478260)       ( 1.077410050)

 11-12  2.121713119  11-13  2.056724427  11-14  2.867520646  11-15  2.121713119  14-16  2.321424063
       ( 1.122762226)       ( 1.088371692)       ( 1.517426572)       ( 1.122762226)       ( 1.228444707)

 14-17  2.484750924
       ( 1.314873559)

 Bond angles

  1-3-2  109.59013640   1-3-6  129.04449499   1-5-4  105.89059304   1-5-8  122.50200314

  2-3-6  121.36536861   2-4-5  108.69575365   2-4-7  123.10184411   3-1-5  108.23816049

  3- 1- 9  125.61369675   3- 2- 4  107.58535643   3- 2-10  126.20556188   4- 2-10  126.20908169

  4- 5- 8  131.60740382   5- 1- 9  126.14814276   5- 4- 7  128.20240224  11-14-16  122.03452962

 11-14-17  113.93812478  12-11-13  111.75473763  12-11-14  106.02861121  12-11-15  110.98917938

 13-11-14  109.96424308  13-11-15  111.75473763  14-11-15  106.02861121  16-14-17  124.02734560

 NUCLEAR CHARGE:                   68
 NUMBER OF PRIMITIVE AOS:         819
 NUMBER OF SYMMETRY AOS:          722
 NUMBER OF CONTRACTIONS:          598   ( 598A   )
 NUMBER OF CORE ORBITALS:           9   (   9A   )
 NUMBER OF VALENCE ORBITALS:       44   (  44A   )


 NUCLEAR REPULSION ENERGY  381.37941720


 Eigenvalues of metric

         1 0.387E-05 0.719E-05 0.116E-04 0.140E-04 0.199E-04 0.204E-04 0.312E-04 0.348E-04


 OPERATOR DM      FOR CENTER  0  COORDINATES:    0.000000    0.000000    0.000000


 **********************************************************************************************************************************
 DATASETS  * FILE   NREC   LENGTH (MB)   RECORD NAMES
              1      18       20.88       500      610      700      900      950      970     1000      129      960     1100   
                                          VAR    BASINP    GEOM    SYMINP    ZMAT    AOBASIS   BASIS     P2S    ABASIS      S 
                                         1400     1410     1200     1210     1080     1600     1650     1700   
                                           T        V       H0       H01     AOSYM     SMH    MOLCAS    OPER   

 PROGRAMS   *        TOTAL       INT
 CPU TIMES  *         0.95      0.81
 REAL TIME  *         1.70 SEC
 DISK USED  *         0.00 MB      
 GA USED    *         0.01 MB       (max)       0.00 MB       (current)
 **********************************************************************************************************************************

1PROGRAM * RHF-SCF (CLOSED SHELL)       Authors: W. Meyer, H.-J. Werner


 NUMBER OF ELECTRONS:      34+   34-    SPACE SYMMETRY=1    SPIN SYMMETRY: Singlet 
 CONVERGENCE THRESHOLDS:    1.00E-05 (Density)    1.36E-07 (Energy)
 INTEGRAL THRESHOLDS:       1.00E-12 (Initial)    1.00E-12 (Final)
 MAX. NUMBER OF ITERATIONS:       60
 INTERPOLATION TYPE:            DIIS
 INTERPOLATION STEPS:              2 (START)      1 (STEP)
 LEVEL SHIFTS:                  0.00 (CLOSED)  0.00 (OPEN) 



 
 Basis set CC-PVTZ/JKFIT generated.      Number of basis functions:   951 
 
 Orbital guess generated from atomic densities. Full valence occupancy:   53
 Coulomb and exchange fitting
 Thresholds for fitting:       THRAO_COUL= 1.0D-15    THRAO_EXCH= 1.0D-13    THRMO= 1.0D-12    THRPROD= 1.0D-12    THRASM= 1.0D-12
                               THR2HLF=    1.0D-12

 Molecular orbital dump at record        2100.2

 ITERATION   DDIFF            GRAD            ENERGY        2-EL.EN.            DIPOLE MOMENTS         DIIS   CPU(IT)  CPU(TOT)  ORB.
    1      0.000D+00      0.000D+00      -452.49862370   1080.823480   -8.62486    0.99531    0.00000    0      2.7      8.7     start
    2      0.000D+00      0.326D-02      -452.63908644   1076.073270   -9.53988    0.25012    0.00000    1      1.7     10.4     diag
    3      0.398D-02      0.223D-02      -452.70110463   1078.268773   -9.12817    0.55472    0.00000    2      1.8     12.3     diag
    4      0.146D-02      0.302D-03      -452.70378286   1078.139602   -9.08568    0.52083    0.00000    3      1.6     13.9     diag
    5      0.422D-03      0.113D-03      -452.70410994   1078.172915   -9.07381    0.54332    0.00000    4      1.7     15.5     diag
    6      0.115D-03      0.436D-04      -452.70417573   1078.154804   -9.06042    0.53826    0.00000    5      1.6     17.1     diag
    7      0.498D-04      0.178D-04      -452.70419322   1078.159132   -9.05561    0.54430    0.00000    6      1.8     18.9     diag
    8      0.272D-04      0.813D-05      -452.70419778   1078.162494   -9.05306    0.54484    0.00000    7      1.6     20.5     diag
    9      0.154D-04      0.268D-05      -452.70419833   1078.159929   -9.05190    0.54621    0.00000    8      1.9     22.4     diag
   10      0.599D-05      0.916D-06      -452.70419837   1078.161625   -9.05208    0.54622    0.00000    9      1.9     24.2     orth
   11      0.152D-05      0.227D-06      -452.70419837   1078.161241   -9.05206    0.54627    0.00000    0      1.7     25.9     orth

 Final occupancy:  34

 !RHF STATE 1.1 Energy               -452.704198370505
 Nuclear energy                       381.37941720
 One-electron energy                -1373.16423606
 Two-electron energy                  539.08062049
 Virial quotient                       -1.00226382
 !RHF STATE 1.1 Dipole moment          -9.05205929     0.54626503     0.00000000
 Dipole moment /Debye                 -23.00653285     1.38837629     0.00000000

 Orbital energies:

         1.1          2.1          3.1          4.1          5.1          6.1          7.1          8.1          9.1         10.1
    -20.393177   -20.370023   -15.756324   -15.745533   -11.454562   -11.382913   -11.379364   -11.224587   -11.138450    -1.493912

        11.1         12.1         13.1         14.1         15.1         16.1         17.1         18.1         19.1         20.1
     -1.337113    -1.260604    -1.146185    -1.136130    -1.002833    -0.947683    -0.891326    -0.883029    -0.809418    -0.742573

        21.1         22.1         23.1         24.1         25.1         26.1         27.1         28.1         29.1         30.1
     -0.726968    -0.723287    -0.707643    -0.601110    -0.569253    -0.512068    -0.503022    -0.500930    -0.449125    -0.442882

        31.1         32.1         33.1         34.1         35.1         36.1
     -0.405279    -0.297333    -0.286904    -0.279954    -0.020013     0.000736

 HOMO     34.1    -0.279954 =      -7.6179eV
 LUMO     35.1    -0.020013 =      -0.5446eV
 LUMO-HOMO         0.259941 =       7.0734eV


 **********************************************************************************************************************************
 DATASETS  * FILE   NREC   LENGTH (MB)   RECORD NAMES
              1      18       20.88       500      610      700      900      950      970     1000      129      960     1100   
                                          VAR    BASINP    GEOM    SYMINP    ZMAT    AOBASIS   BASIS     P2S    ABASIS      S 
                                         1400     1410     1200     1210     1080     1600     1650     1700   
                                           T        V       H0       H01     AOSYM     SMH    MOLCAS    OPER   

              2       4        9.26       700     1000      520     2100   
                                         GEOM     BASIS   MCVARS     RHF  

 PROGRAMS   *        TOTAL        HF       INT
 CPU TIMES  *        27.11     26.15      0.81
 REAL TIME  *        66.60 SEC
 DISK USED  *       672.80 MB      
 SF USED    *       164.93 MB      
 GA USED    *         3.20 MB       (max)       0.00 MB       (current)
 **********************************************************************************************************************************
 SETTING E_RHF_C        =    ***************  KCAL/MOL                        


1PROGRAM * MP2 (Closed-shell)     Authors: C. Hampel, H.-J. Werner, 1991, M. Deegan, P.J. Knowles, 1992

 Basis set AUG-CC-PVTZ/MP2FIT generated. Number of basis functions:   1322 

 Convergence thresholds:  THRVAR = 1.00D-08  THRDEN = 1.36D-06

 Number of core orbitals:           9 (   9 )
 Number of closed-shell orbitals:  25 (  25 )
 Number of external orbitals:     564 ( 564 )

 Molecular orbitals read from record     2100.2  Type=RHF/CANONICAL (state 1.1)
 

 Entering DF-MP2

 Thresholds:    THRAO= 0.100D-09    THRMO= 0.100D-08    THROV= 0.100D-11

 Fitting basis: AUG-CC-PVTZ-MP2F
 Number of fitting functions:                1322
 Number of blocks in AO basis:                  7
 Minimum block size:                           69
 Maximum block size:                          138
 Average block size:                           85
 Number of groups in AO basis:                137
 Number of shells in AO basis:                286

 Using large memory version DFMP2B. NIBTK= 1  NGPU= 0  IGPU= 0

 para=T  nprocs= 12  mpptyp=0  number of tasks=  44

 Minimum memory with paging:                  3.90 MW
 Minimum memory for incore assembly:         18.96 MW
 Maximum memory for incore algorithm:        21.27 MW
 Memory for 3-index integrals:                0.00 MW

 Disk space for H1-integrals:               159.96 MB (  1100 records)
 
 CPU time for half transformed integrals      0.91 sec, elapsed time      0.92 sec
 CPU time for assembly                        2.72 sec, elapsed time      3.40 sec (8069.8 MFLOP/sec)
 Total CPU time                               5.36 sec, elapsed time      6.13 sec

 SCS-MP2 correlation energy:           -1.682612512221   (PS=  1.200000  PT=  0.333333)
 SCS-MP2 total energy:               -454.386810882721

 Norm of first-order wave function:     0.368247049848
 Coefficient of reference function:     0.854904769077

  Reference energy                   -452.704198370500
  MP2 singlet pair energy              -1.064882168226
  MP2 triplet pair energy              -0.650497355919
  MP2 correlation energy               -1.715379524145

 !MP2 total energy                   -454.419577894646


 **********************************************************************************************************************************
 DATASETS  * FILE   NREC   LENGTH (MB)   RECORD NAMES
              1      19       20.89       500      610      700      900      950      970     1000      129      960     1100   
                                          VAR    BASINP    GEOM    SYMINP    ZMAT    AOBASIS   BASIS     P2S    ABASIS      S 
                                         1400     1410     1200     1210     1080     1600     1650     1700      960(1)
                                           T        V       H0       H01     AOSYM     SMH    MOLCAS    OPER    ABASIS    

              2       4        9.26       700     1000      520     2100   
                                         GEOM     BASIS   MCVARS     RHF  

 PROGRAMS   *        TOTAL       MP2        HF       INT
 CPU TIMES  *        33.81      6.70     26.15      0.81
 REAL TIME  *        74.62 SEC
 DISK USED  *       672.80 MB      
 SF USED    *       704.31 MB      
 GA USED    *         3.20 MB       (max)       0.00 MB       (current)
 **********************************************************************************************************************************
 SETTING E_CORR_C       =    ***************  KCAL/MOL                        
 SETTING E_C            =     -1076.41711904  KCAL/MOL                        
 SETTING CHARGE         =         1.00000000                                  

 Dummy atoms: C10  H11  H12  C13  H14  O15  O16


 Recomputing one-electron integrals since nuclear charges changed

1PROGRAM * SEWARD (Integral evaluation for generally contracted gaussian basis sets)     Author: Roland Lindh, 1990

 Geometry written to block  1 of record 700


 Point group  C1  



 ATOMIC COORDINATES

 NR  ATOM    CHARGE       X              Y              Z

   1  N0      7.00   -4.842640209    1.822806942    0.000000000
   2  N1      7.00   -1.703514030   -0.861153244    0.000000000
   3  C2      6.00   -2.311477742    1.575497179    0.000000000
   4  C3      6.00   -3.914913463   -2.221352658    0.000000000
   5  C4      6.00   -5.900103683   -0.572678481    0.000000000
   6  H5      1.00   -0.866576928    3.039440480    0.000000000
   7  H6      1.00   -3.968454223   -4.256787427    0.000000000
   8  H7      1.00   -7.912776115   -0.880064394    0.000000000
   9  H8      1.00   -5.798874910    3.476835356    0.000000000
  10  H9      1.00    0.046173209   -1.575039695    0.000000000
  11  C10     0.00   10.941184499   -0.158670256    0.000000000
  12  H11     0.00   11.402307344   -1.268611406    1.748445859
  13  H12     0.00   11.861306722    1.680756412    0.000000000
  14  C13     0.00    8.092730892    0.171461082    0.000000000
  15  H14     0.00   11.402307344   -1.268611406   -1.748445859
  16  O15     0.00    7.096129316    2.268076207    0.000000000
  17  O16     0.00    6.829789464   -1.968390806    0.000000000

 Bond lengths in Bohr (Angstrom)

 1-3  2.543215593  1-5  2.618507095  1-9  1.910548298  2-3  2.511351261  2-4  2.596233792
     ( 1.345811730)     ( 1.385654276)     ( 1.011018616)     ( 1.328949851)     ( 1.373867752)

  2-10  1.889719371   3- 6  2.056907472   4- 5  2.580524512   4- 7  2.036138824   5- 8  2.036009926
       ( 0.999996423)       ( 1.088468555)       ( 1.365554759)       ( 1.077478260)       ( 1.077410050)

 11-12  2.121713119  11-13  2.056724427  11-14  2.867520646  11-15  2.121713119  14-16  2.321424063
       ( 1.122762226)       ( 1.088371692)       ( 1.517426572)       ( 1.122762226)       ( 1.228444707)

 14-17  2.484750924
       ( 1.314873559)

 Bond angles

  1-3-2  109.59013640   1-3-6  129.04449499   1-5-4  105.89059304   1-5-8  122.50200314

  2-3-6  121.36536861   2-4-5  108.69575365   2-4-7  123.10184411   3-1-5  108.23816049

  3- 1- 9  125.61369675   3- 2- 4  107.58535643   3- 2-10  126.20556188   4- 2-10  126.20908169

  4- 5- 8  131.60740382   5- 1- 9  126.14814276   5- 4- 7  128.20240224  11-14-16  122.03452962

 11-14-17  113.93812478  12-11-13  111.75473763  12-11-14  106.02861121  12-11-15  110.98917938

 13-11-14  109.96424308  13-11-15  111.75473763  14-11-15  106.02861121  16-14-17  124.02734560

 NUCLEAR CHARGE:                   37
 NUMBER OF PRIMITIVE AOS:         819
 NUMBER OF SYMMETRY AOS:          722
 NUMBER OF CONTRACTIONS:          598   ( 598A   )
 NUMBER OF CORE ORBITALS:           5   (   5A   )
 NUMBER OF VALENCE ORBITALS:       25   (  25A   )

 MOLECULE CHANGED: INITIALIZING OCCUPATION AND DUMP RECORDS


 NUCLEAR REPULSION ENERGY  172.82741642


 Eigenvalues of metric

         1 0.387E-05 0.719E-05 0.116E-04 0.140E-04 0.199E-04 0.204E-04 0.312E-04 0.348E-04


 OPERATOR DM      FOR CENTER  0  COORDINATES:    0.000000    0.000000    0.000000


 **********************************************************************************************************************************
 DATASETS  * FILE   NREC   LENGTH (MB)   RECORD NAMES
              1      19       20.89       500      610      700      900      950      970     1000      129      960     1100   
                                          VAR    BASINP    GEOM    SYMINP    ZMAT    AOBASIS   BASIS     P2S    ABASIS      S 
                                         1400     1410     1200     1210     1080     1600     1650     1700      960(1)
                                           T        V       H0       H01     AOSYM     SMH    MOLCAS    OPER    ABASIS    

              2       4        9.26       700     1000      520     2100   
                                         GEOM     BASIS   MCVARS     RHF  

 PROGRAMS   *        TOTAL       INT       MP2        HF       INT
 CPU TIMES  *        34.77      0.96      6.70     26.15      0.81
 REAL TIME  *        76.10 SEC
 DISK USED  *       672.80 MB      
 SF USED    *       704.31 MB      
 GA USED    *         3.20 MB       (max)       0.00 MB       (current)
 **********************************************************************************************************************************

1PROGRAM * RHF-SCF (CLOSED SHELL)       Authors: W. Meyer, H.-J. Werner


 NUMBER OF ELECTRONS:      18+   18-    SPACE SYMMETRY=1    SPIN SYMMETRY: Singlet 
 CONVERGENCE THRESHOLDS:    1.00E-05 (Density)    1.00E-07 (Energy)
 INTEGRAL THRESHOLDS:       1.00E-12 (Initial)    1.00E-12 (Final)
 MAX. NUMBER OF ITERATIONS:       60
 INTERPOLATION TYPE:            DIIS
 INTERPOLATION STEPS:              2 (START)      1 (STEP)
 LEVEL SHIFTS:                  0.00 (CLOSED)  0.00 (OPEN) 



 
 Basis set CC-PVTZ/JKFIT generated.      Number of basis functions:   951 
 
 Orbital guess generated from atomic densities. Full valence occupancy:   30
 Coulomb and exchange fitting
 Thresholds for fitting:       THRAO_COUL= 1.0D-15    THRAO_EXCH= 1.0D-13    THRMO= 1.0D-12    THRPROD= 1.0D-12    THRASM= 1.0D-12
                               THR2HLF=    1.0D-12

 Molecular orbital dump at record        2101.2

 ITERATION   DDIFF            GRAD            ENERGY        2-EL.EN.            DIPOLE MOMENTS         DIIS   CPU(IT)  CPU(TOT)  ORB.
    1      0.000D+00      0.000D+00      -225.20592571    476.288030   -2.87290    0.93844    0.00000    0      2.1      7.4     start
    2      0.000D+00      0.218D-02      -225.26552330    481.098869   -3.43087    0.26257    0.00000    1      1.5      8.9     diag
    3      0.202D-02      0.974D-03      -225.27437821    479.670915   -3.21819    0.52340    0.00000    2      1.4     10.3     diag
    4      0.748D-03      0.311D-03      -225.27571547    479.941929   -3.26853    0.45945   -0.00000    3      1.3     11.6     diag
    5      0.236D-03      0.544D-04      -225.27581022    480.018654   -3.26009    0.46996   -0.00000    4      1.4     13.0     diag
    6      0.642D-04      0.288D-04      -225.27583685    479.990577   -3.25931    0.46925    0.00000    5      1.4     14.4     diag
    7      0.312D-04      0.125D-04      -225.27584560    480.002033   -3.25572    0.47398    0.00000    6      1.3     15.7     diag
    8      0.223D-04      0.488D-05      -225.27584643    480.001714   -3.25455    0.47450    0.00000    7      1.4     17.2     diag
    9      0.843D-05      0.109D-05      -225.27584645    480.000990   -3.25466    0.47474   -0.00000    8      1.3     18.5     diag
   10      0.972D-06      0.304D-06      -225.27584645    480.001241   -3.25459    0.47466    0.00000    0      1.4     19.9     orth

 Final occupancy:  18

 !RHF STATE 1.1 Energy               -225.275846450399
 Nuclear energy                       172.82741642
 One-electron energy                 -638.10388361
 Two-electron energy                  240.00062074
 Virial quotient                       -1.00214611
 !RHF STATE 1.1 Dipole moment          -3.25458649     0.47466024     0.00000000
 Dipole moment /Debye                  -8.27179193     1.20638697     0.00000000

 Orbital energies:

         1.1          2.1          3.1          4.1          5.1          6.1          7.1          8.1          9.1         10.1
    -15.853259   -15.853013   -11.557200   -11.477006   -11.474001    -1.594443    -1.438263    -1.243877    -1.105342    -1.046007

        11.1         12.1         13.1         14.1         15.1         16.1         17.1         18.1         19.1         20.1
     -0.990821    -0.912725    -0.842651    -0.828044    -0.817914    -0.802681    -0.669705    -0.544369    -0.097539    -0.081671

 HOMO     18.1    -0.544369 =     -14.8130eV
 LUMO     19.1    -0.097539 =      -2.6542eV
 LUMO-HOMO         0.446831 =      12.1589eV


 **********************************************************************************************************************************
 DATASETS  * FILE   NREC   LENGTH (MB)   RECORD NAMES
              1      19       20.95       500      610      700      900      950      970     1000      129      960     1100   
                                          VAR    BASINP    GEOM    SYMINP    ZMAT    AOBASIS   BASIS     P2S    ABASIS      S 
                                         1400     1410     1200     1210     1080     1600     1650     1700      960(1)
                                           T        V       H0       H01     AOSYM     SMH    MOLCAS    OPER    ABASIS    

              2       5       23.63       700     1000      520     2100     2101   
                                         GEOM     BASIS   MCVARS     RHF      RHF  

 PROGRAMS   *        TOTAL        HF       INT       MP2        HF       INT
 CPU TIMES  *        55.09     20.32      0.96      6.70     26.15      0.81
 REAL TIME  *       177.21 SEC
 DISK USED  *       828.85 MB      
 SF USED    *       704.31 MB      
 GA USED    *         3.20 MB       (max)       0.00 MB       (current)
 **********************************************************************************************************************************
 SETTING E_RHF_A        =    ***************  KCAL/MOL                        


1PROGRAM * MP2 (Closed-shell)     Authors: C. Hampel, H.-J. Werner, 1991, M. Deegan, P.J. Knowles, 1992

 Basis set AUG-CC-PVTZ/MP2FIT generated. Number of basis functions:   1322 

 Convergence thresholds:  THRVAR = 1.00D-08  THRDEN = 1.00D-06

 Number of core orbitals:           5 (   5 )
 Number of closed-shell orbitals:  13 (  13 )
 Number of external orbitals:     580 ( 580 )

 Molecular orbitals read from record     2101.2  Type=RHF/CANONICAL (state 1.1)
 

 Entering DF-MP2

 Thresholds:    THRAO= 0.100D-09    THRMO= 0.100D-08    THROV= 0.100D-11

 Fitting basis: AUG-CC-PVTZ-MP2F
 Number of fitting functions:                1322
 Number of blocks in AO basis:                  7
 Minimum block size:                           69
 Maximum block size:                          138
 Average block size:                           85
 Number of groups in AO basis:                137
 Number of shells in AO basis:                286

 Using large memory version DFMP2B. NIBTK= 1  NGPU= 0  IGPU= 0

 para=T  nprocs= 12  mpptyp=0  number of tasks=  44

 Minimum memory with paging:                  3.94 MW
 Minimum memory for incore assembly:         10.31 MW
 Maximum memory for incore algorithm:        11.67 MW
 Memory for 3-index integrals:                0.00 MW

 Disk space for H1-integrals:                83.18 MB (   572 records)
 
 CPU time for half transformed integrals      0.78 sec, elapsed time      0.79 sec
 CPU time for assembly                        0.89 sec, elapsed time      2.47 sec (7022.1 MFLOP/sec)
 Total CPU time                               3.27 sec, elapsed time      4.88 sec

 SCS-MP2 correlation energy:           -0.866619778791   (PS=  1.200000  PT=  0.333333)
 SCS-MP2 total energy:               -226.142466229193

 Norm of first-order wave function:     0.197896895467
 Coefficient of reference function:     0.913671925103

  Reference energy                   -225.275846450402
  MP2 singlet pair energy              -0.549725769880
  MP2 triplet pair energy              -0.332596374002
  MP2 correlation energy               -0.882322143882

 !MP2 total energy                   -226.158168594285


 **********************************************************************************************************************************
 DATASETS  * FILE   NREC   LENGTH (MB)   RECORD NAMES
              1      19       20.95       500      610      700      900      950      970     1000      129      960     1100   
                                          VAR    BASINP    GEOM    SYMINP    ZMAT    AOBASIS   BASIS     P2S    ABASIS      S 
                                         1400     1410     1200     1210     1080     1600     1650     1700      960(1)
                                           T        V       H0       H01     AOSYM     SMH    MOLCAS    OPER    ABASIS    

              2       5       23.63       700     1000      520     2100     2101   
                                         GEOM     BASIS   MCVARS     RHF      RHF  

 PROGRAMS   *        TOTAL       MP2        HF       INT       MP2        HF       INT
 CPU TIMES  *        58.91      3.80     20.32      0.96      6.70     26.15      0.81
 REAL TIME  *       183.05 SEC
 DISK USED  *       828.85 MB      
 SF USED    *       704.31 MB      
 GA USED    *         3.20 MB       (max)       0.00 MB       (current)
 **********************************************************************************************************************************
 SETTING E_CORR_A       =    ***************  KCAL/MOL                        
 SETTING E_A            =      -553.66561558  KCAL/MOL                        
 SETTING CHARGE         =        -1.00000000                                  

 Dummy atoms: N0  N1  C2  C3  C4  H5  H6  H7  H8  H9


 Recomputing one-electron integrals since nuclear charges changed

1PROGRAM * SEWARD (Integral evaluation for generally contracted gaussian basis sets)     Author: Roland Lindh, 1990

 Geometry written to block  1 of record 700


 Point group  C1  



 ATOMIC COORDINATES

 NR  ATOM    CHARGE       X              Y              Z

   1  N0      0.00   -4.842640209    1.822806942    0.000000000
   2  N1      0.00   -1.703514030   -0.861153244    0.000000000
   3  C2      0.00   -2.311477742    1.575497179    0.000000000
   4  C3      0.00   -3.914913463   -2.221352658    0.000000000
   5  C4      0.00   -5.900103683   -0.572678481    0.000000000
   6  H5      0.00   -0.866576928    3.039440480    0.000000000
   7  H6      0.00   -3.968454223   -4.256787427    0.000000000
   8  H7      0.00   -7.912776115   -0.880064394    0.000000000
   9  H8      0.00   -5.798874910    3.476835356    0.000000000
  10  H9      0.00    0.046173209   -1.575039695    0.000000000
  11  C10     6.00   10.941184499   -0.158670256    0.000000000
  12  H11     1.00   11.402307344   -1.268611406    1.748445859
  13  H12     1.00   11.861306722    1.680756412    0.000000000
  14  C13     6.00    8.092730892    0.171461082    0.000000000
  15  H14     1.00   11.402307344   -1.268611406   -1.748445859
  16  O15     8.00    7.096129316    2.268076207    0.000000000
  17  O16     8.00    6.829789464   -1.968390806    0.000000000

 Bond lengths in Bohr (Angstrom)

 1-3  2.543215593  1-5  2.618507095  1-9  1.910548298  2-3  2.511351261  2-4  2.596233792
     ( 1.345811730)     ( 1.385654276)     ( 1.011018616)     ( 1.328949851)     ( 1.373867752)

  2-10  1.889719371   3- 6  2.056907472   4- 5  2.580524512   4- 7  2.036138824   5- 8  2.036009926
       ( 0.999996423)       ( 1.088468555)       ( 1.365554759)       ( 1.077478260)       ( 1.077410050)

 11-12  2.121713119  11-13  2.056724427  11-14  2.867520646  11-15  2.121713119  14-16  2.321424063
       ( 1.122762226)       ( 1.088371692)       ( 1.517426572)       ( 1.122762226)       ( 1.228444707)

 14-17  2.484750924
       ( 1.314873559)

 Bond angles

  1-3-2  109.59013640   1-3-6  129.04449499   1-5-4  105.89059304   1-5-8  122.50200314

  2-3-6  121.36536861   2-4-5  108.69575365   2-4-7  123.10184411   3-1-5  108.23816049

  3- 1- 9  125.61369675   3- 2- 4  107.58535643   3- 2-10  126.20556188   4- 2-10  126.20908169

  4- 5- 8  131.60740382   5- 1- 9  126.14814276   5- 4- 7  128.20240224  11-14-16  122.03452962

 11-14-17  113.93812478  12-11-13  111.75473763  12-11-14  106.02861121  12-11-15  110.98917938

 13-11-14  109.96424308  13-11-15  111.75473763  14-11-15  106.02861121  16-14-17  124.02734560

 NUCLEAR CHARGE:                   31
 NUMBER OF PRIMITIVE AOS:         819
 NUMBER OF SYMMETRY AOS:          722
 NUMBER OF CONTRACTIONS:          598   ( 598A   )
 NUMBER OF CORE ORBITALS:           4   (   4A   )
 NUMBER OF VALENCE ORBITALS:       19   (  19A   )

 MOLECULE CHANGED: INITIALIZING OCCUPATION AND DUMP RECORDS


 NUCLEAR REPULSION ENERGY  111.70445666


 Eigenvalues of metric

         1 0.387E-05 0.719E-05 0.116E-04 0.140E-04 0.199E-04 0.204E-04 0.312E-04 0.348E-04


 OPERATOR DM      FOR CENTER  0  COORDINATES:    0.000000    0.000000    0.000000


 **********************************************************************************************************************************
 DATASETS  * FILE   NREC   LENGTH (MB)   RECORD NAMES
              1      19       20.95       500      610      700      900      950      970     1000      129      960     1100   
                                          VAR    BASINP    GEOM    SYMINP    ZMAT    AOBASIS   BASIS     P2S    ABASIS      S 
                                         1400     1410     1200     1210     1080     1600     1650     1700      960(1)
                                           T        V       H0       H01     AOSYM     SMH    MOLCAS    OPER    ABASIS    

              2       5       23.63       700     1000      520     2100     2101   
                                         GEOM     BASIS   MCVARS     RHF      RHF  

 PROGRAMS   *        TOTAL       INT       MP2        HF       INT       MP2        HF       INT
 CPU TIMES  *        59.69      0.77      3.80     20.32      0.96      6.70     26.15      0.81
 REAL TIME  *       184.42 SEC
 DISK USED  *       828.85 MB      
 SF USED    *       704.31 MB      
 GA USED    *         3.20 MB       (max)       0.00 MB       (current)
 **********************************************************************************************************************************

1PROGRAM * RHF-SCF (CLOSED SHELL)       Authors: W. Meyer, H.-J. Werner


 NUMBER OF ELECTRONS:      16+   16-    SPACE SYMMETRY=1    SPIN SYMMETRY: Singlet 
 CONVERGENCE THRESHOLDS:    1.00E-05 (Density)    1.00E-07 (Energy)
 INTEGRAL THRESHOLDS:       1.00E-12 (Initial)    1.00E-12 (Final)
 MAX. NUMBER OF ITERATIONS:       60
 INTERPOLATION TYPE:            DIIS
 INTERPOLATION STEPS:              2 (START)      1 (STEP)
 LEVEL SHIFTS:                  0.00 (CLOSED)  0.00 (OPEN) 



 
 Basis set CC-PVTZ/JKFIT generated.      Number of basis functions:   951 
 
 Orbital guess generated from atomic densities. Full valence occupancy:   23
 Coulomb and exchange fitting
 Thresholds for fitting:       THRAO_COUL= 1.0D-15    THRAO_EXCH= 1.0D-13    THRMO= 1.0D-12    THRPROD= 1.0D-12    THRASM= 1.0D-12
                               THR2HLF=    1.0D-12

 Molecular orbital dump at record        2102.2

 ITERATION   DDIFF            GRAD            ENERGY        2-EL.EN.            DIPOLE MOMENTS         DIIS   CPU(IT)  CPU(TOT)  ORB.
    1      0.000D+00      0.000D+00      -227.17714598    409.368389   -5.75552    0.05687    0.00000    0      2.3      7.0     start
    2      0.000D+00      0.414D-02      -227.26107321    399.967612   -6.92962   -0.00886    0.00000    1      1.8      8.7     diag
    3      0.344D-02      0.310D-02      -227.31768152    403.053197   -6.60023    0.08192    0.00000    2      1.3     10.0     diag
    4      0.133D-02      0.299D-03      -227.31894696    403.252137   -6.62069    0.04998    0.00000    3      1.4     11.4     diag
    5      0.280D-03      0.126D-03      -227.31913936    403.133208   -6.61729    0.07407    0.00000    4      1.5     12.9     diag
    6      0.880D-04      0.462D-04      -227.31916125    403.125459   -6.61668    0.06692    0.00000    5      1.4     14.2     diag
    7      0.295D-04      0.146D-04      -227.31916447    403.135666   -6.61671    0.06931    0.00000    6      1.4     15.6     diag
    8      0.131D-04      0.428D-05      -227.31916486    403.133390   -6.61643    0.06942    0.00000    7      1.4     17.0     diag
    9      0.416D-05      0.133D-05      -227.31916492    403.134225   -6.61642    0.06969    0.00000    8      1.3     18.3     diag
   10      0.197D-05      0.464D-06      -227.31916493    403.133860   -6.61646    0.06973    0.00000    0      1.4     19.7     orth

 Final occupancy:  16

 !RHF STATE 1.1 Energy               -227.319164925674
 Nuclear energy                       111.70445666
 One-electron energy                 -540.59055150
 Two-electron energy                  201.56692992
 Virial quotient                       -1.00188224
 !RHF STATE 1.1 Dipole moment          -6.61646292     0.06973103     0.00000000
 Dipole moment /Debye                 -16.81626982     0.17722698     0.00000000

 Orbital energies:

         1.1          2.1          3.1          4.1          5.1          6.1          7.1          8.1          9.1         10.1
    -20.294664   -20.268729   -11.128467   -11.057209    -1.161841    -1.036014    -0.799102    -0.507989    -0.421796    -0.415774

        11.1         12.1         13.1         14.1         15.1         16.1         17.1         18.1
     -0.409306    -0.351224    -0.311397    -0.200059    -0.186777    -0.177997     0.082914     0.101906

 HOMO     16.1    -0.177997 =      -4.8435eV
 LUMO     17.1     0.082914 =       2.2562eV
 LUMO-HOMO         0.260911 =       7.0998eV


 **********************************************************************************************************************************
 DATASETS  * FILE   NREC   LENGTH (MB)   RECORD NAMES
              1      19       20.95       500      610      700      900      950      970     1000      129      960     1100   
                                          VAR    BASINP    GEOM    SYMINP    ZMAT    AOBASIS   BASIS     P2S    ABASIS      S 
                                         1400     1410     1200     1210     1080     1600     1650     1700      960(1)
                                           T        V       H0       H01     AOSYM     SMH    MOLCAS    OPER    ABASIS    

              2       6       38.00       700     1000      520     2100     2101     2102   
                                         GEOM     BASIS   MCVARS     RHF      RHF      RHF  

 PROGRAMS   *        TOTAL        HF       INT       MP2        HF       INT       MP2        HF       INT
 CPU TIMES  *        79.74     20.03      0.77      3.80     20.32      0.96      6.70     26.15      0.81
 REAL TIME  *       280.61 SEC
 DISK USED  *         1.00 GB      
 SF USED    *       704.31 MB      
 GA USED    *         3.20 MB       (max)       0.00 MB       (current)
 **********************************************************************************************************************************
 SETTING E_RHF_B        =    ***************  KCAL/MOL                        


1PROGRAM * MP2 (Closed-shell)     Authors: C. Hampel, H.-J. Werner, 1991, M. Deegan, P.J. Knowles, 1992

 Basis set AUG-CC-PVTZ/MP2FIT generated. Number of basis functions:   1322 

 Convergence thresholds:  THRVAR = 1.00D-08  THRDEN = 1.00D-06

 Number of core orbitals:           4 (   4 )
 Number of closed-shell orbitals:  12 (  12 )
 Number of external orbitals:     582 ( 582 )

 Molecular orbitals read from record     2102.2  Type=RHF/CANONICAL (state 1.1)
 

 Entering DF-MP2

 Thresholds:    THRAO= 0.100D-09    THRMO= 0.100D-08    THROV= 0.100D-11

 Fitting basis: AUG-CC-PVTZ-MP2F
 Number of fitting functions:                1322
 Number of blocks in AO basis:                  7
 Minimum block size:                           69
 Maximum block size:                          138
 Average block size:                           85
 Number of groups in AO basis:                137
 Number of shells in AO basis:                286

 Using large memory version DFMP2B. NIBTK= 1  NGPU= 0  IGPU= 0

 para=T  nprocs= 12  mpptyp=0  number of tasks=  44

 Minimum memory with paging:                  3.95 MW
 Minimum memory for incore assembly:          9.57 MW
 Maximum memory for incore algorithm:        10.87 MW
 Memory for 3-index integrals:                0.00 MW

 Disk space for H1-integrals:                76.78 MB (   528 records)
 
 CPU time for half transformed integrals      0.74 sec, elapsed time      0.74 sec
 CPU time for assembly                        0.68 sec, elapsed time      1.47 sec (6610.1 MFLOP/sec)
 Total CPU time                               3.26 sec, elapsed time      4.13 sec

 SCS-MP2 correlation energy:           -0.817155329020   (PS=  1.200000  PT=  0.333333)
 SCS-MP2 total energy:               -228.136320254692

 Norm of first-order wave function:     0.171124833208
 Coefficient of reference function:     0.924056241809

  Reference energy                   -227.319164925672
  MP2 singlet pair energy              -0.515969157998
  MP2 triplet pair energy              -0.318201974071
  MP2 correlation energy               -0.834171132069

 !MP2 total energy                   -228.153336057742


 **********************************************************************************************************************************
 DATASETS  * FILE   NREC   LENGTH (MB)   RECORD NAMES
              1      19       20.95       500      610      700      900      950      970     1000      129      960     1100   
                                          VAR    BASINP    GEOM    SYMINP    ZMAT    AOBASIS   BASIS     P2S    ABASIS      S 
                                         1400     1410     1200     1210     1080     1600     1650     1700      960(1)
                                           T        V       H0       H01     AOSYM     SMH    MOLCAS    OPER    ABASIS    

              2       6       38.00       700     1000      520     2100     2101     2102   
                                         GEOM     BASIS   MCVARS     RHF      RHF      RHF  

 PROGRAMS   *        TOTAL       MP2        HF       INT       MP2        HF       INT       MP2        HF       INT
 CPU TIMES  *        83.62      3.87     20.03      0.77      3.80     20.32      0.96      6.70     26.15      0.81
 REAL TIME  *       285.59 SEC
 DISK USED  *         1.00 GB      
 SF USED    *       704.31 MB      
 GA USED    *         3.20 MB       (max)       0.00 MB       (current)
 **********************************************************************************************************************************
 SETTING E_CORR_B       =    ***************  KCAL/MOL                        
 SETTING E_B            =      -523.45039342  KCAL/MOL                        
 SETTING E_RHF_CP       =       -68.51588720  KCAL/MOL                        
 SETTING E_CORR_CP      =         0.69888995  KCAL/MOL                        

        DF-MP2          DF-HF           DF-MP2          DF-HF           DF-MP2          DF-HF   
   -228.15333606   -227.31916493   -226.15816859   -225.27584645   -454.41957789   -452.70419837
 **********************************************************************************************************************************
 Variable memory released
