
 Primary working directories    : /scratch/1723357.phoenix.chem.wisc.edu
 Secondary working directories  : /scratch/1723357.phoenix.chem.wisc.edu
 Wavefunction directory         : /scratch/1723357.phoenix.chem.wisc.edu/
 Main file repository           : /scratch/1723357.phoenix.chem.wisc.edu/

 SHA1      : 65e45729fe3f963b0eb97374e3bda9949063ef0f
 NAME      : 2012.1.17
 ARCHNAME  : Linux/x86_64
 FC        : /opt/intel/composer_xe_2013.5.192/bin/intel64/ifort
 FCVERSION : 13.1.3
 BLASLIB   : -L/opt/intel/composer_xe_2013.5.192/mkl/lib/intel64 -lmkl_intel_ilp64 -lmkl_sequential -lmkl_core
 id        : cuichemwisc

 Nodes             nprocs
 compute-1-35.local   12
 ga_uses_ma=false, calling ma_init with nominal heap.
 GA-space will be limited to   8.0 MW (determined by -G option)

 Using customized tuning parameters: mindgm=1; mindgv=20; mindgc=4; mindgr=1; noblas=0; minvec=7
 default implementation of scratch files=sf  

 geomtyp=xyz
 geometry={
 17
  N0         -2.562614830000       0.964587890000       0.000000000000
  N1         -0.901460800000      -0.455702670000       0.000000000000
  C2         -1.223181340000       0.833717200000       0.000000000000
  C3         -2.071682980000      -1.175489200000       0.000000000000
  C4         -3.122200400000      -0.303048400000       0.000000000000
  H5         -0.458572760000       1.608402630000       0.000000000000
  H6         -2.100015530000      -2.252594890000       0.000000000000
  H7         -4.187260780000      -0.465710020000       0.000000000000
  H8         -3.068632440000       1.839862030000       0.000000000000
  H9          0.024433810000      -0.833475110000       0.000000000000
  C10         5.789825476402      -0.083964682986       0.000000000000
  H11         6.033841176402      -0.671320242986       0.925237700000
  H12         6.276733186402       0.889417987014       0.000000000000
  C13         4.282488746402       0.090733297014       0.000000000000
  H14         6.033841176402      -0.671320242986      -0.925237700000
  O15         3.755109906402       1.200214237014       0.000000000000
  O16         3.614168926402      -1.041627552986       0.000000000000
 }
 
 
 basis=avqz
 
                                                                                 ! Complex
 set,charge=0
 
 df-hf
 e_rhf_c = energy*tokcal
 df-mp2
 e_corr_c = energy*tokcal
 e_c = e_corr_c - e_rhf_c
 
 
                                                                                 ! Monomer 1
 set,charge=1
 dummy,C10,H11,H12,C13,H14,O15,O16
 
 df-hf
 e_rhf_a = energy*tokcal
 df-mp2
 e_corr_a = energy*tokcal
 e_a = e_corr_a - e_rhf_a
 
 
                                                                                 ! Monomer 2
 set,charge=-1
 dummy,N0,N1,C2,C3,C4,H5,H6,H7,H8,H9
 
 df-hf
 e_rhf_b = energy*tokcal
 df-mp2
 e_corr_b = energy*tokcal
 e_b = e_corr_b - e_rhf_b
 
 
 e_rhf_cp = e_rhf_c - (e_rhf_a + e_rhf_b)
 e_corr_cp = e_c - (e_a + e_b)

 Variables initialized (782), CPU time= 0.01 sec
 Commands  initialized (547), CPU time= 0.01 sec, 517 directives.
 Default parameters read. Elapsed time= 0.13 sec

 Checking input...
 Passed
1


                                         ***  PROGRAM SYSTEM MOLPRO  ***
                         Copyright, University College Cardiff Consultants Limited, 2008

                                    Version 2012.1 linked Oct 11 2014 15:40:16


 **********************************************************************************************************************************
 LABEL *                                                                                 
 Linux-2.6.18-308.el5/compute-1-35.local(x86_64) 64 bit mpp version                      DATE: 11-Dec-14          TIME: 22:42:29  
 **********************************************************************************************************************************

 SHA1:             65e45729fe3f963b0eb97374e3bda9949063ef0f
 **********************************************************************************************************************************
 SETTING GEOMTYP        =    XYZ

 Turning off symmetry in density fitting calculation
 To re-enable, use 'set,zsymel=auto'


 Variable memory set to  350000000 words,  buffer space   230000 words

 SETTING BASIS          =    AVQZ
 SETTING CHARGE         =         0.00000000                                  


 Recomputing integrals since basis changed


 Using spherical harmonics

 Library entry N      S aug-cc-pVQZ          selected for orbital group  1
 Library entry N      P aug-cc-pVQZ          selected for orbital group  1
 Library entry N      D aug-cc-pVQZ          selected for orbital group  1
 Library entry N      F aug-cc-pVQZ          selected for orbital group  1
 Library entry N      G aug-cc-pVQZ          selected for orbital group  1
 Library entry C      S aug-cc-pVQZ          selected for orbital group  2
 Library entry C      P aug-cc-pVQZ          selected for orbital group  2
 Library entry C      D aug-cc-pVQZ          selected for orbital group  2
 Library entry C      F aug-cc-pVQZ          selected for orbital group  2
 Library entry C      G aug-cc-pVQZ          selected for orbital group  2
 Library entry H      S aug-cc-pVQZ          selected for orbital group  3
 Library entry H      P aug-cc-pVQZ          selected for orbital group  3
 Library entry H      D aug-cc-pVQZ          selected for orbital group  3
 Library entry H      F aug-cc-pVQZ          selected for orbital group  3
 Library entry O      S aug-cc-pVQZ          selected for orbital group  8
 Library entry O      P aug-cc-pVQZ          selected for orbital group  8
 Library entry O      D aug-cc-pVQZ          selected for orbital group  8
 Library entry O      F aug-cc-pVQZ          selected for orbital group  8
 Library entry O      G aug-cc-pVQZ          selected for orbital group  8

1PROGRAM * SEWARD (Integral evaluation for generally contracted gaussian basis sets)     Author: Roland Lindh, 1990

 Geometry written to block  1 of record 700


 Point group  C1  



 ATOMIC COORDINATES

 NR  ATOM    CHARGE       X              Y              Z

   1  N0      7.00   -4.842640209    1.822806942    0.000000000
   2  N1      7.00   -1.703514030   -0.861153244    0.000000000
   3  C2      6.00   -2.311477742    1.575497179    0.000000000
   4  C3      6.00   -3.914913463   -2.221352658    0.000000000
   5  C4      6.00   -5.900103683   -0.572678481    0.000000000
   6  H5      1.00   -0.866576928    3.039440480    0.000000000
   7  H6      1.00   -3.968454223   -4.256787427    0.000000000
   8  H7      1.00   -7.912776115   -0.880064394    0.000000000
   9  H8      1.00   -5.798874910    3.476835356    0.000000000
  10  H9      1.00    0.046173209   -1.575039695    0.000000000
  11  C10     6.00   10.941184499   -0.158670256    0.000000000
  12  H11     1.00   11.402307344   -1.268611406    1.748445859
  13  H12     1.00   11.861306722    1.680756412    0.000000000
  14  C13     6.00    8.092730892    0.171461082    0.000000000
  15  H14     1.00   11.402307344   -1.268611406   -1.748445859
  16  O15     8.00    7.096129316    2.268076207    0.000000000
  17  O16     8.00    6.829789464   -1.968390806    0.000000000

 Bond lengths in Bohr (Angstrom)

 1-3  2.543215593  1-5  2.618507095  1-9  1.910548298  2-3  2.511351261  2-4  2.596233792
     ( 1.345811730)     ( 1.385654276)     ( 1.011018616)     ( 1.328949851)     ( 1.373867752)

  2-10  1.889719371   3- 6  2.056907472   4- 5  2.580524512   4- 7  2.036138824   5- 8  2.036009926
       ( 0.999996423)       ( 1.088468555)       ( 1.365554759)       ( 1.077478260)       ( 1.077410050)

 11-12  2.121713119  11-13  2.056724427  11-14  2.867520646  11-15  2.121713119  14-16  2.321424063
       ( 1.122762226)       ( 1.088371692)       ( 1.517426572)       ( 1.122762226)       ( 1.228444707)

 14-17  2.484750924
       ( 1.314873559)

 Bond angles

  1-3-2  109.59013640   1-3-6  129.04449499   1-5-4  105.89059304   1-5-8  122.50200314

  2-3-6  121.36536861   2-4-5  108.69575365   2-4-7  123.10184411   3-1-5  108.23816049

  3- 1- 9  125.61369675   3- 2- 4  107.58535643   3- 2-10  126.20556188   4- 2-10  126.20908169

  4- 5- 8  131.60740382   5- 1- 9  126.14814276   5- 4- 7  128.20240224  11-14-16  122.03452962

 11-14-17  113.93812478  12-11-13  111.75473763  12-11-14  106.02861121  12-11-15  110.98917938

 13-11-14  109.96424308  13-11-15  111.75473763  14-11-15  106.02861121  16-14-17  124.02734560

 NUCLEAR CHARGE:                   68
 NUMBER OF PRIMITIVE AOS:        1518
 NUMBER OF SYMMETRY AOS:         1221
 NUMBER OF CONTRACTIONS:         1088   (1088A   )
 NUMBER OF CORE ORBITALS:           9   (   9A   )
 NUMBER OF VALENCE ORBITALS:       44   (  44A   )


 NUCLEAR REPULSION ENERGY  381.37941720


 Eigenvalues of metric

         1 0.845E-06 0.131E-05 0.168E-05 0.195E-05 0.382E-05 0.402E-05 0.493E-05 0.594E-05


 OPERATOR DM      FOR CENTER  0  COORDINATES:    0.000000    0.000000    0.000000


 **********************************************************************************************************************************
 DATASETS  * FILE   NREC   LENGTH (MB)   RECORD NAMES
              1      18       50.81       500      610      700      900      950      970     1000      129      960     1100   
                                          VAR    BASINP    GEOM    SYMINP    ZMAT    AOBASIS   BASIS     P2S    ABASIS      S 
                                         1400     1410     1200     1210     1080     1600     1650     1700   
                                           T        V       H0       H01     AOSYM     SMH    MOLCAS    OPER   

 PROGRAMS   *        TOTAL       INT
 CPU TIMES  *         3.99      3.84
 REAL TIME  *         5.63 SEC
 DISK USED  *         0.00 MB      
 GA USED    *         0.02 MB       (max)       0.00 MB       (current)
 **********************************************************************************************************************************

1PROGRAM * RHF-SCF (CLOSED SHELL)       Authors: W. Meyer, H.-J. Werner


 NUMBER OF ELECTRONS:      34+   34-    SPACE SYMMETRY=1    SPIN SYMMETRY: Singlet 
 CONVERGENCE THRESHOLDS:    1.00E-05 (Density)    1.36E-07 (Energy)
 INTEGRAL THRESHOLDS:       1.00E-13 (Initial)    1.00E-13 (Final)
 MAX. NUMBER OF ITERATIONS:       60
 INTERPOLATION TYPE:            DIIS
 INTERPOLATION STEPS:              2 (START)      1 (STEP)
 LEVEL SHIFTS:                  0.00 (CLOSED)  0.00 (OPEN) 



 
 Basis set CC-PVQZ/JKFIT generated.      Number of basis functions:   1362 
 
 Orbital guess generated from atomic densities. Full valence occupancy:   53
 Coulomb and exchange fitting
 Thresholds for fitting:       THRAO_COUL= 1.0D-16    THRAO_EXCH= 1.0D-14    THRMO= 1.0D-13    THRPROD= 1.0D-13    THRASM= 1.0D-13
                               THR2HLF=    1.0D-13

 Molecular orbital dump at record        2100.2

 ITERATION   DDIFF            GRAD            ENERGY        2-EL.EN.            DIPOLE MOMENTS         DIIS   CPU(IT)  CPU(TOT)  ORB.
    1      0.000D+00      0.000D+00      -452.52580814   1081.075244   -8.61773    0.99363   -0.00000    0      9.4     29.2     start
    2      0.000D+00      0.240D-02      -452.66647437   1076.106589   -9.53700    0.25082   -0.00000    1      7.7     36.9     diag
    3      0.206D-02      0.164D-02      -452.72895617   1078.390336   -9.12561    0.55532   -0.00000    2      7.4     44.2     diag
    4      0.793D-03      0.223D-03      -452.73164325   1078.276205   -9.08491    0.52109   -0.00000    3      7.2     51.5     diag
    5      0.223D-03      0.831D-04      -452.73197095   1078.302234   -9.07350    0.54370    0.00000    4      7.1     58.6     diag
    6      0.638D-04      0.323D-04      -452.73203702   1078.284432   -9.06047    0.53845    0.00000    5      7.6     66.2     diag
    7      0.268D-04      0.131D-04      -452.73205474   1078.289316   -9.05573    0.54450    0.00000    6      7.0     73.2     diag
    8      0.146D-04      0.603D-05      -452.73205936   1078.292228   -9.05320    0.54502    0.00000    7      7.2     80.3     diag
    9      0.832D-05      0.200D-05      -452.73205993   1078.289765   -9.05202    0.54641    0.00000    8      6.8     87.1     diag
   10      0.332D-05      0.682D-06      -452.73205997   1078.291506   -9.05220    0.54642    0.00000    9      7.7     94.8     orth
   11      0.863D-06      0.172D-06      -452.73205997   1078.291091   -9.05217    0.54647    0.00000    0      7.1    101.9     orth

 Final occupancy:  34

 !RHF STATE 1.1 Energy               -452.732059973212
 Nuclear energy                       381.37941720
 One-electron energy                -1373.25702249
 Two-electron energy                  539.14554531
 Virial quotient                       -1.00192718
 !RHF STATE 1.1 Dipole moment          -9.05217114     0.54646939     0.00000000
 Dipole moment /Debye                 -23.00681712     1.38889568     0.00000000

 Orbital energies:

         1.1          2.1          3.1          4.1          5.1          6.1          7.1          8.1          9.1         10.1
    -20.390355   -20.367190   -15.754181   -15.743414   -11.453514   -11.381747   -11.378201   -11.223329   -11.137425    -1.493332

        11.1         12.1         13.1         14.1         15.1         16.1         17.1         18.1         19.1         20.1
     -1.336572    -1.259709    -1.145855    -1.135253    -1.002698    -0.947534    -0.891296    -0.882784    -0.809409    -0.742723

        21.1         22.1         23.1         24.1         25.1         26.1         27.1         28.1         29.1         30.1
     -0.727017    -0.723324    -0.707671    -0.600897    -0.569388    -0.512104    -0.503049    -0.500998    -0.449297    -0.442943

        31.1         32.1         33.1         34.1         35.1         36.1
     -0.405346    -0.297392    -0.287001    -0.280018    -0.021073    -0.001110

 HOMO     34.1    -0.280018 =      -7.6197eV
 LUMO     35.1    -0.021073 =      -0.5734eV
 LUMO-HOMO         0.258946 =       7.0463eV


 **********************************************************************************************************************************
 DATASETS  * FILE   NREC   LENGTH (MB)   RECORD NAMES
              1      18       50.81       500      610      700      900      950      970     1000      129      960     1100   
                                          VAR    BASINP    GEOM    SYMINP    ZMAT    AOBASIS   BASIS     P2S    ABASIS      S 
                                         1400     1410     1200     1210     1080     1600     1650     1700   
                                           T        V       H0       H01     AOSYM     SMH    MOLCAS    OPER   

              2       4       29.20       700     1000      520     2100   
                                         GEOM     BASIS   MCVARS     RHF  

 PROGRAMS   *        TOTAL        HF       INT
 CPU TIMES  *       107.19    103.20      3.84
 REAL TIME  *       159.44 SEC
 DISK USED  *         1.99 GB      
 SF USED    *       436.32 MB      
 GA USED    *         3.20 MB       (max)       0.00 MB       (current)
 **********************************************************************************************************************************
 SETTING E_RHF_C        =    ***************  KCAL/MOL                        


1PROGRAM * MP2 (Closed-shell)     Authors: C. Hampel, H.-J. Werner, 1991, M. Deegan, P.J. Knowles, 1992

 Basis set AUG-CC-PVQZ/MP2FIT generated. Number of basis functions:   2152 

 Convergence thresholds:  THRVAR = 1.00D-08  THRDEN = 1.36D-06

 Number of core orbitals:           9 (   9 )
 Number of closed-shell orbitals:  25 (  25 )
 Number of external orbitals:    1054 (1054 )

 Molecular orbitals read from record     2100.2  Type=RHF/CANONICAL (state 1.1)
 

 Entering DF-MP2

 Thresholds:    THRAO= 0.100D-09    THRMO= 0.100D-08    THROV= 0.100D-11

 Fitting basis: AUG-CC-PVQZ-MP2F
 Number of fitting functions:                2152
 Number of blocks in AO basis:                  9
 Minimum block size:                           80
 Maximum block size:                          218
 Average block size:                          121
 Number of groups in AO basis:                205
 Number of shells in AO basis:                389

 Using large memory version DFMP2B. NIBTK= 1  NGPU= 0  IGPU= 0

 para=T  nprocs= 12  mpptyp=0  number of tasks=  36

 Minimum memory with paging:                  9.83 MW
 Minimum memory for incore assembly:         57.82 MW
 Maximum memory for incore algorithm:        62.72 MW
 Memory for 3-index integrals:                0.00 MW

 Disk space for H1-integrals:               472.15 MB (   900 records)
 
 CPU time for half transformed integrals      4.53 sec, elapsed time      4.59 sec
 CPU time for assembly                       14.24 sec, elapsed time     22.05 sec (8413.8 MFLOP/sec)
 Total CPU time                              23.69 sec, elapsed time     33.93 sec

 SCS-MP2 correlation energy:           -1.792759436047   (PS=  1.200000  PT=  0.333333)
 SCS-MP2 total energy:               -454.524819409257

 Norm of first-order wave function:     0.375295792532
 Coefficient of reference function:     0.852711151958

  Reference energy                   -452.732059973210
  MP2 singlet pair energy              -1.147039423565
  MP2 triplet pair energy              -0.669073062487
  MP2 correlation energy               -1.816112486052

 !MP2 total energy                   -454.548172459261


 **********************************************************************************************************************************
 DATASETS  * FILE   NREC   LENGTH (MB)   RECORD NAMES
              1      19       50.84       500      610      700      900      950      970     1000      129      960     1100   
                                          VAR    BASINP    GEOM    SYMINP    ZMAT    AOBASIS   BASIS     P2S    ABASIS      S 
                                         1400     1410     1200     1210     1080     1600     1650     1700      960(1)
                                           T        V       H0       H01     AOSYM     SMH    MOLCAS    OPER    ABASIS    

              2       4       29.20       700     1000      520     2100   
                                         GEOM     BASIS   MCVARS     RHF  

 PROGRAMS   *        TOTAL       MP2        HF       INT
 CPU TIMES  *       134.33     27.13    103.20      3.84
 REAL TIME  *       197.58 SEC
 DISK USED  *         1.99 GB      
 SF USED    *         2.11 GB      
 GA USED    *         3.20 MB       (max)       0.00 MB       (current)
 **********************************************************************************************************************************
 SETTING E_CORR_C       =    ***************  KCAL/MOL                        
 SETTING E_C            =     -1139.62801968  KCAL/MOL                        
 SETTING CHARGE         =         1.00000000                                  

 Dummy atoms: C10  H11  H12  C13  H14  O15  O16


 Recomputing one-electron integrals since nuclear charges changed

1PROGRAM * SEWARD (Integral evaluation for generally contracted gaussian basis sets)     Author: Roland Lindh, 1990

 Geometry written to block  1 of record 700


 Point group  C1  



 ATOMIC COORDINATES

 NR  ATOM    CHARGE       X              Y              Z

   1  N0      7.00   -4.842640209    1.822806942    0.000000000
   2  N1      7.00   -1.703514030   -0.861153244    0.000000000
   3  C2      6.00   -2.311477742    1.575497179    0.000000000
   4  C3      6.00   -3.914913463   -2.221352658    0.000000000
   5  C4      6.00   -5.900103683   -0.572678481    0.000000000
   6  H5      1.00   -0.866576928    3.039440480    0.000000000
   7  H6      1.00   -3.968454223   -4.256787427    0.000000000
   8  H7      1.00   -7.912776115   -0.880064394    0.000000000
   9  H8      1.00   -5.798874910    3.476835356    0.000000000
  10  H9      1.00    0.046173209   -1.575039695    0.000000000
  11  C10     0.00   10.941184499   -0.158670256    0.000000000
  12  H11     0.00   11.402307344   -1.268611406    1.748445859
  13  H12     0.00   11.861306722    1.680756412    0.000000000
  14  C13     0.00    8.092730892    0.171461082    0.000000000
  15  H14     0.00   11.402307344   -1.268611406   -1.748445859
  16  O15     0.00    7.096129316    2.268076207    0.000000000
  17  O16     0.00    6.829789464   -1.968390806    0.000000000

 Bond lengths in Bohr (Angstrom)

 1-3  2.543215593  1-5  2.618507095  1-9  1.910548298  2-3  2.511351261  2-4  2.596233792
     ( 1.345811730)     ( 1.385654276)     ( 1.011018616)     ( 1.328949851)     ( 1.373867752)

  2-10  1.889719371   3- 6  2.056907472   4- 5  2.580524512   4- 7  2.036138824   5- 8  2.036009926
       ( 0.999996423)       ( 1.088468555)       ( 1.365554759)       ( 1.077478260)       ( 1.077410050)

 11-12  2.121713119  11-13  2.056724427  11-14  2.867520646  11-15  2.121713119  14-16  2.321424063
       ( 1.122762226)       ( 1.088371692)       ( 1.517426572)       ( 1.122762226)       ( 1.228444707)

 14-17  2.484750924
       ( 1.314873559)

 Bond angles

  1-3-2  109.59013640   1-3-6  129.04449499   1-5-4  105.89059304   1-5-8  122.50200314

  2-3-6  121.36536861   2-4-5  108.69575365   2-4-7  123.10184411   3-1-5  108.23816049

  3- 1- 9  125.61369675   3- 2- 4  107.58535643   3- 2-10  126.20556188   4- 2-10  126.20908169

  4- 5- 8  131.60740382   5- 1- 9  126.14814276   5- 4- 7  128.20240224  11-14-16  122.03452962

 11-14-17  113.93812478  12-11-13  111.75473763  12-11-14  106.02861121  12-11-15  110.98917938

 13-11-14  109.96424308  13-11-15  111.75473763  14-11-15  106.02861121  16-14-17  124.02734560

 NUCLEAR CHARGE:                   37
 NUMBER OF PRIMITIVE AOS:        1518
 NUMBER OF SYMMETRY AOS:         1221
 NUMBER OF CONTRACTIONS:         1088   (1088A   )
 NUMBER OF CORE ORBITALS:           5   (   5A   )
 NUMBER OF VALENCE ORBITALS:       25   (  25A   )

 MOLECULE CHANGED: INITIALIZING OCCUPATION AND DUMP RECORDS


 NUCLEAR REPULSION ENERGY  172.82741642


 Eigenvalues of metric

         1 0.845E-06 0.131E-05 0.168E-05 0.195E-05 0.382E-05 0.402E-05 0.493E-05 0.594E-05


 OPERATOR DM      FOR CENTER  0  COORDINATES:    0.000000    0.000000    0.000000


 **********************************************************************************************************************************
 DATASETS  * FILE   NREC   LENGTH (MB)   RECORD NAMES
              1      19       50.84       500      610      700      900      950      970     1000      129      960     1100   
                                          VAR    BASINP    GEOM    SYMINP    ZMAT    AOBASIS   BASIS     P2S    ABASIS      S 
                                         1400     1410     1200     1210     1080     1600     1650     1700      960(1)
                                           T        V       H0       H01     AOSYM     SMH    MOLCAS    OPER    ABASIS    

              2       4       29.20       700     1000      520     2100   
                                         GEOM     BASIS   MCVARS     RHF  

 PROGRAMS   *        TOTAL       INT       MP2        HF       INT
 CPU TIMES  *       138.11      3.78     27.13    103.20      3.84
 REAL TIME  *       202.48 SEC
 DISK USED  *         1.99 GB      
 SF USED    *         2.11 GB      
 GA USED    *         3.20 MB       (max)       0.00 MB       (current)
 **********************************************************************************************************************************

1PROGRAM * RHF-SCF (CLOSED SHELL)       Authors: W. Meyer, H.-J. Werner


 NUMBER OF ELECTRONS:      18+   18-    SPACE SYMMETRY=1    SPIN SYMMETRY: Singlet 
 CONVERGENCE THRESHOLDS:    1.00E-05 (Density)    1.00E-07 (Energy)
 INTEGRAL THRESHOLDS:       1.00E-13 (Initial)    1.00E-13 (Final)
 MAX. NUMBER OF ITERATIONS:       60
 INTERPOLATION TYPE:            DIIS
 INTERPOLATION STEPS:              2 (START)      1 (STEP)
 LEVEL SHIFTS:                  0.00 (CLOSED)  0.00 (OPEN) 



 
 Basis set CC-PVQZ/JKFIT generated.      Number of basis functions:   1362 
 
 Orbital guess generated from atomic densities. Full valence occupancy:   30
 Coulomb and exchange fitting
 Thresholds for fitting:       THRAO_COUL= 1.0D-16    THRAO_EXCH= 1.0D-14    THRMO= 1.0D-13    THRPROD= 1.0D-13    THRASM= 1.0D-13
                               THR2HLF=    1.0D-13

 Molecular orbital dump at record        2101.2

 ITERATION   DDIFF            GRAD            ENERGY        2-EL.EN.            DIPOLE MOMENTS         DIIS   CPU(IT)  CPU(TOT)  ORB.
    1      0.000D+00      0.000D+00      -225.21962565    476.422442   -2.87402    0.93727    0.00000    0      7.0     21.3     start
    2      0.000D+00      0.161D-02      -225.27926232    481.116472   -3.43062    0.26272   -0.00000    1      6.3     27.6     diag
    3      0.992D-03      0.713D-03      -225.28800081    479.731054   -3.21693    0.52504   -0.00000    2      6.9     34.5     diag
    4      0.386D-03      0.233D-03      -225.28935711    480.006670   -3.26852    0.45948   -0.00000    3      5.7     40.2     diag
    5      0.138D-03      0.400D-04      -225.28945167    480.080346   -3.26022    0.46983    0.00000    4      6.5     46.7     diag
    6      0.318D-04      0.212D-04      -225.28947842    480.052672   -3.25935    0.46920   -0.00000    5      6.2     52.9     diag
    7      0.165D-04      0.922D-05      -225.28948708    480.064631   -3.25580    0.47390   -0.00000    6      5.8     58.7     diag
    8      0.119D-04      0.368D-05      -225.28948795    480.064201   -3.25461    0.47446   -0.00000    7      6.0     64.7     diag
    9      0.467D-05      0.784D-06      -225.28948797    480.063466   -3.25472    0.47469    0.00000    8      6.0     70.7     diag
   10      0.498D-06      0.234D-06      -225.28948797    480.063742   -3.25464    0.47461    0.00000    0      6.4     77.1     orth

 Final occupancy:  18

 !RHF STATE 1.1 Energy               -225.289487967236
 Nuclear energy                       172.82741642
 One-electron energy                 -638.14877524
 Two-electron energy                  240.03187085
 Virial quotient                       -1.00184503
 !RHF STATE 1.1 Dipole moment          -3.25464101     0.47460578     0.00000000
 Dipole moment /Debye                  -8.27193051     1.20624856     0.00000000

 Orbital energies:

         1.1          2.1          3.1          4.1          5.1          6.1          7.1          8.1          9.1         10.1
    -15.851126   -15.850889   -11.556146   -11.475849   -11.472836    -1.593864    -1.437725    -1.243550    -1.105209    -1.045859

        11.1         12.1         13.1         14.1         15.1         16.1         17.1         18.1         19.1         20.1
     -0.990791    -0.912716    -0.842805    -0.828095    -0.817956    -0.802709    -0.669844    -0.544547    -0.097870    -0.082122

 HOMO     18.1    -0.544547 =     -14.8179eV
 LUMO     19.1    -0.097870 =      -2.6632eV
 LUMO-HOMO         0.446677 =      12.1547eV


 **********************************************************************************************************************************
 DATASETS  * FILE   NREC   LENGTH (MB)   RECORD NAMES
              1      19       50.88       500      610      700      900      950      970     1000      129      960     1100   
                                          VAR    BASINP    GEOM    SYMINP    ZMAT    AOBASIS   BASIS     P2S    ABASIS      S 
                                         1400     1410     1200     1210     1080     1600     1650     1700      960(1)
                                           T        V       H0       H01     AOSYM     SMH    MOLCAS    OPER    ABASIS    

              2       5       76.64       700     1000      520     2100     2101   
                                         GEOM     BASIS   MCVARS     RHF      RHF  

 PROGRAMS   *        TOTAL        HF       INT       MP2        HF       INT
 CPU TIMES  *       216.55     78.43      3.78     27.13    103.20      3.84
 REAL TIME  *       378.35 SEC
 DISK USED  *         2.50 GB      
 SF USED    *         2.11 GB      
 GA USED    *         3.20 MB       (max)       0.00 MB       (current)
 **********************************************************************************************************************************
 SETTING E_RHF_A        =    ***************  KCAL/MOL                        


1PROGRAM * MP2 (Closed-shell)     Authors: C. Hampel, H.-J. Werner, 1991, M. Deegan, P.J. Knowles, 1992

 Basis set AUG-CC-PVQZ/MP2FIT generated. Number of basis functions:   2152 

 Convergence thresholds:  THRVAR = 1.00D-08  THRDEN = 1.00D-06

 Number of core orbitals:           5 (   5 )
 Number of closed-shell orbitals:  13 (  13 )
 Number of external orbitals:    1070 (1070 )

 Molecular orbitals read from record     2101.2  Type=RHF/CANONICAL (state 1.1)
 

 Entering DF-MP2

 Thresholds:    THRAO= 0.100D-09    THRMO= 0.100D-08    THROV= 0.100D-11

 Fitting basis: AUG-CC-PVQZ-MP2F
 Number of fitting functions:                2152
 Number of blocks in AO basis:                  9
 Minimum block size:                           80
 Maximum block size:                          218
 Average block size:                          121
 Number of groups in AO basis:                205
 Number of shells in AO basis:                389

 Using large memory version DFMP2B. NIBTK= 1  NGPU= 0  IGPU= 0

 para=T  nprocs= 12  mpptyp=0  number of tasks=  36

 Minimum memory with paging:                  9.90 MW
 Minimum memory for incore assembly:         31.08 MW
 Maximum memory for incore algorithm:        34.39 MW
 Memory for 3-index integrals:                0.00 MW

 Disk space for H1-integrals:               245.52 MB (   468 records)
 
 CPU time for half transformed integrals      3.77 sec, elapsed time      3.80 sec
 CPU time for assembly                        4.68 sec, elapsed time      6.79 sec (7387.5 MFLOP/sec)
 Total CPU time                              13.37 sec, elapsed time     15.75 sec

 SCS-MP2 correlation energy:           -0.921109145292   (PS=  1.200000  PT=  0.333333)
 SCS-MP2 total energy:               -226.210597112527

 Norm of first-order wave function:     0.201527214321
 Coefficient of reference function:     0.912290587409

  Reference energy                   -225.289487967235
  MP2 singlet pair energy              -0.590389751190
  MP2 triplet pair energy              -0.341745177638
  MP2 correlation energy               -0.932134928828

 !MP2 total energy                   -226.221622896064


 **********************************************************************************************************************************
 DATASETS  * FILE   NREC   LENGTH (MB)   RECORD NAMES
              1      19       50.88       500      610      700      900      950      970     1000      129      960     1100   
                                          VAR    BASINP    GEOM    SYMINP    ZMAT    AOBASIS   BASIS     P2S    ABASIS      S 
                                         1400     1410     1200     1210     1080     1600     1650     1700      960(1)
                                           T        V       H0       H01     AOSYM     SMH    MOLCAS    OPER    ABASIS    

              2       5       76.64       700     1000      520     2100     2101   
                                         GEOM     BASIS   MCVARS     RHF      RHF  

 PROGRAMS   *        TOTAL       MP2        HF       INT       MP2        HF       INT
 CPU TIMES  *       232.56     15.99     78.43      3.78     27.13    103.20      3.84
 REAL TIME  *       400.15 SEC
 DISK USED  *         2.50 GB      
 SF USED    *         2.11 GB      
 GA USED    *         3.20 MB       (max)       0.00 MB       (current)
 **********************************************************************************************************************************
 SETTING E_CORR_A       =    ***************  KCAL/MOL                        
 SETTING E_A            =      -584.92361633  KCAL/MOL                        
 SETTING CHARGE         =        -1.00000000                                  

 Dummy atoms: N0  N1  C2  C3  C4  H5  H6  H7  H8  H9


 Recomputing one-electron integrals since nuclear charges changed

1PROGRAM * SEWARD (Integral evaluation for generally contracted gaussian basis sets)     Author: Roland Lindh, 1990

 Geometry written to block  1 of record 700


 Point group  C1  



 ATOMIC COORDINATES

 NR  ATOM    CHARGE       X              Y              Z

   1  N0      0.00   -4.842640209    1.822806942    0.000000000
   2  N1      0.00   -1.703514030   -0.861153244    0.000000000
   3  C2      0.00   -2.311477742    1.575497179    0.000000000
   4  C3      0.00   -3.914913463   -2.221352658    0.000000000
   5  C4      0.00   -5.900103683   -0.572678481    0.000000000
   6  H5      0.00   -0.866576928    3.039440480    0.000000000
   7  H6      0.00   -3.968454223   -4.256787427    0.000000000
   8  H7      0.00   -7.912776115   -0.880064394    0.000000000
   9  H8      0.00   -5.798874910    3.476835356    0.000000000
  10  H9      0.00    0.046173209   -1.575039695    0.000000000
  11  C10     6.00   10.941184499   -0.158670256    0.000000000
  12  H11     1.00   11.402307344   -1.268611406    1.748445859
  13  H12     1.00   11.861306722    1.680756412    0.000000000
  14  C13     6.00    8.092730892    0.171461082    0.000000000
  15  H14     1.00   11.402307344   -1.268611406   -1.748445859
  16  O15     8.00    7.096129316    2.268076207    0.000000000
  17  O16     8.00    6.829789464   -1.968390806    0.000000000

 Bond lengths in Bohr (Angstrom)

 1-3  2.543215593  1-5  2.618507095  1-9  1.910548298  2-3  2.511351261  2-4  2.596233792
     ( 1.345811730)     ( 1.385654276)     ( 1.011018616)     ( 1.328949851)     ( 1.373867752)

  2-10  1.889719371   3- 6  2.056907472   4- 5  2.580524512   4- 7  2.036138824   5- 8  2.036009926
       ( 0.999996423)       ( 1.088468555)       ( 1.365554759)       ( 1.077478260)       ( 1.077410050)

 11-12  2.121713119  11-13  2.056724427  11-14  2.867520646  11-15  2.121713119  14-16  2.321424063
       ( 1.122762226)       ( 1.088371692)       ( 1.517426572)       ( 1.122762226)       ( 1.228444707)

 14-17  2.484750924
       ( 1.314873559)

 Bond angles

  1-3-2  109.59013640   1-3-6  129.04449499   1-5-4  105.89059304   1-5-8  122.50200314

  2-3-6  121.36536861   2-4-5  108.69575365   2-4-7  123.10184411   3-1-5  108.23816049

  3- 1- 9  125.61369675   3- 2- 4  107.58535643   3- 2-10  126.20556188   4- 2-10  126.20908169

  4- 5- 8  131.60740382   5- 1- 9  126.14814276   5- 4- 7  128.20240224  11-14-16  122.03452962

 11-14-17  113.93812478  12-11-13  111.75473763  12-11-14  106.02861121  12-11-15  110.98917938

 13-11-14  109.96424308  13-11-15  111.75473763  14-11-15  106.02861121  16-14-17  124.02734560

 NUCLEAR CHARGE:                   31
 NUMBER OF PRIMITIVE AOS:        1518
 NUMBER OF SYMMETRY AOS:         1221
 NUMBER OF CONTRACTIONS:         1088   (1088A   )
 NUMBER OF CORE ORBITALS:           4   (   4A   )
 NUMBER OF VALENCE ORBITALS:       19   (  19A   )

 MOLECULE CHANGED: INITIALIZING OCCUPATION AND DUMP RECORDS


 NUCLEAR REPULSION ENERGY  111.70445666


 Eigenvalues of metric

         1 0.845E-06 0.131E-05 0.168E-05 0.195E-05 0.382E-05 0.402E-05 0.493E-05 0.594E-05


 OPERATOR DM      FOR CENTER  0  COORDINATES:    0.000000    0.000000    0.000000


 **********************************************************************************************************************************
 DATASETS  * FILE   NREC   LENGTH (MB)   RECORD NAMES
              1      19       50.88       500      610      700      900      950      970     1000      129      960     1100   
                                          VAR    BASINP    GEOM    SYMINP    ZMAT    AOBASIS   BASIS     P2S    ABASIS      S 
                                         1400     1410     1200     1210     1080     1600     1650     1700      960(1)
                                           T        V       H0       H01     AOSYM     SMH    MOLCAS    OPER    ABASIS    

              2       5       76.64       700     1000      520     2100     2101   
                                         GEOM     BASIS   MCVARS     RHF      RHF  

 PROGRAMS   *        TOTAL       INT       MP2        HF       INT       MP2        HF       INT
 CPU TIMES  *       236.32      3.76     15.99     78.43      3.78     27.13    103.20      3.84
 REAL TIME  *       404.86 SEC
 DISK USED  *         2.50 GB      
 SF USED    *         2.11 GB      
 GA USED    *         3.20 MB       (max)       0.00 MB       (current)
 **********************************************************************************************************************************

1PROGRAM * RHF-SCF (CLOSED SHELL)       Authors: W. Meyer, H.-J. Werner


 NUMBER OF ELECTRONS:      16+   16-    SPACE SYMMETRY=1    SPIN SYMMETRY: Singlet 
 CONVERGENCE THRESHOLDS:    1.00E-05 (Density)    1.00E-07 (Energy)
 INTEGRAL THRESHOLDS:       1.00E-13 (Initial)    1.00E-13 (Final)
 MAX. NUMBER OF ITERATIONS:       60
 INTERPOLATION TYPE:            DIIS
 INTERPOLATION STEPS:              2 (START)      1 (STEP)
 LEVEL SHIFTS:                  0.00 (CLOSED)  0.00 (OPEN) 



 
 Basis set CC-PVQZ/JKFIT generated.      Number of basis functions:   1362 
 
 Orbital guess generated from atomic densities. Full valence occupancy:   23
 Coulomb and exchange fitting
 Thresholds for fitting:       THRAO_COUL= 1.0D-16    THRAO_EXCH= 1.0D-14    THRMO= 1.0D-13    THRPROD= 1.0D-13    THRASM= 1.0D-13
                               THR2HLF=    1.0D-13

 Molecular orbital dump at record        2102.2

 ITERATION   DDIFF            GRAD            ENERGY        2-EL.EN.            DIPOLE MOMENTS         DIIS   CPU(IT)  CPU(TOT)  ORB.
    1      0.000D+00      0.000D+00      -227.19056175    409.482669   -5.74748    0.05635    0.00000    0      8.1     20.6     start
    2      0.000D+00      0.307D-02      -227.27470128    399.981898   -6.93107   -0.00833    0.00000    1      5.9     26.6     diag
    3      0.182D-02      0.230D-02      -227.33191648    403.115277   -6.59992    0.08219    0.00000    2      5.6     32.2     diag
    4      0.734D-03      0.222D-03      -227.33318100    403.319436   -6.62148    0.05007    0.00000    3      7.4     39.6     diag
    5      0.139D-03      0.931D-04      -227.33337495    403.199861   -6.61862    0.07422    0.00000    4      5.6     45.2     diag
    6      0.518D-04      0.347D-04      -227.33339745    403.192613   -6.61825    0.06692    0.00000    5      5.8     51.0     diag
    7      0.176D-04      0.109D-04      -227.33340070    403.202868   -6.61835    0.06933   -0.00000    6      5.8     56.8     diag
    8      0.740D-05      0.326D-05      -227.33340111    403.200403   -6.61810    0.06942    0.00000    7      5.7     62.5     diag
    9      0.244D-05      0.101D-05      -227.33340117    403.201257   -6.61809    0.06970   -0.00000    8      8.0     70.5     diag
   10      0.113D-05      0.353D-06      -227.33340118    403.200888   -6.61813    0.06973   -0.00000    0      6.3     76.8     orth

 Final occupancy:  16

 !RHF STATE 1.1 Energy               -227.333401175367
 Nuclear energy                       111.70445666
 One-electron energy                 -540.63830165
 Two-electron energy                  201.60044381
 Virial quotient                       -1.00151008
 !RHF STATE 1.1 Dipole moment          -6.61812905     0.06973351    -0.00000000
 Dipole moment /Debye                 -16.82050443     0.17723328    -0.00000000

 Orbital energies:

         1.1          2.1          3.1          4.1          5.1          6.1          7.1          8.1          9.1         10.1
    -20.291848   -20.265904   -11.127212   -11.056178    -1.160951    -1.035143    -0.798854    -0.507782    -0.421854    -0.415849

        11.1         12.1         13.1         14.1         15.1         16.1         17.1         18.1
     -0.409327    -0.351267    -0.311455    -0.200129    -0.186888    -0.178064     0.078704     0.095900

 HOMO     16.1    -0.178064 =      -4.8454eV
 LUMO     17.1     0.078704 =       2.1417eV
 LUMO-HOMO         0.256769 =       6.9870eV


 **********************************************************************************************************************************
 DATASETS  * FILE   NREC   LENGTH (MB)   RECORD NAMES
              1      19       50.88       500      610      700      900      950      970     1000      129      960     1100   
                                          VAR    BASINP    GEOM    SYMINP    ZMAT    AOBASIS   BASIS     P2S    ABASIS      S 
                                         1400     1410     1200     1210     1080     1600     1650     1700      960(1)
                                           T        V       H0       H01     AOSYM     SMH    MOLCAS    OPER    ABASIS    

              2       6      124.09       700     1000      520     2100     2101     2102   
                                         GEOM     BASIS   MCVARS     RHF      RHF      RHF  

 PROGRAMS   *        TOTAL        HF       INT       MP2        HF       INT       MP2        HF       INT
 CPU TIMES  *       314.30     77.96      3.76     15.99     78.43      3.78     27.13    103.20      3.84
 REAL TIME  *       596.73 SEC
 DISK USED  *         3.07 GB      
 SF USED    *         2.11 GB      
 GA USED    *         3.20 MB       (max)       0.00 MB       (current)
 **********************************************************************************************************************************
 SETTING E_RHF_B        =    ***************  KCAL/MOL                        


1PROGRAM * MP2 (Closed-shell)     Authors: C. Hampel, H.-J. Werner, 1991, M. Deegan, P.J. Knowles, 1992

 Basis set AUG-CC-PVQZ/MP2FIT generated. Number of basis functions:   2152 

 Convergence thresholds:  THRVAR = 1.00D-08  THRDEN = 1.00D-06

 Number of core orbitals:           4 (   4 )
 Number of closed-shell orbitals:  12 (  12 )
 Number of external orbitals:    1072 (1072 )

 Molecular orbitals read from record     2102.2  Type=RHF/CANONICAL (state 1.1)
 

 Entering DF-MP2

 Thresholds:    THRAO= 0.100D-09    THRMO= 0.100D-08    THROV= 0.100D-11

 Fitting basis: AUG-CC-PVQZ-MP2F
 Number of fitting functions:                2152
 Number of blocks in AO basis:                  9
 Minimum block size:                           80
 Maximum block size:                          218
 Average block size:                          121
 Number of groups in AO basis:                205
 Number of shells in AO basis:                389

 Using large memory version DFMP2B. NIBTK= 1  NGPU= 0  IGPU= 0

 para=T  nprocs= 12  mpptyp=0  number of tasks=  36

 Minimum memory with paging:                  9.91 MW
 Minimum memory for incore assembly:         28.83 MW
 Maximum memory for incore algorithm:        32.03 MW
 Memory for 3-index integrals:                0.00 MW

 Disk space for H1-integrals:               226.63 MB (   432 records)
 
 CPU time for half transformed integrals      3.98 sec, elapsed time      4.00 sec
 CPU time for assembly                        4.02 sec, elapsed time      5.71 sec (7399.4 MFLOP/sec)
 Total CPU time                              12.98 sec, elapsed time     14.86 sec

 SCS-MP2 correlation energy:           -0.872763309694   (PS=  1.200000  PT=  0.333333)
 SCS-MP2 total energy:               -228.206164485059

 Norm of first-order wave function:     0.174534915583
 Coefficient of reference function:     0.922713838795

  Reference energy                   -227.333401175365
  MP2 singlet pair energy              -0.557423353041
  MP2 triplet pair energy              -0.327624566857
  MP2 correlation energy               -0.885047919899

 !MP2 total energy                   -228.218449095264


 **********************************************************************************************************************************
 DATASETS  * FILE   NREC   LENGTH (MB)   RECORD NAMES
              1      19       50.88       500      610      700      900      950      970     1000      129      960     1100   
                                          VAR    BASINP    GEOM    SYMINP    ZMAT    AOBASIS   BASIS     P2S    ABASIS      S 
                                         1400     1410     1200     1210     1080     1600     1650     1700      960(1)
                                           T        V       H0       H01     AOSYM     SMH    MOLCAS    OPER    ABASIS    

              2       6      124.09       700     1000      520     2100     2101     2102   
                                         GEOM     BASIS   MCVARS     RHF      RHF      RHF  

 PROGRAMS   *        TOTAL       MP2        HF       INT       MP2        HF       INT       MP2        HF       INT
 CPU TIMES  *       329.97     15.67     77.96      3.76     15.99     78.43      3.78     27.13    103.20      3.84
 REAL TIME  *       617.47 SEC
 DISK USED  *         3.07 GB      
 SF USED    *         2.11 GB      
 GA USED    *         3.20 MB       (max)       0.00 MB       (current)
 **********************************************************************************************************************************
 SETTING E_CORR_B       =    ***************  KCAL/MOL                        
 SETTING E_B            =      -555.37606620  KCAL/MOL                        
 SETTING E_RHF_CP       =       -68.50574425  KCAL/MOL                        
 SETTING E_CORR_CP      =         0.67166285  KCAL/MOL                        

        DF-MP2          DF-HF           DF-MP2          DF-HF           DF-MP2          DF-HF   
   -228.21844910   -227.33340118   -226.22162290   -225.28948797   -454.54817246   -452.73205997
 **********************************************************************************************************************************
 Variable memory released
