
 Primary working directories    : /scratch/1723358.phoenix.chem.wisc.edu
 Secondary working directories  : /scratch/1723358.phoenix.chem.wisc.edu
 Wavefunction directory         : /scratch/1723358.phoenix.chem.wisc.edu/
 Main file repository           : /scratch/1723358.phoenix.chem.wisc.edu/

 SHA1      : 65e45729fe3f963b0eb97374e3bda9949063ef0f
 NAME      : 2012.1.17
 ARCHNAME  : Linux/x86_64
 FC        : /opt/intel/composer_xe_2013.5.192/bin/intel64/ifort
 FCVERSION : 13.1.3
 BLASLIB   : -L/opt/intel/composer_xe_2013.5.192/mkl/lib/intel64 -lmkl_intel_ilp64 -lmkl_sequential -lmkl_core
 id        : cuichemwisc

 Nodes             nprocs
 compute-1-34.local   12
 ga_uses_ma=false, calling ma_init with nominal heap.
 GA-space will be limited to   8.0 MW (determined by -G option)

 Using customized tuning parameters: mindgm=1; mindgv=20; mindgc=4; mindgr=1; noblas=0; minvec=7
 default implementation of scratch files=sf  

 geomtyp=xyz
 geometry={
 17
  N0         -2.562614830000       0.964587890000       0.000000000000
  N1         -0.901460800000      -0.455702670000       0.000000000000
  C2         -1.223181340000       0.833717200000       0.000000000000
  C3         -2.071682980000      -1.175489200000       0.000000000000
  C4         -3.122200400000      -0.303048400000       0.000000000000
  H5         -0.458572760000       1.608402630000       0.000000000000
  H6         -2.100015530000      -2.252594890000       0.000000000000
  H7         -4.187260780000      -0.465710020000       0.000000000000
  H8         -3.068632440000       1.839862030000       0.000000000000
  H9          0.024433810000      -0.833475110000       0.000000000000
  C10         7.896403522803      -0.068280275972       0.000000000000
  H11         8.140419222803      -0.655635835972       0.925237700000
  H12         8.383311232803       0.905102394028       0.000000000000
  C13         6.389066792803       0.106417704028       0.000000000000
  H14         8.140419222803      -0.655635835972      -0.925237700000
  O15         5.861687952803       1.215898644028       0.000000000000
  O16         5.720746972803      -1.025943145972       0.000000000000
 }
 
 
 basis=avqz
 
                                                                                 ! Complex
 set,charge=0
 
 df-hf
 e_rhf_c = energy*tokcal
 df-mp2
 e_corr_c = energy*tokcal
 e_c = e_corr_c - e_rhf_c
 
 
                                                                                 ! Monomer 1
 set,charge=1
 dummy,C10,H11,H12,C13,H14,O15,O16
 
 df-hf
 e_rhf_a = energy*tokcal
 df-mp2
 e_corr_a = energy*tokcal
 e_a = e_corr_a - e_rhf_a
 
 
                                                                                 ! Monomer 2
 set,charge=-1
 dummy,N0,N1,C2,C3,C4,H5,H6,H7,H8,H9
 
 df-hf
 e_rhf_b = energy*tokcal
 df-mp2
 e_corr_b = energy*tokcal
 e_b = e_corr_b - e_rhf_b
 
 
 e_rhf_cp = e_rhf_c - (e_rhf_a + e_rhf_b)
 e_corr_cp = e_c - (e_a + e_b)

 Variables initialized (782), CPU time= 0.01 sec
 Commands  initialized (547), CPU time= 0.01 sec, 517 directives.
 Default parameters read. Elapsed time= 0.13 sec

 Checking input...
 Passed
1


                                         ***  PROGRAM SYSTEM MOLPRO  ***
                         Copyright, University College Cardiff Consultants Limited, 2008

                                    Version 2012.1 linked Oct 11 2014 15:40:16


 **********************************************************************************************************************************
 LABEL *                                                                                 
 Linux-2.6.18-308.el5/compute-1-34.local(x86_64) 64 bit mpp version                      DATE: 11-Dec-14          TIME: 23:00:30  
 **********************************************************************************************************************************

 SHA1:             65e45729fe3f963b0eb97374e3bda9949063ef0f
 **********************************************************************************************************************************
 SETTING GEOMTYP        =    XYZ

 Turning off symmetry in density fitting calculation
 To re-enable, use 'set,zsymel=auto'


 Variable memory set to  350000000 words,  buffer space   230000 words

 SETTING BASIS          =    AVQZ
 SETTING CHARGE         =         0.00000000                                  


 Recomputing integrals since basis changed


 Using spherical harmonics

 Library entry N      S aug-cc-pVQZ          selected for orbital group  1
 Library entry N      P aug-cc-pVQZ          selected for orbital group  1
 Library entry N      D aug-cc-pVQZ          selected for orbital group  1
 Library entry N      F aug-cc-pVQZ          selected for orbital group  1
 Library entry N      G aug-cc-pVQZ          selected for orbital group  1
 Library entry C      S aug-cc-pVQZ          selected for orbital group  2
 Library entry C      P aug-cc-pVQZ          selected for orbital group  2
 Library entry C      D aug-cc-pVQZ          selected for orbital group  2
 Library entry C      F aug-cc-pVQZ          selected for orbital group  2
 Library entry C      G aug-cc-pVQZ          selected for orbital group  2
 Library entry H      S aug-cc-pVQZ          selected for orbital group  3
 Library entry H      P aug-cc-pVQZ          selected for orbital group  3
 Library entry H      D aug-cc-pVQZ          selected for orbital group  3
 Library entry H      F aug-cc-pVQZ          selected for orbital group  3
 Library entry O      S aug-cc-pVQZ          selected for orbital group  8
 Library entry O      P aug-cc-pVQZ          selected for orbital group  8
 Library entry O      D aug-cc-pVQZ          selected for orbital group  8
 Library entry O      F aug-cc-pVQZ          selected for orbital group  8
 Library entry O      G aug-cc-pVQZ          selected for orbital group  8

1PROGRAM * SEWARD (Integral evaluation for generally contracted gaussian basis sets)     Author: Roland Lindh, 1990

 Geometry written to block  1 of record 700


 Point group  C1  



 ATOMIC COORDINATES

 NR  ATOM    CHARGE       X              Y              Z

   1  N0      7.00   -4.842640209    1.822806942    0.000000000
   2  N1      7.00   -1.703514030   -0.861153244    0.000000000
   3  C2      6.00   -2.311477742    1.575497179    0.000000000
   4  C3      6.00   -3.914913463   -2.221352658    0.000000000
   5  C4      6.00   -5.900103683   -0.572678481    0.000000000
   6  H5      1.00   -0.866576928    3.039440480    0.000000000
   7  H6      1.00   -3.968454223   -4.256787427    0.000000000
   8  H7      1.00   -7.912776115   -0.880064394    0.000000000
   9  H8      1.00   -5.798874910    3.476835356    0.000000000
  10  H9      1.00    0.046173209   -1.575039695    0.000000000
  11  C10     6.00   14.922040081   -0.129031022    0.000000000
  12  H11     1.00   15.383162926   -1.238972172    1.748445859
  13  H12     1.00   15.842162304    1.710395646    0.000000000
  14  C13     6.00   12.073586474    0.201100316    0.000000000
  15  H14     1.00   15.383162926   -1.238972172   -1.748445859
  16  O15     8.00   11.076984899    2.297715441    0.000000000
  17  O16     8.00   10.810645046   -1.938751572    0.000000000

 Bond lengths in Bohr (Angstrom)

 1-3  2.543215593  1-5  2.618507095  1-9  1.910548298  2-3  2.511351261  2-4  2.596233792
     ( 1.345811730)     ( 1.385654276)     ( 1.011018616)     ( 1.328949851)     ( 1.373867752)

  2-10  1.889719371   3- 6  2.056907472   4- 5  2.580524512   4- 7  2.036138824   5- 8  2.036009926
       ( 0.999996423)       ( 1.088468555)       ( 1.365554759)       ( 1.077478260)       ( 1.077410050)

 11-12  2.121713119  11-13  2.056724427  11-14  2.867520646  11-15  2.121713119  14-16  2.321424063
       ( 1.122762226)       ( 1.088371692)       ( 1.517426572)       ( 1.122762226)       ( 1.228444707)

 14-17  2.484750924
       ( 1.314873559)

 Bond angles

  1-3-2  109.59013640   1-3-6  129.04449499   1-5-4  105.89059304   1-5-8  122.50200314

  2-3-6  121.36536861   2-4-5  108.69575365   2-4-7  123.10184411   3-1-5  108.23816049

  3- 1- 9  125.61369675   3- 2- 4  107.58535643   3- 2-10  126.20556188   4- 2-10  126.20908169

  4- 5- 8  131.60740382   5- 1- 9  126.14814276   5- 4- 7  128.20240224  11-14-16  122.03452962

 11-14-17  113.93812478  12-11-13  111.75473763  12-11-14  106.02861121  12-11-15  110.98917938

 13-11-14  109.96424308  13-11-15  111.75473763  14-11-15  106.02861121  16-14-17  124.02734560

 NUCLEAR CHARGE:                   68
 NUMBER OF PRIMITIVE AOS:        1518
 NUMBER OF SYMMETRY AOS:         1221
 NUMBER OF CONTRACTIONS:         1088   (1088A   )
 NUMBER OF CORE ORBITALS:           9   (   9A   )
 NUMBER OF VALENCE ORBITALS:       44   (  44A   )


 NUCLEAR REPULSION ENERGY  356.75637445


 Eigenvalues of metric

         1 0.125E-05 0.184E-05 0.194E-05 0.215E-05 0.478E-05 0.561E-05 0.641E-05 0.758E-05


 OPERATOR DM      FOR CENTER  0  COORDINATES:    0.000000    0.000000    0.000000


 **********************************************************************************************************************************
 DATASETS  * FILE   NREC   LENGTH (MB)   RECORD NAMES
              1      18       50.81       500      610      700      900      950      970     1000      129      960     1100   
                                          VAR    BASINP    GEOM    SYMINP    ZMAT    AOBASIS   BASIS     P2S    ABASIS      S 
                                         1400     1410     1200     1210     1080     1600     1650     1700   
                                           T        V       H0       H01     AOSYM     SMH    MOLCAS    OPER   

 PROGRAMS   *        TOTAL       INT
 CPU TIMES  *         3.91      3.77
 REAL TIME  *         5.84 SEC
 DISK USED  *         0.00 MB      
 GA USED    *         0.02 MB       (max)       0.00 MB       (current)
 **********************************************************************************************************************************

1PROGRAM * RHF-SCF (CLOSED SHELL)       Authors: W. Meyer, H.-J. Werner


 NUMBER OF ELECTRONS:      34+   34-    SPACE SYMMETRY=1    SPIN SYMMETRY: Singlet 
 CONVERGENCE THRESHOLDS:    1.00E-05 (Density)    1.36E-07 (Energy)
 INTEGRAL THRESHOLDS:       1.00E-12 (Initial)    1.00E-12 (Final)
 MAX. NUMBER OF ITERATIONS:       60
 INTERPOLATION TYPE:            DIIS
 INTERPOLATION STEPS:              2 (START)      1 (STEP)
 LEVEL SHIFTS:                  0.00 (CLOSED)  0.00 (OPEN) 



 
 Basis set CC-PVQZ/JKFIT generated.      Number of basis functions:   1362 
 
 Orbital guess generated from atomic densities. Full valence occupancy:   53
 Coulomb and exchange fitting
 Thresholds for fitting:       THRAO_COUL= 1.0D-15    THRAO_EXCH= 1.0D-13    THRMO= 1.0D-12    THRPROD= 1.0D-12    THRASM= 1.0D-12
                               THR2HLF=    1.0D-12

 Molecular orbital dump at record        2100.2

 ITERATION   DDIFF            GRAD            ENERGY        2-EL.EN.            DIPOLE MOMENTS         DIIS   CPU(IT)  CPU(TOT)  ORB.
    1      0.000D+00      0.000D+00      -452.48918781   1031.393106  -12.60238    0.96400    0.00000    0      8.4     26.6     start
    2      0.000D+00      0.241D-02      -452.63057676   1026.494126  -13.91561    0.22324    0.00000    1      8.7     35.4     diag
    3      0.195D-02      0.165D-02      -452.69440630   1028.754692  -13.46145    0.52247    0.00000    2      6.2     41.6     diag
    4      0.795D-03      0.224D-03      -452.69706375   1028.661718  -13.45711    0.49195    0.00000    3      7.1     48.7     diag
    5      0.205D-03      0.828D-04      -452.69738852   1028.678078  -13.45264    0.51222    0.00000    4      6.8     55.5     diag
    6      0.618D-04      0.321D-04      -452.69745279   1028.660402  -13.44396    0.50828   -0.00000    5     10.1     65.6     diag
    7      0.257D-04      0.129D-04      -452.69746992   1028.665910  -13.44077    0.51435    0.00000    6      6.4     72.0     diag
    8      0.139D-04      0.600D-05      -452.69747449   1028.668566  -13.43870    0.51508   -0.00000    7      6.8     78.8     diag
    9      0.812D-05      0.200D-05      -452.69747508   1028.666139  -13.43754    0.51663   -0.00000    8      7.1     85.9     diag
   10      0.331D-05      0.696D-06      -452.69747513   1028.667933  -13.43765    0.51664   -0.00000    9      8.5     94.4     orth
   11      0.862D-06      0.169D-06      -452.69747513   1028.667529  -13.43760    0.51671   -0.00000    0      7.2    101.6     orth

 Final occupancy:  34

 !RHF STATE 1.1 Energy               -452.697475128143
 Nuclear energy                       356.75637445
 One-electron energy                -1323.78761409
 Two-electron energy                  514.33376451
 Virial quotient                       -1.00184401
 !RHF STATE 1.1 Dipole moment         -13.43759974     0.51671001    -0.00000000
 Dipole moment /Debye                 -34.15273475     1.31325982    -0.00000000

 Orbital energies:

         1.1          2.1          3.1          4.1          5.1          6.1          7.1          8.1          9.1         10.1
    -20.360870   -20.335845   -15.781754   -15.776482   -11.484052   -11.408047   -11.404754   -11.194876   -11.115846    -1.522741

        11.1         12.1         13.1         14.1         15.1         16.1         17.1         18.1         19.1         20.1
     -1.366415    -1.230060    -1.173865    -1.104750    -1.033213    -0.975972    -0.920133    -0.859977    -0.840531    -0.771814

        21.1         22.1         23.1         24.1         25.1         26.1         27.1         28.1         29.1         30.1
     -0.756157    -0.750737    -0.734330    -0.598913    -0.573778    -0.486113    -0.477557    -0.476083    -0.475703    -0.416887

        31.1         32.1         33.1         34.1         35.1         36.1
     -0.378162    -0.268455    -0.256475    -0.248696    -0.035658    -0.014532

 HOMO     34.1    -0.248696 =      -6.7673eV
 LUMO     35.1    -0.035658 =      -0.9703eV
 LUMO-HOMO         0.213037 =       5.7970eV


 **********************************************************************************************************************************
 DATASETS  * FILE   NREC   LENGTH (MB)   RECORD NAMES
              1      18       50.81       500      610      700      900      950      970     1000      129      960     1100   
                                          VAR    BASINP    GEOM    SYMINP    ZMAT    AOBASIS   BASIS     P2S    ABASIS      S 
                                         1400     1410     1200     1210     1080     1600     1650     1700   
                                           T        V       H0       H01     AOSYM     SMH    MOLCAS    OPER   

              2       4       29.20       700     1000      520     2100   
                                         GEOM     BASIS   MCVARS     RHF  

 PROGRAMS   *        TOTAL        HF       INT
 CPU TIMES  *       107.65    103.74      3.77
 REAL TIME  *       175.75 SEC
 DISK USED  *         1.99 GB      
 SF USED    *       436.32 MB      
 GA USED    *         3.20 MB       (max)       0.00 MB       (current)
 **********************************************************************************************************************************
 SETTING E_RHF_C        =    ***************  KCAL/MOL                        


1PROGRAM * MP2 (Closed-shell)     Authors: C. Hampel, H.-J. Werner, 1991, M. Deegan, P.J. Knowles, 1992

 Basis set AUG-CC-PVQZ/MP2FIT generated. Number of basis functions:   2152 

 Convergence thresholds:  THRVAR = 1.00D-08  THRDEN = 1.36D-06

 Number of core orbitals:           9 (   9 )
 Number of closed-shell orbitals:  25 (  25 )
 Number of external orbitals:    1054 (1054 )

 Molecular orbitals read from record     2100.2  Type=RHF/CANONICAL (state 1.1)
 

 Entering DF-MP2

 Thresholds:    THRAO= 0.100D-09    THRMO= 0.100D-08    THROV= 0.100D-11

 Fitting basis: AUG-CC-PVQZ-MP2F
 Number of fitting functions:                2152
 Number of blocks in AO basis:                  9
 Minimum block size:                           80
 Maximum block size:                          218
 Average block size:                          121
 Number of groups in AO basis:                205
 Number of shells in AO basis:                389

 Using large memory version DFMP2B. NIBTK= 1  NGPU= 0  IGPU= 0

 para=T  nprocs= 12  mpptyp=0  number of tasks=  36

 Minimum memory with paging:                  9.83 MW
 Minimum memory for incore assembly:         57.82 MW
 Maximum memory for incore algorithm:        62.72 MW
 Memory for 3-index integrals:                0.00 MW

 Disk space for H1-integrals:               471.95 MB (   900 records)
 
 CPU time for half transformed integrals      4.23 sec, elapsed time      4.31 sec
 CPU time for assembly                       14.72 sec, elapsed time     22.96 sec (8139.4 MFLOP/sec)
 Total CPU time                              23.95 sec, elapsed time     33.61 sec

 SCS-MP2 correlation energy:           -1.792795767226   (PS=  1.200000  PT=  0.333333)
 SCS-MP2 total energy:               -454.490270895352

 Norm of first-order wave function:     0.375433535202
 Coefficient of reference function:     0.852668453548

  Reference energy                   -452.697475128126
  MP2 singlet pair energy              -1.147190508241
  MP2 triplet pair energy              -0.668840074291
  MP2 correlation energy               -1.816030582533

 !MP2 total energy                   -454.513505710658


 **********************************************************************************************************************************
 DATASETS  * FILE   NREC   LENGTH (MB)   RECORD NAMES
              1      19       50.84       500      610      700      900      950      970     1000      129      960     1100   
                                          VAR    BASINP    GEOM    SYMINP    ZMAT    AOBASIS   BASIS     P2S    ABASIS      S 
                                         1400     1410     1200     1210     1080     1600     1650     1700      960(1)
                                           T        V       H0       H01     AOSYM     SMH    MOLCAS    OPER    ABASIS    

              2       4       29.20       700     1000      520     2100   
                                         GEOM     BASIS   MCVARS     RHF  

 PROGRAMS   *        TOTAL       MP2        HF       INT
 CPU TIMES  *       134.90     27.24    103.74      3.77
 REAL TIME  *       213.39 SEC
 DISK USED  *         1.99 GB      
 SF USED    *         2.30 GB      
 GA USED    *         3.20 MB       (max)       0.00 MB       (current)
 **********************************************************************************************************************************
 SETTING E_CORR_C       =    ***************  KCAL/MOL                        
 SETTING E_C            =     -1139.57662442  KCAL/MOL                        
 SETTING CHARGE         =         1.00000000                                  

 Dummy atoms: C10  H11  H12  C13  H14  O15  O16


 Recomputing one-electron integrals since nuclear charges changed

1PROGRAM * SEWARD (Integral evaluation for generally contracted gaussian basis sets)     Author: Roland Lindh, 1990

 Geometry written to block  1 of record 700


 Point group  C1  



 ATOMIC COORDINATES

 NR  ATOM    CHARGE       X              Y              Z

   1  N0      7.00   -4.842640209    1.822806942    0.000000000
   2  N1      7.00   -1.703514030   -0.861153244    0.000000000
   3  C2      6.00   -2.311477742    1.575497179    0.000000000
   4  C3      6.00   -3.914913463   -2.221352658    0.000000000
   5  C4      6.00   -5.900103683   -0.572678481    0.000000000
   6  H5      1.00   -0.866576928    3.039440480    0.000000000
   7  H6      1.00   -3.968454223   -4.256787427    0.000000000
   8  H7      1.00   -7.912776115   -0.880064394    0.000000000
   9  H8      1.00   -5.798874910    3.476835356    0.000000000
  10  H9      1.00    0.046173209   -1.575039695    0.000000000
  11  C10     0.00   14.922040081   -0.129031022    0.000000000
  12  H11     0.00   15.383162926   -1.238972172    1.748445859
  13  H12     0.00   15.842162304    1.710395646    0.000000000
  14  C13     0.00   12.073586474    0.201100316    0.000000000
  15  H14     0.00   15.383162926   -1.238972172   -1.748445859
  16  O15     0.00   11.076984899    2.297715441    0.000000000
  17  O16     0.00   10.810645046   -1.938751572    0.000000000

 Bond lengths in Bohr (Angstrom)

 1-3  2.543215593  1-5  2.618507095  1-9  1.910548298  2-3  2.511351261  2-4  2.596233792
     ( 1.345811730)     ( 1.385654276)     ( 1.011018616)     ( 1.328949851)     ( 1.373867752)

  2-10  1.889719371   3- 6  2.056907472   4- 5  2.580524512   4- 7  2.036138824   5- 8  2.036009926
       ( 0.999996423)       ( 1.088468555)       ( 1.365554759)       ( 1.077478260)       ( 1.077410050)

 11-12  2.121713119  11-13  2.056724427  11-14  2.867520646  11-15  2.121713119  14-16  2.321424063
       ( 1.122762226)       ( 1.088371692)       ( 1.517426572)       ( 1.122762226)       ( 1.228444707)

 14-17  2.484750924
       ( 1.314873559)

 Bond angles

  1-3-2  109.59013640   1-3-6  129.04449499   1-5-4  105.89059304   1-5-8  122.50200314

  2-3-6  121.36536861   2-4-5  108.69575365   2-4-7  123.10184411   3-1-5  108.23816049

  3- 1- 9  125.61369675   3- 2- 4  107.58535643   3- 2-10  126.20556188   4- 2-10  126.20908169

  4- 5- 8  131.60740382   5- 1- 9  126.14814276   5- 4- 7  128.20240224  11-14-16  122.03452962

 11-14-17  113.93812478  12-11-13  111.75473763  12-11-14  106.02861121  12-11-15  110.98917938

 13-11-14  109.96424308  13-11-15  111.75473763  14-11-15  106.02861121  16-14-17  124.02734560

 NUCLEAR CHARGE:                   37
 NUMBER OF PRIMITIVE AOS:        1518
 NUMBER OF SYMMETRY AOS:         1221
 NUMBER OF CONTRACTIONS:         1088   (1088A   )
 NUMBER OF CORE ORBITALS:           5   (   5A   )
 NUMBER OF VALENCE ORBITALS:       25   (  25A   )

 MOLECULE CHANGED: INITIALIZING OCCUPATION AND DUMP RECORDS


 NUCLEAR REPULSION ENERGY  172.82741642


 Eigenvalues of metric

         1 0.125E-05 0.184E-05 0.194E-05 0.215E-05 0.478E-05 0.561E-05 0.641E-05 0.758E-05


 OPERATOR DM      FOR CENTER  0  COORDINATES:    0.000000    0.000000    0.000000


 **********************************************************************************************************************************
 DATASETS  * FILE   NREC   LENGTH (MB)   RECORD NAMES
              1      19       50.84       500      610      700      900      950      970     1000      129      960     1100   
                                          VAR    BASINP    GEOM    SYMINP    ZMAT    AOBASIS   BASIS     P2S    ABASIS      S 
                                         1400     1410     1200     1210     1080     1600     1650     1700      960(1)
                                           T        V       H0       H01     AOSYM     SMH    MOLCAS    OPER    ABASIS    

              2       4       29.20       700     1000      520     2100   
                                         GEOM     BASIS   MCVARS     RHF  

 PROGRAMS   *        TOTAL       INT       MP2        HF       INT
 CPU TIMES  *       138.62      3.71     27.24    103.74      3.77
 REAL TIME  *       218.44 SEC
 DISK USED  *         1.99 GB      
 SF USED    *         2.30 GB      
 GA USED    *         3.20 MB       (max)       0.00 MB       (current)
 **********************************************************************************************************************************

1PROGRAM * RHF-SCF (CLOSED SHELL)       Authors: W. Meyer, H.-J. Werner


 NUMBER OF ELECTRONS:      18+   18-    SPACE SYMMETRY=1    SPIN SYMMETRY: Singlet 
 CONVERGENCE THRESHOLDS:    1.00E-05 (Density)    1.00E-07 (Energy)
 INTEGRAL THRESHOLDS:       1.00E-12 (Initial)    1.00E-12 (Final)
 MAX. NUMBER OF ITERATIONS:       60
 INTERPOLATION TYPE:            DIIS
 INTERPOLATION STEPS:              2 (START)      1 (STEP)
 LEVEL SHIFTS:                  0.00 (CLOSED)  0.00 (OPEN) 



 
 Basis set CC-PVQZ/JKFIT generated.      Number of basis functions:   1362 
 
 Orbital guess generated from atomic densities. Full valence occupancy:   30
 Coulomb and exchange fitting
 Thresholds for fitting:       THRAO_COUL= 1.0D-15    THRAO_EXCH= 1.0D-13    THRMO= 1.0D-12    THRPROD= 1.0D-12    THRASM= 1.0D-12
                               THR2HLF=    1.0D-12

 Molecular orbital dump at record        2101.2

 ITERATION   DDIFF            GRAD            ENERGY        2-EL.EN.            DIPOLE MOMENTS         DIIS   CPU(IT)  CPU(TOT)  ORB.
    1      0.000D+00      0.000D+00      -225.21962364    476.422437   -2.87404    0.93727    0.00000    0      7.9     20.7     start
    2      0.000D+00      0.161D-02      -225.27926015    481.116470   -3.43062    0.26272   -0.00000    1      5.8     26.5     diag
    3      0.965D-03      0.713D-03      -225.28799863    479.731051   -3.21693    0.52504   -0.00000    2      6.0     32.5     diag
    4      0.377D-03      0.233D-03      -225.28935491    480.006665   -3.26852    0.45948    0.00000    3      5.4     37.9     diag
    5      0.133D-03      0.400D-04      -225.28944947    480.080342   -3.26023    0.46982   -0.00000    4      5.6     43.6     diag
    6      0.314D-04      0.212D-04      -225.28947622    480.052667   -3.25935    0.46920    0.00000    5      8.2     51.7     diag
    7      0.163D-04      0.922D-05      -225.28948488    480.064626   -3.25581    0.47389   -0.00000    6      5.6     57.3     diag
    8      0.118D-04      0.368D-05      -225.28948576    480.064196   -3.25461    0.47445    0.00000    7      6.5     63.8     diag
    9      0.460D-05      0.784D-06      -225.28948577    480.063461   -3.25472    0.47469   -0.00000    8      5.5     69.3     diag
   10      0.487D-06      0.234D-06      -225.28948577    480.063737   -3.25464    0.47460   -0.00000    0      6.7     76.0     orth

 Final occupancy:  18

 !RHF STATE 1.1 Energy               -225.289485774449
 Nuclear energy                       172.82741642
 One-electron energy                 -638.14877064
 Two-electron energy                  240.03186844
 Virial quotient                       -1.00184490
 !RHF STATE 1.1 Dipole moment          -3.25464489     0.47460373    -0.00000000
 Dipole moment /Debye                  -8.27194037     1.20624336    -0.00000000

 Orbital energies:

         1.1          2.1          3.1          4.1          5.1          6.1          7.1          8.1          9.1         10.1
    -15.851126   -15.850888   -11.556145   -11.475849   -11.472836    -1.593865    -1.437726    -1.243551    -1.105209    -1.045859

        11.1         12.1         13.1         14.1         15.1         16.1         17.1         18.1         19.1         20.1
     -0.990791    -0.912716    -0.842805    -0.828095    -0.817956    -0.802709    -0.669844    -0.544547    -0.097819    -0.082042

 HOMO     18.1    -0.544547 =     -14.8179eV
 LUMO     19.1    -0.097819 =      -2.6618eV
 LUMO-HOMO         0.446728 =      12.1561eV


 **********************************************************************************************************************************
 DATASETS  * FILE   NREC   LENGTH (MB)   RECORD NAMES
              1      19       50.88       500      610      700      900      950      970     1000      129      960     1100   
                                          VAR    BASINP    GEOM    SYMINP    ZMAT    AOBASIS   BASIS     P2S    ABASIS      S 
                                         1400     1410     1200     1210     1080     1600     1650     1700      960(1)
                                           T        V       H0       H01     AOSYM     SMH    MOLCAS    OPER    ABASIS    

              2       5       76.64       700     1000      520     2100     2101   
                                         GEOM     BASIS   MCVARS     RHF      RHF  

 PROGRAMS   *        TOTAL        HF       INT       MP2        HF       INT
 CPU TIMES  *       217.04     77.78      3.71     27.24    103.74      3.77
 REAL TIME  *       414.07 SEC
 DISK USED  *         2.50 GB      
 SF USED    *         2.30 GB      
 GA USED    *         3.20 MB       (max)       0.00 MB       (current)
 **********************************************************************************************************************************
 SETTING E_RHF_A        =    ***************  KCAL/MOL                        


1PROGRAM * MP2 (Closed-shell)     Authors: C. Hampel, H.-J. Werner, 1991, M. Deegan, P.J. Knowles, 1992

 Basis set AUG-CC-PVQZ/MP2FIT generated. Number of basis functions:   2152 

 Convergence thresholds:  THRVAR = 1.00D-08  THRDEN = 1.00D-06

 Number of core orbitals:           5 (   5 )
 Number of closed-shell orbitals:  13 (  13 )
 Number of external orbitals:    1070 (1070 )

 Molecular orbitals read from record     2101.2  Type=RHF/CANONICAL (state 1.1)
 

 Entering DF-MP2

 Thresholds:    THRAO= 0.100D-09    THRMO= 0.100D-08    THROV= 0.100D-11

 Fitting basis: AUG-CC-PVQZ-MP2F
 Number of fitting functions:                2152
 Number of blocks in AO basis:                  9
 Minimum block size:                           80
 Maximum block size:                          218
 Average block size:                          121
 Number of groups in AO basis:                205
 Number of shells in AO basis:                389

 Using large memory version DFMP2B. NIBTK= 1  NGPU= 0  IGPU= 0

 para=T  nprocs= 12  mpptyp=0  number of tasks=  36

 Minimum memory with paging:                  9.90 MW
 Minimum memory for incore assembly:         31.08 MW
 Maximum memory for incore algorithm:        34.39 MW
 Memory for 3-index integrals:                0.00 MW

 Disk space for H1-integrals:               245.35 MB (   468 records)
 
 CPU time for half transformed integrals      3.69 sec, elapsed time      3.72 sec
 CPU time for assembly                        4.71 sec, elapsed time      6.86 sec (8389.1 MFLOP/sec)
 Total CPU time                              13.22 sec, elapsed time     16.27 sec

 SCS-MP2 correlation energy:           -0.921083885786   (PS=  1.200000  PT=  0.333333)
 SCS-MP2 total energy:               -226.210569660231

 Norm of first-order wave function:     0.201525700625
 Coefficient of reference function:     0.912291162066

  Reference energy                   -225.289485774445
  MP2 singlet pair energy              -0.590370329870
  MP2 triplet pair energy              -0.341742037408
  MP2 correlation energy               -0.932112367277

 !MP2 total energy                   -226.221598141722


 **********************************************************************************************************************************
 DATASETS  * FILE   NREC   LENGTH (MB)   RECORD NAMES
              1      19       50.88       500      610      700      900      950      970     1000      129      960     1100   
                                          VAR    BASINP    GEOM    SYMINP    ZMAT    AOBASIS   BASIS     P2S    ABASIS      S 
                                         1400     1410     1200     1210     1080     1600     1650     1700      960(1)
                                           T        V       H0       H01     AOSYM     SMH    MOLCAS    OPER    ABASIS    

              2       5       76.64       700     1000      520     2100     2101   
                                         GEOM     BASIS   MCVARS     RHF      RHF  

 PROGRAMS   *        TOTAL       MP2        HF       INT       MP2        HF       INT
 CPU TIMES  *       233.15     16.08     77.78      3.71     27.24    103.74      3.77
 REAL TIME  *       434.62 SEC
 DISK USED  *         2.50 GB      
 SF USED    *         2.30 GB      
 GA USED    *         3.20 MB       (max)       0.00 MB       (current)
 **********************************************************************************************************************************
 SETTING E_CORR_A       =    ***************  KCAL/MOL                        
 SETTING E_A            =      -584.90945874  KCAL/MOL                        
 SETTING CHARGE         =        -1.00000000                                  

 Dummy atoms: N0  N1  C2  C3  C4  H5  H6  H7  H8  H9


 Recomputing one-electron integrals since nuclear charges changed

1PROGRAM * SEWARD (Integral evaluation for generally contracted gaussian basis sets)     Author: Roland Lindh, 1990

 Geometry written to block  1 of record 700


 Point group  C1  



 ATOMIC COORDINATES

 NR  ATOM    CHARGE       X              Y              Z

   1  N0      0.00   -4.842640209    1.822806942    0.000000000
   2  N1      0.00   -1.703514030   -0.861153244    0.000000000
   3  C2      0.00   -2.311477742    1.575497179    0.000000000
   4  C3      0.00   -3.914913463   -2.221352658    0.000000000
   5  C4      0.00   -5.900103683   -0.572678481    0.000000000
   6  H5      0.00   -0.866576928    3.039440480    0.000000000
   7  H6      0.00   -3.968454223   -4.256787427    0.000000000
   8  H7      0.00   -7.912776115   -0.880064394    0.000000000
   9  H8      0.00   -5.798874910    3.476835356    0.000000000
  10  H9      0.00    0.046173209   -1.575039695    0.000000000
  11  C10     6.00   14.922040081   -0.129031022    0.000000000
  12  H11     1.00   15.383162926   -1.238972172    1.748445859
  13  H12     1.00   15.842162304    1.710395646    0.000000000
  14  C13     6.00   12.073586474    0.201100316    0.000000000
  15  H14     1.00   15.383162926   -1.238972172   -1.748445859
  16  O15     8.00   11.076984899    2.297715441    0.000000000
  17  O16     8.00   10.810645046   -1.938751572    0.000000000

 Bond lengths in Bohr (Angstrom)

 1-3  2.543215593  1-5  2.618507095  1-9  1.910548298  2-3  2.511351261  2-4  2.596233792
     ( 1.345811730)     ( 1.385654276)     ( 1.011018616)     ( 1.328949851)     ( 1.373867752)

  2-10  1.889719371   3- 6  2.056907472   4- 5  2.580524512   4- 7  2.036138824   5- 8  2.036009926
       ( 0.999996423)       ( 1.088468555)       ( 1.365554759)       ( 1.077478260)       ( 1.077410050)

 11-12  2.121713119  11-13  2.056724427  11-14  2.867520646  11-15  2.121713119  14-16  2.321424063
       ( 1.122762226)       ( 1.088371692)       ( 1.517426572)       ( 1.122762226)       ( 1.228444707)

 14-17  2.484750924
       ( 1.314873559)

 Bond angles

  1-3-2  109.59013640   1-3-6  129.04449499   1-5-4  105.89059304   1-5-8  122.50200314

  2-3-6  121.36536861   2-4-5  108.69575365   2-4-7  123.10184411   3-1-5  108.23816049

  3- 1- 9  125.61369675   3- 2- 4  107.58535643   3- 2-10  126.20556188   4- 2-10  126.20908169

  4- 5- 8  131.60740382   5- 1- 9  126.14814276   5- 4- 7  128.20240224  11-14-16  122.03452962

 11-14-17  113.93812478  12-11-13  111.75473763  12-11-14  106.02861121  12-11-15  110.98917938

 13-11-14  109.96424308  13-11-15  111.75473763  14-11-15  106.02861121  16-14-17  124.02734560

 NUCLEAR CHARGE:                   31
 NUMBER OF PRIMITIVE AOS:        1518
 NUMBER OF SYMMETRY AOS:         1221
 NUMBER OF CONTRACTIONS:         1088   (1088A   )
 NUMBER OF CORE ORBITALS:           4   (   4A   )
 NUMBER OF VALENCE ORBITALS:       19   (  19A   )

 MOLECULE CHANGED: INITIALIZING OCCUPATION AND DUMP RECORDS


 NUCLEAR REPULSION ENERGY  111.70445666


 Eigenvalues of metric

         1 0.125E-05 0.184E-05 0.194E-05 0.215E-05 0.478E-05 0.561E-05 0.641E-05 0.758E-05


 OPERATOR DM      FOR CENTER  0  COORDINATES:    0.000000    0.000000    0.000000


 **********************************************************************************************************************************
 DATASETS  * FILE   NREC   LENGTH (MB)   RECORD NAMES
              1      19       50.88       500      610      700      900      950      970     1000      129      960     1100   
                                          VAR    BASINP    GEOM    SYMINP    ZMAT    AOBASIS   BASIS     P2S    ABASIS      S 
                                         1400     1410     1200     1210     1080     1600     1650     1700      960(1)
                                           T        V       H0       H01     AOSYM     SMH    MOLCAS    OPER    ABASIS    

              2       5       76.64       700     1000      520     2100     2101   
                                         GEOM     BASIS   MCVARS     RHF      RHF  

 PROGRAMS   *        TOTAL       INT       MP2        HF       INT       MP2        HF       INT
 CPU TIMES  *       236.82      3.66     16.08     77.78      3.71     27.24    103.74      3.77
 REAL TIME  *       440.16 SEC
 DISK USED  *         2.50 GB      
 SF USED    *         2.30 GB      
 GA USED    *         3.20 MB       (max)       0.00 MB       (current)
 **********************************************************************************************************************************

1PROGRAM * RHF-SCF (CLOSED SHELL)       Authors: W. Meyer, H.-J. Werner


 NUMBER OF ELECTRONS:      16+   16-    SPACE SYMMETRY=1    SPIN SYMMETRY: Singlet 
 CONVERGENCE THRESHOLDS:    1.00E-05 (Density)    1.00E-07 (Energy)
 INTEGRAL THRESHOLDS:       1.00E-12 (Initial)    1.00E-12 (Final)
 MAX. NUMBER OF ITERATIONS:       60
 INTERPOLATION TYPE:            DIIS
 INTERPOLATION STEPS:              2 (START)      1 (STEP)
 LEVEL SHIFTS:                  0.00 (CLOSED)  0.00 (OPEN) 



 
 Basis set CC-PVQZ/JKFIT generated.      Number of basis functions:   1362 
 
 Orbital guess generated from atomic densities. Full valence occupancy:   23
 Coulomb and exchange fitting
 Thresholds for fitting:       THRAO_COUL= 1.0D-15    THRAO_EXCH= 1.0D-13    THRMO= 1.0D-12    THRPROD= 1.0D-12    THRASM= 1.0D-12
                               THR2HLF=    1.0D-12

 Molecular orbital dump at record        2102.2

 ITERATION   DDIFF            GRAD            ENERGY        2-EL.EN.            DIPOLE MOMENTS         DIIS   CPU(IT)  CPU(TOT)  ORB.
    1      0.000D+00      0.000D+00      -227.19055137    409.482654   -9.72835    0.02673    0.00000    0      7.3     16.9     start
    2      0.000D+00      0.307D-02      -227.27469596    399.981714  -10.91186   -0.03797    0.00000    1      5.7     22.6     diag
    3      0.178D-02      0.230D-02      -227.33190995    403.114707  -10.58064    0.05261    0.00000    2      7.5     30.1     diag
    4      0.727D-03      0.222D-03      -227.33317459    403.318812  -10.60211    0.02052    0.00000    3      5.8     35.9     diag
    5      0.126D-03      0.931D-04      -227.33336854    403.199178  -10.59921    0.04468    0.00000    4      6.2     42.1     diag
    6      0.489D-04      0.347D-04      -227.33339104    403.191922  -10.59883    0.03739    0.00000    5      5.8     47.9     diag
    7      0.164D-04      0.109D-04      -227.33339429    403.202177  -10.59893    0.03980    0.00000    6      5.8     53.7     diag
    8      0.689D-05      0.326D-05      -227.33339469    403.199714  -10.59867    0.03989    0.00000    7      5.5     59.2     diag
    9      0.240D-05      0.101D-05      -227.33339476    403.200568  -10.59866    0.04017    0.00000    8      6.0     65.2     diag
   10      0.109D-05      0.353D-06      -227.33339476    403.200198  -10.59870    0.04020   -0.00000    0      5.6     70.8     orth

 Final occupancy:  16

 !RHF STATE 1.1 Energy               -227.333394763106
 Nuclear energy                       111.70445666
 One-electron energy                 -540.63795056
 Two-electron energy                  201.60009914
 Virial quotient                       -1.00151026
 !RHF STATE 1.1 Dipole moment         -10.59869804     0.04020364    -0.00000000
 Dipole moment /Debye                 -26.93743897     0.10218077    -0.00000000

 Orbital energies:

         1.1          2.1          3.1          4.1          5.1          6.1          7.1          8.1          9.1         10.1
    -20.291861   -20.265922   -11.127223   -11.056186    -1.160964    -1.035157    -0.798862    -0.507791    -0.421862    -0.415857

        11.1         12.1         13.1         14.1         15.1         16.1         17.1         18.1
     -0.409337    -0.351277    -0.311464    -0.200138    -0.186897    -0.178077     0.069627     0.085899

 HOMO     16.1    -0.178077 =      -4.8457eV
 LUMO     17.1     0.069627 =       1.8947eV
 LUMO-HOMO         0.247705 =       6.7404eV


 **********************************************************************************************************************************
 DATASETS  * FILE   NREC   LENGTH (MB)   RECORD NAMES
              1      19       50.88       500      610      700      900      950      970     1000      129      960     1100   
                                          VAR    BASINP    GEOM    SYMINP    ZMAT    AOBASIS   BASIS     P2S    ABASIS      S 
                                         1400     1410     1200     1210     1080     1600     1650     1700      960(1)
                                           T        V       H0       H01     AOSYM     SMH    MOLCAS    OPER    ABASIS    

              2       6      124.09       700     1000      520     2100     2101     2102   
                                         GEOM     BASIS   MCVARS     RHF      RHF      RHF  

 PROGRAMS   *        TOTAL        HF       INT       MP2        HF       INT       MP2        HF       INT
 CPU TIMES  *       309.50     72.66      3.66     16.08     77.78      3.71     27.24    103.74      3.77
 REAL TIME  *       631.31 SEC
 DISK USED  *         3.07 GB      
 SF USED    *         2.30 GB      
 GA USED    *         3.20 MB       (max)       0.00 MB       (current)
 **********************************************************************************************************************************
 SETTING E_RHF_B        =    ***************  KCAL/MOL                        


1PROGRAM * MP2 (Closed-shell)     Authors: C. Hampel, H.-J. Werner, 1991, M. Deegan, P.J. Knowles, 1992

 Basis set AUG-CC-PVQZ/MP2FIT generated. Number of basis functions:   2152 

 Convergence thresholds:  THRVAR = 1.00D-08  THRDEN = 1.00D-06

 Number of core orbitals:           4 (   4 )
 Number of closed-shell orbitals:  12 (  12 )
 Number of external orbitals:    1072 (1072 )

 Molecular orbitals read from record     2102.2  Type=RHF/CANONICAL (state 1.1)
 

 Entering DF-MP2

 Thresholds:    THRAO= 0.100D-09    THRMO= 0.100D-08    THROV= 0.100D-11

 Fitting basis: AUG-CC-PVQZ-MP2F
 Number of fitting functions:                2152
 Number of blocks in AO basis:                  9
 Minimum block size:                           80
 Maximum block size:                          218
 Average block size:                          121
 Number of groups in AO basis:                205
 Number of shells in AO basis:                389

 Using large memory version DFMP2B. NIBTK= 1  NGPU= 0  IGPU= 0

 para=T  nprocs= 12  mpptyp=0  number of tasks=  36

 Minimum memory with paging:                  9.91 MW
 Minimum memory for incore assembly:         28.83 MW
 Maximum memory for incore algorithm:        32.03 MW
 Memory for 3-index integrals:                0.00 MW

 Disk space for H1-integrals:               226.39 MB (   432 records)
 
 CPU time for half transformed integrals      3.93 sec, elapsed time      3.96 sec
 CPU time for assembly                        4.10 sec, elapsed time      5.47 sec (7255.0 MFLOP/sec)
 Total CPU time                              12.85 sec, elapsed time     14.47 sec

 SCS-MP2 correlation energy:           -0.872716196035   (PS=  1.200000  PT=  0.333333)
 SCS-MP2 total energy:               -228.206110959139

 Norm of first-order wave function:     0.174532568512
 Coefficient of reference function:     0.922714760725

  Reference energy                   -227.333394763104
  MP2 singlet pair energy              -0.557385912241
  MP2 triplet pair energy              -0.327621055734
  MP2 correlation energy               -0.885006967975

 !MP2 total energy                   -228.218401731079


 **********************************************************************************************************************************
 DATASETS  * FILE   NREC   LENGTH (MB)   RECORD NAMES
              1      19       50.88       500      610      700      900      950      970     1000      129      960     1100   
                                          VAR    BASINP    GEOM    SYMINP    ZMAT    AOBASIS   BASIS     P2S    ABASIS      S 
                                         1400     1410     1200     1210     1080     1600     1650     1700      960(1)
                                           T        V       H0       H01     AOSYM     SMH    MOLCAS    OPER    ABASIS    

              2       6      124.09       700     1000      520     2100     2101     2102   
                                         GEOM     BASIS   MCVARS     RHF      RHF      RHF  

 PROGRAMS   *        TOTAL       MP2        HF       INT       MP2        HF       INT       MP2        HF       INT
 CPU TIMES  *       325.18     15.67     72.66      3.66     16.08     77.78      3.71     27.24    103.74      3.77
 REAL TIME  *       649.99 SEC
 DISK USED  *         3.07 GB      
 SF USED    *         2.30 GB      
 GA USED    *         3.20 MB       (max)       0.00 MB       (current)
 **********************************************************************************************************************************
 SETTING E_CORR_B       =    ***************  KCAL/MOL                        
 SETTING E_B            =      -555.35036847  KCAL/MOL                        
 SETTING E_RHF_CP       =       -46.80882170  KCAL/MOL                        
 SETTING E_CORR_CP      =         0.68320279  KCAL/MOL                        

        DF-MP2          DF-HF           DF-MP2          DF-HF           DF-MP2          DF-HF   
   -228.21840173   -227.33339476   -226.22159814   -225.28948577   -454.51350571   -452.69747513
 **********************************************************************************************************************************
 Variable memory released
