
 Primary working directories    : /scratch/1723709.phoenix.chem.wisc.edu
 Secondary working directories  : /scratch/1723709.phoenix.chem.wisc.edu
 Wavefunction directory         : /scratch/1723709.phoenix.chem.wisc.edu/
 Main file repository           : /scratch/1723709.phoenix.chem.wisc.edu/

 SHA1      : 65e45729fe3f963b0eb97374e3bda9949063ef0f
 NAME      : 2012.1.17
 ARCHNAME  : Linux/x86_64
 FC        : /opt/intel/composer_xe_2013.5.192/bin/intel64/ifort
 FCVERSION : 13.1.3
 BLASLIB   : -L/opt/intel/composer_xe_2013.5.192/mkl/lib/intel64 -lmkl_intel_ilp64 -lmkl_sequential -lmkl_core
 id        : cuichemwisc

 Nodes             nprocs
 compute-1-35.local   12
 ga_uses_ma=false, calling ma_init with nominal heap.
 GA-space will be limited to   8.0 MW (determined by -G option)

 Using customized tuning parameters: mindgm=1; mindgv=20; mindgc=4; mindgr=1; noblas=0; minvec=7
 default implementation of scratch files=sf  

 geomtyp=xyz
 geometry={
 15
  C0          0.010370994400       1.110889967000       0.000000000000
  N1          0.197195295400       0.446277876400       1.128590383500
  N2         -0.408134561800       2.424517989400       0.000000000000
  N3          0.197195295400       0.446277876400      -1.128590383500
  H4         -0.187145369700       2.937703853100      -0.836695341700
  H5         -0.187145369700       2.937703853100       0.836695341700
  H6          0.002835480000       0.913989047000       1.996010153900
  H7          0.438967409300      -0.684775759600       0.850010593000
  H8          0.002835480000       0.913989047000      -1.996010153900
  H9          0.438967409300      -0.684775759600      -0.850010593000
  C10        -0.520720172277      -2.641697340328      -0.000000000000
  H11        -1.445663050577      -2.049498116828      -0.000000000000
  H12        -0.540962682777      -3.287088439528       0.880962273200
  H13        -0.540962682777      -3.287088439528      -0.880962273200
  O14         0.628509564923      -1.826944356228      -0.000000000000
 }
 
 
 basis=avqz
 
                                                                                 ! Complex
 set,charge=0
 
 df-hf
 e_rhf_c = energy*tokcal
 df-mp2
 e_corr_c = energy*tokcal
 e_c = e_corr_c - e_rhf_c
 
 
                                                                                 ! Monomer 1
 set,charge=1
 dummy,C10,H11,H12,H13,O14
 
 df-hf
 e_rhf_a = energy*tokcal
 df-mp2
 e_corr_a = energy*tokcal
 e_a = e_corr_a - e_rhf_a
 
 
                                                                                 ! Monomer 2
 set,charge=-1
 dummy,C0,N1,N2,N3,H4,H5,H6,H7,H8,H9
 
 df-hf
 e_rhf_b = energy*tokcal
 df-mp2
 e_corr_b = energy*tokcal
 e_b = e_corr_b - e_rhf_b
 
 
 e_rhf_cp = e_rhf_c - (e_rhf_a + e_rhf_b)
 e_corr_cp = e_c - (e_a + e_b)

 Variables initialized (782), CPU time= 0.01 sec
 Commands  initialized (547), CPU time= 0.01 sec, 517 directives.
 Default parameters read. Elapsed time= 0.13 sec

 Checking input...
 Passed
1


                                         ***  PROGRAM SYSTEM MOLPRO  ***
                         Copyright, University College Cardiff Consultants Limited, 2008

                                    Version 2012.1 linked Oct 11 2014 15:40:16


 **********************************************************************************************************************************
 LABEL *                                                                                 
 Linux-2.6.18-308.el5/compute-1-35.local(x86_64) 64 bit mpp version                      DATE: 12-Dec-14          TIME: 10:40:02  
 **********************************************************************************************************************************

 SHA1:             65e45729fe3f963b0eb97374e3bda9949063ef0f
 **********************************************************************************************************************************
 SETTING GEOMTYP        =    XYZ

 Turning off symmetry in density fitting calculation
 To re-enable, use 'set,zsymel=auto'


 Variable memory set to  350000000 words,  buffer space   230000 words

 SETTING BASIS          =    AVQZ
 SETTING CHARGE         =         0.00000000                                  


 Recomputing integrals since basis changed


 Using spherical harmonics

 Library entry C      S aug-cc-pVQZ          selected for orbital group  1
 Library entry C      P aug-cc-pVQZ          selected for orbital group  1
 Library entry C      D aug-cc-pVQZ          selected for orbital group  1
 Library entry C      F aug-cc-pVQZ          selected for orbital group  1
 Library entry C      G aug-cc-pVQZ          selected for orbital group  1
 Library entry N      S aug-cc-pVQZ          selected for orbital group  2
 Library entry N      P aug-cc-pVQZ          selected for orbital group  2
 Library entry N      D aug-cc-pVQZ          selected for orbital group  2
 Library entry N      F aug-cc-pVQZ          selected for orbital group  2
 Library entry N      G aug-cc-pVQZ          selected for orbital group  2
 Library entry H      S aug-cc-pVQZ          selected for orbital group  3
 Library entry H      P aug-cc-pVQZ          selected for orbital group  3
 Library entry H      D aug-cc-pVQZ          selected for orbital group  3
 Library entry H      F aug-cc-pVQZ          selected for orbital group  3
 Library entry O      S aug-cc-pVQZ          selected for orbital group  6
 Library entry O      P aug-cc-pVQZ          selected for orbital group  6
 Library entry O      D aug-cc-pVQZ          selected for orbital group  6
 Library entry O      F aug-cc-pVQZ          selected for orbital group  6
 Library entry O      G aug-cc-pVQZ          selected for orbital group  6

1PROGRAM * SEWARD (Integral evaluation for generally contracted gaussian basis sets)     Author: Roland Lindh, 1990

 Geometry written to block  1 of record 700


 Point group  C1  



 ATOMIC COORDINATES

 NR  ATOM    CHARGE       X              Y              Z

   1  C0      6.00    0.019598339    2.099277800    0.000000000
   2  N1      7.00    0.372645103    0.843342965    2.132726739
   3  N2      7.00   -0.771262547    4.581675001    0.000000000
   4  N3      7.00    0.372645103    0.843342965   -2.132726739
   5  H4      1.00   -0.353653495    5.551455738   -1.581125051
   6  H5      1.00   -0.353653495    5.551455738    1.581125051
   7  H6      1.00    0.005358281    1.727188986    3.771912546
   8  H7      1.00    0.829528184   -1.294038647    1.606287230
   9  H8      1.00    0.005358281    1.727188986   -3.771912546
  10  H9      1.00    0.829528184   -1.294038647   -1.606287230
  11  C10     6.00   -0.984018517   -4.992084495    0.000000000
  12  H11     1.00   -2.731907244   -3.872990148    0.000000000
  13  H12     1.00   -1.022271318   -6.211696920    1.664777428
  14  H13     1.00   -1.022271318   -6.211696920   -1.664777428
  15  O14     8.00    1.187710949   -3.452424491    0.000000000

 Bond lengths in Bohr (Angstrom)

 1-2  2.500107532  1-3  2.605332379  1-4  2.500107532  2-7  1.898160559  2-8  2.248172783
     ( 1.322999926)     ( 1.378682517)     ( 1.322999926)     ( 1.004463307)     ( 1.189681799)

  3- 5  1.901270214   3- 6  1.901270214   4- 9  1.898160559   4-10  2.248172783  11-12  2.075448665
       ( 1.006108865)       ( 1.006108865)       ( 1.004463307)       ( 1.189681799)       ( 1.098280132)

 11-13  2.064074037  11-14  2.064074037  11-15  2.662134820
       ( 1.092260938)       ( 1.092260938)       ( 1.408741074)

 Bond angles

  1-2-7  118.38748469   1-2-8  107.85083991   1-3-5  114.79209060   1-3-6  114.79209060

  1- 4- 9  118.38748469   1- 4-10  107.85083991   2- 1- 3  121.43386885   2- 1- 4  117.09081970

  3- 1- 4  121.43386885   5- 3- 6  112.53001761   7- 2- 8  133.17466299   9- 4-10  133.17466299

 12-11-13  107.63765749  12-11-14  107.63765749  12-11-15  112.03544464  13-11-14  107.52028785

 13-11-15  110.90718575  14-11-15  110.90718575

 NUCLEAR CHARGE:                   50
 NUMBER OF PRIMITIVE AOS:        1221
 NUMBER OF SYMMETRY AOS:          990
 NUMBER OF CONTRACTIONS:          894   ( 894A   )
 NUMBER OF CORE ORBITALS:           6   (   6A   )
 NUMBER OF VALENCE ORBITALS:       33   (  33A   )


 NUCLEAR REPULSION ENERGY  255.35367024


 Eigenvalues of metric

         1 0.278E-05 0.357E-05 0.513E-05 0.661E-05 0.761E-05 0.925E-05 0.995E-05 0.106E-04


 OPERATOR DM      FOR CENTER  0  COORDINATES:    0.000000    0.000000    0.000000


 **********************************************************************************************************************************
 DATASETS  * FILE   NREC   LENGTH (MB)   RECORD NAMES
              1      18       36.85       500      610      700      900      950      970     1000      129      960     1100   
                                          VAR    BASINP    GEOM    SYMINP    ZMAT    AOBASIS   BASIS     P2S    ABASIS      S 
                                         1400     1410     1200     1210     1080     1600     1650     1700   
                                           T        V       H0       H01     AOSYM     SMH    MOLCAS    OPER   

 PROGRAMS   *        TOTAL       INT
 CPU TIMES  *         3.06      2.92
 REAL TIME  *         4.63 SEC
 DISK USED  *         0.00 MB      
 GA USED    *         0.02 MB       (max)       0.00 MB       (current)
 **********************************************************************************************************************************

1PROGRAM * RHF-SCF (CLOSED SHELL)       Authors: W. Meyer, H.-J. Werner


 NUMBER OF ELECTRONS:      25+   25-    SPACE SYMMETRY=1    SPIN SYMMETRY: Singlet 
 CONVERGENCE THRESHOLDS:    1.00E-05 (Density)    1.00E-07 (Energy)
 INTEGRAL THRESHOLDS:       1.00E-12 (Initial)    1.00E-12 (Final)
 MAX. NUMBER OF ITERATIONS:       60
 INTERPOLATION TYPE:            DIIS
 INTERPOLATION STEPS:              2 (START)      1 (STEP)
 LEVEL SHIFTS:                  0.00 (CLOSED)  0.00 (OPEN) 



 
 Basis set CC-PVQZ/JKFIT generated.      Number of basis functions:   1095 
 
 Orbital guess generated from atomic densities. Full valence occupancy:   39
 Coulomb and exchange fitting
 Thresholds for fitting:       THRAO_COUL= 1.0D-15    THRAO_EXCH= 1.0D-13    THRMO= 1.0D-12    THRPROD= 1.0D-12    THRASM= 1.0D-12
                               THR2HLF=    1.0D-12

 Molecular orbital dump at record        2100.2

 ITERATION   DDIFF            GRAD            ENERGY        2-EL.EN.            DIPOLE MOMENTS         DIIS   CPU(IT)  CPU(TOT)  ORB.
    1      0.000D+00      0.000D+00      -319.17565270    738.636732   -0.95753    3.29088   -0.00000    0      4.7     14.0     start
    2      0.000D+00      0.223D-02      -319.25500537    731.975432   -0.33169    2.42261    0.00000    1      4.3     18.4     diag
    3      0.171D-02      0.129D-02      -319.28092946    734.933190   -0.58820    2.55525    0.00000    2      3.8     22.2     diag
    4      0.642D-03      0.297D-03      -319.28295679    734.738257   -0.54707    2.51711    0.00000    3      3.8     26.0     diag
    5      0.179D-03      0.830D-04      -319.28313499    734.646566   -0.55177    2.50234    0.00000    4      4.1     30.1     diag
    6      0.581D-04      0.244D-04      -319.28315573    734.644517   -0.55036    2.50097    0.00000    5      4.0     34.1     diag
    7      0.189D-04      0.695D-05      -319.28315775    734.650706   -0.55013    2.50043    0.00000    6      4.5     38.5     diag
    8      0.664D-05      0.226D-05      -319.28315793    734.647306   -0.55053    2.50071    0.00000    7      4.6     43.1     diag
    9      0.188D-05      0.706D-06      -319.28315796    734.647844   -0.55045    2.50069    0.00000    8      3.9     47.0     diag
   10      0.707D-06      0.152D-06      -319.28315796    734.647979   -0.55045    2.50073   -0.00000    0      3.8     50.8     orth

 Final occupancy:  25

 !RHF STATE 1.1 Energy               -319.283157956057
 Nuclear energy                       255.35367024
 One-electron energy                 -941.96081785
 Two-electron energy                  367.32398965
 Virial quotient                       -1.00170616
 !RHF STATE 1.1 Dipole moment          -0.55044787     2.50073446    -0.00000000
 Dipole moment /Debye                  -1.39900729     6.35581670    -0.00000000

 Orbital energies:

         1.1          2.1          3.1          4.1          5.1          6.1          7.1          8.1          9.1         10.1
    -20.462307   -15.609689   -15.562116   -15.562089   -11.382951   -11.220590    -1.332958    -1.249090    -1.192974    -1.160117

        11.1         12.1         13.1         14.1         15.1         16.1         17.1         18.1         19.1         20.1
     -0.862435    -0.832478    -0.775448    -0.746090    -0.649201    -0.645803    -0.637901    -0.598415    -0.548516    -0.548383

        21.1         22.1         23.1         24.1         25.1         26.1         27.1
     -0.494087    -0.448707    -0.393723    -0.371318    -0.369033     0.011029     0.025853

 HOMO     25.1    -0.369033 =     -10.0419eV
 LUMO     26.1     0.011029 =       0.3001eV
 LUMO-HOMO         0.380063 =      10.3420eV


 **********************************************************************************************************************************
 DATASETS  * FILE   NREC   LENGTH (MB)   RECORD NAMES
              1      18       36.85       500      610      700      900      950      970     1000      129      960     1100   
                                          VAR    BASINP    GEOM    SYMINP    ZMAT    AOBASIS   BASIS     P2S    ABASIS      S 
                                         1400     1410     1200     1210     1080     1600     1650     1700   
                                           T        V       H0       H01     AOSYM     SMH    MOLCAS    OPER   

              2       4       19.89       700     1000      520     2100   
                                         GEOM     BASIS   MCVARS     RHF  

 PROGRAMS   *        TOTAL        HF       INT
 CPU TIMES  *        54.66     51.60      2.92
 REAL TIME  *       109.66 SEC
 DISK USED  *         1.34 GB      
 SF USED    *       217.17 MB      
 GA USED    *         3.20 MB       (max)       0.00 MB       (current)
 **********************************************************************************************************************************
 SETTING E_RHF_C        =    ***************  KCAL/MOL                        


1PROGRAM * MP2 (Closed-shell)     Authors: C. Hampel, H.-J. Werner, 1991, M. Deegan, P.J. Knowles, 1992

 Basis set AUG-CC-PVQZ/MP2FIT generated. Number of basis functions:   1728 

 Convergence thresholds:  THRVAR = 1.00D-08  THRDEN = 1.00D-06

 Number of core orbitals:           6 (   6 )
 Number of closed-shell orbitals:  19 (  19 )
 Number of external orbitals:     869 ( 869 )

 Molecular orbitals read from record     2100.2  Type=RHF/CANONICAL (state 1.1)
 

 Entering DF-MP2

 Thresholds:    THRAO= 0.100D-09    THRMO= 0.100D-08    THROV= 0.100D-11

 Fitting basis: AUG-CC-PVQZ-MP2F
 Number of fitting functions:                1728
 Number of blocks in AO basis:                  6
 Minimum block size:                           80
 Maximum block size:                          218
 Average block size:                          149
 Number of groups in AO basis:                177
 Number of shells in AO basis:                318

 Using large memory version DFMP2B. NIBTK= 1  NGPU= 0  IGPU= 0

 para=T  nprocs= 12  mpptyp=0  number of tasks=  29

 Minimum memory with paging:                  6.65 MW
 Minimum memory for incore assembly:         29.29 MW
 Maximum memory for incore algorithm:        33.25 MW
 Memory for 3-index integrals:                0.00 MW

 Disk space for H1-integrals:               236.39 MB (   551 records)
 
 CPU time for half transformed integrals      2.87 sec, elapsed time      3.60 sec
 CPU time for assembly                        3.72 sec, elapsed time      7.38 sec (7739.6 MFLOP/sec)
 Total CPU time                               9.61 sec, elapsed time     14.12 sec

 SCS-MP2 correlation energy:           -1.334603079235   (PS=  1.200000  PT=  0.333333)
 SCS-MP2 total energy:               -320.617761035306

 Norm of first-order wave function:     0.268625776068
 Coefficient of reference function:     0.887836988577

  Reference energy                   -319.283157956071
  MP2 singlet pair energy              -0.860922514914
  MP2 triplet pair energy              -0.484547241435
  MP2 correlation energy               -1.345469756350

 !MP2 total energy                   -320.628627712421


 **********************************************************************************************************************************
 DATASETS  * FILE   NREC   LENGTH (MB)   RECORD NAMES
              1      19       36.86       500      610      700      900      950      970     1000      129      960     1100   
                                          VAR    BASINP    GEOM    SYMINP    ZMAT    AOBASIS   BASIS     P2S    ABASIS      S 
                                         1400     1410     1200     1210     1080     1600     1650     1700      960(1)
                                           T        V       H0       H01     AOSYM     SMH    MOLCAS    OPER    ABASIS    

              2       4       19.89       700     1000      520     2100   
                                         GEOM     BASIS   MCVARS     RHF  

 PROGRAMS   *        TOTAL       MP2        HF       INT
 CPU TIMES  *        66.85     12.18     51.60      2.92
 REAL TIME  *       126.99 SEC
 DISK USED  *         1.34 GB      
 SF USED    *       929.42 MB      
 GA USED    *         3.20 MB       (max)       0.00 MB       (current)
 **********************************************************************************************************************************
 SETTING E_CORR_C       =    ***************  KCAL/MOL                        
 SETTING E_C            =      -844.29518863  KCAL/MOL                        
 SETTING CHARGE         =         1.00000000                                  

 Dummy atoms: C10  H11  H12  H13  O14


 Recomputing one-electron integrals since nuclear charges changed

1PROGRAM * SEWARD (Integral evaluation for generally contracted gaussian basis sets)     Author: Roland Lindh, 1990

 Geometry written to block  1 of record 700


 Point group  C1  



 ATOMIC COORDINATES

 NR  ATOM    CHARGE       X              Y              Z

   1  C0      6.00    0.019598339    2.099277800    0.000000000
   2  N1      7.00    0.372645103    0.843342965    2.132726739
   3  N2      7.00   -0.771262547    4.581675001    0.000000000
   4  N3      7.00    0.372645103    0.843342965   -2.132726739
   5  H4      1.00   -0.353653495    5.551455738   -1.581125051
   6  H5      1.00   -0.353653495    5.551455738    1.581125051
   7  H6      1.00    0.005358281    1.727188986    3.771912546
   8  H7      1.00    0.829528184   -1.294038647    1.606287230
   9  H8      1.00    0.005358281    1.727188986   -3.771912546
  10  H9      1.00    0.829528184   -1.294038647   -1.606287230
  11  C10     0.00   -0.984018517   -4.992084495    0.000000000
  12  H11     0.00   -2.731907244   -3.872990148    0.000000000
  13  H12     0.00   -1.022271318   -6.211696920    1.664777428
  14  H13     0.00   -1.022271318   -6.211696920   -1.664777428
  15  O14     0.00    1.187710949   -3.452424491    0.000000000

 Bond lengths in Bohr (Angstrom)

 1-2  2.500107532  1-3  2.605332379  1-4  2.500107532  2-7  1.898160559  2-8  2.248172783
     ( 1.322999926)     ( 1.378682517)     ( 1.322999926)     ( 1.004463307)     ( 1.189681799)

  3- 5  1.901270214   3- 6  1.901270214   4- 9  1.898160559   4-10  2.248172783  11-12  2.075448665
       ( 1.006108865)       ( 1.006108865)       ( 1.004463307)       ( 1.189681799)       ( 1.098280132)

 11-13  2.064074037  11-14  2.064074037  11-15  2.662134820
       ( 1.092260938)       ( 1.092260938)       ( 1.408741074)

 Bond angles

  1-2-7  118.38748469   1-2-8  107.85083991   1-3-5  114.79209060   1-3-6  114.79209060

  1- 4- 9  118.38748469   1- 4-10  107.85083991   2- 1- 3  121.43386885   2- 1- 4  117.09081970

  3- 1- 4  121.43386885   5- 3- 6  112.53001761   7- 2- 8  133.17466299   9- 4-10  133.17466299

 12-11-13  107.63765749  12-11-14  107.63765749  12-11-15  112.03544464  13-11-14  107.52028785

 13-11-15  110.90718575  14-11-15  110.90718575

 NUCLEAR CHARGE:                   33
 NUMBER OF PRIMITIVE AOS:        1221
 NUMBER OF SYMMETRY AOS:          990
 NUMBER OF CONTRACTIONS:          894   ( 894A   )
 NUMBER OF CORE ORBITALS:           4   (   4A   )
 NUMBER OF VALENCE ORBITALS:       22   (  22A   )

 MOLECULE CHANGED: INITIALIZING OCCUPATION AND DUMP RECORDS


 NUCLEAR REPULSION ENERGY  132.48057898


 Eigenvalues of metric

         1 0.278E-05 0.357E-05 0.513E-05 0.661E-05 0.761E-05 0.925E-05 0.995E-05 0.106E-04


 OPERATOR DM      FOR CENTER  0  COORDINATES:    0.000000    0.000000    0.000000


 **********************************************************************************************************************************
 DATASETS  * FILE   NREC   LENGTH (MB)   RECORD NAMES
              1      19       36.86       500      610      700      900      950      970     1000      129      960     1100   
                                          VAR    BASINP    GEOM    SYMINP    ZMAT    AOBASIS   BASIS     P2S    ABASIS      S 
                                         1400     1410     1200     1210     1080     1600     1650     1700      960(1)
                                           T        V       H0       H01     AOSYM     SMH    MOLCAS    OPER    ABASIS    

              2       4       19.89       700     1000      520     2100   
                                         GEOM     BASIS   MCVARS     RHF  

 PROGRAMS   *        TOTAL       INT       MP2        HF       INT
 CPU TIMES  *        69.35      2.49     12.18     51.60      2.92
 REAL TIME  *       130.21 SEC
 DISK USED  *         1.34 GB      
 SF USED    *       929.42 MB      
 GA USED    *         3.20 MB       (max)       0.00 MB       (current)
 **********************************************************************************************************************************

1PROGRAM * RHF-SCF (CLOSED SHELL)       Authors: W. Meyer, H.-J. Werner


 NUMBER OF ELECTRONS:      16+   16-    SPACE SYMMETRY=1    SPIN SYMMETRY: Singlet 
 CONVERGENCE THRESHOLDS:    1.00E-05 (Density)    1.00E-07 (Energy)
 INTEGRAL THRESHOLDS:       1.00E-12 (Initial)    1.00E-12 (Final)
 MAX. NUMBER OF ITERATIONS:       60
 INTERPOLATION TYPE:            DIIS
 INTERPOLATION STEPS:              2 (START)      1 (STEP)
 LEVEL SHIFTS:                  0.00 (CLOSED)  0.00 (OPEN) 



 
 Basis set CC-PVQZ/JKFIT generated.      Number of basis functions:   1095 
 
 Orbital guess generated from atomic densities. Full valence occupancy:   26
 Coulomb and exchange fitting
 Thresholds for fitting:       THRAO_COUL= 1.0D-15    THRAO_EXCH= 1.0D-13    THRMO= 1.0D-12    THRPROD= 1.0D-12    THRASM= 1.0D-12
                               THR2HLF=    1.0D-12

 Molecular orbital dump at record        2101.2

 ITERATION   DDIFF            GRAD            ENERGY        2-EL.EN.            DIPOLE MOMENTS         DIIS   CPU(IT)  CPU(TOT)  ORB.
    1      0.000D+00      0.000D+00      -204.49071217    389.174148    0.54245    1.49717    0.00000    0      4.3     15.8     start
    2      0.000D+00      0.187D-02      -204.54517987    390.192893    0.33059    1.80231   -0.00000    1      3.6     19.4     diag
    3      0.111D-02      0.616D-03      -204.55086179    390.106224    0.37903    1.79599    0.00000    2      3.7     23.1     diag
    4      0.353D-03      0.268D-03      -204.55196223    390.159323    0.36515    1.81872   -0.00000    3      3.7     26.8     diag
    5      0.127D-03      0.447D-04      -204.55203246    390.165137    0.36345    1.82348    0.00000    4      3.9     30.7     diag
    6      0.333D-04      0.146D-04      -204.55203970    390.159441    0.36324    1.82545    0.00000    5      3.6     34.3     diag
    7      0.119D-04      0.542D-05      -204.55204040    390.160722    0.36355    1.82523    0.00000    6      3.7     37.9     diag
    8      0.405D-05      0.159D-05      -204.55204046    390.161007    0.36330    1.82554    0.00000    7      4.4     42.4     diag
    9      0.113D-05      0.249D-06      -204.55204046    390.160813    0.36334    1.82553    0.00000    0      3.7     46.1     orth

 Final occupancy:  16

 !RHF STATE 1.1 Energy               -204.552040456784
 Nuclear energy                       132.48057898
 One-electron energy                 -532.11302583
 Two-electron energy                  195.08040639
 Virial quotient                       -1.00334651
 !RHF STATE 1.1 Dipole moment           0.36333708     1.82553007     0.00000000
 Dipole moment /Debye                   0.92345025     4.63973072     0.00000000

 Orbital energies:

         1.1          2.1          3.1          4.1          5.1          6.1          7.1          8.1          9.1         10.1
    -15.816722   -15.816689   -15.794059   -11.601946    -1.547731    -1.396683    -1.389015    -1.049347    -0.992327    -0.939420

        11.1         12.1         13.1         14.1         15.1         16.1         17.1         18.1
     -0.871202    -0.844070    -0.832350    -0.808584    -0.643747    -0.632212    -0.118194    -0.086723

 HOMO     16.1    -0.632212 =     -17.2034eV
 LUMO     17.1    -0.118194 =      -3.2162eV
 LUMO-HOMO         0.514018 =      13.9871eV


 **********************************************************************************************************************************
 DATASETS  * FILE   NREC   LENGTH (MB)   RECORD NAMES
              1      19       36.92       500      610      700      900      950      970     1000      129      960     1100   
                                          VAR    BASINP    GEOM    SYMINP    ZMAT    AOBASIS   BASIS     P2S    ABASIS      S 
                                         1400     1410     1200     1210     1080     1600     1650     1700      960(1)
                                           T        V       H0       H01     AOSYM     SMH    MOLCAS    OPER    ABASIS    

              2       5       51.94       700     1000      520     2100     2101   
                                         GEOM     BASIS   MCVARS     RHF      RHF  

 PROGRAMS   *        TOTAL        HF       INT       MP2        HF       INT
 CPU TIMES  *       116.39     47.02      2.49     12.18     51.60      2.92
 REAL TIME  *       264.35 SEC
 DISK USED  *         1.68 GB      
 SF USED    *       929.42 MB      
 GA USED    *         3.20 MB       (max)       0.00 MB       (current)
 **********************************************************************************************************************************
 SETTING E_RHF_A        =    ***************  KCAL/MOL                        


1PROGRAM * MP2 (Closed-shell)     Authors: C. Hampel, H.-J. Werner, 1991, M. Deegan, P.J. Knowles, 1992

 Basis set AUG-CC-PVQZ/MP2FIT generated. Number of basis functions:   1728 

 Convergence thresholds:  THRVAR = 1.00D-08  THRDEN = 1.00D-06

 Number of core orbitals:           4 (   4 )
 Number of closed-shell orbitals:  12 (  12 )
 Number of external orbitals:     878 ( 878 )

 Molecular orbitals read from record     2101.2  Type=RHF/CANONICAL (state 1.1)
 

 Entering DF-MP2

 Thresholds:    THRAO= 0.100D-09    THRMO= 0.100D-08    THROV= 0.100D-11

 Fitting basis: AUG-CC-PVQZ-MP2F
 Number of fitting functions:                1728
 Number of blocks in AO basis:                  6
 Minimum block size:                           80
 Maximum block size:                          218
 Average block size:                          149
 Number of groups in AO basis:                177
 Number of shells in AO basis:                318

 Using large memory version DFMP2B. NIBTK= 1  NGPU= 0  IGPU= 0

 para=T  nprocs= 12  mpptyp=0  number of tasks=  29

 Minimum memory with paging:                  6.68 MW
 Minimum memory for incore assembly:         18.98 MW
 Maximum memory for incore algorithm:        22.37 MW
 Memory for 3-index integrals:                0.00 MW

 Disk space for H1-integrals:               149.30 MB (   348 records)
 
 CPU time for half transformed integrals      2.66 sec, elapsed time      2.67 sec
 CPU time for assembly                        2.14 sec, elapsed time      3.12 sec (7491.3 MFLOP/sec)
 Total CPU time                               7.79 sec, elapsed time      8.94 sec

 SCS-MP2 correlation energy:           -0.841507204198   (PS=  1.200000  PT=  0.333333)
 SCS-MP2 total energy:               -205.393547660980

 Norm of first-order wave function:     0.171070074674
 Coefficient of reference function:     0.924077845714

  Reference energy                   -204.552040456781
  MP2 singlet pair energy              -0.545161920106
  MP2 triplet pair energy              -0.301038589400
  MP2 correlation energy               -0.846200509506

 !MP2 total energy                   -205.398240966288


 **********************************************************************************************************************************
 DATASETS  * FILE   NREC   LENGTH (MB)   RECORD NAMES
              1      19       36.92       500      610      700      900      950      970     1000      129      960     1100   
                                          VAR    BASINP    GEOM    SYMINP    ZMAT    AOBASIS   BASIS     P2S    ABASIS      S 
                                         1400     1410     1200     1210     1080     1600     1650     1700      960(1)
                                           T        V       H0       H01     AOSYM     SMH    MOLCAS    OPER    ABASIS    

              2       5       51.94       700     1000      520     2100     2101   
                                         GEOM     BASIS   MCVARS     RHF      RHF  

 PROGRAMS   *        TOTAL       MP2        HF       INT       MP2        HF       INT
 CPU TIMES  *       125.95      9.56     47.02      2.49     12.18     51.60      2.92
 REAL TIME  *       276.68 SEC
 DISK USED  *         1.68 GB      
 SF USED    *       929.42 MB      
 GA USED    *         3.20 MB       (max)       0.00 MB       (current)
 **********************************************************************************************************************************
 SETTING E_CORR_A       =    ***************  KCAL/MOL                        
 SETTING E_A            =      -530.99894324  KCAL/MOL                        
 SETTING CHARGE         =        -1.00000000                                  

 Dummy atoms: C0  N1  N2  N3  H4  H5  H6  H7  H8  H9


 Recomputing one-electron integrals since nuclear charges changed

1PROGRAM * SEWARD (Integral evaluation for generally contracted gaussian basis sets)     Author: Roland Lindh, 1990

 Geometry written to block  1 of record 700


 Point group  C1  



 ATOMIC COORDINATES

 NR  ATOM    CHARGE       X              Y              Z

   1  C0      0.00    0.019598339    2.099277800    0.000000000
   2  N1      0.00    0.372645103    0.843342965    2.132726739
   3  N2      0.00   -0.771262547    4.581675001    0.000000000
   4  N3      0.00    0.372645103    0.843342965   -2.132726739
   5  H4      0.00   -0.353653495    5.551455738   -1.581125051
   6  H5      0.00   -0.353653495    5.551455738    1.581125051
   7  H6      0.00    0.005358281    1.727188986    3.771912546
   8  H7      0.00    0.829528184   -1.294038647    1.606287230
   9  H8      0.00    0.005358281    1.727188986   -3.771912546
  10  H9      0.00    0.829528184   -1.294038647   -1.606287230
  11  C10     6.00   -0.984018517   -4.992084495    0.000000000
  12  H11     1.00   -2.731907244   -3.872990148    0.000000000
  13  H12     1.00   -1.022271318   -6.211696920    1.664777428
  14  H13     1.00   -1.022271318   -6.211696920   -1.664777428
  15  O14     8.00    1.187710949   -3.452424491    0.000000000

 Bond lengths in Bohr (Angstrom)

 1-2  2.500107532  1-3  2.605332379  1-4  2.500107532  2-7  1.898160559  2-8  2.248172783
     ( 1.322999926)     ( 1.378682517)     ( 1.322999926)     ( 1.004463307)     ( 1.189681799)

  3- 5  1.901270214   3- 6  1.901270214   4- 9  1.898160559   4-10  2.248172783  11-12  2.075448665
       ( 1.006108865)       ( 1.006108865)       ( 1.004463307)       ( 1.189681799)       ( 1.098280132)

 11-13  2.064074037  11-14  2.064074037  11-15  2.662134820
       ( 1.092260938)       ( 1.092260938)       ( 1.408741074)

 Bond angles

  1-2-7  118.38748469   1-2-8  107.85083991   1-3-5  114.79209060   1-3-6  114.79209060

  1- 4- 9  118.38748469   1- 4-10  107.85083991   2- 1- 3  121.43386885   2- 1- 4  117.09081970

  3- 1- 4  121.43386885   5- 3- 6  112.53001761   7- 2- 8  133.17466299   9- 4-10  133.17466299

 12-11-13  107.63765749  12-11-14  107.63765749  12-11-15  112.03544464  13-11-14  107.52028785

 13-11-15  110.90718575  14-11-15  110.90718575

 NUCLEAR CHARGE:                   17
 NUMBER OF PRIMITIVE AOS:        1221
 NUMBER OF SYMMETRY AOS:          990
 NUMBER OF CONTRACTIONS:          894   ( 894A   )
 NUMBER OF CORE ORBITALS:           2   (   2A   )
 NUMBER OF VALENCE ORBITALS:       11   (  11A   )

 MOLECULE CHANGED: INITIALIZING OCCUPATION AND DUMP RECORDS


 NUCLEAR REPULSION ENERGY   33.75823356


 Eigenvalues of metric

         1 0.278E-05 0.357E-05 0.513E-05 0.661E-05 0.761E-05 0.925E-05 0.995E-05 0.106E-04


 OPERATOR DM      FOR CENTER  0  COORDINATES:    0.000000    0.000000    0.000000


 **********************************************************************************************************************************
 DATASETS  * FILE   NREC   LENGTH (MB)   RECORD NAMES
              1      19       36.92       500      610      700      900      950      970     1000      129      960     1100   
                                          VAR    BASINP    GEOM    SYMINP    ZMAT    AOBASIS   BASIS     P2S    ABASIS      S 
                                         1400     1410     1200     1210     1080     1600     1650     1700      960(1)
                                           T        V       H0       H01     AOSYM     SMH    MOLCAS    OPER    ABASIS    

              2       5       51.94       700     1000      520     2100     2101   
                                         GEOM     BASIS   MCVARS     RHF      RHF  

 PROGRAMS   *        TOTAL       INT       MP2        HF       INT       MP2        HF       INT
 CPU TIMES  *       128.37      2.42      9.56     47.02      2.49     12.18     51.60      2.92
 REAL TIME  *       279.88 SEC
 DISK USED  *         1.68 GB      
 SF USED    *       929.42 MB      
 GA USED    *         3.20 MB       (max)       0.00 MB       (current)
 **********************************************************************************************************************************

1PROGRAM * RHF-SCF (CLOSED SHELL)       Authors: W. Meyer, H.-J. Werner


 NUMBER OF ELECTRONS:       9+    9-    SPACE SYMMETRY=1    SPIN SYMMETRY: Singlet 
 CONVERGENCE THRESHOLDS:    1.00E-05 (Density)    1.00E-07 (Energy)
 INTEGRAL THRESHOLDS:       1.00E-12 (Initial)    1.00E-12 (Final)
 MAX. NUMBER OF ITERATIONS:       60
 INTERPOLATION TYPE:            DIIS
 INTERPOLATION STEPS:              2 (START)      1 (STEP)
 LEVEL SHIFTS:                  0.00 (CLOSED)  0.00 (OPEN) 



 
 Basis set CC-PVQZ/JKFIT generated.      Number of basis functions:   1095 
 
 Orbital guess generated from atomic densities. Full valence occupancy:   13
 Coulomb and exchange fitting
 Thresholds for fitting:       THRAO_COUL= 1.0D-15    THRAO_EXCH= 1.0D-13    THRMO= 1.0D-12    THRPROD= 1.0D-12    THRASM= 1.0D-12
                               THR2HLF=    1.0D-12

 Molecular orbital dump at record        2102.2

 ITERATION   DDIFF            GRAD            ENERGY        2-EL.EN.            DIPOLE MOMENTS         DIIS   CPU(IT)  CPU(TOT)  ORB.
    1      0.000D+00      0.000D+00      -114.33364223    166.700433   -1.66608    3.11459   -0.00000    0      3.6     11.9     start
    2      0.000D+00      0.397D-02      -114.36568033    155.367360   -0.48382    3.88706    0.00000    1      5.1     17.0     diag
    3      0.869D-02      0.390D-02      -114.45671292    160.701628   -0.98962    3.58342    0.00000    2      3.4     20.4     diag
    4      0.718D-02      0.239D-03      -114.45758018    160.645094   -0.97062    3.59843    0.00000    3      3.3     23.7     diag
    5      0.620D-03      0.609D-04      -114.45765599    160.619618   -0.97082    3.59894    0.00000    4      3.5     27.2     diag
    6      0.200D-03      0.214D-04      -114.45766290    160.636751   -0.96977    3.59987    0.00000    5      3.5     30.8     diag
    7      0.462D-04      0.779D-05      -114.45766391    160.630920   -0.96935    3.60029    0.00000    6      4.1     34.8     diag
    8      0.128D-04      0.202D-05      -114.45766402    160.631167   -0.96900    3.60059    0.00000    7      4.4     39.2     diag
    9      0.370D-05      0.484D-06      -114.45766403    160.631528   -0.96889    3.60068   -0.00000    8      3.7     42.9     diag
   10      0.967D-06      0.926D-07      -114.45766403    160.631432   -0.96887    3.60070   -0.00000    0      3.7     46.6     orth

 Final occupancy:   9

 !RHF STATE 1.1 Energy               -114.457664027340
 Nuclear energy                        33.75823356
 One-electron energy                 -228.53161352
 Two-electron energy                   80.31571594
 Virial quotient                       -1.00067842
 !RHF STATE 1.1 Dipole moment          -0.96886626     3.60069882    -0.00000000
 Dipole moment /Debye                  -2.46245110     9.15146411    -0.00000000

 Orbital energies:

         1.1          2.1          3.1          4.1          5.1          6.1          7.1          8.1          9.1         10.1
    -20.192611   -11.019047    -0.958586    -0.636215    -0.347230    -0.346287    -0.245622    -0.102375    -0.102117     0.098384

        11.1
      0.114243

 HOMO      9.1    -0.102117 =      -2.7787eV
 LUMO     10.1     0.098384 =       2.6772eV
 LUMO-HOMO         0.200501 =       5.4559eV


 **********************************************************************************************************************************
 DATASETS  * FILE   NREC   LENGTH (MB)   RECORD NAMES
              1      19       36.92       500      610      700      900      950      970     1000      129      960     1100   
                                          VAR    BASINP    GEOM    SYMINP    ZMAT    AOBASIS   BASIS     P2S    ABASIS      S 
                                         1400     1410     1200     1210     1080     1600     1650     1700      960(1)
                                           T        V       H0       H01     AOSYM     SMH    MOLCAS    OPER    ABASIS    

              2       6       83.99       700     1000      520     2100     2101     2102   
                                         GEOM     BASIS   MCVARS     RHF      RHF      RHF  

 PROGRAMS   *        TOTAL        HF       INT       MP2        HF       INT       MP2        HF       INT
 CPU TIMES  *       175.82     47.44      2.42      9.56     47.02      2.49     12.18     51.60      2.92
 REAL TIME  *       423.80 SEC
 DISK USED  *         2.11 GB      
 SF USED    *       929.42 MB      
 GA USED    *         3.20 MB       (max)       0.00 MB       (current)
 **********************************************************************************************************************************
 SETTING E_RHF_B        =    -71823.28297073  KCAL/MOL                        


1PROGRAM * MP2 (Closed-shell)     Authors: C. Hampel, H.-J. Werner, 1991, M. Deegan, P.J. Knowles, 1992

 Basis set AUG-CC-PVQZ/MP2FIT generated. Number of basis functions:   1728 

 Convergence thresholds:  THRVAR = 1.00D-08  THRDEN = 1.00D-06

 Number of core orbitals:           2 (   2 )
 Number of closed-shell orbitals:   7 (   7 )
 Number of external orbitals:     885 ( 885 )

 Molecular orbitals read from record     2102.2  Type=RHF/CANONICAL (state 1.1)
 

 Entering DF-MP2

 Thresholds:    THRAO= 0.100D-09    THRMO= 0.100D-08    THROV= 0.100D-11

 Fitting basis: AUG-CC-PVQZ-MP2F
 Number of fitting functions:                1728
 Number of blocks in AO basis:                  6
 Minimum block size:                           80
 Maximum block size:                          218
 Average block size:                          149
 Number of groups in AO basis:                177
 Number of shells in AO basis:                318

 Using large memory version DFMP2B. NIBTK= 1  NGPU= 0  IGPU= 0

 para=T  nprocs= 12  mpptyp=0  number of tasks=  29

 Minimum memory with paging:                  6.71 MW
 Minimum memory for incore assembly:         11.49 MW
 Maximum memory for incore algorithm:        14.59 MW
 Memory for 3-index integrals:                0.00 MW

 Disk space for H1-integrals:                87.09 MB (   203 records)
 
 CPU time for half transformed integrals      2.48 sec, elapsed time      2.48 sec
 CPU time for assembly                        0.93 sec, elapsed time      1.18 sec (5838.0 MFLOP/sec)
 Total CPU time                               6.32 sec, elapsed time      6.58 sec

 SCS-MP2 correlation energy:           -0.483923681901   (PS=  1.200000  PT=  0.333333)
 SCS-MP2 total energy:               -114.941587709243

 Norm of first-order wave function:     0.101786534394
 Coefficient of reference function:     0.952689261235

  Reference energy                   -114.457664027342
  MP2 singlet pair energy              -0.315600730625
  MP2 triplet pair energy              -0.169075936850
  MP2 correlation energy               -0.484676667475

 !MP2 total energy                   -114.942340694817


 **********************************************************************************************************************************
 DATASETS  * FILE   NREC   LENGTH (MB)   RECORD NAMES
              1      19       36.92       500      610      700      900      950      970     1000      129      960     1100   
                                          VAR    BASINP    GEOM    SYMINP    ZMAT    AOBASIS   BASIS     P2S    ABASIS      S 
                                         1400     1410     1200     1210     1080     1600     1650     1700      960(1)
                                           T        V       H0       H01     AOSYM     SMH    MOLCAS    OPER    ABASIS    

              2       6       83.99       700     1000      520     2100     2101     2102   
                                         GEOM     BASIS   MCVARS     RHF      RHF      RHF  

 PROGRAMS   *        TOTAL       MP2        HF       INT       MP2        HF       INT       MP2        HF       INT
 CPU TIMES  *       183.74      7.91     47.44      2.42      9.56     47.02      2.49     12.18     51.60      2.92
 REAL TIME  *       433.00 SEC
 DISK USED  *         2.11 GB      
 SF USED    *       929.42 MB      
 GA USED    *         3.20 MB       (max)       0.00 MB       (current)
 **********************************************************************************************************************************
 SETTING E_CORR_B       =    -72127.42223247  KCAL/MOL                        
 SETTING E_B            =      -304.13926174  KCAL/MOL                        
 SETTING E_RHF_CP       =      -171.59467879  KCAL/MOL                        
 SETTING E_CORR_CP      =        -9.15698365  KCAL/MOL                        

        DF-MP2          DF-HF           DF-MP2          DF-HF           DF-MP2          DF-HF   
   -114.94234069   -114.45766403   -205.39824097   -204.55204046   -320.62862771   -319.28315796
 **********************************************************************************************************************************
 Variable memory released
