
 Primary working directories    : /scratch/1723230.phoenix.chem.wisc.edu
 Secondary working directories  : /scratch/1723230.phoenix.chem.wisc.edu
 Wavefunction directory         : /scratch/1723230.phoenix.chem.wisc.edu/
 Main file repository           : /scratch/1723230.phoenix.chem.wisc.edu/

 SHA1      : 65e45729fe3f963b0eb97374e3bda9949063ef0f
 NAME      : 2012.1.17
 ARCHNAME  : Linux/x86_64
 FC        : /opt/intel/composer_xe_2013.5.192/bin/intel64/ifort
 FCVERSION : 13.1.3
 BLASLIB   : -L/opt/intel/composer_xe_2013.5.192/mkl/lib/intel64 -lmkl_intel_ilp64 -lmkl_sequential -lmkl_core
 id        : cuichemwisc

 Nodes             nprocs
 compute-1-33.local   12
 ga_uses_ma=false, calling ma_init with nominal heap.
 GA-space will be limited to   8.0 MW (determined by -G option)

 Using customized tuning parameters: mindgm=1; mindgv=20; mindgc=4; mindgr=1; noblas=0; minvec=7
 default implementation of scratch files=sf  

 geomtyp=xyz
 geometry={
 13
  N0         -1.871728000000       0.590372000000      -0.409427000000
  C1         -2.211908000000      -0.607269000000       0.366391000000
  H2         -3.290849000000      -0.800379000000       0.474364000000
  H3         -1.777031000000      -0.515398000000       1.366626000000
  H4         -1.756203000000      -1.480607000000      -0.110636000000
  H5         -2.292946460000       1.392500770000       0.013851220000
  H6         -2.211824870000       0.489597950000      -1.344402240000
  H7         -0.878517500000       0.705429620000      -0.426592450000
  C8          0.939686306881      -0.620510570333      -0.380590381131
  H9          0.286405306881      -1.236880570333       0.242747618869
  H10         1.975207306881      -0.917323570333      -0.198589381131
  H11         0.709229306881      -0.790617570333      -1.435542381131
  O12         0.831296666881       0.764539269667      -0.041785681131
 }
 
 
 basis=avdz
 
                                                                                 ! Complex
 set,charge=0
 
 hf
 e_rhf_c = energy*tokcal
 ccsd(t)
 e_corr_c = energy*tokcal
 e_c = e_corr_c - e_rhf_c
 
 
                                                                                 ! Monomer 1
 set,charge=1
 dummy,C8,H9,H10,H11,O12
 
 hf
 e_rhf_a = energy*tokcal
 ccsd(t)
 e_corr_a = energy*tokcal
 e_a = e_corr_a - e_rhf_a
 
 
                                                                                 ! Monomer 2
 set,charge=-1
 dummy,N0,C1,H2,H3,H4,H5,H6,H7
 
 hf
 e_rhf_b = energy*tokcal
 ccsd(t)
 e_corr_b = energy*tokcal
 e_b = e_corr_b - e_rhf_b
 
 
 e_rhf_cp = e_rhf_c - (e_rhf_a + e_rhf_b)
 e_corr_cp = e_c - (e_a + e_b)

 Variables initialized (782), CPU time= 0.01 sec
 Commands  initialized (547), CPU time= 0.01 sec, 517 directives.
 Default parameters read. Elapsed time= 0.14 sec

 Checking input...
 Passed
1


                                         ***  PROGRAM SYSTEM MOLPRO  ***
                         Copyright, University College Cardiff Consultants Limited, 2008

                                    Version 2012.1 linked Oct 11 2014 15:40:16


 **********************************************************************************************************************************
 LABEL *                                                                                 
 Linux-2.6.18-308.el5/compute-1-33.local(x86_64) 64 bit mpp version                      DATE: 11-Dec-14          TIME: 21:26:44  
 **********************************************************************************************************************************

 SHA1:             65e45729fe3f963b0eb97374e3bda9949063ef0f
 **********************************************************************************************************************************
 SETTING GEOMTYP        =    XYZ

 Variable memory set to  350000000 words,  buffer space   230000 words

 SETTING BASIS          =    AVDZ
 SETTING CHARGE         =         0.00000000                                  


 Recomputing integrals since basis changed


 Using spherical harmonics

 Library entry N      S aug-cc-pVDZ          selected for orbital group  1
 Library entry N      P aug-cc-pVDZ          selected for orbital group  1
 Library entry N      D aug-cc-pVDZ          selected for orbital group  1
 Library entry C      S aug-cc-pVDZ          selected for orbital group  2
 Library entry C      P aug-cc-pVDZ          selected for orbital group  2
 Library entry C      D aug-cc-pVDZ          selected for orbital group  2
 Library entry H      S aug-cc-pVDZ          selected for orbital group  3
 Library entry H      P aug-cc-pVDZ          selected for orbital group  3
 Library entry O      S aug-cc-pVDZ          selected for orbital group  6
 Library entry O      P aug-cc-pVDZ          selected for orbital group  6
 Library entry O      D aug-cc-pVDZ          selected for orbital group  6

1PROGRAM * SEWARD (Integral evaluation for generally contracted gaussian basis sets)     Author: Roland Lindh, 1990

 Geometry written to block  1 of record 700


 Point group  C1  



 ATOMIC COORDINATES

 NR  ATOM    CHARGE       X              Y              Z

   1  N0      7.00   -3.537053313    1.115641396   -0.773704901
   2  C1      6.00   -4.179900348   -1.147572098    0.692378647
   3  H2      1.00   -6.218803350   -1.512497111    0.896418047
   4  H3      1.00   -3.358101917   -0.973961069    2.582548864
   5  H4      1.00   -3.318742701   -2.797941738   -0.209071740
   6  H5      1.00   -4.333040843    2.631445093    0.026175012
   7  H6      1.00   -4.179743255    0.925206040   -2.540552044
   8  H7      1.00   -1.660157477    1.333068787   -0.806142900
   9  C8      6.00    1.775749769   -1.172595040   -0.719211589
  10  H9      1.00    0.541227593   -2.337365535    0.458726519
  11  H10     1.00    3.732600863   -1.733490322   -0.375279543
  12  H11     1.00    1.340249154   -1.494050683   -2.712781950
  13  O12     8.00    1.570923034    1.444769836   -0.078963494

 Bond lengths in Bohr (Angstrom)

 1-2  2.772145126  1-6  1.889726137  1-7  1.889726122  1-8  1.889726137  2-3  2.081328372
     ( 1.466956021)     ( 1.000000003)     ( 0.999999995)     ( 1.000000003)     ( 1.101391539)

  2- 4  2.068389929   2- 5  2.068314590   9-10  2.065980033   9-11  2.064499690   9-12  2.065748606
       ( 1.094544810)       ( 1.094504942)       ( 1.093269548)       ( 1.092486184)       ( 1.093147082)

  9-13  2.702308367
       ( 1.429999999)

 Bond angles

  1-2-3  114.97091777   1-2-4  108.82223243   1-2-5  108.92862229   2-1-6  109.47122075

  2-1-7  109.47122046   2-1-8  109.47122040   3-2-4  108.32125274   3-2-5  108.10103971

  4-2-5  107.44770163   6-1-7  109.47122110   6-1-8  109.47122038   7-1-8  109.47122072

 10- 9-11  108.55608257  10- 9-12  109.66566187  10- 9-13  111.44980317  11- 9-12  108.56147558

 11- 9-13  107.18872465  12- 9-13  111.30848889

 NUCLEAR CHARGE:                   36
 NUMBER OF PRIMITIVE AOS:         247
 NUMBER OF SYMMETRY AOS:          239
 NUMBER OF CONTRACTIONS:          173   ( 173A   )
 NUMBER OF CORE ORBITALS:           4   (   4A   )
 NUMBER OF VALENCE ORBITALS:       25   (  25A   )


 NUCLEAR REPULSION ENERGY  137.25946292


 Eigenvalues of metric

         1 0.132E-03 0.291E-03 0.335E-03 0.355E-03 0.472E-03 0.529E-03 0.643E-03 0.722E-03


 Contracted 2-electron integrals neglected if value below      1.0D-11
 AO integral compression algorithm  1   Integral accuracy      1.0D-11

     527.434 MB (compressed) written to integral file ( 51.8%)

     Node minimum: 41.419 MB, node maximum: 46.137 MB


 NUMBER OF SORTED TWO-ELECTRON INTEGRALS:    9442620.     BUFFER LENGTH:  32768
 NUMBER OF SEGMENTS:   1  SEGMENT LENGTH:    9442620      RECORD LENGTH: 524288

 Memory used in sort:      10.00 MW

 SORT1 READ   127336910. AND WROTE     9330271. INTEGRALS IN     27 RECORDS. CPU TIME:   299.27 SEC, REAL TIME:   305.94 SEC
 SORT2 READ   111805929. AND WROTE   113273826. INTEGRALS IN   2028 RECORDS. CPU TIME:    15.84 SEC, REAL TIME:   421.81 SEC

 Node minimum:     9432588.  Node maximum:     9446385. integrals

 OPERATOR DM      FOR CENTER  0  COORDINATES:    0.000000    0.000000    0.000000


 **********************************************************************************************************************************
 DATASETS  * FILE   NREC   LENGTH (MB)   RECORD NAMES
              1      18        8.86       500      610      700      900      950      970     1000      129      960     1100   
                                          VAR    BASINP    GEOM    SYMINP    ZMAT    AOBASIS   BASIS     P2S    ABASIS      S 
                                         1400     1410     1200     1210     1080     1600     1650     1700   
                                           T        V       H0       H01     AOSYM     SMH    MOLCAS    OPER   

 PROGRAMS   *        TOTAL       INT
 CPU TIMES  *       371.38    368.69
 REAL TIME  *       785.72 SEC
 DISK USED  *         1.85 GB      
 GA USED    *         0.00 MB       (max)       0.00 MB       (current)
 **********************************************************************************************************************************

1PROGRAM * RHF-SCF (CLOSED SHELL)       Authors: W. Meyer, H.-J. Werner


 NUMBER OF ELECTRONS:      18+   18-    SPACE SYMMETRY=1    SPIN SYMMETRY: Singlet 
 CONVERGENCE THRESHOLDS:    1.00E-05 (Density)    1.00E-07 (Energy)
 MAX. NUMBER OF ITERATIONS:       60
 INTERPOLATION TYPE:            DIIS
 INTERPOLATION STEPS:              2 (START)      1 (STEP)
 LEVEL SHIFTS:                  0.00 (CLOSED)  0.00 (OPEN) 



 Orbital guess generated from atomic densities. Full valence occupancy:   29

 Molecular orbital dump at record        2100.2

 ITERATION    DDIFF          GRAD             ENERGY        2-EL.EN.            DIPOLE MOMENTS         DIIS   ORB.
    1      0.000D+00      0.000D+00      -210.06136033    424.256380   -4.78739   -0.90221   -0.79791    0    start
    2      0.000D+00      0.683D-02      -210.13687594    417.785120   -3.81508   -0.15160   -0.21404    1    diag
    3      0.118D-01      0.546D-02      -210.20201788    421.144200   -4.02545   -0.55987   -0.39356    2    diag
    4      0.505D-02      0.637D-03      -210.20372888    420.817278   -3.98600   -0.53841   -0.38861    3    diag
    5      0.122D-02      0.159D-03      -210.20382755    420.886813   -3.97700   -0.54855   -0.38308    4    diag
    6      0.271D-03      0.510D-04      -210.20384071    420.859416   -3.97468   -0.54718   -0.38213    5    diag
    7      0.986D-04      0.124D-04      -210.20384173    420.861899   -3.97489   -0.54733   -0.38204    6    diag
    8      0.275D-04      0.341D-05      -210.20384183    420.861058   -3.97489   -0.54707   -0.38185    7    diag
    9      0.849D-05      0.114D-05      -210.20384184    420.861660   -3.97496   -0.54700   -0.38184    0    orth

 Final occupancy:  18

 !RHF STATE 1.1 Energy               -210.203841841219
 Nuclear energy                       137.25946292
 One-electron energy                 -557.89413470
 Two-electron energy                  210.43082994
 Virial quotient                       -1.00117747
 !RHF STATE 1.1 Dipole moment          -3.97495872    -0.54700479    -0.38183977
 Dipole moment /Debye                 -10.10267558    -1.39025643    -0.97047631

 Orbital energies:

         1.1          2.1          3.1          4.1          5.1          6.1          7.1          8.1          9.1         10.1
    -20.397492   -15.706353   -11.326243   -11.197239    -1.350063    -1.151057    -0.999510    -0.817877    -0.808096    -0.800282

        11.1         12.1         13.1         14.1         15.1         16.1         17.1         18.1         19.1         20.1
     -0.693894    -0.604509    -0.601202    -0.523798    -0.519934    -0.426501    -0.297724    -0.294460     0.005099     0.029992

 HOMO     18.1    -0.294460 =      -8.0127eV
 LUMO     19.1     0.005099 =       0.1388eV
 LUMO-HOMO         0.299560 =       8.1514eV


 **********************************************************************************************************************************
 DATASETS  * FILE   NREC   LENGTH (MB)   RECORD NAMES
              1      18        8.86       500      610      700      900      950      970     1000      129      960     1100   
                                          VAR    BASINP    GEOM    SYMINP    ZMAT    AOBASIS   BASIS     P2S    ABASIS      S 
                                         1400     1410     1200     1210     1080     1600     1650     1700   
                                           T        V       H0       H01     AOSYM     SMH    MOLCAS    OPER   

              2       4        1.12       700     1000      520     2100   
                                         GEOM     BASIS   MCVARS     RHF  

 PROGRAMS   *        TOTAL        HF       INT
 CPU TIMES  *       464.21     91.76    368.69
 REAL TIME  *       880.67 SEC
 DISK USED  *         1.99 GB      
 SF USED    *         0.12 MB      
 GA USED    *         0.00 MB       (max)       0.00 MB       (current)
 **********************************************************************************************************************************
 SETTING E_RHF_C        =    ***************  KCAL/MOL                        


1PROGRAM * CCSD (Closed-shell coupled cluster)     Authors: C. Hampel, H.-J. Werner, 1991, M. Deegan, P.J. Knowles, 1992


 Convergence thresholds:  THRVAR = 1.00D-08  THRDEN = 1.00D-06

 CCSD(T)     terms to be evaluated (factor= 1.000)


 Number of core orbitals:           4 (   4 )
 Number of closed-shell orbitals:  14 (  14 )
 Number of external orbitals:     155 ( 155 )

 Molecular orbitals read from record     2100.2  Type=RHF/CANONICAL (state 1.1)

 Number of N-1 electron functions:              14
 Number of N-2 electron functions:             105
 Number of singly external CSFs:              2170
 Number of doubly external CSFs:           2355535
 Total number of CSFs:                     2357706

 Length of J-op  integral file:               0.00 MB
 Length of K-op  integral file:               2.06 MB
 Length of 3-ext integral record:             0.00 MB

 Memory could be reduced to 67.76 Mwords without degradation in triples

 Integral transformation finished. Total CPU:  67.97 sec, npass=  1  Memory used:  44.89 MW

 Reference energy:                   -210.20384184

 MP2 singlet pair energy:              -0.46391333
 MP2 triplet pair energy:              -0.25922768
 MP2 correlation energy:               -0.72314101
 MP2 total energy:                   -210.92698285

 SCS-MP2 correlation energy:           -0.71799322   (PS=  1.200000  PT=  0.333333)
 SCS-MP2 total energy:               -210.92183506

 ITER.      SQ.NORM     CORR.ENERGY   TOTAL ENERGY   ENERGY CHANGE        DEN1      VAR(S)    VAR(P)  DIIS     TIME
   1      1.24621211    -0.76723114  -210.97107298    -0.04409013    -0.02177744  0.56D-02  0.46D-02  1  1   305.45
   2      1.26666936    -0.76982508  -210.97366692    -0.00259394    -0.02054286  0.12D-03  0.84D-03  2  2   556.19
   3      1.27393585    -0.77038615  -210.97422799    -0.00056108    -0.00342898  0.18D-03  0.39D-04  3  3   829.95
   4      1.27655581    -0.77025101  -210.97409285     0.00013515    -0.00092472  0.21D-04  0.93D-05  4  4   924.92
   5      1.27790134    -0.77022733  -210.97406917     0.00002368    -0.00027973  0.11D-04  0.16D-05  5  5   984.11
   6      1.27851775    -0.77021738  -210.97405923     0.00000994    -0.00006241  0.38D-05  0.62D-06  6  6  1040.03
   7      1.27894410    -0.77020147  -210.97404331     0.00001591    -0.00001483  0.10D-05  0.25D-06  6  1  1044.12
   8      1.27921688    -0.77019387  -210.97403571     0.00000761    -0.00002411  0.36D-06  0.61D-07  6  2  1082.01
   9      1.27931258    -0.77019700  -210.97403884    -0.00000313     0.00000721  0.82D-07  0.22D-07  6  3  1138.46
  10      1.27938036    -0.77019377  -210.97403561     0.00000324    -0.00000758  0.25D-07  0.49D-08  6  4  1192.98
  11      1.27937777    -0.77019561  -210.97403745    -0.00000185     0.00000156  0.64D-08  0.18D-08  6  5  1242.86
  12      1.27938802    -0.77019541  -210.97403725     0.00000020    -0.00000088  0.18D-08  0.45D-09  6  6  1297.36
  13      1.27938759    -0.77019548  -210.97403732    -0.00000007     0.00000009  0.67D-09  0.18D-09  6  5  1301.43

 Norm of t1 vector:      0.11236445      S-energy:     0.00000076      T1 diagnostic:  0.01501533
                                                                       D1 diagnostic:  0.05215910


 Total CPU time for triples:     75.37 sec


 RESULTS
 =======

  Reference energy                   -210.203841841219
  CCSD singlet pair energy             -0.534843178979
  CCSD triplet pair energy             -0.235353068426
  CCSD correlation energy              -0.770195483424

  Triples (T) contribution             -0.024343009581
  Total correlation energy             -0.794538493005

  CCSD total energy                  -210.974037324642
  CCSD[T] energy                     -211.000194447704
  CCSD-T energy                      -210.997700531361
 !CCSD(T) total energy               -210.998380334224

 Timing summary (sec):

 STEP                 CPU(USER)    SYS     CPU(TOT)    WALL
 Transformation        108.09      1.75    109.84    165.35
 CCSD iterations      1193.36     21.77   1215.13   1526.63
 Triples                75.37      0.65     76.02     76.11

 Program statistics:

 Available memory in ccsd:               349999116
 Min. memory needed in ccsd:               6056485
 Max. memory used in ccsd:                 8162274
 Max. memory used in cckext:               6603732 (13 integral passes)



 **********************************************************************************************************************************
 DATASETS  * FILE   NREC   LENGTH (MB)   RECORD NAMES
              1      19      257.01       500      610      700      900      950      970     1000      129      960     1100   
                                          VAR    BASINP    GEOM    SYMINP    ZMAT    AOBASIS   BASIS     P2S    ABASIS      S 
                                         1400     1410     1200     1210     1080     1600     1650     1700     1380   
                                           T        V       H0       H01     AOSYM     SMH    MOLCAS    OPER     JKOP   

              2       4        1.12       700     1000      520     2100   
                                         GEOM     BASIS   MCVARS     RHF  

 PROGRAMS   *        TOTAL   CCSD(T)        HF       INT
 CPU TIMES  *      1841.06   1376.85     91.76    368.69
 REAL TIME  *      2648.94 SEC
 DISK USED  *         2.48 GB      
 SF USED    *       456.46 MB      
 GA USED    *         0.00 MB       (max)       0.00 MB       (current)
 **********************************************************************************************************************************
 SETTING E_CORR_C       =    ***************  KCAL/MOL                        
 SETTING E_C            =      -498.58053193  KCAL/MOL                        
 SETTING CHARGE         =         1.00000000                                  

 Dummy atoms: C8  H9  H10  H11  O12


 Recomputing one-electron integrals since nuclear charges changed

1PROGRAM * SEWARD (Integral evaluation for generally contracted gaussian basis sets)     Author: Roland Lindh, 1990

 Geometry written to block  1 of record 700


 Point group  C1  



 ATOMIC COORDINATES

 NR  ATOM    CHARGE       X              Y              Z

   1  N0      7.00   -3.537053313    1.115641396   -0.773704901
   2  C1      6.00   -4.179900348   -1.147572098    0.692378647
   3  H2      1.00   -6.218803350   -1.512497111    0.896418047
   4  H3      1.00   -3.358101917   -0.973961069    2.582548864
   5  H4      1.00   -3.318742701   -2.797941738   -0.209071740
   6  H5      1.00   -4.333040843    2.631445093    0.026175012
   7  H6      1.00   -4.179743255    0.925206040   -2.540552044
   8  H7      1.00   -1.660157477    1.333068787   -0.806142900
   9  C8      0.00    1.775749769   -1.172595040   -0.719211589
  10  H9      0.00    0.541227593   -2.337365535    0.458726519
  11  H10     0.00    3.732600863   -1.733490322   -0.375279543
  12  H11     0.00    1.340249154   -1.494050683   -2.712781950
  13  O12     0.00    1.570923034    1.444769836   -0.078963494

 Bond lengths in Bohr (Angstrom)

 1-2  2.772145126  1-6  1.889726137  1-7  1.889726122  1-8  1.889726137  2-3  2.081328372
     ( 1.466956021)     ( 1.000000003)     ( 0.999999995)     ( 1.000000003)     ( 1.101391539)

  2- 4  2.068389929   2- 5  2.068314590   9-10  2.065980033   9-11  2.064499690   9-12  2.065748606
       ( 1.094544810)       ( 1.094504942)       ( 1.093269548)       ( 1.092486184)       ( 1.093147082)

  9-13  2.702308367
       ( 1.429999999)

 Bond angles

  1-2-3  114.97091777   1-2-4  108.82223243   1-2-5  108.92862229   2-1-6  109.47122075

  2-1-7  109.47122046   2-1-8  109.47122040   3-2-4  108.32125274   3-2-5  108.10103971

  4-2-5  107.44770163   6-1-7  109.47122110   6-1-8  109.47122038   7-1-8  109.47122072

 10- 9-11  108.55608257  10- 9-12  109.66566187  10- 9-13  111.44980317  11- 9-12  108.56147558

 11- 9-13  107.18872465  12- 9-13  111.30848889

 NUCLEAR CHARGE:                   19
 NUMBER OF PRIMITIVE AOS:         247
 NUMBER OF SYMMETRY AOS:          239
 NUMBER OF CONTRACTIONS:          173   ( 173A   )
 NUMBER OF CORE ORBITALS:           2   (   2A   )
 NUMBER OF VALENCE ORBITALS:       14   (  14A   )

 MOLECULE CHANGED: INITIALIZING OCCUPATION AND DUMP RECORDS


 NUCLEAR REPULSION ENERGY   48.60267443


 Eigenvalues of metric

         1 0.132E-03 0.291E-03 0.335E-03 0.355E-03 0.472E-03 0.529E-03 0.643E-03 0.722E-03


 Contracted 2-electron integrals neglected if value below      1.0D-11

 OPERATOR DM      FOR CENTER  0  COORDINATES:    0.000000    0.000000    0.000000


 **********************************************************************************************************************************
 DATASETS  * FILE   NREC   LENGTH (MB)   RECORD NAMES
              1      18        8.86       500      610      700      900      950      970     1000      129      960     1100   
                                          VAR    BASINP    GEOM    SYMINP    ZMAT    AOBASIS   BASIS     P2S    ABASIS      S 
                                         1400     1410     1200     1210     1080     1600     1650     1700   
                                           T        V       H0       H01     AOSYM     SMH    MOLCAS    OPER   

              2       4        1.12       700     1000      520     2100   
                                         GEOM     BASIS   MCVARS     RHF  

 PROGRAMS   *        TOTAL       INT   CCSD(T)        HF       INT
 CPU TIMES  *      1841.12      0.05   1376.85     91.76    368.69
 REAL TIME  *      2649.18 SEC
 DISK USED  *         5.19 GB      
 SF USED    *       456.46 MB      
 GA USED    *         0.00 MB       (max)       0.00 MB       (current)
 **********************************************************************************************************************************

1PROGRAM * RHF-SCF (CLOSED SHELL)       Authors: W. Meyer, H.-J. Werner


 NUMBER OF ELECTRONS:       9+    9-    SPACE SYMMETRY=1    SPIN SYMMETRY: Singlet 
 CONVERGENCE THRESHOLDS:    1.00E-05 (Density)    1.00E-07 (Energy)
 MAX. NUMBER OF ITERATIONS:       60
 INTERPOLATION TYPE:            DIIS
 INTERPOLATION STEPS:              2 (START)      1 (STEP)
 LEVEL SHIFTS:                  0.00 (CLOSED)  0.00 (OPEN) 



 Orbital guess generated from atomic densities. Full valence occupancy:   16

 Molecular orbital dump at record        2101.2

 ITERATION    DDIFF          GRAD             ENERGY        2-EL.EN.            DIPOLE MOMENTS         DIIS   ORB.
    1      0.000D+00      0.000D+00       -95.54241985    148.065603   -3.53045    1.11408   -0.77282    0    start
    2      0.000D+00      0.470D-02       -95.58429397    150.749116   -3.63966    0.73503   -0.52753    1    diag
    3      0.642D-02      0.188D-02       -95.58891665    149.812720   -3.63788    0.74059   -0.53105    2    diag
    4      0.227D-02      0.574D-03       -95.58952851    150.026123   -3.64577    0.71540   -0.51478    3    diag
    5      0.663D-03      0.844D-04       -95.58955152    150.040282   -3.64726    0.71016   -0.51138    4    diag
    6      0.139D-03      0.151D-04       -95.58955229    150.035053   -3.64764    0.70905   -0.51067    5    diag
    7      0.248D-04      0.469D-05       -95.58955234    150.036211   -3.64766    0.70888   -0.51056    6    diag
    8      0.671D-05      0.111D-05       -95.58955234    150.035949   -3.64768    0.70881   -0.51051    0    orth

 Final occupancy:   9

 !RHF STATE 1.1 Energy                -95.589552341933
 Nuclear energy                        48.60267443
 One-electron energy                 -219.21020151
 Two-electron energy                   75.01797474
 Virial quotient                       -1.00045936
 !RHF STATE 1.1 Dipole moment          -3.64768459     0.70880878    -0.51051117
 Dipole moment /Debye                  -9.27088220     1.80149422    -1.29750497

 Orbital energies:

         1.1          2.1          3.1          4.1          5.1          6.1          7.1          8.1          9.1         10.1
    -15.920199   -11.496401    -1.551674    -1.177486    -1.008208    -1.007753    -0.879786    -0.773181    -0.772439    -0.127196

        11.1
     -0.086496

 HOMO      9.1    -0.772439 =     -21.0191eV
 LUMO     10.1    -0.127196 =      -3.4612eV
 LUMO-HOMO         0.645243 =      17.5580eV


 **********************************************************************************************************************************
 DATASETS  * FILE   NREC   LENGTH (MB)   RECORD NAMES
              1      18        8.86       500      610      700      900      950      970     1000      129      960     1100   
                                          VAR    BASINP    GEOM    SYMINP    ZMAT    AOBASIS   BASIS     P2S    ABASIS      S 
                                         1400     1410     1200     1210     1080     1600     1650     1700   
                                           T        V       H0       H01     AOSYM     SMH    MOLCAS    OPER   

              2       5        2.36       700     1000      520     2100     2101   
                                         GEOM     BASIS   MCVARS     RHF      RHF  

 PROGRAMS   *        TOTAL        HF       INT   CCSD(T)        HF       INT
 CPU TIMES  *      1842.30      1.18      0.05   1376.85     91.76    368.69
 REAL TIME  *      2650.51 SEC
 DISK USED  *         5.19 GB      
 SF USED    *       456.46 MB      
 GA USED    *         0.00 MB       (max)       0.00 MB       (current)
 **********************************************************************************************************************************
 SETTING E_RHF_A        =    -59983.36175427  KCAL/MOL                        


1PROGRAM * CCSD (Closed-shell coupled cluster)     Authors: C. Hampel, H.-J. Werner, 1991, M. Deegan, P.J. Knowles, 1992


 Convergence thresholds:  THRVAR = 1.00D-08  THRDEN = 1.00D-06

 CCSD(T)     terms to be evaluated (factor= 1.000)


 Number of core orbitals:           2 (   2 )
 Number of closed-shell orbitals:   7 (   7 )
 Number of external orbitals:     164 ( 164 )

 Molecular orbitals read from record     2101.2  Type=RHF/CANONICAL (state 1.1)

 Number of N-1 electron functions:               7
 Number of N-2 electron functions:              28
 Number of singly external CSFs:              1148
 Number of doubly external CSFs:            659526
 Total number of CSFs:                      660675

 Length of J-op  integral file:               0.00 MB
 Length of K-op  integral file:               2.06 MB
 Length of 3-ext integral record:             0.00 MB

 Memory could be reduced to 44.21 Mwords without degradation in triples

 Integral transformation finished. Total CPU:  54.63 sec, npass=  1  Memory used:  22.89 MW

 Reference energy:                    -95.58955234

 MP2 singlet pair energy:              -0.22395644
 MP2 triplet pair energy:              -0.10949918
 MP2 correlation energy:               -0.33345562
 MP2 total energy:                    -95.92300796

 SCS-MP2 correlation energy:           -0.33688055   (PS=  1.200000  PT=  0.333333)
 SCS-MP2 total energy:                -95.92643289

 ITER.      SQ.NORM     CORR.ENERGY   TOTAL ENERGY   ENERGY CHANGE        DEN1      VAR(S)    VAR(P)  DIIS     TIME
   1      1.11565111    -0.36359239   -95.95314473    -0.03013677    -0.02131661  0.60D-03  0.18D-02  1  1   156.06
   2      1.12501958    -0.36583269   -95.95538503    -0.00224030    -0.00990854  0.14D-04  0.11D-03  2  2   511.76
   3      1.12668740    -0.36593283   -95.95548517    -0.00010014    -0.00106237  0.17D-05  0.70D-05  3  3   530.66
   4      1.12706893    -0.36595281   -95.95550516    -0.00001998    -0.00018201  0.11D-06  0.38D-06  4  4   531.67
   5      1.12711851    -0.36595302   -95.95550536    -0.00000021    -0.00002605  0.87D-08  0.29D-07  5  5   532.68
   6      1.12712106    -0.36595251   -95.95550485     0.00000051    -0.00000158  0.65D-09  0.17D-08  6  6   533.69

 Norm of t1 vector:      0.03393945      S-energy:     0.00000006      T1 diagnostic:  0.00641395
                                                                       D1 diagnostic:  0.01351131


 Total CPU time for triples:     32.85 sec


 RESULTS
 =======

  Reference energy                    -95.589552341933
  CCSD singlet pair energy             -0.263301315917
  CCSD triplet pair energy             -0.102651252873
  CCSD correlation energy              -0.365952508637

  Triples (T) contribution             -0.009236707887
  Total correlation energy             -0.375189216525

  CCSD total energy                   -95.955504850571
  CCSD[T] energy                      -95.964921115098
  CCSD-T energy                       -95.964630779792
 !CCSD(T) total energy                -95.964741558458

 Timing summary (sec):

 STEP                 CPU(USER)    SYS     CPU(TOT)    WALL
 Transformation         57.56      0.57     58.13     63.94
 CCSD iterations       476.14      7.02    483.16    558.09
 Triples                32.85      0.27     33.12     33.13

 Program statistics:

 Available memory in ccsd:               349999704
 Min. memory needed in ccsd:               2110720
 Max. memory used in ccsd:                 2660045
 Max. memory used in cckext:               1915797 ( 6 integral passes)



 **********************************************************************************************************************************
 DATASETS  * FILE   NREC   LENGTH (MB)   RECORD NAMES
              1      19      143.67       500      610      700      900      950      970     1000      129      960     1100   
                                          VAR    BASINP    GEOM    SYMINP    ZMAT    AOBASIS   BASIS     P2S    ABASIS      S 
                                         1400     1410     1200     1210     1080     1600     1650     1700     1380   
                                           T        V       H0       H01     AOSYM     SMH    MOLCAS    OPER     JKOP   

              2       5        2.36       700     1000      520     2100     2101   
                                         GEOM     BASIS   MCVARS     RHF      RHF  

 PROGRAMS   *        TOTAL   CCSD(T)        HF       INT   CCSD(T)        HF       INT
 CPU TIMES  *      2408.88    566.57      1.18      0.05   1376.85     91.76    368.69
 REAL TIME  *      3305.76 SEC
 DISK USED  *         5.19 GB      
 SF USED    *       456.46 MB      
 GA USED    *         0.00 MB       (max)       0.00 MB       (current)
 **********************************************************************************************************************************
 SETTING E_CORR_A       =    -60218.79658945  KCAL/MOL                        
 SETTING E_A            =      -235.43483519  KCAL/MOL                        
 SETTING CHARGE         =        -1.00000000                                  

 Dummy atoms: N0  C1  H2  H3  H4  H5  H6  H7


 Recomputing one-electron integrals since nuclear charges changed

1PROGRAM * SEWARD (Integral evaluation for generally contracted gaussian basis sets)     Author: Roland Lindh, 1990

 Geometry written to block  1 of record 700


 Point group  C1  



 ATOMIC COORDINATES

 NR  ATOM    CHARGE       X              Y              Z

   1  N0      0.00   -3.537053313    1.115641396   -0.773704901
   2  C1      0.00   -4.179900348   -1.147572098    0.692378647
   3  H2      0.00   -6.218803350   -1.512497111    0.896418047
   4  H3      0.00   -3.358101917   -0.973961069    2.582548864
   5  H4      0.00   -3.318742701   -2.797941738   -0.209071740
   6  H5      0.00   -4.333040843    2.631445093    0.026175012
   7  H6      0.00   -4.179743255    0.925206040   -2.540552044
   8  H7      0.00   -1.660157477    1.333068787   -0.806142900
   9  C8      6.00    1.775749769   -1.172595040   -0.719211589
  10  H9      1.00    0.541227593   -2.337365535    0.458726519
  11  H10     1.00    3.732600863   -1.733490322   -0.375279543
  12  H11     1.00    1.340249154   -1.494050683   -2.712781950
  13  O12     8.00    1.570923034    1.444769836   -0.078963494

 Bond lengths in Bohr (Angstrom)

 1-2  2.772145126  1-6  1.889726137  1-7  1.889726122  1-8  1.889726137  2-3  2.081328372
     ( 1.466956021)     ( 1.000000003)     ( 0.999999995)     ( 1.000000003)     ( 1.101391539)

  2- 4  2.068389929   2- 5  2.068314590   9-10  2.065980033   9-11  2.064499690   9-12  2.065748606
       ( 1.094544810)       ( 1.094504942)       ( 1.093269548)       ( 1.092486184)       ( 1.093147082)

  9-13  2.702308367
       ( 1.429999999)

 Bond angles

  1-2-3  114.97091777   1-2-4  108.82223243   1-2-5  108.92862229   2-1-6  109.47122075

  2-1-7  109.47122046   2-1-8  109.47122040   3-2-4  108.32125274   3-2-5  108.10103971

  4-2-5  107.44770163   6-1-7  109.47122110   6-1-8  109.47122038   7-1-8  109.47122072

 10- 9-11  108.55608257  10- 9-12  109.66566187  10- 9-13  111.44980317  11- 9-12  108.56147558

 11- 9-13  107.18872465  12- 9-13  111.30848889

 NUCLEAR CHARGE:                   17
 NUMBER OF PRIMITIVE AOS:         247
 NUMBER OF SYMMETRY AOS:          239
 NUMBER OF CONTRACTIONS:          173   ( 173A   )
 NUMBER OF CORE ORBITALS:           2   (   2A   )
 NUMBER OF VALENCE ORBITALS:       11   (  11A   )

 MOLECULE CHANGED: INITIALIZING OCCUPATION AND DUMP RECORDS


 NUCLEAR REPULSION ENERGY   33.49094481


 Eigenvalues of metric

         1 0.132E-03 0.291E-03 0.335E-03 0.355E-03 0.472E-03 0.529E-03 0.643E-03 0.722E-03


 Contracted 2-electron integrals neglected if value below      1.0D-11

 OPERATOR DM      FOR CENTER  0  COORDINATES:    0.000000    0.000000    0.000000


 **********************************************************************************************************************************
 DATASETS  * FILE   NREC   LENGTH (MB)   RECORD NAMES
              1      18        8.86       500      610      700      900      950      970     1000      129      960     1100   
                                          VAR    BASINP    GEOM    SYMINP    ZMAT    AOBASIS   BASIS     P2S    ABASIS      S 
                                         1400     1410     1200     1210     1080     1600     1650     1700   
                                           T        V       H0       H01     AOSYM     SMH    MOLCAS    OPER   

              2       5        2.36       700     1000      520     2100     2101   
                                         GEOM     BASIS   MCVARS     RHF      RHF  

 PROGRAMS   *        TOTAL       INT   CCSD(T)        HF       INT   CCSD(T)        HF       INT
 CPU TIMES  *      2408.94      0.05    566.57      1.18      0.05   1376.85     91.76    368.69
 REAL TIME  *      3305.94 SEC
 DISK USED  *         5.19 GB      
 SF USED    *       456.46 MB      
 GA USED    *         0.00 MB       (max)       0.00 MB       (current)
 **********************************************************************************************************************************

1PROGRAM * RHF-SCF (CLOSED SHELL)       Authors: W. Meyer, H.-J. Werner


 NUMBER OF ELECTRONS:       9+    9-    SPACE SYMMETRY=1    SPIN SYMMETRY: Singlet 
 CONVERGENCE THRESHOLDS:    1.00E-05 (Density)    1.00E-07 (Energy)
 MAX. NUMBER OF ITERATIONS:       60
 INTERPOLATION TYPE:            DIIS
 INTERPOLATION STEPS:              2 (START)      1 (STEP)
 LEVEL SHIFTS:                  0.00 (CLOSED)  0.00 (OPEN) 



 Orbital guess generated from atomic densities. Full valence occupancy:   13

 Molecular orbital dump at record        2102.2

 ITERATION    DDIFF          GRAD             ENERGY        2-EL.EN.            DIPOLE MOMENTS         DIIS   ORB.
    1      0.000D+00      0.000D+00      -114.29898534    165.892458   -1.52626   -2.02296   -0.06322    0    start
    2      0.000D+00      0.886D-02      -114.33541861    155.129966   -1.56797   -0.66574    0.26972    1    diag
    3      0.163D-01      0.844D-02      -114.41932979    160.055728   -1.57924   -1.23594    0.12951    2    diag
    4      0.999D-02      0.516D-03      -114.42015275    159.989529   -1.58277   -1.21680    0.13415    3    diag
    5      0.120D-02      0.132D-03      -114.42021625    159.962361   -1.58416   -1.22049    0.13308    4    diag
    6      0.357D-03      0.448D-04      -114.42022253    159.981026   -1.58444   -1.22007    0.13319    5    diag
    7      0.944D-04      0.155D-04      -114.42022343    159.976806   -1.58465   -1.21978    0.13325    6    diag
    8      0.366D-04      0.364D-05      -114.42022351    159.976964   -1.58474   -1.21943    0.13334    7    diag
    9      0.107D-04      0.873D-06      -114.42022351    159.977256   -1.58476   -1.21931    0.13337    8    diag
   10      0.303D-05      0.171D-06      -114.42022351    159.977189   -1.58476   -1.21928    0.13337    0    orth

 Final occupancy:   9

 !RHF STATE 1.1 Energy               -114.420223511133
 Nuclear energy                        33.49094481
 One-electron energy                 -227.89976303
 Two-electron energy                   79.98859471
 Virial quotient                       -1.00149807
 !RHF STATE 1.1 Dipole moment          -1.58476029    -1.21928153     0.13337368
 Dipole moment /Debye                  -4.02779505    -3.09890156     0.33897989

 Orbital energies:

         1.1          2.1          3.1          4.1          5.1          6.1          7.1          8.1          9.1         10.1
    -20.206477   -11.027768    -0.953886    -0.638098    -0.348824    -0.346504    -0.237824    -0.101857    -0.100049     0.120740

        11.1
      0.150475

 HOMO      9.1    -0.100049 =      -2.7225eV
 LUMO     10.1     0.120740 =       3.2855eV
 LUMO-HOMO         0.220789 =       6.0080eV


 **********************************************************************************************************************************
 DATASETS  * FILE   NREC   LENGTH (MB)   RECORD NAMES
              1      18        8.86       500      610      700      900      950      970     1000      129      960     1100   
                                          VAR    BASINP    GEOM    SYMINP    ZMAT    AOBASIS   BASIS     P2S    ABASIS      S 
                                         1400     1410     1200     1210     1080     1600     1650     1700   
                                           T        V       H0       H01     AOSYM     SMH    MOLCAS    OPER   

              2       6        3.60       700     1000      520     2100     2101     2102   
                                         GEOM     BASIS   MCVARS     RHF      RHF      RHF  

 PROGRAMS   *        TOTAL        HF       INT   CCSD(T)        HF       INT   CCSD(T)        HF       INT
 CPU TIMES  *      2410.40      1.46      0.05    566.57      1.18      0.05   1376.85     91.76    368.69
 REAL TIME  *      3307.56 SEC
 DISK USED  *         5.19 GB      
 SF USED    *       456.46 MB      
 GA USED    *         0.00 MB       (max)       0.00 MB       (current)
 **********************************************************************************************************************************
 SETTING E_RHF_B        =    -71799.78868738  KCAL/MOL                        


1PROGRAM * CCSD (Closed-shell coupled cluster)     Authors: C. Hampel, H.-J. Werner, 1991, M. Deegan, P.J. Knowles, 1992


 Convergence thresholds:  THRVAR = 1.00D-08  THRDEN = 1.00D-06

 CCSD(T)     terms to be evaluated (factor= 1.000)


 Number of core orbitals:           2 (   2 )
 Number of closed-shell orbitals:   7 (   7 )
 Number of external orbitals:     164 ( 164 )

 Molecular orbitals read from record     2102.2  Type=RHF/CANONICAL (state 1.1)

 Number of N-1 electron functions:               7
 Number of N-2 electron functions:              28
 Number of singly external CSFs:              1148
 Number of doubly external CSFs:            659526
 Total number of CSFs:                      660675

 Length of J-op  integral file:               0.00 MB
 Length of K-op  integral file:               2.06 MB
 Length of 3-ext integral record:             0.00 MB

 Memory could be reduced to 44.21 Mwords without degradation in triples

 Integral transformation finished. Total CPU:  13.73 sec, npass=  1  Memory used:  22.89 MW

 Reference energy:                   -114.42022351

 MP2 singlet pair energy:              -0.23912507
 MP2 triplet pair energy:              -0.14335210
 MP2 correlation energy:               -0.38247717
 MP2 total energy:                   -114.80270068

 SCS-MP2 correlation energy:           -0.37614695   (PS=  1.200000  PT=  0.333333)
 SCS-MP2 total energy:               -114.79637046

 ITER.      SQ.NORM     CORR.ENERGY   TOTAL ENERGY   ENERGY CHANGE        DEN1      VAR(S)    VAR(P)  DIIS     TIME
   1      1.13019989    -0.39727617  -114.81749968    -0.01479900    -0.00103546  0.53D-02  0.31D-02  1  1    14.70
   2      1.14177413    -0.39751155  -114.81773506    -0.00023538    -0.01102618  0.71D-04  0.62D-03  2  2    83.36
   3      1.14769190    -0.39800191  -114.81822542    -0.00049036    -0.00222405  0.20D-03  0.34D-04  3  3    84.35
   4      1.15002659    -0.39786540  -114.81808891     0.00013651    -0.00064799  0.32D-04  0.87D-05  4  4    85.35
   5      1.15161422    -0.39780579  -114.81802930     0.00005961    -0.00026628  0.11D-04  0.19D-05  5  5    86.36
   6      1.15236129    -0.39779245  -114.81801596     0.00001334    -0.00005762  0.41D-05  0.61D-06  6  6    87.37
   7      1.15269213    -0.39777793  -114.81800144     0.00001451    -0.00001724  0.18D-05  0.35D-06  6  5   122.22
   8      1.15310096    -0.39776664  -114.81799015     0.00001130    -0.00001094  0.41D-06  0.65D-07  6  1   123.23
   9      1.15321893    -0.39776661  -114.81799012     0.00000003    -0.00000249  0.14D-06  0.35D-07  6  2   124.25
  10      1.15326628    -0.39776590  -114.81798941     0.00000071    -0.00000136  0.57D-07  0.11D-07  6  4   125.26
  11      1.15329749    -0.39776598  -114.81798949    -0.00000008    -0.00000049  0.18D-07  0.40D-08  6  3   154.73
  12      1.15330870    -0.39776632  -114.81798983    -0.00000034     0.00000015  0.77D-08  0.18D-08  6  6   155.73

 Norm of t1 vector:      0.11191952      S-energy:     0.00000035      T1 diagnostic:  0.02115080
                                                                       D1 diagnostic:  0.05327967

 Total CPU time for triples:     25.62 sec


 RESULTS
 =======

  Reference energy                   -114.420223511133
  CCSD singlet pair energy             -0.271935170180
  CCSD triplet pair energy             -0.125831496454
  CCSD correlation energy              -0.397766316670

  Triples (T) contribution             -0.013916774299
  Total correlation energy             -0.411683090969

  CCSD total energy                  -114.817989827803
  CCSD[T] energy                     -114.833680943776
  CCSD-T energy                      -114.831342480962
 !CCSD(T) total energy               -114.831906602102

 Timing summary (sec):

 STEP                 CPU(USER)    SYS     CPU(TOT)    WALL
 Transformation         13.74      0.71     14.45     14.45
 CCSD iterations       142.00      2.66    144.66    770.76
 Triples                25.62      0.10     25.72     25.71

 Program statistics:

 Available memory in ccsd:               349999704
 Min. memory needed in ccsd:               2110720
 Max. memory used in ccsd:                 2660045
 Max. memory used in cckext:               1915797 (12 integral passes)



 **********************************************************************************************************************************
 DATASETS  * FILE   NREC   LENGTH (MB)   RECORD NAMES
              1      19      143.67       500      610      700      900      950      970     1000      129      960     1100   
                                          VAR    BASINP    GEOM    SYMINP    ZMAT    AOBASIS   BASIS     P2S    ABASIS      S 
                                         1400     1410     1200     1210     1080     1600     1650     1700     1380   
                                           T        V       H0       H01     AOSYM     SMH    MOLCAS    OPER     JKOP   

              2       6        3.60       700     1000      520     2100     2101     2102   
                                         GEOM     BASIS   MCVARS     RHF      RHF      RHF  

 PROGRAMS   *        TOTAL   CCSD(T)        HF       INT   CCSD(T)        HF       INT   CCSD(T)        HF       INT
 CPU TIMES  *      2591.79    181.39      1.46      0.05    566.57      1.18      0.05   1376.85     91.76    368.69
 REAL TIME  *      4118.57 SEC
 DISK USED  *         5.19 GB      
 SF USED    *       456.46 MB      
 GA USED    *         0.00 MB       (max)       0.00 MB       (current)
 **********************************************************************************************************************************
 SETTING E_CORR_B       =    -72058.12377912  KCAL/MOL                        
 SETTING E_B            =      -258.33509174  KCAL/MOL                        
 SETTING E_RHF_CP       =      -121.77827060  KCAL/MOL                        
 SETTING E_CORR_CP      =        -4.81060500  KCAL/MOL                        

        CCSD(T)         HF-SCF          CCSD(T)         HF-SCF          CCSD(T)         HF-SCF  
   -114.83190660   -114.42022351    -95.96474156    -95.58955234   -210.99838033   -210.20384184
 **********************************************************************************************************************************
 Variable memory released
