
 Primary working directories    : /scratch/1723235.phoenix.chem.wisc.edu
 Secondary working directories  : /scratch/1723235.phoenix.chem.wisc.edu
 Wavefunction directory         : /scratch/1723235.phoenix.chem.wisc.edu/
 Main file repository           : /scratch/1723235.phoenix.chem.wisc.edu/

 SHA1      : 65e45729fe3f963b0eb97374e3bda9949063ef0f
 NAME      : 2012.1.17
 ARCHNAME  : Linux/x86_64
 FC        : /opt/intel/composer_xe_2013.5.192/bin/intel64/ifort
 FCVERSION : 13.1.3
 BLASLIB   : -L/opt/intel/composer_xe_2013.5.192/mkl/lib/intel64 -lmkl_intel_ilp64 -lmkl_sequential -lmkl_core
 id        : cuichemwisc

 Nodes             nprocs
 compute-1-35.local   12
 ga_uses_ma=false, calling ma_init with nominal heap.
 GA-space will be limited to   8.0 MW (determined by -G option)

 Using customized tuning parameters: mindgm=1; mindgv=20; mindgc=4; mindgr=1; noblas=0; minvec=7
 default implementation of scratch files=sf  

 geomtyp=xyz
 geometry={
 13
  N0         -1.871728000000       0.590372000000      -0.409427000000
  C1         -2.211908000000      -0.607269000000       0.366391000000
  H2         -3.290849000000      -0.800379000000       0.474364000000
  H3         -1.777031000000      -0.515398000000       1.366626000000
  H4         -1.756203000000      -1.480607000000      -0.110636000000
  H5         -2.292946460000       1.392500770000       0.013851220000
  H6         -2.211824870000       0.489597950000      -1.344402240000
  H7         -0.878517500000       0.705429620000      -0.426592450000
  C8          0.541695691559      -0.625216009833      -0.357193139434
  H9         -0.111585308441      -1.241586009833       0.266144860566
  H10         1.577216691559      -0.922029009833      -0.175192139434
  H11         0.311238691559      -0.795323009833      -1.412145139434
  O12         0.433306051559       0.759833830167      -0.018388439434
 }
 
 
 basis=avdz
 
                                                                                 ! Complex
 set,charge=0
 
 df-hf
 e_rhf_c = energy*tokcal
 df-mp2
 e_corr_c = energy*tokcal
 e_c = e_corr_c - e_rhf_c
 
 
                                                                                 ! Monomer 1
 set,charge=1
 dummy,C8,H9,H10,H11,O12
 
 df-hf
 e_rhf_a = energy*tokcal
 df-mp2
 e_corr_a = energy*tokcal
 e_a = e_corr_a - e_rhf_a
 
 
                                                                                 ! Monomer 2
 set,charge=-1
 dummy,N0,C1,H2,H3,H4,H5,H6,H7
 
 df-hf
 e_rhf_b = energy*tokcal
 df-mp2
 e_corr_b = energy*tokcal
 e_b = e_corr_b - e_rhf_b
 
 
 e_rhf_cp = e_rhf_c - (e_rhf_a + e_rhf_b)
 e_corr_cp = e_c - (e_a + e_b)

 Variables initialized (782), CPU time= 0.01 sec
 Commands  initialized (547), CPU time= 0.01 sec, 517 directives.
 Default parameters read. Elapsed time= 0.13 sec

 Checking input...
 Passed
1


                                         ***  PROGRAM SYSTEM MOLPRO  ***
                         Copyright, University College Cardiff Consultants Limited, 2008

                                    Version 2012.1 linked Oct 11 2014 15:40:16


 **********************************************************************************************************************************
 LABEL *                                                                                 
 Linux-2.6.18-308.el5/compute-1-35.local(x86_64) 64 bit mpp version                      DATE: 11-Dec-14          TIME: 23:02:26  
 **********************************************************************************************************************************

 SHA1:             65e45729fe3f963b0eb97374e3bda9949063ef0f
 **********************************************************************************************************************************
 SETTING GEOMTYP        =    XYZ

 Turning off symmetry in density fitting calculation
 To re-enable, use 'set,zsymel=auto'


 Variable memory set to  350000000 words,  buffer space   230000 words

 SETTING BASIS          =    AVDZ
 SETTING CHARGE         =         0.00000000                                  


 Recomputing integrals since basis changed


 Using spherical harmonics

 Library entry N      S aug-cc-pVDZ          selected for orbital group  1
 Library entry N      P aug-cc-pVDZ          selected for orbital group  1
 Library entry N      D aug-cc-pVDZ          selected for orbital group  1
 Library entry C      S aug-cc-pVDZ          selected for orbital group  2
 Library entry C      P aug-cc-pVDZ          selected for orbital group  2
 Library entry C      D aug-cc-pVDZ          selected for orbital group  2
 Library entry H      S aug-cc-pVDZ          selected for orbital group  3
 Library entry H      P aug-cc-pVDZ          selected for orbital group  3
 Library entry O      S aug-cc-pVDZ          selected for orbital group  6
 Library entry O      P aug-cc-pVDZ          selected for orbital group  6
 Library entry O      D aug-cc-pVDZ          selected for orbital group  6

1PROGRAM * SEWARD (Integral evaluation for generally contracted gaussian basis sets)     Author: Roland Lindh, 1990

 Geometry written to block  1 of record 700


 Point group  C1  



 ATOMIC COORDINATES

 NR  ATOM    CHARGE       X              Y              Z

   1  N0      7.00   -3.537053313    1.115641396   -0.773704901
   2  C1      6.00   -4.179900348   -1.147572098    0.692378647
   3  H2      1.00   -6.218803350   -1.512497111    0.896418047
   4  H3      1.00   -3.358101917   -0.973961069    2.582548864
   5  H4      1.00   -3.318742701   -2.797941738   -0.209071740
   6  H5      1.00   -4.333040843    2.631445093    0.026175012
   7  H6      1.00   -4.179743255    0.925206040   -2.540552044
   8  H7      1.00   -1.660157477    1.333068787   -0.806142900
   9  C8      6.00    1.023656504   -1.181487032   -0.674997210
  10  H9      1.00   -0.210865673   -2.346257527    0.502940898
  11  H10     1.00    2.980507597   -1.742382314   -0.331065164
  12  H11     1.00    0.588155889   -1.502942675   -2.668567571
  13  O12     8.00    0.818829769    1.435877844   -0.034749115

 Bond lengths in Bohr (Angstrom)

 1-2  2.772145126  1-6  1.889726137  1-7  1.889726122  1-8  1.889726137  2-3  2.081328372
     ( 1.466956021)     ( 1.000000003)     ( 0.999999995)     ( 1.000000003)     ( 1.101391539)

  2- 4  2.068389929   2- 5  2.068314590   9-10  2.065980033   9-11  2.064499690   9-12  2.065748606
       ( 1.094544810)       ( 1.094504942)       ( 1.093269548)       ( 1.092486184)       ( 1.093147082)

  9-13  2.702308367
       ( 1.429999999)

 Bond angles

  1-2-3  114.97091777   1-2-4  108.82223243   1-2-5  108.92862229   2-1-6  109.47122075

  2-1-7  109.47122046   2-1-8  109.47122040   3-2-4  108.32125274   3-2-5  108.10103971

  4-2-5  107.44770163   6-1-7  109.47122110   6-1-8  109.47122038   7-1-8  109.47122072

 10- 9-11  108.55608257  10- 9-12  109.66566187  10- 9-13  111.44980317  11- 9-12  108.56147558

 11- 9-13  107.18872465  12- 9-13  111.30848889

 NUCLEAR CHARGE:                   36
 NUMBER OF PRIMITIVE AOS:         247
 NUMBER OF SYMMETRY AOS:          239
 NUMBER OF CONTRACTIONS:          173   ( 173A   )
 NUMBER OF CORE ORBITALS:           4   (   4A   )
 NUMBER OF VALENCE ORBITALS:       25   (  25A   )


 NUCLEAR REPULSION ENERGY  144.92976406


 Eigenvalues of metric

         1 0.110E-03 0.204E-03 0.242E-03 0.264E-03 0.360E-03 0.459E-03 0.558E-03 0.673E-03


 OPERATOR DM      FOR CENTER  0  COORDINATES:    0.000000    0.000000    0.000000


 **********************************************************************************************************************************
 DATASETS  * FILE   NREC   LENGTH (MB)   RECORD NAMES
              1      18        8.86       500      610      700      900      950      970     1000      129      960     1100   
                                          VAR    BASINP    GEOM    SYMINP    ZMAT    AOBASIS   BASIS     P2S    ABASIS      S 
                                         1400     1410     1200     1210     1080     1600     1650     1700   
                                           T        V       H0       H01     AOSYM     SMH    MOLCAS    OPER   

 PROGRAMS   *        TOTAL       INT
 CPU TIMES  *         0.21      0.07
 REAL TIME  *         0.55 SEC
 DISK USED  *         0.00 MB      
 GA USED    *         0.00 MB       (max)       0.00 MB       (current)
 **********************************************************************************************************************************

1PROGRAM * RHF-SCF (CLOSED SHELL)       Authors: W. Meyer, H.-J. Werner


 NUMBER OF ELECTRONS:      18+   18-    SPACE SYMMETRY=1    SPIN SYMMETRY: Singlet 
 CONVERGENCE THRESHOLDS:    1.00E-05 (Density)    1.00E-07 (Energy)
 INTEGRAL THRESHOLDS:       1.00E-11 (Initial)    1.00E-11 (Final)
 MAX. NUMBER OF ITERATIONS:       60
 INTERPOLATION TYPE:            DIIS
 INTERPOLATION STEPS:              2 (START)      1 (STEP)
 LEVEL SHIFTS:                  0.00 (CLOSED)  0.00 (OPEN) 



 
 Basis set CC-PVDZ/JKFIT generated.      Number of basis functions:   487 
 
 Orbital guess generated from atomic densities. Full valence occupancy:   29
 Coulomb and exchange fitting
 Thresholds for fitting:       THRAO_COUL= 1.0D-14    THRAO_EXCH= 1.0D-12    THRMO= 1.0D-11    THRPROD= 1.0D-11    THRASM= 1.0D-11
                               THR2HLF=    1.0D-11

 Molecular orbital dump at record        2100.2

 ITERATION   DDIFF            GRAD            ENERGY        2-EL.EN.            DIPOLE MOMENTS         DIIS   CPU(IT)  CPU(TOT)  ORB.
    1      0.000D+00      0.000D+00      -210.07762687    439.678808   -3.76349   -0.88937   -0.78387    0      0.6      2.1     start
    2      0.000D+00      0.638D-02      -210.15112334    433.627283   -2.84541   -0.18614   -0.23145    1      0.1      2.2     diag
    3      0.109D-01      0.467D-02      -210.19791184    436.535590   -3.02105   -0.55342   -0.40359    2      0.1      2.3     diag
    4      0.435D-02      0.627D-03      -210.19954078    436.323507   -2.99620   -0.53494   -0.39804    3      0.1      2.5     diag
    5      0.114D-02      0.122D-03      -210.19962038    436.310091   -2.98730   -0.54178   -0.39126    4      0.1      2.6     diag
    6      0.269D-03      0.406D-04      -210.19962898    436.303750   -2.98748   -0.54032   -0.39095    5      0.1      2.7     diag
    7      0.838D-04      0.122D-04      -210.19962989    436.304289   -2.98775   -0.54068   -0.39083    6      0.1      2.8     diag
    8      0.274D-04      0.334D-05      -210.19962998    436.303307   -2.98779   -0.54045   -0.39062    7      0.1      2.9     diag
    9      0.918D-05      0.107D-05      -210.19962998    436.304240   -2.98784   -0.54042   -0.39064    0      0.1      3.0     orth

 Final occupancy:  18

 !RHF STATE 1.1 Energy               -210.199629982060
 Nuclear energy                       144.92976406
 One-electron energy                 -573.28151404
 Two-electron energy                  218.15212000
 Virial quotient                       -0.99962378
 !RHF STATE 1.1 Dipole moment          -2.98784146    -0.54041991    -0.39063612
 Dipole moment /Debye                  -7.59383810    -1.37352042    -0.99283295

 Orbital energies:

         1.1          2.1          3.1          4.1          5.1          6.1          7.1          8.1          9.1         10.1
    -20.416861   -15.659494   -11.303903   -11.212509    -1.322245    -1.189012    -0.978921    -0.839984    -0.778708    -0.773693

        11.1         12.1         13.1         14.1         15.1         16.1         17.1         18.1         19.1         20.1
     -0.667063    -0.597578    -0.582904    -0.534638    -0.525890    -0.454217    -0.327708    -0.323310     0.014505     0.036232

 HOMO     18.1    -0.323310 =      -8.7977eV
 LUMO     19.1     0.014505 =       0.3947eV
 LUMO-HOMO         0.337815 =       9.1924eV


 **********************************************************************************************************************************
 DATASETS  * FILE   NREC   LENGTH (MB)   RECORD NAMES
              1      18        8.86       500      610      700      900      950      970     1000      129      960     1100   
                                          VAR    BASINP    GEOM    SYMINP    ZMAT    AOBASIS   BASIS     P2S    ABASIS      S 
                                         1400     1410     1200     1210     1080     1600     1650     1700   
                                           T        V       H0       H01     AOSYM     SMH    MOLCAS    OPER   

              2       4        1.24       700     1000      520     2100   
                                         GEOM     BASIS   MCVARS     RHF  

 PROGRAMS   *        TOTAL        HF       INT
 CPU TIMES  *         3.23      3.01      0.07
 REAL TIME  *        49.07 SEC
 DISK USED  *       145.03 MB      
 SF USED    *        14.46 MB      
 GA USED    *         3.20 MB       (max)       0.00 MB       (current)
 **********************************************************************************************************************************
 SETTING E_RHF_C        =    ***************  KCAL/MOL                        


1PROGRAM * MP2 (Closed-shell)     Authors: C. Hampel, H.-J. Werner, 1991, M. Deegan, P.J. Knowles, 1992

 Basis set AUG-CC-PVDZ/MP2FIT generated. Number of basis functions:   495 

 Convergence thresholds:  THRVAR = 1.00D-08  THRDEN = 1.00D-06

 Number of core orbitals:           4 (   4 )
 Number of closed-shell orbitals:  14 (  14 )
 Number of external orbitals:     155 ( 155 )

 Molecular orbitals read from record     2100.2  Type=RHF/CANONICAL (state 1.1)
 

 Entering DF-MP2

 Thresholds:    THRAO= 0.100D-09    THRMO= 0.100D-08    THROV= 0.100D-11

 Fitting basis: AUG-CC-PVDZ-MP2F
 Number of fitting functions:                 495
 Number of blocks in AO basis:                  3
 Minimum block size:                           50
 Maximum block size:                           73
 Average block size:                           58
 Number of groups in AO basis:                 60
 Number of shells in AO basis:                131

 Using large memory version DFMP2B. NIBTK= 1  NGPU= 0  IGPU= 0

 para=T  nprocs= 12  mpptyp=0  number of tasks=  35

 Minimum memory with paging:                  1.06 MW
 Minimum memory for incore assembly:          1.10 MW
 Maximum memory for incore algorithm:         1.97 MW
 Memory for 3-index integrals:                0.00 MW

 Disk space for H1-integrals:                 9.76 MB (   490 records)
 
 CPU time for half transformed integrals      0.05 sec, elapsed time      0.05 sec
 CPU time for assembly                        0.02 sec, elapsed time      0.04 sec (  10.8 GFLOP/sec)
 Total CPU time                               0.30 sec, elapsed time      0.56 sec

 SCS-MP2 correlation energy:           -0.721025492975   (PS=  1.200000  PT=  0.333333)
 SCS-MP2 total energy:               -210.920655475034

 Norm of first-order wave function:     0.169135897537
 Coefficient of reference function:     0.924841910709

  Reference energy                   -210.199629982059
  MP2 singlet pair energy              -0.463870949300
  MP2 triplet pair energy              -0.264182711488
  MP2 correlation energy               -0.728053660788

 !MP2 total energy                   -210.927683642848


 **********************************************************************************************************************************
 DATASETS  * FILE   NREC   LENGTH (MB)   RECORD NAMES
              1      18        8.86       500      610      700      900      950      970     1000      129      960     1100   
                                          VAR    BASINP    GEOM    SYMINP    ZMAT    AOBASIS   BASIS     P2S    ABASIS      S 
                                         1400     1410     1200     1210     1080     1600     1650     1700   
                                           T        V       H0       H01     AOSYM     SMH    MOLCAS    OPER   

              2       4        1.24       700     1000      520     2100   
                                         GEOM     BASIS   MCVARS     RHF  

 PROGRAMS   *        TOTAL       MP2        HF       INT
 CPU TIMES  *         3.77      0.51      3.01      0.07
 REAL TIME  *        50.06 SEC
 DISK USED  *       145.03 MB      
 SF USED    *        25.23 MB      
 GA USED    *         3.20 MB       (max)       0.00 MB       (current)
 **********************************************************************************************************************************
 SETTING E_CORR_C       =    ***************  KCAL/MOL                        
 SETTING E_C            =      -456.86066146  KCAL/MOL                        
 SETTING CHARGE         =         1.00000000                                  

 Dummy atoms: C8  H9  H10  H11  O12


 Recomputing one-electron integrals since nuclear charges changed

1PROGRAM * SEWARD (Integral evaluation for generally contracted gaussian basis sets)     Author: Roland Lindh, 1990

 Geometry written to block  1 of record 700


 Point group  C1  



 ATOMIC COORDINATES

 NR  ATOM    CHARGE       X              Y              Z

   1  N0      7.00   -3.537053313    1.115641396   -0.773704901
   2  C1      6.00   -4.179900348   -1.147572098    0.692378647
   3  H2      1.00   -6.218803350   -1.512497111    0.896418047
   4  H3      1.00   -3.358101917   -0.973961069    2.582548864
   5  H4      1.00   -3.318742701   -2.797941738   -0.209071740
   6  H5      1.00   -4.333040843    2.631445093    0.026175012
   7  H6      1.00   -4.179743255    0.925206040   -2.540552044
   8  H7      1.00   -1.660157477    1.333068787   -0.806142900
   9  C8      0.00    1.023656504   -1.181487032   -0.674997210
  10  H9      0.00   -0.210865673   -2.346257527    0.502940898
  11  H10     0.00    2.980507597   -1.742382314   -0.331065164
  12  H11     0.00    0.588155889   -1.502942675   -2.668567571
  13  O12     0.00    0.818829769    1.435877844   -0.034749115

 Bond lengths in Bohr (Angstrom)

 1-2  2.772145126  1-6  1.889726137  1-7  1.889726122  1-8  1.889726137  2-3  2.081328372
     ( 1.466956021)     ( 1.000000003)     ( 0.999999995)     ( 1.000000003)     ( 1.101391539)

  2- 4  2.068389929   2- 5  2.068314590   9-10  2.065980033   9-11  2.064499690   9-12  2.065748606
       ( 1.094544810)       ( 1.094504942)       ( 1.093269548)       ( 1.092486184)       ( 1.093147082)

  9-13  2.702308367
       ( 1.429999999)

 Bond angles

  1-2-3  114.97091777   1-2-4  108.82223243   1-2-5  108.92862229   2-1-6  109.47122075

  2-1-7  109.47122046   2-1-8  109.47122040   3-2-4  108.32125274   3-2-5  108.10103971

  4-2-5  107.44770163   6-1-7  109.47122110   6-1-8  109.47122038   7-1-8  109.47122072

 10- 9-11  108.55608257  10- 9-12  109.66566187  10- 9-13  111.44980317  11- 9-12  108.56147558

 11- 9-13  107.18872465  12- 9-13  111.30848889

 NUCLEAR CHARGE:                   19
 NUMBER OF PRIMITIVE AOS:         247
 NUMBER OF SYMMETRY AOS:          239
 NUMBER OF CONTRACTIONS:          173   ( 173A   )
 NUMBER OF CORE ORBITALS:           2   (   2A   )
 NUMBER OF VALENCE ORBITALS:       14   (  14A   )

 MOLECULE CHANGED: INITIALIZING OCCUPATION AND DUMP RECORDS


 NUCLEAR REPULSION ENERGY   48.60267443


 Eigenvalues of metric

         1 0.110E-03 0.204E-03 0.242E-03 0.264E-03 0.360E-03 0.459E-03 0.558E-03 0.673E-03


 OPERATOR DM      FOR CENTER  0  COORDINATES:    0.000000    0.000000    0.000000


 **********************************************************************************************************************************
 DATASETS  * FILE   NREC   LENGTH (MB)   RECORD NAMES
              1      18        8.86       500      610      700      900      950      970     1000      129      960     1100   
                                          VAR    BASINP    GEOM    SYMINP    ZMAT    AOBASIS   BASIS     P2S    ABASIS      S 
                                         1400     1410     1200     1210     1080     1600     1650     1700   
                                           T        V       H0       H01     AOSYM     SMH    MOLCAS    OPER   

              2       4        1.24       700     1000      520     2100   
                                         GEOM     BASIS   MCVARS     RHF  

 PROGRAMS   *        TOTAL       INT       MP2        HF       INT
 CPU TIMES  *         3.89      0.10      0.51      3.01      0.07
 REAL TIME  *        51.49 SEC
 DISK USED  *       145.03 MB      
 SF USED    *        25.23 MB      
 GA USED    *         3.20 MB       (max)       0.00 MB       (current)
 **********************************************************************************************************************************

1PROGRAM * RHF-SCF (CLOSED SHELL)       Authors: W. Meyer, H.-J. Werner


 NUMBER OF ELECTRONS:       9+    9-    SPACE SYMMETRY=1    SPIN SYMMETRY: Singlet 
 CONVERGENCE THRESHOLDS:    1.00E-05 (Density)    1.00E-07 (Energy)
 INTEGRAL THRESHOLDS:       1.00E-11 (Initial)    1.00E-11 (Final)
 MAX. NUMBER OF ITERATIONS:       60
 INTERPOLATION TYPE:            DIIS
 INTERPOLATION STEPS:              2 (START)      1 (STEP)
 LEVEL SHIFTS:                  0.00 (CLOSED)  0.00 (OPEN) 



 
 Basis set CC-PVDZ/JKFIT generated.      Number of basis functions:   487 
 
 Orbital guess generated from atomic densities. Full valence occupancy:   16
 Coulomb and exchange fitting
 Thresholds for fitting:       THRAO_COUL= 1.0D-14    THRAO_EXCH= 1.0D-12    THRMO= 1.0D-11    THRPROD= 1.0D-11    THRASM= 1.0D-11
                               THR2HLF=    1.0D-11

 Molecular orbital dump at record        2101.2

 ITERATION   DDIFF            GRAD            ENERGY        2-EL.EN.            DIPOLE MOMENTS         DIIS   CPU(IT)  CPU(TOT)  ORB.
    1      0.000D+00      0.000D+00       -95.54271316    148.068249   -3.53048    1.11423   -0.77269    0      0.4      3.7     start
    2      0.000D+00      0.470D-02       -95.58458478    150.750916   -3.63964    0.73531   -0.52750    1      0.2      3.8     diag
    3      0.649D-02      0.188D-02       -95.58920383    149.815000   -3.63779    0.74089   -0.53098    2      0.1      3.9     diag
    4      0.229D-02      0.575D-03       -95.58981549    150.028440   -3.64565    0.71574   -0.51473    3      0.1      4.0     diag
    5      0.656D-03      0.845D-04       -95.58983852    150.042601   -3.64712    0.71050   -0.51134    4      0.1      4.2     diag
    6      0.140D-03      0.152D-04       -95.58983929    150.037372   -3.64750    0.70939   -0.51062    5      0.2      4.4     diag
    7      0.250D-04      0.468D-05       -95.58983934    150.038531   -3.64753    0.70923   -0.51051    6      0.1      4.5     diag
    8      0.677D-05      0.111D-05       -95.58983934    150.038269   -3.64755    0.70916   -0.51047    0      0.1      4.6     orth

 Final occupancy:   9

 !RHF STATE 1.1 Energy                -95.589839344184
 Nuclear energy                        48.60267443
 One-electron energy                 -219.21164821
 Two-electron energy                   75.01913444
 Virial quotient                       -1.00043580
 !RHF STATE 1.1 Dipole moment          -3.64754730     0.70915634    -0.51046653
 Dipole moment /Debye                  -9.27053326     1.80237757    -1.29739152

 Orbital energies:

         1.1          2.1          3.1          4.1          5.1          6.1          7.1          8.1          9.1         10.1
    -15.920010   -11.496294    -1.551647    -1.177466    -1.008189    -1.007753    -0.879766    -0.773157    -0.772407    -0.127213

        11.1
     -0.086502

 HOMO      9.1    -0.772407 =     -21.0183eV
 LUMO     10.1    -0.127213 =      -3.4616eV
 LUMO-HOMO         0.645194 =      17.5566eV


 **********************************************************************************************************************************
 DATASETS  * FILE   NREC   LENGTH (MB)   RECORD NAMES
              1      18        8.86       500      610      700      900      950      970     1000      129      960     1100   
                                          VAR    BASINP    GEOM    SYMINP    ZMAT    AOBASIS   BASIS     P2S    ABASIS      S 
                                         1400     1410     1200     1210     1080     1600     1650     1700   
                                           T        V       H0       H01     AOSYM     SMH    MOLCAS    OPER   

              2       5        2.48       700     1000      520     2100     2101   
                                         GEOM     BASIS   MCVARS     RHF      RHF  

 PROGRAMS   *        TOTAL        HF       INT       MP2        HF       INT
 CPU TIMES  *         8.51      4.63      0.10      0.51      3.01      0.07
 REAL TIME  *       111.03 SEC
 DISK USED  *       158.47 MB      
 SF USED    *        25.23 MB      
 GA USED    *         3.20 MB       (max)       0.00 MB       (current)
 **********************************************************************************************************************************
 SETTING E_RHF_A        =    -59983.54185093  KCAL/MOL                        


1PROGRAM * MP2 (Closed-shell)     Authors: C. Hampel, H.-J. Werner, 1991, M. Deegan, P.J. Knowles, 1992

 Basis set AUG-CC-PVDZ/MP2FIT generated. Number of basis functions:   495 

 Convergence thresholds:  THRVAR = 1.00D-08  THRDEN = 1.00D-06

 Number of core orbitals:           2 (   2 )
 Number of closed-shell orbitals:   7 (   7 )
 Number of external orbitals:     164 ( 164 )

 Molecular orbitals read from record     2101.2  Type=RHF/CANONICAL (state 1.1)
 

 Entering DF-MP2

 Thresholds:    THRAO= 0.100D-09    THRMO= 0.100D-08    THROV= 0.100D-11

 Fitting basis: AUG-CC-PVDZ-MP2F
 Number of fitting functions:                 495
 Number of blocks in AO basis:                  3
 Minimum block size:                           50
 Maximum block size:                           73
 Average block size:                           58
 Number of groups in AO basis:                 60
 Number of shells in AO basis:                131

 Using large memory version DFMP2B. NIBTK= 1  NGPU= 0  IGPU= 0

 para=T  nprocs= 12  mpptyp=0  number of tasks=  35

 Minimum memory with paging:                  1.07 MW
 Minimum memory for incore assembly:          1.07 MW
 Maximum memory for incore algorithm:         1.36 MW
 Memory for 3-index integrals:                0.00 MW

 Disk space for H1-integrals:                 4.88 MB (   245 records)
 
 CPU time for half transformed integrals      0.03 sec, elapsed time      0.03 sec
 CPU time for assembly                        0.01 sec, elapsed time      0.01 sec (5379.2 MFLOP/sec)
 Total CPU time                               0.25 sec, elapsed time      0.33 sec

 SCS-MP2 correlation energy:           -0.337234446664   (PS=  1.200000  PT=  0.333333)
 SCS-MP2 total energy:                -95.927073790848

 Norm of first-order wave function:     0.077762969242
 Coefficient of reference function:     0.963248566084

  Reference energy                    -95.589839344185
  MP2 singlet pair energy              -0.224154876061
  MP2 triplet pair energy              -0.109685242592
  MP2 correlation energy               -0.333840118653

 !MP2 total energy                    -95.923679462838


 **********************************************************************************************************************************
 DATASETS  * FILE   NREC   LENGTH (MB)   RECORD NAMES
              1      18        8.86       500      610      700      900      950      970     1000      129      960     1100   
                                          VAR    BASINP    GEOM    SYMINP    ZMAT    AOBASIS   BASIS     P2S    ABASIS      S 
                                         1400     1410     1200     1210     1080     1600     1650     1700   
                                           T        V       H0       H01     AOSYM     SMH    MOLCAS    OPER   

              2       5        2.48       700     1000      520     2100     2101   
                                         GEOM     BASIS   MCVARS     RHF      RHF  

 PROGRAMS   *        TOTAL       MP2        HF       INT       MP2        HF       INT
 CPU TIMES  *         8.86      0.35      4.63      0.10      0.51      3.01      0.07
 REAL TIME  *       111.56 SEC
 DISK USED  *       158.47 MB      
 SF USED    *        25.23 MB      
 GA USED    *         3.20 MB       (max)       0.00 MB       (current)
 **********************************************************************************************************************************
 SETTING E_CORR_A       =    -60193.02973025  KCAL/MOL                        
 SETTING E_A            =      -209.48787932  KCAL/MOL                        
 SETTING CHARGE         =        -1.00000000                                  

 Dummy atoms: N0  C1  H2  H3  H4  H5  H6  H7


 Recomputing one-electron integrals since nuclear charges changed

1PROGRAM * SEWARD (Integral evaluation for generally contracted gaussian basis sets)     Author: Roland Lindh, 1990

 Geometry written to block  1 of record 700


 Point group  C1  



 ATOMIC COORDINATES

 NR  ATOM    CHARGE       X              Y              Z

   1  N0      0.00   -3.537053313    1.115641396   -0.773704901
   2  C1      0.00   -4.179900348   -1.147572098    0.692378647
   3  H2      0.00   -6.218803350   -1.512497111    0.896418047
   4  H3      0.00   -3.358101917   -0.973961069    2.582548864
   5  H4      0.00   -3.318742701   -2.797941738   -0.209071740
   6  H5      0.00   -4.333040843    2.631445093    0.026175012
   7  H6      0.00   -4.179743255    0.925206040   -2.540552044
   8  H7      0.00   -1.660157477    1.333068787   -0.806142900
   9  C8      6.00    1.023656504   -1.181487032   -0.674997210
  10  H9      1.00   -0.210865673   -2.346257527    0.502940898
  11  H10     1.00    2.980507597   -1.742382314   -0.331065164
  12  H11     1.00    0.588155889   -1.502942675   -2.668567571
  13  O12     8.00    0.818829769    1.435877844   -0.034749115

 Bond lengths in Bohr (Angstrom)

 1-2  2.772145126  1-6  1.889726137  1-7  1.889726122  1-8  1.889726137  2-3  2.081328372
     ( 1.466956021)     ( 1.000000003)     ( 0.999999995)     ( 1.000000003)     ( 1.101391539)

  2- 4  2.068389929   2- 5  2.068314590   9-10  2.065980033   9-11  2.064499690   9-12  2.065748606
       ( 1.094544810)       ( 1.094504942)       ( 1.093269548)       ( 1.092486184)       ( 1.093147082)

  9-13  2.702308367
       ( 1.429999999)

 Bond angles

  1-2-3  114.97091777   1-2-4  108.82223243   1-2-5  108.92862229   2-1-6  109.47122075

  2-1-7  109.47122046   2-1-8  109.47122040   3-2-4  108.32125274   3-2-5  108.10103971

  4-2-5  107.44770163   6-1-7  109.47122110   6-1-8  109.47122038   7-1-8  109.47122072

 10- 9-11  108.55608257  10- 9-12  109.66566187  10- 9-13  111.44980317  11- 9-12  108.56147558

 11- 9-13  107.18872465  12- 9-13  111.30848889

 NUCLEAR CHARGE:                   17
 NUMBER OF PRIMITIVE AOS:         247
 NUMBER OF SYMMETRY AOS:          239
 NUMBER OF CONTRACTIONS:          173   ( 173A   )
 NUMBER OF CORE ORBITALS:           2   (   2A   )
 NUMBER OF VALENCE ORBITALS:       11   (  11A   )

 MOLECULE CHANGED: INITIALIZING OCCUPATION AND DUMP RECORDS


 NUCLEAR REPULSION ENERGY   33.49094481


 Eigenvalues of metric

         1 0.110E-03 0.204E-03 0.242E-03 0.264E-03 0.360E-03 0.459E-03 0.558E-03 0.673E-03


 OPERATOR DM      FOR CENTER  0  COORDINATES:    0.000000    0.000000    0.000000


 **********************************************************************************************************************************
 DATASETS  * FILE   NREC   LENGTH (MB)   RECORD NAMES
              1      18        8.86       500      610      700      900      950      970     1000      129      960     1100   
                                          VAR    BASINP    GEOM    SYMINP    ZMAT    AOBASIS   BASIS     P2S    ABASIS      S 
                                         1400     1410     1200     1210     1080     1600     1650     1700   
                                           T        V       H0       H01     AOSYM     SMH    MOLCAS    OPER   

              2       5        2.48       700     1000      520     2100     2101   
                                         GEOM     BASIS   MCVARS     RHF      RHF  

 PROGRAMS   *        TOTAL       INT       MP2        HF       INT       MP2        HF       INT
 CPU TIMES  *         8.95      0.09      0.35      4.63      0.10      0.51      3.01      0.07
 REAL TIME  *       112.51 SEC
 DISK USED  *       158.47 MB      
 SF USED    *        25.23 MB      
 GA USED    *         3.20 MB       (max)       0.00 MB       (current)
 **********************************************************************************************************************************

1PROGRAM * RHF-SCF (CLOSED SHELL)       Authors: W. Meyer, H.-J. Werner


 NUMBER OF ELECTRONS:       9+    9-    SPACE SYMMETRY=1    SPIN SYMMETRY: Singlet 
 CONVERGENCE THRESHOLDS:    1.00E-05 (Density)    1.00E-07 (Energy)
 INTEGRAL THRESHOLDS:       1.00E-11 (Initial)    1.00E-11 (Final)
 MAX. NUMBER OF ITERATIONS:       60
 INTERPOLATION TYPE:            DIIS
 INTERPOLATION STEPS:              2 (START)      1 (STEP)
 LEVEL SHIFTS:                  0.00 (CLOSED)  0.00 (OPEN) 



 
 Basis set CC-PVDZ/JKFIT generated.      Number of basis functions:   487 
 
 Orbital guess generated from atomic densities. Full valence occupancy:   13
 Coulomb and exchange fitting
 Thresholds for fitting:       THRAO_COUL= 1.0D-14    THRAO_EXCH= 1.0D-12    THRMO= 1.0D-11    THRPROD= 1.0D-11    THRASM= 1.0D-11
                               THR2HLF=    1.0D-11

 Molecular orbital dump at record        2102.2

 ITERATION   DDIFF            GRAD            ENERGY        2-EL.EN.            DIPOLE MOMENTS         DIIS   CPU(IT)  CPU(TOT)  ORB.
    1      0.000D+00      0.000D+00      -114.29898674    165.896382   -0.77476   -2.01373   -0.10753    0      0.6      2.7     start
    2      0.000D+00      0.886D-02      -114.33521213    155.107766   -0.81890   -0.65470    0.22690    1      0.1      2.8     diag
    3      0.171D-01      0.847D-02      -114.41945855    160.051276   -0.82884   -1.22743    0.08508    2      0.1      2.9     diag
    4      0.107D-01      0.517D-03      -114.42028508    159.984784   -0.83251   -1.20877    0.08951    3      0.1      3.1     diag
    5      0.127D-02      0.132D-03      -114.42034884    159.958069   -0.83401   -1.21261    0.08833    4      0.1      3.2     diag
    6      0.383D-03      0.448D-04      -114.42035512    159.976701   -0.83434   -1.21225    0.08842    5      0.1      3.2     diag
    7      0.100D-03      0.155D-04      -114.42035603    159.972436   -0.83457   -1.21199    0.08846    6      0.1      3.4     diag
    8      0.390D-04      0.366D-05      -114.42035611    159.972604   -0.83465   -1.21164    0.08855    7      0.1      3.5     diag
    9      0.115D-04      0.876D-06      -114.42035611    159.972900   -0.83467   -1.21152    0.08858    8      0.1      3.6     diag
   10      0.319D-05      0.175D-06      -114.42035611    159.972832   -0.83467   -1.21149    0.08858    0      0.1      3.7     orth

 Final occupancy:   9

 !RHF STATE 1.1 Energy               -114.420356110903
 Nuclear energy                        33.49094481
 One-electron energy                 -227.89771687
 Two-electron energy                   79.98641596
 Virial quotient                       -1.00149864
 !RHF STATE 1.1 Dipole moment          -0.83467437    -1.21148964     0.08858466
 Dipole moment /Debye                  -2.12139169    -3.07909784     0.22514501

 Orbital energies:

         1.1          2.1          3.1          4.1          5.1          6.1          7.1          8.1          9.1         10.1
    -20.206778   -11.027834    -0.954033    -0.638222    -0.348922    -0.346591    -0.237951    -0.101949    -0.100162     0.124510

        11.1
      0.154050

 HOMO      9.1    -0.100162 =      -2.7255eV
 LUMO     10.1     0.124510 =       3.3881eV
 LUMO-HOMO         0.224672 =       6.1136eV


 **********************************************************************************************************************************
 DATASETS  * FILE   NREC   LENGTH (MB)   RECORD NAMES
              1      18        8.86       500      610      700      900      950      970     1000      129      960     1100   
                                          VAR    BASINP    GEOM    SYMINP    ZMAT    AOBASIS   BASIS     P2S    ABASIS      S 
                                         1400     1410     1200     1210     1080     1600     1650     1700   
                                           T        V       H0       H01     AOSYM     SMH    MOLCAS    OPER   

              2       6        3.72       700     1000      520     2100     2101     2102   
                                         GEOM     BASIS   MCVARS     RHF      RHF      RHF  

 PROGRAMS   *        TOTAL        HF       INT       MP2        HF       INT       MP2        HF       INT
 CPU TIMES  *        12.69      3.74      0.09      0.35      4.63      0.10      0.51      3.01      0.07
 REAL TIME  *       181.86 SEC
 DISK USED  *       176.24 MB      
 SF USED    *        25.23 MB      
 GA USED    *         3.20 MB       (max)       0.00 MB       (current)
 **********************************************************************************************************************************
 SETTING E_RHF_B        =    -71799.87189501  KCAL/MOL                        


1PROGRAM * MP2 (Closed-shell)     Authors: C. Hampel, H.-J. Werner, 1991, M. Deegan, P.J. Knowles, 1992

 Basis set AUG-CC-PVDZ/MP2FIT generated. Number of basis functions:   495 

 Convergence thresholds:  THRVAR = 1.00D-08  THRDEN = 1.00D-06

 Number of core orbitals:           2 (   2 )
 Number of closed-shell orbitals:   7 (   7 )
 Number of external orbitals:     164 ( 164 )

 Molecular orbitals read from record     2102.2  Type=RHF/CANONICAL (state 1.1)
 

 Entering DF-MP2

 Thresholds:    THRAO= 0.100D-09    THRMO= 0.100D-08    THROV= 0.100D-11

 Fitting basis: AUG-CC-PVDZ-MP2F
 Number of fitting functions:                 495
 Number of blocks in AO basis:                  3
 Minimum block size:                           50
 Maximum block size:                           73
 Average block size:                           58
 Number of groups in AO basis:                 60
 Number of shells in AO basis:                131

 Using large memory version DFMP2B. NIBTK= 1  NGPU= 0  IGPU= 0

 para=T  nprocs= 12  mpptyp=0  number of tasks=  35

 Minimum memory with paging:                  1.07 MW
 Minimum memory for incore assembly:          1.07 MW
 Maximum memory for incore algorithm:         1.36 MW
 Memory for 3-index integrals:                0.00 MW

 Disk space for H1-integrals:                 4.88 MB (   245 records)
 
 CPU time for half transformed integrals      0.04 sec, elapsed time      0.04 sec
 CPU time for assembly                        0.01 sec, elapsed time      0.02 sec (5379.2 MFLOP/sec)
 Total CPU time                               0.30 sec, elapsed time      0.33 sec

 SCS-MP2 correlation energy:           -0.377673694614   (PS=  1.200000  PT=  0.333333)
 SCS-MP2 total energy:               -114.798029805517

 Norm of first-order wave function:     0.093854815366
 Coefficient of reference function:     0.956137074688

  Reference energy                   -114.420356110903
  MP2 singlet pair energy              -0.240098882781
  MP2 triplet pair energy              -0.143927735267
  MP2 correlation energy               -0.384026618047

 !MP2 total energy                   -114.804382728951


 **********************************************************************************************************************************
 DATASETS  * FILE   NREC   LENGTH (MB)   RECORD NAMES
              1      18        8.86       500      610      700      900      950      970     1000      129      960     1100   
                                          VAR    BASINP    GEOM    SYMINP    ZMAT    AOBASIS   BASIS     P2S    ABASIS      S 
                                         1400     1410     1200     1210     1080     1600     1650     1700   
                                           T        V       H0       H01     AOSYM     SMH    MOLCAS    OPER   

              2       6        3.72       700     1000      520     2100     2101     2102   
                                         GEOM     BASIS   MCVARS     RHF      RHF      RHF  

 PROGRAMS   *        TOTAL       MP2        HF       INT       MP2        HF       INT       MP2        HF       INT
 CPU TIMES  *        13.08      0.39      3.74      0.09      0.35      4.63      0.10      0.51      3.01      0.07
 REAL TIME  *       182.40 SEC
 DISK USED  *       176.24 MB      
 SF USED    *        25.23 MB      
 GA USED    *         3.20 MB       (max)       0.00 MB       (current)
 **********************************************************************************************************************************
 SETTING E_CORR_B       =    -72040.85228449  KCAL/MOL                        
 SETTING E_B            =      -240.98038948  KCAL/MOL                        
 SETTING E_RHF_CP       =      -118.87198425  KCAL/MOL                        
 SETTING E_CORR_CP      =        -6.39239266  KCAL/MOL                        

        DF-MP2          DF-HF           DF-MP2          DF-HF           DF-MP2          DF-HF   
   -114.80438273   -114.42035611    -95.92367946    -95.58983934   -210.92768364   -210.19962998
 **********************************************************************************************************************************
 Variable memory released
