
 Primary working directories    : /scratch/1723254.phoenix.chem.wisc.edu
 Secondary working directories  : /scratch/1723254.phoenix.chem.wisc.edu
 Wavefunction directory         : /scratch/1723254.phoenix.chem.wisc.edu/
 Main file repository           : /scratch/1723254.phoenix.chem.wisc.edu/

 SHA1      : 65e45729fe3f963b0eb97374e3bda9949063ef0f
 NAME      : 2012.1.17
 ARCHNAME  : Linux/x86_64
 FC        : /opt/intel/composer_xe_2013.5.192/bin/intel64/ifort
 FCVERSION : 13.1.3
 BLASLIB   : -L/opt/intel/composer_xe_2013.5.192/mkl/lib/intel64 -lmkl_intel_ilp64 -lmkl_sequential -lmkl_core
 id        : cuichemwisc

 Nodes             nprocs
 compute-1-35.local   12
 ga_uses_ma=false, calling ma_init with nominal heap.
 GA-space will be limited to   8.0 MW (determined by -G option)

 Using customized tuning parameters: mindgm=1; mindgv=20; mindgc=4; mindgr=1; noblas=0; minvec=7
 default implementation of scratch files=sf  

 geomtyp=xyz
 geometry={
 13
  N0         -1.871728000000       0.590372000000      -0.409427000000
  C1         -2.211908000000      -0.607269000000       0.366391000000
  H2         -3.290849000000      -0.800379000000       0.474364000000
  H3         -1.777031000000      -0.515398000000       1.366626000000
  H4         -1.756203000000      -1.480607000000      -0.110636000000
  H5         -2.292946460000       1.392500770000       0.013851220000
  H6         -2.211824870000       0.489597950000      -1.344402240000
  H7         -0.878517500000       0.705429620000      -0.426592450000
  C8          0.939686306881      -0.620510570333      -0.380590381131
  H9          0.286405306881      -1.236880570333       0.242747618869
  H10         1.975207306881      -0.917323570333      -0.198589381131
  H11         0.709229306881      -0.790617570333      -1.435542381131
  O12         0.831296666881       0.764539269667      -0.041785681131
 }
 
 
 basis=avtz
 
                                                                                 ! Complex
 set,charge=0
 
 df-hf
 e_rhf_c = energy*tokcal
 df-mp2
 e_corr_c = energy*tokcal
 e_c = e_corr_c - e_rhf_c
 
 
                                                                                 ! Monomer 1
 set,charge=1
 dummy,C8,H9,H10,H11,O12
 
 df-hf
 e_rhf_a = energy*tokcal
 df-mp2
 e_corr_a = energy*tokcal
 e_a = e_corr_a - e_rhf_a
 
 
                                                                                 ! Monomer 2
 set,charge=-1
 dummy,N0,C1,H2,H3,H4,H5,H6,H7
 
 df-hf
 e_rhf_b = energy*tokcal
 df-mp2
 e_corr_b = energy*tokcal
 e_b = e_corr_b - e_rhf_b
 
 
 e_rhf_cp = e_rhf_c - (e_rhf_a + e_rhf_b)
 e_corr_cp = e_c - (e_a + e_b)

 Variables initialized (782), CPU time= 0.01 sec
 Commands  initialized (547), CPU time= 0.01 sec, 517 directives.
 Default parameters read. Elapsed time= 0.13 sec

 Checking input...
 Passed
1


                                         ***  PROGRAM SYSTEM MOLPRO  ***
                         Copyright, University College Cardiff Consultants Limited, 2008

                                    Version 2012.1 linked Oct 11 2014 15:40:16


 **********************************************************************************************************************************
 LABEL *                                                                                 
 Linux-2.6.18-308.el5/compute-1-35.local(x86_64) 64 bit mpp version                      DATE: 11-Dec-14          TIME: 18:25:59  
 **********************************************************************************************************************************

 SHA1:             65e45729fe3f963b0eb97374e3bda9949063ef0f
 **********************************************************************************************************************************
 SETTING GEOMTYP        =    XYZ

 Turning off symmetry in density fitting calculation
 To re-enable, use 'set,zsymel=auto'


 Variable memory set to  350000000 words,  buffer space   230000 words

 SETTING BASIS          =    AVTZ
 SETTING CHARGE         =         0.00000000                                  


 Recomputing integrals since basis changed


 Using spherical harmonics

 Library entry N      S aug-cc-pVTZ          selected for orbital group  1
 Library entry N      P aug-cc-pVTZ          selected for orbital group  1
 Library entry N      D aug-cc-pVTZ          selected for orbital group  1
 Library entry N      F aug-cc-pVTZ          selected for orbital group  1
 Library entry C      S aug-cc-pVTZ          selected for orbital group  2
 Library entry C      P aug-cc-pVTZ          selected for orbital group  2
 Library entry C      D aug-cc-pVTZ          selected for orbital group  2
 Library entry C      F aug-cc-pVTZ          selected for orbital group  2
 Library entry H      S aug-cc-pVTZ          selected for orbital group  3
 Library entry H      P aug-cc-pVTZ          selected for orbital group  3
 Library entry H      D aug-cc-pVTZ          selected for orbital group  3
 Library entry O      S aug-cc-pVTZ          selected for orbital group  6
 Library entry O      P aug-cc-pVTZ          selected for orbital group  6
 Library entry O      D aug-cc-pVTZ          selected for orbital group  6
 Library entry O      F aug-cc-pVTZ          selected for orbital group  6

1PROGRAM * SEWARD (Integral evaluation for generally contracted gaussian basis sets)     Author: Roland Lindh, 1990

 Geometry written to block  1 of record 700


 Point group  C1  



 ATOMIC COORDINATES

 NR  ATOM    CHARGE       X              Y              Z

   1  N0      7.00   -3.537053313    1.115641396   -0.773704901
   2  C1      6.00   -4.179900348   -1.147572098    0.692378647
   3  H2      1.00   -6.218803350   -1.512497111    0.896418047
   4  H3      1.00   -3.358101917   -0.973961069    2.582548864
   5  H4      1.00   -3.318742701   -2.797941738   -0.209071740
   6  H5      1.00   -4.333040843    2.631445093    0.026175012
   7  H6      1.00   -4.179743255    0.925206040   -2.540552044
   8  H7      1.00   -1.660157477    1.333068787   -0.806142900
   9  C8      6.00    1.775749769   -1.172595040   -0.719211589
  10  H9      1.00    0.541227593   -2.337365535    0.458726519
  11  H10     1.00    3.732600863   -1.733490322   -0.375279543
  12  H11     1.00    1.340249154   -1.494050683   -2.712781950
  13  O12     8.00    1.570923034    1.444769836   -0.078963494

 Bond lengths in Bohr (Angstrom)

 1-2  2.772145126  1-6  1.889726137  1-7  1.889726122  1-8  1.889726137  2-3  2.081328372
     ( 1.466956021)     ( 1.000000003)     ( 0.999999995)     ( 1.000000003)     ( 1.101391539)

  2- 4  2.068389929   2- 5  2.068314590   9-10  2.065980033   9-11  2.064499690   9-12  2.065748606
       ( 1.094544810)       ( 1.094504942)       ( 1.093269548)       ( 1.092486184)       ( 1.093147082)

  9-13  2.702308367
       ( 1.429999999)

 Bond angles

  1-2-3  114.97091777   1-2-4  108.82223243   1-2-5  108.92862229   2-1-6  109.47122075

  2-1-7  109.47122046   2-1-8  109.47122040   3-2-4  108.32125274   3-2-5  108.10103971

  4-2-5  107.44770163   6-1-7  109.47122110   6-1-8  109.47122038   7-1-8  109.47122072

 10- 9-11  108.55608257  10- 9-12  109.66566187  10- 9-13  111.44980317  11- 9-12  108.56147558

 11- 9-13  107.18872465  12- 9-13  111.30848889

 NUCLEAR CHARGE:                   36
 NUMBER OF PRIMITIVE AOS:         511
 NUMBER OF SYMMETRY AOS:          457
 NUMBER OF CONTRACTIONS:          391   ( 391A   )
 NUMBER OF CORE ORBITALS:           4   (   4A   )
 NUMBER OF VALENCE ORBITALS:       25   (  25A   )


 NUCLEAR REPULSION ENERGY  137.25946292


 Eigenvalues of metric

         1 0.127E-04 0.177E-04 0.248E-04 0.288E-04 0.343E-04 0.377E-04 0.422E-04 0.659E-04


 OPERATOR DM      FOR CENTER  0  COORDINATES:    0.000000    0.000000    0.000000


 **********************************************************************************************************************************
 DATASETS  * FILE   NREC   LENGTH (MB)   RECORD NAMES
              1      18       13.36       500      610      700      900      950      970     1000      129      960     1100   
                                          VAR    BASINP    GEOM    SYMINP    ZMAT    AOBASIS   BASIS     P2S    ABASIS      S 
                                         1400     1410     1200     1210     1080     1600     1650     1700   
                                           T        V       H0       H01     AOSYM     SMH    MOLCAS    OPER   

 PROGRAMS   *        TOTAL       INT
 CPU TIMES  *         0.44      0.30
 REAL TIME  *         1.19 SEC
 DISK USED  *         0.00 MB      
 GA USED    *         0.01 MB       (max)       0.00 MB       (current)
 **********************************************************************************************************************************

1PROGRAM * RHF-SCF (CLOSED SHELL)       Authors: W. Meyer, H.-J. Werner


 NUMBER OF ELECTRONS:      18+   18-    SPACE SYMMETRY=1    SPIN SYMMETRY: Singlet 
 CONVERGENCE THRESHOLDS:    1.00E-05 (Density)    1.00E-07 (Energy)
 INTEGRAL THRESHOLDS:       1.00E-11 (Initial)    1.00E-11 (Final)
 MAX. NUMBER OF ITERATIONS:       60
 INTERPOLATION TYPE:            DIIS
 INTERPOLATION STEPS:              2 (START)      1 (STEP)
 LEVEL SHIFTS:                  0.00 (CLOSED)  0.00 (OPEN) 



 
 Basis set CC-PVTZ/JKFIT generated.      Number of basis functions:   586 
 
 Orbital guess generated from atomic densities. Full valence occupancy:   29
 Coulomb and exchange fitting
 Thresholds for fitting:       THRAO_COUL= 1.0D-14    THRAO_EXCH= 1.0D-12    THRMO= 1.0D-11    THRPROD= 1.0D-11    THRASM= 1.0D-11
                               THR2HLF=    1.0D-11

 Molecular orbital dump at record        2100.2

 ITERATION   DDIFF            GRAD            ENERGY        2-EL.EN.            DIPOLE MOMENTS         DIIS   CPU(IT)  CPU(TOT)  ORB.
    1      0.000D+00      0.000D+00      -210.11114470    424.702834   -4.79154   -0.92934   -0.79858    0      0.9      3.8     start
    2      0.000D+00      0.455D-02      -210.18631938    417.815092   -3.80577   -0.15181   -0.21088    1      0.6      4.3     diag
    3      0.526D-02      0.377D-02      -210.25556780    421.362943   -4.02522   -0.56168   -0.39268    2      0.4      4.8     diag
    4      0.220D-02      0.418D-03      -210.25729373    421.091101   -3.98772   -0.54140   -0.38965    3      0.4      5.2     diag
    5      0.582D-03      0.108D-03      -210.25740215    421.142774   -3.97699   -0.54930   -0.38321    4      0.4      5.6     diag
    6      0.122D-03      0.372D-04      -210.25741676    421.113498   -3.97455   -0.54697   -0.38222    5      0.4      6.0     diag
    7      0.459D-04      0.909D-05      -210.25741801    421.115930   -3.97467   -0.54697   -0.38204    6      0.4      6.5     diag
    8      0.136D-04      0.253D-05      -210.25741814    421.115169   -3.97467   -0.54668   -0.38183    7      0.4      6.9     diag
    9      0.437D-05      0.828D-06      -210.25741816    421.115846   -3.97475   -0.54656   -0.38181    8      0.4      7.3     diag
   10      0.133D-05      0.279D-06      -210.25741816    421.115566   -3.97476   -0.54651   -0.38181    0      0.4      7.8     orth

 Final occupancy:  18

 !RHF STATE 1.1 Energy               -210.257418156051
 Nuclear energy                       137.25946292
 One-electron energy                 -558.07466401
 Two-electron energy                  210.55778294
 Virial quotient                       -1.00104587
 !RHF STATE 1.1 Dipole moment          -3.97476083    -0.54651414    -0.38180540
 Dipole moment /Debye                 -10.10217263    -1.38900941    -0.97038897

 Orbital energies:

         1.1          2.1          3.1          4.1          5.1          6.1          7.1          8.1          9.1         10.1
    -20.386243   -15.698897   -11.319548   -11.189765    -1.348249    -1.147747    -0.998427    -0.817192    -0.807777    -0.800332

        11.1         12.1         13.1         14.1         15.1         16.1         17.1         18.1         19.1         20.1
     -0.694184    -0.605190    -0.601873    -0.524408    -0.520158    -0.425721    -0.298219    -0.295619     0.001457     0.023949

 HOMO     18.1    -0.295619 =      -8.0442eV
 LUMO     19.1     0.001457 =       0.0396eV
 LUMO-HOMO         0.297076 =       8.0839eV


 **********************************************************************************************************************************
 DATASETS  * FILE   NREC   LENGTH (MB)   RECORD NAMES
              1      18       13.36       500      610      700      900      950      970     1000      129      960     1100   
                                          VAR    BASINP    GEOM    SYMINP    ZMAT    AOBASIS   BASIS     P2S    ABASIS      S 
                                         1400     1410     1200     1210     1080     1600     1650     1700   
                                           T        V       H0       H01     AOSYM     SMH    MOLCAS    OPER   

              2       4        4.23       700     1000      520     2100   
                                         GEOM     BASIS   MCVARS     RHF  

 PROGRAMS   *        TOTAL        HF       INT
 CPU TIMES  *         8.28      7.83      0.30
 REAL TIME  *        45.67 SEC
 DISK USED  *       337.32 MB      
 SF USED    *        36.92 MB      
 GA USED    *         3.20 MB       (max)       0.00 MB       (current)
 **********************************************************************************************************************************
 SETTING E_RHF_C        =    ***************  KCAL/MOL                        


1PROGRAM * MP2 (Closed-shell)     Authors: C. Hampel, H.-J. Werner, 1991, M. Deegan, P.J. Knowles, 1992

 Basis set AUG-CC-PVTZ/MP2FIT generated. Number of basis functions:   838 

 Convergence thresholds:  THRVAR = 1.00D-08  THRDEN = 1.00D-06

 Number of core orbitals:           4 (   4 )
 Number of closed-shell orbitals:  14 (  14 )
 Number of external orbitals:     373 ( 373 )

 Molecular orbitals read from record     2100.2  Type=RHF/CANONICAL (state 1.1)
 

 Entering DF-MP2

 Thresholds:    THRAO= 0.100D-09    THRMO= 0.100D-08    THROV= 0.100D-11

 Fitting basis: AUG-CC-PVTZ-MP2F
 Number of fitting functions:                 838
 Number of blocks in AO basis:                  3
 Minimum block size:                          115
 Maximum block size:                          161
 Average block size:                          130
 Number of groups in AO basis:                 99
 Number of shells in AO basis:                187

 Using large memory version DFMP2B. NIBTK= 1  NGPU= 0  IGPU= 0

 para=T  nprocs= 12  mpptyp=0  number of tasks=  28

 Minimum memory with paging:                  1.99 MW
 Minimum memory for incore assembly:          4.52 MW
 Maximum memory for incore algorithm:         6.11 MW
 Memory for 3-index integrals:                0.00 MW

 Disk space for H1-integrals:                36.98 MB (   392 records)
 
 CPU time for half transformed integrals      0.30 sec, elapsed time      0.30 sec
 CPU time for assembly                        0.33 sec, elapsed time      0.43 sec (7819.0 MFLOP/sec)
 Total CPU time                               1.19 sec, elapsed time      1.32 sec

 SCS-MP2 correlation energy:           -0.870495932123   (PS=  1.200000  PT=  0.333333)
 SCS-MP2 total energy:               -211.127914088176

 Norm of first-order wave function:     0.184887714145
 Coefficient of reference function:     0.918673950313

  Reference energy                   -210.257418156053
  MP2 singlet pair energy              -0.570651608399
  MP2 triplet pair energy              -0.298468931856
  MP2 correlation energy               -0.869120540255

 !MP2 total energy                   -211.126538696308


 **********************************************************************************************************************************
 DATASETS  * FILE   NREC   LENGTH (MB)   RECORD NAMES
              1      18       13.36       500      610      700      900      950      970     1000      129      960     1100   
                                          VAR    BASINP    GEOM    SYMINP    ZMAT    AOBASIS   BASIS     P2S    ABASIS      S 
                                         1400     1410     1200     1210     1080     1600     1650     1700   
                                           T        V       H0       H01     AOSYM     SMH    MOLCAS    OPER   

              2       4        4.23       700     1000      520     2100   
                                         GEOM     BASIS   MCVARS     RHF  

 PROGRAMS   *        TOTAL       MP2        HF       INT
 CPU TIMES  *         9.70      1.42      7.83      0.30
 REAL TIME  *        47.94 SEC
 DISK USED  *       337.32 MB      
 SF USED    *       118.03 MB      
 GA USED    *         3.20 MB       (max)       0.00 MB       (current)
 **********************************************************************************************************************************
 SETTING E_CORR_C       =    ***************  KCAL/MOL                        
 SETTING E_C            =      -545.38148257  KCAL/MOL                        
 SETTING CHARGE         =         1.00000000                                  

 Dummy atoms: C8  H9  H10  H11  O12


 Recomputing one-electron integrals since nuclear charges changed

1PROGRAM * SEWARD (Integral evaluation for generally contracted gaussian basis sets)     Author: Roland Lindh, 1990

 Geometry written to block  1 of record 700


 Point group  C1  



 ATOMIC COORDINATES

 NR  ATOM    CHARGE       X              Y              Z

   1  N0      7.00   -3.537053313    1.115641396   -0.773704901
   2  C1      6.00   -4.179900348   -1.147572098    0.692378647
   3  H2      1.00   -6.218803350   -1.512497111    0.896418047
   4  H3      1.00   -3.358101917   -0.973961069    2.582548864
   5  H4      1.00   -3.318742701   -2.797941738   -0.209071740
   6  H5      1.00   -4.333040843    2.631445093    0.026175012
   7  H6      1.00   -4.179743255    0.925206040   -2.540552044
   8  H7      1.00   -1.660157477    1.333068787   -0.806142900
   9  C8      0.00    1.775749769   -1.172595040   -0.719211589
  10  H9      0.00    0.541227593   -2.337365535    0.458726519
  11  H10     0.00    3.732600863   -1.733490322   -0.375279543
  12  H11     0.00    1.340249154   -1.494050683   -2.712781950
  13  O12     0.00    1.570923034    1.444769836   -0.078963494

 Bond lengths in Bohr (Angstrom)

 1-2  2.772145126  1-6  1.889726137  1-7  1.889726122  1-8  1.889726137  2-3  2.081328372
     ( 1.466956021)     ( 1.000000003)     ( 0.999999995)     ( 1.000000003)     ( 1.101391539)

  2- 4  2.068389929   2- 5  2.068314590   9-10  2.065980033   9-11  2.064499690   9-12  2.065748606
       ( 1.094544810)       ( 1.094504942)       ( 1.093269548)       ( 1.092486184)       ( 1.093147082)

  9-13  2.702308367
       ( 1.429999999)

 Bond angles

  1-2-3  114.97091777   1-2-4  108.82223243   1-2-5  108.92862229   2-1-6  109.47122075

  2-1-7  109.47122046   2-1-8  109.47122040   3-2-4  108.32125274   3-2-5  108.10103971

  4-2-5  107.44770163   6-1-7  109.47122110   6-1-8  109.47122038   7-1-8  109.47122072

 10- 9-11  108.55608257  10- 9-12  109.66566187  10- 9-13  111.44980317  11- 9-12  108.56147558

 11- 9-13  107.18872465  12- 9-13  111.30848889

 NUCLEAR CHARGE:                   19
 NUMBER OF PRIMITIVE AOS:         511
 NUMBER OF SYMMETRY AOS:          457
 NUMBER OF CONTRACTIONS:          391   ( 391A   )
 NUMBER OF CORE ORBITALS:           2   (   2A   )
 NUMBER OF VALENCE ORBITALS:       14   (  14A   )

 MOLECULE CHANGED: INITIALIZING OCCUPATION AND DUMP RECORDS


 NUCLEAR REPULSION ENERGY   48.60267443


 Eigenvalues of metric

         1 0.127E-04 0.177E-04 0.248E-04 0.288E-04 0.343E-04 0.377E-04 0.422E-04 0.659E-04


 OPERATOR DM      FOR CENTER  0  COORDINATES:    0.000000    0.000000    0.000000


 **********************************************************************************************************************************
 DATASETS  * FILE   NREC   LENGTH (MB)   RECORD NAMES
              1      18       13.36       500      610      700      900      950      970     1000      129      960     1100   
                                          VAR    BASINP    GEOM    SYMINP    ZMAT    AOBASIS   BASIS     P2S    ABASIS      S 
                                         1400     1410     1200     1210     1080     1600     1650     1700   
                                           T        V       H0       H01     AOSYM     SMH    MOLCAS    OPER   

              2       4        4.23       700     1000      520     2100   
                                         GEOM     BASIS   MCVARS     RHF  

 PROGRAMS   *        TOTAL       INT       MP2        HF       INT
 CPU TIMES  *        10.05      0.35      1.42      7.83      0.30
 REAL TIME  *        49.31 SEC
 DISK USED  *       337.32 MB      
 SF USED    *       118.03 MB      
 GA USED    *         3.20 MB       (max)       0.00 MB       (current)
 **********************************************************************************************************************************

1PROGRAM * RHF-SCF (CLOSED SHELL)       Authors: W. Meyer, H.-J. Werner


 NUMBER OF ELECTRONS:       9+    9-    SPACE SYMMETRY=1    SPIN SYMMETRY: Singlet 
 CONVERGENCE THRESHOLDS:    1.00E-05 (Density)    1.00E-07 (Energy)
 INTEGRAL THRESHOLDS:       1.00E-11 (Initial)    1.00E-11 (Final)
 MAX. NUMBER OF ITERATIONS:       60
 INTERPOLATION TYPE:            DIIS
 INTERPOLATION STEPS:              2 (START)      1 (STEP)
 LEVEL SHIFTS:                  0.00 (CLOSED)  0.00 (OPEN) 



 
 Basis set CC-PVTZ/JKFIT generated.      Number of basis functions:   586 
 
 Orbital guess generated from atomic densities. Full valence occupancy:   16
 Coulomb and exchange fitting
 Thresholds for fitting:       THRAO_COUL= 1.0D-14    THRAO_EXCH= 1.0D-12    THRMO= 1.0D-11    THRPROD= 1.0D-11    THRASM= 1.0D-11
                               THR2HLF=    1.0D-11

 Molecular orbital dump at record        2101.2

 ITERATION   DDIFF            GRAD            ENERGY        2-EL.EN.            DIPOLE MOMENTS         DIIS   CPU(IT)  CPU(TOT)  ORB.
    1      0.000D+00      0.000D+00       -95.56850303    148.248964   -3.53263    1.10748   -0.76880    0      1.0      3.8     start
    2      0.000D+00      0.309D-02       -95.61044573    150.823951   -3.64006    0.73423   -0.52718    1      0.4      4.2     diag
    3      0.276D-02      0.124D-02       -95.61492179    149.914429   -3.63830    0.74032   -0.53104    2      0.5      4.7     diag
    4      0.946D-03      0.402D-03       -95.61554960    150.132487   -3.64598    0.71612   -0.51538    3      0.4      5.1     diag
    5      0.299D-03      0.608D-04       -95.61557546    150.148879   -3.64758    0.71052   -0.51176    4      0.4      5.6     diag
    6      0.629D-04      0.112D-04       -95.61557645    150.143412   -3.64798    0.70936   -0.51101    5      0.4      6.0     diag
    7      0.126D-04      0.315D-05       -95.61557650    150.144633   -3.64800    0.70919   -0.51090    6      0.4      6.4     diag
    8      0.274D-05      0.834D-06       -95.61557650    150.144274   -3.64803    0.70911   -0.51084    0      0.4      6.9     orth

 Final occupancy:   9

 !RHF STATE 1.1 Energy                -95.615576500833
 Nuclear energy                        48.60267443
 One-electron energy                 -219.29038777
 Two-electron energy                   75.07213684
 Virial quotient                       -1.00035065
 !RHF STATE 1.1 Dipole moment          -3.64802807     0.70910834    -0.51084391
 Dipole moment /Debye                  -9.27175517     1.80225558    -1.29835066

 Orbital energies:

         1.1          2.1          3.1          4.1          5.1          6.1          7.1          8.1          9.1         10.1
    -15.912814   -11.489792    -1.550042    -1.176484    -1.008469    -1.007937    -0.880301    -0.773966    -0.773253    -0.127350

        11.1
     -0.087488

 HOMO      9.1    -0.773253 =     -21.0413eV
 LUMO     10.1    -0.127350 =      -3.4654eV
 LUMO-HOMO         0.645903 =      17.5759eV


 **********************************************************************************************************************************
 DATASETS  * FILE   NREC   LENGTH (MB)   RECORD NAMES
              1      18       13.36       500      610      700      900      950      970     1000      129      960     1100   
                                          VAR    BASINP    GEOM    SYMINP    ZMAT    AOBASIS   BASIS     P2S    ABASIS      S 
                                         1400     1410     1200     1210     1080     1600     1650     1700   
                                           T        V       H0       H01     AOSYM     SMH    MOLCAS    OPER   

              2       5       10.40       700     1000      520     2100     2101   
                                         GEOM     BASIS   MCVARS     RHF      RHF  

 PROGRAMS   *        TOTAL        HF       INT       MP2        HF       INT
 CPU TIMES  *        17.02      6.97      0.35      1.42      7.83      0.30
 REAL TIME  *       117.42 SEC
 DISK USED  *       396.67 MB      
 SF USED    *       118.03 MB      
 GA USED    *         3.20 MB       (max)       0.00 MB       (current)
 **********************************************************************************************************************************
 SETTING E_RHF_A        =    -59999.69216381  KCAL/MOL                        


1PROGRAM * MP2 (Closed-shell)     Authors: C. Hampel, H.-J. Werner, 1991, M. Deegan, P.J. Knowles, 1992

 Basis set AUG-CC-PVTZ/MP2FIT generated. Number of basis functions:   838 

 Convergence thresholds:  THRVAR = 1.00D-08  THRDEN = 1.00D-06

 Number of core orbitals:           2 (   2 )
 Number of closed-shell orbitals:   7 (   7 )
 Number of external orbitals:     382 ( 382 )

 Molecular orbitals read from record     2101.2  Type=RHF/CANONICAL (state 1.1)
 

 Entering DF-MP2

 Thresholds:    THRAO= 0.100D-09    THRMO= 0.100D-08    THROV= 0.100D-11

 Fitting basis: AUG-CC-PVTZ-MP2F
 Number of fitting functions:                 838
 Number of blocks in AO basis:                  3
 Minimum block size:                          115
 Maximum block size:                          161
 Average block size:                          130
 Number of groups in AO basis:                 99
 Number of shells in AO basis:                187

 Using large memory version DFMP2B. NIBTK= 1  NGPU= 0  IGPU= 0

 para=T  nprocs= 12  mpptyp=0  number of tasks=  28

 Minimum memory with paging:                  2.01 MW
 Minimum memory for incore assembly:          2.39 MW
 Maximum memory for incore algorithm:         3.80 MW
 Memory for 3-index integrals:                0.00 MW

 Disk space for H1-integrals:                18.49 MB (   196 records)
 
 CPU time for half transformed integrals      0.26 sec, elapsed time      0.27 sec
 CPU time for assembly                        0.10 sec, elapsed time      0.11 sec (7380.8 MFLOP/sec)
 Total CPU time                               0.88 sec, elapsed time      0.93 sec

 SCS-MP2 correlation energy:           -0.408858388510   (PS=  1.200000  PT=  0.333333)
 SCS-MP2 total energy:                -96.024434889344

 Norm of first-order wave function:     0.084395501094
 Coefficient of reference function:     0.960298269922

  Reference energy                    -95.615576500834
  MP2 singlet pair energy              -0.275109719712
  MP2 triplet pair energy              -0.126525093518
  MP2 correlation energy               -0.401634813230

 !MP2 total energy                    -96.017211314063


 **********************************************************************************************************************************
 DATASETS  * FILE   NREC   LENGTH (MB)   RECORD NAMES
              1      18       13.36       500      610      700      900      950      970     1000      129      960     1100   
                                          VAR    BASINP    GEOM    SYMINP    ZMAT    AOBASIS   BASIS     P2S    ABASIS      S 
                                         1400     1410     1200     1210     1080     1600     1650     1700   
                                           T        V       H0       H01     AOSYM     SMH    MOLCAS    OPER   

              2       5       10.40       700     1000      520     2100     2101   
                                         GEOM     BASIS   MCVARS     RHF      RHF  

 PROGRAMS   *        TOTAL       MP2        HF       INT       MP2        HF       INT
 CPU TIMES  *        18.08      1.06      6.97      0.35      1.42      7.83      0.30
 REAL TIME  *       118.66 SEC
 DISK USED  *       396.67 MB      
 SF USED    *       118.03 MB      
 GA USED    *         3.20 MB       (max)       0.00 MB       (current)
 **********************************************************************************************************************************
 SETTING E_CORR_A       =    -60251.72186480  KCAL/MOL                        
 SETTING E_A            =      -252.02970100  KCAL/MOL                        
 SETTING CHARGE         =        -1.00000000                                  

 Dummy atoms: N0  C1  H2  H3  H4  H5  H6  H7


 Recomputing one-electron integrals since nuclear charges changed

1PROGRAM * SEWARD (Integral evaluation for generally contracted gaussian basis sets)     Author: Roland Lindh, 1990

 Geometry written to block  1 of record 700


 Point group  C1  



 ATOMIC COORDINATES

 NR  ATOM    CHARGE       X              Y              Z

   1  N0      0.00   -3.537053313    1.115641396   -0.773704901
   2  C1      0.00   -4.179900348   -1.147572098    0.692378647
   3  H2      0.00   -6.218803350   -1.512497111    0.896418047
   4  H3      0.00   -3.358101917   -0.973961069    2.582548864
   5  H4      0.00   -3.318742701   -2.797941738   -0.209071740
   6  H5      0.00   -4.333040843    2.631445093    0.026175012
   7  H6      0.00   -4.179743255    0.925206040   -2.540552044
   8  H7      0.00   -1.660157477    1.333068787   -0.806142900
   9  C8      6.00    1.775749769   -1.172595040   -0.719211589
  10  H9      1.00    0.541227593   -2.337365535    0.458726519
  11  H10     1.00    3.732600863   -1.733490322   -0.375279543
  12  H11     1.00    1.340249154   -1.494050683   -2.712781950
  13  O12     8.00    1.570923034    1.444769836   -0.078963494

 Bond lengths in Bohr (Angstrom)

 1-2  2.772145126  1-6  1.889726137  1-7  1.889726122  1-8  1.889726137  2-3  2.081328372
     ( 1.466956021)     ( 1.000000003)     ( 0.999999995)     ( 1.000000003)     ( 1.101391539)

  2- 4  2.068389929   2- 5  2.068314590   9-10  2.065980033   9-11  2.064499690   9-12  2.065748606
       ( 1.094544810)       ( 1.094504942)       ( 1.093269548)       ( 1.092486184)       ( 1.093147082)

  9-13  2.702308367
       ( 1.429999999)

 Bond angles

  1-2-3  114.97091777   1-2-4  108.82223243   1-2-5  108.92862229   2-1-6  109.47122075

  2-1-7  109.47122046   2-1-8  109.47122040   3-2-4  108.32125274   3-2-5  108.10103971

  4-2-5  107.44770163   6-1-7  109.47122110   6-1-8  109.47122038   7-1-8  109.47122072

 10- 9-11  108.55608257  10- 9-12  109.66566187  10- 9-13  111.44980317  11- 9-12  108.56147558

 11- 9-13  107.18872465  12- 9-13  111.30848889

 NUCLEAR CHARGE:                   17
 NUMBER OF PRIMITIVE AOS:         511
 NUMBER OF SYMMETRY AOS:          457
 NUMBER OF CONTRACTIONS:          391   ( 391A   )
 NUMBER OF CORE ORBITALS:           2   (   2A   )
 NUMBER OF VALENCE ORBITALS:       11   (  11A   )

 MOLECULE CHANGED: INITIALIZING OCCUPATION AND DUMP RECORDS


 NUCLEAR REPULSION ENERGY   33.49094481


 Eigenvalues of metric

         1 0.127E-04 0.177E-04 0.248E-04 0.288E-04 0.343E-04 0.377E-04 0.422E-04 0.659E-04


 OPERATOR DM      FOR CENTER  0  COORDINATES:    0.000000    0.000000    0.000000


 **********************************************************************************************************************************
 DATASETS  * FILE   NREC   LENGTH (MB)   RECORD NAMES
              1      18       13.36       500      610      700      900      950      970     1000      129      960     1100   
                                          VAR    BASINP    GEOM    SYMINP    ZMAT    AOBASIS   BASIS     P2S    ABASIS      S 
                                         1400     1410     1200     1210     1080     1600     1650     1700   
                                           T        V       H0       H01     AOSYM     SMH    MOLCAS    OPER   

              2       5       10.40       700     1000      520     2100     2101   
                                         GEOM     BASIS   MCVARS     RHF      RHF  

 PROGRAMS   *        TOTAL       INT       MP2        HF       INT       MP2        HF       INT
 CPU TIMES  *        18.38      0.29      1.06      6.97      0.35      1.42      7.83      0.30
 REAL TIME  *       119.34 SEC
 DISK USED  *       396.67 MB      
 SF USED    *       118.03 MB      
 GA USED    *         3.20 MB       (max)       0.00 MB       (current)
 **********************************************************************************************************************************

1PROGRAM * RHF-SCF (CLOSED SHELL)       Authors: W. Meyer, H.-J. Werner


 NUMBER OF ELECTRONS:       9+    9-    SPACE SYMMETRY=1    SPIN SYMMETRY: Singlet 
 CONVERGENCE THRESHOLDS:    1.00E-05 (Density)    1.00E-07 (Energy)
 INTEGRAL THRESHOLDS:       1.00E-11 (Initial)    1.00E-11 (Final)
 MAX. NUMBER OF ITERATIONS:       60
 INTERPOLATION TYPE:            DIIS
 INTERPOLATION STEPS:              2 (START)      1 (STEP)
 LEVEL SHIFTS:                  0.00 (CLOSED)  0.00 (OPEN) 



 
 Basis set CC-PVTZ/JKFIT generated.      Number of basis functions:   586 
 
 Orbital guess generated from atomic densities. Full valence occupancy:   13
 Coulomb and exchange fitting
 Thresholds for fitting:       THRAO_COUL= 1.0D-14    THRAO_EXCH= 1.0D-12    THRMO= 1.0D-11    THRPROD= 1.0D-11    THRASM= 1.0D-11
                               THR2HLF=    1.0D-11

 Molecular orbital dump at record        2102.2

 ITERATION   DDIFF            GRAD            ENERGY        2-EL.EN.            DIPOLE MOMENTS         DIIS   CPU(IT)  CPU(TOT)  ORB.
    1      0.000D+00      0.000D+00      -114.32256772    166.142510   -1.52454   -2.04349   -0.06744    0      0.8      3.5     start
    2      0.000D+00      0.603D-02      -114.35514263    154.947640   -1.55476   -0.64562    0.27507    1      0.5      4.0     diag
    3      0.872D-02      0.596D-02      -114.44652722    160.171051   -1.57942   -1.24182    0.12873    2      0.5      4.4     diag
    4      0.604D-02      0.356D-03      -114.44738732    160.130496   -1.58443   -1.22132    0.13365    3      0.4      4.9     diag
    5      0.739D-03      0.930D-04      -114.44746224    160.104195   -1.58643   -1.22231    0.13322    4      0.4      5.3     diag
    6      0.223D-03      0.332D-04      -114.44746986    160.121576   -1.58697   -1.22087    0.13357    5      0.4      5.8     diag
    7      0.565D-04      0.121D-04      -114.44747098    160.115602   -1.58729   -1.22023    0.13371    6      0.4      6.2     diag
    8      0.181D-04      0.312D-05      -114.44747110    160.116041   -1.58742   -1.21974    0.13383    7      0.5      6.6     diag
    9      0.598D-05      0.736D-06      -114.44747111    160.116413   -1.58744   -1.21959    0.13387    8      0.4      7.1     diag
   10      0.160D-05      0.151D-06      -114.44747111    160.116306   -1.58745   -1.21955    0.13388    0      0.5      7.5     orth

 Final occupancy:   9

 !RHF STATE 1.1 Energy               -114.447471110698
 Nuclear energy                        33.49094481
 One-electron energy                 -227.99656879
 Two-electron energy                   80.05815287
 Virial quotient                       -1.00129967
 !RHF STATE 1.1 Dipole moment          -1.58744739    -1.21954931     0.13387586
 Dipole moment /Debye                  -4.03462453    -3.09958213     0.34025620

 Orbital energies:

         1.1          2.1          3.1          4.1          5.1          6.1          7.1          8.1          9.1         10.1
    -20.195377   -11.020380    -0.950594    -0.637083    -0.349309    -0.346847    -0.236898    -0.102745    -0.100899     0.109842

        11.1
      0.133540

 HOMO      9.1    -0.100899 =      -2.7456eV
 LUMO     10.1     0.109842 =       2.9890eV
 LUMO-HOMO         0.210741 =       5.7346eV


 **********************************************************************************************************************************
 DATASETS  * FILE   NREC   LENGTH (MB)   RECORD NAMES
              1      18       13.36       500      610      700      900      950      970     1000      129      960     1100   
                                          VAR    BASINP    GEOM    SYMINP    ZMAT    AOBASIS   BASIS     P2S    ABASIS      S 
                                         1400     1410     1200     1210     1080     1600     1650     1700   
                                           T        V       H0       H01     AOSYM     SMH    MOLCAS    OPER   

              2       6       16.58       700     1000      520     2100     2101     2102   
                                         GEOM     BASIS   MCVARS     RHF      RHF      RHF  

 PROGRAMS   *        TOTAL        HF       INT       MP2        HF       INT       MP2        HF       INT
 CPU TIMES  *        26.10      7.70      0.29      1.06      6.97      0.35      1.42      7.83      0.30
 REAL TIME  *       200.67 SEC
 DISK USED  *       485.46 MB      
 SF USED    *       118.03 MB      
 GA USED    *         3.20 MB       (max)       0.00 MB       (current)
 **********************************************************************************************************************************
 SETTING E_RHF_B        =    -71816.88681769  KCAL/MOL                        


1PROGRAM * MP2 (Closed-shell)     Authors: C. Hampel, H.-J. Werner, 1991, M. Deegan, P.J. Knowles, 1992

 Basis set AUG-CC-PVTZ/MP2FIT generated. Number of basis functions:   838 

 Convergence thresholds:  THRVAR = 1.00D-08  THRDEN = 1.00D-06

 Number of core orbitals:           2 (   2 )
 Number of closed-shell orbitals:   7 (   7 )
 Number of external orbitals:     382 ( 382 )

 Molecular orbitals read from record     2102.2  Type=RHF/CANONICAL (state 1.1)
 

 Entering DF-MP2

 Thresholds:    THRAO= 0.100D-09    THRMO= 0.100D-08    THROV= 0.100D-11

 Fitting basis: AUG-CC-PVTZ-MP2F
 Number of fitting functions:                 838
 Number of blocks in AO basis:                  3
 Minimum block size:                          115
 Maximum block size:                          161
 Average block size:                          130
 Number of groups in AO basis:                 99
 Number of shells in AO basis:                187

 Using large memory version DFMP2B. NIBTK= 1  NGPU= 0  IGPU= 0

 para=T  nprocs= 12  mpptyp=0  number of tasks=  28

 Minimum memory with paging:                  2.01 MW
 Minimum memory for incore assembly:          2.39 MW
 Maximum memory for incore algorithm:         3.80 MW
 Memory for 3-index integrals:                0.00 MW

 Disk space for H1-integrals:                18.49 MB (   196 records)
 
 CPU time for half transformed integrals      0.28 sec, elapsed time      0.28 sec
 CPU time for assembly                        0.08 sec, elapsed time      0.10 sec (6150.7 MFLOP/sec)
 Total CPU time                               0.94 sec, elapsed time      0.98 sec

 SCS-MP2 correlation energy:           -0.454979237986   (PS=  1.200000  PT=  0.333333)
 SCS-MP2 total energy:               -114.902450348684

 Norm of first-order wave function:     0.100747281146
 Coefficient of reference function:     0.953138888430

  Reference energy                   -114.447471110698
  MP2 singlet pair energy              -0.293802155772
  MP2 triplet pair energy              -0.164598189204
  MP2 correlation energy               -0.458400344975

 !MP2 total energy                   -114.905871455673


 **********************************************************************************************************************************
 DATASETS  * FILE   NREC   LENGTH (MB)   RECORD NAMES
              1      18       13.36       500      610      700      900      950      970     1000      129      960     1100   
                                          VAR    BASINP    GEOM    SYMINP    ZMAT    AOBASIS   BASIS     P2S    ABASIS      S 
                                         1400     1410     1200     1210     1080     1600     1650     1700   
                                           T        V       H0       H01     AOSYM     SMH    MOLCAS    OPER   

              2       6       16.58       700     1000      520     2100     2101     2102   
                                         GEOM     BASIS   MCVARS     RHF      RHF      RHF  

 PROGRAMS   *        TOTAL       MP2        HF       INT       MP2        HF       INT       MP2        HF       INT
 CPU TIMES  *        27.29      1.19      7.70      0.29      1.06      6.97      0.35      1.42      7.83      0.30
 REAL TIME  *       202.50 SEC
 DISK USED  *       485.46 MB      
 SF USED    *       118.03 MB      
 GA USED    *         3.20 MB       (max)       0.00 MB       (current)
 **********************************************************************************************************************************
 SETTING E_CORR_B       =    -72104.53743480  KCAL/MOL                        
 SETTING E_B            =      -287.65061712  KCAL/MOL                        
 SETTING E_RHF_CP       =      -121.96938264  KCAL/MOL                        
 SETTING E_CORR_CP      =        -5.70116446  KCAL/MOL                        

        DF-MP2          DF-HF           DF-MP2          DF-HF           DF-MP2          DF-HF   
   -114.90587146   -114.44747111    -96.01721131    -95.61557650   -211.12653870   -210.25741816
 **********************************************************************************************************************************
 Variable memory released
