
 Primary working directories    : /scratch/1723237.phoenix.chem.wisc.edu
 Secondary working directories  : /scratch/1723237.phoenix.chem.wisc.edu
 Wavefunction directory         : /scratch/1723237.phoenix.chem.wisc.edu/
 Main file repository           : /scratch/1723237.phoenix.chem.wisc.edu/

 SHA1      : 65e45729fe3f963b0eb97374e3bda9949063ef0f
 NAME      : 2012.1.17
 ARCHNAME  : Linux/x86_64
 FC        : /opt/intel/composer_xe_2013.5.192/bin/intel64/ifort
 FCVERSION : 13.1.3
 BLASLIB   : -L/opt/intel/composer_xe_2013.5.192/mkl/lib/intel64 -lmkl_intel_ilp64 -lmkl_sequential -lmkl_core
 id        : cuichemwisc

 Nodes             nprocs
 compute-1-33.local   12
 ga_uses_ma=false, calling ma_init with nominal heap.
 GA-space will be limited to   8.0 MW (determined by -G option)

 Using customized tuning parameters: mindgm=1; mindgv=20; mindgc=4; mindgr=1; noblas=0; minvec=7
 default implementation of scratch files=sf  

 geomtyp=xyz
 geometry={
 13
  N0         -1.871728000000       0.590372000000      -0.409427000000
  C1         -2.211908000000      -0.607269000000       0.366391000000
  H2         -3.290849000000      -0.800379000000       0.474364000000
  H3         -1.777031000000      -0.515398000000       1.366626000000
  H4         -1.756203000000      -1.480607000000      -0.110636000000
  H5         -2.292946460000       1.392500770000       0.013851220000
  H6         -2.211824870000       0.489597950000      -1.344402240000
  H7         -0.878517500000       0.705429620000      -0.426592450000
  C8          0.807022768441      -0.622079050167      -0.372791300566
  H9          0.153741768441      -1.238449050167       0.250546699434
  H10         1.842543768441      -0.918892050167      -0.190790300566
  H11         0.576565768441      -0.792186050167      -1.427743300566
  O12         0.698633128441       0.762970789833      -0.033986600566
 }
 
 
 basis=avdz
 
                                                                                 ! Complex
 set,charge=0
 
 df-hf
 e_rhf_c = energy*tokcal
 df-mp2
 e_corr_c = energy*tokcal
 e_c = e_corr_c - e_rhf_c
 
 
                                                                                 ! Monomer 1
 set,charge=1
 dummy,C8,H9,H10,H11,O12
 
 df-hf
 e_rhf_a = energy*tokcal
 df-mp2
 e_corr_a = energy*tokcal
 e_a = e_corr_a - e_rhf_a
 
 
                                                                                 ! Monomer 2
 set,charge=-1
 dummy,N0,C1,H2,H3,H4,H5,H6,H7
 
 df-hf
 e_rhf_b = energy*tokcal
 df-mp2
 e_corr_b = energy*tokcal
 e_b = e_corr_b - e_rhf_b
 
 
 e_rhf_cp = e_rhf_c - (e_rhf_a + e_rhf_b)
 e_corr_cp = e_c - (e_a + e_b)

 Variables initialized (782), CPU time= 0.01 sec
 Commands  initialized (547), CPU time= 0.01 sec, 517 directives.
 Default parameters read. Elapsed time= 0.10 sec

 Checking input...
 Passed
1


                                         ***  PROGRAM SYSTEM MOLPRO  ***
                         Copyright, University College Cardiff Consultants Limited, 2008

                                    Version 2012.1 linked Oct 11 2014 15:40:16


 **********************************************************************************************************************************
 LABEL *                                                                                 
 Linux-2.6.18-308.el5/compute-1-33.local(x86_64) 64 bit mpp version                      DATE: 11-Dec-14          TIME: 22:35:28  
 **********************************************************************************************************************************

 SHA1:             65e45729fe3f963b0eb97374e3bda9949063ef0f
 **********************************************************************************************************************************
 SETTING GEOMTYP        =    XYZ

 Turning off symmetry in density fitting calculation
 To re-enable, use 'set,zsymel=auto'


 Variable memory set to  350000000 words,  buffer space   230000 words

 SETTING BASIS          =    AVDZ
 SETTING CHARGE         =         0.00000000                                  


 Recomputing integrals since basis changed


 Using spherical harmonics

 Library entry N      S aug-cc-pVDZ          selected for orbital group  1
 Library entry N      P aug-cc-pVDZ          selected for orbital group  1
 Library entry N      D aug-cc-pVDZ          selected for orbital group  1
 Library entry C      S aug-cc-pVDZ          selected for orbital group  2
 Library entry C      P aug-cc-pVDZ          selected for orbital group  2
 Library entry C      D aug-cc-pVDZ          selected for orbital group  2
 Library entry H      S aug-cc-pVDZ          selected for orbital group  3
 Library entry H      P aug-cc-pVDZ          selected for orbital group  3
 Library entry O      S aug-cc-pVDZ          selected for orbital group  6
 Library entry O      P aug-cc-pVDZ          selected for orbital group  6
 Library entry O      D aug-cc-pVDZ          selected for orbital group  6

1PROGRAM * SEWARD (Integral evaluation for generally contracted gaussian basis sets)     Author: Roland Lindh, 1990

 Geometry written to block  1 of record 700


 Point group  C1  



 ATOMIC COORDINATES

 NR  ATOM    CHARGE       X              Y              Z

   1  N0      7.00   -3.537053313    1.115641396   -0.773704901
   2  C1      6.00   -4.179900348   -1.147572098    0.692378647
   3  H2      1.00   -6.218803350   -1.512497111    0.896418047
   4  H3      1.00   -3.358101917   -0.973961069    2.582548864
   5  H4      1.00   -3.318742701   -2.797941738   -0.209071740
   6  H5      1.00   -4.333040843    2.631445093    0.026175012
   7  H6      1.00   -4.179743255    0.925206040   -2.540552044
   8  H7      1.00   -1.660157477    1.333068787   -0.806142900
   9  C8      6.00    1.525052014   -1.175559037   -0.704473462
  10  H9      1.00    0.290529837   -2.340329533    0.473464645
  11  H10     1.00    3.481903108   -1.736454319   -0.360541417
  12  H11     1.00    1.089551399   -1.497014680   -2.698043824
  13  O12     8.00    1.320225279    1.441805839   -0.064225367

 Bond lengths in Bohr (Angstrom)

 1-2  2.772145126  1-6  1.889726137  1-7  1.889726122  1-8  1.889726137  2-3  2.081328372
     ( 1.466956021)     ( 1.000000003)     ( 0.999999995)     ( 1.000000003)     ( 1.101391539)

  2- 4  2.068389929   2- 5  2.068314590   9-10  2.065980033   9-11  2.064499690   9-12  2.065748606
       ( 1.094544810)       ( 1.094504942)       ( 1.093269548)       ( 1.092486184)       ( 1.093147082)

  9-13  2.702308367
       ( 1.429999999)

 Bond angles

  1-2-3  114.97091777   1-2-4  108.82223243   1-2-5  108.92862229   2-1-6  109.47122075

  2-1-7  109.47122046   2-1-8  109.47122040   3-2-4  108.32125274   3-2-5  108.10103971

  4-2-5  107.44770163   6-1-7  109.47122110   6-1-8  109.47122038   7-1-8  109.47122072

 10- 9-11  108.55608257  10- 9-12  109.66566187  10- 9-13  111.44980317  11- 9-12  108.56147558

 11- 9-13  107.18872465  12- 9-13  111.30848889

 NUCLEAR CHARGE:                   36
 NUMBER OF PRIMITIVE AOS:         247
 NUMBER OF SYMMETRY AOS:          239
 NUMBER OF CONTRACTIONS:          173   ( 173A   )
 NUMBER OF CORE ORBITALS:           4   (   4A   )
 NUMBER OF VALENCE ORBITALS:       25   (  25A   )


 NUCLEAR REPULSION ENERGY  139.60678565


 Eigenvalues of metric

         1 0.125E-03 0.261E-03 0.307E-03 0.324E-03 0.440E-03 0.508E-03 0.619E-03 0.714E-03


 OPERATOR DM      FOR CENTER  0  COORDINATES:    0.000000    0.000000    0.000000


 **********************************************************************************************************************************
 DATASETS  * FILE   NREC   LENGTH (MB)   RECORD NAMES
              1      18        8.86       500      610      700      900      950      970     1000      129      960     1100   
                                          VAR    BASINP    GEOM    SYMINP    ZMAT    AOBASIS   BASIS     P2S    ABASIS      S 
                                         1400     1410     1200     1210     1080     1600     1650     1700   
                                           T        V       H0       H01     AOSYM     SMH    MOLCAS    OPER   

 PROGRAMS   *        TOTAL       INT
 CPU TIMES  *         0.22      0.08
 REAL TIME  *         0.48 SEC
 DISK USED  *         0.00 MB      
 GA USED    *         0.00 MB       (max)       0.00 MB       (current)
 **********************************************************************************************************************************

1PROGRAM * RHF-SCF (CLOSED SHELL)       Authors: W. Meyer, H.-J. Werner


 NUMBER OF ELECTRONS:      18+   18-    SPACE SYMMETRY=1    SPIN SYMMETRY: Singlet 
 CONVERGENCE THRESHOLDS:    1.00E-05 (Density)    1.00E-07 (Energy)
 INTEGRAL THRESHOLDS:       1.00E-11 (Initial)    1.00E-11 (Final)
 MAX. NUMBER OF ITERATIONS:       60
 INTERPOLATION TYPE:            DIIS
 INTERPOLATION STEPS:              2 (START)      1 (STEP)
 LEVEL SHIFTS:                  0.00 (CLOSED)  0.00 (OPEN) 



 
 Basis set CC-PVDZ/JKFIT generated.      Number of basis functions:   487 
 
 Orbital guess generated from atomic densities. Full valence occupancy:   29
 Coulomb and exchange fitting
 Thresholds for fitting:       THRAO_COUL= 1.0D-14    THRAO_EXCH= 1.0D-12    THRMO= 1.0D-11    THRPROD= 1.0D-11    THRASM= 1.0D-11
                               THR2HLF=    1.0D-11

 Molecular orbital dump at record        2100.2

 ITERATION   DDIFF            GRAD            ENERGY        2-EL.EN.            DIPOLE MOMENTS         DIIS   CPU(IT)  CPU(TOT)  ORB.
    1      0.000D+00      0.000D+00      -210.07070090    428.963477   -4.46114   -0.89737   -0.79799    0     40.0   1121.4     start
    2      0.000D+00      0.670D-02      -210.14580230    422.677097   -3.50012   -0.16133   -0.22160    1     15.4   1136.8     diag
    3      0.115D-01      0.523D-02      -210.20510739    425.863965   -3.69779   -0.55672   -0.39943    2      2.5   1139.2     diag
    4      0.482D-02      0.632D-03      -210.20678724    425.577011   -3.66333   -0.53663   -0.39470    3      0.9   1140.2     diag
    5      0.119D-02      0.145D-03      -210.20687731    425.622624   -3.65443   -0.54592   -0.38873    4      0.3   1140.5     diag
    6      0.266D-03      0.489D-04      -210.20688915    425.598139   -3.65298   -0.54438   -0.38795    5      0.2   1140.7     diag
    7      0.941D-04      0.126D-04      -210.20689018    425.600914   -3.65331   -0.54462   -0.38785    6      0.1   1140.8     diag
    8      0.279D-04      0.350D-05      -210.20689028    425.599809   -3.65334   -0.54438   -0.38765    7      0.4   1141.2     diag
    9      0.889D-05      0.117D-05      -210.20689029    425.600513   -3.65342   -0.54429   -0.38763    8     17.0   1158.2     diag
   10      0.278D-05      0.355D-06      -210.20689029    425.600303   -3.65344   -0.54426   -0.38763    0      0.1   1158.3     orth

 Final occupancy:  18

 !RHF STATE 1.1 Energy               -210.206890290845
 Nuclear energy                       139.60678565
 One-electron energy                 -562.61382754
 Two-electron energy                  212.80015160
 Virial quotient                       -1.00083959
 !RHF STATE 1.1 Dipole moment          -3.65343853    -0.54425787    -0.38763229
 Dipole moment /Debye                  -9.28550631    -1.38327491    -0.98519849

 Orbital energies:

         1.1          2.1          3.1          4.1          5.1          6.1          7.1          8.1          9.1         10.1
    -20.403976   -15.692716   -11.319257   -11.202416    -1.340414    -1.162076    -0.992490    -0.823589    -0.799645    -0.791462

        11.1         12.1         13.1         14.1         15.1         16.1         17.1         18.1         19.1         20.1
     -0.685404    -0.600128    -0.594948    -0.528580    -0.524035    -0.434872    -0.307489    -0.303265     0.008046     0.031910

 HOMO     18.1    -0.303265 =      -8.2523eV
 LUMO     19.1     0.008046 =       0.2189eV
 LUMO-HOMO         0.311311 =       8.4712eV


 **********************************************************************************************************************************
 DATASETS  * FILE   NREC   LENGTH (MB)   RECORD NAMES
              1      18        8.86       500      610      700      900      950      970     1000      129      960     1100   
                                          VAR    BASINP    GEOM    SYMINP    ZMAT    AOBASIS   BASIS     P2S    ABASIS      S 
                                         1400     1410     1200     1210     1080     1600     1650     1700   
                                           T        V       H0       H01     AOSYM     SMH    MOLCAS    OPER   

              2       4        1.24       700     1000      520     2100   
                                         GEOM     BASIS   MCVARS     RHF  

 PROGRAMS   *        TOTAL        HF       INT
 CPU TIMES  *      1163.92   1158.69      0.08
 REAL TIME  *      3389.82 SEC
 DISK USED  *       146.48 MB      
 SF USED    *        14.60 MB      
 GA USED    *         3.20 MB       (max)       0.00 MB       (current)
 **********************************************************************************************************************************
 SETTING E_RHF_C        =    ***************  KCAL/MOL                        


1PROGRAM * MP2 (Closed-shell)     Authors: C. Hampel, H.-J. Werner, 1991, M. Deegan, P.J. Knowles, 1992

 Basis set AUG-CC-PVDZ/MP2FIT generated. Number of basis functions:   495 

 Convergence thresholds:  THRVAR = 1.00D-08  THRDEN = 1.00D-06

 Number of core orbitals:           4 (   4 )
 Number of closed-shell orbitals:  14 (  14 )
 Number of external orbitals:     155 ( 155 )

 Molecular orbitals read from record     2100.2  Type=RHF/CANONICAL (state 1.1)
 

 Entering DF-MP2

 Thresholds:    THRAO= 0.100D-09    THRMO= 0.100D-08    THROV= 0.100D-11

 Fitting basis: AUG-CC-PVDZ-MP2F
 Number of fitting functions:                 495
 Number of blocks in AO basis:                  3
 Minimum block size:                           50
 Maximum block size:                           73
 Average block size:                           58
 Number of groups in AO basis:                 60
 Number of shells in AO basis:                131

 Using large memory version DFMP2B. NIBTK= 1  NGPU= 0  IGPU= 0

 para=T  nprocs= 12  mpptyp=0  number of tasks=  35

 Minimum memory with paging:                  1.06 MW
 Minimum memory for incore assembly:          1.10 MW
 Maximum memory for incore algorithm:         1.97 MW
 Memory for 3-index integrals:                0.00 MW

 Disk space for H1-integrals:                 9.76 MB (   490 records)
 
 CPU time for half transformed integrals      0.05 sec, elapsed time      0.06 sec
 CPU time for assembly                        0.03 sec, elapsed time      0.04 sec (7207.5 MFLOP/sec)
 Total CPU time                               0.31 sec, elapsed time      0.33 sec

 SCS-MP2 correlation energy:           -0.718630037010   (PS=  1.200000  PT=  0.333333)
 SCS-MP2 total energy:               -210.925520327855

 Norm of first-order wave function:     0.170382244416
 Coefficient of reference function:     0.924349344768

  Reference energy                   -210.206890290845
  MP2 singlet pair energy              -0.463668221587
  MP2 triplet pair energy              -0.260723846421
  MP2 correlation energy               -0.724392068008

 !MP2 total energy                   -210.931282358853


 **********************************************************************************************************************************
 DATASETS  * FILE   NREC   LENGTH (MB)   RECORD NAMES
              1      18        8.86       500      610      700      900      950      970     1000      129      960     1100   
                                          VAR    BASINP    GEOM    SYMINP    ZMAT    AOBASIS   BASIS     P2S    ABASIS      S 
                                         1400     1410     1200     1210     1080     1600     1650     1700   
                                           T        V       H0       H01     AOSYM     SMH    MOLCAS    OPER   

              2       4        1.24       700     1000      520     2100   
                                         GEOM     BASIS   MCVARS     RHF  

 PROGRAMS   *        TOTAL       MP2        HF       INT
 CPU TIMES  *      1168.57      3.71   1158.69      0.08
 REAL TIME  *      3396.09 SEC
 DISK USED  *       146.48 MB      
 SF USED    *        14.60 MB      
 GA USED    *         3.20 MB       (max)       0.00 MB       (current)
 **********************************************************************************************************************************
 SETTING E_CORR_C       =    ***************  KCAL/MOL                        
 SETTING E_C            =      -454.56297684  KCAL/MOL                        
 SETTING CHARGE         =         1.00000000                                  

 Dummy atoms: C8  H9  H10  H11  O12


 Recomputing one-electron integrals since nuclear charges changed

1PROGRAM * SEWARD (Integral evaluation for generally contracted gaussian basis sets)     Author: Roland Lindh, 1990

 Geometry written to block  1 of record 700


 Point group  C1  



 ATOMIC COORDINATES

 NR  ATOM    CHARGE       X              Y              Z

   1  N0      7.00   -3.537053313    1.115641396   -0.773704901
   2  C1      6.00   -4.179900348   -1.147572098    0.692378647
   3  H2      1.00   -6.218803350   -1.512497111    0.896418047
   4  H3      1.00   -3.358101917   -0.973961069    2.582548864
   5  H4      1.00   -3.318742701   -2.797941738   -0.209071740
   6  H5      1.00   -4.333040843    2.631445093    0.026175012
   7  H6      1.00   -4.179743255    0.925206040   -2.540552044
   8  H7      1.00   -1.660157477    1.333068787   -0.806142900
   9  C8      0.00    1.525052014   -1.175559037   -0.704473462
  10  H9      0.00    0.290529837   -2.340329533    0.473464645
  11  H10     0.00    3.481903108   -1.736454319   -0.360541417
  12  H11     0.00    1.089551399   -1.497014680   -2.698043824
  13  O12     0.00    1.320225279    1.441805839   -0.064225367

 Bond lengths in Bohr (Angstrom)

 1-2  2.772145126  1-6  1.889726137  1-7  1.889726122  1-8  1.889726137  2-3  2.081328372
     ( 1.466956021)     ( 1.000000003)     ( 0.999999995)     ( 1.000000003)     ( 1.101391539)

  2- 4  2.068389929   2- 5  2.068314590   9-10  2.065980033   9-11  2.064499690   9-12  2.065748606
       ( 1.094544810)       ( 1.094504942)       ( 1.093269548)       ( 1.092486184)       ( 1.093147082)

  9-13  2.702308367
       ( 1.429999999)

 Bond angles

  1-2-3  114.97091777   1-2-4  108.82223243   1-2-5  108.92862229   2-1-6  109.47122075

  2-1-7  109.47122046   2-1-8  109.47122040   3-2-4  108.32125274   3-2-5  108.10103971

  4-2-5  107.44770163   6-1-7  109.47122110   6-1-8  109.47122038   7-1-8  109.47122072

 10- 9-11  108.55608257  10- 9-12  109.66566187  10- 9-13  111.44980317  11- 9-12  108.56147558

 11- 9-13  107.18872465  12- 9-13  111.30848889

 NUCLEAR CHARGE:                   19
 NUMBER OF PRIMITIVE AOS:         247
 NUMBER OF SYMMETRY AOS:          239
 NUMBER OF CONTRACTIONS:          173   ( 173A   )
 NUMBER OF CORE ORBITALS:           2   (   2A   )
 NUMBER OF VALENCE ORBITALS:       14   (  14A   )

 MOLECULE CHANGED: INITIALIZING OCCUPATION AND DUMP RECORDS


 NUCLEAR REPULSION ENERGY   48.60267443


 Eigenvalues of metric

         1 0.125E-03 0.261E-03 0.307E-03 0.324E-03 0.440E-03 0.508E-03 0.619E-03 0.714E-03


 OPERATOR DM      FOR CENTER  0  COORDINATES:    0.000000    0.000000    0.000000


 **********************************************************************************************************************************
 DATASETS  * FILE   NREC   LENGTH (MB)   RECORD NAMES
              1      18        8.86       500      610      700      900      950      970     1000      129      960     1100   
                                          VAR    BASINP    GEOM    SYMINP    ZMAT    AOBASIS   BASIS     P2S    ABASIS      S 
                                         1400     1410     1200     1210     1080     1600     1650     1700   
                                           T        V       H0       H01     AOSYM     SMH    MOLCAS    OPER   

              2       4        1.24       700     1000      520     2100   
                                         GEOM     BASIS   MCVARS     RHF  

 PROGRAMS   *        TOTAL       INT       MP2        HF       INT
 CPU TIMES  *      1201.46     32.86      3.71   1158.69      0.08
 REAL TIME  *      3452.99 SEC
 DISK USED  *       146.48 MB      
 SF USED    *        14.60 MB      
 GA USED    *         3.20 MB       (max)       0.00 MB       (current)
 **********************************************************************************************************************************

1PROGRAM * RHF-SCF (CLOSED SHELL)       Authors: W. Meyer, H.-J. Werner


 NUMBER OF ELECTRONS:       9+    9-    SPACE SYMMETRY=1    SPIN SYMMETRY: Singlet 
 CONVERGENCE THRESHOLDS:    1.00E-05 (Density)    1.00E-07 (Energy)
 INTEGRAL THRESHOLDS:       1.00E-11 (Initial)    1.00E-11 (Final)
 MAX. NUMBER OF ITERATIONS:       60
 INTERPOLATION TYPE:            DIIS
 INTERPOLATION STEPS:              2 (START)      1 (STEP)
 LEVEL SHIFTS:                  0.00 (CLOSED)  0.00 (OPEN) 



 
 Basis set CC-PVDZ/JKFIT generated.      Number of basis functions:   487 
 
 Orbital guess generated from atomic densities. Full valence occupancy:   16
 Coulomb and exchange fitting
 Thresholds for fitting:       THRAO_COUL= 1.0D-14    THRAO_EXCH= 1.0D-12    THRMO= 1.0D-11    THRPROD= 1.0D-11    THRASM= 1.0D-11
                               THR2HLF=    1.0D-11

 Molecular orbital dump at record        2101.2

 ITERATION   DDIFF            GRAD            ENERGY        2-EL.EN.            DIPOLE MOMENTS         DIIS   CPU(IT)  CPU(TOT)  ORB.
    1      0.000D+00      0.000D+00       -95.54246429    148.066294   -3.53045    1.11413   -0.77276    0     12.2    950.0     start
    2      0.000D+00      0.470D-02       -95.58434322    150.749347   -3.63967    0.73515   -0.52755    1      1.6    951.6     diag
    3      0.643D-02      0.188D-02       -95.58896540    149.813142   -3.63786    0.74070   -0.53105    2      0.3    951.8     diag
    4      0.228D-02      0.574D-03       -95.58957751    150.026583   -3.64575    0.71553   -0.51478    3      0.4    952.2     diag
    5      0.660D-03      0.845D-04       -95.58960053    150.040740   -3.64723    0.71029   -0.51140    4     11.6    963.8     diag
    6      0.139D-03      0.151D-04       -95.58960130    150.035513   -3.64761    0.70918   -0.51068    5      0.1    963.9     diag
    7      0.248D-04      0.468D-05       -95.58960135    150.036671   -3.64763    0.70902   -0.51057    6      0.1    964.0     diag
    8      0.672D-05      0.111D-05       -95.58960135    150.036409   -3.64765    0.70895   -0.51052    0      0.1    964.1     orth

 Final occupancy:   9

 !RHF STATE 1.1 Energy                -95.589601349249
 Nuclear energy                        48.60267443
 One-electron energy                 -219.21048023
 Two-electron energy                   75.01820445
 Virial quotient                       -1.00045149
 !RHF STATE 1.1 Dipole moment          -3.64765341     0.70894565    -0.51052390
 Dipole moment /Debye                  -9.27080296     1.80184209    -1.29753733

 Orbital energies:

         1.1          2.1          3.1          4.1          5.1          6.1          7.1          8.1          9.1         10.1
    -15.920158   -11.496369    -1.551670    -1.177481    -1.008206    -1.007749    -0.879790    -0.773179    -0.772434    -0.127218

        11.1
     -0.086509

 HOMO      9.1    -0.772434 =     -21.0190eV
 LUMO     10.1    -0.127218 =      -3.4618eV
 LUMO-HOMO         0.645216 =      17.5572eV


 **********************************************************************************************************************************
 DATASETS  * FILE   NREC   LENGTH (MB)   RECORD NAMES
              1      18        8.86       500      610      700      900      950      970     1000      129      960     1100   
                                          VAR    BASINP    GEOM    SYMINP    ZMAT    AOBASIS   BASIS     P2S    ABASIS      S 
                                         1400     1410     1200     1210     1080     1600     1650     1700   
                                           T        V       H0       H01     AOSYM     SMH    MOLCAS    OPER   

              2       5        2.48       700     1000      520     2100     2101   
                                         GEOM     BASIS   MCVARS     RHF      RHF  

 PROGRAMS   *        TOTAL        HF       INT       MP2        HF       INT
 CPU TIMES  *      2183.58    981.82     32.86      3.71   1158.69      0.08
 REAL TIME  *      7574.25 SEC
 DISK USED  *       158.47 MB      
 SF USED    *        14.60 MB      
 GA USED    *         3.20 MB       (max)       0.00 MB       (current)
 **********************************************************************************************************************************
 SETTING E_RHF_A        =    -59983.39250683  KCAL/MOL                        


1PROGRAM * MP2 (Closed-shell)     Authors: C. Hampel, H.-J. Werner, 1991, M. Deegan, P.J. Knowles, 1992

 Basis set AUG-CC-PVDZ/MP2FIT generated. Number of basis functions:   495 

 Convergence thresholds:  THRVAR = 1.00D-08  THRDEN = 1.00D-06

 Number of core orbitals:           2 (   2 )
 Number of closed-shell orbitals:   7 (   7 )
 Number of external orbitals:     164 ( 164 )

 Molecular orbitals read from record     2101.2  Type=RHF/CANONICAL (state 1.1)
 

 Entering DF-MP2

 Thresholds:    THRAO= 0.100D-09    THRMO= 0.100D-08    THROV= 0.100D-11

 Fitting basis: AUG-CC-PVDZ-MP2F
 Number of fitting functions:                 495
 Number of blocks in AO basis:                  3
 Minimum block size:                           50
 Maximum block size:                           73
 Average block size:                           58
 Number of groups in AO basis:                 60
 Number of shells in AO basis:                131

 Using large memory version DFMP2B. NIBTK= 1  NGPU= 0  IGPU= 0

 para=T  nprocs= 12  mpptyp=0  number of tasks=  35

 Minimum memory with paging:                  1.07 MW
 Minimum memory for incore assembly:          1.07 MW
 Maximum memory for incore algorithm:         1.36 MW
 Memory for 3-index integrals:                0.00 MW

 Disk space for H1-integrals:                 4.88 MB (   245 records)
 
 CPU time for half transformed integrals      0.04 sec, elapsed time      0.05 sec
 CPU time for assembly                        0.08 sec, elapsed time      0.09 sec (1008.6 MFLOP/sec)
 Total CPU time                               0.52 sec, elapsed time      0.55 sec

 SCS-MP2 correlation energy:           -0.336838729160   (PS=  1.200000  PT=  0.333333)
 SCS-MP2 total energy:                -95.926440078409

 Norm of first-order wave function:     0.077725301461
 Coefficient of reference function:     0.963265399278

  Reference energy                    -95.589601349249
  MP2 singlet pair energy              -0.223871770796
  MP2 triplet pair energy              -0.109595256757
  MP2 correlation energy               -0.333467027553

 !MP2 total energy                    -95.923068376802


 **********************************************************************************************************************************
 DATASETS  * FILE   NREC   LENGTH (MB)   RECORD NAMES
              1      18        8.86       500      610      700      900      950      970     1000      129      960     1100   
                                          VAR    BASINP    GEOM    SYMINP    ZMAT    AOBASIS   BASIS     P2S    ABASIS      S 
                                         1400     1410     1200     1210     1080     1600     1650     1700   
                                           T        V       H0       H01     AOSYM     SMH    MOLCAS    OPER   

              2       5        2.48       700     1000      520     2100     2101   
                                         GEOM     BASIS   MCVARS     RHF      RHF  

 PROGRAMS   *        TOTAL       MP2        HF       INT       MP2        HF       INT
 CPU TIMES  *      2186.66      2.98    981.82     32.86      3.71   1158.69      0.08
 REAL TIME  *      7579.91 SEC
 DISK USED  *       158.47 MB      
 SF USED    *        14.60 MB      
 GA USED    *         3.20 MB       (max)       0.00 MB       (current)
 **********************************************************************************************************************************
 SETTING E_CORR_A       =    -60192.64626790  KCAL/MOL                        
 SETTING E_A            =      -209.25376107  KCAL/MOL                        
 SETTING CHARGE         =        -1.00000000                                  

 Dummy atoms: N0  C1  H2  H3  H4  H5  H6  H7


 Recomputing one-electron integrals since nuclear charges changed

1PROGRAM * SEWARD (Integral evaluation for generally contracted gaussian basis sets)     Author: Roland Lindh, 1990

 Geometry written to block  1 of record 700


 Point group  C1  



 ATOMIC COORDINATES

 NR  ATOM    CHARGE       X              Y              Z

   1  N0      0.00   -3.537053313    1.115641396   -0.773704901
   2  C1      0.00   -4.179900348   -1.147572098    0.692378647
   3  H2      0.00   -6.218803350   -1.512497111    0.896418047
   4  H3      0.00   -3.358101917   -0.973961069    2.582548864
   5  H4      0.00   -3.318742701   -2.797941738   -0.209071740
   6  H5      0.00   -4.333040843    2.631445093    0.026175012
   7  H6      0.00   -4.179743255    0.925206040   -2.540552044
   8  H7      0.00   -1.660157477    1.333068787   -0.806142900
   9  C8      6.00    1.525052014   -1.175559037   -0.704473462
  10  H9      1.00    0.290529837   -2.340329533    0.473464645
  11  H10     1.00    3.481903108   -1.736454319   -0.360541417
  12  H11     1.00    1.089551399   -1.497014680   -2.698043824
  13  O12     8.00    1.320225279    1.441805839   -0.064225367

 Bond lengths in Bohr (Angstrom)

 1-2  2.772145126  1-6  1.889726137  1-7  1.889726122  1-8  1.889726137  2-3  2.081328372
     ( 1.466956021)     ( 1.000000003)     ( 0.999999995)     ( 1.000000003)     ( 1.101391539)

  2- 4  2.068389929   2- 5  2.068314590   9-10  2.065980033   9-11  2.064499690   9-12  2.065748606
       ( 1.094544810)       ( 1.094504942)       ( 1.093269548)       ( 1.092486184)       ( 1.093147082)

  9-13  2.702308367
       ( 1.429999999)

 Bond angles

  1-2-3  114.97091777   1-2-4  108.82223243   1-2-5  108.92862229   2-1-6  109.47122075

  2-1-7  109.47122046   2-1-8  109.47122040   3-2-4  108.32125274   3-2-5  108.10103971

  4-2-5  107.44770163   6-1-7  109.47122110   6-1-8  109.47122038   7-1-8  109.47122072

 10- 9-11  108.55608257  10- 9-12  109.66566187  10- 9-13  111.44980317  11- 9-12  108.56147558

 11- 9-13  107.18872465  12- 9-13  111.30848889

 NUCLEAR CHARGE:                   17
 NUMBER OF PRIMITIVE AOS:         247
 NUMBER OF SYMMETRY AOS:          239
 NUMBER OF CONTRACTIONS:          173   ( 173A   )
 NUMBER OF CORE ORBITALS:           2   (   2A   )
 NUMBER OF VALENCE ORBITALS:       11   (  11A   )

 MOLECULE CHANGED: INITIALIZING OCCUPATION AND DUMP RECORDS


 NUCLEAR REPULSION ENERGY   33.49094481


 Eigenvalues of metric

         1 0.125E-03 0.261E-03 0.307E-03 0.324E-03 0.440E-03 0.508E-03 0.619E-03 0.714E-03


 OPERATOR DM      FOR CENTER  0  COORDINATES:    0.000000    0.000000    0.000000


 **********************************************************************************************************************************
 DATASETS  * FILE   NREC   LENGTH (MB)   RECORD NAMES
              1      18        8.86       500      610      700      900      950      970     1000      129      960     1100   
                                          VAR    BASINP    GEOM    SYMINP    ZMAT    AOBASIS   BASIS     P2S    ABASIS      S 
                                         1400     1410     1200     1210     1080     1600     1650     1700   
                                           T        V       H0       H01     AOSYM     SMH    MOLCAS    OPER   

              2       5        2.48       700     1000      520     2100     2101   
                                         GEOM     BASIS   MCVARS     RHF      RHF  

 PROGRAMS   *        TOTAL       INT       MP2        HF       INT       MP2        HF       INT
 CPU TIMES  *      2221.65     34.73      2.98    981.82     32.86      3.71   1158.69      0.08
 REAL TIME  *      7653.26 SEC
 DISK USED  *       158.47 MB      
 SF USED    *        14.60 MB      
 GA USED    *         3.20 MB       (max)       0.00 MB       (current)
 **********************************************************************************************************************************

1PROGRAM * RHF-SCF (CLOSED SHELL)       Authors: W. Meyer, H.-J. Werner


 NUMBER OF ELECTRONS:       9+    9-    SPACE SYMMETRY=1    SPIN SYMMETRY: Singlet 
 CONVERGENCE THRESHOLDS:    1.00E-05 (Density)    1.00E-07 (Energy)
 INTEGRAL THRESHOLDS:       1.00E-11 (Initial)    1.00E-11 (Final)
 MAX. NUMBER OF ITERATIONS:       60
 INTERPOLATION TYPE:            DIIS
 INTERPOLATION STEPS:              2 (START)      1 (STEP)
 LEVEL SHIFTS:                  0.00 (CLOSED)  0.00 (OPEN) 



 
 Basis set CC-PVDZ/JKFIT generated.      Number of basis functions:   487 
 
 Orbital guess generated from atomic densities. Full valence occupancy:   13
 Coulomb and exchange fitting
 Thresholds for fitting:       THRAO_COUL= 1.0D-14    THRAO_EXCH= 1.0D-12    THRMO= 1.0D-11    THRPROD= 1.0D-11    THRASM= 1.0D-11
                               THR2HLF=    1.0D-11

 Molecular orbital dump at record        2102.2

 ITERATION   DDIFF            GRAD            ENERGY        2-EL.EN.            DIPOLE MOMENTS         DIIS   CPU(IT)  CPU(TOT)  ORB.
    1      0.000D+00      0.000D+00      -114.29892823    165.893343   -1.27577   -2.01989   -0.07793    0     28.8    743.5     start
    2      0.000D+00      0.886D-02      -114.33538688    155.121402   -1.31820   -0.66152    0.25563    1      6.6    750.1     diag
    3      0.165D-01      0.845D-02      -114.41934140    160.050465   -1.32962   -1.23329    0.11460    2      0.5    750.7     diag
    4      0.102D-01      0.516D-03      -114.42016698    159.984466   -1.33340   -1.21470    0.11903    3      0.1    750.8     diag
    5      0.123D-02      0.132D-03      -114.42023060    159.957262   -1.33492   -1.21863    0.11785    4      0.1    750.9     diag
    6      0.365D-03      0.447D-04      -114.42023688    159.975965   -1.33524   -1.21830    0.11793    5     17.2    768.1     diag
    7      0.963D-04      0.154D-04      -114.42023778    159.971771   -1.33547   -1.21806    0.11797    6      0.1    768.2     diag
    8      0.376D-04      0.363D-05      -114.42023785    159.971936   -1.33556   -1.21772    0.11806    7      0.1    768.3     diag
    9      0.111D-04      0.870D-06      -114.42023786    159.972228   -1.33558   -1.21760    0.11809    8      0.1    768.4     diag
   10      0.311D-05      0.174D-06      -114.42023786    159.972161   -1.33558   -1.21757    0.11809    0      0.1    768.5     orth

 Final occupancy:   9

 !RHF STATE 1.1 Energy               -114.420237858657
 Nuclear energy                        33.49094481
 One-electron energy                 -227.89726300
 Two-electron energy                   79.98608034
 Virial quotient                       -1.00150466
 !RHF STATE 1.1 Dipole moment          -1.33558151    -1.21757319     0.11809227
 Dipole moment /Debye                  -3.39448726    -3.09455967     0.30014096

 Orbital energies:

         1.1          2.1          3.1          4.1          5.1          6.1          7.1          8.1          9.1         10.1
    -20.206779   -11.027896    -0.954047    -0.638213    -0.348919    -0.346598    -0.237955    -0.101968    -0.100176     0.121888

        11.1
      0.151566

 HOMO      9.1    -0.100176 =      -2.7259eV
 LUMO     10.1     0.121888 =       3.3167eV
 LUMO-HOMO         0.222064 =       6.0427eV


 **********************************************************************************************************************************
 DATASETS  * FILE   NREC   LENGTH (MB)   RECORD NAMES
              1      18        8.86       500      610      700      900      950      970     1000      129      960     1100   
                                          VAR    BASINP    GEOM    SYMINP    ZMAT    AOBASIS   BASIS     P2S    ABASIS      S 
                                         1400     1410     1200     1210     1080     1600     1650     1700   
                                           T        V       H0       H01     AOSYM     SMH    MOLCAS    OPER   

              2       6        3.72       700     1000      520     2100     2101     2102   
                                         GEOM     BASIS   MCVARS     RHF      RHF      RHF  

 PROGRAMS   *        TOTAL        HF       INT       MP2        HF       INT       MP2        HF       INT
 CPU TIMES  *      2994.70    772.92     34.73      2.98    981.82     32.86      3.71   1158.69      0.08
 REAL TIME  *     12408.97 SEC
 DISK USED  *       176.24 MB      
 SF USED    *        14.60 MB      
 GA USED    *         3.20 MB       (max)       0.00 MB       (current)
 **********************************************************************************************************************************
 SETTING E_RHF_B        =    -71799.79769059  KCAL/MOL                        


1PROGRAM * MP2 (Closed-shell)     Authors: C. Hampel, H.-J. Werner, 1991, M. Deegan, P.J. Knowles, 1992

 Basis set AUG-CC-PVDZ/MP2FIT generated. Number of basis functions:   495 

 Convergence thresholds:  THRVAR = 1.00D-08  THRDEN = 1.00D-06

 Number of core orbitals:           2 (   2 )
 Number of closed-shell orbitals:   7 (   7 )
 Number of external orbitals:     164 ( 164 )

 Molecular orbitals read from record     2102.2  Type=RHF/CANONICAL (state 1.1)
 

 Entering DF-MP2

 Thresholds:    THRAO= 0.100D-09    THRMO= 0.100D-08    THROV= 0.100D-11

 Fitting basis: AUG-CC-PVDZ-MP2F
 Number of fitting functions:                 495
 Number of blocks in AO basis:                  3
 Minimum block size:                           50
 Maximum block size:                           73
 Average block size:                           58
 Number of groups in AO basis:                 60
 Number of shells in AO basis:                131

 Using large memory version DFMP2B. NIBTK= 1  NGPU= 0  IGPU= 0

 para=T  nprocs= 12  mpptyp=0  number of tasks=  35

 Minimum memory with paging:                  1.07 MW
 Minimum memory for incore assembly:          1.07 MW
 Maximum memory for incore algorithm:         1.36 MW
 Memory for 3-index integrals:                0.00 MW

 Disk space for H1-integrals:                 4.88 MB (   245 records)
 
 CPU time for half transformed integrals      0.86 sec, elapsed time      1.39 sec
 CPU time for assembly                        0.07 sec, elapsed time      0.10 sec ( 384.2 MFLOP/sec)
 Total CPU time                               3.71 sec, elapsed time      7.44 sec

 SCS-MP2 correlation energy:           -0.376513486010   (PS=  1.200000  PT=  0.333333)
 SCS-MP2 total energy:               -114.796751344667

 Norm of first-order wave function:     0.093685714468
 Coefficient of reference function:     0.956210988695

  Reference energy                   -114.420237858657
  MP2 singlet pair energy              -0.239290472679
  MP2 triplet pair energy              -0.143622190922
  MP2 correlation energy               -0.382912663600

 !MP2 total energy                   -114.803150522257


 **********************************************************************************************************************************
 DATASETS  * FILE   NREC   LENGTH (MB)   RECORD NAMES
              1      18        8.86       500      610      700      900      950      970     1000      129      960     1100   
                                          VAR    BASINP    GEOM    SYMINP    ZMAT    AOBASIS   BASIS     P2S    ABASIS      S 
                                         1400     1410     1200     1210     1080     1600     1650     1700   
                                           T        V       H0       H01     AOSYM     SMH    MOLCAS    OPER   

              2       6        3.72       700     1000      520     2100     2101     2102   
                                         GEOM     BASIS   MCVARS     RHF      RHF      RHF  

 PROGRAMS   *        TOTAL       MP2        HF       INT       MP2        HF       INT       MP2        HF       INT
 CPU TIMES  *      3005.39     10.60    772.92     34.73      2.98    981.82     32.86      3.71   1158.69      0.08
 REAL TIME  *     12424.23 SEC
 DISK USED  *       176.24 MB      
 SF USED    *        14.60 MB      
 GA USED    *         3.20 MB       (max)       0.00 MB       (current)
 **********************************************************************************************************************************
 SETTING E_CORR_B       =    -72040.07906296  KCAL/MOL                        
 SETTING E_B            =      -240.28137237  KCAL/MOL                        
 SETTING E_RHF_CP       =      -123.65144623  KCAL/MOL                        
 SETTING E_CORR_CP      =        -5.02784339  KCAL/MOL                        

        DF-MP2          DF-HF           DF-MP2          DF-HF           DF-MP2          DF-HF   
   -114.80315052   -114.42023786    -95.92306838    -95.58960135   -210.93128236   -210.20689029
 **********************************************************************************************************************************
 Variable memory released
