
 Primary working directories    : /scratch/1723524.phoenix.chem.wisc.edu
 Secondary working directories  : /scratch/1723524.phoenix.chem.wisc.edu
 Wavefunction directory         : /scratch/1723524.phoenix.chem.wisc.edu/
 Main file repository           : /scratch/1723524.phoenix.chem.wisc.edu/

 SHA1      : 65e45729fe3f963b0eb97374e3bda9949063ef0f
 NAME      : 2012.1.17
 ARCHNAME  : Linux/x86_64
 FC        : /opt/intel/composer_xe_2013.5.192/bin/intel64/ifort
 FCVERSION : 13.1.3
 BLASLIB   : -L/opt/intel/composer_xe_2013.5.192/mkl/lib/intel64 -lmkl_intel_ilp64 -lmkl_sequential -lmkl_core
 id        : cuichemwisc

 Nodes             nprocs
 compute-1-34.local   12
 ga_uses_ma=false, calling ma_init with nominal heap.
 GA-space will be limited to   8.0 MW (determined by -G option)

 Using customized tuning parameters: mindgm=1; mindgv=20; mindgc=4; mindgr=1; noblas=0; minvec=7
 default implementation of scratch files=sf  

 geomtyp=xyz
 geometry={
 15
  N0         -0.208558970000       0.043929690000       0.318609930000
  N1         -2.010102970000      -0.985925310000      -0.463509070000
  C2         -0.668732970000      -1.072534310000      -0.218506070000
  C3         -2.426005970000       0.271534690000      -0.056321070000
  H4         -2.594702970000      -1.707650310000      -0.883455070000
  C5         -1.295944970000       0.887865690000       0.424522930000
  H6         -0.082264970000      -1.956937310000      -0.450059070000
  H7         -3.453559970000       0.594046690000      -0.152161070000
  H8         -1.193909970000       1.880025690000       0.830125930000
  H9          0.733628590000       0.237568340000       0.592081430000
  C10         2.907922905936       0.824269189827      -0.859903534712
  H11         2.833635905936       1.828682189827      -0.428876534712
  H12         2.122811905936       0.695566189827      -1.608341534712
  S13         2.791306905936      -0.473030810173       0.439332465288
  H14         3.884559905936       0.715531189827      -1.342264534712
 }
 
 
 basis=avdz
 
                                                                                 ! Complex
 set,charge=0
 
 hf
 e_rhf_c = energy*tokcal
 ccsd(t)
 e_corr_c = energy*tokcal
 e_c = e_corr_c - e_rhf_c
 
 
                                                                                 ! Monomer 1
 set,charge=1
 dummy,C10,H11,H12,S13,H14
 
 hf
 e_rhf_a = energy*tokcal
 ccsd(t)
 e_corr_a = energy*tokcal
 e_a = e_corr_a - e_rhf_a
 
 
                                                                                 ! Monomer 2
 set,charge=-1
 dummy,N0,N1,C2,C3,H4,C5,H6,H7,H8,H9
 
 hf
 e_rhf_b = energy*tokcal
 ccsd(t)
 e_corr_b = energy*tokcal
 e_b = e_corr_b - e_rhf_b
 
 
 e_rhf_cp = e_rhf_c - (e_rhf_a + e_rhf_b)
 e_corr_cp = e_c - (e_a + e_b)

 Variables initialized (782), CPU time= 0.01 sec
 Commands  initialized (547), CPU time= 0.01 sec, 517 directives.
 Default parameters read. Elapsed time= 0.14 sec

 Checking input...
 Passed
1


                                         ***  PROGRAM SYSTEM MOLPRO  ***
                         Copyright, University College Cardiff Consultants Limited, 2008

                                    Version 2012.1 linked Oct 11 2014 15:40:16


 **********************************************************************************************************************************
 LABEL *                                                                                 
 Linux-2.6.18-308.el5/compute-1-34.local(x86_64) 64 bit mpp version                      DATE: 12-Dec-14          TIME: 02:20:36  
 **********************************************************************************************************************************

 SHA1:             65e45729fe3f963b0eb97374e3bda9949063ef0f
 **********************************************************************************************************************************
 SETTING GEOMTYP        =    XYZ

 Variable memory set to  350000000 words,  buffer space   230000 words

 SETTING BASIS          =    AVDZ
 SETTING CHARGE         =         0.00000000                                  


 Recomputing integrals since basis changed


 Using spherical harmonics

 Library entry N      S aug-cc-pVDZ          selected for orbital group  1
 Library entry N      P aug-cc-pVDZ          selected for orbital group  1
 Library entry N      D aug-cc-pVDZ          selected for orbital group  1
 Library entry C      S aug-cc-pVDZ          selected for orbital group  2
 Library entry C      P aug-cc-pVDZ          selected for orbital group  2
 Library entry C      D aug-cc-pVDZ          selected for orbital group  2
 Library entry H      S aug-cc-pVDZ          selected for orbital group  3
 Library entry H      P aug-cc-pVDZ          selected for orbital group  3
 Library entry S      S aug-cc-pVDZ          selected for orbital group  8
 Library entry S      P aug-cc-pVDZ          selected for orbital group  8
 Library entry S      D aug-cc-pVDZ          selected for orbital group  8

1PROGRAM * SEWARD (Integral evaluation for generally contracted gaussian basis sets)     Author: Roland Lindh, 1990

 Geometry written to block  1 of record 700


 Point group  C1  



 ATOMIC COORDINATES

 NR  ATOM    CHARGE       X              Y              Z

   1  N0      7.00   -0.394119336    0.083015083    0.602085510
   2  N1      7.00   -3.798544109   -1.863128822   -0.875905202
   3  C2      6.00   -1.263722168   -2.026796112   -0.412916630
   4  C3      6.00   -4.584486876    0.513126199   -0.106431398
   5  H4      1.00   -4.903278006   -3.226991414   -1.669488132
   6  C5      6.00   -2.448981075    1.677822996    0.802232074
   7  H6      1.00   -0.155458264   -3.698075572   -0.850488385
   8  H7      1.00   -6.526282522    1.122585553   -0.287542750
   9  H8      1.00   -2.256162869    3.552733674    1.568710662
  10  H9      1.00    1.386357117    0.448939100    1.118871750
  11  C10     6.00    5.495177904    1.557643027   -1.624982180
  12  H11     1.00    5.354795818    3.455708520   -0.810459195
  13  H12     1.00    4.011533131    1.314429605   -3.039325026
  14  S13    16.00    5.274805601   -0.893898683    0.830218040
  15  H14     1.00    7.340754363    1.352157987   -2.536512367

 Bond lengths in Bohr (Angstrom)

  1- 3  2.497547139   1- 6  2.608817297   1-10  1.889726118   2- 3  2.581950362   2- 4  2.618469762
       ( 1.321645025)       ( 1.380526656)       ( 0.999999993)       ( 1.366309286)       ( 1.385634520)

 2-5  1.926222214  3-7  2.052533302  4-6  2.596646484  4-8  2.043235756  6-9  2.034688757
     ( 1.019312895)     ( 1.086153844)     ( 1.374086139)     ( 1.081233795)     ( 1.076710918)

 11-12  2.070219176  11-13  2.064151222  11-14  3.476582924  11-15  2.068638164
       ( 1.095512806)       ( 1.092301783)       ( 1.839728449)       ( 1.094676170)

 Bond angles

  1-3-2  111.17107112   1-3-7  125.90760457   1-6-4  110.28766710   1-6-9  121.16921863

  2-3-7  122.92086882   2-4-6  105.25010111   2-4-8  121.99826426   3-1-6  105.86304950

  3- 1-10  127.06847515   3- 2- 4  107.42788808   3- 2- 5  126.30256596   4- 2- 5  126.26194913

  4- 6- 9  128.54108940   6- 1-10  127.06847535   6- 4- 8  132.75045674  12-11-13  109.20063486

 12-11-14  111.36845179  12-11-15  108.96201772  13-11-14  110.80834239  13-11-15  109.12517017

 14-11-15  107.31910637

 NUCLEAR CHARGE:                   62
 NUMBER OF PRIMITIVE AOS:         362
 NUMBER OF SYMMETRY AOS:          348
 NUMBER OF CONTRACTIONS:          237   ( 237A   )
 NUMBER OF CORE ORBITALS:          11   (  11A   )
 NUMBER OF VALENCE ORBITALS:       36   (  36A   )


 NUCLEAR REPULSION ENERGY  337.76539248


 Eigenvalues of metric

         1 0.145E-04 0.480E-04 0.957E-04 0.188E-03 0.198E-03 0.261E-03 0.336E-03 0.396E-03


 Contracted 2-electron integrals neglected if value below      1.0D-12
 AO integral compression algorithm  1   Integral accuracy      1.0D-12

     1844.707 MB (compressed) written to integral file ( 52.7%)

     Node minimum: 142.344 MB, node maximum: 162.267 MB


 NUMBER OF SORTED TWO-ELECTRON INTEGRALS:   33149100.     BUFFER LENGTH:  32768
 NUMBER OF SEGMENTS:   3  SEGMENT LENGTH:   15990336      RECORD LENGTH: 524288

 Memory used in sort:      16.55 MW

 SORT1 READ   437310834. AND WROTE    31621551. INTEGRALS IN     92 RECORDS. CPU TIME:    13.31 SEC, REAL TIME:    18.43 SEC
 SORT2 READ   380468654. AND WROTE   397718706. INTEGRALS IN   6516 RECORDS. CPU TIME:    34.10 SEC, REAL TIME:    40.71 SEC

 Node minimum:    33130300.  Node maximum:    33156153. integrals

 OPERATOR DM      FOR CENTER  0  COORDINATES:    0.000000    0.000000    0.000000


 **********************************************************************************************************************************
 DATASETS  * FILE   NREC   LENGTH (MB)   RECORD NAMES
              1      18        9.87       500      610      700      900      950      970     1000      129      960     1100   
                                          VAR    BASINP    GEOM    SYMINP    ZMAT    AOBASIS   BASIS     P2S    ABASIS      S 
                                         1400     1410     1200     1210     1080     1600     1650     1700   
                                           T        V       H0       H01     AOSYM     SMH    MOLCAS    OPER   

 PROGRAMS   *        TOTAL       INT
 CPU TIMES  *        50.41     50.27
 REAL TIME  *        63.87 SEC
 DISK USED  *         6.39 GB      
 GA USED    *         0.01 MB       (max)       0.00 MB       (current)
 **********************************************************************************************************************************

1PROGRAM * RHF-SCF (CLOSED SHELL)       Authors: W. Meyer, H.-J. Werner


 NUMBER OF ELECTRONS:      31+   31-    SPACE SYMMETRY=1    SPIN SYMMETRY: Singlet 
 CONVERGENCE THRESHOLDS:    1.00E-05 (Density)    1.24E-07 (Energy)
 MAX. NUMBER OF ITERATIONS:       60
 INTERPOLATION TYPE:            DIIS
 INTERPOLATION STEPS:              2 (START)      1 (STEP)
 LEVEL SHIFTS:                  0.00 (CLOSED)  0.00 (OPEN) 



 Orbital guess generated from atomic densities. Full valence occupancy:   47

 Molecular orbital dump at record        2100.2

 ITERATION    DDIFF          GRAD             ENERGY        2-EL.EN.            DIPOLE MOMENTS         DIIS   ORB.
    1      0.000D+00      0.000D+00      -662.40799933   1157.242476   -6.67071   -0.14427   -1.52546    0    start
    2      0.000D+00      0.341D-02      -662.50796467   1155.233482   -5.64261    0.03800   -0.78777    1    diag
    3      0.852D-02      0.148D-02      -662.52303617   1155.612512   -5.67978   -0.06964   -1.02142    2    diag
    4      0.297D-02      0.404D-03      -662.52481720   1155.840276   -5.61570    0.01549   -0.98660    3    diag
    5      0.907D-03      0.118D-03      -662.52499297   1155.685361   -5.59730   -0.01818   -0.99284    4    diag
    6      0.298D-03      0.451D-04      -662.52503483   1155.694315   -5.58727   -0.01056   -0.98965    5    diag
    7      0.141D-03      0.211D-04      -662.52504523   1155.708090   -5.58733   -0.01421   -0.99123    6    diag
    8      0.722D-04      0.983D-05      -662.52504724   1155.699210   -5.58461   -0.01512   -0.99054    7    diag
    9      0.317D-04      0.295D-05      -662.52504747   1155.700280   -5.58472   -0.01544   -0.99048    8    diag
   10      0.110D-04      0.779D-06      -662.52504748   1155.701277   -5.58472   -0.01553   -0.99044    9    orth
   11      0.327D-05      0.330D-06      -662.52504749   1155.700746   -5.58477   -0.01547   -0.99043    0    orth

 Final occupancy:  31

 !RHF STATE 1.1 Energy               -662.525047485949
 Nuclear energy                       337.76539248
 One-electron energy                -1578.14081310
 Two-electron energy                  577.85037314
 Virial quotient                       -1.00079968
 !RHF STATE 1.1 Dipole moment          -5.58477443    -0.01546660    -0.99043392
 Dipole moment /Debye                 -14.19415100    -0.03930960    -2.51726704

 Orbital energies:

         1.1          2.1          3.1          4.1          5.1          6.1          7.1          8.1          9.1         10.1
    -91.809395   -15.717693   -15.689994   -11.410869   -11.349183   -11.341528   -11.189597    -8.810186    -6.492632    -6.490077

        11.1         12.1         13.1         14.1         15.1         16.1         17.1         18.1         19.1         20.1
     -6.489712    -1.442397    -1.288713    -1.097561    -0.953915    -0.923434    -0.900035    -0.843144    -0.764434    -0.721288

        21.1         22.1         23.1         24.1         25.1         26.1         27.1         28.1         29.1         30.1
     -0.689681    -0.680660    -0.672093    -0.661184    -0.520501    -0.510222    -0.507820    -0.402689    -0.371812    -0.244303

        31.1         32.1         33.1
     -0.233281    -0.000110     0.020551

 HOMO     31.1    -0.233281 =      -6.3479eV
 LUMO     32.1    -0.000110 =      -0.0030eV
 LUMO-HOMO         0.233171 =       6.3449eV


 **********************************************************************************************************************************
 DATASETS  * FILE   NREC   LENGTH (MB)   RECORD NAMES
              1      18        9.87       500      610      700      900      950      970     1000      129      960     1100   
                                          VAR    BASINP    GEOM    SYMINP    ZMAT    AOBASIS   BASIS     P2S    ABASIS      S 
                                         1400     1410     1200     1210     1080     1600     1650     1700   
                                           T        V       H0       H01     AOSYM     SMH    MOLCAS    OPER   

              2       4        1.69       700     1000      520     2100   
                                         GEOM     BASIS   MCVARS     RHF  

 PROGRAMS   *        TOTAL        HF       INT
 CPU TIMES  *        56.74      6.33     50.27
 REAL TIME  *        70.83 SEC
 DISK USED  *         6.58 GB      
 SF USED    *         0.23 MB      
 GA USED    *         0.01 MB       (max)       0.00 MB       (current)
 **********************************************************************************************************************************
 SETTING E_RHF_C        =    ***************  KCAL/MOL                        


1PROGRAM * CCSD (Closed-shell coupled cluster)     Authors: C. Hampel, H.-J. Werner, 1991, M. Deegan, P.J. Knowles, 1992


 Convergence thresholds:  THRVAR = 1.00D-08  THRDEN = 1.24D-06

 CCSD(T)     terms to be evaluated (factor= 1.000)


 Number of core orbitals:          11 (  11 )
 Number of closed-shell orbitals:  20 (  20 )
 Number of external orbitals:     206 ( 206 )

 Molecular orbitals read from record     2100.2  Type=RHF/CANONICAL (state 1.1)

 Number of N-1 electron functions:              20
 Number of N-2 electron functions:             210
 Number of singly external CSFs:              4120
 Number of doubly external CSFs:           8489260
 Total number of CSFs:                     8493381

 Length of J-op  integral file:               0.00 MB
 Length of K-op  integral file:               3.86 MB
 Length of 3-ext integral record:             0.00 MB

 Memory could be reduced to 217.70 Mwords without degradation in triples

 Integral transformation finished. Total CPU:  49.60 sec, npass=  1  Memory used: 160.68 MW

 Reference energy:                   -662.52504749

 MP2 singlet pair energy:              -0.65042530
 MP2 triplet pair energy:              -0.41190606
 MP2 correlation energy:               -1.06233135
 MP2 total energy:                   -663.58737884

 SCS-MP2 correlation energy:           -1.03680746   (PS=  1.200000  PT=  0.333333)
 SCS-MP2 total energy:               -663.56185494

 ITER.      SQ.NORM     CORR.ENERGY   TOTAL ENERGY   ENERGY CHANGE        DEN1      VAR(S)    VAR(P)  DIIS     TIME
   1      1.40832782    -1.10981033  -663.63485781    -0.04747897    -0.01747919  0.59D-02  0.75D-02  1  1    79.04
   2      1.43998204    -1.11511307  -663.64016055    -0.00530274    -0.02865073  0.13D-03  0.10D-02  2  2   106.15
   3      1.45108049    -1.11527466  -663.64032215    -0.00016160    -0.00519408  0.12D-03  0.58D-04  3  3   132.11
   4      1.45529674    -1.11530907  -663.64035655    -0.00003440    -0.00125754  0.15D-04  0.86D-05  4  4   157.75
   5      1.45689729    -1.11532121  -663.64036869    -0.00001214    -0.00030158  0.53D-05  0.10D-05  5  5   183.72
   6      1.45746501    -1.11530161  -663.64034910     0.00001959    -0.00006128  0.11D-05  0.29D-06  6  6   209.73
   7      1.45768677    -1.11529518  -663.64034267     0.00000643    -0.00001313  0.28D-06  0.90D-07  6  2   235.57
   8      1.45779093    -1.11529300  -663.64034049     0.00000219    -0.00000736  0.68D-07  0.18D-07  6  1   261.66
   9      1.45783044    -1.11529256  -663.64034005     0.00000044     0.00000183  0.12D-07  0.34D-08  6  3   287.34
  10      1.45784108    -1.11529258  -663.64034007    -0.00000002    -0.00000049  0.43D-08  0.81D-09  6  4   313.59

 Norm of t1 vector:      0.12004699      S-energy:     0.00000158      T1 diagnostic:  0.01342166
                                                                       D1 diagnostic:  0.05155085


 Total CPU time for triples:    546.38 sec


 RESULTS
 =======

  Reference energy                   -662.525047485953
  CCSD singlet pair energy             -0.744771132839
  CCSD triplet pair energy             -0.370523025113
  CCSD correlation energy              -1.115292582470

  Triples (T) contribution             -0.047117410147
  Total correlation energy             -1.162409992617

  CCSD total energy                  -663.640340068423
  CCSD[T] energy                     -663.688913268166
  CCSD-T energy                      -663.686868146642
 !CCSD(T) total energy               -663.687457478570

 Timing summary (sec):

 STEP                 CPU(USER)    SYS     CPU(TOT)    WALL
 Transformation         53.54      6.76     60.30     73.40
 CCSD iterations       260.11      8.36    268.47    288.30
 Triples               546.38      3.36    549.74    550.74

 Program statistics:

 Available memory in ccsd:               349998300
 Min. memory needed in ccsd:              20613132
 Max. memory used in ccsd:                28448692
 Max. memory used in cckext:              24282461 (10 integral passes)



 **********************************************************************************************************************************
 DATASETS  * FILE   NREC   LENGTH (MB)   RECORD NAMES
              1      19      855.26       500      610      700      900      950      970     1000      129      960     1100   
                                          VAR    BASINP    GEOM    SYMINP    ZMAT    AOBASIS   BASIS     P2S    ABASIS      S 
                                         1400     1410     1200     1210     1080     1600     1650     1700     1380   
                                           T        V       H0       H01     AOSYM     SMH    MOLCAS    OPER     JKOP   

              2       4        1.69       700     1000      520     2100   
                                         GEOM     BASIS   MCVARS     RHF  

 PROGRAMS   *        TOTAL   CCSD(T)        HF       INT
 CPU TIMES  *       916.82    860.07      6.33     50.27
 REAL TIME  *       983.79 SEC
 DISK USED  *         8.28 GB      
 SF USED    *         1.63 GB      
 GA USED    *         0.01 MB       (max)       0.00 MB       (current)
 **********************************************************************************************************************************
 SETTING E_CORR_C       =    ***************  KCAL/MOL                        
 SETTING E_C            =      -729.42342951  KCAL/MOL                        
 SETTING CHARGE         =         1.00000000                                  

 Dummy atoms: C10  H11  H12  S13  H14


 Recomputing one-electron integrals since nuclear charges changed

1PROGRAM * SEWARD (Integral evaluation for generally contracted gaussian basis sets)     Author: Roland Lindh, 1990

 Geometry written to block  1 of record 700


 Point group  C1  



 ATOMIC COORDINATES

 NR  ATOM    CHARGE       X              Y              Z

   1  N0      7.00   -0.394119336    0.083015083    0.602085510
   2  N1      7.00   -3.798544109   -1.863128822   -0.875905202
   3  C2      6.00   -1.263722168   -2.026796112   -0.412916630
   4  C3      6.00   -4.584486876    0.513126199   -0.106431398
   5  H4      1.00   -4.903278006   -3.226991414   -1.669488132
   6  C5      6.00   -2.448981075    1.677822996    0.802232074
   7  H6      1.00   -0.155458264   -3.698075572   -0.850488385
   8  H7      1.00   -6.526282522    1.122585553   -0.287542750
   9  H8      1.00   -2.256162869    3.552733674    1.568710662
  10  H9      1.00    1.386357117    0.448939100    1.118871750
  11  C10     0.00    5.495177904    1.557643027   -1.624982180
  12  H11     0.00    5.354795818    3.455708520   -0.810459195
  13  H12     0.00    4.011533131    1.314429605   -3.039325026
  14  S13     0.00    5.274805601   -0.893898683    0.830218040
  15  H14     0.00    7.340754363    1.352157987   -2.536512367

 Bond lengths in Bohr (Angstrom)

  1- 3  2.497547139   1- 6  2.608817297   1-10  1.889726118   2- 3  2.581950362   2- 4  2.618469762
       ( 1.321645025)       ( 1.380526656)       ( 0.999999993)       ( 1.366309286)       ( 1.385634520)

 2-5  1.926222214  3-7  2.052533302  4-6  2.596646484  4-8  2.043235756  6-9  2.034688757
     ( 1.019312895)     ( 1.086153844)     ( 1.374086139)     ( 1.081233795)     ( 1.076710918)

 11-12  2.070219176  11-13  2.064151222  11-14  3.476582924  11-15  2.068638164
       ( 1.095512806)       ( 1.092301783)       ( 1.839728449)       ( 1.094676170)

 Bond angles

  1-3-2  111.17107112   1-3-7  125.90760457   1-6-4  110.28766710   1-6-9  121.16921863

  2-3-7  122.92086882   2-4-6  105.25010111   2-4-8  121.99826426   3-1-6  105.86304950

  3- 1-10  127.06847515   3- 2- 4  107.42788808   3- 2- 5  126.30256596   4- 2- 5  126.26194913

  4- 6- 9  128.54108940   6- 1-10  127.06847535   6- 4- 8  132.75045674  12-11-13  109.20063486

 12-11-14  111.36845179  12-11-15  108.96201772  13-11-14  110.80834239  13-11-15  109.12517017

 14-11-15  107.31910637

 NUCLEAR CHARGE:                   37
 NUMBER OF PRIMITIVE AOS:         362
 NUMBER OF SYMMETRY AOS:          348
 NUMBER OF CONTRACTIONS:          237   ( 237A   )
 NUMBER OF CORE ORBITALS:           5   (   5A   )
 NUMBER OF VALENCE ORBITALS:       25   (  25A   )

 MOLECULE CHANGED: INITIALIZING OCCUPATION AND DUMP RECORDS


 NUCLEAR REPULSION ENERGY  172.15847751


 Eigenvalues of metric

         1 0.145E-04 0.480E-04 0.957E-04 0.188E-03 0.198E-03 0.261E-03 0.336E-03 0.396E-03


 Contracted 2-electron integrals neglected if value below      1.0D-12

 OPERATOR DM      FOR CENTER  0  COORDINATES:    0.000000    0.000000    0.000000


 **********************************************************************************************************************************
 DATASETS  * FILE   NREC   LENGTH (MB)   RECORD NAMES
              1      18        9.87       500      610      700      900      950      970     1000      129      960     1100   
                                          VAR    BASINP    GEOM    SYMINP    ZMAT    AOBASIS   BASIS     P2S    ABASIS      S 
                                         1400     1410     1200     1210     1080     1600     1650     1700   
                                           T        V       H0       H01     AOSYM     SMH    MOLCAS    OPER   

              2       4        1.69       700     1000      520     2100   
                                         GEOM     BASIS   MCVARS     RHF  

 PROGRAMS   *        TOTAL       INT   CCSD(T)        HF       INT
 CPU TIMES  *       916.99      0.17    860.07      6.33     50.27
 REAL TIME  *       984.71 SEC
 DISK USED  *        17.54 GB      
 SF USED    *         1.63 GB      
 GA USED    *         0.01 MB       (max)       0.00 MB       (current)
 **********************************************************************************************************************************

1PROGRAM * RHF-SCF (CLOSED SHELL)       Authors: W. Meyer, H.-J. Werner


 NUMBER OF ELECTRONS:      18+   18-    SPACE SYMMETRY=1    SPIN SYMMETRY: Singlet 
 CONVERGENCE THRESHOLDS:    1.00E-05 (Density)    1.00E-07 (Energy)
 MAX. NUMBER OF ITERATIONS:       60
 INTERPOLATION TYPE:            DIIS
 INTERPOLATION STEPS:              2 (START)      1 (STEP)
 LEVEL SHIFTS:                  0.00 (CLOSED)  0.00 (OPEN) 



 Orbital guess generated from atomic densities. Full valence occupancy:   30

 Molecular orbital dump at record        2101.2

 ITERATION    DDIFF          GRAD             ENERGY        2-EL.EN.            DIPOLE MOMENTS         DIIS   ORB.
    1      0.000D+00      0.000D+00      -225.14820232    474.335413   -1.74080   -1.37006   -0.26793    0    start
    2      0.000D+00      0.354D-02      -225.20872407    479.703305   -2.24944   -0.67504   -0.10137    1    diag
    3      0.576D-02      0.159D-02      -225.21808548    478.094664   -2.05541   -0.92991   -0.16121    2    diag
    4      0.225D-02      0.468D-03      -225.21935740    478.356440   -2.10214   -0.87086   -0.14802    3    diag
    5      0.722D-03      0.889D-04      -225.21945219    478.441383   -2.09082   -0.88202   -0.15008    4    diag
    6      0.173D-03      0.472D-04      -225.21947965    478.412999   -2.09224   -0.88243   -0.15055    5    diag
    7      0.788D-04      0.199D-04      -225.21948866    478.421498   -2.08777   -0.88651   -0.15124    6    diag
    8      0.601D-04      0.769D-05      -225.21948938    478.421932   -2.08787   -0.88766   -0.15170    7    diag
    9      0.201D-04      0.229D-05      -225.21948941    478.421308   -2.08741   -0.88763   -0.15160    8    diag
   10      0.346D-05      0.517D-06      -225.21948942    478.421396   -2.08752   -0.88769   -0.15164    0    orth

 Final occupancy:  18

 !RHF STATE 1.1 Energy               -225.219489416039
 Nuclear energy                       172.15847751
 One-electron energy                 -636.58866516
 Two-electron energy                  239.21069824
 Virial quotient                       -1.00204456
 !RHF STATE 1.1 Dipole moment          -2.08751514    -0.88769300    -0.15164283
 Dipole moment /Debye                  -5.30558674    -2.25614276    -0.38541238

 Orbital energies:

         1.1          2.1          3.1          4.1          5.1          6.1          7.1          8.1          9.1         10.1
    -15.864653   -15.859016   -11.565016   -11.485980   -11.481118    -1.593903    -1.441068    -1.241332    -1.107194    -1.046552

        11.1         12.1         13.1         14.1         15.1         16.1         17.1         18.1         19.1         20.1
     -0.989007    -0.917720    -0.839074    -0.825873    -0.815934    -0.800057    -0.668949    -0.541188    -0.097086    -0.080799

 HOMO     18.1    -0.541188 =     -14.7265eV
 LUMO     19.1    -0.097086 =      -2.6418eV
 LUMO-HOMO         0.444102 =      12.0846eV


 **********************************************************************************************************************************
 DATASETS  * FILE   NREC   LENGTH (MB)   RECORD NAMES
              1      18        9.87       500      610      700      900      950      970     1000      129      960     1100   
                                          VAR    BASINP    GEOM    SYMINP    ZMAT    AOBASIS   BASIS     P2S    ABASIS      S 
                                         1400     1410     1200     1210     1080     1600     1650     1700   
                                           T        V       H0       H01     AOSYM     SMH    MOLCAS    OPER   

              2       5        3.98       700     1000      520     2100     2101   
                                         GEOM     BASIS   MCVARS     RHF      RHF  

 PROGRAMS   *        TOTAL        HF       INT   CCSD(T)        HF       INT
 CPU TIMES  *       923.20      6.21      0.17    860.07      6.33     50.27
 REAL TIME  *       994.30 SEC
 DISK USED  *        17.54 GB      
 SF USED    *         1.63 GB      
 GA USED    *         0.01 MB       (max)       0.00 MB       (current)
 **********************************************************************************************************************************
 SETTING E_RHF_A        =    ***************  KCAL/MOL                        


1PROGRAM * CCSD (Closed-shell coupled cluster)     Authors: C. Hampel, H.-J. Werner, 1991, M. Deegan, P.J. Knowles, 1992


 Convergence thresholds:  THRVAR = 1.00D-08  THRDEN = 1.00D-06

 CCSD(T)     terms to be evaluated (factor= 1.000)


 Number of core orbitals:           5 (   5 )
 Number of closed-shell orbitals:  13 (  13 )
 Number of external orbitals:     219 ( 219 )

 Molecular orbitals read from record     2101.2  Type=RHF/CANONICAL (state 1.1)

 Number of N-1 electron functions:              13
 Number of N-2 electron functions:              91
 Number of singly external CSFs:              2847
 Number of doubly external CSFs:           4054128
 Total number of CSFs:                     4056976

 Length of J-op  integral file:               0.00 MB
 Length of K-op  integral file:               3.86 MB
 Length of 3-ext integral record:             0.00 MB

 Memory could be reduced to 173.51 Mwords without degradation in triples

 Integral transformation finished. Total CPU:  32.71 sec, npass=  1  Memory used: 103.26 MW

 Reference energy:                   -225.21948942

 MP2 singlet pair energy:              -0.44877443
 MP2 triplet pair energy:              -0.29240129
 MP2 correlation energy:               -0.74117572
 MP2 total energy:                   -225.96066513

 SCS-MP2 correlation energy:           -0.72046789   (PS=  1.200000  PT=  0.333333)
 SCS-MP2 total energy:               -225.93995731

 ITER.      SQ.NORM     CORR.ENERGY   TOTAL ENERGY   ENERGY CHANGE        DEN1      VAR(S)    VAR(P)  DIIS     TIME
   1      1.25703186    -0.76435817  -225.98384759    -0.02318246    -0.00288098  0.39D-02  0.51D-02  1  1    43.59
   2      1.27683759    -0.76776693  -225.98725634    -0.00340875    -0.01907332  0.76D-04  0.69D-03  2  2    54.80
   3      1.28419663    -0.76792826  -225.98741768    -0.00016133    -0.00364775  0.80D-04  0.40D-04  3  3    66.02
   4      1.28705181    -0.76795843  -225.98744785    -0.00003017    -0.00091292  0.84D-05  0.58D-05  4  4    76.95
   5      1.28812056    -0.76797490  -225.98746431    -0.00001647    -0.00021999  0.29D-05  0.52D-06  5  5    87.85
   6      1.28845720    -0.76795965  -225.98744906     0.00001525    -0.00003690  0.42D-06  0.14D-06  6  6    98.57
   7      1.28858399    -0.76795583  -225.98744524     0.00000382    -0.00000563  0.90D-07  0.25D-07  6  2   109.08
   8      1.28862944    -0.76795466  -225.98744408     0.00000116    -0.00000247  0.64D-08  0.38D-08  6  1   119.59
   9      1.28864193    -0.76795421  -225.98744363     0.00000045    -0.00000050  0.62D-09  0.42D-09  6  3   130.11
  10      1.28863891    -0.76795461  -225.98744403    -0.00000040     0.00000148  0.13D-09  0.41D-10  6  5   140.65

 Norm of t1 vector:      0.09520914      S-energy:     0.00000011      T1 diagnostic:  0.01320313
                                                                       D1 diagnostic:  0.05223954


 Total CPU time for triples:    191.56 sec


 RESULTS
 =======

  Reference energy                   -225.219489416039
  CCSD singlet pair energy             -0.508529915453
  CCSD triplet pair energy             -0.259424812657
  CCSD correlation energy              -0.767954613998

  Triples (T) contribution             -0.033244982501
  Total correlation energy             -0.801199596498

  CCSD total energy                  -225.987444030036
  CCSD[T] energy                     -226.021685997224
  CCSD-T energy                      -226.020303026843
 !CCSD(T) total energy               -226.020689012537

 Timing summary (sec):

 STEP                 CPU(USER)    SYS     CPU(TOT)    WALL
 Transformation         32.84      2.91     35.75     36.58
 CCSD iterations       107.84      4.04    111.88    111.96
 Triples               191.56      1.18    192.74    192.76

 Program statistics:

 Available memory in ccsd:               349999224
 Min. memory needed in ccsd:              10383805
 Max. memory used in ccsd:                14020906
 Max. memory used in cckext:              10746218 (10 integral passes)



 **********************************************************************************************************************************
 DATASETS  * FILE   NREC   LENGTH (MB)   RECORD NAMES
              1      19      620.87       500      610      700      900      950      970     1000      129      960     1100   
                                          VAR    BASINP    GEOM    SYMINP    ZMAT    AOBASIS   BASIS     P2S    ABASIS      S 
                                         1400     1410     1200     1210     1080     1600     1650     1700     1380   
                                           T        V       H0       H01     AOSYM     SMH    MOLCAS    OPER     JKOP   

              2       5        3.98       700     1000      520     2100     2101   
                                         GEOM     BASIS   MCVARS     RHF      RHF  

 PROGRAMS   *        TOTAL   CCSD(T)        HF       INT   CCSD(T)        HF       INT
 CPU TIMES  *      1255.49    332.28      6.21      0.17    860.07      6.33     50.27
 REAL TIME  *      1335.89 SEC
 DISK USED  *        17.54 GB      
 SF USED    *         1.63 GB      
 GA USED    *         0.01 MB       (max)       0.00 MB       (current)
 **********************************************************************************************************************************
 SETTING E_CORR_A       =    ***************  KCAL/MOL                        
 SETTING E_A            =      -502.76043832  KCAL/MOL                        
 SETTING CHARGE         =        -1.00000000                                  

 Dummy atoms: N0  N1  C2  C3  H4  C5  H6  H7  H8  H9


 Recomputing one-electron integrals since nuclear charges changed

1PROGRAM * SEWARD (Integral evaluation for generally contracted gaussian basis sets)     Author: Roland Lindh, 1990

 Geometry written to block  1 of record 700


 Point group  C1  



 ATOMIC COORDINATES

 NR  ATOM    CHARGE       X              Y              Z

   1  N0      0.00   -0.394119336    0.083015083    0.602085510
   2  N1      0.00   -3.798544109   -1.863128822   -0.875905202
   3  C2      0.00   -1.263722168   -2.026796112   -0.412916630
   4  C3      0.00   -4.584486876    0.513126199   -0.106431398
   5  H4      0.00   -4.903278006   -3.226991414   -1.669488132
   6  C5      0.00   -2.448981075    1.677822996    0.802232074
   7  H6      0.00   -0.155458264   -3.698075572   -0.850488385
   8  H7      0.00   -6.526282522    1.122585553   -0.287542750
   9  H8      0.00   -2.256162869    3.552733674    1.568710662
  10  H9      0.00    1.386357117    0.448939100    1.118871750
  11  C10     6.00    5.495177904    1.557643027   -1.624982180
  12  H11     1.00    5.354795818    3.455708520   -0.810459195
  13  H12     1.00    4.011533131    1.314429605   -3.039325026
  14  S13    16.00    5.274805601   -0.893898683    0.830218040
  15  H14     1.00    7.340754363    1.352157987   -2.536512367

 Bond lengths in Bohr (Angstrom)

  1- 3  2.497547139   1- 6  2.608817297   1-10  1.889726118   2- 3  2.581950362   2- 4  2.618469762
       ( 1.321645025)       ( 1.380526656)       ( 0.999999993)       ( 1.366309286)       ( 1.385634520)

 2-5  1.926222214  3-7  2.052533302  4-6  2.596646484  4-8  2.043235756  6-9  2.034688757
     ( 1.019312895)     ( 1.086153844)     ( 1.374086139)     ( 1.081233795)     ( 1.076710918)

 11-12  2.070219176  11-13  2.064151222  11-14  3.476582924  11-15  2.068638164
       ( 1.095512806)       ( 1.092301783)       ( 1.839728449)       ( 1.094676170)

 Bond angles

  1-3-2  111.17107112   1-3-7  125.90760457   1-6-4  110.28766710   1-6-9  121.16921863

  2-3-7  122.92086882   2-4-6  105.25010111   2-4-8  121.99826426   3-1-6  105.86304950

  3- 1-10  127.06847515   3- 2- 4  107.42788808   3- 2- 5  126.30256596   4- 2- 5  126.26194913

  4- 6- 9  128.54108940   6- 1-10  127.06847535   6- 4- 8  132.75045674  12-11-13  109.20063486

 12-11-14  111.36845179  12-11-15  108.96201772  13-11-14  110.80834239  13-11-15  109.12517017

 14-11-15  107.31910637

 NUCLEAR CHARGE:                   25
 NUMBER OF PRIMITIVE AOS:         362
 NUMBER OF SYMMETRY AOS:          348
 NUMBER OF CONTRACTIONS:          237   ( 237A   )
 NUMBER OF CORE ORBITALS:           6   (   6A   )
 NUMBER OF VALENCE ORBITALS:       11   (  11A   )

 MOLECULE CHANGED: INITIALIZING OCCUPATION AND DUMP RECORDS


 NUCLEAR REPULSION ENERGY   47.62676028


 Eigenvalues of metric

         1 0.145E-04 0.480E-04 0.957E-04 0.188E-03 0.198E-03 0.261E-03 0.336E-03 0.396E-03


 Contracted 2-electron integrals neglected if value below      1.0D-12

 OPERATOR DM      FOR CENTER  0  COORDINATES:    0.000000    0.000000    0.000000


 **********************************************************************************************************************************
 DATASETS  * FILE   NREC   LENGTH (MB)   RECORD NAMES
              1      18        9.87       500      610      700      900      950      970     1000      129      960     1100   
                                          VAR    BASINP    GEOM    SYMINP    ZMAT    AOBASIS   BASIS     P2S    ABASIS      S 
                                         1400     1410     1200     1210     1080     1600     1650     1700   
                                           T        V       H0       H01     AOSYM     SMH    MOLCAS    OPER   

              2       5        3.98       700     1000      520     2100     2101   
                                         GEOM     BASIS   MCVARS     RHF      RHF  

 PROGRAMS   *        TOTAL       INT   CCSD(T)        HF       INT   CCSD(T)        HF       INT
 CPU TIMES  *      1255.60      0.12    332.28      6.21      0.17    860.07      6.33     50.27
 REAL TIME  *      1336.41 SEC
 DISK USED  *        17.54 GB      
 SF USED    *         1.63 GB      
 GA USED    *         0.01 MB       (max)       0.00 MB       (current)
 **********************************************************************************************************************************

1PROGRAM * RHF-SCF (CLOSED SHELL)       Authors: W. Meyer, H.-J. Werner


 NUMBER OF ELECTRONS:      13+   13-    SPACE SYMMETRY=1    SPIN SYMMETRY: Singlet 
 CONVERGENCE THRESHOLDS:    1.00E-05 (Density)    1.00E-07 (Energy)
 MAX. NUMBER OF ITERATIONS:       60
 INTERPOLATION TYPE:            DIIS
 INTERPOLATION STEPS:              2 (START)      1 (STEP)
 LEVEL SHIFTS:                  0.00 (CLOSED)  0.00 (OPEN) 



 Orbital guess generated from atomic densities. Full valence occupancy:   17

 Molecular orbital dump at record        2102.2

 ITERATION    DDIFF          GRAD             ENERGY        2-EL.EN.            DIPOLE MOMENTS         DIIS   ORB.
    1      0.000D+00      0.000D+00      -437.09228044    444.656880   -5.22657    1.30593   -1.24965    0    start
    2      0.000D+00      0.328D-02      -437.14403046    435.488963   -5.27149    0.79872   -0.74422    1    diag
    3      0.688D-02      0.151D-02      -437.15205565    438.085324   -5.26226    0.93029   -0.87482    2    diag
    4      0.234D-02      0.263D-03      -437.15269255    437.899162   -5.25982    0.94269   -0.88806    3    diag
    5      0.655D-03      0.618D-04      -437.15273172    437.896252   -5.25931    0.94609   -0.89136    4    diag
    6      0.210D-03      0.150D-04      -437.15273462    437.895820   -5.25873    0.94619   -0.89167    5    diag
    7      0.754D-04      0.518D-05      -437.15273485    437.893090   -5.25857    0.94649   -0.89199    6    diag
    8      0.262D-04      0.177D-05      -437.15273488    437.894066   -5.25851    0.94619   -0.89172    7    diag
    9      0.930D-05      0.462D-06      -437.15273488    437.894054   -5.25849    0.94614   -0.89168    0    orth

 Final occupancy:  13

 !RHF STATE 1.1 Energy               -437.152734883506
 Nuclear energy                        47.62676028
 One-electron energy                 -703.72652193
 Two-electron energy                  218.94702677
 Virial quotient                       -1.00022035
 !RHF STATE 1.1 Dipole moment          -5.25848931     0.94614405    -0.89168052
 Dipole moment /Debye                 -13.36487127     2.40470080    -2.26627738

 Orbital energies:

         1.1          2.1          3.1          4.1          5.1          6.1          7.1          8.1          9.1         10.1
    -91.664950   -11.054148    -8.664031    -6.346620    -6.343688    -6.343671    -0.782010    -0.576087    -0.375079    -0.374069

        11.1         12.1         13.1         14.1         15.1
     -0.227538    -0.082529    -0.081814     0.099547     0.121780

 HOMO     13.1    -0.081814 =      -2.2263eV
 LUMO     14.1     0.099547 =       2.7088eV
 LUMO-HOMO         0.181362 =       4.9351eV


 **********************************************************************************************************************************
 DATASETS  * FILE   NREC   LENGTH (MB)   RECORD NAMES
              1      18        9.87       500      610      700      900      950      970     1000      129      960     1100   
                                          VAR    BASINP    GEOM    SYMINP    ZMAT    AOBASIS   BASIS     P2S    ABASIS      S 
                                         1400     1410     1200     1210     1080     1600     1650     1700   
                                           T        V       H0       H01     AOSYM     SMH    MOLCAS    OPER   

              2       6        6.27       700     1000      520     2100     2101     2102   
                                         GEOM     BASIS   MCVARS     RHF      RHF      RHF  

 PROGRAMS   *        TOTAL        HF       INT   CCSD(T)        HF       INT   CCSD(T)        HF       INT
 CPU TIMES  *      1260.52      4.92      0.12    332.28      6.21      0.17    860.07      6.33     50.27
 REAL TIME  *      1342.23 SEC
 DISK USED  *        17.54 GB      
 SF USED    *         1.63 GB      
 GA USED    *         0.01 MB       (max)       0.00 MB       (current)
 **********************************************************************************************************************************
 SETTING E_RHF_B        =    ***************  KCAL/MOL                        


1PROGRAM * CCSD (Closed-shell coupled cluster)     Authors: C. Hampel, H.-J. Werner, 1991, M. Deegan, P.J. Knowles, 1992


 Convergence thresholds:  THRVAR = 1.00D-08  THRDEN = 1.00D-06

 CCSD(T)     terms to be evaluated (factor= 1.000)


 Number of core orbitals:           6 (   6 )
 Number of closed-shell orbitals:   7 (   7 )
 Number of external orbitals:     224 ( 224 )

 Molecular orbitals read from record     2102.2  Type=RHF/CANONICAL (state 1.1)

 Number of N-1 electron functions:               7
 Number of N-2 electron functions:              28
 Number of singly external CSFs:              1568
 Number of doubly external CSFs:           1230096
 Total number of CSFs:                     1231665

 Length of J-op  integral file:               0.00 MB
 Length of K-op  integral file:               3.86 MB
 Length of 3-ext integral record:             0.00 MB

 Memory could be reduced to 110.82 Mwords without degradation in triples

 Integral transformation finished. Total CPU:  16.21 sec, npass=  1  Memory used:  57.33 MW

 Reference energy:                   -437.15273488

 MP2 singlet pair energy:              -0.20051013
 MP2 triplet pair energy:              -0.11132762
 MP2 correlation energy:               -0.31183775
 MP2 total energy:                   -437.46457264

 SCS-MP2 correlation energy:           -0.30988268   (PS=  1.200000  PT=  0.333333)
 SCS-MP2 total energy:               -437.46261756

 ITER.      SQ.NORM     CORR.ENERGY   TOTAL ENERGY   ENERGY CHANGE        DEN1      VAR(S)    VAR(P)  DIIS     TIME
   1      1.15096301    -0.33866455  -437.49139943    -0.02682680    -0.01778528  0.14D-02  0.22D-02  1  1    19.19
   2      1.16320903    -0.34070427  -437.49343915    -0.00203972    -0.00953866  0.32D-04  0.22D-03  2  2    22.27
   3      1.16611989    -0.34076447  -437.49349936    -0.00006021    -0.00127964  0.18D-04  0.14D-04  3  3    25.35
   4      1.16711709    -0.34076876  -437.49350364    -0.00000428    -0.00024237  0.38D-05  0.15D-05  4  4    28.37
   5      1.16742289    -0.34076318  -437.49349807     0.00000558    -0.00005296  0.12D-05  0.28D-06  5  5    31.43
   6      1.16756545    -0.34075865  -437.49349353     0.00000453    -0.00001498  0.39D-06  0.71D-07  6  6    34.51
   7      1.16763168    -0.34075659  -437.49349147     0.00000207    -0.00000334  0.13D-06  0.21D-07  6  1    37.59
   8      1.16767224    -0.34075566  -437.49349055     0.00000092    -0.00000184  0.34D-07  0.63D-08  6  2    40.66
   9      1.16769016    -0.34075552  -437.49349040     0.00000015     0.00000080  0.78D-08  0.14D-08  6  3    43.73

 Norm of t1 vector:      0.05999957      S-energy:     0.00000006      T1 diagnostic:  0.01133885
                                                                       D1 diagnostic:  0.02286049


 Total CPU time for triples:     40.46 sec


 RESULTS
 =======

  Reference energy                   -437.152734883506
  CCSD singlet pair energy             -0.237050372704
  CCSD triplet pair energy             -0.103705204196
  CCSD correlation energy              -0.340755516947

  Triples (T) contribution             -0.012317978462
  Total correlation energy             -0.353073495409

  CCSD total energy                  -437.493490400453
  CCSD[T] energy                     -437.506142273167
  CCSD-T energy                      -437.505643331777
 !CCSD(T) total energy               -437.505808378915

 Timing summary (sec):

 STEP                 CPU(USER)    SYS     CPU(TOT)    WALL
 Transformation         16.26      1.47     17.73     18.89
 CCSD iterations        27.48      1.31     28.79     47.48
 Triples                40.46      0.17     40.63     40.69

 Program statistics:

 Available memory in ccsd:               349999704
 Min. memory needed in ccsd:               3914284
 Max. memory used in ccsd:                 4933869
 Max. memory used in cckext:               3581066 ( 9 integral passes)



 **********************************************************************************************************************************
 DATASETS  * FILE   NREC   LENGTH (MB)   RECORD NAMES
              1      19      345.78       500      610      700      900      950      970     1000      129      960     1100   
                                          VAR    BASINP    GEOM    SYMINP    ZMAT    AOBASIS   BASIS     P2S    ABASIS      S 
                                         1400     1410     1200     1210     1080     1600     1650     1700     1380   
                                           T        V       H0       H01     AOSYM     SMH    MOLCAS    OPER     JKOP   

              2       6        6.27       700     1000      520     2100     2101     2102   
                                         GEOM     BASIS   MCVARS     RHF      RHF      RHF  

 PROGRAMS   *        TOTAL   CCSD(T)        HF       INT   CCSD(T)        HF       INT   CCSD(T)        HF       INT
 CPU TIMES  *      1344.77     84.25      4.92      0.12    332.28      6.21      0.17    860.07      6.33     50.27
 REAL TIME  *      1449.46 SEC
 DISK USED  *        17.54 GB      
 SF USED    *         1.63 GB      
 GA USED    *         0.01 MB       (max)       0.00 MB       (current)
 **********************************************************************************************************************************
 SETTING E_CORR_B       =    ***************  KCAL/MOL                        
 SETTING E_B            =      -221.55700787  KCAL/MOL                        
 SETTING E_RHF_CP       =       -95.89801657  KCAL/MOL                        
 SETTING E_CORR_CP      =        -5.10598331  KCAL/MOL                        

        CCSD(T)         HF-SCF          CCSD(T)         HF-SCF          CCSD(T)         HF-SCF  
   -437.50580838   -437.15273488   -226.02068901   -225.21948942   -663.68745748   -662.52504749
 **********************************************************************************************************************************
 Variable memory released
