
 Primary working directories    : /scratch/1723526.phoenix.chem.wisc.edu
 Secondary working directories  : /scratch/1723526.phoenix.chem.wisc.edu
 Wavefunction directory         : /scratch/1723526.phoenix.chem.wisc.edu/
 Main file repository           : /scratch/1723526.phoenix.chem.wisc.edu/

 SHA1      : 65e45729fe3f963b0eb97374e3bda9949063ef0f
 NAME      : 2012.1.17
 ARCHNAME  : Linux/x86_64
 FC        : /opt/intel/composer_xe_2013.5.192/bin/intel64/ifort
 FCVERSION : 13.1.3
 BLASLIB   : -L/opt/intel/composer_xe_2013.5.192/mkl/lib/intel64 -lmkl_intel_ilp64 -lmkl_sequential -lmkl_core
 id        : cuichemwisc

 Nodes             nprocs
 compute-1-35.local   12
 ga_uses_ma=false, calling ma_init with nominal heap.
 GA-space will be limited to   8.0 MW (determined by -G option)

 Using customized tuning parameters: mindgm=1; mindgv=20; mindgc=4; mindgr=1; noblas=0; minvec=7
 default implementation of scratch files=sf  

 geomtyp=xyz
 geometry={
 15
  N0         -0.208558970000       0.043929690000       0.318609930000
  N1         -2.010102970000      -0.985925310000      -0.463509070000
  C2         -0.668732970000      -1.072534310000      -0.218506070000
  C3         -2.426005970000       0.271534690000      -0.056321070000
  H4         -2.594702970000      -1.707650310000      -0.883455070000
  C5         -1.295944970000       0.887865690000       0.424522930000
  H6         -0.082264970000      -1.956937310000      -0.450059070000
  H7         -3.453559970000       0.594046690000      -0.152161070000
  H8         -1.193909970000       1.880025690000       0.830125930000
  H9          0.733628590000       0.237568340000       0.592081430000
  C10         3.696562529680       0.852321949133      -0.857661673558
  H11         3.622275529680       1.856734949133      -0.426634673558
  H12         2.911451529680       0.723618949133      -1.606099673558
  S13         3.579946529680      -0.444978050867       0.441574326442
  H14         4.673199529680       0.743583949133      -1.340022673558
 }
 
 
 basis=avdz
 
                                                                                 ! Complex
 set,charge=0
 
 hf
 e_rhf_c = energy*tokcal
 ccsd(t)
 e_corr_c = energy*tokcal
 e_c = e_corr_c - e_rhf_c
 
 
                                                                                 ! Monomer 1
 set,charge=1
 dummy,C10,H11,H12,S13,H14
 
 hf
 e_rhf_a = energy*tokcal
 ccsd(t)
 e_corr_a = energy*tokcal
 e_a = e_corr_a - e_rhf_a
 
 
                                                                                 ! Monomer 2
 set,charge=-1
 dummy,N0,N1,C2,C3,H4,C5,H6,H7,H8,H9
 
 hf
 e_rhf_b = energy*tokcal
 ccsd(t)
 e_corr_b = energy*tokcal
 e_b = e_corr_b - e_rhf_b
 
 
 e_rhf_cp = e_rhf_c - (e_rhf_a + e_rhf_b)
 e_corr_cp = e_c - (e_a + e_b)

 Variables initialized (782), CPU time= 0.01 sec
 Commands  initialized (547), CPU time= 0.01 sec, 517 directives.
 Default parameters read. Elapsed time= 0.13 sec

 Checking input...
 Passed
1


                                         ***  PROGRAM SYSTEM MOLPRO  ***
                         Copyright, University College Cardiff Consultants Limited, 2008

                                    Version 2012.1 linked Oct 11 2014 15:40:16


 **********************************************************************************************************************************
 LABEL *                                                                                 
 Linux-2.6.18-308.el5/compute-1-35.local(x86_64) 64 bit mpp version                      DATE: 12-Dec-14          TIME: 07:08:55  
 **********************************************************************************************************************************

 SHA1:             65e45729fe3f963b0eb97374e3bda9949063ef0f
 **********************************************************************************************************************************
 SETTING GEOMTYP        =    XYZ

 Variable memory set to  350000000 words,  buffer space   230000 words

 SETTING BASIS          =    AVDZ
 SETTING CHARGE         =         0.00000000                                  


 Recomputing integrals since basis changed


 Using spherical harmonics

 Library entry N      S aug-cc-pVDZ          selected for orbital group  1
 Library entry N      P aug-cc-pVDZ          selected for orbital group  1
 Library entry N      D aug-cc-pVDZ          selected for orbital group  1
 Library entry C      S aug-cc-pVDZ          selected for orbital group  2
 Library entry C      P aug-cc-pVDZ          selected for orbital group  2
 Library entry C      D aug-cc-pVDZ          selected for orbital group  2
 Library entry H      S aug-cc-pVDZ          selected for orbital group  3
 Library entry H      P aug-cc-pVDZ          selected for orbital group  3
 Library entry S      S aug-cc-pVDZ          selected for orbital group  8
 Library entry S      P aug-cc-pVDZ          selected for orbital group  8
 Library entry S      D aug-cc-pVDZ          selected for orbital group  8

1PROGRAM * SEWARD (Integral evaluation for generally contracted gaussian basis sets)     Author: Roland Lindh, 1990

 Geometry written to block  1 of record 700


 Point group  C1  



 ATOMIC COORDINATES

 NR  ATOM    CHARGE       X              Y              Z

   1  N0      7.00   -0.394119336    0.083015083    0.602085510
   2  N1      7.00   -3.798544109   -1.863128822   -0.875905202
   3  C2      6.00   -1.263722168   -2.026796112   -0.412916630
   4  C3      6.00   -4.584486876    0.513126199   -0.106431398
   5  H4      1.00   -4.903278006   -3.226991414   -1.669488132
   6  C5      6.00   -2.448981075    1.677822996    0.802232074
   7  H6      1.00   -0.155458264   -3.698075572   -0.850488385
   8  H7      1.00   -6.526282522    1.122585553   -0.287542750
   9  H8      1.00   -2.256162869    3.552733674    1.568710662
  10  H9      1.00    1.386357117    0.448939100    1.118871750
  11  C10     6.00    6.985490809    1.610655060   -1.620745676
  12  H11     1.00    6.845108724    3.508720553   -0.806222691
  13  H12     1.00    5.501846036    1.367441637   -3.035088523
  14  S13    16.00    6.765118506   -0.840886651    0.834454544
  15  H14     1.00    8.831067269    1.405170020   -2.532275863

 Bond lengths in Bohr (Angstrom)

  1- 3  2.497547139   1- 6  2.608817297   1-10  1.889726118   2- 3  2.581950362   2- 4  2.618469762
       ( 1.321645025)       ( 1.380526656)       ( 0.999999993)       ( 1.366309286)       ( 1.385634520)

 2-5  1.926222214  3-7  2.052533302  4-6  2.596646484  4-8  2.043235756  6-9  2.034688757
     ( 1.019312895)     ( 1.086153844)     ( 1.374086139)     ( 1.081233795)     ( 1.076710918)

 11-12  2.070219176  11-13  2.064151222  11-14  3.476582924  11-15  2.068638164
       ( 1.095512806)       ( 1.092301783)       ( 1.839728449)       ( 1.094676170)

 Bond angles

  1-3-2  111.17107112   1-3-7  125.90760457   1-6-4  110.28766710   1-6-9  121.16921863

  2-3-7  122.92086882   2-4-6  105.25010111   2-4-8  121.99826426   3-1-6  105.86304950

  3- 1-10  127.06847515   3- 2- 4  107.42788808   3- 2- 5  126.30256596   4- 2- 5  126.26194913

  4- 6- 9  128.54108940   6- 1-10  127.06847535   6- 4- 8  132.75045674  12-11-13  109.20063486

 12-11-14  111.36845179  12-11-15  108.96201772  13-11-14  110.80834239  13-11-15  109.12517017

 14-11-15  107.31910637

 NUCLEAR CHARGE:                   62
 NUMBER OF PRIMITIVE AOS:         362
 NUMBER OF SYMMETRY AOS:          348
 NUMBER OF CONTRACTIONS:          237   ( 237A   )
 NUMBER OF CORE ORBITALS:          11   (  11A   )
 NUMBER OF VALENCE ORBITALS:       36   (  36A   )


 NUCLEAR REPULSION ENERGY  318.91746982


 Eigenvalues of metric

         1 0.162E-04 0.491E-04 0.114E-03 0.199E-03 0.221E-03 0.272E-03 0.373E-03 0.440E-03


 Contracted 2-electron integrals neglected if value below      1.0D-12
 AO integral compression algorithm  1   Integral accuracy      1.0D-12

     1699.480 MB (compressed) written to integral file ( 48.6%)

     Node minimum: 130.286 MB, node maximum: 149.946 MB


 NUMBER OF SORTED TWO-ELECTRON INTEGRALS:   33149100.     BUFFER LENGTH:  32768
 NUMBER OF SEGMENTS:   3  SEGMENT LENGTH:   15990336      RECORD LENGTH: 524288

 Memory used in sort:      16.55 MW

 SORT1 READ   437309538. AND WROTE    30227542. INTEGRALS IN     88 RECORDS. CPU TIME:    16.15 SEC, REAL TIME:    18.71 SEC
 SORT2 READ   364457077. AND WROTE   397718706. INTEGRALS IN   6744 RECORDS. CPU TIME:    36.06 SEC, REAL TIME:    42.33 SEC

 Node minimum:    33130300.  Node maximum:    33156153. integrals

 OPERATOR DM      FOR CENTER  0  COORDINATES:    0.000000    0.000000    0.000000


 **********************************************************************************************************************************
 DATASETS  * FILE   NREC   LENGTH (MB)   RECORD NAMES
              1      18        9.87       500      610      700      900      950      970     1000      129      960     1100   
                                          VAR    BASINP    GEOM    SYMINP    ZMAT    AOBASIS   BASIS     P2S    ABASIS      S 
                                         1400     1410     1200     1210     1080     1600     1650     1700   
                                           T        V       H0       H01     AOSYM     SMH    MOLCAS    OPER   

 PROGRAMS   *        TOTAL       INT
 CPU TIMES  *        55.18     55.04
 REAL TIME  *        65.23 SEC
 DISK USED  *         6.04 GB      
 GA USED    *         0.01 MB       (max)       0.00 MB       (current)
 **********************************************************************************************************************************

1PROGRAM * RHF-SCF (CLOSED SHELL)       Authors: W. Meyer, H.-J. Werner


 NUMBER OF ELECTRONS:      31+   31-    SPACE SYMMETRY=1    SPIN SYMMETRY: Singlet 
 CONVERGENCE THRESHOLDS:    1.00E-05 (Density)    1.24E-07 (Energy)
 MAX. NUMBER OF ITERATIONS:       60
 INTERPOLATION TYPE:            DIIS
 INTERPOLATION STEPS:              2 (START)      1 (STEP)
 LEVEL SHIFTS:                  0.00 (CLOSED)  0.00 (OPEN) 



 Orbital guess generated from atomic densities. Full valence occupancy:   47

 Molecular orbital dump at record        2100.2

 ITERATION    DDIFF          GRAD             ENERGY        2-EL.EN.            DIPOLE MOMENTS         DIIS   ORB.
    1      0.000D+00      0.000D+00      -662.37615060   1119.114455   -8.36453   -0.13408   -1.52560    0    start
    2      0.000D+00      0.351D-02      -662.48565676   1116.236379   -7.54474    0.03310   -0.82825    1    diag
    3      0.954D-02      0.158D-02      -662.50284458   1117.112719   -7.50948   -0.05723   -1.04421    2    diag
    4      0.314D-02      0.387D-03      -662.50470089   1117.238132   -7.43092    0.01583   -1.02780    3    diag
    5      0.101D-02      0.110D-03      -662.50487984   1117.091240   -7.39223   -0.01215   -1.03298    4    diag
    6      0.312D-03      0.450D-04      -662.50492433   1117.125501   -7.37955   -0.00507   -1.03275    5    diag
    7      0.142D-03      0.181D-04      -662.50493434   1117.126751   -7.37330   -0.00946   -1.03453    6    diag
    8      0.718D-04      0.787D-05      -662.50493554   1117.122935   -7.37019   -0.00944   -1.03387    7    diag
    9      0.223D-04      0.300D-05      -662.50493572   1117.125157   -7.37031   -0.01005   -1.03399    8    diag
   10      0.102D-04      0.723D-06      -662.50493573   1117.125734   -7.37039   -0.01010   -1.03391    9    orth
   11      0.333D-05      0.299D-06      -662.50493573   1117.125298   -7.37049   -0.01007   -1.03391    0    orth

 Final occupancy:  31

 !RHF STATE 1.1 Energy               -662.504935731586
 Nuclear energy                       318.91746982
 One-electron energy                -1539.98505466
 Two-electron energy                  558.56264911
 Virial quotient                       -1.00101120
 !RHF STATE 1.1 Dipole moment          -7.37049074    -0.01006867    -1.03391125
 Dipole moment /Debye                 -18.73269186    -0.02559032    -2.62776816

 Orbital energies:

         1.1          2.1          3.1          4.1          5.1          6.1          7.1          8.1          9.1         10.1
    -91.794231   -15.741466   -15.727491   -11.439130   -11.371887   -11.365801   -11.170736    -8.793225    -6.475686    -6.473016

        11.1         12.1         13.1         14.1         15.1         16.1         17.1         18.1         19.1         20.1
     -6.472742    -1.469463    -1.316177    -1.122152    -0.979336    -0.925860    -0.902165    -0.867637    -0.789381    -0.715765

        21.1         22.1         23.1         24.1         25.1         26.1         27.1         28.1         29.1         30.1
     -0.705630    -0.700054    -0.698211    -0.684424    -0.544505    -0.493388    -0.490172    -0.425731    -0.350528    -0.214494

        31.1         32.1         33.1
     -0.209394    -0.009569     0.012261

 HOMO     31.1    -0.209394 =      -5.6979eV
 LUMO     32.1    -0.009569 =      -0.2604eV
 LUMO-HOMO         0.199825 =       5.4375eV


 **********************************************************************************************************************************
 DATASETS  * FILE   NREC   LENGTH (MB)   RECORD NAMES
              1      18        9.87       500      610      700      900      950      970     1000      129      960     1100   
                                          VAR    BASINP    GEOM    SYMINP    ZMAT    AOBASIS   BASIS     P2S    ABASIS      S 
                                         1400     1410     1200     1210     1080     1600     1650     1700   
                                           T        V       H0       H01     AOSYM     SMH    MOLCAS    OPER   

              2       4        1.69       700     1000      520     2100   
                                         GEOM     BASIS   MCVARS     RHF  

 PROGRAMS   *        TOTAL        HF       INT
 CPU TIMES  *        62.28      7.10     55.04
 REAL TIME  *        82.71 SEC
 DISK USED  *         6.23 GB      
 SF USED    *         0.23 MB      
 GA USED    *         0.01 MB       (max)       0.00 MB       (current)
 **********************************************************************************************************************************
 SETTING E_RHF_C        =    ***************  KCAL/MOL                        


1PROGRAM * CCSD (Closed-shell coupled cluster)     Authors: C. Hampel, H.-J. Werner, 1991, M. Deegan, P.J. Knowles, 1992


 Convergence thresholds:  THRVAR = 1.00D-08  THRDEN = 1.24D-06

 CCSD(T)     terms to be evaluated (factor= 1.000)


 Number of core orbitals:          11 (  11 )
 Number of closed-shell orbitals:  20 (  20 )
 Number of external orbitals:     206 ( 206 )

 Molecular orbitals read from record     2100.2  Type=RHF/CANONICAL (state 1.1)

 Number of N-1 electron functions:              20
 Number of N-2 electron functions:             210
 Number of singly external CSFs:              4120
 Number of doubly external CSFs:           8489260
 Total number of CSFs:                     8493381

 Length of J-op  integral file:               0.00 MB
 Length of K-op  integral file:               3.86 MB
 Length of 3-ext integral record:             0.00 MB

 Memory could be reduced to 217.70 Mwords without degradation in triples

 Integral transformation finished. Total CPU:  51.98 sec, npass=  1  Memory used: 160.68 MW

 Reference energy:                   -662.50493573

 MP2 singlet pair energy:              -0.64851707
 MP2 triplet pair energy:              -0.40633319
 MP2 correlation energy:               -1.05485026
 MP2 total energy:                   -663.55978600

 SCS-MP2 correlation energy:           -1.03105003   (PS=  1.200000  PT=  0.333333)
 SCS-MP2 total energy:               -663.53598576

 ITER.      SQ.NORM     CORR.ENERGY   TOTAL ENERGY   ENERGY CHANGE        DEN1      VAR(S)    VAR(P)  DIIS     TIME
   1      1.40915284    -1.10417137  -663.60910710    -0.04932111    -0.01960125  0.59D-02  0.74D-02  1  1    77.25
   2      1.44135788    -1.10971095  -663.61464668    -0.00553957    -0.02850299  0.14D-03  0.10D-02  2  2   103.59
   3      1.45304951    -1.10994365  -663.61487938    -0.00023271    -0.00527985  0.15D-03  0.61D-04  3  3   132.12
   4      1.45779321    -1.10999729  -663.61493302    -0.00005364    -0.00128959  0.26D-04  0.11D-04  4  4   157.71
   5      1.45988122    -1.11001458  -663.61495032    -0.00001730    -0.00033829  0.11D-04  0.17D-05  5  5   183.40
   6      1.46083315    -1.10999382  -663.61492956     0.00002076    -0.00008231  0.30D-05  0.62D-06  6  6   208.79
   7      1.46131991    -1.10998422  -663.61491995     0.00000960    -0.00002382  0.93D-06  0.22D-06  6  2   234.08
   8      1.46158038    -1.10998044  -663.61491618     0.00000378    -0.00001424  0.29D-06  0.56D-07  6  1   259.56
   9      1.46170075    -1.10997968  -663.61491541     0.00000077     0.00000218  0.75D-07  0.15D-07  6  3   285.10
  10      1.46175028    -1.10997934  -663.61491507     0.00000033    -0.00000282  0.26D-07  0.44D-08  6  4   310.80
  11      1.46176254    -1.10997993  -663.61491566    -0.00000059     0.00000175  0.63D-08  0.14D-08  6  5   336.24

 Norm of t1 vector:      0.12821166      S-energy:     0.00000100      T1 diagnostic:  0.01433450
                                                                       D1 diagnostic:  0.05211981


 Total CPU time for triples:    550.10 sec


 RESULTS
 =======

  Reference energy                   -662.504935731584
  CCSD singlet pair energy             -0.744285848642
  CCSD triplet pair energy             -0.365695079244
  CCSD correlation energy              -1.109979932325

  Triples (T) contribution             -0.046272979830
  Total correlation energy             -1.156252912155

  CCSD total energy                  -663.614915663910
  CCSD[T] energy                     -663.662686610330
  CCSD-T energy                      -663.660582151584
 !CCSD(T) total energy               -663.661188643740

 Timing summary (sec):

 STEP                 CPU(USER)    SYS     CPU(TOT)    WALL
 Transformation         52.38      5.29     57.67     64.70
 CCSD iterations       283.93      8.65    292.58    323.98
 Triples               550.10      3.32    553.42    554.66

 Program statistics:

 Available memory in ccsd:               349998300
 Min. memory needed in ccsd:              20613132
 Max. memory used in ccsd:                28448692
 Max. memory used in cckext:              24282461 (11 integral passes)



 **********************************************************************************************************************************
 DATASETS  * FILE   NREC   LENGTH (MB)   RECORD NAMES
              1      19      855.26       500      610      700      900      950      970     1000      129      960     1100   
                                          VAR    BASINP    GEOM    SYMINP    ZMAT    AOBASIS   BASIS     P2S    ABASIS      S 
                                         1400     1410     1200     1210     1080     1600     1650     1700     1380   
                                           T        V       H0       H01     AOSYM     SMH    MOLCAS    OPER     JKOP   

              2       4        1.69       700     1000      520     2100   
                                         GEOM     BASIS   MCVARS     RHF  

 PROGRAMS   *        TOTAL   CCSD(T)        HF       INT
 CPU TIMES  *       948.73    886.45      7.10     55.04
 REAL TIME  *      1026.55 SEC
 DISK USED  *         7.93 GB      
 SF USED    *         1.63 GB      
 GA USED    *         0.01 MB       (max)       0.00 MB       (current)
 **********************************************************************************************************************************
 SETTING E_CORR_C       =    ***************  KCAL/MOL                        
 SETTING E_C            =      -725.55980240  KCAL/MOL                        
 SETTING CHARGE         =         1.00000000                                  

 Dummy atoms: C10  H11  H12  S13  H14


 Recomputing one-electron integrals since nuclear charges changed

1PROGRAM * SEWARD (Integral evaluation for generally contracted gaussian basis sets)     Author: Roland Lindh, 1990

 Geometry written to block  1 of record 700


 Point group  C1  



 ATOMIC COORDINATES

 NR  ATOM    CHARGE       X              Y              Z

   1  N0      7.00   -0.394119336    0.083015083    0.602085510
   2  N1      7.00   -3.798544109   -1.863128822   -0.875905202
   3  C2      6.00   -1.263722168   -2.026796112   -0.412916630
   4  C3      6.00   -4.584486876    0.513126199   -0.106431398
   5  H4      1.00   -4.903278006   -3.226991414   -1.669488132
   6  C5      6.00   -2.448981075    1.677822996    0.802232074
   7  H6      1.00   -0.155458264   -3.698075572   -0.850488385
   8  H7      1.00   -6.526282522    1.122585553   -0.287542750
   9  H8      1.00   -2.256162869    3.552733674    1.568710662
  10  H9      1.00    1.386357117    0.448939100    1.118871750
  11  C10     0.00    6.985490809    1.610655060   -1.620745676
  12  H11     0.00    6.845108724    3.508720553   -0.806222691
  13  H12     0.00    5.501846036    1.367441637   -3.035088523
  14  S13     0.00    6.765118506   -0.840886651    0.834454544
  15  H14     0.00    8.831067269    1.405170020   -2.532275863

 Bond lengths in Bohr (Angstrom)

  1- 3  2.497547139   1- 6  2.608817297   1-10  1.889726118   2- 3  2.581950362   2- 4  2.618469762
       ( 1.321645025)       ( 1.380526656)       ( 0.999999993)       ( 1.366309286)       ( 1.385634520)

 2-5  1.926222214  3-7  2.052533302  4-6  2.596646484  4-8  2.043235756  6-9  2.034688757
     ( 1.019312895)     ( 1.086153844)     ( 1.374086139)     ( 1.081233795)     ( 1.076710918)

 11-12  2.070219176  11-13  2.064151222  11-14  3.476582924  11-15  2.068638164
       ( 1.095512806)       ( 1.092301783)       ( 1.839728449)       ( 1.094676170)

 Bond angles

  1-3-2  111.17107112   1-3-7  125.90760457   1-6-4  110.28766710   1-6-9  121.16921863

  2-3-7  122.92086882   2-4-6  105.25010111   2-4-8  121.99826426   3-1-6  105.86304950

  3- 1-10  127.06847515   3- 2- 4  107.42788808   3- 2- 5  126.30256596   4- 2- 5  126.26194913

  4- 6- 9  128.54108940   6- 1-10  127.06847535   6- 4- 8  132.75045674  12-11-13  109.20063486

 12-11-14  111.36845179  12-11-15  108.96201772  13-11-14  110.80834239  13-11-15  109.12517017

 14-11-15  107.31910637

 NUCLEAR CHARGE:                   37
 NUMBER OF PRIMITIVE AOS:         362
 NUMBER OF SYMMETRY AOS:          348
 NUMBER OF CONTRACTIONS:          237   ( 237A   )
 NUMBER OF CORE ORBITALS:           5   (   5A   )
 NUMBER OF VALENCE ORBITALS:       25   (  25A   )

 MOLECULE CHANGED: INITIALIZING OCCUPATION AND DUMP RECORDS


 NUCLEAR REPULSION ENERGY  172.15847751


 Eigenvalues of metric

         1 0.162E-04 0.491E-04 0.114E-03 0.199E-03 0.221E-03 0.272E-03 0.373E-03 0.440E-03


 Contracted 2-electron integrals neglected if value below      1.0D-12

 OPERATOR DM      FOR CENTER  0  COORDINATES:    0.000000    0.000000    0.000000


 **********************************************************************************************************************************
 DATASETS  * FILE   NREC   LENGTH (MB)   RECORD NAMES
              1      18        9.87       500      610      700      900      950      970     1000      129      960     1100   
                                          VAR    BASINP    GEOM    SYMINP    ZMAT    AOBASIS   BASIS     P2S    ABASIS      S 
                                         1400     1410     1200     1210     1080     1600     1650     1700   
                                           T        V       H0       H01     AOSYM     SMH    MOLCAS    OPER   

              2       4        1.69       700     1000      520     2100   
                                         GEOM     BASIS   MCVARS     RHF  

 PROGRAMS   *        TOTAL       INT   CCSD(T)        HF       INT
 CPU TIMES  *       948.99      0.26    886.45      7.10     55.04
 REAL TIME  *      1027.60 SEC
 DISK USED  *        17.18 GB      
 SF USED    *         1.63 GB      
 GA USED    *         0.01 MB       (max)       0.00 MB       (current)
 **********************************************************************************************************************************

1PROGRAM * RHF-SCF (CLOSED SHELL)       Authors: W. Meyer, H.-J. Werner


 NUMBER OF ELECTRONS:      18+   18-    SPACE SYMMETRY=1    SPIN SYMMETRY: Singlet 
 CONVERGENCE THRESHOLDS:    1.00E-05 (Density)    1.00E-07 (Energy)
 MAX. NUMBER OF ITERATIONS:       60
 INTERPOLATION TYPE:            DIIS
 INTERPOLATION STEPS:              2 (START)      1 (STEP)
 LEVEL SHIFTS:                  0.00 (CLOSED)  0.00 (OPEN) 



 Orbital guess generated from atomic densities. Full valence occupancy:   30

 Molecular orbital dump at record        2101.2

 ITERATION    DDIFF          GRAD             ENERGY        2-EL.EN.            DIPOLE MOMENTS         DIIS   ORB.
    1      0.000D+00      0.000D+00      -225.14802526    474.332658   -1.74093   -1.37001   -0.26785    0    start
    2      0.000D+00      0.354D-02      -225.20854888    479.700896   -2.24967   -0.67515   -0.10142    1    diag
    3      0.572D-02      0.159D-02      -225.21791146    478.091860   -2.05559   -0.93006   -0.16125    2    diag
    4      0.222D-02      0.468D-03      -225.21918358    478.353778   -2.10234   -0.87106   -0.14809    3    diag
    5      0.710D-03      0.889D-04      -225.21927839    478.438755   -2.09100   -0.88221   -0.15014    4    diag
    6      0.171D-03      0.472D-04      -225.21930585    478.410374   -2.09242   -0.88262   -0.15061    5    diag
    7      0.782D-04      0.199D-04      -225.21931487    478.418871   -2.08795   -0.88669   -0.15129    6    diag
    8      0.597D-04      0.769D-05      -225.21931558    478.419307   -2.08805   -0.88784   -0.15176    7    diag
    9      0.201D-04      0.229D-05      -225.21931562    478.418683   -2.08760   -0.88782   -0.15165    8    diag
   10      0.344D-05      0.517D-06      -225.21931562    478.418772   -2.08770   -0.88788   -0.15170    0    orth

 Final occupancy:  18

 !RHF STATE 1.1 Energy               -225.219315618113
 Nuclear energy                       172.15847751
 One-electron energy                 -636.58717920
 Two-electron energy                  239.20938607
 Virial quotient                       -1.00204611
 !RHF STATE 1.1 Dipole moment          -2.08769666    -0.88787825    -0.15169897
 Dipole moment /Debye                  -5.30604807    -2.25661359    -0.38555507

 Orbital energies:

         1.1          2.1          3.1          4.1          5.1          6.1          7.1          8.1          9.1         10.1
    -15.864711   -15.859013   -11.565124   -11.486010   -11.481169    -1.593939    -1.441101    -1.241364    -1.107226    -1.046574

        11.1         12.1         13.1         14.1         15.1         16.1         17.1         18.1         19.1         20.1
     -0.989036    -0.917748    -0.839089    -0.825897    -0.815956    -0.800079    -0.668967    -0.541199    -0.097065    -0.080803

 HOMO     18.1    -0.541199 =     -14.7268eV
 LUMO     19.1    -0.097065 =      -2.6413eV
 LUMO-HOMO         0.444134 =      12.0855eV


 **********************************************************************************************************************************
 DATASETS  * FILE   NREC   LENGTH (MB)   RECORD NAMES
              1      18        9.87       500      610      700      900      950      970     1000      129      960     1100   
                                          VAR    BASINP    GEOM    SYMINP    ZMAT    AOBASIS   BASIS     P2S    ABASIS      S 
                                         1400     1410     1200     1210     1080     1600     1650     1700   
                                           T        V       H0       H01     AOSYM     SMH    MOLCAS    OPER   

              2       5        3.98       700     1000      520     2100     2101   
                                         GEOM     BASIS   MCVARS     RHF      RHF  

 PROGRAMS   *        TOTAL        HF       INT   CCSD(T)        HF       INT
 CPU TIMES  *       955.21      6.22      0.26    886.45      7.10     55.04
 REAL TIME  *      1037.28 SEC
 DISK USED  *        17.18 GB      
 SF USED    *         1.63 GB      
 GA USED    *         0.01 MB       (max)       0.00 MB       (current)
 **********************************************************************************************************************************
 SETTING E_RHF_A        =    ***************  KCAL/MOL                        


1PROGRAM * CCSD (Closed-shell coupled cluster)     Authors: C. Hampel, H.-J. Werner, 1991, M. Deegan, P.J. Knowles, 1992


 Convergence thresholds:  THRVAR = 1.00D-08  THRDEN = 1.00D-06

 CCSD(T)     terms to be evaluated (factor= 1.000)


 Number of core orbitals:           5 (   5 )
 Number of closed-shell orbitals:  13 (  13 )
 Number of external orbitals:     219 ( 219 )

 Molecular orbitals read from record     2101.2  Type=RHF/CANONICAL (state 1.1)

 Number of N-1 electron functions:              13
 Number of N-2 electron functions:              91
 Number of singly external CSFs:              2847
 Number of doubly external CSFs:           4054128
 Total number of CSFs:                     4056976

 Length of J-op  integral file:               0.00 MB
 Length of K-op  integral file:               3.86 MB
 Length of 3-ext integral record:             0.00 MB

 Memory could be reduced to 173.51 Mwords without degradation in triples

 Integral transformation finished. Total CPU:  34.80 sec, npass=  1  Memory used: 103.26 MW

 Reference energy:                   -225.21931562

 MP2 singlet pair energy:              -0.44849028
 MP2 triplet pair energy:              -0.29228426
 MP2 correlation energy:               -0.74077455
 MP2 total energy:                   -225.96009017

 SCS-MP2 correlation energy:           -0.72005410   (PS=  1.200000  PT=  0.333333)
 SCS-MP2 total energy:               -225.93936972

 ITER.      SQ.NORM     CORR.ENERGY   TOTAL ENERGY   ENERGY CHANGE        DEN1      VAR(S)    VAR(P)  DIIS     TIME
   1      1.25700541    -0.76398886  -225.98330448    -0.02321432    -0.00291808  0.39D-02  0.51D-02  1  1    45.28
   2      1.27681931    -0.76740252  -225.98671814    -0.00341366    -0.01907511  0.76D-04  0.69D-03  2  2    55.98
   3      1.28417656    -0.76756352  -225.98687914    -0.00016100    -0.00364618  0.80D-04  0.40D-04  3  3    66.73
   4      1.28703102    -0.76759370  -225.98690932    -0.00003018    -0.00091243  0.83D-05  0.58D-05  4  4    77.46
   5      1.28809818    -0.76761012  -225.98692573    -0.00001642    -0.00021965  0.29D-05  0.52D-06  5  5    88.25
   6      1.28843431    -0.76759487  -225.98691049     0.00001524    -0.00003686  0.42D-06  0.14D-06  6  6    98.79
   7      1.28856083    -0.76759107  -225.98690669     0.00000380    -0.00000558  0.90D-07  0.25D-07  6  2   109.20
   8      1.28860619    -0.76758991  -225.98690553     0.00000116    -0.00000247  0.62D-08  0.38D-08  6  1   119.62
   9      1.28861854    -0.76758946  -225.98690508     0.00000045    -0.00000052  0.62D-09  0.41D-09  6  3   130.03
  10      1.28861747    -0.76758977  -225.98690539    -0.00000031     0.00000085  0.12D-09  0.45D-10  6  4   140.44

 Norm of t1 vector:      0.09522550      S-energy:     0.00000030      T1 diagnostic:  0.01320540
                                                                       D1 diagnostic:  0.05224061


 Total CPU time for triples:    192.40 sec


 RESULTS
 =======

  Reference energy                   -225.219315618113
  CCSD singlet pair energy             -0.508270342638
  CCSD triplet pair energy             -0.259319730161
  CCSD correlation energy              -0.767589772478

  Triples (T) contribution             -0.033197261791
  Total correlation energy             -0.800787034269

  CCSD total energy                  -225.986905390591
  CCSD[T] energy                     -226.021099616020
  CCSD-T energy                      -226.019717238566
 !CCSD(T) total energy               -226.020102652382

 Timing summary (sec):

 STEP                 CPU(USER)    SYS     CPU(TOT)    WALL
 Transformation         34.92      2.31     37.23     37.56
 CCSD iterations       105.56      3.59    109.15    109.34
 Triples               192.40      1.14    193.54    193.57

 Program statistics:

 Available memory in ccsd:               349999224
 Min. memory needed in ccsd:              10383805
 Max. memory used in ccsd:                14020906
 Max. memory used in cckext:              10746218 (10 integral passes)



 **********************************************************************************************************************************
 DATASETS  * FILE   NREC   LENGTH (MB)   RECORD NAMES
              1      19      620.87       500      610      700      900      950      970     1000      129      960     1100   
                                          VAR    BASINP    GEOM    SYMINP    ZMAT    AOBASIS   BASIS     P2S    ABASIS      S 
                                         1400     1410     1200     1210     1080     1600     1650     1700     1380   
                                           T        V       H0       H01     AOSYM     SMH    MOLCAS    OPER     JKOP   

              2       5        3.98       700     1000      520     2100     2101   
                                         GEOM     BASIS   MCVARS     RHF      RHF  

 PROGRAMS   *        TOTAL   CCSD(T)        HF       INT   CCSD(T)        HF       INT
 CPU TIMES  *      1288.14    332.92      6.22      0.26    886.45      7.10     55.04
 REAL TIME  *      1378.03 SEC
 DISK USED  *        17.18 GB      
 SF USED    *         1.63 GB      
 GA USED    *         0.01 MB       (max)       0.00 MB       (current)
 **********************************************************************************************************************************
 SETTING E_CORR_A       =    ***************  KCAL/MOL                        
 SETTING E_A            =      -502.50155156  KCAL/MOL                        
 SETTING CHARGE         =        -1.00000000                                  

 Dummy atoms: N0  N1  C2  C3  H4  C5  H6  H7  H8  H9


 Recomputing one-electron integrals since nuclear charges changed

1PROGRAM * SEWARD (Integral evaluation for generally contracted gaussian basis sets)     Author: Roland Lindh, 1990

 Geometry written to block  1 of record 700


 Point group  C1  



 ATOMIC COORDINATES

 NR  ATOM    CHARGE       X              Y              Z

   1  N0      0.00   -0.394119336    0.083015083    0.602085510
   2  N1      0.00   -3.798544109   -1.863128822   -0.875905202
   3  C2      0.00   -1.263722168   -2.026796112   -0.412916630
   4  C3      0.00   -4.584486876    0.513126199   -0.106431398
   5  H4      0.00   -4.903278006   -3.226991414   -1.669488132
   6  C5      0.00   -2.448981075    1.677822996    0.802232074
   7  H6      0.00   -0.155458264   -3.698075572   -0.850488385
   8  H7      0.00   -6.526282522    1.122585553   -0.287542750
   9  H8      0.00   -2.256162869    3.552733674    1.568710662
  10  H9      0.00    1.386357117    0.448939100    1.118871750
  11  C10     6.00    6.985490809    1.610655060   -1.620745676
  12  H11     1.00    6.845108724    3.508720553   -0.806222691
  13  H12     1.00    5.501846036    1.367441637   -3.035088523
  14  S13    16.00    6.765118506   -0.840886651    0.834454544
  15  H14     1.00    8.831067269    1.405170020   -2.532275863

 Bond lengths in Bohr (Angstrom)

  1- 3  2.497547139   1- 6  2.608817297   1-10  1.889726118   2- 3  2.581950362   2- 4  2.618469762
       ( 1.321645025)       ( 1.380526656)       ( 0.999999993)       ( 1.366309286)       ( 1.385634520)

 2-5  1.926222214  3-7  2.052533302  4-6  2.596646484  4-8  2.043235756  6-9  2.034688757
     ( 1.019312895)     ( 1.086153844)     ( 1.374086139)     ( 1.081233795)     ( 1.076710918)

 11-12  2.070219176  11-13  2.064151222  11-14  3.476582924  11-15  2.068638164
       ( 1.095512806)       ( 1.092301783)       ( 1.839728449)       ( 1.094676170)

 Bond angles

  1-3-2  111.17107112   1-3-7  125.90760457   1-6-4  110.28766710   1-6-9  121.16921863

  2-3-7  122.92086882   2-4-6  105.25010111   2-4-8  121.99826426   3-1-6  105.86304950

  3- 1-10  127.06847515   3- 2- 4  107.42788808   3- 2- 5  126.30256596   4- 2- 5  126.26194913

  4- 6- 9  128.54108940   6- 1-10  127.06847535   6- 4- 8  132.75045674  12-11-13  109.20063486

 12-11-14  111.36845179  12-11-15  108.96201772  13-11-14  110.80834239  13-11-15  109.12517017

 14-11-15  107.31910637

 NUCLEAR CHARGE:                   25
 NUMBER OF PRIMITIVE AOS:         362
 NUMBER OF SYMMETRY AOS:          348
 NUMBER OF CONTRACTIONS:          237   ( 237A   )
 NUMBER OF CORE ORBITALS:           6   (   6A   )
 NUMBER OF VALENCE ORBITALS:       11   (  11A   )

 MOLECULE CHANGED: INITIALIZING OCCUPATION AND DUMP RECORDS


 NUCLEAR REPULSION ENERGY   47.62676028


 Eigenvalues of metric

         1 0.162E-04 0.491E-04 0.114E-03 0.199E-03 0.221E-03 0.272E-03 0.373E-03 0.440E-03


 Contracted 2-electron integrals neglected if value below      1.0D-12

 OPERATOR DM      FOR CENTER  0  COORDINATES:    0.000000    0.000000    0.000000


 **********************************************************************************************************************************
 DATASETS  * FILE   NREC   LENGTH (MB)   RECORD NAMES
              1      18        9.87       500      610      700      900      950      970     1000      129      960     1100   
                                          VAR    BASINP    GEOM    SYMINP    ZMAT    AOBASIS   BASIS     P2S    ABASIS      S 
                                         1400     1410     1200     1210     1080     1600     1650     1700   
                                           T        V       H0       H01     AOSYM     SMH    MOLCAS    OPER   

              2       5        3.98       700     1000      520     2100     2101   
                                         GEOM     BASIS   MCVARS     RHF      RHF  

 PROGRAMS   *        TOTAL       INT   CCSD(T)        HF       INT   CCSD(T)        HF       INT
 CPU TIMES  *      1288.25      0.11    332.92      6.22      0.26    886.45      7.10     55.04
 REAL TIME  *      1378.65 SEC
 DISK USED  *        17.18 GB      
 SF USED    *         1.63 GB      
 GA USED    *         0.01 MB       (max)       0.00 MB       (current)
 **********************************************************************************************************************************

1PROGRAM * RHF-SCF (CLOSED SHELL)       Authors: W. Meyer, H.-J. Werner


 NUMBER OF ELECTRONS:      13+   13-    SPACE SYMMETRY=1    SPIN SYMMETRY: Singlet 
 CONVERGENCE THRESHOLDS:    1.00E-05 (Density)    1.00E-07 (Energy)
 MAX. NUMBER OF ITERATIONS:       60
 INTERPOLATION TYPE:            DIIS
 INTERPOLATION STEPS:              2 (START)      1 (STEP)
 LEVEL SHIFTS:                  0.00 (CLOSED)  0.00 (OPEN) 



 Orbital guess generated from atomic densities. Full valence occupancy:   17

 Molecular orbital dump at record        2102.2

 ITERATION    DDIFF          GRAD             ENERGY        2-EL.EN.            DIPOLE MOMENTS         DIIS   ORB.
    1      0.000D+00      0.000D+00      -437.09208576    444.657323   -6.71640    1.25336   -1.25388    0    start
    2      0.000D+00      0.328D-02      -437.14377267    435.497006   -6.76086    0.74803   -0.74927    1    diag
    3      0.703D-02      0.151D-02      -437.15178522    438.090122   -6.75191    0.87881   -0.87958    2    diag
    4      0.224D-02      0.263D-03      -437.15242028    437.902686   -6.74923    0.89091   -0.89258    3    diag
    5      0.586D-03      0.614D-04      -437.15245876    437.900438   -6.74853    0.89420   -0.89585    4    diag
    6      0.199D-03      0.149D-04      -437.15246162    437.900331   -6.74787    0.89423   -0.89611    5    diag
    7      0.685D-04      0.519D-05      -437.15246185    437.897571   -6.74768    0.89450   -0.89642    6    diag
    8      0.237D-04      0.176D-05      -437.15246188    437.898525   -6.74762    0.89420   -0.89615    7    diag
    9      0.857D-05      0.457D-06      -437.15246188    437.898520   -6.74760    0.89415   -0.89611    0    orth

 Final occupancy:  13

 !RHF STATE 1.1 Energy               -437.152461879695
 Nuclear energy                        47.62676028
 One-electron energy                 -703.72848214
 Two-electron energy                  218.94925998
 Virial quotient                       -1.00020506
 !RHF STATE 1.1 Dipole moment          -6.74760217     0.89414776    -0.89611296
 Dipole moment /Debye                 -17.14957071     2.27254806    -2.27754276

 Orbital energies:

         1.1          2.1          3.1          4.1          5.1          6.1          7.1          8.1          9.1         10.1
    -91.664545   -11.054121    -8.663835    -6.346400    -6.343446    -6.343445    -0.782020    -0.576111    -0.375095    -0.374043

        11.1         12.1         13.1         14.1         15.1
     -0.227554    -0.082586    -0.081780     0.093927     0.116141

 HOMO     13.1    -0.081780 =      -2.2254eV
 LUMO     14.1     0.093927 =       2.5559eV
 LUMO-HOMO         0.175708 =       4.7813eV


 **********************************************************************************************************************************
 DATASETS  * FILE   NREC   LENGTH (MB)   RECORD NAMES
              1      18        9.87       500      610      700      900      950      970     1000      129      960     1100   
                                          VAR    BASINP    GEOM    SYMINP    ZMAT    AOBASIS   BASIS     P2S    ABASIS      S 
                                         1400     1410     1200     1210     1080     1600     1650     1700   
                                           T        V       H0       H01     AOSYM     SMH    MOLCAS    OPER   

              2       6        6.27       700     1000      520     2100     2101     2102   
                                         GEOM     BASIS   MCVARS     RHF      RHF      RHF  

 PROGRAMS   *        TOTAL        HF       INT   CCSD(T)        HF       INT   CCSD(T)        HF       INT
 CPU TIMES  *      1293.20      4.95      0.11    332.92      6.22      0.26    886.45      7.10     55.04
 REAL TIME  *      1383.99 SEC
 DISK USED  *        17.18 GB      
 SF USED    *         1.63 GB      
 GA USED    *         0.01 MB       (max)       0.00 MB       (current)
 **********************************************************************************************************************************
 SETTING E_RHF_B        =    ***************  KCAL/MOL                        


1PROGRAM * CCSD (Closed-shell coupled cluster)     Authors: C. Hampel, H.-J. Werner, 1991, M. Deegan, P.J. Knowles, 1992


 Convergence thresholds:  THRVAR = 1.00D-08  THRDEN = 1.00D-06

 CCSD(T)     terms to be evaluated (factor= 1.000)


 Number of core orbitals:           6 (   6 )
 Number of closed-shell orbitals:   7 (   7 )
 Number of external orbitals:     224 ( 224 )

 Molecular orbitals read from record     2102.2  Type=RHF/CANONICAL (state 1.1)

 Number of N-1 electron functions:               7
 Number of N-2 electron functions:              28
 Number of singly external CSFs:              1568
 Number of doubly external CSFs:           1230096
 Total number of CSFs:                     1231665

 Length of J-op  integral file:               0.00 MB
 Length of K-op  integral file:               3.86 MB
 Length of 3-ext integral record:             0.00 MB

 Memory could be reduced to 110.82 Mwords without degradation in triples

 Integral transformation finished. Total CPU:  17.64 sec, npass=  1  Memory used:  57.33 MW

 Reference energy:                   -437.15246188

 MP2 singlet pair energy:              -0.19932302
 MP2 triplet pair energy:              -0.11090850
 MP2 correlation energy:               -0.31023153
 MP2 total energy:                   -437.46269341

 SCS-MP2 correlation energy:           -0.30819736   (PS=  1.200000  PT=  0.333333)
 SCS-MP2 total energy:               -437.46065924

 ITER.      SQ.NORM     CORR.ENERGY   TOTAL ENERGY   ENERGY CHANGE        DEN1      VAR(S)    VAR(P)  DIIS     TIME
   1      1.15044285    -0.33702086  -437.48948274    -0.02678934    -0.01780271  0.14D-02  0.22D-02  1  1    20.83
   2      1.16270322    -0.33907463  -437.49153651    -0.00205377    -0.00953593  0.33D-04  0.22D-03  2  2    24.08
   3      1.16558964    -0.33913998  -437.49160186    -0.00006536    -0.00125112  0.17D-04  0.14D-04  3  3    27.26
   4      1.16657840    -0.33914341  -437.49160529    -0.00000342    -0.00024160  0.34D-05  0.14D-05  4  4    30.50
   5      1.16686800    -0.33913771  -437.49159959     0.00000570    -0.00004996  0.11D-05  0.26D-06  5  5    33.57
   6      1.16700006    -0.33913337  -437.49159525     0.00000433    -0.00001398  0.36D-06  0.67D-07  6  6    36.61
   7      1.16706159    -0.33913146  -437.49159334     0.00000192    -0.00000329  0.13D-06  0.20D-07  6  1    39.73
   8      1.16709953    -0.33913063  -437.49159251     0.00000082    -0.00000170  0.34D-07  0.61D-08  6  2    42.78
   9      1.16711634    -0.33913052  -437.49159240     0.00000011     0.00000080  0.78D-08  0.14D-08  6  3    45.82

 Norm of t1 vector:      0.05993074      S-energy:     0.00000006      T1 diagnostic:  0.01132585
                                                                       D1 diagnostic:  0.02281324


 Total CPU time for triples:     40.52 sec


 RESULTS
 =======

  Reference energy                   -437.152461879694
  CCSD singlet pair energy             -0.235869507838
  CCSD triplet pair energy             -0.103261065103
  CCSD correlation energy              -0.339130516656

  Triples (T) contribution             -0.012074594156
  Total correlation energy             -0.351205110812

  CCSD total energy                  -437.491592396349
  CCSD[T] energy                     -437.503996990707
  CCSD-T energy                      -437.503503994142
 !CCSD(T) total energy               -437.503666990506

 Timing summary (sec):

 STEP                 CPU(USER)    SYS     CPU(TOT)    WALL
 Transformation         17.69      1.22     18.91     18.91
 CCSD iterations        28.14      1.32     29.46     54.62
 Triples                40.52      0.16     40.68     40.68

 Program statistics:

 Available memory in ccsd:               349999704
 Min. memory needed in ccsd:               3914284
 Max. memory used in ccsd:                 4933869
 Max. memory used in cckext:               3581066 ( 9 integral passes)



 **********************************************************************************************************************************
 DATASETS  * FILE   NREC   LENGTH (MB)   RECORD NAMES
              1      19      345.78       500      610      700      900      950      970     1000      129      960     1100   
                                          VAR    BASINP    GEOM    SYMINP    ZMAT    AOBASIS   BASIS     P2S    ABASIS      S 
                                         1400     1410     1200     1210     1080     1600     1650     1700     1380   
                                           T        V       H0       H01     AOSYM     SMH    MOLCAS    OPER     JKOP   

              2       6        6.27       700     1000      520     2100     2101     2102   
                                         GEOM     BASIS   MCVARS     RHF      RHF      RHF  

 PROGRAMS   *        TOTAL   CCSD(T)        HF       INT   CCSD(T)        HF       INT   CCSD(T)        HF       INT
 CPU TIMES  *      1379.60     86.40      4.95      0.11    332.92      6.22      0.26    886.45      7.10     55.04
 REAL TIME  *      1498.35 SEC
 DISK USED  *        17.18 GB      
 SF USED    *         1.63 GB      
 GA USED    *         0.01 MB       (max)       0.00 MB       (current)
 **********************************************************************************************************************************
 SETTING E_CORR_B       =    ***************  KCAL/MOL                        
 SETTING E_B            =      -220.38457860  KCAL/MOL                        
 SETTING E_RHF_CP       =       -83.55807001  KCAL/MOL                        
 SETTING E_CORR_CP      =        -2.67367224  KCAL/MOL                        

        CCSD(T)         HF-SCF          CCSD(T)         HF-SCF          CCSD(T)         HF-SCF  
   -437.50366699   -437.15246188   -226.02010265   -225.21931562   -663.66118864   -662.50493573
 **********************************************************************************************************************************
 Variable memory released
