
 Primary working directories    : /scratch/1723527.phoenix.chem.wisc.edu
 Secondary working directories  : /scratch/1723527.phoenix.chem.wisc.edu
 Wavefunction directory         : /scratch/1723527.phoenix.chem.wisc.edu/
 Main file repository           : /scratch/1723527.phoenix.chem.wisc.edu/

 SHA1      : 65e45729fe3f963b0eb97374e3bda9949063ef0f
 NAME      : 2012.1.17
 ARCHNAME  : Linux/x86_64
 FC        : /opt/intel/composer_xe_2013.5.192/bin/intel64/ifort
 FCVERSION : 13.1.3
 BLASLIB   : -L/opt/intel/composer_xe_2013.5.192/mkl/lib/intel64 -lmkl_intel_ilp64 -lmkl_sequential -lmkl_core
 id        : cuichemwisc

 Nodes             nprocs
 compute-1-31.local   12
 ga_uses_ma=false, calling ma_init with nominal heap.
 GA-space will be limited to   8.0 MW (determined by -G option)

 Using customized tuning parameters: mindgm=1; mindgv=20; mindgc=4; mindgr=1; noblas=0; minvec=7
 default implementation of scratch files=sf  

 geomtyp=xyz
 geometry={
 15
  N0         -0.208558970000       0.043929690000       0.318609930000
  N1         -2.010102970000      -0.985925310000      -0.463509070000
  C2         -0.668732970000      -1.072534310000      -0.218506070000
  C3         -2.426005970000       0.271534690000      -0.056321070000
  H4         -2.594702970000      -1.707650310000      -0.883455070000
  C5         -1.295944970000       0.887865690000       0.424522930000
  H6         -0.082264970000      -1.956937310000      -0.450059070000
  H7         -3.453559970000       0.594046690000      -0.152161070000
  H8         -1.193909970000       1.880025690000       0.830125930000
  H9          0.733628590000       0.237568340000       0.592081430000
  C10         4.682362059359       0.887387898266      -0.854859347117
  H11         4.608075059359       1.891800898266      -0.423832347117
  H12         3.897251059359       0.758684898266      -1.603297347117
  S13         4.565746059359      -0.409912101734       0.444376652883
  H14         5.658999059359       0.778649898266      -1.337220347117
 }
 
 
 basis=avdz
 
                                                                                 ! Complex
 set,charge=0
 
 hf
 e_rhf_c = energy*tokcal
 ccsd(t)
 e_corr_c = energy*tokcal
 e_c = e_corr_c - e_rhf_c
 
 
                                                                                 ! Monomer 1
 set,charge=1
 dummy,C10,H11,H12,S13,H14
 
 hf
 e_rhf_a = energy*tokcal
 ccsd(t)
 e_corr_a = energy*tokcal
 e_a = e_corr_a - e_rhf_a
 
 
                                                                                 ! Monomer 2
 set,charge=-1
 dummy,N0,N1,C2,C3,H4,C5,H6,H7,H8,H9
 
 hf
 e_rhf_b = energy*tokcal
 ccsd(t)
 e_corr_b = energy*tokcal
 e_b = e_corr_b - e_rhf_b
 
 
 e_rhf_cp = e_rhf_c - (e_rhf_a + e_rhf_b)
 e_corr_cp = e_c - (e_a + e_b)

 Variables initialized (782), CPU time= 0.01 sec
 Commands  initialized (547), CPU time= 0.01 sec, 517 directives.
 Default parameters read. Elapsed time= 0.13 sec

 Checking input...
 Passed
1


                                         ***  PROGRAM SYSTEM MOLPRO  ***
                         Copyright, University College Cardiff Consultants Limited, 2008

                                    Version 2012.1 linked Oct 11 2014 15:40:16


 **********************************************************************************************************************************
 LABEL *                                                                                 
 Linux-2.6.18-308.el5/compute-1-31.local(x86_64) 64 bit mpp version                      DATE: 12-Dec-14          TIME: 02:45:29  
 **********************************************************************************************************************************

 SHA1:             65e45729fe3f963b0eb97374e3bda9949063ef0f
 **********************************************************************************************************************************
 SETTING GEOMTYP        =    XYZ

 Variable memory set to  350000000 words,  buffer space   230000 words

 SETTING BASIS          =    AVDZ
 SETTING CHARGE         =         0.00000000                                  


 Recomputing integrals since basis changed


 Using spherical harmonics

 Library entry N      S aug-cc-pVDZ          selected for orbital group  1
 Library entry N      P aug-cc-pVDZ          selected for orbital group  1
 Library entry N      D aug-cc-pVDZ          selected for orbital group  1
 Library entry C      S aug-cc-pVDZ          selected for orbital group  2
 Library entry C      P aug-cc-pVDZ          selected for orbital group  2
 Library entry C      D aug-cc-pVDZ          selected for orbital group  2
 Library entry H      S aug-cc-pVDZ          selected for orbital group  3
 Library entry H      P aug-cc-pVDZ          selected for orbital group  3
 Library entry S      S aug-cc-pVDZ          selected for orbital group  8
 Library entry S      P aug-cc-pVDZ          selected for orbital group  8
 Library entry S      D aug-cc-pVDZ          selected for orbital group  8

1PROGRAM * SEWARD (Integral evaluation for generally contracted gaussian basis sets)     Author: Roland Lindh, 1990

 Geometry written to block  1 of record 700


 Point group  C1  



 ATOMIC COORDINATES

 NR  ATOM    CHARGE       X              Y              Z

   1  N0      7.00   -0.394119336    0.083015083    0.602085510
   2  N1      7.00   -3.798544109   -1.863128822   -0.875905202
   3  C2      6.00   -1.263722168   -2.026796112   -0.412916630
   4  C3      6.00   -4.584486876    0.513126199   -0.106431398
   5  H4      1.00   -4.903278006   -3.226991414   -1.669488132
   6  C5      6.00   -2.448981075    1.677822996    0.802232074
   7  H6      1.00   -0.155458264   -3.698075572   -0.850488385
   8  H7      1.00   -6.526282522    1.122585553   -0.287542750
   9  H8      1.00   -2.256162869    3.552733674    1.568710662
  10  H9      1.00    1.386357117    0.448939100    1.118871750
  11  C10     6.00    8.848381940    1.676920100   -1.615450047
  12  H11     1.00    8.707999855    3.574985593   -0.800927062
  13  H12     1.00    7.364737168    1.433706678   -3.029792893
  14  S13    16.00    8.628009638   -0.774621610    0.839750173
  15  H14     1.00   10.693958400    1.471435060   -2.526980233

 Bond lengths in Bohr (Angstrom)

  1- 3  2.497547139   1- 6  2.608817297   1-10  1.889726118   2- 3  2.581950362   2- 4  2.618469762
       ( 1.321645025)       ( 1.380526656)       ( 0.999999993)       ( 1.366309286)       ( 1.385634520)

 2-5  1.926222214  3-7  2.052533302  4-6  2.596646484  4-8  2.043235756  6-9  2.034688757
     ( 1.019312895)     ( 1.086153844)     ( 1.374086139)     ( 1.081233795)     ( 1.076710918)

 11-12  2.070219176  11-13  2.064151222  11-14  3.476582924  11-15  2.068638164
       ( 1.095512806)       ( 1.092301783)       ( 1.839728449)       ( 1.094676170)

 Bond angles

  1-3-2  111.17107112   1-3-7  125.90760457   1-6-4  110.28766710   1-6-9  121.16921863

  2-3-7  122.92086882   2-4-6  105.25010111   2-4-8  121.99826426   3-1-6  105.86304950

  3- 1-10  127.06847515   3- 2- 4  107.42788808   3- 2- 5  126.30256596   4- 2- 5  126.26194913

  4- 6- 9  128.54108940   6- 1-10  127.06847535   6- 4- 8  132.75045674  12-11-13  109.20063486

 12-11-14  111.36845179  12-11-15  108.96201772  13-11-14  110.80834239  13-11-15  109.12517017

 14-11-15  107.31910637

 NUCLEAR CHARGE:                   62
 NUMBER OF PRIMITIVE AOS:         362
 NUMBER OF SYMMETRY AOS:          348
 NUMBER OF CONTRACTIONS:          237   ( 237A   )
 NUMBER OF CORE ORBITALS:          11   (  11A   )
 NUMBER OF VALENCE ORBITALS:       36   (  36A   )


 NUCLEAR REPULSION ENERGY  302.41106323


 Eigenvalues of metric

         1 0.177E-04 0.499E-04 0.140E-03 0.202E-03 0.251E-03 0.276E-03 0.418E-03 0.473E-03


 Contracted 2-electron integrals neglected if value below      1.0D-12
 AO integral compression algorithm  1   Integral accuracy      1.0D-12

     1510.998 MB (compressed) written to integral file ( 43.2%)

     Node minimum: 116.654 MB, node maximum: 132.121 MB


 NUMBER OF SORTED TWO-ELECTRON INTEGRALS:   33149100.     BUFFER LENGTH:  32768
 NUMBER OF SEGMENTS:   3  SEGMENT LENGTH:   15990336      RECORD LENGTH: 524288

 Memory used in sort:      16.55 MW

 SORT1 READ   437218962. AND WROTE    27501782. INTEGRALS IN     80 RECORDS. CPU TIME:    11.91 SEC, REAL TIME:    14.93 SEC
 SORT2 READ   332851693. AND WROTE   397718706. INTEGRALS IN   5604 RECORDS. CPU TIME:     1.01 SEC, REAL TIME:    36.75 SEC

 Node minimum:    33130300.  Node maximum:    33156153. integrals

 OPERATOR DM      FOR CENTER  0  COORDINATES:    0.000000    0.000000    0.000000


 **********************************************************************************************************************************
 DATASETS  * FILE   NREC   LENGTH (MB)   RECORD NAMES
              1      18        9.87       500      610      700      900      950      970     1000      129      960     1100   
                                          VAR    BASINP    GEOM    SYMINP    ZMAT    AOBASIS   BASIS     P2S    ABASIS      S 
                                         1400     1410     1200     1210     1080     1600     1650     1700   
                                           T        V       H0       H01     AOSYM     SMH    MOLCAS    OPER   

 PROGRAMS   *        TOTAL       INT
 CPU TIMES  *        15.70     15.56
 REAL TIME  *        55.75 SEC
 DISK USED  *         5.44 GB      
 GA USED    *         0.01 MB       (max)       0.00 MB       (current)
 **********************************************************************************************************************************

1PROGRAM * RHF-SCF (CLOSED SHELL)       Authors: W. Meyer, H.-J. Werner


 NUMBER OF ELECTRONS:      31+   31-    SPACE SYMMETRY=1    SPIN SYMMETRY: Singlet 
 CONVERGENCE THRESHOLDS:    1.00E-05 (Density)    1.24E-07 (Energy)
 MAX. NUMBER OF ITERATIONS:       60
 INTERPOLATION TYPE:            DIIS
 INTERPOLATION STEPS:              2 (START)      1 (STEP)
 LEVEL SHIFTS:                  0.00 (CLOSED)  0.00 (OPEN) 



 Orbital guess generated from atomic densities. Full valence occupancy:   47

 Molecular orbital dump at record        2100.2

 ITERATION    DDIFF          GRAD             ENERGY        2-EL.EN.            DIPOLE MOMENTS         DIIS   ORB.
    1      0.000D+00      0.000D+00      -662.34492472   1085.893819  -10.30778   -0.18457   -1.52853    0    start
    2      0.000D+00      0.353D-02      -662.45713760   1082.364698   -9.82167    0.00645   -0.84441    1    diag
    3      0.108D-01      0.161D-02      -662.47479504   1083.526985   -9.74171   -0.09290   -1.05733    2    diag
    4      0.319D-02      0.379D-03      -662.47669233   1083.572062   -9.66618   -0.02050   -1.04847    3    diag
    5      0.124D-02      0.108D-03      -662.47688378   1083.435802   -9.61935   -0.04709   -1.05563    4    diag
    6      0.355D-03      0.472D-04      -662.47693373   1083.473619   -9.60124   -0.04003   -1.05714    5    diag
    7      0.171D-03      0.182D-04      -662.47694543   1083.471576   -9.58978   -0.04431   -1.05970    6    diag
    8      0.931D-04      0.754D-05      -662.47694671   1083.469551   -9.58499   -0.04440   -1.05931    7    diag
    9      0.311D-04      0.301D-05      -662.47694688   1083.472052   -9.58455   -0.04501   -1.05955    8    diag
   10      0.134D-04      0.702D-06      -662.47694690   1083.472457   -9.58448   -0.04506   -1.05950    9    orth
   11      0.445D-05      0.276D-06      -662.47694690   1083.472186   -9.58454   -0.04503   -1.05950    0    orth

 Final occupancy:  31

 !RHF STATE 1.1 Energy               -662.476946897060
 Nuclear energy                       302.41106323
 One-electron energy                -1506.62410296
 Two-electron energy                  541.73609284
 Virial quotient                       -1.00101217
 !RHF STATE 1.1 Dipole moment          -9.58454093    -0.04503356    -1.05950256
 Dipole moment /Debye                 -24.35987753    -0.11445638    -2.69281051

 Orbital energies:

         1.1          2.1          3.1          4.1          5.1          6.1          7.1          8.1          9.1         10.1
    -91.772435   -15.763394   -15.757534   -11.464261   -11.392740   -11.387292   -11.151818    -8.771357    -6.453797    -6.451086

        11.1         12.1         13.1         14.1         15.1         16.1         17.1         18.1         19.1         20.1
     -6.450838    -1.493918    -1.341023    -1.144718    -1.004932    -0.949067    -0.890749    -0.881818    -0.815621    -0.739629

        21.1         22.1         23.1         24.1         25.1         26.1         27.1         28.1         29.1         30.1
     -0.727459    -0.721639    -0.705625    -0.678690    -0.569314    -0.473864    -0.471005    -0.446958    -0.329476    -0.187424

        31.1         32.1         33.1
     -0.186479    -0.019618     0.003266

 HOMO     31.1    -0.186479 =      -5.0744eV
 LUMO     32.1    -0.019618 =      -0.5338eV
 LUMO-HOMO         0.166861 =       4.5405eV


 **********************************************************************************************************************************
 DATASETS  * FILE   NREC   LENGTH (MB)   RECORD NAMES
              1      18        9.87       500      610      700      900      950      970     1000      129      960     1100   
                                          VAR    BASINP    GEOM    SYMINP    ZMAT    AOBASIS   BASIS     P2S    ABASIS      S 
                                         1400     1410     1200     1210     1080     1600     1650     1700   
                                           T        V       H0       H01     AOSYM     SMH    MOLCAS    OPER   

              2       4        1.69       700     1000      520     2100   
                                         GEOM     BASIS   MCVARS     RHF  

 PROGRAMS   *        TOTAL        HF       INT
 CPU TIMES  *        22.65      6.95     15.56
 REAL TIME  *        70.08 SEC
 DISK USED  *         5.63 GB      
 SF USED    *         0.23 MB      
 GA USED    *         0.01 MB       (max)       0.00 MB       (current)
 **********************************************************************************************************************************
 SETTING E_RHF_C        =    ***************  KCAL/MOL                        


1PROGRAM * CCSD (Closed-shell coupled cluster)     Authors: C. Hampel, H.-J. Werner, 1991, M. Deegan, P.J. Knowles, 1992


 Convergence thresholds:  THRVAR = 1.00D-08  THRDEN = 1.24D-06

 CCSD(T)     terms to be evaluated (factor= 1.000)


 Number of core orbitals:          11 (  11 )
 Number of closed-shell orbitals:  20 (  20 )
 Number of external orbitals:     206 ( 206 )

 Molecular orbitals read from record     2100.2  Type=RHF/CANONICAL (state 1.1)

 Number of N-1 electron functions:              20
 Number of N-2 electron functions:             210
 Number of singly external CSFs:              4120
 Number of doubly external CSFs:           8489260
 Total number of CSFs:                     8493381

 Length of J-op  integral file:               0.00 MB
 Length of K-op  integral file:               3.86 MB
 Length of 3-ext integral record:             0.00 MB

 Memory could be reduced to 217.70 Mwords without degradation in triples

 Integral transformation finished. Total CPU:  48.19 sec, npass=  1  Memory used: 160.68 MW

 Reference energy:                   -662.47694690

 MP2 singlet pair energy:              -0.64757371
 MP2 triplet pair energy:              -0.40404075
 MP2 correlation energy:               -1.05161446
 MP2 total energy:                   -663.52856136

 SCS-MP2 correlation energy:           -1.02849158   (PS=  1.200000  PT=  0.333333)
 SCS-MP2 total energy:               -663.50543848

 ITER.      SQ.NORM     CORR.ENERGY   TOTAL ENERGY   ENERGY CHANGE        DEN1      VAR(S)    VAR(P)  DIIS     TIME
   1      1.40912873    -1.10144831  -663.57839521    -0.04983385    -0.02029891  0.59D-02  0.73D-02  1  1    73.55
   2      1.44152675    -1.10705237  -663.58399927    -0.00560406    -0.02841250  0.16D-03  0.10D-02  2  2   100.62
   3      1.45347662    -1.10731753  -663.58426443    -0.00026516    -0.00524978  0.18D-03  0.65D-04  3  3   125.48
   4      1.45860963    -1.10739716  -663.58434406    -0.00007963    -0.00127669  0.44D-04  0.15D-04  4  4   150.69
   5      1.46125042    -1.10743229  -663.58437919    -0.00003513    -0.00035603  0.25D-04  0.33D-05  5  5   175.78
   6      1.46285843    -1.10742344  -663.58437034     0.00000885    -0.00010613  0.10D-04  0.17D-05  6  6   204.25
   7      1.46419997    -1.10741123  -663.58435813     0.00001221    -0.00004825  0.38D-05  0.73D-06  6  1   229.30
   8      1.46507112    -1.10740752  -663.58435442     0.00000372    -0.00003484  0.14D-05  0.25D-06  6  2   254.37
   9      1.46557688    -1.10740595  -663.58435285     0.00000157     0.00000139  0.45D-06  0.88D-07  6  3   279.44
  10      1.46588585    -1.10740365  -663.58435054     0.00000230    -0.00001040  0.15D-06  0.25D-07  6  4   304.65
  11      1.46596240    -1.10740496  -663.58435186    -0.00000131     0.00000134  0.43D-07  0.97D-08  6  5   331.46
  12      1.46603505    -1.10740449  -663.58435139     0.00000047    -0.00000089  0.12D-07  0.31D-08  6  6   356.47
  13      1.46603718    -1.10740478  -663.58435168    -0.00000029     0.00000103  0.44D-08  0.95D-09  6  1   381.19

 Norm of t1 vector:      0.14087400      S-energy:    -0.00000006      T1 diagnostic:  0.01575019
                                                                       D1 diagnostic:  0.06290107


 Total CPU time for triples:    545.81 sec


 RESULTS
 =======

  Reference energy                   -662.476946897057
  CCSD singlet pair energy             -0.743885021853
  CCSD triplet pair energy             -0.363519694395
  CCSD correlation energy              -1.107404780636

  Triples (T) contribution             -0.045808031907
  Total correlation energy             -1.153212812543

  CCSD total energy                  -663.584351677693
  CCSD[T] energy                     -663.631718847214
  CCSD-T energy                      -663.629535891782
 !CCSD(T) total energy               -663.630159709600

 Timing summary (sec):

 STEP                 CPU(USER)    SYS     CPU(TOT)    WALL
 Transformation         48.60      7.46     56.06     61.91
 CCSD iterations       332.65      9.98    342.63    394.88
 Triples               545.81      3.35    549.16    551.17

 Program statistics:

 Available memory in ccsd:               349998300
 Min. memory needed in ccsd:              20613132
 Max. memory used in ccsd:                28448692
 Max. memory used in cckext:              24282461 (13 integral passes)



 **********************************************************************************************************************************
 DATASETS  * FILE   NREC   LENGTH (MB)   RECORD NAMES
              1      19      855.26       500      610      700      900      950      970     1000      129      960     1100   
                                          VAR    BASINP    GEOM    SYMINP    ZMAT    AOBASIS   BASIS     P2S    ABASIS      S 
                                         1400     1410     1200     1210     1080     1600     1650     1700     1380   
                                           T        V       H0       H01     AOSYM     SMH    MOLCAS    OPER     JKOP   

              2       4        1.69       700     1000      520     2100   
                                         GEOM     BASIS   MCVARS     RHF  

 PROGRAMS   *        TOTAL   CCSD(T)        HF       INT
 CPU TIMES  *       949.76    927.10      6.95     15.56
 REAL TIME  *      1078.56 SEC
 DISK USED  *         7.33 GB      
 SF USED    *         1.63 GB      
 GA USED    *         0.01 MB       (max)       0.00 MB       (current)
 **********************************************************************************************************************************
 SETTING E_CORR_C       =    ***************  KCAL/MOL                        
 SETTING E_C            =      -723.65211071  KCAL/MOL                        
 SETTING CHARGE         =         1.00000000                                  

 Dummy atoms: C10  H11  H12  S13  H14


 Recomputing one-electron integrals since nuclear charges changed

1PROGRAM * SEWARD (Integral evaluation for generally contracted gaussian basis sets)     Author: Roland Lindh, 1990

 Geometry written to block  1 of record 700


 Point group  C1  



 ATOMIC COORDINATES

 NR  ATOM    CHARGE       X              Y              Z

   1  N0      7.00   -0.394119336    0.083015083    0.602085510
   2  N1      7.00   -3.798544109   -1.863128822   -0.875905202
   3  C2      6.00   -1.263722168   -2.026796112   -0.412916630
   4  C3      6.00   -4.584486876    0.513126199   -0.106431398
   5  H4      1.00   -4.903278006   -3.226991414   -1.669488132
   6  C5      6.00   -2.448981075    1.677822996    0.802232074
   7  H6      1.00   -0.155458264   -3.698075572   -0.850488385
   8  H7      1.00   -6.526282522    1.122585553   -0.287542750
   9  H8      1.00   -2.256162869    3.552733674    1.568710662
  10  H9      1.00    1.386357117    0.448939100    1.118871750
  11  C10     0.00    8.848381940    1.676920100   -1.615450047
  12  H11     0.00    8.707999855    3.574985593   -0.800927062
  13  H12     0.00    7.364737168    1.433706678   -3.029792893
  14  S13     0.00    8.628009638   -0.774621610    0.839750173
  15  H14     0.00   10.693958400    1.471435060   -2.526980233

 Bond lengths in Bohr (Angstrom)

  1- 3  2.497547139   1- 6  2.608817297   1-10  1.889726118   2- 3  2.581950362   2- 4  2.618469762
       ( 1.321645025)       ( 1.380526656)       ( 0.999999993)       ( 1.366309286)       ( 1.385634520)

 2-5  1.926222214  3-7  2.052533302  4-6  2.596646484  4-8  2.043235756  6-9  2.034688757
     ( 1.019312895)     ( 1.086153844)     ( 1.374086139)     ( 1.081233795)     ( 1.076710918)

 11-12  2.070219176  11-13  2.064151222  11-14  3.476582924  11-15  2.068638164
       ( 1.095512806)       ( 1.092301783)       ( 1.839728449)       ( 1.094676170)

 Bond angles

  1-3-2  111.17107112   1-3-7  125.90760457   1-6-4  110.28766710   1-6-9  121.16921863

  2-3-7  122.92086882   2-4-6  105.25010111   2-4-8  121.99826426   3-1-6  105.86304950

  3- 1-10  127.06847515   3- 2- 4  107.42788808   3- 2- 5  126.30256596   4- 2- 5  126.26194913

  4- 6- 9  128.54108940   6- 1-10  127.06847535   6- 4- 8  132.75045674  12-11-13  109.20063486

 12-11-14  111.36845179  12-11-15  108.96201772  13-11-14  110.80834239  13-11-15  109.12517017

 14-11-15  107.31910637

 NUCLEAR CHARGE:                   37
 NUMBER OF PRIMITIVE AOS:         362
 NUMBER OF SYMMETRY AOS:          348
 NUMBER OF CONTRACTIONS:          237   ( 237A   )
 NUMBER OF CORE ORBITALS:           5   (   5A   )
 NUMBER OF VALENCE ORBITALS:       25   (  25A   )

 MOLECULE CHANGED: INITIALIZING OCCUPATION AND DUMP RECORDS


 NUCLEAR REPULSION ENERGY  172.15847751


 Eigenvalues of metric

         1 0.177E-04 0.499E-04 0.140E-03 0.202E-03 0.251E-03 0.276E-03 0.418E-03 0.473E-03


 Contracted 2-electron integrals neglected if value below      1.0D-12

 OPERATOR DM      FOR CENTER  0  COORDINATES:    0.000000    0.000000    0.000000


 **********************************************************************************************************************************
 DATASETS  * FILE   NREC   LENGTH (MB)   RECORD NAMES
              1      18        9.87       500      610      700      900      950      970     1000      129      960     1100   
                                          VAR    BASINP    GEOM    SYMINP    ZMAT    AOBASIS   BASIS     P2S    ABASIS      S 
                                         1400     1410     1200     1210     1080     1600     1650     1700   
                                           T        V       H0       H01     AOSYM     SMH    MOLCAS    OPER   

              2       4        1.69       700     1000      520     2100   
                                         GEOM     BASIS   MCVARS     RHF  

 PROGRAMS   *        TOTAL       INT   CCSD(T)        HF       INT
 CPU TIMES  *       949.91      0.14    927.10      6.95     15.56
 REAL TIME  *      1079.61 SEC
 DISK USED  *        16.59 GB      
 SF USED    *         1.63 GB      
 GA USED    *         0.01 MB       (max)       0.00 MB       (current)
 **********************************************************************************************************************************

1PROGRAM * RHF-SCF (CLOSED SHELL)       Authors: W. Meyer, H.-J. Werner


 NUMBER OF ELECTRONS:      18+   18-    SPACE SYMMETRY=1    SPIN SYMMETRY: Singlet 
 CONVERGENCE THRESHOLDS:    1.00E-05 (Density)    1.00E-07 (Energy)
 MAX. NUMBER OF ITERATIONS:       60
 INTERPOLATION TYPE:            DIIS
 INTERPOLATION STEPS:              2 (START)      1 (STEP)
 LEVEL SHIFTS:                  0.00 (CLOSED)  0.00 (OPEN) 



 Orbital guess generated from atomic densities. Full valence occupancy:   30

 Molecular orbital dump at record        2101.2

 ITERATION    DDIFF          GRAD             ENERGY        2-EL.EN.            DIPOLE MOMENTS         DIIS   ORB.
    1      0.000D+00      0.000D+00      -225.14792304    474.331067   -1.74091   -1.37013   -0.26794    0    start
    2      0.000D+00      0.354D-02      -225.20844828    479.699684   -2.24965   -0.67537   -0.10153    1    diag
    3      0.570D-02      0.159D-02      -225.21781126    478.090416   -2.05555   -0.93029   -0.16135    2    diag
    4      0.221D-02      0.468D-03      -225.21908340    478.352391   -2.10232   -0.87132   -0.14820    3    diag
    5      0.703D-03      0.889D-04      -225.21917822    478.437366   -2.09098   -0.88246   -0.15025    4    diag
    6      0.170D-03      0.472D-04      -225.21920568    478.408989   -2.09240   -0.88288   -0.15072    5    diag
    7      0.779D-04      0.199D-04      -225.21921469    478.417483   -2.08793   -0.88695   -0.15140    6    diag
    8      0.594D-04      0.769D-05      -225.21921541    478.417922   -2.08803   -0.88810   -0.15187    7    diag
    9      0.201D-04      0.229D-05      -225.21921544    478.417297   -2.08757   -0.88808   -0.15176    8    diag
   10      0.344D-05      0.517D-06      -225.21921544    478.417386   -2.08767   -0.88814   -0.15181    0    orth

 Final occupancy:  18

 !RHF STATE 1.1 Energy               -225.219215440345
 Nuclear energy                       172.15847751
 One-electron energy                 -636.58638600
 Two-electron energy                  239.20869305
 Virial quotient                       -1.00204994
 !RHF STATE 1.1 Dipole moment          -2.08767407    -0.88813858    -0.15180836
 Dipole moment /Debye                  -5.30599065    -2.25727526    -0.38583310

 Orbital energies:

         1.1          2.1          3.1          4.1          5.1          6.1          7.1          8.1          9.1         10.1
    -15.864804   -15.859020   -11.565173   -11.486019   -11.481217    -1.593953    -1.441114    -1.241374    -1.107237    -1.046573

        11.1         12.1         13.1         14.1         15.1         16.1         17.1         18.1         19.1         20.1
     -0.989047    -0.917756    -0.839095    -0.825901    -0.815961    -0.800083    -0.668974    -0.541201    -0.097018    -0.080767

 HOMO     18.1    -0.541201 =     -14.7268eV
 LUMO     19.1    -0.097018 =      -2.6400eV
 LUMO-HOMO         0.444184 =      12.0868eV


 **********************************************************************************************************************************
 DATASETS  * FILE   NREC   LENGTH (MB)   RECORD NAMES
              1      18        9.87       500      610      700      900      950      970     1000      129      960     1100   
                                          VAR    BASINP    GEOM    SYMINP    ZMAT    AOBASIS   BASIS     P2S    ABASIS      S 
                                         1400     1410     1200     1210     1080     1600     1650     1700   
                                           T        V       H0       H01     AOSYM     SMH    MOLCAS    OPER   

              2       5        3.98       700     1000      520     2100     2101   
                                         GEOM     BASIS   MCVARS     RHF      RHF  

 PROGRAMS   *        TOTAL        HF       INT   CCSD(T)        HF       INT
 CPU TIMES  *       955.46      5.55      0.14    927.10      6.95     15.56
 REAL TIME  *      1088.68 SEC
 DISK USED  *        16.59 GB      
 SF USED    *         1.63 GB      
 GA USED    *         0.01 MB       (max)       0.00 MB       (current)
 **********************************************************************************************************************************
 SETTING E_RHF_A        =    ***************  KCAL/MOL                        


1PROGRAM * CCSD (Closed-shell coupled cluster)     Authors: C. Hampel, H.-J. Werner, 1991, M. Deegan, P.J. Knowles, 1992


 Convergence thresholds:  THRVAR = 1.00D-08  THRDEN = 1.00D-06

 CCSD(T)     terms to be evaluated (factor= 1.000)


 Number of core orbitals:           5 (   5 )
 Number of closed-shell orbitals:  13 (  13 )
 Number of external orbitals:     219 ( 219 )

 Molecular orbitals read from record     2101.2  Type=RHF/CANONICAL (state 1.1)

 Number of N-1 electron functions:              13
 Number of N-2 electron functions:              91
 Number of singly external CSFs:              2847
 Number of doubly external CSFs:           4054128
 Total number of CSFs:                     4056976

 Length of J-op  integral file:               0.00 MB
 Length of K-op  integral file:               3.86 MB
 Length of 3-ext integral record:             0.00 MB

 Memory could be reduced to 173.51 Mwords without degradation in triples

 Integral transformation finished. Total CPU:  31.94 sec, npass=  1  Memory used: 103.26 MW

 Reference energy:                   -225.21921544

 MP2 singlet pair energy:              -0.44834062
 MP2 triplet pair energy:              -0.29221694
 MP2 correlation energy:               -0.74055756
 MP2 total energy:                   -225.95977300

 SCS-MP2 correlation energy:           -0.71983262   (PS=  1.200000  PT=  0.333333)
 SCS-MP2 total energy:               -225.93904806

 ITER.      SQ.NORM     CORR.ENERGY   TOTAL ENERGY   ENERGY CHANGE        DEN1      VAR(S)    VAR(P)  DIIS     TIME
   1      1.25699272    -0.76379390  -225.98300934    -0.02323633    -0.00294294  0.39D-02  0.51D-02  1  1    42.44
   2      1.27681106    -0.76721008  -225.98642552    -0.00341619    -0.01907599  0.76D-04  0.69D-03  2  2    52.89
   3      1.28416719    -0.76737087  -225.98658631    -0.00016079    -0.00364524  0.79D-04  0.40D-04  3  3    63.36
   4      1.28702128    -0.76740105  -225.98661649    -0.00003018    -0.00091210  0.83D-05  0.58D-05  4  4    73.86
   5      1.28808776    -0.76741744  -225.98663288    -0.00001639    -0.00021953  0.29D-05  0.52D-06  5  5    84.35
   6      1.28842361    -0.76740220  -225.98661764     0.00001524    -0.00003684  0.42D-06  0.14D-06  6  6    94.67
   7      1.28855000    -0.76739840  -225.98661384     0.00000380    -0.00000555  0.90D-07  0.25D-07  6  2   104.88
   8      1.28859532    -0.76739724  -225.98661268     0.00000116    -0.00000247  0.62D-08  0.38D-08  6  1   115.09
   9      1.28860763    -0.76739680  -225.98661224     0.00000044    -0.00000053  0.62D-09  0.41D-09  6  3   125.28
  10      1.28860654    -0.76739711  -225.98661255    -0.00000031     0.00000086  0.11D-09  0.44D-10  6  4   135.48

 Norm of t1 vector:      0.09523403      S-energy:     0.00000029      T1 diagnostic:  0.01320658
                                                                       D1 diagnostic:  0.05224114


 Total CPU time for triples:    191.67 sec


 RESULTS
 =======

  Reference energy                   -225.219215440341
  CCSD singlet pair energy             -0.508135142527
  CCSD triplet pair energy             -0.259262258991
  CCSD correlation energy              -0.767397106770

  Triples (T) contribution             -0.033173112809
  Total correlation energy             -0.800570219578

  CCSD total energy                  -225.986612547111
  CCSD[T] energy                     -226.020782628939
  CCSD-T energy                      -226.019400481144
 !CCSD(T) total energy               -226.019785659920

 Timing summary (sec):

 STEP                 CPU(USER)    SYS     CPU(TOT)    WALL
 Transformation         32.05      3.28     35.33     36.57
 CCSD iterations       103.47      3.85    107.32    112.43
 Triples               191.67      1.24    192.91    193.08

 Program statistics:

 Available memory in ccsd:               349999224
 Min. memory needed in ccsd:              10383805
 Max. memory used in ccsd:                14020906
 Max. memory used in cckext:              10746218 (10 integral passes)



 **********************************************************************************************************************************
 DATASETS  * FILE   NREC   LENGTH (MB)   RECORD NAMES
              1      19      620.87       500      610      700      900      950      970     1000      129      960     1100   
                                          VAR    BASINP    GEOM    SYMINP    ZMAT    AOBASIS   BASIS     P2S    ABASIS      S 
                                         1400     1410     1200     1210     1080     1600     1650     1700     1380   
                                           T        V       H0       H01     AOSYM     SMH    MOLCAS    OPER     JKOP   

              2       5        3.98       700     1000      520     2100     2101   
                                         GEOM     BASIS   MCVARS     RHF      RHF  

 PROGRAMS   *        TOTAL   CCSD(T)        HF       INT   CCSD(T)        HF       INT
 CPU TIMES  *      1282.70    327.23      5.55      0.14    927.10      6.95     15.56
 REAL TIME  *      1431.05 SEC
 DISK USED  *        16.59 GB      
 SF USED    *         1.63 GB      
 GA USED    *         0.01 MB       (max)       0.00 MB       (current)
 **********************************************************************************************************************************
 SETTING E_CORR_A       =    ***************  KCAL/MOL                        
 SETTING E_A            =      -502.36549826  KCAL/MOL                        
 SETTING CHARGE         =        -1.00000000                                  

 Dummy atoms: N0  N1  C2  C3  H4  C5  H6  H7  H8  H9


 Recomputing one-electron integrals since nuclear charges changed

1PROGRAM * SEWARD (Integral evaluation for generally contracted gaussian basis sets)     Author: Roland Lindh, 1990

 Geometry written to block  1 of record 700


 Point group  C1  



 ATOMIC COORDINATES

 NR  ATOM    CHARGE       X              Y              Z

   1  N0      0.00   -0.394119336    0.083015083    0.602085510
   2  N1      0.00   -3.798544109   -1.863128822   -0.875905202
   3  C2      0.00   -1.263722168   -2.026796112   -0.412916630
   4  C3      0.00   -4.584486876    0.513126199   -0.106431398
   5  H4      0.00   -4.903278006   -3.226991414   -1.669488132
   6  C5      0.00   -2.448981075    1.677822996    0.802232074
   7  H6      0.00   -0.155458264   -3.698075572   -0.850488385
   8  H7      0.00   -6.526282522    1.122585553   -0.287542750
   9  H8      0.00   -2.256162869    3.552733674    1.568710662
  10  H9      0.00    1.386357117    0.448939100    1.118871750
  11  C10     6.00    8.848381940    1.676920100   -1.615450047
  12  H11     1.00    8.707999855    3.574985593   -0.800927062
  13  H12     1.00    7.364737168    1.433706678   -3.029792893
  14  S13    16.00    8.628009638   -0.774621610    0.839750173
  15  H14     1.00   10.693958400    1.471435060   -2.526980233

 Bond lengths in Bohr (Angstrom)

  1- 3  2.497547139   1- 6  2.608817297   1-10  1.889726118   2- 3  2.581950362   2- 4  2.618469762
       ( 1.321645025)       ( 1.380526656)       ( 0.999999993)       ( 1.366309286)       ( 1.385634520)

 2-5  1.926222214  3-7  2.052533302  4-6  2.596646484  4-8  2.043235756  6-9  2.034688757
     ( 1.019312895)     ( 1.086153844)     ( 1.374086139)     ( 1.081233795)     ( 1.076710918)

 11-12  2.070219176  11-13  2.064151222  11-14  3.476582924  11-15  2.068638164
       ( 1.095512806)       ( 1.092301783)       ( 1.839728449)       ( 1.094676170)

 Bond angles

  1-3-2  111.17107112   1-3-7  125.90760457   1-6-4  110.28766710   1-6-9  121.16921863

  2-3-7  122.92086882   2-4-6  105.25010111   2-4-8  121.99826426   3-1-6  105.86304950

  3- 1-10  127.06847515   3- 2- 4  107.42788808   3- 2- 5  126.30256596   4- 2- 5  126.26194913

  4- 6- 9  128.54108940   6- 1-10  127.06847535   6- 4- 8  132.75045674  12-11-13  109.20063486

 12-11-14  111.36845179  12-11-15  108.96201772  13-11-14  110.80834239  13-11-15  109.12517017

 14-11-15  107.31910637

 NUCLEAR CHARGE:                   25
 NUMBER OF PRIMITIVE AOS:         362
 NUMBER OF SYMMETRY AOS:          348
 NUMBER OF CONTRACTIONS:          237   ( 237A   )
 NUMBER OF CORE ORBITALS:           6   (   6A   )
 NUMBER OF VALENCE ORBITALS:       11   (  11A   )

 MOLECULE CHANGED: INITIALIZING OCCUPATION AND DUMP RECORDS


 NUCLEAR REPULSION ENERGY   47.62676028


 Eigenvalues of metric

         1 0.177E-04 0.499E-04 0.140E-03 0.202E-03 0.251E-03 0.276E-03 0.418E-03 0.473E-03


 Contracted 2-electron integrals neglected if value below      1.0D-12

 OPERATOR DM      FOR CENTER  0  COORDINATES:    0.000000    0.000000    0.000000


 **********************************************************************************************************************************
 DATASETS  * FILE   NREC   LENGTH (MB)   RECORD NAMES
              1      18        9.87       500      610      700      900      950      970     1000      129      960     1100   
                                          VAR    BASINP    GEOM    SYMINP    ZMAT    AOBASIS   BASIS     P2S    ABASIS      S 
                                         1400     1410     1200     1210     1080     1600     1650     1700   
                                           T        V       H0       H01     AOSYM     SMH    MOLCAS    OPER   

              2       5        3.98       700     1000      520     2100     2101   
                                         GEOM     BASIS   MCVARS     RHF      RHF  

 PROGRAMS   *        TOTAL       INT   CCSD(T)        HF       INT   CCSD(T)        HF       INT
 CPU TIMES  *      1282.82      0.11    327.23      5.55      0.14    927.10      6.95     15.56
 REAL TIME  *      1431.67 SEC
 DISK USED  *        16.59 GB      
 SF USED    *         1.63 GB      
 GA USED    *         0.01 MB       (max)       0.00 MB       (current)
 **********************************************************************************************************************************

1PROGRAM * RHF-SCF (CLOSED SHELL)       Authors: W. Meyer, H.-J. Werner


 NUMBER OF ELECTRONS:      13+   13-    SPACE SYMMETRY=1    SPIN SYMMETRY: Singlet 
 CONVERGENCE THRESHOLDS:    1.00E-05 (Density)    1.00E-07 (Energy)
 MAX. NUMBER OF ITERATIONS:       60
 INTERPOLATION TYPE:            DIIS
 INTERPOLATION STEPS:              2 (START)      1 (STEP)
 LEVEL SHIFTS:                  0.00 (CLOSED)  0.00 (OPEN) 



 Orbital guess generated from atomic densities. Full valence occupancy:   17

 Molecular orbital dump at record        2102.2

 ITERATION    DDIFF          GRAD             ENERGY        2-EL.EN.            DIPOLE MOMENTS         DIIS   ORB.
    1      0.000D+00      0.000D+00      -437.09197892    444.656437   -8.57871    1.18703   -1.25994    0    start
    2      0.000D+00      0.328D-02      -437.14360833    435.504029   -8.62265    0.68299   -0.75707    1    diag
    3      0.687D-02      0.150D-02      -437.15160949    438.093793   -8.61396    0.81346   -0.88673    2    diag
    4      0.221D-02      0.263D-03      -437.15224345    437.905646   -8.61101    0.82531   -0.89952    3    diag
    5      0.580D-03      0.613D-04      -437.15228149    437.903806   -8.61012    0.82853   -0.90275    4    diag
    6      0.195D-03      0.149D-04      -437.15228432    437.903990   -8.60940    0.82847   -0.90295    5    diag
    7      0.642D-04      0.522D-05      -437.15228455    437.901202   -8.60921    0.82873   -0.90325    6    diag
    8      0.207D-04      0.176D-05      -437.15228458    437.902143   -8.60915    0.82842   -0.90297    7    diag
    9      0.741D-05      0.454D-06      -437.15228458    437.902142   -8.60914    0.82837   -0.90293    0    orth

 Final occupancy:  13

 !RHF STATE 1.1 Energy               -437.152284577092
 Nuclear energy                        47.62676028
 One-electron energy                 -703.73011596
 Two-electron energy                  218.95107110
 Virial quotient                       -1.00019652
 !RHF STATE 1.1 Dipole moment          -8.60913702     0.82836790    -0.90292947
 Dipole moment /Debye                 -21.88081047     2.10536330    -2.29486748

 Orbital energies:

         1.1          2.1          3.1          4.1          5.1          6.1          7.1          8.1          9.1         10.1
    -91.664224   -11.054189    -8.663661    -6.346213    -6.343260    -6.343247    -0.782027    -0.576118    -0.375103    -0.374019

        11.1         12.1         13.1         14.1         15.1
     -0.227557    -0.082633    -0.081734     0.087709     0.109627

 HOMO     13.1    -0.081734 =      -2.2241eV
 LUMO     14.1     0.087709 =       2.3867eV
 LUMO-HOMO         0.169443 =       4.6108eV


 **********************************************************************************************************************************
 DATASETS  * FILE   NREC   LENGTH (MB)   RECORD NAMES
              1      18        9.87       500      610      700      900      950      970     1000      129      960     1100   
                                          VAR    BASINP    GEOM    SYMINP    ZMAT    AOBASIS   BASIS     P2S    ABASIS      S 
                                         1400     1410     1200     1210     1080     1600     1650     1700   
                                           T        V       H0       H01     AOSYM     SMH    MOLCAS    OPER   

              2       6        6.27       700     1000      520     2100     2101     2102   
                                         GEOM     BASIS   MCVARS     RHF      RHF      RHF  

 PROGRAMS   *        TOTAL        HF       INT   CCSD(T)        HF       INT   CCSD(T)        HF       INT
 CPU TIMES  *      1287.62      4.80      0.11    327.23      5.55      0.14    927.10      6.95     15.56
 REAL TIME  *      1436.89 SEC
 DISK USED  *        16.59 GB      
 SF USED    *         1.63 GB      
 GA USED    *         0.01 MB       (max)       0.00 MB       (current)
 **********************************************************************************************************************************
 SETTING E_RHF_B        =    ***************  KCAL/MOL                        


1PROGRAM * CCSD (Closed-shell coupled cluster)     Authors: C. Hampel, H.-J. Werner, 1991, M. Deegan, P.J. Knowles, 1992


 Convergence thresholds:  THRVAR = 1.00D-08  THRDEN = 1.00D-06

 CCSD(T)     terms to be evaluated (factor= 1.000)


 Number of core orbitals:           6 (   6 )
 Number of closed-shell orbitals:   7 (   7 )
 Number of external orbitals:     224 ( 224 )

 Molecular orbitals read from record     2102.2  Type=RHF/CANONICAL (state 1.1)

 Number of N-1 electron functions:               7
 Number of N-2 electron functions:              28
 Number of singly external CSFs:              1568
 Number of doubly external CSFs:           1230096
 Total number of CSFs:                     1231665

 Length of J-op  integral file:               0.00 MB
 Length of K-op  integral file:               3.86 MB
 Length of 3-ext integral record:             0.00 MB

 Memory could be reduced to 110.82 Mwords without degradation in triples

 Integral transformation finished. Total CPU:  16.66 sec, npass=  1  Memory used:  57.33 MW

 Reference energy:                   -437.15228458

 MP2 singlet pair energy:              -0.19877299
 MP2 triplet pair energy:              -0.11071278
 MP2 correlation energy:               -0.30948577
 MP2 total energy:                   -437.46177035

 SCS-MP2 correlation energy:           -0.30741554   (PS=  1.200000  PT=  0.333333)
 SCS-MP2 total energy:               -437.45970012

 ITER.      SQ.NORM     CORR.ENERGY   TOTAL ENERGY   ENERGY CHANGE        DEN1      VAR(S)    VAR(P)  DIIS     TIME
   1      1.15021548    -0.33629145  -437.48857602    -0.02680567    -0.01784159  0.13D-02  0.22D-02  1  1    19.63
   2      1.16248113    -0.33835399  -437.49063857    -0.00206254    -0.00954439  0.33D-04  0.21D-03  2  2    22.71
   3      1.16534901    -0.33842133  -437.49070591    -0.00006734    -0.00123678  0.17D-04  0.13D-04  3  3    25.79
   4      1.16632895    -0.33842425  -437.49070882    -0.00000291    -0.00024089  0.31D-05  0.13D-05  4  4    28.98
   5      1.16660270    -0.33841842  -437.49070300     0.00000583    -0.00004699  0.91D-06  0.24D-06  5  5    32.17
   6      1.16671905    -0.33841437  -437.49069895     0.00000405    -0.00001221  0.32D-06  0.61D-07  6  6    35.18
   7      1.16677309    -0.33841266  -437.49069724     0.00000170    -0.00000305  0.12D-06  0.18D-07  6  1    38.17
   8      1.16680733    -0.33841194  -437.49069652     0.00000072    -0.00000150  0.31D-07  0.57D-08  6  2    41.20
   9      1.16682255    -0.33841185  -437.49069642     0.00000009     0.00000077  0.73D-08  0.14D-08  6  3    44.18

 Norm of t1 vector:      0.05954999      S-energy:     0.00000007      T1 diagnostic:  0.01125389
                                                                       D1 diagnostic:  0.02256984


 Total CPU time for triples:     40.61 sec


 RESULTS
 =======

  Reference energy                   -437.152284577092
  CCSD singlet pair energy             -0.235355709833
  CCSD triplet pair energy             -0.103056207585
  CCSD correlation energy              -0.338411847341

  Triples (T) contribution             -0.011947891326
  Total correlation energy             -0.350359738666

  CCSD total energy                  -437.490696424432
  CCSD[T] energy                     -437.502970777654
  CCSD-T energy                      -437.502482986663
 !CCSD(T) total energy               -437.502644315758

 Timing summary (sec):

 STEP                 CPU(USER)    SYS     CPU(TOT)    WALL
 Transformation         16.70      1.67     18.37     18.59
 CCSD iterations        27.50      1.31     28.81     49.75
 Triples                40.61      0.21     40.82     40.83

 Program statistics:

 Available memory in ccsd:               349999704
 Min. memory needed in ccsd:               3914284
 Max. memory used in ccsd:                 4933869
 Max. memory used in cckext:               3581066 ( 9 integral passes)



 **********************************************************************************************************************************
 DATASETS  * FILE   NREC   LENGTH (MB)   RECORD NAMES
              1      19      345.78       500      610      700      900      950      970     1000      129      960     1100   
                                          VAR    BASINP    GEOM    SYMINP    ZMAT    AOBASIS   BASIS     P2S    ABASIS      S 
                                         1400     1410     1200     1210     1080     1600     1650     1700     1380   
                                           T        V       H0       H01     AOSYM     SMH    MOLCAS    OPER     JKOP   

              2       6        6.27       700     1000      520     2100     2101     2102   
                                         GEOM     BASIS   MCVARS     RHF      RHF      RHF  

 PROGRAMS   *        TOTAL   CCSD(T)        HF       INT   CCSD(T)        HF       INT   CCSD(T)        HF       INT
 CPU TIMES  *      1372.47     84.84      4.80      0.11    327.23      5.55      0.14    927.10      6.95     15.56
 REAL TIME  *      1546.22 SEC
 DISK USED  *        16.59 GB      
 SF USED    *         1.63 GB      
 GA USED    *         0.01 MB       (max)       0.00 MB       (current)
 **********************************************************************************************************************************
 SETTING E_CORR_B       =    ***************  KCAL/MOL                        
 SETTING E_B            =      -219.85409947  KCAL/MOL                        
 SETTING E_RHF_CP       =       -66.16892925  KCAL/MOL                        
 SETTING E_CORR_CP      =        -1.43251299  KCAL/MOL                        

        CCSD(T)         HF-SCF          CCSD(T)         HF-SCF          CCSD(T)         HF-SCF  
   -437.50264432   -437.15228458   -226.01978566   -225.21921544   -663.63015971   -662.47694690
 **********************************************************************************************************************************
 Variable memory released
