
 Primary working directories    : /scratch/1723525.phoenix.chem.wisc.edu
 Secondary working directories  : /scratch/1723525.phoenix.chem.wisc.edu
 Wavefunction directory         : /scratch/1723525.phoenix.chem.wisc.edu/
 Main file repository           : /scratch/1723525.phoenix.chem.wisc.edu/

 SHA1      : 65e45729fe3f963b0eb97374e3bda9949063ef0f
 NAME      : 2012.1.17
 ARCHNAME  : Linux/x86_64
 FC        : /opt/intel/composer_xe_2013.5.192/bin/intel64/ifort
 FCVERSION : 13.1.3
 BLASLIB   : -L/opt/intel/composer_xe_2013.5.192/mkl/lib/intel64 -lmkl_intel_ilp64 -lmkl_sequential -lmkl_core
 id        : cuichemwisc

 Nodes             nprocs
 compute-1-35.local   12
 ga_uses_ma=false, calling ma_init with nominal heap.
 GA-space will be limited to   8.0 MW (determined by -G option)

 Using customized tuning parameters: mindgm=1; mindgv=20; mindgc=4; mindgr=1; noblas=0; minvec=7
 default implementation of scratch files=sf  

 geomtyp=xyz
 geometry={
 15
  N0         -0.208558970000       0.043929690000       0.318609930000
  N1         -2.010102970000      -0.985925310000      -0.463509070000
  C2         -0.668732970000      -1.072534310000      -0.218506070000
  C3         -2.426005970000       0.271534690000      -0.056321070000
  H4         -2.594702970000      -1.707650310000      -0.883455070000
  C5         -1.295944970000       0.887865690000       0.424522930000
  H6         -0.082264970000      -1.956937310000      -0.450059070000
  H7         -3.453559970000       0.594046690000      -0.152161070000
  H8         -1.193909970000       1.880025690000       0.830125930000
  H9          0.733628590000       0.237568340000       0.592081430000
  C10         3.105082811872       0.831282379653      -0.859343069423
  H11         3.030795811872       1.835695379653      -0.428316069423
  H12         2.319971811872       0.702579379653      -1.607781069423
  S13         2.988466811872      -0.466017620347       0.439892930577
  H14         4.081719811872       0.722544379653      -1.341704069423
 }
 
 
 basis=avdz
 
                                                                                 ! Complex
 set,charge=0
 
 hf
 e_rhf_c = energy*tokcal
 ccsd(t)
 e_corr_c = energy*tokcal
 e_c = e_corr_c - e_rhf_c
 
 
                                                                                 ! Monomer 1
 set,charge=1
 dummy,C10,H11,H12,S13,H14
 
 hf
 e_rhf_a = energy*tokcal
 ccsd(t)
 e_corr_a = energy*tokcal
 e_a = e_corr_a - e_rhf_a
 
 
                                                                                 ! Monomer 2
 set,charge=-1
 dummy,N0,N1,C2,C3,H4,C5,H6,H7,H8,H9
 
 hf
 e_rhf_b = energy*tokcal
 ccsd(t)
 e_corr_b = energy*tokcal
 e_b = e_corr_b - e_rhf_b
 
 
 e_rhf_cp = e_rhf_c - (e_rhf_a + e_rhf_b)
 e_corr_cp = e_c - (e_a + e_b)

 Variables initialized (782), CPU time= 0.01 sec
 Commands  initialized (547), CPU time= 0.01 sec, 517 directives.
 Default parameters read. Elapsed time= 0.12 sec

 Checking input...
 Passed
1


                                         ***  PROGRAM SYSTEM MOLPRO  ***
                         Copyright, University College Cardiff Consultants Limited, 2008

                                    Version 2012.1 linked Oct 11 2014 15:40:16


 **********************************************************************************************************************************
 LABEL *                                                                                 
 Linux-2.6.18-308.el5/compute-1-35.local(x86_64) 64 bit mpp version                      DATE: 12-Dec-14          TIME: 02:20:35  
 **********************************************************************************************************************************

 SHA1:             65e45729fe3f963b0eb97374e3bda9949063ef0f
 **********************************************************************************************************************************
 SETTING GEOMTYP        =    XYZ

 Variable memory set to  350000000 words,  buffer space   230000 words

 SETTING BASIS          =    AVDZ
 SETTING CHARGE         =         0.00000000                                  


 Recomputing integrals since basis changed


 Using spherical harmonics

 Library entry N      S aug-cc-pVDZ          selected for orbital group  1
 Library entry N      P aug-cc-pVDZ          selected for orbital group  1
 Library entry N      D aug-cc-pVDZ          selected for orbital group  1
 Library entry C      S aug-cc-pVDZ          selected for orbital group  2
 Library entry C      P aug-cc-pVDZ          selected for orbital group  2
 Library entry C      D aug-cc-pVDZ          selected for orbital group  2
 Library entry H      S aug-cc-pVDZ          selected for orbital group  3
 Library entry H      P aug-cc-pVDZ          selected for orbital group  3
 Library entry S      S aug-cc-pVDZ          selected for orbital group  8
 Library entry S      P aug-cc-pVDZ          selected for orbital group  8
 Library entry S      D aug-cc-pVDZ          selected for orbital group  8

1PROGRAM * SEWARD (Integral evaluation for generally contracted gaussian basis sets)     Author: Roland Lindh, 1990

 Geometry written to block  1 of record 700


 Point group  C1  



 ATOMIC COORDINATES

 NR  ATOM    CHARGE       X              Y              Z

   1  N0      7.00   -0.394119336    0.083015083    0.602085510
   2  N1      7.00   -3.798544109   -1.863128822   -0.875905202
   3  C2      6.00   -1.263722168   -2.026796112   -0.412916630
   4  C3      6.00   -4.584486876    0.513126199   -0.106431398
   5  H4      1.00   -4.903278006   -3.226991414   -1.669488132
   6  C5      6.00   -2.448981075    1.677822996    0.802232074
   7  H6      1.00   -0.155458264   -3.698075572   -0.850488385
   8  H7      1.00   -6.526282522    1.122585553   -0.287542750
   9  H8      1.00   -2.256162869    3.552733674    1.568710662
  10  H9      1.00    1.386357117    0.448939100    1.118871750
  11  C10     6.00    5.867756130    1.570896035   -1.623923054
  12  H11     1.00    5.727374045    3.468961528   -0.809400069
  13  H12     1.00    4.384111357    1.327682613   -3.038265900
  14  S13    16.00    5.647383827   -0.880645675    0.831277166
  15  H14     1.00    7.713332590    1.365410995   -2.535453241

 Bond lengths in Bohr (Angstrom)

  1- 3  2.497547139   1- 6  2.608817297   1-10  1.889726118   2- 3  2.581950362   2- 4  2.618469762
       ( 1.321645025)       ( 1.380526656)       ( 0.999999993)       ( 1.366309286)       ( 1.385634520)

 2-5  1.926222214  3-7  2.052533302  4-6  2.596646484  4-8  2.043235756  6-9  2.034688757
     ( 1.019312895)     ( 1.086153844)     ( 1.374086139)     ( 1.081233795)     ( 1.076710918)

 11-12  2.070219176  11-13  2.064151222  11-14  3.476582924  11-15  2.068638164
       ( 1.095512806)       ( 1.092301783)       ( 1.839728449)       ( 1.094676170)

 Bond angles

  1-3-2  111.17107112   1-3-7  125.90760457   1-6-4  110.28766710   1-6-9  121.16921863

  2-3-7  122.92086882   2-4-6  105.25010111   2-4-8  121.99826426   3-1-6  105.86304950

  3- 1-10  127.06847515   3- 2- 4  107.42788808   3- 2- 5  126.30256596   4- 2- 5  126.26194913

  4- 6- 9  128.54108940   6- 1-10  127.06847535   6- 4- 8  132.75045674  12-11-13  109.20063486

 12-11-14  111.36845179  12-11-15  108.96201772  13-11-14  110.80834239  13-11-15  109.12517017

 14-11-15  107.31910637

 NUCLEAR CHARGE:                   62
 NUMBER OF PRIMITIVE AOS:         362
 NUMBER OF SYMMETRY AOS:          348
 NUMBER OF CONTRACTIONS:          237   ( 237A   )
 NUMBER OF CORE ORBITALS:          11   (  11A   )
 NUMBER OF VALENCE ORBITALS:       36   (  36A   )


 NUCLEAR REPULSION ENERGY  332.41313659


 Eigenvalues of metric

         1 0.150E-04 0.484E-04 0.100E-03 0.194E-03 0.200E-03 0.265E-03 0.344E-03 0.409E-03


 Contracted 2-electron integrals neglected if value below      1.0D-12
 AO integral compression algorithm  1   Integral accuracy      1.0D-12

     1809.056 MB (compressed) written to integral file ( 51.7%)

     Node minimum: 137.888 MB, node maximum: 159.121 MB


 NUMBER OF SORTED TWO-ELECTRON INTEGRALS:   33149100.     BUFFER LENGTH:  32768
 NUMBER OF SEGMENTS:   3  SEGMENT LENGTH:   15990336      RECORD LENGTH: 524288

 Memory used in sort:      16.55 MW

 SORT1 READ   437310834. AND WROTE    31313161. INTEGRALS IN     92 RECORDS. CPU TIME:    12.48 SEC, REAL TIME:    14.70 SEC
 SORT2 READ   377008752. AND WROTE   397718706. INTEGRALS IN   7284 RECORDS. CPU TIME:    23.05 SEC, REAL TIME:    38.50 SEC

 Node minimum:    33130300.  Node maximum:    33156153. integrals

 OPERATOR DM      FOR CENTER  0  COORDINATES:    0.000000    0.000000    0.000000


 **********************************************************************************************************************************
 DATASETS  * FILE   NREC   LENGTH (MB)   RECORD NAMES
              1      18        9.87       500      610      700      900      950      970     1000      129      960     1100   
                                          VAR    BASINP    GEOM    SYMINP    ZMAT    AOBASIS   BASIS     P2S    ABASIS      S 
                                         1400     1410     1200     1210     1080     1600     1650     1700   
                                           T        V       H0       H01     AOSYM     SMH    MOLCAS    OPER   

 PROGRAMS   *        TOTAL       INT
 CPU TIMES  *        39.05     38.90
 REAL TIME  *        58.26 SEC
 DISK USED  *         6.33 GB      
 GA USED    *         0.01 MB       (max)       0.00 MB       (current)
 **********************************************************************************************************************************

1PROGRAM * RHF-SCF (CLOSED SHELL)       Authors: W. Meyer, H.-J. Werner


 NUMBER OF ELECTRONS:      31+   31-    SPACE SYMMETRY=1    SPIN SYMMETRY: Singlet 
 CONVERGENCE THRESHOLDS:    1.00E-05 (Density)    1.24E-07 (Energy)
 MAX. NUMBER OF ITERATIONS:       60
 INTERPOLATION TYPE:            DIIS
 INTERPOLATION STEPS:              2 (START)      1 (STEP)
 LEVEL SHIFTS:                  0.00 (CLOSED)  0.00 (OPEN) 



 Orbital guess generated from atomic densities. Full valence occupancy:   47

 Molecular orbital dump at record        2100.2

 ITERATION    DDIFF          GRAD             ENERGY        2-EL.EN.            DIPOLE MOMENTS         DIIS   ORB.
    1      0.000D+00      0.000D+00      -662.40147460   1146.369889   -7.10714   -0.13444   -1.52555    0    start
    2      0.000D+00      0.345D-02      -662.50451609   1144.161745   -6.12408    0.03683   -0.80264    1    diag
    3      0.872D-02      0.152D-02      -662.52027583   1144.664754   -6.13733   -0.06113   -1.02793    2    diag
    4      0.303D-02      0.398D-03      -662.52206906   1144.871055   -6.07038    0.01866   -0.99962    3    diag
    5      0.920D-03      0.114D-03      -662.52224220   1144.712937   -6.04562   -0.01273   -1.00492    4    diag
    6      0.298D-03      0.441D-04      -662.52228396   1144.732809   -6.03565   -0.00520   -1.00256    5    diag
    7      0.138D-03      0.198D-04      -662.52229386   1144.741564   -6.03430   -0.00934   -1.00420    6    diag
    8      0.700D-04      0.945D-05      -662.52229557   1144.734051   -6.03145   -0.00979   -1.00343    7    diag
    9      0.271D-04      0.298D-05      -662.52229579   1144.735444   -6.03161   -0.01020   -1.00341    8    diag
   10      0.109D-04      0.751D-06      -662.52229580   1144.736348   -6.03165   -0.01028   -1.00336    9    orth
   11      0.316D-05      0.320D-06      -662.52229580   1144.735814   -6.03172   -0.01023   -1.00336    0    orth

 Final occupancy:  31

 !RHF STATE 1.1 Energy               -662.522295801756
 Nuclear energy                       332.41313659
 One-electron energy                -1567.30333930
 Two-electron energy                  572.36790690
 Virial quotient                       -1.00089844
 !RHF STATE 1.1 Dipole moment          -6.03172325    -0.01022804    -1.00336146
 Dipole moment /Debye                 -15.33010719    -0.02599537    -2.55012341

 Orbital energies:

         1.1          2.1          3.1          4.1          5.1          6.1          7.1          8.1          9.1         10.1
    -91.806407   -15.724263   -15.701057   -11.418780   -11.355483   -11.348408   -11.184527    -8.806364    -6.488843    -6.486219

        11.1         12.1         13.1         14.1         15.1         16.1         17.1         18.1         19.1         20.1
     -6.485914    -1.449911    -1.296277    -1.104340    -0.959992    -0.918210    -0.906844    -0.849738    -0.769881    -0.716723

        21.1         22.1         23.1         24.1         25.1         26.1         27.1         28.1         29.1         30.1
     -0.696881    -0.687330    -0.679355    -0.667668    -0.525235    -0.506673    -0.504275    -0.409045    -0.366040    -0.236510

        31.1         32.1         33.1
     -0.226570    -0.002597     0.018390

 HOMO     31.1    -0.226570 =      -6.1653eV
 LUMO     32.1    -0.002597 =      -0.0707eV
 LUMO-HOMO         0.223972 =       6.0946eV


 **********************************************************************************************************************************
 DATASETS  * FILE   NREC   LENGTH (MB)   RECORD NAMES
              1      18        9.87       500      610      700      900      950      970     1000      129      960     1100   
                                          VAR    BASINP    GEOM    SYMINP    ZMAT    AOBASIS   BASIS     P2S    ABASIS      S 
                                         1400     1410     1200     1210     1080     1600     1650     1700   
                                           T        V       H0       H01     AOSYM     SMH    MOLCAS    OPER   

              2       4        1.69       700     1000      520     2100   
                                         GEOM     BASIS   MCVARS     RHF  

 PROGRAMS   *        TOTAL        HF       INT
 CPU TIMES  *        45.77      6.73     38.90
 REAL TIME  *        65.63 SEC
 DISK USED  *         6.52 GB      
 SF USED    *         0.23 MB      
 GA USED    *         0.01 MB       (max)       0.00 MB       (current)
 **********************************************************************************************************************************
 SETTING E_RHF_C        =    ***************  KCAL/MOL                        


1PROGRAM * CCSD (Closed-shell coupled cluster)     Authors: C. Hampel, H.-J. Werner, 1991, M. Deegan, P.J. Knowles, 1992


 Convergence thresholds:  THRVAR = 1.00D-08  THRDEN = 1.24D-06

 CCSD(T)     terms to be evaluated (factor= 1.000)


 Number of core orbitals:          11 (  11 )
 Number of closed-shell orbitals:  20 (  20 )
 Number of external orbitals:     206 ( 206 )

 Molecular orbitals read from record     2100.2  Type=RHF/CANONICAL (state 1.1)

 Number of N-1 electron functions:              20
 Number of N-2 electron functions:             210
 Number of singly external CSFs:              4120
 Number of doubly external CSFs:           8489260
 Total number of CSFs:                     8493381

 Length of J-op  integral file:               0.00 MB
 Length of K-op  integral file:               3.86 MB
 Length of 3-ext integral record:             0.00 MB

 Memory could be reduced to 217.70 Mwords without degradation in triples

 Integral transformation finished. Total CPU:  52.95 sec, npass=  1  Memory used: 160.68 MW

 Reference energy:                   -662.52229580

 MP2 singlet pair energy:              -0.64976799
 MP2 triplet pair energy:              -0.40993366
 MP2 correlation energy:               -1.05970164
 MP2 total energy:                   -663.58199745

 SCS-MP2 correlation energy:           -1.03479142   (PS=  1.200000  PT=  0.333333)
 SCS-MP2 total energy:               -663.55708722

 ITER.      SQ.NORM     CORR.ENERGY   TOTAL ENERGY   ENERGY CHANGE        DEN1      VAR(S)    VAR(P)  DIIS     TIME
   1      1.40860515    -1.10790313  -663.63019893    -0.04820148    -0.01829928  0.59D-02  0.74D-02  1  1    79.88
   2      1.44039359    -1.11328611  -663.63558192    -0.00538299    -0.02858057  0.13D-03  0.10D-02  2  2   105.16
   3      1.45166950    -1.11346877  -663.63576457    -0.00018266    -0.00524448  0.13D-03  0.58D-04  3  3   130.61
   4      1.45600774    -1.11350673  -663.63580253    -0.00003796    -0.00126636  0.17D-04  0.89D-05  4  4   156.03
   5      1.45770467    -1.11351889  -663.63581469    -0.00001216    -0.00031105  0.61D-05  0.11D-05  5  5   181.89
   6      1.45833713    -1.11349849  -663.63579429     0.00002039    -0.00006582  0.13D-05  0.33D-06  6  6   207.54
   7      1.45859576    -1.11349149  -663.63578729     0.00000700    -0.00001466  0.36D-06  0.11D-06  6  2   233.43
   8      1.45872026    -1.11348903  -663.63578483     0.00000246    -0.00000838  0.95D-07  0.23D-07  6  1   259.50
   9      1.45876996    -1.11348855  -663.63578435     0.00000048     0.00000197  0.20D-07  0.46D-08  6  3   285.21
  10      1.45878518    -1.11348852  -663.63578432     0.00000003    -0.00000081  0.68D-08  0.12D-08  6  4   310.93

 Norm of t1 vector:      0.12168161      S-energy:     0.00000179      T1 diagnostic:  0.01360442
                                                                       D1 diagnostic:  0.05174365


 Total CPU time for triples:    544.20 sec


 RESULTS
 =======

  Reference energy                   -662.522295801758
  CCSD singlet pair energy             -0.744617053945
  CCSD triplet pair energy             -0.368873258495
  CCSD correlation energy              -1.113488521919

  Triples (T) contribution             -0.046833721427
  Total correlation energy             -1.160322243346

  CCSD total energy                  -663.635784323677
  CCSD[T] energy                     -663.684080408984
  CCSD-T energy                      -663.682025430517
 !CCSD(T) total energy               -663.682618045104

 Timing summary (sec):

 STEP                 CPU(USER)    SYS     CPU(TOT)    WALL
 Transformation         53.50      5.38     58.88     62.89
 CCSD iterations       257.50      8.23    265.73    317.24
 Triples               544.20      3.25    547.45    550.02

 Program statistics:

 Available memory in ccsd:               349998300
 Min. memory needed in ccsd:              20613132
 Max. memory used in ccsd:                28448692
 Max. memory used in cckext:              24282461 (10 integral passes)



 **********************************************************************************************************************************
 DATASETS  * FILE   NREC   LENGTH (MB)   RECORD NAMES
              1      19      855.26       500      610      700      900      950      970     1000      129      960     1100   
                                          VAR    BASINP    GEOM    SYMINP    ZMAT    AOBASIS   BASIS     P2S    ABASIS      S 
                                         1400     1410     1200     1210     1080     1600     1650     1700     1380   
                                           T        V       H0       H01     AOSYM     SMH    MOLCAS    OPER     JKOP   

              2       4        1.69       700     1000      520     2100   
                                         GEOM     BASIS   MCVARS     RHF  

 PROGRAMS   *        TOTAL   CCSD(T)        HF       INT
 CPU TIMES  *       901.02    855.25      6.73     38.90
 REAL TIME  *       996.29 SEC
 DISK USED  *         8.22 GB      
 SF USED    *         1.63 GB      
 GA USED    *         0.01 MB       (max)       0.00 MB       (current)
 **********************************************************************************************************************************
 SETTING E_CORR_C       =    ***************  KCAL/MOL                        
 SETTING E_C            =      -728.11334679  KCAL/MOL                        
 SETTING CHARGE         =         1.00000000                                  

 Dummy atoms: C10  H11  H12  S13  H14


 Recomputing one-electron integrals since nuclear charges changed

1PROGRAM * SEWARD (Integral evaluation for generally contracted gaussian basis sets)     Author: Roland Lindh, 1990

 Geometry written to block  1 of record 700


 Point group  C1  



 ATOMIC COORDINATES

 NR  ATOM    CHARGE       X              Y              Z

   1  N0      7.00   -0.394119336    0.083015083    0.602085510
   2  N1      7.00   -3.798544109   -1.863128822   -0.875905202
   3  C2      6.00   -1.263722168   -2.026796112   -0.412916630
   4  C3      6.00   -4.584486876    0.513126199   -0.106431398
   5  H4      1.00   -4.903278006   -3.226991414   -1.669488132
   6  C5      6.00   -2.448981075    1.677822996    0.802232074
   7  H6      1.00   -0.155458264   -3.698075572   -0.850488385
   8  H7      1.00   -6.526282522    1.122585553   -0.287542750
   9  H8      1.00   -2.256162869    3.552733674    1.568710662
  10  H9      1.00    1.386357117    0.448939100    1.118871750
  11  C10     0.00    5.867756130    1.570896035   -1.623923054
  12  H11     0.00    5.727374045    3.468961528   -0.809400069
  13  H12     0.00    4.384111357    1.327682613   -3.038265900
  14  S13     0.00    5.647383827   -0.880645675    0.831277166
  15  H14     0.00    7.713332590    1.365410995   -2.535453241

 Bond lengths in Bohr (Angstrom)

  1- 3  2.497547139   1- 6  2.608817297   1-10  1.889726118   2- 3  2.581950362   2- 4  2.618469762
       ( 1.321645025)       ( 1.380526656)       ( 0.999999993)       ( 1.366309286)       ( 1.385634520)

 2-5  1.926222214  3-7  2.052533302  4-6  2.596646484  4-8  2.043235756  6-9  2.034688757
     ( 1.019312895)     ( 1.086153844)     ( 1.374086139)     ( 1.081233795)     ( 1.076710918)

 11-12  2.070219176  11-13  2.064151222  11-14  3.476582924  11-15  2.068638164
       ( 1.095512806)       ( 1.092301783)       ( 1.839728449)       ( 1.094676170)

 Bond angles

  1-3-2  111.17107112   1-3-7  125.90760457   1-6-4  110.28766710   1-6-9  121.16921863

  2-3-7  122.92086882   2-4-6  105.25010111   2-4-8  121.99826426   3-1-6  105.86304950

  3- 1-10  127.06847515   3- 2- 4  107.42788808   3- 2- 5  126.30256596   4- 2- 5  126.26194913

  4- 6- 9  128.54108940   6- 1-10  127.06847535   6- 4- 8  132.75045674  12-11-13  109.20063486

 12-11-14  111.36845179  12-11-15  108.96201772  13-11-14  110.80834239  13-11-15  109.12517017

 14-11-15  107.31910637

 NUCLEAR CHARGE:                   37
 NUMBER OF PRIMITIVE AOS:         362
 NUMBER OF SYMMETRY AOS:          348
 NUMBER OF CONTRACTIONS:          237   ( 237A   )
 NUMBER OF CORE ORBITALS:           5   (   5A   )
 NUMBER OF VALENCE ORBITALS:       25   (  25A   )

 MOLECULE CHANGED: INITIALIZING OCCUPATION AND DUMP RECORDS


 NUCLEAR REPULSION ENERGY  172.15847751


 Eigenvalues of metric

         1 0.150E-04 0.484E-04 0.100E-03 0.194E-03 0.200E-03 0.265E-03 0.344E-03 0.409E-03


 Contracted 2-electron integrals neglected if value below      1.0D-12

 OPERATOR DM      FOR CENTER  0  COORDINATES:    0.000000    0.000000    0.000000


 **********************************************************************************************************************************
 DATASETS  * FILE   NREC   LENGTH (MB)   RECORD NAMES
              1      18        9.87       500      610      700      900      950      970     1000      129      960     1100   
                                          VAR    BASINP    GEOM    SYMINP    ZMAT    AOBASIS   BASIS     P2S    ABASIS      S 
                                         1400     1410     1200     1210     1080     1600     1650     1700   
                                           T        V       H0       H01     AOSYM     SMH    MOLCAS    OPER   

              2       4        1.69       700     1000      520     2100   
                                         GEOM     BASIS   MCVARS     RHF  

 PROGRAMS   *        TOTAL       INT   CCSD(T)        HF       INT
 CPU TIMES  *       901.22      0.19    855.25      6.73     38.90
 REAL TIME  *       997.28 SEC
 DISK USED  *        17.47 GB      
 SF USED    *         1.63 GB      
 GA USED    *         0.01 MB       (max)       0.00 MB       (current)
 **********************************************************************************************************************************

1PROGRAM * RHF-SCF (CLOSED SHELL)       Authors: W. Meyer, H.-J. Werner


 NUMBER OF ELECTRONS:      18+   18-    SPACE SYMMETRY=1    SPIN SYMMETRY: Singlet 
 CONVERGENCE THRESHOLDS:    1.00E-05 (Density)    1.00E-07 (Energy)
 MAX. NUMBER OF ITERATIONS:       60
 INTERPOLATION TYPE:            DIIS
 INTERPOLATION STEPS:              2 (START)      1 (STEP)
 LEVEL SHIFTS:                  0.00 (CLOSED)  0.00 (OPEN) 



 Orbital guess generated from atomic densities. Full valence occupancy:   30

 Molecular orbital dump at record        2101.2

 ITERATION    DDIFF          GRAD             ENERGY        2-EL.EN.            DIPOLE MOMENTS         DIIS   ORB.
    1      0.000D+00      0.000D+00      -225.14815106    474.334564   -1.74086   -1.36999   -0.26788    0    start
    2      0.000D+00      0.354D-02      -225.20867355    479.702497   -2.24954   -0.67501   -0.10136    1    diag
    3      0.574D-02      0.159D-02      -225.21803549    478.093737   -2.05550   -0.92988   -0.16119    2    diag
    4      0.224D-02      0.468D-03      -225.21930751    478.355557   -2.10224   -0.87085   -0.14801    3    diag
    5      0.718D-03      0.889D-04      -225.21940230    478.440519   -2.09092   -0.88200   -0.15007    4    diag
    6      0.173D-03      0.472D-04      -225.21942976    478.412135   -2.09234   -0.88241   -0.15053    5    diag
    7      0.786D-04      0.199D-04      -225.21943878    478.420634   -2.08786   -0.88649   -0.15122    6    diag
    8      0.599D-04      0.769D-05      -225.21943950    478.421068   -2.08796   -0.88764   -0.15169    7    diag
    9      0.200D-04      0.229D-05      -225.21943953    478.420444   -2.08751   -0.88761   -0.15158    8    diag
   10      0.345D-05      0.517D-06      -225.21943953    478.420533   -2.08761   -0.88767   -0.15163    0    orth

 Final occupancy:  18

 !RHF STATE 1.1 Energy               -225.219439531382
 Nuclear energy                       172.15847751
 One-electron energy                 -636.58818354
 Two-electron energy                  239.21026650
 Virial quotient                       -1.00204453
 !RHF STATE 1.1 Dipole moment          -2.08760840    -0.88767243    -0.15162775
 Dipole moment /Debye                  -5.30582376    -2.25609050    -0.38537405

 Orbital energies:

         1.1          2.1          3.1          4.1          5.1          6.1          7.1          8.1          9.1         10.1
    -15.864662   -15.859013   -11.565048   -11.485991   -11.481129    -1.593916    -1.441080    -1.241344    -1.107206    -1.046563

        11.1         12.1         13.1         14.1         15.1         16.1         17.1         18.1         19.1         20.1
     -0.989018    -0.917732    -0.839079    -0.825885    -0.815943    -0.800067    -0.668956    -0.541192    -0.097083    -0.080802

 HOMO     18.1    -0.541192 =     -14.7266eV
 LUMO     19.1    -0.097083 =      -2.6418eV
 LUMO-HOMO         0.444109 =      12.0848eV


 **********************************************************************************************************************************
 DATASETS  * FILE   NREC   LENGTH (MB)   RECORD NAMES
              1      18        9.87       500      610      700      900      950      970     1000      129      960     1100   
                                          VAR    BASINP    GEOM    SYMINP    ZMAT    AOBASIS   BASIS     P2S    ABASIS      S 
                                         1400     1410     1200     1210     1080     1600     1650     1700   
                                           T        V       H0       H01     AOSYM     SMH    MOLCAS    OPER   

              2       5        3.98       700     1000      520     2100     2101   
                                         GEOM     BASIS   MCVARS     RHF      RHF  

 PROGRAMS   *        TOTAL        HF       INT   CCSD(T)        HF       INT
 CPU TIMES  *       906.96      5.74      0.19    855.25      6.73     38.90
 REAL TIME  *      1006.37 SEC
 DISK USED  *        17.47 GB      
 SF USED    *         1.63 GB      
 GA USED    *         0.01 MB       (max)       0.00 MB       (current)
 **********************************************************************************************************************************
 SETTING E_RHF_A        =    ***************  KCAL/MOL                        


1PROGRAM * CCSD (Closed-shell coupled cluster)     Authors: C. Hampel, H.-J. Werner, 1991, M. Deegan, P.J. Knowles, 1992


 Convergence thresholds:  THRVAR = 1.00D-08  THRDEN = 1.00D-06

 CCSD(T)     terms to be evaluated (factor= 1.000)


 Number of core orbitals:           5 (   5 )
 Number of closed-shell orbitals:  13 (  13 )
 Number of external orbitals:     219 ( 219 )

 Molecular orbitals read from record     2101.2  Type=RHF/CANONICAL (state 1.1)

 Number of N-1 electron functions:              13
 Number of N-2 electron functions:              91
 Number of singly external CSFs:              2847
 Number of doubly external CSFs:           4054128
 Total number of CSFs:                     4056976

 Length of J-op  integral file:               0.00 MB
 Length of K-op  integral file:               3.86 MB
 Length of 3-ext integral record:             0.00 MB

 Memory could be reduced to 173.51 Mwords without degradation in triples

 Integral transformation finished. Total CPU:  33.94 sec, npass=  1  Memory used: 103.26 MW

 Reference energy:                   -225.21943953

 MP2 singlet pair energy:              -0.44868401
 MP2 triplet pair energy:              -0.29236492
 MP2 correlation energy:               -0.74104893
 MP2 total energy:                   -225.96048846

 SCS-MP2 correlation energy:           -0.72033677   (PS=  1.200000  PT=  0.333333)
 SCS-MP2 total energy:               -225.93977630

 ITER.      SQ.NORM     CORR.ENERGY   TOTAL ENERGY   ENERGY CHANGE        DEN1      VAR(S)    VAR(P)  DIIS     TIME
   1      1.25702315    -0.76424087  -225.98368040    -0.02319194    -0.00289224  0.39D-02  0.51D-02  1  1    44.80
   2      1.27683150    -0.76765124  -225.98709077    -0.00341037    -0.01907388  0.76D-04  0.69D-03  2  2    56.82
   3      1.28418991    -0.76781246  -225.98725199    -0.00016123    -0.00364718  0.80D-04  0.40D-04  3  3    68.00
   4      1.28704486    -0.76784263  -225.98728216    -0.00003016    -0.00091277  0.83D-05  0.58D-05  4  4    79.23
   5      1.28811306    -0.76785908  -225.98729861    -0.00001645    -0.00021987  0.29D-05  0.52D-06  5  5    90.45
   6      1.28844954    -0.76784383  -225.98728336     0.00001525    -0.00003689  0.42D-06  0.14D-06  6  6   101.18
   7      1.28857624    -0.76784001  -225.98727954     0.00000381    -0.00000561  0.90D-07  0.25D-07  6  2   111.77
   8      1.28862166    -0.76783885  -225.98727838     0.00000116    -0.00000247  0.63D-08  0.38D-08  6  1   122.38
   9      1.28863410    -0.76783840  -225.98727793     0.00000045    -0.00000051  0.62D-09  0.42D-09  6  3   132.97
  10      1.28863106    -0.76783881  -225.98727834    -0.00000040     0.00000149  0.12D-09  0.41D-10  6  5   143.50

 Norm of t1 vector:      0.09521306      S-energy:     0.00000011      T1 diagnostic:  0.01320368
                                                                       D1 diagnostic:  0.05223909


 Total CPU time for triples:    192.53 sec


 RESULTS
 =======

  Reference energy                   -225.219439531379
  CCSD singlet pair energy             -0.508447041941
  CCSD triplet pair energy             -0.259391871961
  CCSD correlation energy              -0.767838805626

  Triples (T) contribution             -0.033229407928
  Total correlation energy             -0.801068213554

  CCSD total energy                  -225.987278337005
  CCSD[T] energy                     -226.021504732232
  CCSD-T energy                      -226.020121984162
 !CCSD(T) total energy               -226.020507744933

 Timing summary (sec):

 STEP                 CPU(USER)    SYS     CPU(TOT)    WALL
 Transformation         34.08      2.45     36.53     37.02
 CCSD iterations       109.45      3.90    113.35    115.26
 Triples               192.53      1.25    193.78    193.78

 Program statistics:

 Available memory in ccsd:               349999224
 Min. memory needed in ccsd:              10383805
 Max. memory used in ccsd:                14020906
 Max. memory used in cckext:              10746218 (10 integral passes)



 **********************************************************************************************************************************
 DATASETS  * FILE   NREC   LENGTH (MB)   RECORD NAMES
              1      19      620.87       500      610      700      900      950      970     1000      129      960     1100   
                                          VAR    BASINP    GEOM    SYMINP    ZMAT    AOBASIS   BASIS     P2S    ABASIS      S 
                                         1400     1410     1200     1210     1080     1600     1650     1700     1380   
                                           T        V       H0       H01     AOSYM     SMH    MOLCAS    OPER     JKOP   

              2       5        3.98       700     1000      520     2100     2101   
                                         GEOM     BASIS   MCVARS     RHF      RHF  

 PROGRAMS   *        TOTAL   CCSD(T)        HF       INT   CCSD(T)        HF       INT
 CPU TIMES  *      1243.06    336.09      5.74      0.19    855.25      6.73     38.90
 REAL TIME  *      1352.72 SEC
 DISK USED  *        17.47 GB      
 SF USED    *         1.63 GB      
 GA USED    *         0.01 MB       (max)       0.00 MB       (current)
 **********************************************************************************************************************************
 SETTING E_CORR_A       =    ***************  KCAL/MOL                        
 SETTING E_A            =      -502.67799426  KCAL/MOL                        
 SETTING CHARGE         =        -1.00000000                                  

 Dummy atoms: N0  N1  C2  C3  H4  C5  H6  H7  H8  H9


 Recomputing one-electron integrals since nuclear charges changed

1PROGRAM * SEWARD (Integral evaluation for generally contracted gaussian basis sets)     Author: Roland Lindh, 1990

 Geometry written to block  1 of record 700


 Point group  C1  



 ATOMIC COORDINATES

 NR  ATOM    CHARGE       X              Y              Z

   1  N0      0.00   -0.394119336    0.083015083    0.602085510
   2  N1      0.00   -3.798544109   -1.863128822   -0.875905202
   3  C2      0.00   -1.263722168   -2.026796112   -0.412916630
   4  C3      0.00   -4.584486876    0.513126199   -0.106431398
   5  H4      0.00   -4.903278006   -3.226991414   -1.669488132
   6  C5      0.00   -2.448981075    1.677822996    0.802232074
   7  H6      0.00   -0.155458264   -3.698075572   -0.850488385
   8  H7      0.00   -6.526282522    1.122585553   -0.287542750
   9  H8      0.00   -2.256162869    3.552733674    1.568710662
  10  H9      0.00    1.386357117    0.448939100    1.118871750
  11  C10     6.00    5.867756130    1.570896035   -1.623923054
  12  H11     1.00    5.727374045    3.468961528   -0.809400069
  13  H12     1.00    4.384111357    1.327682613   -3.038265900
  14  S13    16.00    5.647383827   -0.880645675    0.831277166
  15  H14     1.00    7.713332590    1.365410995   -2.535453241

 Bond lengths in Bohr (Angstrom)

  1- 3  2.497547139   1- 6  2.608817297   1-10  1.889726118   2- 3  2.581950362   2- 4  2.618469762
       ( 1.321645025)       ( 1.380526656)       ( 0.999999993)       ( 1.366309286)       ( 1.385634520)

 2-5  1.926222214  3-7  2.052533302  4-6  2.596646484  4-8  2.043235756  6-9  2.034688757
     ( 1.019312895)     ( 1.086153844)     ( 1.374086139)     ( 1.081233795)     ( 1.076710918)

 11-12  2.070219176  11-13  2.064151222  11-14  3.476582924  11-15  2.068638164
       ( 1.095512806)       ( 1.092301783)       ( 1.839728449)       ( 1.094676170)

 Bond angles

  1-3-2  111.17107112   1-3-7  125.90760457   1-6-4  110.28766710   1-6-9  121.16921863

  2-3-7  122.92086882   2-4-6  105.25010111   2-4-8  121.99826426   3-1-6  105.86304950

  3- 1-10  127.06847515   3- 2- 4  107.42788808   3- 2- 5  126.30256596   4- 2- 5  126.26194913

  4- 6- 9  128.54108940   6- 1-10  127.06847535   6- 4- 8  132.75045674  12-11-13  109.20063486

 12-11-14  111.36845179  12-11-15  108.96201772  13-11-14  110.80834239  13-11-15  109.12517017

 14-11-15  107.31910637

 NUCLEAR CHARGE:                   25
 NUMBER OF PRIMITIVE AOS:         362
 NUMBER OF SYMMETRY AOS:          348
 NUMBER OF CONTRACTIONS:          237   ( 237A   )
 NUMBER OF CORE ORBITALS:           6   (   6A   )
 NUMBER OF VALENCE ORBITALS:       11   (  11A   )

 MOLECULE CHANGED: INITIALIZING OCCUPATION AND DUMP RECORDS


 NUCLEAR REPULSION ENERGY   47.62676028


 Eigenvalues of metric

         1 0.150E-04 0.484E-04 0.100E-03 0.194E-03 0.200E-03 0.265E-03 0.344E-03 0.409E-03


 Contracted 2-electron integrals neglected if value below      1.0D-12

 OPERATOR DM      FOR CENTER  0  COORDINATES:    0.000000    0.000000    0.000000


 **********************************************************************************************************************************
 DATASETS  * FILE   NREC   LENGTH (MB)   RECORD NAMES
              1      18        9.87       500      610      700      900      950      970     1000      129      960     1100   
                                          VAR    BASINP    GEOM    SYMINP    ZMAT    AOBASIS   BASIS     P2S    ABASIS      S 
                                         1400     1410     1200     1210     1080     1600     1650     1700   
                                           T        V       H0       H01     AOSYM     SMH    MOLCAS    OPER   

              2       5        3.98       700     1000      520     2100     2101   
                                         GEOM     BASIS   MCVARS     RHF      RHF  

 PROGRAMS   *        TOTAL       INT   CCSD(T)        HF       INT   CCSD(T)        HF       INT
 CPU TIMES  *      1243.17      0.10    336.09      5.74      0.19    855.25      6.73     38.90
 REAL TIME  *      1353.60 SEC
 DISK USED  *        17.47 GB      
 SF USED    *         1.63 GB      
 GA USED    *         0.01 MB       (max)       0.00 MB       (current)
 **********************************************************************************************************************************

1PROGRAM * RHF-SCF (CLOSED SHELL)       Authors: W. Meyer, H.-J. Werner


 NUMBER OF ELECTRONS:      13+   13-    SPACE SYMMETRY=1    SPIN SYMMETRY: Singlet 
 CONVERGENCE THRESHOLDS:    1.00E-05 (Density)    1.00E-07 (Energy)
 MAX. NUMBER OF ITERATIONS:       60
 INTERPOLATION TYPE:            DIIS
 INTERPOLATION STEPS:              2 (START)      1 (STEP)
 LEVEL SHIFTS:                  0.00 (CLOSED)  0.00 (OPEN) 



 Orbital guess generated from atomic densities. Full valence occupancy:   17

 Molecular orbital dump at record        2102.2

 ITERATION    DDIFF          GRAD             ENERGY        2-EL.EN.            DIPOLE MOMENTS         DIIS   ORB.
    1      0.000D+00      0.000D+00      -437.09222959    444.657109   -5.59904    1.29275   -1.25062    0    start
    2      0.000D+00      0.328D-02      -437.14396136    435.490880   -5.64393    0.78610   -0.74527    1    diag
    3      0.696D-02      0.151D-02      -437.15198353    438.086518   -5.63477    0.91743   -0.87583    2    diag
    4      0.230D-02      0.263D-03      -437.15261983    437.899928   -5.63228    0.92975   -0.88900    3    diag
    5      0.625D-03      0.617D-04      -437.15265877    437.897227   -5.63173    0.93311   -0.89229    4    diag
    6      0.204D-03      0.150D-04      -437.15266166    437.896899   -5.63112    0.93319   -0.89259    5    diag
    7      0.728D-04      0.519D-05      -437.15266189    437.894159   -5.63095    0.93349   -0.89291    6    diag
    8      0.255D-04      0.176D-05      -437.15266192    437.895128   -5.63090    0.93319   -0.89264    7    diag
    9      0.914D-05      0.460D-06      -437.15266192    437.895118   -5.63087    0.93314   -0.89260    0    orth

 Final occupancy:  13

 !RHF STATE 1.1 Energy               -437.152661922297
 Nuclear energy                        47.62676028
 One-electron energy                 -703.72698098
 Two-electron energy                  218.94755877
 Virial quotient                       -1.00021564
 !RHF STATE 1.1 Dipole moment          -5.63087438     0.93313909    -0.89260277
 Dipole moment /Debye                 -14.31131770     2.37164764    -2.26862135

 Orbital energies:

         1.1          2.1          3.1          4.1          5.1          6.1          7.1          8.1          9.1         10.1
    -91.664844   -11.054124    -8.663986    -6.346568    -6.343628    -6.343616    -0.782014    -0.576097    -0.375085    -0.374070

        11.1         12.1         13.1         14.1         15.1
     -0.227549    -0.082547    -0.081804     0.098086     0.120336

 HOMO     13.1    -0.081804 =      -2.2260eV
 LUMO     14.1     0.098086 =       2.6691eV
 LUMO-HOMO         0.179890 =       4.8951eV


 **********************************************************************************************************************************
 DATASETS  * FILE   NREC   LENGTH (MB)   RECORD NAMES
              1      18        9.87       500      610      700      900      950      970     1000      129      960     1100   
                                          VAR    BASINP    GEOM    SYMINP    ZMAT    AOBASIS   BASIS     P2S    ABASIS      S 
                                         1400     1410     1200     1210     1080     1600     1650     1700   
                                           T        V       H0       H01     AOSYM     SMH    MOLCAS    OPER   

              2       6        6.27       700     1000      520     2100     2101     2102   
                                         GEOM     BASIS   MCVARS     RHF      RHF      RHF  

 PROGRAMS   *        TOTAL        HF       INT   CCSD(T)        HF       INT   CCSD(T)        HF       INT
 CPU TIMES  *      1248.18      5.00      0.10    336.09      5.74      0.19    855.25      6.73     38.90
 REAL TIME  *      1359.30 SEC
 DISK USED  *        17.47 GB      
 SF USED    *         1.63 GB      
 GA USED    *         0.01 MB       (max)       0.00 MB       (current)
 **********************************************************************************************************************************
 SETTING E_RHF_B        =    ***************  KCAL/MOL                        


1PROGRAM * CCSD (Closed-shell coupled cluster)     Authors: C. Hampel, H.-J. Werner, 1991, M. Deegan, P.J. Knowles, 1992


 Convergence thresholds:  THRVAR = 1.00D-08  THRDEN = 1.00D-06

 CCSD(T)     terms to be evaluated (factor= 1.000)


 Number of core orbitals:           6 (   6 )
 Number of closed-shell orbitals:   7 (   7 )
 Number of external orbitals:     224 ( 224 )

 Molecular orbitals read from record     2102.2  Type=RHF/CANONICAL (state 1.1)

 Number of N-1 electron functions:               7
 Number of N-2 electron functions:              28
 Number of singly external CSFs:              1568
 Number of doubly external CSFs:           1230096
 Total number of CSFs:                     1231665

 Length of J-op  integral file:               0.00 MB
 Length of K-op  integral file:               3.86 MB
 Length of 3-ext integral record:             0.00 MB

 Memory could be reduced to 110.82 Mwords without degradation in triples

 Integral transformation finished. Total CPU:  17.51 sec, npass=  1  Memory used:  57.33 MW

 Reference energy:                   -437.15266192

 MP2 singlet pair energy:              -0.20014107
 MP2 triplet pair energy:              -0.11120300
 MP2 correlation energy:               -0.31134407
 MP2 total energy:                   -437.46400600

 SCS-MP2 correlation energy:           -0.30936226   (PS=  1.200000  PT=  0.333333)
 SCS-MP2 total energy:               -437.46202419

 ITER.      SQ.NORM     CORR.ENERGY   TOTAL ENERGY   ENERGY CHANGE        DEN1      VAR(S)    VAR(P)  DIIS     TIME
   1      1.15081339    -0.33816595  -437.49082788    -0.02682188    -0.01779655  0.14D-02  0.22D-02  1  1    20.62
   2      1.16306558    -0.34020922  -437.49287115    -0.00204327    -0.00953830  0.32D-04  0.22D-03  2  2    23.88
   3      1.16596817    -0.34027103  -437.49293296    -0.00006181    -0.00127003  0.18D-04  0.14D-04  3  3    27.16
   4      1.16696287    -0.34027506  -437.49293699    -0.00000403    -0.00024203  0.37D-05  0.15D-05  4  4    30.26
   5      1.16726480    -0.34026945  -437.49293137     0.00000562    -0.00005226  0.12D-05  0.28D-06  5  5    33.33
   6      1.16740518    -0.34026495  -437.49292687     0.00000449    -0.00001479  0.38D-06  0.70D-07  6  6    36.47
   7      1.16747036    -0.34026292  -437.49292484     0.00000203    -0.00000334  0.13D-06  0.21D-07  6  1    39.55
   8      1.16751030    -0.34026202  -437.49292395     0.00000090    -0.00000181  0.34D-07  0.63D-08  6  2    42.65
   9      1.16752796    -0.34026189  -437.49292381     0.00000014     0.00000081  0.79D-08  0.14D-08  6  3    45.79

 Norm of t1 vector:      0.06000681      S-energy:     0.00000006      T1 diagnostic:  0.01134022
                                                                       D1 diagnostic:  0.02286086


 Total CPU time for triples:     40.47 sec


 RESULTS
 =======

  Reference energy                   -437.152661922297
  CCSD singlet pair energy             -0.236686485178
  CCSD triplet pair energy             -0.103575458365
  CCSD correlation energy              -0.340261886420

  Triples (T) contribution             -0.012246803575
  Total correlation energy             -0.352508689995

  CCSD total energy                  -437.492923808717
  CCSD[T] energy                     -437.505503505220
  CCSD-T energy                      -437.505006133936
 !CCSD(T) total energy               -437.505170612292

 Timing summary (sec):

 STEP                 CPU(USER)    SYS     CPU(TOT)    WALL
 Transformation         17.55      1.18     18.73     20.47
 CCSD iterations        28.26      1.37     29.63     53.23
 Triples                40.47      0.23     40.70     40.71

 Program statistics:

 Available memory in ccsd:               349999704
 Min. memory needed in ccsd:               3914284
 Max. memory used in ccsd:                 4933869
 Max. memory used in cckext:               3581066 ( 9 integral passes)



 **********************************************************************************************************************************
 DATASETS  * FILE   NREC   LENGTH (MB)   RECORD NAMES
              1      19      345.78       500      610      700      900      950      970     1000      129      960     1100   
                                          VAR    BASINP    GEOM    SYMINP    ZMAT    AOBASIS   BASIS     P2S    ABASIS      S 
                                         1400     1410     1200     1210     1080     1600     1650     1700     1380   
                                           T        V       H0       H01     AOSYM     SMH    MOLCAS    OPER     JKOP   

              2       6        6.27       700     1000      520     2100     2101     2102   
                                         GEOM     BASIS   MCVARS     RHF      RHF      RHF  

 PROGRAMS   *        TOTAL   CCSD(T)        HF       INT   CCSD(T)        HF       INT   CCSD(T)        HF       INT
 CPU TIMES  *      1334.50     86.31      5.00      0.10    336.09      5.74      0.19    855.25      6.73     38.90
 REAL TIME  *      1473.87 SEC
 DISK USED  *        17.47 GB      
 SF USED    *         1.63 GB      
 GA USED    *         0.01 MB       (max)       0.00 MB       (current)
 **********************************************************************************************************************************
 SETTING E_CORR_B       =    ***************  KCAL/MOL                        
 SETTING E_B            =      -221.20258706  KCAL/MOL                        
 SETTING E_RHF_CP       =       -94.24839528  KCAL/MOL                        
 SETTING E_CORR_CP      =        -4.23276548  KCAL/MOL                        

        CCSD(T)         HF-SCF          CCSD(T)         HF-SCF          CCSD(T)         HF-SCF  
   -437.50517061   -437.15266192   -226.02050774   -225.21943953   -663.68261805   -662.52229580
 **********************************************************************************************************************************
 Variable memory released
