
 Primary working directories    : /scratch/1723530.phoenix.chem.wisc.edu
 Secondary working directories  : /scratch/1723530.phoenix.chem.wisc.edu
 Wavefunction directory         : /scratch/1723530.phoenix.chem.wisc.edu/
 Main file repository           : /scratch/1723530.phoenix.chem.wisc.edu/

 SHA1      : 65e45729fe3f963b0eb97374e3bda9949063ef0f
 NAME      : 2012.1.17
 ARCHNAME  : Linux/x86_64
 FC        : /opt/intel/composer_xe_2013.5.192/bin/intel64/ifort
 FCVERSION : 13.1.3
 BLASLIB   : -L/opt/intel/composer_xe_2013.5.192/mkl/lib/intel64 -lmkl_intel_ilp64 -lmkl_sequential -lmkl_core
 id        : cuichemwisc

 Nodes             nprocs
 compute-1-34.local   12
 ga_uses_ma=false, calling ma_init with nominal heap.
 GA-space will be limited to   8.0 MW (determined by -G option)

 Using customized tuning parameters: mindgm=1; mindgv=20; mindgc=4; mindgr=1; noblas=0; minvec=7
 default implementation of scratch files=sf  

 geomtyp=xyz
 geometry={
 15
  N0         -0.208558970000       0.043929690000       0.318609930000
  N1         -2.010102970000      -0.985925310000      -0.463509070000
  C2         -0.668732970000      -1.072534310000      -0.218506070000
  C3         -2.426005970000       0.271534690000      -0.056321070000
  H4         -2.594702970000      -1.707650310000      -0.883455070000
  C5         -1.295944970000       0.887865690000       0.424522930000
  H6         -0.082264970000      -1.956937310000      -0.450059070000
  H7         -3.453559970000       0.594046690000      -0.152161070000
  H8         -1.193909970000       1.880025690000       0.830125930000
  H9          0.733628590000       0.237568340000       0.592081430000
  C10         2.513603094064       0.810242810173      -0.861024465288
  H11         2.439316094064       1.814655810173      -0.429997465288
  H12         1.728492094064       0.681539810173      -1.609462465288
  S13         2.396987094064      -0.487057189827       0.438211534712
  H14         3.490240094064       0.701504810173      -1.343385465288
 }
 
 
 basis=avdz
 
                                                                                 ! Complex
 set,charge=0
 
 df-hf
 e_rhf_c = energy*tokcal
 df-mp2
 e_corr_c = energy*tokcal
 e_c = e_corr_c - e_rhf_c
 
 
                                                                                 ! Monomer 1
 set,charge=1
 dummy,C10,H11,H12,S13,H14
 
 df-hf
 e_rhf_a = energy*tokcal
 df-mp2
 e_corr_a = energy*tokcal
 e_a = e_corr_a - e_rhf_a
 
 
                                                                                 ! Monomer 2
 set,charge=-1
 dummy,N0,N1,C2,C3,H4,C5,H6,H7,H8,H9
 
 df-hf
 e_rhf_b = energy*tokcal
 df-mp2
 e_corr_b = energy*tokcal
 e_b = e_corr_b - e_rhf_b
 
 
 e_rhf_cp = e_rhf_c - (e_rhf_a + e_rhf_b)
 e_corr_cp = e_c - (e_a + e_b)

 Variables initialized (782), CPU time= 0.01 sec
 Commands  initialized (547), CPU time= 0.01 sec, 517 directives.
 Default parameters read. Elapsed time= 0.14 sec

 Checking input...
 Passed
1


                                         ***  PROGRAM SYSTEM MOLPRO  ***
                         Copyright, University College Cardiff Consultants Limited, 2008

                                    Version 2012.1 linked Oct 11 2014 15:40:16


 **********************************************************************************************************************************
 LABEL *                                                                                 
 Linux-2.6.18-308.el5/compute-1-34.local(x86_64) 64 bit mpp version                      DATE: 12-Dec-14          TIME: 02:44:50  
 **********************************************************************************************************************************

 SHA1:             65e45729fe3f963b0eb97374e3bda9949063ef0f
 **********************************************************************************************************************************
 SETTING GEOMTYP        =    XYZ

 Turning off symmetry in density fitting calculation
 To re-enable, use 'set,zsymel=auto'


 Variable memory set to  350000000 words,  buffer space   230000 words

 SETTING BASIS          =    AVDZ
 SETTING CHARGE         =         0.00000000                                  


 Recomputing integrals since basis changed


 Using spherical harmonics

 Library entry N      S aug-cc-pVDZ          selected for orbital group  1
 Library entry N      P aug-cc-pVDZ          selected for orbital group  1
 Library entry N      D aug-cc-pVDZ          selected for orbital group  1
 Library entry C      S aug-cc-pVDZ          selected for orbital group  2
 Library entry C      P aug-cc-pVDZ          selected for orbital group  2
 Library entry C      D aug-cc-pVDZ          selected for orbital group  2
 Library entry H      S aug-cc-pVDZ          selected for orbital group  3
 Library entry H      P aug-cc-pVDZ          selected for orbital group  3
 Library entry S      S aug-cc-pVDZ          selected for orbital group  8
 Library entry S      P aug-cc-pVDZ          selected for orbital group  8
 Library entry S      D aug-cc-pVDZ          selected for orbital group  8

1PROGRAM * SEWARD (Integral evaluation for generally contracted gaussian basis sets)     Author: Roland Lindh, 1990

 Geometry written to block  1 of record 700


 Point group  C1  



 ATOMIC COORDINATES

 NR  ATOM    CHARGE       X              Y              Z

   1  N0      7.00   -0.394119336    0.083015083    0.602085510
   2  N1      7.00   -3.798544109   -1.863128822   -0.875905202
   3  C2      6.00   -1.263722168   -2.026796112   -0.412916630
   4  C3      6.00   -4.584486876    0.513126199   -0.106431398
   5  H4      1.00   -4.903278006   -3.226991414   -1.669488132
   6  C5      6.00   -2.448981075    1.677822996    0.802232074
   7  H6      1.00   -0.155458264   -3.698075572   -0.850488385
   8  H7      1.00   -6.526282522    1.122585553   -0.287542750
   9  H8      1.00   -2.256162869    3.552733674    1.568710662
  10  H9      1.00    1.386357117    0.448939100    1.118871750
  11  C10     6.00    4.750021451    1.531137011   -1.627100432
  12  H11     1.00    4.609639366    3.429202504   -0.812577447
  13  H12     1.00    3.266376678    1.287923589   -3.041443278
  14  S13    16.00    4.529649148   -0.920404699    0.828099788
  15  H14     1.00    6.595597911    1.325651971   -2.538630618

 Bond lengths in Bohr (Angstrom)

  1- 3  2.497547139   1- 6  2.608817297   1-10  1.889726118   2- 3  2.581950362   2- 4  2.618469762
       ( 1.321645025)       ( 1.380526656)       ( 0.999999993)       ( 1.366309286)       ( 1.385634520)

 2-5  1.926222214  3-7  2.052533302  4-6  2.596646484  4-8  2.043235756  6-9  2.034688757
     ( 1.019312895)     ( 1.086153844)     ( 1.374086139)     ( 1.081233795)     ( 1.076710918)

 10-14  3.440920744  11-12  2.070219176  11-13  2.064151222  11-14  3.476582924  11-15  2.068638164
       ( 1.820856836)       ( 1.095512806)       ( 1.092301783)       ( 1.839728449)       ( 1.094676170)

 Bond angles

  1-3-2  111.17107112   1-3-7  125.90760457   1-6-4  110.28766710   1-6-9  121.16921863

  1-10-14  139.51021254   2- 3- 7  122.92086882   2- 4- 6  105.25010111   2- 4- 8  121.99826426

  3- 1- 6  105.86304950   3- 1-10  127.06847515   3- 2- 4  107.42788808   3- 2- 5  126.30256596

  4- 2- 5  126.26194913   4- 6- 9  128.54108940   6- 1-10  127.06847535   6- 4- 8  132.75045674

 10-14-11   80.61653082  12-11-13  109.20063486  12-11-14  111.36845179  12-11-15  108.96201772

 13-11-14  110.80834239  13-11-15  109.12517017  14-11-15  107.31910637

 NUCLEAR CHARGE:                   62
 NUMBER OF PRIMITIVE AOS:         362
 NUMBER OF SYMMETRY AOS:          348
 NUMBER OF CONTRACTIONS:          237   ( 237A   )
 NUMBER OF CORE ORBITALS:          11   (  11A   )
 NUMBER OF VALENCE ORBITALS:       36   (  36A   )


 NUCLEAR REPULSION ENERGY  350.15049204


 Eigenvalues of metric

         1 0.136E-04 0.470E-04 0.873E-04 0.170E-03 0.195E-03 0.248E-03 0.321E-03 0.331E-03


 OPERATOR DM      FOR CENTER  0  COORDINATES:    0.000000    0.000000    0.000000


 **********************************************************************************************************************************
 DATASETS  * FILE   NREC   LENGTH (MB)   RECORD NAMES
              1      18        9.87       500      610      700      900      950      970     1000      129      960     1100   
                                          VAR    BASINP    GEOM    SYMINP    ZMAT    AOBASIS   BASIS     P2S    ABASIS      S 
                                         1400     1410     1200     1210     1080     1600     1650     1700   
                                           T        V       H0       H01     AOSYM     SMH    MOLCAS    OPER   

 PROGRAMS   *        TOTAL       INT
 CPU TIMES  *         0.27      0.13
 REAL TIME  *         0.62 SEC
 DISK USED  *         0.00 MB      
 GA USED    *         0.01 MB       (max)       0.00 MB       (current)
 **********************************************************************************************************************************

1PROGRAM * RHF-SCF (CLOSED SHELL)       Authors: W. Meyer, H.-J. Werner


 NUMBER OF ELECTRONS:      31+   31-    SPACE SYMMETRY=1    SPIN SYMMETRY: Singlet 
 CONVERGENCE THRESHOLDS:    1.00E-05 (Density)    1.24E-07 (Energy)
 INTEGRAL THRESHOLDS:       1.00E-11 (Initial)    1.00E-11 (Final)
 MAX. NUMBER OF ITERATIONS:       60
 INTERPOLATION TYPE:            DIIS
 INTERPOLATION STEPS:              2 (START)      1 (STEP)
 LEVEL SHIFTS:                  0.00 (CLOSED)  0.00 (OPEN) 



 
 Basis set CC-PVDZ/JKFIT generated.      Number of basis functions:   716 
 
 Orbital guess generated from atomic densities. Full valence occupancy:   47
 Coulomb and exchange fitting
 Thresholds for fitting:       THRAO_COUL= 1.0D-14    THRAO_EXCH= 1.0D-12    THRMO= 1.0D-11    THRPROD= 1.0D-11    THRASM= 1.0D-11
                               THR2HLF=    1.0D-11

 Molecular orbital dump at record        2100.2

 ITERATION   DDIFF            GRAD            ENERGY        2-EL.EN.            DIPOLE MOMENTS         DIIS   CPU(IT)  CPU(TOT)  ORB.
    1      0.000D+00      0.000D+00      -662.40381786   1182.531787   -5.78853   -0.18171   -1.52616    0      1.5      4.1     start
    2      0.000D+00      0.332D-02      -662.49707178   1180.716909   -4.67040    0.04324   -0.74491    1      0.7      4.8     diag
    3      0.833D-02      0.142D-02      -662.51084317   1180.962044   -4.77516   -0.10016   -1.01025    2      0.3      5.1     diag
    4      0.283D-02      0.429D-03      -662.51265856   1181.183139   -4.71077    0.00299   -0.95771    3      0.6      5.7     diag
    5      0.921D-03      0.134D-03      -662.51285554   1181.065581   -4.70597   -0.03624   -0.96684    4      0.3      6.0     diag
    6      0.306D-03      0.493D-04      -662.51289955   1181.039025   -4.69535   -0.02987   -0.96291    5      0.3      6.2     diag
    7      0.151D-03      0.231D-04      -662.51291150   1181.064364   -4.69678   -0.03186   -0.96393    6      0.3      6.5     diag
    8      0.814D-04      0.983D-05      -662.51291389   1181.054033   -4.69472   -0.03366   -0.96349    7      0.3      6.8     diag
    9      0.385D-04      0.296D-05      -662.51291412   1181.054793   -4.69465   -0.03379   -0.96339    8      0.3      7.1     diag
   10      0.110D-04      0.882D-06      -662.51291414   1181.055840   -4.69459   -0.03392   -0.96335    9      0.3      7.4     orth
   11      0.373D-05      0.355D-06      -662.51291414   1181.055355   -4.69461   -0.03385   -0.96334    0      0.3      7.7     orth

 Final occupancy:  31

 !RHF STATE 1.1 Energy               -662.512914139131
 Nuclear energy                       350.15049204
 One-electron energy                -1603.19108382
 Two-electron energy                  590.52767764
 Virial quotient                       -1.00039101
 !RHF STATE 1.1 Dipole moment          -4.69461186    -0.03384713    -0.96333844
 Dipole moment /Debye                 -11.93173162    -0.08602518    -2.44840172

 Orbital energies:

         1.1          2.1          3.1          4.1          5.1          6.1          7.1          8.1          9.1         10.1
    -91.812397   -15.703178   -15.663045   -11.393242   -11.335211   -11.325619   -11.200559    -8.816533    -6.498710    -6.496540

        11.1         12.1         13.1         14.1         15.1         16.1         17.1         18.1         19.1         20.1
     -6.495828    -1.425930    -1.272766    -1.082947    -0.955317    -0.924941    -0.885346    -0.830093    -0.765403    -0.719582

        21.1         22.1         23.1         24.1         25.1         26.1         27.1         28.1         29.1         30.1
     -0.673944    -0.665753    -0.656420    -0.646616    -0.526347    -0.520926    -0.494809    -0.390518    -0.382797    -0.257692

        31.1         32.1         33.1
     -0.248855     0.004980     0.024793

 HOMO     31.1    -0.248855 =      -6.7717eV
 LUMO     32.1     0.004980 =       0.1355eV
 LUMO-HOMO         0.253835 =       6.9072eV


 **********************************************************************************************************************************
 DATASETS  * FILE   NREC   LENGTH (MB)   RECORD NAMES
              1      18        9.87       500      610      700      900      950      970     1000      129      960     1100   
                                          VAR    BASINP    GEOM    SYMINP    ZMAT    AOBASIS   BASIS     P2S    ABASIS      S 
                                         1400     1410     1200     1210     1080     1600     1650     1700   
                                           T        V       H0       H01     AOSYM     SMH    MOLCAS    OPER   

              2       4        1.92       700     1000      520     2100   
                                         GEOM     BASIS   MCVARS     RHF  

 PROGRAMS   *        TOTAL        HF       INT
 CPU TIMES  *         8.20      7.91      0.13
 REAL TIME  *        67.79 SEC
 DISK USED  *       191.12 MB      
 SF USED    *        46.91 MB      
 GA USED    *         3.20 MB       (max)       0.00 MB       (current)
 **********************************************************************************************************************************
 SETTING E_RHF_C        =    ***************  KCAL/MOL                        


1PROGRAM * MP2 (Closed-shell)     Authors: C. Hampel, H.-J. Werner, 1991, M. Deegan, P.J. Knowles, 1992

 Basis set AUG-CC-PVDZ/MP2FIT generated. Number of basis functions:   708 

 Convergence thresholds:  THRVAR = 1.00D-08  THRDEN = 1.24D-06

 Number of core orbitals:          11 (  11 )
 Number of closed-shell orbitals:  20 (  20 )
 Number of external orbitals:     206 ( 206 )

 Molecular orbitals read from record     2100.2  Type=RHF/CANONICAL (state 1.1)
 

 Entering DF-MP2

 Thresholds:    THRAO= 0.100D-09    THRMO= 0.100D-08    THROV= 0.100D-11

 Fitting basis: AUG-CC-PVDZ-MP2F
 Number of fitting functions:                 708
 Number of blocks in AO basis:                  6
 Minimum block size:                           32
 Maximum block size:                           77
 Average block size:                           40
 Number of groups in AO basis:                 74
 Number of shells in AO basis:                182

 Using large memory version DFMP2B. NIBTK= 1  NGPU= 0  IGPU= 0

 para=T  nprocs= 12  mpptyp=0  number of tasks=  24

 Minimum memory with paging:                  1.46 MW
 Minimum memory for incore assembly:          2.96 MW
 Maximum memory for incore algorithm:         4.29 MW
 Memory for 3-index integrals:                0.00 MW

 Disk space for H1-integrals:                27.53 MB (   480 records)
 
 CPU time for half transformed integrals      0.14 sec, elapsed time      0.15 sec
 CPU time for assembly                        0.10 sec, elapsed time      0.20 sec (7866.8 MFLOP/sec)
 Total CPU time                               0.67 sec, elapsed time      0.78 sec

 SCS-MP2 correlation energy:           -1.042714802464   (PS=  1.200000  PT=  0.333333)
 SCS-MP2 total energy:               -663.555628941594

 Norm of first-order wave function:     0.287006984215
 Coefficient of reference function:     0.881474083818

  Reference energy                   -662.512914139130
  MP2 singlet pair energy              -0.651952673290
  MP2 triplet pair energy              -0.418454348328
  MP2 correlation energy               -1.070407021618

 !MP2 total energy                   -663.583321160749


 **********************************************************************************************************************************
 DATASETS  * FILE   NREC   LENGTH (MB)   RECORD NAMES
              1      18        9.87       500      610      700      900      950      970     1000      129      960     1100   
                                          VAR    BASINP    GEOM    SYMINP    ZMAT    AOBASIS   BASIS     P2S    ABASIS      S 
                                         1400     1410     1200     1210     1080     1600     1650     1700   
                                           T        V       H0       H01     AOSYM     SMH    MOLCAS    OPER   

              2       4        1.92       700     1000      520     2100   
                                         GEOM     BASIS   MCVARS     RHF  

 PROGRAMS   *        TOTAL       MP2        HF       INT
 CPU TIMES  *         9.08      0.88      7.91      0.13
 REAL TIME  *        69.27 SEC
 DISK USED  *       191.12 MB      
 SF USED    *        46.91 MB      
 GA USED    *         3.20 MB       (max)       0.00 MB       (current)
 **********************************************************************************************************************************
 SETTING E_CORR_C       =    ***************  KCAL/MOL                        
 SETTING E_C            =      -671.69068197  KCAL/MOL                        
 SETTING CHARGE         =         1.00000000                                  

 Dummy atoms: C10  H11  H12  S13  H14


 Recomputing one-electron integrals since nuclear charges changed

1PROGRAM * SEWARD (Integral evaluation for generally contracted gaussian basis sets)     Author: Roland Lindh, 1990

 Geometry written to block  1 of record 700


 Point group  C1  



 ATOMIC COORDINATES

 NR  ATOM    CHARGE       X              Y              Z

   1  N0      7.00   -0.394119336    0.083015083    0.602085510
   2  N1      7.00   -3.798544109   -1.863128822   -0.875905202
   3  C2      6.00   -1.263722168   -2.026796112   -0.412916630
   4  C3      6.00   -4.584486876    0.513126199   -0.106431398
   5  H4      1.00   -4.903278006   -3.226991414   -1.669488132
   6  C5      6.00   -2.448981075    1.677822996    0.802232074
   7  H6      1.00   -0.155458264   -3.698075572   -0.850488385
   8  H7      1.00   -6.526282522    1.122585553   -0.287542750
   9  H8      1.00   -2.256162869    3.552733674    1.568710662
  10  H9      1.00    1.386357117    0.448939100    1.118871750
  11  C10     0.00    4.750021451    1.531137011   -1.627100432
  12  H11     0.00    4.609639366    3.429202504   -0.812577447
  13  H12     0.00    3.266376678    1.287923589   -3.041443278
  14  S13     0.00    4.529649148   -0.920404699    0.828099788
  15  H14     0.00    6.595597911    1.325651971   -2.538630618

 Bond lengths in Bohr (Angstrom)

  1- 3  2.497547139   1- 6  2.608817297   1-10  1.889726118   2- 3  2.581950362   2- 4  2.618469762
       ( 1.321645025)       ( 1.380526656)       ( 0.999999993)       ( 1.366309286)       ( 1.385634520)

 2-5  1.926222214  3-7  2.052533302  4-6  2.596646484  4-8  2.043235756  6-9  2.034688757
     ( 1.019312895)     ( 1.086153844)     ( 1.374086139)     ( 1.081233795)     ( 1.076710918)

 10-14  3.440920744  11-12  2.070219176  11-13  2.064151222  11-14  3.476582924  11-15  2.068638164
       ( 1.820856836)       ( 1.095512806)       ( 1.092301783)       ( 1.839728449)       ( 1.094676170)

 Bond angles

  1-3-2  111.17107112   1-3-7  125.90760457   1-6-4  110.28766710   1-6-9  121.16921863

  1-10-14  139.51021254   2- 3- 7  122.92086882   2- 4- 6  105.25010111   2- 4- 8  121.99826426

  3- 1- 6  105.86304950   3- 1-10  127.06847515   3- 2- 4  107.42788808   3- 2- 5  126.30256596

  4- 2- 5  126.26194913   4- 6- 9  128.54108940   6- 1-10  127.06847535   6- 4- 8  132.75045674

 10-14-11   80.61653082  12-11-13  109.20063486  12-11-14  111.36845179  12-11-15  108.96201772

 13-11-14  110.80834239  13-11-15  109.12517017  14-11-15  107.31910637

 NUCLEAR CHARGE:                   37
 NUMBER OF PRIMITIVE AOS:         362
 NUMBER OF SYMMETRY AOS:          348
 NUMBER OF CONTRACTIONS:          237   ( 237A   )
 NUMBER OF CORE ORBITALS:           5   (   5A   )
 NUMBER OF VALENCE ORBITALS:       25   (  25A   )

 MOLECULE CHANGED: INITIALIZING OCCUPATION AND DUMP RECORDS


 NUCLEAR REPULSION ENERGY  172.15847751


 Eigenvalues of metric

         1 0.136E-04 0.470E-04 0.873E-04 0.170E-03 0.195E-03 0.248E-03 0.321E-03 0.331E-03


 OPERATOR DM      FOR CENTER  0  COORDINATES:    0.000000    0.000000    0.000000


 **********************************************************************************************************************************
 DATASETS  * FILE   NREC   LENGTH (MB)   RECORD NAMES
              1      18        9.87       500      610      700      900      950      970     1000      129      960     1100   
                                          VAR    BASINP    GEOM    SYMINP    ZMAT    AOBASIS   BASIS     P2S    ABASIS      S 
                                         1400     1410     1200     1210     1080     1600     1650     1700   
                                           T        V       H0       H01     AOSYM     SMH    MOLCAS    OPER   

              2       4        1.92       700     1000      520     2100   
                                         GEOM     BASIS   MCVARS     RHF  

 PROGRAMS   *        TOTAL       INT       MP2        HF       INT
 CPU TIMES  *         9.32      0.24      0.88      7.91      0.13
 REAL TIME  *        71.02 SEC
 DISK USED  *       191.12 MB      
 SF USED    *        46.91 MB      
 GA USED    *         3.20 MB       (max)       0.00 MB       (current)
 **********************************************************************************************************************************

1PROGRAM * RHF-SCF (CLOSED SHELL)       Authors: W. Meyer, H.-J. Werner


 NUMBER OF ELECTRONS:      18+   18-    SPACE SYMMETRY=1    SPIN SYMMETRY: Singlet 
 CONVERGENCE THRESHOLDS:    1.00E-05 (Density)    1.00E-07 (Energy)
 INTEGRAL THRESHOLDS:       1.00E-11 (Initial)    1.00E-11 (Final)
 MAX. NUMBER OF ITERATIONS:       60
 INTERPOLATION TYPE:            DIIS
 INTERPOLATION STEPS:              2 (START)      1 (STEP)
 LEVEL SHIFTS:                  0.00 (CLOSED)  0.00 (OPEN) 



 
 Basis set CC-PVDZ/JKFIT generated.      Number of basis functions:   716 
 
 Orbital guess generated from atomic densities. Full valence occupancy:   30
 Coulomb and exchange fitting
 Thresholds for fitting:       THRAO_COUL= 1.0D-14    THRAO_EXCH= 1.0D-12    THRMO= 1.0D-11    THRPROD= 1.0D-11    THRASM= 1.0D-11
                               THR2HLF=    1.0D-11

 Molecular orbital dump at record        2101.2

 ITERATION   DDIFF            GRAD            ENERGY        2-EL.EN.            DIPOLE MOMENTS         DIIS   CPU(IT)  CPU(TOT)  ORB.
    1      0.000D+00      0.000D+00      -225.14785452    474.338593   -1.74071   -1.37037   -0.26808    0      0.8      9.8     start
    2      0.000D+00      0.354D-02      -225.20836370    479.699239   -2.24912   -0.67531   -0.10145    1      0.3     10.1     diag
    3      0.581D-02      0.159D-02      -225.21771948    478.093692   -2.05512   -0.93023   -0.16131    2      0.3     10.4     diag
    4      0.227D-02      0.469D-03      -225.21899273    478.355348   -2.10182   -0.87114   -0.14811    3      0.3     10.7     diag
    5      0.733D-03      0.888D-04      -225.21908758    478.440135   -2.09051   -0.88230   -0.15017    4      0.2     10.9     diag
    6      0.176D-03      0.472D-04      -225.21911505    478.411745   -2.09193   -0.88270   -0.15063    5      0.3     11.2     diag
    7      0.797D-04      0.199D-04      -225.21912408    478.420276   -2.08746   -0.88679   -0.15132    6      0.3     11.5     diag
    8      0.607D-04      0.769D-05      -225.21912480    478.420709   -2.08755   -0.88794   -0.15179    7      0.3     11.8     diag
    9      0.202D-04      0.229D-05      -225.21912483    478.420079   -2.08710   -0.88792   -0.15168    8      0.2     12.0     diag
   10      0.352D-05      0.518D-06      -225.21912483    478.420168   -2.08720   -0.88798   -0.15173    0      0.3     12.3     orth

 Final occupancy:  18

 !RHF STATE 1.1 Energy               -225.219124829745
 Nuclear energy                       172.15847751
 One-electron energy                 -636.58768634
 Two-electron energy                  239.21008400
 Virial quotient                       -1.00204551
 !RHF STATE 1.1 Dipole moment          -2.08719941    -0.88797831    -0.15172940
 Dipole moment /Debye                  -5.30478429    -2.25686791    -0.38563240

 Orbital energies:

         1.1          2.1          3.1          4.1          5.1          6.1          7.1          8.1          9.1         10.1
    -15.864690   -15.859087   -11.565096   -11.486044   -11.481187    -1.593924    -1.441069    -1.241333    -1.107176    -1.046527

        11.1         12.1         13.1         14.1         15.1         16.1         17.1         18.1         19.1         20.1
     -0.988996    -0.917710    -0.839012    -0.825860    -0.815934    -0.800054    -0.668908    -0.541153    -0.097064    -0.080780

 HOMO     18.1    -0.541153 =     -14.7255eV
 LUMO     19.1    -0.097064 =      -2.6413eV
 LUMO-HOMO         0.444089 =      12.0843eV


 **********************************************************************************************************************************
 DATASETS  * FILE   NREC   LENGTH (MB)   RECORD NAMES
              1      18        9.87       500      610      700      900      950      970     1000      129      960     1100   
                                          VAR    BASINP    GEOM    SYMINP    ZMAT    AOBASIS   BASIS     P2S    ABASIS      S 
                                         1400     1410     1200     1210     1080     1600     1650     1700   
                                           T        V       H0       H01     AOSYM     SMH    MOLCAS    OPER   

              2       5        4.21       700     1000      520     2100     2101   
                                         GEOM     BASIS   MCVARS     RHF      RHF  

 PROGRAMS   *        TOTAL        HF       INT       MP2        HF       INT
 CPU TIMES  *        21.70     12.37      0.24      0.88      7.91      0.13
 REAL TIME  *       157.25 SEC
 DISK USED  *       215.91 MB      
 SF USED    *        46.91 MB      
 GA USED    *         3.20 MB       (max)       0.00 MB       (current)
 **********************************************************************************************************************************
 SETTING E_RHF_A        =    ***************  KCAL/MOL                        


1PROGRAM * MP2 (Closed-shell)     Authors: C. Hampel, H.-J. Werner, 1991, M. Deegan, P.J. Knowles, 1992

 Basis set AUG-CC-PVDZ/MP2FIT generated. Number of basis functions:   708 

 Convergence thresholds:  THRVAR = 1.00D-08  THRDEN = 1.00D-06

 Number of core orbitals:           5 (   5 )
 Number of closed-shell orbitals:  13 (  13 )
 Number of external orbitals:     219 ( 219 )

 Molecular orbitals read from record     2101.2  Type=RHF/CANONICAL (state 1.1)
 

 Entering DF-MP2

 Thresholds:    THRAO= 0.100D-09    THRMO= 0.100D-08    THROV= 0.100D-11

 Fitting basis: AUG-CC-PVDZ-MP2F
 Number of fitting functions:                 708
 Number of blocks in AO basis:                  6
 Minimum block size:                           32
 Maximum block size:                           77
 Average block size:                           40
 Number of groups in AO basis:                 74
 Number of shells in AO basis:                182

 Using large memory version DFMP2B. NIBTK= 1  NGPU= 0  IGPU= 0

 para=T  nprocs= 12  mpptyp=0  number of tasks=  24

 Minimum memory with paging:                  1.47 MW
 Minimum memory for incore assembly:          2.06 MW
 Maximum memory for incore algorithm:         3.09 MW
 Memory for 3-index integrals:                0.00 MW

 Disk space for H1-integrals:                17.89 MB (   312 records)
 
 CPU time for half transformed integrals      0.12 sec, elapsed time      0.12 sec
 CPU time for assembly                        0.14 sec, elapsed time      0.17 sec (7327.8 MFLOP/sec)
 Total CPU time                               0.67 sec, elapsed time      0.72 sec

 SCS-MP2 correlation energy:           -0.720422749377   (PS=  1.200000  PT=  0.333333)
 SCS-MP2 total energy:               -225.939547579121

 Norm of first-order wave function:     0.185128307753
 Coefficient of reference function:     0.918580695305

  Reference energy                   -225.219124829745
  MP2 singlet pair energy              -0.448528514153
  MP2 triplet pair energy              -0.292802998488
  MP2 correlation energy               -0.741331512642

 !MP2 total energy                   -225.960456342386


 **********************************************************************************************************************************
 DATASETS  * FILE   NREC   LENGTH (MB)   RECORD NAMES
              1      18        9.87       500      610      700      900      950      970     1000      129      960     1100   
                                          VAR    BASINP    GEOM    SYMINP    ZMAT    AOBASIS   BASIS     P2S    ABASIS      S 
                                         1400     1410     1200     1210     1080     1600     1650     1700   
                                           T        V       H0       H01     AOSYM     SMH    MOLCAS    OPER   

              2       5        4.21       700     1000      520     2100     2101   
                                         GEOM     BASIS   MCVARS     RHF      RHF  

 PROGRAMS   *        TOTAL       MP2        HF       INT       MP2        HF       INT
 CPU TIMES  *        22.57      0.87     12.37      0.24      0.88      7.91      0.13
 REAL TIME  *       158.30 SEC
 DISK USED  *       215.91 MB      
 SF USED    *        49.23 MB      
 GA USED    *         3.20 MB       (max)       0.00 MB       (current)
 **********************************************************************************************************************************
 SETTING E_CORR_A       =    ***************  KCAL/MOL                        
 SETTING E_A            =      -465.19264096  KCAL/MOL                        
 SETTING CHARGE         =        -1.00000000                                  

 Dummy atoms: N0  N1  C2  C3  H4  C5  H6  H7  H8  H9


 Recomputing one-electron integrals since nuclear charges changed

1PROGRAM * SEWARD (Integral evaluation for generally contracted gaussian basis sets)     Author: Roland Lindh, 1990

 Geometry written to block  1 of record 700


 Point group  C1  



 ATOMIC COORDINATES

 NR  ATOM    CHARGE       X              Y              Z

   1  N0      0.00   -0.394119336    0.083015083    0.602085510
   2  N1      0.00   -3.798544109   -1.863128822   -0.875905202
   3  C2      0.00   -1.263722168   -2.026796112   -0.412916630
   4  C3      0.00   -4.584486876    0.513126199   -0.106431398
   5  H4      0.00   -4.903278006   -3.226991414   -1.669488132
   6  C5      0.00   -2.448981075    1.677822996    0.802232074
   7  H6      0.00   -0.155458264   -3.698075572   -0.850488385
   8  H7      0.00   -6.526282522    1.122585553   -0.287542750
   9  H8      0.00   -2.256162869    3.552733674    1.568710662
  10  H9      0.00    1.386357117    0.448939100    1.118871750
  11  C10     6.00    4.750021451    1.531137011   -1.627100432
  12  H11     1.00    4.609639366    3.429202504   -0.812577447
  13  H12     1.00    3.266376678    1.287923589   -3.041443278
  14  S13    16.00    4.529649148   -0.920404699    0.828099788
  15  H14     1.00    6.595597911    1.325651971   -2.538630618

 Bond lengths in Bohr (Angstrom)

  1- 3  2.497547139   1- 6  2.608817297   1-10  1.889726118   2- 3  2.581950362   2- 4  2.618469762
       ( 1.321645025)       ( 1.380526656)       ( 0.999999993)       ( 1.366309286)       ( 1.385634520)

 2-5  1.926222214  3-7  2.052533302  4-6  2.596646484  4-8  2.043235756  6-9  2.034688757
     ( 1.019312895)     ( 1.086153844)     ( 1.374086139)     ( 1.081233795)     ( 1.076710918)

 10-14  3.440920744  11-12  2.070219176  11-13  2.064151222  11-14  3.476582924  11-15  2.068638164
       ( 1.820856836)       ( 1.095512806)       ( 1.092301783)       ( 1.839728449)       ( 1.094676170)

 Bond angles

  1-3-2  111.17107112   1-3-7  125.90760457   1-6-4  110.28766710   1-6-9  121.16921863

  1-10-14  139.51021254   2- 3- 7  122.92086882   2- 4- 6  105.25010111   2- 4- 8  121.99826426

  3- 1- 6  105.86304950   3- 1-10  127.06847515   3- 2- 4  107.42788808   3- 2- 5  126.30256596

  4- 2- 5  126.26194913   4- 6- 9  128.54108940   6- 1-10  127.06847535   6- 4- 8  132.75045674

 10-14-11   80.61653082  12-11-13  109.20063486  12-11-14  111.36845179  12-11-15  108.96201772

 13-11-14  110.80834239  13-11-15  109.12517017  14-11-15  107.31910637

 NUCLEAR CHARGE:                   25
 NUMBER OF PRIMITIVE AOS:         362
 NUMBER OF SYMMETRY AOS:          348
 NUMBER OF CONTRACTIONS:          237   ( 237A   )
 NUMBER OF CORE ORBITALS:           6   (   6A   )
 NUMBER OF VALENCE ORBITALS:       11   (  11A   )

 MOLECULE CHANGED: INITIALIZING OCCUPATION AND DUMP RECORDS


 NUCLEAR REPULSION ENERGY   47.62676028


 Eigenvalues of metric

         1 0.136E-04 0.470E-04 0.873E-04 0.170E-03 0.195E-03 0.248E-03 0.321E-03 0.331E-03


 OPERATOR DM      FOR CENTER  0  COORDINATES:    0.000000    0.000000    0.000000


 **********************************************************************************************************************************
 DATASETS  * FILE   NREC   LENGTH (MB)   RECORD NAMES
              1      18        9.87       500      610      700      900      950      970     1000      129      960     1100   
                                          VAR    BASINP    GEOM    SYMINP    ZMAT    AOBASIS   BASIS     P2S    ABASIS      S 
                                         1400     1410     1200     1210     1080     1600     1650     1700   
                                           T        V       H0       H01     AOSYM     SMH    MOLCAS    OPER   

              2       5        4.21       700     1000      520     2100     2101   
                                         GEOM     BASIS   MCVARS     RHF      RHF  

 PROGRAMS   *        TOTAL       INT       MP2        HF       INT       MP2        HF       INT
 CPU TIMES  *        22.72      0.14      0.87     12.37      0.24      0.88      7.91      0.13
 REAL TIME  *       159.15 SEC
 DISK USED  *       215.91 MB      
 SF USED    *        49.23 MB      
 GA USED    *         3.20 MB       (max)       0.00 MB       (current)
 **********************************************************************************************************************************

1PROGRAM * RHF-SCF (CLOSED SHELL)       Authors: W. Meyer, H.-J. Werner


 NUMBER OF ELECTRONS:      13+   13-    SPACE SYMMETRY=1    SPIN SYMMETRY: Singlet 
 CONVERGENCE THRESHOLDS:    1.00E-05 (Density)    1.00E-07 (Energy)
 INTEGRAL THRESHOLDS:       1.00E-11 (Initial)    1.00E-11 (Final)
 MAX. NUMBER OF ITERATIONS:       60
 INTERPOLATION TYPE:            DIIS
 INTERPOLATION STEPS:              2 (START)      1 (STEP)
 LEVEL SHIFTS:                  0.00 (CLOSED)  0.00 (OPEN) 



 
 Basis set CC-PVDZ/JKFIT generated.      Number of basis functions:   716 
 
 Orbital guess generated from atomic densities. Full valence occupancy:   17
 Coulomb and exchange fitting
 Thresholds for fitting:       THRAO_COUL= 1.0D-14    THRAO_EXCH= 1.0D-12    THRMO= 1.0D-11    THRPROD= 1.0D-11    THRASM= 1.0D-11
                               THR2HLF=    1.0D-11

 Molecular orbital dump at record        2102.2

 ITERATION   DDIFF            GRAD            ENERGY        2-EL.EN.            DIPOLE MOMENTS         DIIS   CPU(IT)  CPU(TOT)  ORB.
    1      0.000D+00      0.000D+00      -437.09235032    444.656328   -4.48176    1.33248   -1.24778    0      0.9      3.6     start
    2      0.000D+00      0.329D-02      -437.14428347    435.479202   -4.52725    0.82469   -0.74261    1      0.3      3.9     diag
    3      0.677D-02      0.152D-02      -437.15231354    438.066176   -4.52042    0.95787   -0.87470    2      0.3      4.1     diag
    4      0.246D-02      0.265D-03      -437.15296484    437.876719   -4.52023    0.97193   -0.88975    3      0.2      4.4     diag
    5      0.768D-03      0.627D-04      -437.15300550    437.872137   -4.52094    0.97610   -0.89390    4      0.2      4.6     diag
    6      0.250D-03      0.151D-04      -437.15300846    437.871337   -4.52088    0.97654   -0.89458    5      0.3      4.9     diag
    7      0.900D-04      0.516D-05      -437.15300869    437.868610   -4.52089    0.97695   -0.89502    6      0.2      5.2     diag
    8      0.286D-04      0.174D-05      -437.15300871    437.869573   -4.52090    0.97669   -0.89479    7      0.3      5.5     diag
    9      0.954D-05      0.449D-06      -437.15300872    437.869561   -4.52089    0.97665   -0.89476    0      0.4      5.8     orth

 Final occupancy:  13

 !RHF STATE 1.1 Energy               -437.153008716939
 Nuclear energy                        47.62676028
 One-electron energy                 -703.71454945
 Two-electron energy                  218.93478045
 Virial quotient                       -1.00023405
 !RHF STATE 1.1 Dipole moment          -4.52089197     0.97664946    -0.89475906
 Dipole moment /Debye                 -11.49020862     2.48223272    -2.27410172

 Orbital energies:

         1.1          2.1          3.1          4.1          5.1          6.1          7.1          8.1          9.1         10.1
    -91.665770   -11.054523    -8.664718    -6.347316    -6.344401    -6.344383    -0.782350    -0.576443    -0.375349    -0.374321

        11.1         12.1         13.1         14.1         15.1
     -0.227895    -0.082861    -0.082163     0.102297     0.124278

 HOMO     13.1    -0.082163 =      -2.2358eV
 LUMO     14.1     0.102297 =       2.7836eV
 LUMO-HOMO         0.184460 =       5.0194eV


 **********************************************************************************************************************************
 DATASETS  * FILE   NREC   LENGTH (MB)   RECORD NAMES
              1      18        9.87       500      610      700      900      950      970     1000      129      960     1100   
                                          VAR    BASINP    GEOM    SYMINP    ZMAT    AOBASIS   BASIS     P2S    ABASIS      S 
                                         1400     1410     1200     1210     1080     1600     1650     1700   
                                           T        V       H0       H01     AOSYM     SMH    MOLCAS    OPER   

              2       6        6.50       700     1000      520     2100     2101     2102   
                                         GEOM     BASIS   MCVARS     RHF      RHF      RHF  

 PROGRAMS   *        TOTAL        HF       INT       MP2        HF       INT       MP2        HF       INT
 CPU TIMES  *        28.64      5.92      0.14      0.87     12.37      0.24      0.88      7.91      0.13
 REAL TIME  *       243.38 SEC
 DISK USED  *       240.70 MB      
 SF USED    *        49.23 MB      
 GA USED    *         3.20 MB       (max)       0.00 MB       (current)
 **********************************************************************************************************************************
 SETTING E_RHF_B        =    ***************  KCAL/MOL                        


1PROGRAM * MP2 (Closed-shell)     Authors: C. Hampel, H.-J. Werner, 1991, M. Deegan, P.J. Knowles, 1992

 Basis set AUG-CC-PVDZ/MP2FIT generated. Number of basis functions:   708 

 Convergence thresholds:  THRVAR = 1.00D-08  THRDEN = 1.00D-06

 Number of core orbitals:           6 (   6 )
 Number of closed-shell orbitals:   7 (   7 )
 Number of external orbitals:     224 ( 224 )

 Molecular orbitals read from record     2102.2  Type=RHF/CANONICAL (state 1.1)
 

 Entering DF-MP2

 Thresholds:    THRAO= 0.100D-09    THRMO= 0.100D-08    THROV= 0.100D-11

 Fitting basis: AUG-CC-PVDZ-MP2F
 Number of fitting functions:                 708
 Number of blocks in AO basis:                  6
 Minimum block size:                           32
 Maximum block size:                           77
 Average block size:                           40
 Number of groups in AO basis:                 74
 Number of shells in AO basis:                182

 Using large memory version DFMP2B. NIBTK= 1  NGPU= 0  IGPU= 0

 para=T  nprocs= 12  mpptyp=0  number of tasks=  24

 Minimum memory with paging:                  1.48 MW
 Minimum memory for incore assembly:          1.48 MW
 Maximum memory for incore algorithm:         2.06 MW
 Memory for 3-index integrals:                0.00 MW

 Disk space for H1-integrals:                 9.63 MB (   168 records)
 
 CPU time for half transformed integrals      0.12 sec, elapsed time      0.12 sec
 CPU time for assembly                        0.02 sec, elapsed time      0.03 sec (7155.1 MFLOP/sec)
 Total CPU time                               0.55 sec, elapsed time      0.59 sec

 SCS-MP2 correlation energy:           -0.311276506584   (PS=  1.200000  PT=  0.333333)
 SCS-MP2 total energy:               -437.464285223525

 Norm of first-order wave function:     0.101114005634
 Coefficient of reference function:     0.952980154422

  Reference energy                   -437.153008716941
  MP2 singlet pair energy              -0.201410821327
  MP2 triplet pair energy              -0.111830658737
  MP2 correlation energy               -0.313241480064

 !MP2 total energy                   -437.466250197005


 **********************************************************************************************************************************
 DATASETS  * FILE   NREC   LENGTH (MB)   RECORD NAMES
              1      18        9.87       500      610      700      900      950      970     1000      129      960     1100   
                                          VAR    BASINP    GEOM    SYMINP    ZMAT    AOBASIS   BASIS     P2S    ABASIS      S 
                                         1400     1410     1200     1210     1080     1600     1650     1700   
                                           T        V       H0       H01     AOSYM     SMH    MOLCAS    OPER   

              2       6        6.50       700     1000      520     2100     2101     2102   
                                         GEOM     BASIS   MCVARS     RHF      RHF      RHF  

 PROGRAMS   *        TOTAL       MP2        HF       INT       MP2        HF       INT       MP2        HF       INT
 CPU TIMES  *        29.37      0.72      5.92      0.14      0.87     12.37      0.24      0.88      7.91      0.13
 REAL TIME  *       244.37 SEC
 DISK USED  *       240.70 MB      
 SF USED    *        49.23 MB      
 GA USED    *         3.20 MB       (max)       0.00 MB       (current)
 **********************************************************************************************************************************
 SETTING E_CORR_B       =    ***************  KCAL/MOL                        
 SETTING E_B            =      -196.56203586  KCAL/MOL                        
 SETTING E_RHF_CP       =       -88.34117325  KCAL/MOL                        
 SETTING E_CORR_CP      =        -9.93600515  KCAL/MOL                        

        DF-MP2          DF-HF           DF-MP2          DF-HF           DF-MP2          DF-HF   
   -437.46625020   -437.15300872   -225.96045634   -225.21912483   -663.58332116   -662.51291414
 **********************************************************************************************************************************
 Variable memory released
