
 Primary working directories    : /scratch/1723553.phoenix.chem.wisc.edu
 Secondary working directories  : /scratch/1723553.phoenix.chem.wisc.edu
 Wavefunction directory         : /scratch/1723553.phoenix.chem.wisc.edu/
 Main file repository           : /scratch/1723553.phoenix.chem.wisc.edu/

 SHA1      : 65e45729fe3f963b0eb97374e3bda9949063ef0f
 NAME      : 2012.1.17
 ARCHNAME  : Linux/x86_64
 FC        : /opt/intel/composer_xe_2013.5.192/bin/intel64/ifort
 FCVERSION : 13.1.3
 BLASLIB   : -L/opt/intel/composer_xe_2013.5.192/mkl/lib/intel64 -lmkl_intel_ilp64 -lmkl_sequential -lmkl_core
 id        : cuichemwisc

 Nodes             nprocs
 compute-1-35.local   12
 ga_uses_ma=false, calling ma_init with nominal heap.
 GA-space will be limited to   8.0 MW (determined by -G option)

 Using customized tuning parameters: mindgm=1; mindgv=20; mindgc=4; mindgr=1; noblas=0; minvec=7
 default implementation of scratch files=sf  

 geomtyp=xyz
 geometry={
 15
  N0         -0.208558970000       0.043929690000       0.318609930000
  N1         -2.010102970000      -0.985925310000      -0.463509070000
  C2         -0.668732970000      -1.072534310000      -0.218506070000
  C3         -2.426005970000       0.271534690000      -0.056321070000
  H4         -2.594702970000      -1.707650310000      -0.883455070000
  C5         -1.295944970000       0.887865690000       0.424522930000
  H6         -0.082264970000      -1.956937310000      -0.450059070000
  H7         -3.453559970000       0.594046690000      -0.152161070000
  H8         -1.193909970000       1.880025690000       0.830125930000
  H9          0.733628590000       0.237568340000       0.592081430000
  C10         1.891844140665       0.786444628490      -0.653113824905
  H11         1.817557140665       1.790857628490      -0.222086824905
  H12         1.106733140665       0.657741628490      -1.401551824905
  H13         2.868481140665       0.677706628490      -1.135474824905
  O14         1.808172490665      -0.144364481510       0.279084355095
 }
 
 
 basis=avdz
 
                                                                                 ! Complex
 set,charge=0
 
 hf
 e_rhf_c = energy*tokcal
 ccsd(t)
 e_corr_c = energy*tokcal
 e_c = e_corr_c - e_rhf_c
 
 
                                                                                 ! Monomer 1
 set,charge=1
 dummy,C10,H11,H12,H13,O14
 
 hf
 e_rhf_a = energy*tokcal
 ccsd(t)
 e_corr_a = energy*tokcal
 e_a = e_corr_a - e_rhf_a
 
 
                                                                                 ! Monomer 2
 set,charge=-1
 dummy,N0,N1,C2,C3,H4,C5,H6,H7,H8,H9
 
 hf
 e_rhf_b = energy*tokcal
 ccsd(t)
 e_corr_b = energy*tokcal
 e_b = e_corr_b - e_rhf_b
 
 
 e_rhf_cp = e_rhf_c - (e_rhf_a + e_rhf_b)
 e_corr_cp = e_c - (e_a + e_b)

 Variables initialized (782), CPU time= 0.01 sec
 Commands  initialized (547), CPU time= 0.01 sec, 517 directives.
 Default parameters read. Elapsed time= 0.13 sec

 Checking input...
 Passed
1


                                         ***  PROGRAM SYSTEM MOLPRO  ***
                         Copyright, University College Cardiff Consultants Limited, 2008

                                    Version 2012.1 linked Oct 11 2014 15:40:16


 **********************************************************************************************************************************
 LABEL *                                                                                 
 Linux-2.6.18-308.el5/compute-1-35.local(x86_64) 64 bit mpp version                      DATE: 12-Dec-14          TIME: 03:28:53  
 **********************************************************************************************************************************

 SHA1:             65e45729fe3f963b0eb97374e3bda9949063ef0f
 **********************************************************************************************************************************
 SETTING GEOMTYP        =    XYZ

 Variable memory set to  350000000 words,  buffer space   230000 words

 SETTING BASIS          =    AVDZ
 SETTING CHARGE         =         0.00000000                                  


 Recomputing integrals since basis changed


 Using spherical harmonics

 Library entry N      S aug-cc-pVDZ          selected for orbital group  1
 Library entry N      P aug-cc-pVDZ          selected for orbital group  1
 Library entry N      D aug-cc-pVDZ          selected for orbital group  1
 Library entry C      S aug-cc-pVDZ          selected for orbital group  2
 Library entry C      P aug-cc-pVDZ          selected for orbital group  2
 Library entry C      D aug-cc-pVDZ          selected for orbital group  2
 Library entry H      S aug-cc-pVDZ          selected for orbital group  3
 Library entry H      P aug-cc-pVDZ          selected for orbital group  3
 Library entry O      S aug-cc-pVDZ          selected for orbital group  8
 Library entry O      P aug-cc-pVDZ          selected for orbital group  8
 Library entry O      D aug-cc-pVDZ          selected for orbital group  8

1PROGRAM * SEWARD (Integral evaluation for generally contracted gaussian basis sets)     Author: Roland Lindh, 1990

 Geometry written to block  1 of record 700


 Point group  C1  



 ATOMIC COORDINATES

 NR  ATOM    CHARGE       X              Y              Z

   1  N0      7.00   -0.394119336    0.083015083    0.602085510
   2  N1      7.00   -3.798544109   -1.863128822   -0.875905202
   3  C2      6.00   -1.263722168   -2.026796112   -0.412916630
   4  C3      6.00   -4.584486876    0.513126199   -0.106431398
   5  H4      1.00   -4.903278006   -3.226991414   -1.669488132
   6  C5      6.00   -2.448981075    1.677822996    0.802232074
   7  H6      1.00   -0.155458264   -3.698075572   -0.850488385
   8  H7      1.00   -6.526282522    1.122585553   -0.287542750
   9  H8      1.00   -2.256162869    3.552733674    1.568710662
  10  H9      1.00    1.386357117    0.448939100    1.118871750
  11  C10     6.00    3.575067309    1.486164965   -1.234206262
  12  H11     1.00    3.434685224    3.384230458   -0.419683276
  13  H12     1.00    2.091422536    1.242951543   -2.648549108
  14  H13     1.00    5.420643769    1.280679925   -2.145736448
  15  O14     8.00    3.416950806   -0.272809333    0.527392999

 Bond lengths in Bohr (Angstrom)

  1- 3  2.497547139   1- 6  2.608817297   1-10  1.889726118   2- 3  2.581950362   2- 4  2.618469762
       ( 1.321645025)       ( 1.380526656)       ( 0.999999993)       ( 1.366309286)       ( 1.385634520)

 2-5  1.926222214  3-7  2.052533302  4-6  2.596646484  4-8  2.043235756  6-9  2.034688757
     ( 1.019312895)     ( 1.086153844)     ( 1.374086139)     ( 1.081233795)     ( 1.076710918)

 10-15  2.234743529  11-12  2.070219176  11-13  2.064151222  11-14  2.068638164  11-15  2.494438487
       ( 1.182575344)       ( 1.095512806)       ( 1.092301783)       ( 1.094676170)       ( 1.319999997)

 Bond angles

  1-3-2  111.17107112   1-3-7  125.90760457   1-6-4  110.28766710   1-6-9  121.16921863

  1-10-15  136.15335196   2- 3- 7  122.92086882   2- 4- 6  105.25010111   2- 4- 8  121.99826426

  3- 1- 6  105.86304950   3- 1-10  127.06847515   3- 2- 4  107.42788808   3- 2- 5  126.30256596

  4- 2- 5  126.26194913   4- 6- 9  128.54108940   6- 1-10  127.06847535   6- 4- 8  132.75045674

 10-15-11   90.96088257  12-11-13  109.20063486  12-11-14  108.96201772  12-11-15  111.36845194

 13-11-14  109.12517017  13-11-15  110.80834240  14-11-15  107.31910621

 NUCLEAR CHARGE:                   54
 NUMBER OF PRIMITIVE AOS:         347
 NUMBER OF SYMMETRY AOS:          333
 NUMBER OF CONTRACTIONS:          233   ( 233A   )
 NUMBER OF CORE ORBITALS:           7   (   7A   )
 NUMBER OF VALENCE ORBITALS:       36   (  36A   )


 NUCLEAR REPULSION ENERGY  312.06698993


 Eigenvalues of metric

         1 0.131E-04 0.453E-04 0.756E-04 0.147E-03 0.167E-03 0.194E-03 0.250E-03 0.307E-03


 Contracted 2-electron integrals neglected if value below      1.0D-12
 AO integral compression algorithm  1   Integral accuracy      1.0D-12

     1881.670 MB (compressed) written to integral file ( 57.7%)

     Node minimum: 145.752 MB, node maximum: 164.889 MB


 NUMBER OF SORTED TWO-ELECTRON INTEGRALS:   30958272.     BUFFER LENGTH:  32768
 NUMBER OF SEGMENTS:   2  SEGMENT LENGTH:   15990336      RECORD LENGTH: 524288

 Memory used in sort:      16.55 MW

 SORT1 READ   407805544. AND WROTE    30327046. INTEGRALS IN     88 RECORDS. CPU TIME:    14.86 SEC, REAL TIME:    18.21 SEC
 SORT2 READ   364332159. AND WROTE   371594691. INTEGRALS IN   7320 RECORDS. CPU TIME:     1.07 SEC, REAL TIME:    43.25 SEC

 Node minimum:    30953730.  Node maximum:    30978720. integrals

 OPERATOR DM      FOR CENTER  0  COORDINATES:    0.000000    0.000000    0.000000


 **********************************************************************************************************************************
 DATASETS  * FILE   NREC   LENGTH (MB)   RECORD NAMES
              1      18        9.80       500      610      700      900      950      970     1000      129      960     1100   
                                          VAR    BASINP    GEOM    SYMINP    ZMAT    AOBASIS   BASIS     P2S    ABASIS      S 
                                         1400     1410     1200     1210     1080     1600     1650     1700   
                                           T        V       H0       H01     AOSYM     SMH    MOLCAS    OPER   

 PROGRAMS   *        TOTAL       INT
 CPU TIMES  *        18.63     18.49
 REAL TIME  *        65.80 SEC
 DISK USED  *         6.23 GB      
 GA USED    *         0.01 MB       (max)       0.00 MB       (current)
 **********************************************************************************************************************************

1PROGRAM * RHF-SCF (CLOSED SHELL)       Authors: W. Meyer, H.-J. Werner


 NUMBER OF ELECTRONS:      27+   27-    SPACE SYMMETRY=1    SPIN SYMMETRY: Singlet 
 CONVERGENCE THRESHOLDS:    1.00E-05 (Density)    1.08E-07 (Energy)
 MAX. NUMBER OF ITERATIONS:       60
 INTERPOLATION TYPE:            DIIS
 INTERPOLATION STEPS:              2 (START)      1 (STEP)
 LEVEL SHIFTS:                  0.00 (CLOSED)  0.00 (OPEN) 



 Orbital guess generated from atomic densities. Full valence occupancy:   43

 Molecular orbital dump at record        2100.2

 ITERATION    DDIFF          GRAD             ENERGY        2-EL.EN.            DIPOLE MOMENTS         DIIS   ORB.
    1      0.000D+00      0.000D+00      -339.64398625    859.863990   -4.34251   -0.89208   -1.14115    0    start
    2      0.000D+00      0.473D-02      -339.73677243    855.347928   -3.09552   -0.55603   -0.19990    1    diag
    3      0.936D-02      0.313D-02      -339.77951478    857.836420   -3.39115   -0.60513   -0.58751    2    diag
    4      0.350D-02      0.501D-03      -339.78159463    857.499766   -3.28429   -0.59646   -0.55367    3    diag
    5      0.116D-02      0.127D-03      -339.78173966    857.570953   -3.30157   -0.58765   -0.56088    4    diag
    6      0.274D-03      0.552D-04      -339.78177549    857.542247   -3.28411   -0.58920   -0.55876    5    diag
    7      0.108D-03      0.218D-04      -339.78178489    857.542816   -3.28375   -0.59254   -0.56029    6    diag
    8      0.607D-04      0.902D-05      -339.78178635    857.546897   -3.28285   -0.59130   -0.55995    7    diag
    9      0.222D-04      0.367D-05      -339.78178665    857.546651   -3.28247   -0.59254   -0.56018    8    diag
   10      0.128D-04      0.987D-06      -339.78178667    857.546953   -3.28250   -0.59248   -0.56007    9    orth
   11      0.290D-05      0.321D-06      -339.78178667    857.546850   -3.28247   -0.59252   -0.56007    0    orth

 Final occupancy:  27

 !RHF STATE 1.1 Energy               -339.781786667305
 Nuclear energy                       312.06698993
 One-electron energy                -1080.62220172
 Two-electron energy                  428.77342512
 Virial quotient                       -0.99906451
 !RHF STATE 1.1 Dipole moment          -3.28247240    -0.59252247    -0.56007091
 Dipole moment /Debye                  -8.34266621    -1.50594326    -1.42346501

 Orbital energies:

         1.1          2.1          3.1          4.1          5.1          6.1          7.1          8.1          9.1         10.1
    -20.405382   -15.677914   -15.610786   -11.362977   -11.309698   -11.295286   -11.201952    -1.398590    -1.293167    -1.216998

        11.1         12.1         13.1         14.1         15.1         16.1         17.1         18.1         19.1         20.1
     -1.054623    -0.908909    -0.861095    -0.824735    -0.800576    -0.727999    -0.650188    -0.643009    -0.637260    -0.620387

        21.1         22.1         23.1         24.1         25.1         26.1         27.1         28.1         29.1
     -0.558734    -0.530364    -0.487677    -0.450912    -0.362239    -0.328358    -0.317861     0.013531     0.032053

 HOMO     27.1    -0.317861 =      -8.6494eV
 LUMO     28.1     0.013531 =       0.3682eV
 LUMO-HOMO         0.331392 =       9.0176eV


 **********************************************************************************************************************************
 DATASETS  * FILE   NREC   LENGTH (MB)   RECORD NAMES
              1      18        9.80       500      610      700      900      950      970     1000      129      960     1100   
                                          VAR    BASINP    GEOM    SYMINP    ZMAT    AOBASIS   BASIS     P2S    ABASIS      S 
                                         1400     1410     1200     1210     1080     1600     1650     1700   
                                           T        V       H0       H01     AOSYM     SMH    MOLCAS    OPER   

              2       4        1.65       700     1000      520     2100   
                                         GEOM     BASIS   MCVARS     RHF  

 PROGRAMS   *        TOTAL        HF       INT
 CPU TIMES  *        25.30      6.67     18.49
 REAL TIME  *        84.48 SEC
 DISK USED  *         6.42 GB      
 SF USED    *         0.22 MB      
 GA USED    *         0.01 MB       (max)       0.00 MB       (current)
 **********************************************************************************************************************************
 SETTING E_RHF_C        =    ***************  KCAL/MOL                        


1PROGRAM * CCSD (Closed-shell coupled cluster)     Authors: C. Hampel, H.-J. Werner, 1991, M. Deegan, P.J. Knowles, 1992


 Convergence thresholds:  THRVAR = 1.00D-08  THRDEN = 1.08D-06

 CCSD(T)     terms to be evaluated (factor= 1.000)


 Number of core orbitals:           7 (   7 )
 Number of closed-shell orbitals:  20 (  20 )
 Number of external orbitals:     206 ( 206 )

 Molecular orbitals read from record     2100.2  Type=RHF/CANONICAL (state 1.1)

 Number of N-1 electron functions:              20
 Number of N-2 electron functions:             210
 Number of singly external CSFs:              4120
 Number of doubly external CSFs:           8489260
 Total number of CSFs:                     8493381

 Length of J-op  integral file:               0.00 MB
 Length of K-op  integral file:               3.73 MB
 Length of 3-ext integral record:             0.00 MB

 Memory could be reduced to 217.70 Mwords without degradation in triples

 Integral transformation finished. Total CPU:  46.93 sec, npass=  1  Memory used: 153.02 MW

 Reference energy:                   -339.78178667

 MP2 singlet pair energy:              -0.68570704
 MP2 triplet pair energy:              -0.45045282
 MP2 correlation energy:               -1.13615986
 MP2 total energy:                   -340.91794652

 SCS-MP2 correlation energy:           -1.10313020   (PS=  1.200000  PT=  0.333333)
 SCS-MP2 total energy:               -340.88491687

 ITER.      SQ.NORM     CORR.ENERGY   TOTAL ENERGY   ENERGY CHANGE        DEN1      VAR(S)    VAR(P)  DIIS     TIME
   1      1.37930432    -1.16966490  -340.95145157    -0.03350504    -0.00051865  0.79D-02  0.78D-02  1  1    72.75
   2      1.40843822    -1.17313246  -340.95491913    -0.00346756    -0.02943599  0.14D-03  0.11D-02  2  2    97.47
   3      1.41979814    -1.17357017  -340.95535684    -0.00043771    -0.00540796  0.20D-03  0.64D-04  3  3   122.09
   4      1.42380061    -1.17344380  -340.95523047     0.00012637    -0.00135897  0.21D-04  0.15D-04  4  4   149.24
   5      1.42580262    -1.17345955  -340.95524622    -0.00001574    -0.00042735  0.84D-05  0.17D-05  5  5   174.06
   6      1.42652506    -1.17344573  -340.95523240     0.00001382    -0.00008573  0.20D-05  0.48D-06  6  6   198.98
   7      1.42683885    -1.17342811  -340.95521478     0.00001762    -0.00000780  0.48D-06  0.17D-06  6  1   223.69
   8      1.42701001    -1.17342434  -340.95521101     0.00000377    -0.00002381  0.15D-06  0.40D-07  6  2   248.65
   9      1.42705449    -1.17342489  -340.95521155    -0.00000054     0.00000685  0.35D-07  0.10D-07  6  3   273.68
  10      1.42708457    -1.17342272  -340.95520939     0.00000216    -0.00000471  0.12D-07  0.30D-08  6  4   298.52
  11      1.42708241    -1.17342378  -340.95521045    -0.00000106     0.00000115  0.45D-08  0.10D-08  6  5   323.27
  12      1.42708668    -1.17342357  -340.95521023     0.00000021    -0.00000064  0.12D-08  0.41D-09  6  6   348.28

 Norm of t1 vector:      0.12935479      S-energy:     0.00000044      T1 diagnostic:  0.01446230
                                                                       D1 diagnostic:  0.05154657


 Total CPU time for triples:    544.76 sec


 RESULTS
 =======

  Reference energy                   -339.781786667310
  CCSD singlet pair energy             -0.773024407987
  CCSD triplet pair energy             -0.400399601745
  CCSD correlation energy              -1.173423567375

  Triples (T) contribution             -0.048684851644
  Total correlation energy             -1.222108419019

  CCSD total energy                  -340.955210234685
  CCSD[T] energy                     -341.006159087447
  CCSD-T energy                      -341.003059073207
 !CCSD(T) total energy               -341.003895086329

 Timing summary (sec):

 STEP                 CPU(USER)    SYS     CPU(TOT)    WALL
 Transformation         47.81      6.35     54.16     61.65
 CCSD iterations       300.54      9.88    310.42    342.78
 Triples               544.76      3.73    548.49    549.99

 Program statistics:

 Available memory in ccsd:               349998300
 Min. memory needed in ccsd:              20564248
 Max. memory used in ccsd:                28437408
 Max. memory used in cckext:              23474660 (12 integral passes)



 **********************************************************************************************************************************
 DATASETS  * FILE   NREC   LENGTH (MB)   RECORD NAMES
              1      19      850.42       500      610      700      900      950      970     1000      129      960     1100   
                                          VAR    BASINP    GEOM    SYMINP    ZMAT    AOBASIS   BASIS     P2S    ABASIS      S 
                                         1400     1410     1200     1210     1080     1600     1650     1700     1380   
                                           T        V       H0       H01     AOSYM     SMH    MOLCAS    OPER     JKOP   

              2       4        1.65       700     1000      520     2100   
                                         GEOM     BASIS   MCVARS     RHF  

 PROGRAMS   *        TOTAL   CCSD(T)        HF       INT
 CPU TIMES  *       918.46    893.16      6.67     18.49
 REAL TIME  *      1039.40 SEC
 DISK USED  *         8.12 GB      
 SF USED    *         1.60 GB      
 GA USED    *         0.01 MB       (max)       0.00 MB       (current)
 **********************************************************************************************************************************
 SETTING E_CORR_C       =    ***************  KCAL/MOL                        
 SETTING E_C            =      -766.88476518  KCAL/MOL                        
 SETTING CHARGE         =         1.00000000                                  

 Dummy atoms: C10  H11  H12  H13  O14


 Recomputing one-electron integrals since nuclear charges changed

1PROGRAM * SEWARD (Integral evaluation for generally contracted gaussian basis sets)     Author: Roland Lindh, 1990

 Geometry written to block  1 of record 700


 Point group  C1  



 ATOMIC COORDINATES

 NR  ATOM    CHARGE       X              Y              Z

   1  N0      7.00   -0.394119336    0.083015083    0.602085510
   2  N1      7.00   -3.798544109   -1.863128822   -0.875905202
   3  C2      6.00   -1.263722168   -2.026796112   -0.412916630
   4  C3      6.00   -4.584486876    0.513126199   -0.106431398
   5  H4      1.00   -4.903278006   -3.226991414   -1.669488132
   6  C5      6.00   -2.448981075    1.677822996    0.802232074
   7  H6      1.00   -0.155458264   -3.698075572   -0.850488385
   8  H7      1.00   -6.526282522    1.122585553   -0.287542750
   9  H8      1.00   -2.256162869    3.552733674    1.568710662
  10  H9      1.00    1.386357117    0.448939100    1.118871750
  11  C10     0.00    3.575067309    1.486164965   -1.234206262
  12  H11     0.00    3.434685224    3.384230458   -0.419683276
  13  H12     0.00    2.091422536    1.242951543   -2.648549108
  14  H13     0.00    5.420643769    1.280679925   -2.145736448
  15  O14     0.00    3.416950806   -0.272809333    0.527392999

 Bond lengths in Bohr (Angstrom)

  1- 3  2.497547139   1- 6  2.608817297   1-10  1.889726118   2- 3  2.581950362   2- 4  2.618469762
       ( 1.321645025)       ( 1.380526656)       ( 0.999999993)       ( 1.366309286)       ( 1.385634520)

 2-5  1.926222214  3-7  2.052533302  4-6  2.596646484  4-8  2.043235756  6-9  2.034688757
     ( 1.019312895)     ( 1.086153844)     ( 1.374086139)     ( 1.081233795)     ( 1.076710918)

 10-15  2.234743529  11-12  2.070219176  11-13  2.064151222  11-14  2.068638164  11-15  2.494438487
       ( 1.182575344)       ( 1.095512806)       ( 1.092301783)       ( 1.094676170)       ( 1.319999997)

 Bond angles

  1-3-2  111.17107112   1-3-7  125.90760457   1-6-4  110.28766710   1-6-9  121.16921863

  1-10-15  136.15335196   2- 3- 7  122.92086882   2- 4- 6  105.25010111   2- 4- 8  121.99826426

  3- 1- 6  105.86304950   3- 1-10  127.06847515   3- 2- 4  107.42788808   3- 2- 5  126.30256596

  4- 2- 5  126.26194913   4- 6- 9  128.54108940   6- 1-10  127.06847535   6- 4- 8  132.75045674

 10-15-11   90.96088257  12-11-13  109.20063486  12-11-14  108.96201772  12-11-15  111.36845194

 13-11-14  109.12517017  13-11-15  110.80834240  14-11-15  107.31910621

 NUCLEAR CHARGE:                   37
 NUMBER OF PRIMITIVE AOS:         347
 NUMBER OF SYMMETRY AOS:          333
 NUMBER OF CONTRACTIONS:          233   ( 233A   )
 NUMBER OF CORE ORBITALS:           5   (   5A   )
 NUMBER OF VALENCE ORBITALS:       25   (  25A   )

 MOLECULE CHANGED: INITIALIZING OCCUPATION AND DUMP RECORDS


 NUCLEAR REPULSION ENERGY  172.15847751


 Eigenvalues of metric

         1 0.131E-04 0.453E-04 0.756E-04 0.147E-03 0.167E-03 0.194E-03 0.250E-03 0.307E-03


 Contracted 2-electron integrals neglected if value below      1.0D-12

 OPERATOR DM      FOR CENTER  0  COORDINATES:    0.000000    0.000000    0.000000


 **********************************************************************************************************************************
 DATASETS  * FILE   NREC   LENGTH (MB)   RECORD NAMES
              1      18        9.80       500      610      700      900      950      970     1000      129      960     1100   
                                          VAR    BASINP    GEOM    SYMINP    ZMAT    AOBASIS   BASIS     P2S    ABASIS      S 
                                         1400     1410     1200     1210     1080     1600     1650     1700   
                                           T        V       H0       H01     AOSYM     SMH    MOLCAS    OPER   

              2       4        1.65       700     1000      520     2100   
                                         GEOM     BASIS   MCVARS     RHF  

 PROGRAMS   *        TOTAL       INT   CCSD(T)        HF       INT
 CPU TIMES  *       918.57      0.11    893.16      6.67     18.49
 REAL TIME  *      1040.40 SEC
 DISK USED  *        17.32 GB      
 SF USED    *         1.60 GB      
 GA USED    *         0.01 MB       (max)       0.00 MB       (current)
 **********************************************************************************************************************************

1PROGRAM * RHF-SCF (CLOSED SHELL)       Authors: W. Meyer, H.-J. Werner


 NUMBER OF ELECTRONS:      18+   18-    SPACE SYMMETRY=1    SPIN SYMMETRY: Singlet 
 CONVERGENCE THRESHOLDS:    1.00E-05 (Density)    1.00E-07 (Energy)
 MAX. NUMBER OF ITERATIONS:       60
 INTERPOLATION TYPE:            DIIS
 INTERPOLATION STEPS:              2 (START)      1 (STEP)
 LEVEL SHIFTS:                  0.00 (CLOSED)  0.00 (OPEN) 



 Orbital guess generated from atomic densities. Full valence occupancy:   30

 Molecular orbital dump at record        2101.2

 ITERATION    DDIFF          GRAD             ENERGY        2-EL.EN.            DIPOLE MOMENTS         DIIS   ORB.
    1      0.000D+00      0.000D+00      -225.14866773    474.342508   -1.74078   -1.37094   -0.26840    0    start
    2      0.000D+00      0.358D-02      -225.20919041    479.710368   -2.24868   -0.67551   -0.10162    1    diag
    3      0.598D-02      0.161D-02      -225.21854551    478.103052   -2.05458   -0.93073   -0.16163    2    diag
    4      0.235D-02      0.473D-03      -225.21981647    478.364714   -2.10116   -0.87154   -0.14841    3    diag
    5      0.751D-03      0.896D-04      -225.21991115    478.449461   -2.08990   -0.88271   -0.15048    4    diag
    6      0.186D-03      0.477D-04      -225.21993860    478.421062   -2.09131   -0.88309   -0.15094    5    diag
    7      0.870D-04      0.201D-04      -225.21994761    478.429592   -2.08685   -0.88718   -0.15163    6    diag
    8      0.638D-04      0.776D-05      -225.21994833    478.430007   -2.08694   -0.88833   -0.15209    7    diag
    9      0.210D-04      0.230D-05      -225.21994837    478.429388   -2.08649   -0.88831   -0.15199    8    diag
   10      0.363D-05      0.522D-06      -225.21994837    478.429476   -2.08659   -0.88837   -0.15203    0    orth

 Final occupancy:  18

 !RHF STATE 1.1 Energy               -225.219948366650
 Nuclear energy                       172.15847751
 One-electron energy                 -636.59316395
 Two-electron energy                  239.21473807
 Virial quotient                       -1.00205019
 !RHF STATE 1.1 Dipole moment          -2.08658852    -0.88836545    -0.15203239
 Dipole moment /Debye                  -5.30323165    -2.25785185    -0.38640249

 Orbital energies:

         1.1          2.1          3.1          4.1          5.1          6.1          7.1          8.1          9.1         10.1
    -15.864499   -15.859008   -11.564963   -11.485869   -11.481008    -1.593759    -1.440936    -1.241210    -1.107095    -1.046423

        11.1         12.1         13.1         14.1         15.1         16.1         17.1         18.1         19.1         20.1
     -0.988886    -0.917614    -0.839019    -0.825762    -0.815837    -0.799949    -0.668857    -0.541151    -0.097013    -0.080675

 HOMO     18.1    -0.541151 =     -14.7255eV
 LUMO     19.1    -0.097013 =      -2.6398eV
 LUMO-HOMO         0.444139 =      12.0856eV


 **********************************************************************************************************************************
 DATASETS  * FILE   NREC   LENGTH (MB)   RECORD NAMES
              1      18        9.80       500      610      700      900      950      970     1000      129      960     1100   
                                          VAR    BASINP    GEOM    SYMINP    ZMAT    AOBASIS   BASIS     P2S    ABASIS      S 
                                         1400     1410     1200     1210     1080     1600     1650     1700   
                                           T        V       H0       H01     AOSYM     SMH    MOLCAS    OPER   

              2       5        3.87       700     1000      520     2100     2101   
                                         GEOM     BASIS   MCVARS     RHF      RHF  

 PROGRAMS   *        TOTAL        HF       INT   CCSD(T)        HF       INT
 CPU TIMES  *       923.85      5.28      0.11    893.16      6.67     18.49
 REAL TIME  *      1048.20 SEC
 DISK USED  *        17.32 GB      
 SF USED    *         1.60 GB      
 GA USED    *         0.01 MB       (max)       0.00 MB       (current)
 **********************************************************************************************************************************
 SETTING E_RHF_A        =    ***************  KCAL/MOL                        


1PROGRAM * CCSD (Closed-shell coupled cluster)     Authors: C. Hampel, H.-J. Werner, 1991, M. Deegan, P.J. Knowles, 1992


 Convergence thresholds:  THRVAR = 1.00D-08  THRDEN = 1.00D-06

 CCSD(T)     terms to be evaluated (factor= 1.000)


 Number of core orbitals:           5 (   5 )
 Number of closed-shell orbitals:  13 (  13 )
 Number of external orbitals:     215 ( 215 )

 Molecular orbitals read from record     2101.2  Type=RHF/CANONICAL (state 1.1)

 Number of N-1 electron functions:              13
 Number of N-2 electron functions:              91
 Number of singly external CSFs:              2795
 Number of doubly external CSFs:           3907410
 Total number of CSFs:                     3910206

 Length of J-op  integral file:               0.00 MB
 Length of K-op  integral file:               3.73 MB
 Length of 3-ext integral record:             0.00 MB

 Memory could be reduced to 164.37 Mwords without degradation in triples

 Integral transformation finished. Total CPU:  30.17 sec, npass=  1  Memory used:  98.28 MW

 Reference energy:                   -225.21994837

 MP2 singlet pair energy:              -0.44975819
 MP2 triplet pair energy:              -0.29276907
 MP2 correlation energy:               -0.74252726
 MP2 total energy:                   -225.96247563

 SCS-MP2 correlation energy:           -0.72187725   (PS=  1.200000  PT=  0.333333)
 SCS-MP2 total energy:               -225.94182562

 ITER.      SQ.NORM     CORR.ENERGY   TOTAL ENERGY   ENERGY CHANGE        DEN1      VAR(S)    VAR(P)  DIIS     TIME
   1      1.25712558    -0.76562133  -225.98556969    -0.02309406    -0.00277013  0.39D-02  0.51D-02  1  1    40.67
   2      1.27690420    -0.76901507  -225.98896344    -0.00339374    -0.01906883  0.77D-04  0.69D-03  2  2    50.81
   3      1.28427384    -0.76917774  -225.98912611    -0.00016267    -0.00365825  0.80D-04  0.40D-04  3  3    60.75
   4      1.28713064    -0.76920786  -225.98915623    -0.00003012    -0.00091409  0.84D-05  0.58D-05  4  4    70.70
   5      1.28820489    -0.76922449  -225.98917285    -0.00001663    -0.00022137  0.29D-05  0.52D-06  5  5    80.67
   6      1.28854312    -0.76920927  -225.98915763     0.00001522    -0.00003697  0.43D-06  0.14D-06  6  6    90.65
   7      1.28867081    -0.76920536  -225.98915373     0.00000391    -0.00000588  0.92D-07  0.26D-07  6  2   100.64
   8      1.28871660    -0.76920419  -225.98915256     0.00000117    -0.00000248  0.71D-08  0.40D-08  6  1   110.62
   9      1.28872972    -0.76920373  -225.98915210     0.00000046    -0.00000041  0.61D-09  0.46D-09  6  3   120.60
  10      1.28872686    -0.76920411  -225.98915248    -0.00000038     0.00000138  0.15D-09  0.47D-10  6  5   130.60

 Norm of t1 vector:      0.09516914      S-energy:     0.00000016      T1 diagnostic:  0.01319758
                                                                       D1 diagnostic:  0.05225352


 Total CPU time for triples:    179.76 sec


 RESULTS
 =======

  Reference energy                   -225.219948366651
  CCSD singlet pair energy             -0.509444279697
  CCSD triplet pair energy             -0.259759997134
  CCSD correlation energy              -0.769204114912

  Triples (T) contribution             -0.033394218928
  Total correlation energy             -0.802598333840

  CCSD total energy                  -225.989152481563
  CCSD[T] energy                     -226.023543269293
  CCSD-T energy                      -226.022158825063
 !CCSD(T) total energy               -226.022546700491

 Timing summary (sec):

 STEP                 CPU(USER)    SYS     CPU(TOT)    WALL
 Transformation         30.28      2.64     32.92     33.87
 CCSD iterations       100.35      3.56    103.91    149.32
 Triples               179.76      1.20    180.96    181.15

 Program statistics:

 Available memory in ccsd:               349999224
 Min. memory needed in ccsd:              10016553
 Max. memory used in ccsd:                13520066
 Max. memory used in cckext:              10388657 (10 integral passes)



 **********************************************************************************************************************************
 DATASETS  * FILE   NREC   LENGTH (MB)   RECORD NAMES
              1      19      589.24       500      610      700      900      950      970     1000      129      960     1100   
                                          VAR    BASINP    GEOM    SYMINP    ZMAT    AOBASIS   BASIS     P2S    ABASIS      S 
                                         1400     1410     1200     1210     1080     1600     1650     1700     1380   
                                           T        V       H0       H01     AOSYM     SMH    MOLCAS    OPER     JKOP   

              2       5        3.87       700     1000      520     2100     2101   
                                         GEOM     BASIS   MCVARS     RHF      RHF  

 PROGRAMS   *        TOTAL   CCSD(T)        HF       INT   CCSD(T)        HF       INT
 CPU TIMES  *      1234.28    310.43      5.28      0.11    893.16      6.67     18.49
 REAL TIME  *      1412.85 SEC
 DISK USED  *        17.32 GB      
 SF USED    *         1.60 GB      
 GA USED    *         0.01 MB       (max)       0.00 MB       (current)
 **********************************************************************************************************************************
 SETTING E_CORR_A       =    ***************  KCAL/MOL                        
 SETTING E_A            =      -503.63815943  KCAL/MOL                        
 SETTING CHARGE         =        -1.00000000                                  

 Dummy atoms: N0  N1  C2  C3  H4  C5  H6  H7  H8  H9


 Recomputing one-electron integrals since nuclear charges changed

1PROGRAM * SEWARD (Integral evaluation for generally contracted gaussian basis sets)     Author: Roland Lindh, 1990

 Geometry written to block  1 of record 700


 Point group  C1  



 ATOMIC COORDINATES

 NR  ATOM    CHARGE       X              Y              Z

   1  N0      0.00   -0.394119336    0.083015083    0.602085510
   2  N1      0.00   -3.798544109   -1.863128822   -0.875905202
   3  C2      0.00   -1.263722168   -2.026796112   -0.412916630
   4  C3      0.00   -4.584486876    0.513126199   -0.106431398
   5  H4      0.00   -4.903278006   -3.226991414   -1.669488132
   6  C5      0.00   -2.448981075    1.677822996    0.802232074
   7  H6      0.00   -0.155458264   -3.698075572   -0.850488385
   8  H7      0.00   -6.526282522    1.122585553   -0.287542750
   9  H8      0.00   -2.256162869    3.552733674    1.568710662
  10  H9      0.00    1.386357117    0.448939100    1.118871750
  11  C10     6.00    3.575067309    1.486164965   -1.234206262
  12  H11     1.00    3.434685224    3.384230458   -0.419683276
  13  H12     1.00    2.091422536    1.242951543   -2.648549108
  14  H13     1.00    5.420643769    1.280679925   -2.145736448
  15  O14     8.00    3.416950806   -0.272809333    0.527392999

 Bond lengths in Bohr (Angstrom)

  1- 3  2.497547139   1- 6  2.608817297   1-10  1.889726118   2- 3  2.581950362   2- 4  2.618469762
       ( 1.321645025)       ( 1.380526656)       ( 0.999999993)       ( 1.366309286)       ( 1.385634520)

 2-5  1.926222214  3-7  2.052533302  4-6  2.596646484  4-8  2.043235756  6-9  2.034688757
     ( 1.019312895)     ( 1.086153844)     ( 1.374086139)     ( 1.081233795)     ( 1.076710918)

 10-15  2.234743529  11-12  2.070219176  11-13  2.064151222  11-14  2.068638164  11-15  2.494438487
       ( 1.182575344)       ( 1.095512806)       ( 1.092301783)       ( 1.094676170)       ( 1.319999997)

 Bond angles

  1-3-2  111.17107112   1-3-7  125.90760457   1-6-4  110.28766710   1-6-9  121.16921863

  1-10-15  136.15335196   2- 3- 7  122.92086882   2- 4- 6  105.25010111   2- 4- 8  121.99826426

  3- 1- 6  105.86304950   3- 1-10  127.06847515   3- 2- 4  107.42788808   3- 2- 5  126.30256596

  4- 2- 5  126.26194913   4- 6- 9  128.54108940   6- 1-10  127.06847535   6- 4- 8  132.75045674

 10-15-11   90.96088257  12-11-13  109.20063486  12-11-14  108.96201772  12-11-15  111.36845194

 13-11-14  109.12517017  13-11-15  110.80834240  14-11-15  107.31910621

 NUCLEAR CHARGE:                   17
 NUMBER OF PRIMITIVE AOS:         347
 NUMBER OF SYMMETRY AOS:          333
 NUMBER OF CONTRACTIONS:          233   ( 233A   )
 NUMBER OF CORE ORBITALS:           2   (   2A   )
 NUMBER OF VALENCE ORBITALS:       11   (  11A   )

 MOLECULE CHANGED: INITIALIZING OCCUPATION AND DUMP RECORDS


 NUCLEAR REPULSION ENERGY   35.25530855


 Eigenvalues of metric

         1 0.131E-04 0.453E-04 0.756E-04 0.147E-03 0.167E-03 0.194E-03 0.250E-03 0.307E-03


 Contracted 2-electron integrals neglected if value below      1.0D-12

 OPERATOR DM      FOR CENTER  0  COORDINATES:    0.000000    0.000000    0.000000


 **********************************************************************************************************************************
 DATASETS  * FILE   NREC   LENGTH (MB)   RECORD NAMES
              1      18        9.80       500      610      700      900      950      970     1000      129      960     1100   
                                          VAR    BASINP    GEOM    SYMINP    ZMAT    AOBASIS   BASIS     P2S    ABASIS      S 
                                         1400     1410     1200     1210     1080     1600     1650     1700   
                                           T        V       H0       H01     AOSYM     SMH    MOLCAS    OPER   

              2       5        3.87       700     1000      520     2100     2101   
                                         GEOM     BASIS   MCVARS     RHF      RHF  

 PROGRAMS   *        TOTAL       INT   CCSD(T)        HF       INT   CCSD(T)        HF       INT
 CPU TIMES  *      1234.43      0.14    310.43      5.28      0.11    893.16      6.67     18.49
 REAL TIME  *      1413.49 SEC
 DISK USED  *        17.32 GB      
 SF USED    *         1.60 GB      
 GA USED    *         0.01 MB       (max)       0.00 MB       (current)
 **********************************************************************************************************************************

1PROGRAM * RHF-SCF (CLOSED SHELL)       Authors: W. Meyer, H.-J. Werner


 NUMBER OF ELECTRONS:       9+    9-    SPACE SYMMETRY=1    SPIN SYMMETRY: Singlet 
 CONVERGENCE THRESHOLDS:    1.00E-05 (Density)    1.00E-07 (Energy)
 MAX. NUMBER OF ITERATIONS:       60
 INTERPOLATION TYPE:            DIIS
 INTERPOLATION STEPS:              2 (START)      1 (STEP)
 LEVEL SHIFTS:                  0.00 (CLOSED)  0.00 (OPEN) 



 Orbital guess generated from atomic densities. Full valence occupancy:   13

 Molecular orbital dump at record        2102.2

 ITERATION    DDIFF          GRAD             ENERGY        2-EL.EN.            DIPOLE MOMENTS         DIIS   ORB.
    1      0.000D+00      0.000D+00      -114.30298707    169.513245   -3.39602    0.54299   -0.79360    0    start
    2      0.000D+00      0.757D-02      -114.34554288    158.415641   -3.45380   -0.39086    0.13447    1    diag
    3      0.161D-01      0.691D-02      -114.42096375    163.416289   -3.44211    0.00869   -0.26264    2    diag
    4      0.109D-01      0.431D-03      -114.42171781    163.326337   -3.44351    0.00200   -0.25647    3    diag
    5      0.147D-02      0.947D-04      -114.42176379    163.303178   -3.44382    0.00769   -0.26207    4    diag
    6      0.440D-03      0.299D-04      -114.42176739    163.318040   -3.44376    0.00889   -0.26337    5    diag
    7      0.103D-03      0.839D-05      -114.42176780    163.314688   -3.44375    0.00969   -0.26419    6    diag
    8      0.409D-04      0.153D-05      -114.42176783    163.314703   -3.44374    0.00992   -0.26443    7    diag
    9      0.101D-04      0.397D-06      -114.42176783    163.314883   -3.44373    0.01000   -0.26452    8    diag
   10      0.281D-05      0.805D-07      -114.42176783    163.314857   -3.44373    0.01000   -0.26453    0    orth

 Final occupancy:   9

 !RHF STATE 1.1 Energy               -114.421767827251
 Nuclear energy                        35.25530855
 One-electron energy                 -231.33450493
 Two-electron energy                   81.65742855
 Virial quotient                       -0.99922701
 !RHF STATE 1.1 Dipole moment          -3.44373429     0.01000288    -0.26452831
 Dipole moment /Debye                  -8.75252619     0.02542313    -0.67231987

 Orbital energies:

         1.1          2.1          3.1          4.1          5.1          6.1          7.1          8.1          9.1         10.1
    -20.196593   -11.020643    -1.004289    -0.619360    -0.357031    -0.356108    -0.267069    -0.095398    -0.093334     0.107899

        11.1
      0.128897

 HOMO      9.1    -0.093334 =      -2.5397eV
 LUMO     10.1     0.107899 =       2.9361eV
 LUMO-HOMO         0.201233 =       5.4758eV


 **********************************************************************************************************************************
 DATASETS  * FILE   NREC   LENGTH (MB)   RECORD NAMES
              1      18        9.80       500      610      700      900      950      970     1000      129      960     1100   
                                          VAR    BASINP    GEOM    SYMINP    ZMAT    AOBASIS   BASIS     P2S    ABASIS      S 
                                         1400     1410     1200     1210     1080     1600     1650     1700   
                                           T        V       H0       H01     AOSYM     SMH    MOLCAS    OPER   

              2       6        6.08       700     1000      520     2100     2101     2102   
                                         GEOM     BASIS   MCVARS     RHF      RHF      RHF  

 PROGRAMS   *        TOTAL        HF       INT   CCSD(T)        HF       INT   CCSD(T)        HF       INT
 CPU TIMES  *      1239.56      5.13      0.14    310.43      5.28      0.11    893.16      6.67     18.49
 REAL TIME  *      1419.14 SEC
 DISK USED  *        17.32 GB      
 SF USED    *         1.60 GB      
 GA USED    *         0.01 MB       (max)       0.00 MB       (current)
 **********************************************************************************************************************************
 SETTING E_RHF_B        =    -71800.75776057  KCAL/MOL                        


1PROGRAM * CCSD (Closed-shell coupled cluster)     Authors: C. Hampel, H.-J. Werner, 1991, M. Deegan, P.J. Knowles, 1992


 Convergence thresholds:  THRVAR = 1.00D-08  THRDEN = 1.00D-06

 CCSD(T)     terms to be evaluated (factor= 1.000)


 Number of core orbitals:           2 (   2 )
 Number of closed-shell orbitals:   7 (   7 )
 Number of external orbitals:     224 ( 224 )

 Molecular orbitals read from record     2102.2  Type=RHF/CANONICAL (state 1.1)

 Number of N-1 electron functions:               7
 Number of N-2 electron functions:              28
 Number of singly external CSFs:              1568
 Number of doubly external CSFs:           1230096
 Total number of CSFs:                     1231665

 Length of J-op  integral file:               0.00 MB
 Length of K-op  integral file:               3.73 MB
 Length of 3-ext integral record:             0.00 MB

 Memory could be reduced to 110.82 Mwords without degradation in triples

 Integral transformation finished. Total CPU:  19.17 sec, npass=  1  Memory used:  54.55 MW

 Reference energy:                   -114.42176783

 MP2 singlet pair energy:              -0.23733959
 MP2 triplet pair energy:              -0.14257281
 MP2 correlation energy:               -0.37991240
 MP2 total energy:                   -114.80168023

 SCS-MP2 correlation energy:           -0.37351948   (PS=  1.200000  PT=  0.333333)
 SCS-MP2 total energy:               -114.79528730

 ITER.      SQ.NORM     CORR.ENERGY   TOTAL ENERGY   ENERGY CHANGE        DEN1      VAR(S)    VAR(P)  DIIS     TIME
   1      1.12578766    -0.39504034  -114.81680817    -0.01512794    -0.00213604  0.50D-02  0.28D-02  1  1    22.14
   2      1.13651545    -0.39521556  -114.81698339    -0.00017522    -0.01047248  0.63D-04  0.58D-03  2  2    25.18
   3      1.14181126    -0.39564296  -114.81741079    -0.00042741    -0.00199973  0.19D-03  0.31D-04  3  3    28.25
   4      1.14391796    -0.39551732  -114.81728514     0.00012565    -0.00057683  0.31D-04  0.79D-05  4  4    31.32
   5      1.14539557    -0.39545641  -114.81722423     0.00006091    -0.00023493  0.12D-04  0.18D-05  5  5    34.40
   6      1.14614785    -0.39544052  -114.81720835     0.00001589    -0.00005271  0.40D-05  0.53D-06  6  6    37.58
   7      1.14659741    -0.39542460  -114.81719242     0.00001592    -0.00000660  0.91D-06  0.27D-06  6  1    40.53
   8      1.14688690    -0.39541186  -114.81717969     0.00001273    -0.00002124  0.30D-06  0.52D-07  6  2    43.55
   9      1.14695321    -0.39541530  -114.81718313    -0.00000344     0.00000614  0.97D-07  0.20D-07  6  3    46.49
  10      1.14702196    -0.39541224  -114.81718007     0.00000306    -0.00000512  0.32D-07  0.80D-08  6  4    49.50
  11      1.14702154    -0.39541315  -114.81718098    -0.00000091     0.00000037  0.15D-07  0.28D-08  6  5    52.46
  12      1.14703337    -0.39541334  -114.81718117    -0.00000019    -0.00000066  0.55D-08  0.10D-08  6  6    55.40

 Norm of t1 vector:      0.10757588      S-energy:    -0.00000094      T1 diagnostic:  0.02032993
                                                                       D1 diagnostic:  0.04916027


 Total CPU time for triples:     40.30 sec


 RESULTS
 =======

  Reference energy                   -114.421767827251
  CCSD singlet pair energy             -0.269018635703
  CCSD triplet pair energy             -0.126393770703
  CCSD correlation energy              -0.395413343736

  Triples (T) contribution             -0.013447020273
  Total correlation energy             -0.408860364008

  CCSD total energy                  -114.817181170987
  CCSD[T] energy                     -114.832286918736
  CCSD-T energy                      -114.830104313406
 !CCSD(T) total energy               -114.830628191259

 Timing summary (sec):

 STEP                 CPU(USER)    SYS     CPU(TOT)    WALL
 Transformation         19.21      1.47     20.68     21.33
 CCSD iterations        36.21      1.96     38.17     51.93
 Triples                40.30      0.18     40.48     40.48

 Program statistics:

 Available memory in ccsd:               349999704
 Min. memory needed in ccsd:               3889840
 Max. memory used in ccsd:                 4922585
 Max. memory used in cckext:               3461849 (12 integral passes)



 **********************************************************************************************************************************
 DATASETS  * FILE   NREC   LENGTH (MB)   RECORD NAMES
              1      19      345.05       500      610      700      900      950      970     1000      129      960     1100   
                                          VAR    BASINP    GEOM    SYMINP    ZMAT    AOBASIS   BASIS     P2S    ABASIS      S 
                                         1400     1410     1200     1210     1080     1600     1650     1700     1380   
                                           T        V       H0       H01     AOSYM     SMH    MOLCAS    OPER     JKOP   

              2       6        6.08       700     1000      520     2100     2101     2102   
                                         GEOM     BASIS   MCVARS     RHF      RHF      RHF  

 PROGRAMS   *        TOTAL   CCSD(T)        HF       INT   CCSD(T)        HF       INT   CCSD(T)        HF       INT
 CPU TIMES  *      1335.32     95.76      5.13      0.14    310.43      5.28      0.11    893.16      6.67     18.49
 REAL TIME  *      1533.05 SEC
 DISK USED  *        17.32 GB      
 SF USED    *         1.60 GB      
 GA USED    *         0.01 MB       (max)       0.00 MB       (current)
 **********************************************************************************************************************************
 SETTING E_CORR_B       =    -72057.32156405  KCAL/MOL                        
 SETTING E_B            =      -256.56380347  KCAL/MOL                        
 SETTING E_RHF_CP       =       -87.89556674  KCAL/MOL                        
 SETTING E_CORR_CP      =        -6.68280227  KCAL/MOL                        

        CCSD(T)         HF-SCF          CCSD(T)         HF-SCF          CCSD(T)         HF-SCF  
   -114.83062819   -114.42176783   -226.02254670   -225.21994837   -341.00389509   -339.78178667
 **********************************************************************************************************************************
 Variable memory released
