
 Primary working directories    : /scratch/1723556.phoenix.chem.wisc.edu
 Secondary working directories  : /scratch/1723556.phoenix.chem.wisc.edu
 Wavefunction directory         : /scratch/1723556.phoenix.chem.wisc.edu/
 Main file repository           : /scratch/1723556.phoenix.chem.wisc.edu/

 SHA1      : 65e45729fe3f963b0eb97374e3bda9949063ef0f
 NAME      : 2012.1.17
 ARCHNAME  : Linux/x86_64
 FC        : /opt/intel/composer_xe_2013.5.192/bin/intel64/ifort
 FCVERSION : 13.1.3
 BLASLIB   : -L/opt/intel/composer_xe_2013.5.192/mkl/lib/intel64 -lmkl_intel_ilp64 -lmkl_sequential -lmkl_core
 id        : cuichemwisc

 Nodes             nprocs
 compute-1-35.local   12
 ga_uses_ma=false, calling ma_init with nominal heap.
 GA-space will be limited to   8.0 MW (determined by -G option)

 Using customized tuning parameters: mindgm=1; mindgv=20; mindgc=4; mindgr=1; noblas=0; minvec=7
 default implementation of scratch files=sf  

 geomtyp=xyz
 geometry={
 15
  N0         -0.208558970000       0.043929690000       0.318609930000
  N1         -2.010102970000      -0.985925310000      -0.463509070000
  C2         -0.668732970000      -1.072534310000      -0.218506070000
  C3         -2.426005970000       0.271534690000      -0.056321070000
  H4         -2.594702970000      -1.707650310000      -0.883455070000
  C5         -1.295944970000       0.887865690000       0.424522930000
  H6         -0.082264970000      -1.956937310000      -0.450059070000
  H7         -3.453559970000       0.594046690000      -0.152161070000
  H8         -1.193909970000       1.880025690000       0.830125930000
  H9          0.733628590000       0.237568340000       0.592081430000
  C10         2.418816279668       0.873322440755      -0.685483862547
  H11         2.344529279668       1.877735440755      -0.254456862547
  H12         1.633705279668       0.744619440755      -1.433921862547
  H13         3.395453279668       0.764584440755      -1.167844862547
  O14         2.335144629668      -0.057486669245       0.246714317453
 }
 
 
 basis=avdz
 
                                                                                 ! Complex
 set,charge=0
 
 hf
 e_rhf_c = energy*tokcal
 ccsd(t)
 e_corr_c = energy*tokcal
 e_c = e_corr_c - e_rhf_c
 
 
                                                                                 ! Monomer 1
 set,charge=1
 dummy,C10,H11,H12,H13,O14
 
 hf
 e_rhf_a = energy*tokcal
 ccsd(t)
 e_corr_a = energy*tokcal
 e_a = e_corr_a - e_rhf_a
 
 
                                                                                 ! Monomer 2
 set,charge=-1
 dummy,N0,N1,C2,C3,H4,C5,H6,H7,H8,H9
 
 hf
 e_rhf_b = energy*tokcal
 ccsd(t)
 e_corr_b = energy*tokcal
 e_b = e_corr_b - e_rhf_b
 
 
 e_rhf_cp = e_rhf_c - (e_rhf_a + e_rhf_b)
 e_corr_cp = e_c - (e_a + e_b)

 Variables initialized (782), CPU time= 0.01 sec
 Commands  initialized (547), CPU time= 0.01 sec, 517 directives.
 Default parameters read. Elapsed time= 0.13 sec

 Checking input...
 Passed
1


                                         ***  PROGRAM SYSTEM MOLPRO  ***
                         Copyright, University College Cardiff Consultants Limited, 2008

                                    Version 2012.1 linked Oct 11 2014 15:40:16


 **********************************************************************************************************************************
 LABEL *                                                                                 
 Linux-2.6.18-308.el5/compute-1-35.local(x86_64) 64 bit mpp version                      DATE: 12-Dec-14          TIME: 03:54:31  
 **********************************************************************************************************************************

 SHA1:             65e45729fe3f963b0eb97374e3bda9949063ef0f
 **********************************************************************************************************************************
 SETTING GEOMTYP        =    XYZ

 Variable memory set to  350000000 words,  buffer space   230000 words

 SETTING BASIS          =    AVDZ
 SETTING CHARGE         =         0.00000000                                  


 Recomputing integrals since basis changed


 Using spherical harmonics

 Library entry N      S aug-cc-pVDZ          selected for orbital group  1
 Library entry N      P aug-cc-pVDZ          selected for orbital group  1
 Library entry N      D aug-cc-pVDZ          selected for orbital group  1
 Library entry C      S aug-cc-pVDZ          selected for orbital group  2
 Library entry C      P aug-cc-pVDZ          selected for orbital group  2
 Library entry C      D aug-cc-pVDZ          selected for orbital group  2
 Library entry H      S aug-cc-pVDZ          selected for orbital group  3
 Library entry H      P aug-cc-pVDZ          selected for orbital group  3
 Library entry O      S aug-cc-pVDZ          selected for orbital group  8
 Library entry O      P aug-cc-pVDZ          selected for orbital group  8
 Library entry O      D aug-cc-pVDZ          selected for orbital group  8

1PROGRAM * SEWARD (Integral evaluation for generally contracted gaussian basis sets)     Author: Roland Lindh, 1990

 Geometry written to block  1 of record 700


 Point group  C1  



 ATOMIC COORDINATES

 NR  ATOM    CHARGE       X              Y              Z

   1  N0      7.00   -0.394119336    0.083015083    0.602085510
   2  N1      7.00   -3.798544109   -1.863128822   -0.875905202
   3  C2      6.00   -1.263722168   -2.026796112   -0.412916630
   4  C3      6.00   -4.584486876    0.513126199   -0.106431398
   5  H4      1.00   -4.903278006   -3.226991414   -1.669488132
   6  C5      6.00   -2.448981075    1.677822996    0.802232074
   7  H6      1.00   -0.155458264   -3.698075572   -0.850488385
   8  H7      1.00   -6.526282522    1.122585553   -0.287542750
   9  H8      1.00   -2.256162869    3.552733674    1.568710662
  10  H9      1.00    1.386357117    0.448939100    1.118871750
  11  C10     6.00    4.570900331    1.650340237   -1.295376768
  12  H11     1.00    4.430518246    3.548405730   -0.480853782
  13  H12     1.00    3.087255558    1.407126815   -2.709719614
  14  H13     1.00    6.416476791    1.444855197   -2.206906954
  15  O14     8.00    4.412783827   -0.108634061    0.466222493

 Bond lengths in Bohr (Angstrom)

  1- 3  2.497547139   1- 6  2.608817297   1-10  1.889726118   2- 3  2.581950362   2- 4  2.618469762
       ( 1.321645025)       ( 1.380526656)       ( 0.999999993)       ( 1.366309286)       ( 1.385634520)

 2-5  1.926222214  3-7  2.052533302  4-6  2.596646484  4-8  2.043235756  6-9  2.034688757
     ( 1.019312895)     ( 1.086153844)     ( 1.374086139)     ( 1.081233795)     ( 1.076710918)

 11-12  2.070219176  11-13  2.064151222  11-14  2.068638164  11-15  2.494438487
       ( 1.095512806)       ( 1.092301783)       ( 1.094676170)       ( 1.319999997)

 Bond angles

  1-3-2  111.17107112   1-3-7  125.90760457   1-6-4  110.28766710   1-6-9  121.16921863

  2-3-7  122.92086882   2-4-6  105.25010111   2-4-8  121.99826426   3-1-6  105.86304950

  3- 1-10  127.06847515   3- 2- 4  107.42788808   3- 2- 5  126.30256596   4- 2- 5  126.26194913

  4- 6- 9  128.54108940   6- 1-10  127.06847535   6- 4- 8  132.75045674  12-11-13  109.20063486

 12-11-14  108.96201772  12-11-15  111.36845194  13-11-14  109.12517017  13-11-15  110.80834240

 14-11-15  107.31910621

 NUCLEAR CHARGE:                   54
 NUMBER OF PRIMITIVE AOS:         347
 NUMBER OF SYMMETRY AOS:          333
 NUMBER OF CONTRACTIONS:          233   ( 233A   )
 NUMBER OF CORE ORBITALS:           7   (   7A   )
 NUMBER OF VALENCE ORBITALS:       36   (  36A   )


 NUCLEAR REPULSION ENERGY  296.82100282


 Eigenvalues of metric

         1 0.142E-04 0.476E-04 0.974E-04 0.197E-03 0.204E-03 0.251E-03 0.337E-03 0.371E-03


 Contracted 2-electron integrals neglected if value below      1.0D-12
 AO integral compression algorithm  1   Integral accuracy      1.0D-12

     1790.444 MB (compressed) written to integral file ( 54.9%)

     Node minimum: 141.558 MB, node maximum: 154.665 MB


 NUMBER OF SORTED TWO-ELECTRON INTEGRALS:   30958272.     BUFFER LENGTH:  32768
 NUMBER OF SEGMENTS:   2  SEGMENT LENGTH:   15990336      RECORD LENGTH: 524288

 Memory used in sort:      16.55 MW

 SORT1 READ   407805544. AND WROTE    29913044. INTEGRALS IN     86 RECORDS. CPU TIME:    11.82 SEC, REAL TIME:    14.97 SEC
 SORT2 READ   359177322. AND WROTE   371594691. INTEGRALS IN   7080 RECORDS. CPU TIME:     1.03 SEC, REAL TIME:    23.15 SEC

 Node minimum:    30953730.  Node maximum:    30978720. integrals

 OPERATOR DM      FOR CENTER  0  COORDINATES:    0.000000    0.000000    0.000000


 **********************************************************************************************************************************
 DATASETS  * FILE   NREC   LENGTH (MB)   RECORD NAMES
              1      18        9.80       500      610      700      900      950      970     1000      129      960     1100   
                                          VAR    BASINP    GEOM    SYMINP    ZMAT    AOBASIS   BASIS     P2S    ABASIS      S 
                                         1400     1410     1200     1210     1080     1600     1650     1700   
                                           T        V       H0       H01     AOSYM     SMH    MOLCAS    OPER   

 PROGRAMS   *        TOTAL       INT
 CPU TIMES  *        16.73     16.59
 REAL TIME  *        43.62 SEC
 DISK USED  *         6.05 GB      
 GA USED    *         0.01 MB       (max)       0.00 MB       (current)
 **********************************************************************************************************************************

1PROGRAM * RHF-SCF (CLOSED SHELL)       Authors: W. Meyer, H.-J. Werner


 NUMBER OF ELECTRONS:      27+   27-    SPACE SYMMETRY=1    SPIN SYMMETRY: Singlet 
 CONVERGENCE THRESHOLDS:    1.00E-05 (Density)    1.08E-07 (Energy)
 MAX. NUMBER OF ITERATIONS:       60
 INTERPOLATION TYPE:            DIIS
 INTERPOLATION STEPS:              2 (START)      1 (STEP)
 LEVEL SHIFTS:                  0.00 (CLOSED)  0.00 (OPEN) 



 Orbital guess generated from atomic densities. Full valence occupancy:   43

 Molecular orbital dump at record        2100.2

 ITERATION    DDIFF          GRAD             ENERGY        2-EL.EN.            DIPOLE MOMENTS         DIIS   ORB.
    1      0.000D+00      0.000D+00      -339.65896788    827.897997   -5.82939   -1.00976   -1.03175    0    start
    2      0.000D+00      0.509D-02      -339.75937149    823.826616   -4.79478   -0.85878   -0.12675    1    diag
    3      0.986D-02      0.367D-02      -339.81784178    826.524975   -4.95018   -0.79208   -0.47854    2    diag
    4      0.392D-02      0.505D-03      -339.82000920    826.041263   -4.86169   -0.82321   -0.46634    3    diag
    5      0.117D-02      0.135D-03      -339.82017843    826.211562   -4.85478   -0.79052   -0.46377    4    diag
    6      0.258D-03      0.548D-04      -339.82021844    826.172452   -4.84611   -0.80186   -0.46761    5    diag
    7      0.116D-03      0.213D-04      -339.82022956    826.169925   -4.84157   -0.80047   -0.46697    6    diag
    8      0.644D-04      0.966D-05      -339.82023138    826.176205   -4.84179   -0.80243   -0.46809    7    diag
    9      0.271D-04      0.394D-05      -339.82023164    826.175676   -4.84084   -0.80271   -0.46784    8    diag
   10      0.117D-04      0.994D-06      -339.82023165    826.175533   -4.84106   -0.80275   -0.46781    9    orth
   11      0.258D-05      0.374D-06      -339.82023165    826.175587   -4.84102   -0.80278   -0.46777    0    orth

 Final occupancy:  27

 !RHF STATE 1.1 Energy               -339.820231651924
 Nuclear energy                       296.82100282
 One-electron energy                -1049.72902786
 Two-electron energy                  413.08779339
 Virial quotient                       -1.00099547
 !RHF STATE 1.1 Dipole moment          -4.84101863    -0.80277871    -0.46776636
 Dipole moment /Debye                 -12.30383612    -2.04032631    -1.18886562

 Orbital energies:

         1.1          2.1          3.1          4.1          5.1          6.1          7.1          8.1          9.1         10.1
    -20.376976   -15.707471   -15.671666   -11.399479   -11.338342   -11.329602   -11.176376    -1.429817    -1.276427    -1.192025

        11.1         12.1         13.1         14.1         15.1         16.1         17.1         18.1         19.1         20.1
     -1.086075    -0.938327    -0.888371    -0.833164    -0.784177    -0.747240    -0.677991    -0.670767    -0.662706    -0.650005

        21.1         22.1         23.1         24.1         25.1         26.1         27.1         28.1         29.1
     -0.527310    -0.519641    -0.494477    -0.447023    -0.391689    -0.282363    -0.277215     0.003568     0.024067

 HOMO     27.1    -0.277215 =      -7.5434eV
 LUMO     28.1     0.003568 =       0.0971eV
 LUMO-HOMO         0.280783 =       7.6405eV


 **********************************************************************************************************************************
 DATASETS  * FILE   NREC   LENGTH (MB)   RECORD NAMES
              1      18        9.80       500      610      700      900      950      970     1000      129      960     1100   
                                          VAR    BASINP    GEOM    SYMINP    ZMAT    AOBASIS   BASIS     P2S    ABASIS      S 
                                         1400     1410     1200     1210     1080     1600     1650     1700   
                                           T        V       H0       H01     AOSYM     SMH    MOLCAS    OPER   

              2       4        1.65       700     1000      520     2100   
                                         GEOM     BASIS   MCVARS     RHF  

 PROGRAMS   *        TOTAL        HF       INT
 CPU TIMES  *        23.04      6.05     16.59
 REAL TIME  *        59.30 SEC
 DISK USED  *         6.24 GB      
 SF USED    *         0.22 MB      
 GA USED    *         0.01 MB       (max)       0.00 MB       (current)
 **********************************************************************************************************************************
 SETTING E_RHF_C        =    ***************  KCAL/MOL                        


1PROGRAM * CCSD (Closed-shell coupled cluster)     Authors: C. Hampel, H.-J. Werner, 1991, M. Deegan, P.J. Knowles, 1992


 Convergence thresholds:  THRVAR = 1.00D-08  THRDEN = 1.08D-06

 CCSD(T)     terms to be evaluated (factor= 1.000)


 Number of core orbitals:           7 (   7 )
 Number of closed-shell orbitals:  20 (  20 )
 Number of external orbitals:     206 ( 206 )

 Molecular orbitals read from record     2100.2  Type=RHF/CANONICAL (state 1.1)

 Number of N-1 electron functions:              20
 Number of N-2 electron functions:             210
 Number of singly external CSFs:              4120
 Number of doubly external CSFs:           8489260
 Total number of CSFs:                     8493381

 Length of J-op  integral file:               0.00 MB
 Length of K-op  integral file:               3.73 MB
 Length of 3-ext integral record:             0.00 MB

 Memory could be reduced to 217.70 Mwords without degradation in triples

 Integral transformation finished. Total CPU:  44.40 sec, npass=  1  Memory used: 153.02 MW

 Reference energy:                   -339.82023165

 MP2 singlet pair energy:              -0.68442666
 MP2 triplet pair energy:              -0.44135507
 MP2 correlation energy:               -1.12578173
 MP2 total energy:                   -340.94601338

 SCS-MP2 correlation energy:           -1.09593292   (PS=  1.200000  PT=  0.333333)
 SCS-MP2 total energy:               -340.91616457

 ITER.      SQ.NORM     CORR.ENERGY   TOTAL ENERGY   ENERGY CHANGE        DEN1      VAR(S)    VAR(P)  DIIS     TIME
   1      1.38168713    -1.16245983  -340.98269149    -0.03667811    -0.00356884  0.84D-02  0.77D-02  1  1    70.11
   2      1.41174942    -1.16611215  -340.98634380    -0.00365232    -0.02955020  0.15D-03  0.12D-02  2  2    94.71
   3      1.42378734    -1.16666759  -340.98689924    -0.00055544    -0.00554533  0.23D-03  0.68D-04  3  3   124.66
   4      1.42816548    -1.16651050  -340.98674216     0.00015709    -0.00143811  0.24D-04  0.16D-04  4  4   149.38
   5      1.43037514    -1.16651395  -340.98674560    -0.00000345    -0.00046382  0.97D-05  0.19D-05  5  5   174.37
   6      1.43115534    -1.16649641  -340.98672806     0.00001754    -0.00009045  0.23D-05  0.59D-06  6  6   199.45
   7      1.43149440    -1.16647704  -340.98670869     0.00001937    -0.00000661  0.62D-06  0.22D-06  6  1   224.37
   8      1.43169661    -1.16647121  -340.98670286     0.00000583    -0.00002657  0.21D-06  0.50D-07  6  2   249.32
   9      1.43174754    -1.16647243  -340.98670408    -0.00000122     0.00000767  0.50D-07  0.15D-07  6  3   274.95
  10      1.43178964    -1.16646986  -340.98670151     0.00000257    -0.00000633  0.22D-07  0.41D-08  6  6   299.46
  11      1.43179867    -1.16646977  -340.98670142     0.00000008    -0.00000140  0.59D-08  0.12D-08  6  4   324.09
  12      1.43179876    -1.16647037  -340.98670202    -0.00000059     0.00000072  0.20D-08  0.57D-09  6  5   349.93

 Norm of t1 vector:      0.13557418      S-energy:     0.00000037      T1 diagnostic:  0.01515765
                                                                       D1 diagnostic:  0.05148948


 Total CPU time for triples:    545.25 sec


 RESULTS
 =======

  Reference energy                   -339.820231651927
  CCSD singlet pair energy             -0.774294463660
  CCSD triplet pair energy             -0.392176272790
  CCSD correlation energy              -1.166470367282

  Triples (T) contribution             -0.047693471330
  Total correlation energy             -1.214163838612

  CCSD total energy                  -340.986702019209
  CCSD[T] energy                     -341.036843415723
  CCSD-T energy                      -341.033506547996
 !CCSD(T) total energy               -341.034395490539

 Timing summary (sec):

 STEP                 CPU(USER)    SYS     CPU(TOT)    WALL
 Transformation         45.31      6.32     51.63     60.11
 CCSD iterations       304.69     10.03    314.72    343.54
 Triples               545.25      3.42    548.67    551.05

 Program statistics:

 Available memory in ccsd:               349998300
 Min. memory needed in ccsd:              20564248
 Max. memory used in ccsd:                28437408
 Max. memory used in cckext:              23474660 (12 integral passes)



 **********************************************************************************************************************************
 DATASETS  * FILE   NREC   LENGTH (MB)   RECORD NAMES
              1      19      850.42       500      610      700      900      950      970     1000      129      960     1100   
                                          VAR    BASINP    GEOM    SYMINP    ZMAT    AOBASIS   BASIS     P2S    ABASIS      S 
                                         1400     1410     1200     1210     1080     1600     1650     1700     1380   
                                           T        V       H0       H01     AOSYM     SMH    MOLCAS    OPER     JKOP   

              2       4        1.65       700     1000      520     2100   
                                         GEOM     BASIS   MCVARS     RHF  

 PROGRAMS   *        TOTAL   CCSD(T)        HF       INT
 CPU TIMES  *       918.35    895.30      6.05     16.59
 REAL TIME  *      1014.59 SEC
 DISK USED  *         7.93 GB      
 SF USED    *         1.60 GB      
 GA USED    *         0.01 MB       (max)       0.00 MB       (current)
 **********************************************************************************************************************************
 SETTING E_CORR_C       =    ***************  KCAL/MOL                        
 SETTING E_C            =      -761.89946470  KCAL/MOL                        
 SETTING CHARGE         =         1.00000000                                  

 Dummy atoms: C10  H11  H12  H13  O14


 Recomputing one-electron integrals since nuclear charges changed

1PROGRAM * SEWARD (Integral evaluation for generally contracted gaussian basis sets)     Author: Roland Lindh, 1990

 Geometry written to block  1 of record 700


 Point group  C1  



 ATOMIC COORDINATES

 NR  ATOM    CHARGE       X              Y              Z

   1  N0      7.00   -0.394119336    0.083015083    0.602085510
   2  N1      7.00   -3.798544109   -1.863128822   -0.875905202
   3  C2      6.00   -1.263722168   -2.026796112   -0.412916630
   4  C3      6.00   -4.584486876    0.513126199   -0.106431398
   5  H4      1.00   -4.903278006   -3.226991414   -1.669488132
   6  C5      6.00   -2.448981075    1.677822996    0.802232074
   7  H6      1.00   -0.155458264   -3.698075572   -0.850488385
   8  H7      1.00   -6.526282522    1.122585553   -0.287542750
   9  H8      1.00   -2.256162869    3.552733674    1.568710662
  10  H9      1.00    1.386357117    0.448939100    1.118871750
  11  C10     0.00    4.570900331    1.650340237   -1.295376768
  12  H11     0.00    4.430518246    3.548405730   -0.480853782
  13  H12     0.00    3.087255558    1.407126815   -2.709719614
  14  H13     0.00    6.416476791    1.444855197   -2.206906954
  15  O14     0.00    4.412783827   -0.108634061    0.466222493

 Bond lengths in Bohr (Angstrom)

  1- 3  2.497547139   1- 6  2.608817297   1-10  1.889726118   2- 3  2.581950362   2- 4  2.618469762
       ( 1.321645025)       ( 1.380526656)       ( 0.999999993)       ( 1.366309286)       ( 1.385634520)

 2-5  1.926222214  3-7  2.052533302  4-6  2.596646484  4-8  2.043235756  6-9  2.034688757
     ( 1.019312895)     ( 1.086153844)     ( 1.374086139)     ( 1.081233795)     ( 1.076710918)

 11-12  2.070219176  11-13  2.064151222  11-14  2.068638164  11-15  2.494438487
       ( 1.095512806)       ( 1.092301783)       ( 1.094676170)       ( 1.319999997)

 Bond angles

  1-3-2  111.17107112   1-3-7  125.90760457   1-6-4  110.28766710   1-6-9  121.16921863

  2-3-7  122.92086882   2-4-6  105.25010111   2-4-8  121.99826426   3-1-6  105.86304950

  3- 1-10  127.06847515   3- 2- 4  107.42788808   3- 2- 5  126.30256596   4- 2- 5  126.26194913

  4- 6- 9  128.54108940   6- 1-10  127.06847535   6- 4- 8  132.75045674  12-11-13  109.20063486

 12-11-14  108.96201772  12-11-15  111.36845194  13-11-14  109.12517017  13-11-15  110.80834240

 14-11-15  107.31910621

 NUCLEAR CHARGE:                   37
 NUMBER OF PRIMITIVE AOS:         347
 NUMBER OF SYMMETRY AOS:          333
 NUMBER OF CONTRACTIONS:          233   ( 233A   )
 NUMBER OF CORE ORBITALS:           5   (   5A   )
 NUMBER OF VALENCE ORBITALS:       25   (  25A   )

 MOLECULE CHANGED: INITIALIZING OCCUPATION AND DUMP RECORDS


 NUCLEAR REPULSION ENERGY  172.15847751


 Eigenvalues of metric

         1 0.142E-04 0.476E-04 0.974E-04 0.197E-03 0.204E-03 0.251E-03 0.337E-03 0.371E-03


 Contracted 2-electron integrals neglected if value below      1.0D-12

 OPERATOR DM      FOR CENTER  0  COORDINATES:    0.000000    0.000000    0.000000


 **********************************************************************************************************************************
 DATASETS  * FILE   NREC   LENGTH (MB)   RECORD NAMES
              1      18        9.80       500      610      700      900      950      970     1000      129      960     1100   
                                          VAR    BASINP    GEOM    SYMINP    ZMAT    AOBASIS   BASIS     P2S    ABASIS      S 
                                         1400     1410     1200     1210     1080     1600     1650     1700   
                                           T        V       H0       H01     AOSYM     SMH    MOLCAS    OPER   

              2       4        1.65       700     1000      520     2100   
                                         GEOM     BASIS   MCVARS     RHF  

 PROGRAMS   *        TOTAL       INT   CCSD(T)        HF       INT
 CPU TIMES  *       918.80      0.44    895.30      6.05     16.59
 REAL TIME  *      1016.40 SEC
 DISK USED  *        17.14 GB      
 SF USED    *         1.60 GB      
 GA USED    *         0.01 MB       (max)       0.00 MB       (current)
 **********************************************************************************************************************************

1PROGRAM * RHF-SCF (CLOSED SHELL)       Authors: W. Meyer, H.-J. Werner


 NUMBER OF ELECTRONS:      18+   18-    SPACE SYMMETRY=1    SPIN SYMMETRY: Singlet 
 CONVERGENCE THRESHOLDS:    1.00E-05 (Density)    1.00E-07 (Energy)
 MAX. NUMBER OF ITERATIONS:       60
 INTERPOLATION TYPE:            DIIS
 INTERPOLATION STEPS:              2 (START)      1 (STEP)
 LEVEL SHIFTS:                  0.00 (CLOSED)  0.00 (OPEN) 



 Orbital guess generated from atomic densities. Full valence occupancy:   30

 Molecular orbital dump at record        2101.2

 ITERATION    DDIFF          GRAD             ENERGY        2-EL.EN.            DIPOLE MOMENTS         DIIS   ORB.
    1      0.000D+00      0.000D+00      -225.14829045    474.337440   -1.74073   -1.37046   -0.26813    0    start
    2      0.000D+00      0.358D-02      -225.20881299    479.705464   -2.24913   -0.67537   -0.10158    1    diag
    3      0.590D-02      0.161D-02      -225.21817213    478.097218   -2.05504   -0.93037   -0.16146    2    diag
    4      0.231D-02      0.473D-03      -225.21944376    478.358946   -2.10173   -0.87130   -0.14828    3    diag
    5      0.732D-03      0.897D-04      -225.21953853    478.443840   -2.09043   -0.88246   -0.15034    4    diag
    6      0.178D-03      0.477D-04      -225.21956599    478.415449   -2.09185   -0.88286   -0.15080    5    diag
    7      0.811D-04      0.201D-04      -225.21957501    478.423959   -2.08738   -0.88694   -0.15149    6    diag
    8      0.621D-04      0.776D-05      -225.21957573    478.424389   -2.08748   -0.88809   -0.15196    7    diag
    9      0.209D-04      0.231D-05      -225.21957576    478.423766   -2.08702   -0.88807   -0.15185    8    diag
   10      0.356D-05      0.522D-06      -225.21957576    478.423855   -2.08712   -0.88813   -0.15190    0    orth

 Final occupancy:  18

 !RHF STATE 1.1 Energy               -225.219575762233
 Nuclear energy                       172.15847751
 One-electron energy                 -636.58998068
 Two-electron energy                  239.21192741
 Virial quotient                       -1.00204428
 !RHF STATE 1.1 Dipole moment          -2.08712307    -0.88812727    -0.15189738
 Dipole moment /Debye                  -5.30459026    -2.25724651    -0.38605935

 Orbital energies:

         1.1          2.1          3.1          4.1          5.1          6.1          7.1          8.1          9.1         10.1
    -15.864597   -15.859011   -11.565015   -11.485936   -11.481076    -1.593859    -1.441026    -1.241295    -1.107164    -1.046504

        11.1         12.1         13.1         14.1         15.1         16.1         17.1         18.1         19.1         20.1
     -0.988977    -0.917688    -0.839059    -0.825833    -0.815907    -0.800025    -0.668916    -0.541176    -0.097009    -0.080691

 HOMO     18.1    -0.541176 =     -14.7261eV
 LUMO     19.1    -0.097009 =      -2.6398eV
 LUMO-HOMO         0.444166 =      12.0864eV


 **********************************************************************************************************************************
 DATASETS  * FILE   NREC   LENGTH (MB)   RECORD NAMES
              1      18        9.80       500      610      700      900      950      970     1000      129      960     1100   
                                          VAR    BASINP    GEOM    SYMINP    ZMAT    AOBASIS   BASIS     P2S    ABASIS      S 
                                         1400     1410     1200     1210     1080     1600     1650     1700   
                                           T        V       H0       H01     AOSYM     SMH    MOLCAS    OPER   

              2       5        3.87       700     1000      520     2100     2101   
                                         GEOM     BASIS   MCVARS     RHF      RHF  

 PROGRAMS   *        TOTAL        HF       INT   CCSD(T)        HF       INT
 CPU TIMES  *       924.04      5.24      0.44    895.30      6.05     16.59
 REAL TIME  *      1023.87 SEC
 DISK USED  *        17.14 GB      
 SF USED    *         1.60 GB      
 GA USED    *         0.01 MB       (max)       0.00 MB       (current)
 **********************************************************************************************************************************
 SETTING E_RHF_A        =    ***************  KCAL/MOL                        


1PROGRAM * CCSD (Closed-shell coupled cluster)     Authors: C. Hampel, H.-J. Werner, 1991, M. Deegan, P.J. Knowles, 1992


 Convergence thresholds:  THRVAR = 1.00D-08  THRDEN = 1.00D-06

 CCSD(T)     terms to be evaluated (factor= 1.000)


 Number of core orbitals:           5 (   5 )
 Number of closed-shell orbitals:  13 (  13 )
 Number of external orbitals:     215 ( 215 )

 Molecular orbitals read from record     2101.2  Type=RHF/CANONICAL (state 1.1)

 Number of N-1 electron functions:              13
 Number of N-2 electron functions:              91
 Number of singly external CSFs:              2795
 Number of doubly external CSFs:           3907410
 Total number of CSFs:                     3910206

 Length of J-op  integral file:               0.00 MB
 Length of K-op  integral file:               3.73 MB
 Length of 3-ext integral record:             0.00 MB

 Memory could be reduced to 164.37 Mwords without degradation in triples

 Integral transformation finished. Total CPU:  30.17 sec, npass=  1  Memory used:  98.28 MW

 Reference energy:                   -225.21957576

 MP2 singlet pair energy:              -0.44901208
 MP2 triplet pair energy:              -0.29249068
 MP2 correlation energy:               -0.74150275
 MP2 total energy:                   -225.96107852

 SCS-MP2 correlation energy:           -0.72080869   (PS=  1.200000  PT=  0.333333)
 SCS-MP2 total energy:               -225.94038445

 ITER.      SQ.NORM     CORR.ENERGY   TOTAL ENERGY   ENERGY CHANGE        DEN1      VAR(S)    VAR(P)  DIIS     TIME
   1      1.25705285    -0.76466195  -225.98423772    -0.02315920    -0.00285326  0.39D-02  0.51D-02  1  1    40.16
   2      1.27685090    -0.76806681  -225.98764257    -0.00340486    -0.01907160  0.76D-04  0.69D-03  2  2    50.03
   3      1.28421104    -0.76822831  -225.98780407    -0.00016150    -0.00364978  0.80D-04  0.40D-04  3  3    59.93
   4      1.28706592    -0.76825852  -225.98783428    -0.00003021    -0.00091304  0.84D-05  0.58D-05  4  4    69.85
   5      1.28813581    -0.76827503  -225.98785080    -0.00001652    -0.00022030  0.29D-05  0.52D-06  5  5    79.87
   6      1.28847279    -0.76825980  -225.98783556     0.00001524    -0.00003690  0.42D-06  0.14D-06  6  6    89.84
   7      1.28859978    -0.76825595  -225.98783172     0.00000384    -0.00000570  0.91D-07  0.26D-07  6  2    99.80
   8      1.28864531    -0.76825479  -225.98783055     0.00000117    -0.00000248  0.66D-08  0.39D-08  6  1   109.76
   9      1.28865800    -0.76825434  -225.98783010     0.00000045    -0.00000046  0.61D-09  0.44D-09  6  3   119.74
  10      1.28865506    -0.76825473  -225.98783049    -0.00000039     0.00000143  0.14D-09  0.44D-10  6  5   129.69

 Norm of t1 vector:      0.09517748      S-energy:     0.00000014      T1 diagnostic:  0.01319874
                                                                       D1 diagnostic:  0.05222500


 Total CPU time for triples:    179.84 sec


 RESULTS
 =======

  Reference energy                   -225.219575762234
  CCSD singlet pair energy             -0.508750235982
  CCSD triplet pair energy             -0.259504629527
  CCSD correlation energy              -0.768254729993

  Triples (T) contribution             -0.033283554015
  Total correlation energy             -0.801538284008

  CCSD total energy                  -225.987830492227
  CCSD[T] energy                     -226.022110505656
  CCSD-T energy                      -226.020727603031
 !CCSD(T) total energy               -226.021114046242

 Timing summary (sec):

 STEP                 CPU(USER)    SYS     CPU(TOT)    WALL
 Transformation         30.28      2.70     32.98     33.61
 CCSD iterations        99.45      3.55    103.00    149.15
 Triples               179.84      1.27    181.11    181.12

 Program statistics:

 Available memory in ccsd:               349999224
 Min. memory needed in ccsd:              10016553
 Max. memory used in ccsd:                13520066
 Max. memory used in cckext:              10388657 (10 integral passes)



 **********************************************************************************************************************************
 DATASETS  * FILE   NREC   LENGTH (MB)   RECORD NAMES
              1      19      589.24       500      610      700      900      950      970     1000      129      960     1100   
                                          VAR    BASINP    GEOM    SYMINP    ZMAT    AOBASIS   BASIS     P2S    ABASIS      S 
                                         1400     1410     1200     1210     1080     1600     1650     1700     1380   
                                           T        V       H0       H01     AOSYM     SMH    MOLCAS    OPER     JKOP   

              2       5        3.87       700     1000      520     2100     2101   
                                         GEOM     BASIS   MCVARS     RHF      RHF  

 PROGRAMS   *        TOTAL   CCSD(T)        HF       INT   CCSD(T)        HF       INT
 CPU TIMES  *      1233.65    309.61      5.24      0.44    895.30      6.05     16.59
 REAL TIME  *      1388.03 SEC
 DISK USED  *        17.14 GB      
 SF USED    *         1.60 GB      
 GA USED    *         0.01 MB       (max)       0.00 MB       (current)
 **********************************************************************************************************************************
 SETTING E_CORR_A       =    ***************  KCAL/MOL                        
 SETTING E_A            =      -502.97296798  KCAL/MOL                        
 SETTING CHARGE         =        -1.00000000                                  

 Dummy atoms: N0  N1  C2  C3  H4  C5  H6  H7  H8  H9


 Recomputing one-electron integrals since nuclear charges changed

1PROGRAM * SEWARD (Integral evaluation for generally contracted gaussian basis sets)     Author: Roland Lindh, 1990

 Geometry written to block  1 of record 700


 Point group  C1  



 ATOMIC COORDINATES

 NR  ATOM    CHARGE       X              Y              Z

   1  N0      0.00   -0.394119336    0.083015083    0.602085510
   2  N1      0.00   -3.798544109   -1.863128822   -0.875905202
   3  C2      0.00   -1.263722168   -2.026796112   -0.412916630
   4  C3      0.00   -4.584486876    0.513126199   -0.106431398
   5  H4      0.00   -4.903278006   -3.226991414   -1.669488132
   6  C5      0.00   -2.448981075    1.677822996    0.802232074
   7  H6      0.00   -0.155458264   -3.698075572   -0.850488385
   8  H7      0.00   -6.526282522    1.122585553   -0.287542750
   9  H8      0.00   -2.256162869    3.552733674    1.568710662
  10  H9      0.00    1.386357117    0.448939100    1.118871750
  11  C10     6.00    4.570900331    1.650340237   -1.295376768
  12  H11     1.00    4.430518246    3.548405730   -0.480853782
  13  H12     1.00    3.087255558    1.407126815   -2.709719614
  14  H13     1.00    6.416476791    1.444855197   -2.206906954
  15  O14     8.00    4.412783827   -0.108634061    0.466222493

 Bond lengths in Bohr (Angstrom)

  1- 3  2.497547139   1- 6  2.608817297   1-10  1.889726118   2- 3  2.581950362   2- 4  2.618469762
       ( 1.321645025)       ( 1.380526656)       ( 0.999999993)       ( 1.366309286)       ( 1.385634520)

 2-5  1.926222214  3-7  2.052533302  4-6  2.596646484  4-8  2.043235756  6-9  2.034688757
     ( 1.019312895)     ( 1.086153844)     ( 1.374086139)     ( 1.081233795)     ( 1.076710918)

 11-12  2.070219176  11-13  2.064151222  11-14  2.068638164  11-15  2.494438487
       ( 1.095512806)       ( 1.092301783)       ( 1.094676170)       ( 1.319999997)

 Bond angles

  1-3-2  111.17107112   1-3-7  125.90760457   1-6-4  110.28766710   1-6-9  121.16921863

  2-3-7  122.92086882   2-4-6  105.25010111   2-4-8  121.99826426   3-1-6  105.86304950

  3- 1-10  127.06847515   3- 2- 4  107.42788808   3- 2- 5  126.30256596   4- 2- 5  126.26194913

  4- 6- 9  128.54108940   6- 1-10  127.06847535   6- 4- 8  132.75045674  12-11-13  109.20063486

 12-11-14  108.96201772  12-11-15  111.36845194  13-11-14  109.12517017  13-11-15  110.80834240

 14-11-15  107.31910621

 NUCLEAR CHARGE:                   17
 NUMBER OF PRIMITIVE AOS:         347
 NUMBER OF SYMMETRY AOS:          333
 NUMBER OF CONTRACTIONS:          233   ( 233A   )
 NUMBER OF CORE ORBITALS:           2   (   2A   )
 NUMBER OF VALENCE ORBITALS:       11   (  11A   )

 MOLECULE CHANGED: INITIALIZING OCCUPATION AND DUMP RECORDS


 NUCLEAR REPULSION ENERGY   35.25530855


 Eigenvalues of metric

         1 0.142E-04 0.476E-04 0.974E-04 0.197E-03 0.204E-03 0.251E-03 0.337E-03 0.371E-03


 Contracted 2-electron integrals neglected if value below      1.0D-12

 OPERATOR DM      FOR CENTER  0  COORDINATES:    0.000000    0.000000    0.000000


 **********************************************************************************************************************************
 DATASETS  * FILE   NREC   LENGTH (MB)   RECORD NAMES
              1      18        9.80       500      610      700      900      950      970     1000      129      960     1100   
                                          VAR    BASINP    GEOM    SYMINP    ZMAT    AOBASIS   BASIS     P2S    ABASIS      S 
                                         1400     1410     1200     1210     1080     1600     1650     1700   
                                           T        V       H0       H01     AOSYM     SMH    MOLCAS    OPER   

              2       5        3.87       700     1000      520     2100     2101   
                                         GEOM     BASIS   MCVARS     RHF      RHF  

 PROGRAMS   *        TOTAL       INT   CCSD(T)        HF       INT   CCSD(T)        HF       INT
 CPU TIMES  *      1233.75      0.08    309.61      5.24      0.44    895.30      6.05     16.59
 REAL TIME  *      1388.61 SEC
 DISK USED  *        17.14 GB      
 SF USED    *         1.60 GB      
 GA USED    *         0.01 MB       (max)       0.00 MB       (current)
 **********************************************************************************************************************************

1PROGRAM * RHF-SCF (CLOSED SHELL)       Authors: W. Meyer, H.-J. Werner


 NUMBER OF ELECTRONS:       9+    9-    SPACE SYMMETRY=1    SPIN SYMMETRY: Singlet 
 CONVERGENCE THRESHOLDS:    1.00E-05 (Density)    1.00E-07 (Energy)
 MAX. NUMBER OF ITERATIONS:       60
 INTERPOLATION TYPE:            DIIS
 INTERPOLATION STEPS:              2 (START)      1 (STEP)
 LEVEL SHIFTS:                  0.00 (CLOSED)  0.00 (OPEN) 



 Orbital guess generated from atomic densities. Full valence occupancy:   13

 Molecular orbital dump at record        2102.2

 ITERATION    DDIFF          GRAD             ENERGY        2-EL.EN.            DIPOLE MOMENTS         DIIS   ORB.
    1      0.000D+00      0.000D+00      -114.30279048    169.509730   -4.39148    0.37933   -0.73256    0    start
    2      0.000D+00      0.757D-02      -114.34554888    158.432353   -4.44389   -0.55019    0.19328    1    diag
    3      0.155D-01      0.689D-02      -114.42067460    163.417732   -4.43669   -0.15419   -0.20175    2    diag
    4      0.987D-02      0.430D-03      -114.42142778    163.327313   -4.43830   -0.16111   -0.19539    3    diag
    5      0.129D-02      0.946D-04      -114.42147362    163.303616   -4.43866   -0.15543   -0.20102    4    diag
    6      0.387D-03      0.299D-04      -114.42147722    163.318612   -4.43860   -0.15421   -0.20235    5    diag
    7      0.896D-04      0.832D-05      -114.42147763    163.315374   -4.43859   -0.15341   -0.20318    6    diag
    8      0.347D-04      0.152D-05      -114.42147766    163.315389   -4.43859   -0.15318   -0.20342    7    diag
    9      0.860D-05      0.395D-06      -114.42147766    163.315605   -4.43858   -0.15313   -0.20348    0    orth

 Final occupancy:   9

 !RHF STATE 1.1 Energy               -114.421477660397
 Nuclear energy                        35.25530855
 One-electron energy                 -231.33458848
 Two-electron energy                   81.65780227
 Virial quotient                       -0.99920276
 !RHF STATE 1.1 Dipole moment          -4.43858232    -0.15312782    -0.20348358
 Dipole moment /Debye                 -11.28101205    -0.38918661    -0.51716980

 Orbital energies:

         1.1          2.1          3.1          4.1          5.1          6.1          7.1          8.1          9.1         10.1
    -20.196291   -11.020705    -1.004278    -0.619329    -0.356996    -0.356099    -0.267068    -0.095407    -0.093319     0.103389

        11.1
      0.124647

 HOMO      9.1    -0.093319 =      -2.5393eV
 LUMO     10.1     0.103389 =       2.8134eV
 LUMO-HOMO         0.196708 =       5.3527eV


 **********************************************************************************************************************************
 DATASETS  * FILE   NREC   LENGTH (MB)   RECORD NAMES
              1      18        9.80       500      610      700      900      950      970     1000      129      960     1100   
                                          VAR    BASINP    GEOM    SYMINP    ZMAT    AOBASIS   BASIS     P2S    ABASIS      S 
                                         1400     1410     1200     1210     1080     1600     1650     1700   
                                           T        V       H0       H01     AOSYM     SMH    MOLCAS    OPER   

              2       6        6.08       700     1000      520     2100     2101     2102   
                                         GEOM     BASIS   MCVARS     RHF      RHF      RHF  

 PROGRAMS   *        TOTAL        HF       INT   CCSD(T)        HF       INT   CCSD(T)        HF       INT
 CPU TIMES  *      1238.38      4.62      0.08    309.61      5.24      0.44    895.30      6.05     16.59
 REAL TIME  *      1393.67 SEC
 DISK USED  *        17.14 GB      
 SF USED    *         1.60 GB      
 GA USED    *         0.01 MB       (max)       0.00 MB       (current)
 **********************************************************************************************************************************
 SETTING E_RHF_B        =    -71800.57567808  KCAL/MOL                        


1PROGRAM * CCSD (Closed-shell coupled cluster)     Authors: C. Hampel, H.-J. Werner, 1991, M. Deegan, P.J. Knowles, 1992


 Convergence thresholds:  THRVAR = 1.00D-08  THRDEN = 1.00D-06

 CCSD(T)     terms to be evaluated (factor= 1.000)


 Number of core orbitals:           2 (   2 )
 Number of closed-shell orbitals:   7 (   7 )
 Number of external orbitals:     224 ( 224 )

 Molecular orbitals read from record     2102.2  Type=RHF/CANONICAL (state 1.1)

 Number of N-1 electron functions:               7
 Number of N-2 electron functions:              28
 Number of singly external CSFs:              1568
 Number of doubly external CSFs:           1230096
 Total number of CSFs:                     1231665

 Length of J-op  integral file:               0.00 MB
 Length of K-op  integral file:               3.73 MB
 Length of 3-ext integral record:             0.00 MB

 Memory could be reduced to 110.82 Mwords without degradation in triples

 Integral transformation finished. Total CPU:  16.18 sec, npass=  1  Memory used:  54.55 MW

 Reference energy:                   -114.42147766

 MP2 singlet pair energy:              -0.23547649
 MP2 triplet pair energy:              -0.14187288
 MP2 correlation energy:               -0.37734937
 MP2 total energy:                   -114.79882703

 SCS-MP2 correlation energy:           -0.37084825   (PS=  1.200000  PT=  0.333333)
 SCS-MP2 total energy:               -114.79232591

 ITER.      SQ.NORM     CORR.ENERGY   TOTAL ENERGY   ENERGY CHANGE        DEN1      VAR(S)    VAR(P)  DIIS     TIME
   1      1.12545926    -0.39254249  -114.81402015    -0.01519311    -0.00228664  0.50D-02  0.28D-02  1  1    19.10
   2      1.13621735    -0.39276677  -114.81424443    -0.00022428    -0.01044836  0.63D-04  0.58D-03  2  2    22.13
   3      1.14150556    -0.39319590  -114.81467356    -0.00042913    -0.00200025  0.18D-03  0.31D-04  3  3    25.18
   4      1.14358827    -0.39306953  -114.81454719     0.00012637    -0.00057166  0.30D-04  0.78D-05  4  4    28.34
   5      1.14502815    -0.39300789  -114.81448555     0.00006164    -0.00023262  0.11D-04  0.17D-05  5  5    31.27
   6      1.14574457    -0.39299262  -114.81447028     0.00001527    -0.00005109  0.39D-05  0.51D-06  6  6    34.27
   7      1.14617180    -0.39297777  -114.81445543     0.00001485    -0.00000598  0.93D-06  0.26D-06  6  1    37.21
   8      1.14645221    -0.39296560  -114.81444326     0.00001217    -0.00002069  0.32D-06  0.53D-07  6  2    40.22
   9      1.14652046    -0.39296908  -114.81444674    -0.00000347     0.00000608  0.11D-06  0.21D-07  6  3    43.17
  10      1.14659054    -0.39296613  -114.81444379     0.00000295    -0.00000495  0.35D-07  0.88D-08  6  4    46.10
  11      1.14659188    -0.39296697  -114.81444463    -0.00000084     0.00000026  0.17D-07  0.30D-08  6  5    49.11
  12      1.14660473    -0.39296717  -114.81444483    -0.00000020    -0.00000066  0.60D-08  0.11D-08  6  6    52.04

 Norm of t1 vector:      0.10715988      S-energy:    -0.00000116      T1 diagnostic:  0.02025131
                                                                       D1 diagnostic:  0.04882783


 Total CPU time for triples:     40.42 sec


 RESULTS
 =======

  Reference energy                   -114.421477660397
  CCSD singlet pair energy             -0.267258566062
  CCSD triplet pair energy             -0.125707447519
  CCSD correlation energy              -0.392967169501

  Triples (T) contribution             -0.013166405356
  Total correlation energy             -0.406133574857

  CCSD total energy                  -114.814444829897
  CCSD[T] energy                     -114.829255374982
  CCSD-T energy                      -114.827094661472
 !CCSD(T) total energy               -114.827611235254

 Timing summary (sec):

 STEP                 CPU(USER)    SYS     CPU(TOT)    WALL
 Transformation         16.22      1.34     17.56     17.75
 CCSD iterations        35.84      1.95     37.79     61.32
 Triples                40.42      0.16     40.58     40.59

 Program statistics:

 Available memory in ccsd:               349999704
 Min. memory needed in ccsd:               3889840
 Max. memory used in ccsd:                 4922585
 Max. memory used in cckext:               3461849 (12 integral passes)



 **********************************************************************************************************************************
 DATASETS  * FILE   NREC   LENGTH (MB)   RECORD NAMES
              1      19      345.05       500      610      700      900      950      970     1000      129      960     1100   
                                          VAR    BASINP    GEOM    SYMINP    ZMAT    AOBASIS   BASIS     P2S    ABASIS      S 
                                         1400     1410     1200     1210     1080     1600     1650     1700     1380   
                                           T        V       H0       H01     AOSYM     SMH    MOLCAS    OPER     JKOP   

              2       6        6.08       700     1000      520     2100     2101     2102   
                                         GEOM     BASIS   MCVARS     RHF      RHF      RHF  

 PROGRAMS   *        TOTAL   CCSD(T)        HF       INT   CCSD(T)        HF       INT   CCSD(T)        HF       INT
 CPU TIMES  *      1330.91     92.53      4.62      0.08    309.61      5.24      0.44    895.30      6.05     16.59
 REAL TIME  *      1513.49 SEC
 DISK USED  *        17.14 GB      
 SF USED    *         1.60 GB      
 GA USED    *         0.01 MB       (max)       0.00 MB       (current)
 **********************************************************************************************************************************
 SETTING E_CORR_B       =    -72055.42839519  KCAL/MOL                        
 SETTING E_B            =      -254.85271711  KCAL/MOL                        
 SETTING E_RHF_CP       =      -112.43605899  KCAL/MOL                        
 SETTING E_CORR_CP      =        -4.07377962  KCAL/MOL                        

        CCSD(T)         HF-SCF          CCSD(T)         HF-SCF          CCSD(T)         HF-SCF  
   -114.82761124   -114.42147766   -226.02111405   -225.21957576   -341.03439549   -339.82023165
 **********************************************************************************************************************************
 Variable memory released
