
 Primary working directories    : /scratch/1723567.phoenix.chem.wisc.edu
 Secondary working directories  : /scratch/1723567.phoenix.chem.wisc.edu
 Wavefunction directory         : /scratch/1723567.phoenix.chem.wisc.edu/
 Main file repository           : /scratch/1723567.phoenix.chem.wisc.edu/

 SHA1      : 65e45729fe3f963b0eb97374e3bda9949063ef0f
 NAME      : 2012.1.17
 ARCHNAME  : Linux/x86_64
 FC        : /opt/intel/composer_xe_2013.5.192/bin/intel64/ifort
 FCVERSION : 13.1.3
 BLASLIB   : -L/opt/intel/composer_xe_2013.5.192/mkl/lib/intel64 -lmkl_intel_ilp64 -lmkl_sequential -lmkl_core
 id        : cuichemwisc

 Nodes             nprocs
 compute-1-34.local   12
 ga_uses_ma=false, calling ma_init with nominal heap.
 GA-space will be limited to   8.0 MW (determined by -G option)

 Using customized tuning parameters: mindgm=1; mindgv=20; mindgc=4; mindgr=1; noblas=0; minvec=7
 default implementation of scratch files=sf  

 geomtyp=xyz
 geometry={
 15
  N0         -0.208558970000       0.043929690000       0.318609930000
  N1         -2.010102970000      -0.985925310000      -0.463509070000
  C2         -0.668732970000      -1.072534310000      -0.218506070000
  C3         -2.426005970000       0.271534690000      -0.056321070000
  H4         -2.594702970000      -1.707650310000      -0.883455070000
  C5         -1.295944970000       0.887865690000       0.424522930000
  H6         -0.082264970000      -1.956937310000      -0.450059070000
  H7         -3.453559970000       0.594046690000      -0.152161070000
  H8         -1.193909970000       1.880025690000       0.830125930000
  H9          0.733628590000       0.237568340000       0.592081430000
  C10         3.999732696677       1.133955877549      -0.782593975473
  H11         3.925445696677       2.138368877549      -0.351566975473
  H12         3.214621696677       1.005252877549      -1.531031975473
  H13         4.976369696677       1.025217877549      -1.264954975473
  O14         3.916061046677       0.203146767549       0.149604204527
 }
 
 
 basis=avdz
 
                                                                                 ! Complex
 set,charge=0
 
 df-hf
 e_rhf_c = energy*tokcal
 df-mp2
 e_corr_c = energy*tokcal
 e_c = e_corr_c - e_rhf_c
 
 
                                                                                 ! Monomer 1
 set,charge=1
 dummy,C10,H11,H12,H13,O14
 
 df-hf
 e_rhf_a = energy*tokcal
 df-mp2
 e_corr_a = energy*tokcal
 e_a = e_corr_a - e_rhf_a
 
 
                                                                                 ! Monomer 2
 set,charge=-1
 dummy,N0,N1,C2,C3,H4,C5,H6,H7,H8,H9
 
 df-hf
 e_rhf_b = energy*tokcal
 df-mp2
 e_corr_b = energy*tokcal
 e_b = e_corr_b - e_rhf_b
 
 
 e_rhf_cp = e_rhf_c - (e_rhf_a + e_rhf_b)
 e_corr_cp = e_c - (e_a + e_b)

 Variables initialized (782), CPU time= 0.01 sec
 Commands  initialized (547), CPU time= 0.01 sec, 517 directives.
 Default parameters read. Elapsed time= 0.13 sec

 Checking input...
 Passed
1


                                         ***  PROGRAM SYSTEM MOLPRO  ***
                         Copyright, University College Cardiff Consultants Limited, 2008

                                    Version 2012.1 linked Oct 11 2014 15:40:16


 **********************************************************************************************************************************
 LABEL *                                                                                 
 Linux-2.6.18-308.el5/compute-1-34.local(x86_64) 64 bit mpp version                      DATE: 12-Dec-14          TIME: 04:40:43  
 **********************************************************************************************************************************

 SHA1:             65e45729fe3f963b0eb97374e3bda9949063ef0f
 **********************************************************************************************************************************
 SETTING GEOMTYP        =    XYZ

 Turning off symmetry in density fitting calculation
 To re-enable, use 'set,zsymel=auto'


 Variable memory set to  350000000 words,  buffer space   230000 words

 SETTING BASIS          =    AVDZ
 SETTING CHARGE         =         0.00000000                                  


 Recomputing integrals since basis changed


 Using spherical harmonics

 Library entry N      S aug-cc-pVDZ          selected for orbital group  1
 Library entry N      P aug-cc-pVDZ          selected for orbital group  1
 Library entry N      D aug-cc-pVDZ          selected for orbital group  1
 Library entry C      S aug-cc-pVDZ          selected for orbital group  2
 Library entry C      P aug-cc-pVDZ          selected for orbital group  2
 Library entry C      D aug-cc-pVDZ          selected for orbital group  2
 Library entry H      S aug-cc-pVDZ          selected for orbital group  3
 Library entry H      P aug-cc-pVDZ          selected for orbital group  3
 Library entry O      S aug-cc-pVDZ          selected for orbital group  8
 Library entry O      P aug-cc-pVDZ          selected for orbital group  8
 Library entry O      D aug-cc-pVDZ          selected for orbital group  8

1PROGRAM * SEWARD (Integral evaluation for generally contracted gaussian basis sets)     Author: Roland Lindh, 1990

 Geometry written to block  1 of record 700


 Point group  C1  



 ATOMIC COORDINATES

 NR  ATOM    CHARGE       X              Y              Z

   1  N0      7.00   -0.394119336    0.083015083    0.602085510
   2  N1      7.00   -3.798544109   -1.863128822   -0.875905202
   3  C2      6.00   -1.263722168   -2.026796112   -0.412916630
   4  C3      6.00   -4.584486876    0.513126199   -0.106431398
   5  H4      1.00   -4.903278006   -3.226991414   -1.669488132
   6  C5      6.00   -2.448981075    1.677822996    0.802232074
   7  H6      1.00   -0.155458264   -3.698075572   -0.850488385
   8  H7      1.00   -6.526282522    1.122585553   -0.287542750
   9  H8      1.00   -2.256162869    3.552733674    1.568710662
  10  H9      1.00    1.386357117    0.448939100    1.118871750
  11  C10     6.00    7.558399396    2.142866054   -1.478888286
  12  H11     1.00    7.418017310    4.040931547   -0.664365300
  13  H12     1.00    6.074754623    1.899652631   -2.893231132
  14  H13     1.00    9.403975855    1.937381014   -2.390418472
  15  O14     8.00    7.400282892    0.383891755    0.282710975

 Bond lengths in Bohr (Angstrom)

  1- 3  2.497547139   1- 6  2.608817297   1-10  1.889726118   2- 3  2.581950362   2- 4  2.618469762
       ( 1.321645025)       ( 1.380526656)       ( 0.999999993)       ( 1.366309286)       ( 1.385634520)

 2-5  1.926222214  3-7  2.052533302  4-6  2.596646484  4-8  2.043235756  6-9  2.034688757
     ( 1.019312895)     ( 1.086153844)     ( 1.374086139)     ( 1.081233795)     ( 1.076710918)

 11-12  2.070219176  11-13  2.064151222  11-14  2.068638164  11-15  2.494438487
       ( 1.095512806)       ( 1.092301783)       ( 1.094676170)       ( 1.319999997)

 Bond angles

  1-3-2  111.17107112   1-3-7  125.90760457   1-6-4  110.28766710   1-6-9  121.16921863

  2-3-7  122.92086882   2-4-6  105.25010111   2-4-8  121.99826426   3-1-6  105.86304950

  3- 1-10  127.06847515   3- 2- 4  107.42788808   3- 2- 5  126.30256596   4- 2- 5  126.26194913

  4- 6- 9  128.54108940   6- 1-10  127.06847535   6- 4- 8  132.75045674  12-11-13  109.20063486

 12-11-14  108.96201772  12-11-15  111.36845194  13-11-14  109.12517017  13-11-15  110.80834240

 14-11-15  107.31910621

 NUCLEAR CHARGE:                   54
 NUMBER OF PRIMITIVE AOS:         347
 NUMBER OF SYMMETRY AOS:          333
 NUMBER OF CONTRACTIONS:          233   ( 233A   )
 NUMBER OF CORE ORBITALS:           7   (   7A   )
 NUMBER OF VALENCE ORBITALS:       36   (  36A   )


 NUCLEAR REPULSION ENERGY  269.74111706


 Eigenvalues of metric

         1 0.175E-04 0.496E-04 0.146E-03 0.201E-03 0.261E-03 0.279E-03 0.423E-03 0.491E-03


 OPERATOR DM      FOR CENTER  0  COORDINATES:    0.000000    0.000000    0.000000


 **********************************************************************************************************************************
 DATASETS  * FILE   NREC   LENGTH (MB)   RECORD NAMES
              1      18        9.80       500      610      700      900      950      970     1000      129      960     1100   
                                          VAR    BASINP    GEOM    SYMINP    ZMAT    AOBASIS   BASIS     P2S    ABASIS      S 
                                         1400     1410     1200     1210     1080     1600     1650     1700   
                                           T        V       H0       H01     AOSYM     SMH    MOLCAS    OPER   

 PROGRAMS   *        TOTAL       INT
 CPU TIMES  *         0.38      0.24
 REAL TIME  *         0.79 SEC
 DISK USED  *         0.00 MB      
 GA USED    *         0.01 MB       (max)       0.00 MB       (current)
 **********************************************************************************************************************************

1PROGRAM * RHF-SCF (CLOSED SHELL)       Authors: W. Meyer, H.-J. Werner


 NUMBER OF ELECTRONS:      27+   27-    SPACE SYMMETRY=1    SPIN SYMMETRY: Singlet 
 CONVERGENCE THRESHOLDS:    1.00E-05 (Density)    1.08E-07 (Energy)
 INTEGRAL THRESHOLDS:       1.00E-11 (Initial)    1.00E-11 (Final)
 MAX. NUMBER OF ITERATIONS:       60
 INTERPOLATION TYPE:            DIIS
 INTERPOLATION STEPS:              2 (START)      1 (STEP)
 LEVEL SHIFTS:                  0.00 (CLOSED)  0.00 (OPEN) 



 
 Basis set CC-PVDZ/JKFIT generated.      Number of basis functions:   674 
 
 Orbital guess generated from atomic densities. Full valence occupancy:   43
 Coulomb and exchange fitting
 Thresholds for fitting:       THRAO_COUL= 1.0D-14    THRAO_EXCH= 1.0D-12    THRMO= 1.0D-11    THRPROD= 1.0D-11    THRASM= 1.0D-11
                               THR2HLF=    1.0D-11

 Molecular orbital dump at record        2100.2

 ITERATION   DDIFF            GRAD            ENERGY        2-EL.EN.            DIPOLE MOMENTS         DIIS   CPU(IT)  CPU(TOT)  ORB.
    1      0.000D+00      0.000D+00      -339.56940293    772.132818   -9.11329   -1.48208   -0.81959    0      0.9      3.2     start
    2      0.000D+00      0.540D-02      -339.63775420    765.601563   -7.09399   -0.93401    0.33630    1      0.3      3.5     diag
    3      0.150D-01      0.481D-02      -339.75155630    771.026668   -8.79551   -1.33952   -0.27401    2      0.3      3.8     diag
    4      0.975D-02      0.707D-03      -339.75551158    769.792033   -8.67679   -1.41593   -0.23274    3      0.3      4.1     diag
    5      0.154D-02      0.240D-03      -339.75597923    770.133414   -8.69459   -1.37960   -0.23035    4      0.3      4.3     diag
    6      0.453D-03      0.615D-04      -339.75605958    770.130932   -8.67748   -1.38476   -0.23223    5      0.3      4.6     diag
    7      0.219D-03      0.251D-04      -339.75607506    770.123713   -8.67556   -1.38498   -0.23407    6      0.3      4.9     diag
    8      0.843D-04      0.106D-04      -339.75607772    770.133535   -8.67192   -1.38613   -0.23400    7      0.2      5.1     diag
    9      0.345D-04      0.441D-05      -339.75607809    770.131879   -8.67198   -1.38700   -0.23425    8      0.4      5.6     diag
   10      0.156D-04      0.135D-05      -339.75607811    770.131347   -8.67179   -1.38690   -0.23411    9      0.3      5.8     orth
   11      0.412D-05      0.391D-06      -339.75607811    770.131761   -8.67189   -1.38700   -0.23414    0      0.2      6.1     orth

 Final occupancy:  27

 !RHF STATE 1.1 Energy               -339.756078114446
 Nuclear energy                       269.74111706
 One-electron energy                 -994.56307552
 Two-electron energy                  385.06588034
 Virial quotient                       -1.00142857
 !RHF STATE 1.1 Dipole moment          -8.67189427    -1.38699522    -0.23414059
 Dipole moment /Debye                 -22.04031303    -3.52515932    -0.59508703

 Orbital energies:

         1.1          2.1          3.1          4.1          5.1          6.1          7.1          8.1          9.1         10.1
    -20.313837   -15.757566   -15.749934   -11.458194   -11.386376   -11.380738   -11.127541    -1.487190    -1.334167    -1.138333

        11.1         12.1         13.1         14.1         15.1         16.1         17.1         18.1         19.1         20.1
     -1.119405    -0.997722    -0.942347    -0.884748    -0.808292    -0.732871    -0.727536    -0.720900    -0.716051    -0.698790

        21.1         22.1         23.1         24.1         25.1         26.1         27.1         28.1         29.1
     -0.562156    -0.467150    -0.464116    -0.440533    -0.381536    -0.210938    -0.206691    -0.016974     0.006290

 HOMO     27.1    -0.206691 =      -5.6244eV
 LUMO     28.1    -0.016974 =      -0.4619eV
 LUMO-HOMO         0.189717 =       5.1625eV


 **********************************************************************************************************************************
 DATASETS  * FILE   NREC   LENGTH (MB)   RECORD NAMES
              1      18        9.80       500      610      700      900      950      970     1000      129      960     1100   
                                          VAR    BASINP    GEOM    SYMINP    ZMAT    AOBASIS   BASIS     P2S    ABASIS      S 
                                         1400     1410     1200     1210     1080     1600     1650     1700   
                                           T        V       H0       H01     AOSYM     SMH    MOLCAS    OPER   

              2       4        1.87       700     1000      520     2100   
                                         GEOM     BASIS   MCVARS     RHF  

 PROGRAMS   *        TOTAL        HF       INT
 CPU TIMES  *         6.86      6.48      0.24
 REAL TIME  *        55.51 SEC
 DISK USED  *       188.00 MB      
 SF USED    *        38.79 MB      
 GA USED    *         3.20 MB       (max)       0.00 MB       (current)
 **********************************************************************************************************************************
 SETTING E_RHF_C        =    ***************  KCAL/MOL                        


1PROGRAM * MP2 (Closed-shell)     Authors: C. Hampel, H.-J. Werner, 1991, M. Deegan, P.J. Knowles, 1992

 Basis set AUG-CC-PVDZ/MP2FIT generated. Number of basis functions:   688 

 Convergence thresholds:  THRVAR = 1.00D-08  THRDEN = 1.08D-06

 Number of core orbitals:           7 (   7 )
 Number of closed-shell orbitals:  20 (  20 )
 Number of external orbitals:     206 ( 206 )

 Molecular orbitals read from record     2100.2  Type=RHF/CANONICAL (state 1.1)
 

 Entering DF-MP2

 Thresholds:    THRAO= 0.100D-09    THRMO= 0.100D-08    THROV= 0.100D-11

 Fitting basis: AUG-CC-PVDZ-MP2F
 Number of fitting functions:                 688
 Number of blocks in AO basis:                  6
 Minimum block size:                           32
 Maximum block size:                           73
 Average block size:                           39
 Number of groups in AO basis:                 74
 Number of shells in AO basis:                175

 Using large memory version DFMP2B. NIBTK= 1  NGPU= 0  IGPU= 0

 para=T  nprocs= 12  mpptyp=0  number of tasks=  49

 Minimum memory with paging:                  1.42 MW
 Minimum memory for incore assembly:          2.88 MW
 Maximum memory for incore algorithm:         4.04 MW
 Memory for 3-index integrals:                0.00 MW

 Disk space for H1-integrals:                26.31 MB (   980 records)
 
 CPU time for half transformed integrals      0.10 sec, elapsed time      0.11 sec
 CPU time for assembly                        0.14 sec, elapsed time      0.21 sec (7142.0 MFLOP/sec)
 Total CPU time                               0.69 sec, elapsed time      1.20 sec

 SCS-MP2 correlation energy:           -1.089609590555   (PS=  1.200000  PT=  0.333333)
 SCS-MP2 total energy:               -340.845687704999

 Norm of first-order wave function:     0.274904019912
 Coefficient of reference function:     0.885648221303

  Reference energy                   -339.756078114444
  MP2 singlet pair energy              -0.682457114401
  MP2 triplet pair energy              -0.434990978476
  MP2 correlation energy               -1.117448092877

 !MP2 total energy                   -340.873526207321


 **********************************************************************************************************************************
 DATASETS  * FILE   NREC   LENGTH (MB)   RECORD NAMES
              1      18        9.80       500      610      700      900      950      970     1000      129      960     1100   
                                          VAR    BASINP    GEOM    SYMINP    ZMAT    AOBASIS   BASIS     P2S    ABASIS      S 
                                         1400     1410     1200     1210     1080     1600     1650     1700   
                                           T        V       H0       H01     AOSYM     SMH    MOLCAS    OPER   

              2       4        1.87       700     1000      520     2100   
                                         GEOM     BASIS   MCVARS     RHF  

 PROGRAMS   *        TOTAL       MP2        HF       INT
 CPU TIMES  *         7.80      0.93      6.48      0.24
 REAL TIME  *        57.60 SEC
 DISK USED  *       188.00 MB      
 SF USED    *        71.53 MB      
 GA USED    *         3.20 MB       (max)       0.00 MB       (current)
 **********************************************************************************************************************************
 SETTING E_CORR_C       =    ***************  KCAL/MOL                        
 SETTING E_C            =      -701.20940578  KCAL/MOL                        
 SETTING CHARGE         =         1.00000000                                  

 Dummy atoms: C10  H11  H12  H13  O14


 Recomputing one-electron integrals since nuclear charges changed

1PROGRAM * SEWARD (Integral evaluation for generally contracted gaussian basis sets)     Author: Roland Lindh, 1990

 Geometry written to block  1 of record 700


 Point group  C1  



 ATOMIC COORDINATES

 NR  ATOM    CHARGE       X              Y              Z

   1  N0      7.00   -0.394119336    0.083015083    0.602085510
   2  N1      7.00   -3.798544109   -1.863128822   -0.875905202
   3  C2      6.00   -1.263722168   -2.026796112   -0.412916630
   4  C3      6.00   -4.584486876    0.513126199   -0.106431398
   5  H4      1.00   -4.903278006   -3.226991414   -1.669488132
   6  C5      6.00   -2.448981075    1.677822996    0.802232074
   7  H6      1.00   -0.155458264   -3.698075572   -0.850488385
   8  H7      1.00   -6.526282522    1.122585553   -0.287542750
   9  H8      1.00   -2.256162869    3.552733674    1.568710662
  10  H9      1.00    1.386357117    0.448939100    1.118871750
  11  C10     0.00    7.558399396    2.142866054   -1.478888286
  12  H11     0.00    7.418017310    4.040931547   -0.664365300
  13  H12     0.00    6.074754623    1.899652631   -2.893231132
  14  H13     0.00    9.403975855    1.937381014   -2.390418472
  15  O14     0.00    7.400282892    0.383891755    0.282710975

 Bond lengths in Bohr (Angstrom)

  1- 3  2.497547139   1- 6  2.608817297   1-10  1.889726118   2- 3  2.581950362   2- 4  2.618469762
       ( 1.321645025)       ( 1.380526656)       ( 0.999999993)       ( 1.366309286)       ( 1.385634520)

 2-5  1.926222214  3-7  2.052533302  4-6  2.596646484  4-8  2.043235756  6-9  2.034688757
     ( 1.019312895)     ( 1.086153844)     ( 1.374086139)     ( 1.081233795)     ( 1.076710918)

 11-12  2.070219176  11-13  2.064151222  11-14  2.068638164  11-15  2.494438487
       ( 1.095512806)       ( 1.092301783)       ( 1.094676170)       ( 1.319999997)

 Bond angles

  1-3-2  111.17107112   1-3-7  125.90760457   1-6-4  110.28766710   1-6-9  121.16921863

  2-3-7  122.92086882   2-4-6  105.25010111   2-4-8  121.99826426   3-1-6  105.86304950

  3- 1-10  127.06847515   3- 2- 4  107.42788808   3- 2- 5  126.30256596   4- 2- 5  126.26194913

  4- 6- 9  128.54108940   6- 1-10  127.06847535   6- 4- 8  132.75045674  12-11-13  109.20063486

 12-11-14  108.96201772  12-11-15  111.36845194  13-11-14  109.12517017  13-11-15  110.80834240

 14-11-15  107.31910621

 NUCLEAR CHARGE:                   37
 NUMBER OF PRIMITIVE AOS:         347
 NUMBER OF SYMMETRY AOS:          333
 NUMBER OF CONTRACTIONS:          233   ( 233A   )
 NUMBER OF CORE ORBITALS:           5   (   5A   )
 NUMBER OF VALENCE ORBITALS:       25   (  25A   )

 MOLECULE CHANGED: INITIALIZING OCCUPATION AND DUMP RECORDS


 NUCLEAR REPULSION ENERGY  172.15847751


 Eigenvalues of metric

         1 0.175E-04 0.496E-04 0.146E-03 0.201E-03 0.261E-03 0.279E-03 0.423E-03 0.491E-03


 OPERATOR DM      FOR CENTER  0  COORDINATES:    0.000000    0.000000    0.000000


 **********************************************************************************************************************************
 DATASETS  * FILE   NREC   LENGTH (MB)   RECORD NAMES
              1      18        9.80       500      610      700      900      950      970     1000      129      960     1100   
                                          VAR    BASINP    GEOM    SYMINP    ZMAT    AOBASIS   BASIS     P2S    ABASIS      S 
                                         1400     1410     1200     1210     1080     1600     1650     1700   
                                           T        V       H0       H01     AOSYM     SMH    MOLCAS    OPER   

              2       4        1.87       700     1000      520     2100   
                                         GEOM     BASIS   MCVARS     RHF  

 PROGRAMS   *        TOTAL       INT       MP2        HF       INT
 CPU TIMES  *         7.95      0.14      0.93      6.48      0.24
 REAL TIME  *        59.28 SEC
 DISK USED  *       188.00 MB      
 SF USED    *        71.53 MB      
 GA USED    *         3.20 MB       (max)       0.00 MB       (current)
 **********************************************************************************************************************************

1PROGRAM * RHF-SCF (CLOSED SHELL)       Authors: W. Meyer, H.-J. Werner


 NUMBER OF ELECTRONS:      18+   18-    SPACE SYMMETRY=1    SPIN SYMMETRY: Singlet 
 CONVERGENCE THRESHOLDS:    1.00E-05 (Density)    1.00E-07 (Energy)
 INTEGRAL THRESHOLDS:       1.00E-11 (Initial)    1.00E-11 (Final)
 MAX. NUMBER OF ITERATIONS:       60
 INTERPOLATION TYPE:            DIIS
 INTERPOLATION STEPS:              2 (START)      1 (STEP)
 LEVEL SHIFTS:                  0.00 (CLOSED)  0.00 (OPEN) 



 
 Basis set CC-PVDZ/JKFIT generated.      Number of basis functions:   674 
 
 Orbital guess generated from atomic densities. Full valence occupancy:   30
 Coulomb and exchange fitting
 Thresholds for fitting:       THRAO_COUL= 1.0D-14    THRAO_EXCH= 1.0D-12    THRMO= 1.0D-11    THRPROD= 1.0D-11    THRASM= 1.0D-11
                               THR2HLF=    1.0D-11

 Molecular orbital dump at record        2101.2

 ITERATION   DDIFF            GRAD            ENERGY        2-EL.EN.            DIPOLE MOMENTS         DIIS   CPU(IT)  CPU(TOT)  ORB.
    1      0.000D+00      0.000D+00      -225.14747120    474.332410   -1.74087   -1.37008   -0.26790    0      0.8     22.4     start
    2      0.000D+00      0.358D-02      -225.20798535    479.693682   -2.24958   -0.67537   -0.10150    1      0.3     22.7     diag
    3      0.581D-02      0.160D-02      -225.21734441    478.087256   -2.05548   -0.93026   -0.16132    2      0.2     23.0     diag
    4      0.225D-02      0.473D-03      -225.21861821    478.349182   -2.10224   -0.87129   -0.14817    3      0.3     23.2     diag
    5      0.714D-03      0.897D-04      -225.21871312    478.434059   -2.09090   -0.88242   -0.15022    4      0.2     23.5     diag
    6      0.173D-03      0.477D-04      -225.21874059    478.405676   -2.09232   -0.88284   -0.15069    5      0.2     23.7     diag
    7      0.792D-04      0.201D-04      -225.21874962    478.414199   -2.08784   -0.88692   -0.15137    6      0.2     23.9     diag
    8      0.607D-04      0.777D-05      -225.21875034    478.414640   -2.08795   -0.88807   -0.15184    7      0.2     24.2     diag
    9      0.206D-04      0.231D-05      -225.21875037    478.414009   -2.08749   -0.88805   -0.15173    8      0.2     24.4     diag
   10      0.351D-05      0.522D-06      -225.21875037    478.414098   -2.08759   -0.88811   -0.15178    0      0.2     24.6     orth

 Final occupancy:  18

 !RHF STATE 1.1 Energy               -225.218750369113
 Nuclear energy                       172.15847751
 One-electron energy                 -636.58427696
 Two-electron energy                  239.20704908
 Virial quotient                       -1.00204954
 !RHF STATE 1.1 Dipole moment          -2.08759018    -0.88810743    -0.15177989
 Dipole moment /Debye                  -5.30577746    -2.25719609    -0.38576073

 Orbital energies:

         1.1          2.1          3.1          4.1          5.1          6.1          7.1          8.1          9.1         10.1
    -15.864847   -15.859081   -11.565295   -11.486111   -11.481308    -1.594009    -1.441149    -1.241409    -1.107253    -1.046584

        11.1         12.1         13.1         14.1         15.1         16.1         17.1         18.1         19.1         20.1
     -0.989065    -0.917779    -0.839045    -0.825924    -0.815988    -0.800110    -0.668955    -0.541178    -0.096949    -0.080659

 HOMO     18.1    -0.541178 =     -14.7262eV
 LUMO     19.1    -0.096949 =      -2.6381eV
 LUMO-HOMO         0.444229 =      12.0881eV


 **********************************************************************************************************************************
 DATASETS  * FILE   NREC   LENGTH (MB)   RECORD NAMES
              1      18        9.80       500      610      700      900      950      970     1000      129      960     1100   
                                          VAR    BASINP    GEOM    SYMINP    ZMAT    AOBASIS   BASIS     P2S    ABASIS      S 
                                         1400     1410     1200     1210     1080     1600     1650     1700   
                                           T        V       H0       H01     AOSYM     SMH    MOLCAS    OPER   

              2       5        4.08       700     1000      520     2100     2101   
                                         GEOM     BASIS   MCVARS     RHF      RHF  

 PROGRAMS   *        TOTAL        HF       INT       MP2        HF       INT
 CPU TIMES  *        32.81     24.86      0.14      0.93      6.48      0.24
 REAL TIME  *       149.24 SEC
 DISK USED  *       211.97 MB      
 SF USED    *        71.53 MB      
 GA USED    *         3.20 MB       (max)       0.00 MB       (current)
 **********************************************************************************************************************************
 SETTING E_RHF_A        =    ***************  KCAL/MOL                        


1PROGRAM * MP2 (Closed-shell)     Authors: C. Hampel, H.-J. Werner, 1991, M. Deegan, P.J. Knowles, 1992

 Basis set AUG-CC-PVDZ/MP2FIT generated. Number of basis functions:   688 

 Convergence thresholds:  THRVAR = 1.00D-08  THRDEN = 1.00D-06

 Number of core orbitals:           5 (   5 )
 Number of closed-shell orbitals:  13 (  13 )
 Number of external orbitals:     215 ( 215 )

 Molecular orbitals read from record     2101.2  Type=RHF/CANONICAL (state 1.1)
 

 Entering DF-MP2

 Thresholds:    THRAO= 0.100D-09    THRMO= 0.100D-08    THROV= 0.100D-11

 Fitting basis: AUG-CC-PVDZ-MP2F
 Number of fitting functions:                 688
 Number of blocks in AO basis:                  6
 Minimum block size:                           32
 Maximum block size:                           73
 Average block size:                           39
 Number of groups in AO basis:                 74
 Number of shells in AO basis:                175

 Using large memory version DFMP2B. NIBTK= 1  NGPU= 0  IGPU= 0

 para=T  nprocs= 12  mpptyp=0  number of tasks=  49

 Minimum memory with paging:                  1.43 MW
 Minimum memory for incore assembly:          1.97 MW
 Maximum memory for incore algorithm:         2.89 MW
 Memory for 3-index integrals:                0.00 MW

 Disk space for H1-integrals:                17.10 MB (   637 records)
 
 CPU time for half transformed integrals      0.11 sec, elapsed time      0.11 sec
 CPU time for assembly                        0.09 sec, elapsed time      0.13 sec (6406.8 MFLOP/sec)
 Total CPU time                               0.68 sec, elapsed time      0.80 sec

 SCS-MP2 correlation energy:           -0.719527188346   (PS=  1.200000  PT=  0.333333)
 SCS-MP2 total energy:               -225.938277557459

 Norm of first-order wave function:     0.185031584877
 Coefficient of reference function:     0.918618182050

  Reference energy                   -225.218750369114
  MP2 singlet pair energy              -0.447913460452
  MP2 triplet pair energy              -0.292549878970
  MP2 correlation energy               -0.740463339422

 !MP2 total energy                   -225.959213708536


 **********************************************************************************************************************************
 DATASETS  * FILE   NREC   LENGTH (MB)   RECORD NAMES
              1      18        9.80       500      610      700      900      950      970     1000      129      960     1100   
                                          VAR    BASINP    GEOM    SYMINP    ZMAT    AOBASIS   BASIS     P2S    ABASIS      S 
                                         1400     1410     1200     1210     1080     1600     1650     1700   
                                           T        V       H0       H01     AOSYM     SMH    MOLCAS    OPER   

              2       5        4.08       700     1000      520     2100     2101   
                                         GEOM     BASIS   MCVARS     RHF      RHF  

 PROGRAMS   *        TOTAL       MP2        HF       INT       MP2        HF       INT
 CPU TIMES  *        33.70      0.88     24.86      0.14      0.93      6.48      0.24
 REAL TIME  *       150.62 SEC
 DISK USED  *       211.97 MB      
 SF USED    *        71.53 MB      
 GA USED    *         3.20 MB       (max)       0.00 MB       (current)
 **********************************************************************************************************************************
 SETTING E_CORR_A       =    ***************  KCAL/MOL                        
 SETTING E_A            =      -464.64785394  KCAL/MOL                        
 SETTING CHARGE         =        -1.00000000                                  

 Dummy atoms: N0  N1  C2  C3  H4  C5  H6  H7  H8  H9


 Recomputing one-electron integrals since nuclear charges changed

1PROGRAM * SEWARD (Integral evaluation for generally contracted gaussian basis sets)     Author: Roland Lindh, 1990

 Geometry written to block  1 of record 700


 Point group  C1  



 ATOMIC COORDINATES

 NR  ATOM    CHARGE       X              Y              Z

   1  N0      0.00   -0.394119336    0.083015083    0.602085510
   2  N1      0.00   -3.798544109   -1.863128822   -0.875905202
   3  C2      0.00   -1.263722168   -2.026796112   -0.412916630
   4  C3      0.00   -4.584486876    0.513126199   -0.106431398
   5  H4      0.00   -4.903278006   -3.226991414   -1.669488132
   6  C5      0.00   -2.448981075    1.677822996    0.802232074
   7  H6      0.00   -0.155458264   -3.698075572   -0.850488385
   8  H7      0.00   -6.526282522    1.122585553   -0.287542750
   9  H8      0.00   -2.256162869    3.552733674    1.568710662
  10  H9      0.00    1.386357117    0.448939100    1.118871750
  11  C10     6.00    7.558399396    2.142866054   -1.478888286
  12  H11     1.00    7.418017310    4.040931547   -0.664365300
  13  H12     1.00    6.074754623    1.899652631   -2.893231132
  14  H13     1.00    9.403975855    1.937381014   -2.390418472
  15  O14     8.00    7.400282892    0.383891755    0.282710975

 Bond lengths in Bohr (Angstrom)

  1- 3  2.497547139   1- 6  2.608817297   1-10  1.889726118   2- 3  2.581950362   2- 4  2.618469762
       ( 1.321645025)       ( 1.380526656)       ( 0.999999993)       ( 1.366309286)       ( 1.385634520)

 2-5  1.926222214  3-7  2.052533302  4-6  2.596646484  4-8  2.043235756  6-9  2.034688757
     ( 1.019312895)     ( 1.086153844)     ( 1.374086139)     ( 1.081233795)     ( 1.076710918)

 11-12  2.070219176  11-13  2.064151222  11-14  2.068638164  11-15  2.494438487
       ( 1.095512806)       ( 1.092301783)       ( 1.094676170)       ( 1.319999997)

 Bond angles

  1-3-2  111.17107112   1-3-7  125.90760457   1-6-4  110.28766710   1-6-9  121.16921863

  2-3-7  122.92086882   2-4-6  105.25010111   2-4-8  121.99826426   3-1-6  105.86304950

  3- 1-10  127.06847515   3- 2- 4  107.42788808   3- 2- 5  126.30256596   4- 2- 5  126.26194913

  4- 6- 9  128.54108940   6- 1-10  127.06847535   6- 4- 8  132.75045674  12-11-13  109.20063486

 12-11-14  108.96201772  12-11-15  111.36845194  13-11-14  109.12517017  13-11-15  110.80834240

 14-11-15  107.31910621

 NUCLEAR CHARGE:                   17
 NUMBER OF PRIMITIVE AOS:         347
 NUMBER OF SYMMETRY AOS:          333
 NUMBER OF CONTRACTIONS:          233   ( 233A   )
 NUMBER OF CORE ORBITALS:           2   (   2A   )
 NUMBER OF VALENCE ORBITALS:       11   (  11A   )

 MOLECULE CHANGED: INITIALIZING OCCUPATION AND DUMP RECORDS


 NUCLEAR REPULSION ENERGY   35.25530855


 Eigenvalues of metric

         1 0.175E-04 0.496E-04 0.146E-03 0.201E-03 0.261E-03 0.279E-03 0.423E-03 0.491E-03


 OPERATOR DM      FOR CENTER  0  COORDINATES:    0.000000    0.000000    0.000000


 **********************************************************************************************************************************
 DATASETS  * FILE   NREC   LENGTH (MB)   RECORD NAMES
              1      18        9.80       500      610      700      900      950      970     1000      129      960     1100   
                                          VAR    BASINP    GEOM    SYMINP    ZMAT    AOBASIS   BASIS     P2S    ABASIS      S 
                                         1400     1410     1200     1210     1080     1600     1650     1700   
                                           T        V       H0       H01     AOSYM     SMH    MOLCAS    OPER   

              2       5        4.08       700     1000      520     2100     2101   
                                         GEOM     BASIS   MCVARS     RHF      RHF  

 PROGRAMS   *        TOTAL       INT       MP2        HF       INT       MP2        HF       INT
 CPU TIMES  *        34.21      0.51      0.88     24.86      0.14      0.93      6.48      0.24
 REAL TIME  *       152.17 SEC
 DISK USED  *       211.97 MB      
 SF USED    *        71.53 MB      
 GA USED    *         3.20 MB       (max)       0.00 MB       (current)
 **********************************************************************************************************************************

1PROGRAM * RHF-SCF (CLOSED SHELL)       Authors: W. Meyer, H.-J. Werner


 NUMBER OF ELECTRONS:       9+    9-    SPACE SYMMETRY=1    SPIN SYMMETRY: Singlet 
 CONVERGENCE THRESHOLDS:    1.00E-05 (Density)    1.00E-07 (Energy)
 INTEGRAL THRESHOLDS:       1.00E-11 (Initial)    1.00E-11 (Final)
 MAX. NUMBER OF ITERATIONS:       60
 INTERPOLATION TYPE:            DIIS
 INTERPOLATION STEPS:              2 (START)      1 (STEP)
 LEVEL SHIFTS:                  0.00 (CLOSED)  0.00 (OPEN) 



 
 Basis set CC-PVDZ/JKFIT generated.      Number of basis functions:   674 
 
 Orbital guess generated from atomic densities. Full valence occupancy:   13
 Coulomb and exchange fitting
 Thresholds for fitting:       THRAO_COUL= 1.0D-14    THRAO_EXCH= 1.0D-12    THRMO= 1.0D-11    THRPROD= 1.0D-11    THRASM= 1.0D-11
                               THR2HLF=    1.0D-11

 Molecular orbital dump at record        2102.2

 ITERATION   DDIFF            GRAD            ENERGY        2-EL.EN.            DIPOLE MOMENTS         DIIS   CPU(IT)  CPU(TOT)  ORB.
    1      0.000D+00      0.000D+00      -114.30241358    169.503251   -7.37822   -0.11217   -0.55078    0      0.8      4.0     start
    2      0.000D+00      0.757D-02      -114.34604201    158.480220   -7.42018   -1.03119    0.36602    1      0.2      4.3     diag
    3      0.160D-01      0.685D-02      -114.42022268    163.412379   -7.42143   -0.64418   -0.02102    2      0.2      4.5     diag
    4      0.100D-01      0.429D-03      -114.42097354    163.325256   -7.42337   -0.65087   -0.01491    3      0.2      4.7     diag
    5      0.977D-03      0.951D-04      -114.42101934    163.299632   -7.42379   -0.64504   -0.02074    4      0.2      4.9     diag
    6      0.252D-03      0.302D-04      -114.42102299    163.314988   -7.42374   -0.64374   -0.02217    5      0.2      5.1     diag
    7      0.610D-04      0.815D-05      -114.42102340    163.312007   -7.42371   -0.64287   -0.02308    6      0.2      5.4     diag
    8      0.234D-04      0.152D-05      -114.42102343    163.312047   -7.42371   -0.64263   -0.02336    7      0.2      5.6     diag
    9      0.744D-05      0.395D-06      -114.42102343    163.312253   -7.42370   -0.64257   -0.02342    0      0.2      5.8     orth

 Final occupancy:   9

 !RHF STATE 1.1 Energy               -114.421023430811
 Nuclear energy                        35.25530855
 One-electron energy                 -231.33245832
 Two-electron energy                   81.65612634
 Virial quotient                       -0.99917362
 !RHF STATE 1.1 Dipole moment          -7.42370122    -0.64256694    -0.02342125
 Dipole moment /Debye                 -18.86793054    -1.63313528    -0.05952699

 Orbital energies:

         1.1          2.1          3.1          4.1          5.1          6.1          7.1          8.1          9.1         10.1
    -20.195967   -11.021019    -1.004421    -0.619390    -0.357062    -0.356163    -0.267156    -0.095576    -0.093349     0.091610

        11.1
      0.112870

 HOMO      9.1    -0.093349 =      -2.5402eV
 LUMO     10.1     0.091610 =       2.4928eV
 LUMO-HOMO         0.184960 =       5.0330eV


 **********************************************************************************************************************************
 DATASETS  * FILE   NREC   LENGTH (MB)   RECORD NAMES
              1      18        9.80       500      610      700      900      950      970     1000      129      960     1100   
                                          VAR    BASINP    GEOM    SYMINP    ZMAT    AOBASIS   BASIS     P2S    ABASIS      S 
                                         1400     1410     1200     1210     1080     1600     1650     1700   
                                           T        V       H0       H01     AOSYM     SMH    MOLCAS    OPER   

              2       6        6.30       700     1000      520     2100     2101     2102   
                                         GEOM     BASIS   MCVARS     RHF      RHF      RHF  

 PROGRAMS   *        TOTAL        HF       INT       MP2        HF       INT       MP2        HF       INT
 CPU TIMES  *        40.09      5.87      0.51      0.88     24.86      0.14      0.93      6.48      0.24
 REAL TIME  *       235.08 SEC
 DISK USED  *       235.95 MB      
 SF USED    *        71.53 MB      
 GA USED    *         3.20 MB       (max)       0.00 MB       (current)
 **********************************************************************************************************************************
 SETTING E_RHF_B        =    -71800.29064466  KCAL/MOL                        


1PROGRAM * MP2 (Closed-shell)     Authors: C. Hampel, H.-J. Werner, 1991, M. Deegan, P.J. Knowles, 1992

 Basis set AUG-CC-PVDZ/MP2FIT generated. Number of basis functions:   688 

 Convergence thresholds:  THRVAR = 1.00D-08  THRDEN = 1.00D-06

 Number of core orbitals:           2 (   2 )
 Number of closed-shell orbitals:   7 (   7 )
 Number of external orbitals:     224 ( 224 )

 Molecular orbitals read from record     2102.2  Type=RHF/CANONICAL (state 1.1)
 

 Entering DF-MP2

 Thresholds:    THRAO= 0.100D-09    THRMO= 0.100D-08    THROV= 0.100D-11

 Fitting basis: AUG-CC-PVDZ-MP2F
 Number of fitting functions:                 688
 Number of blocks in AO basis:                  6
 Minimum block size:                           32
 Maximum block size:                           73
 Average block size:                           39
 Number of groups in AO basis:                 74
 Number of shells in AO basis:                175

 Using large memory version DFMP2B. NIBTK= 1  NGPU= 0  IGPU= 0

 para=T  nprocs= 12  mpptyp=0  number of tasks=  49

 Minimum memory with paging:                  1.44 MW
 Minimum memory for incore assembly:          1.44 MW
 Maximum memory for incore algorithm:         1.90 MW
 Memory for 3-index integrals:                0.00 MW

 Disk space for H1-integrals:                 9.21 MB (   343 records)
 
 CPU time for half transformed integrals      0.09 sec, elapsed time      0.08 sec
 CPU time for assembly                        0.02 sec, elapsed time      0.03 sec (6954.4 MFLOP/sec)
 Total CPU time                               0.48 sec, elapsed time      0.58 sec

 SCS-MP2 correlation energy:           -0.369018581166   (PS=  1.200000  PT=  0.333333)
 SCS-MP2 total energy:               -114.790042011978

 Norm of first-order wave function:     0.089279250258
 Coefficient of reference function:     0.958143118066

  Reference energy                   -114.421023430811
  MP2 singlet pair energy              -0.234120149998
  MP2 triplet pair energy              -0.141548144735
  MP2 correlation energy               -0.375668294733

 !MP2 total energy                   -114.796691725544


 **********************************************************************************************************************************
 DATASETS  * FILE   NREC   LENGTH (MB)   RECORD NAMES
              1      18        9.80       500      610      700      900      950      970     1000      129      960     1100   
                                          VAR    BASINP    GEOM    SYMINP    ZMAT    AOBASIS   BASIS     P2S    ABASIS      S 
                                         1400     1410     1200     1210     1080     1600     1650     1700   
                                           T        V       H0       H01     AOSYM     SMH    MOLCAS    OPER   

              2       6        6.30       700     1000      520     2100     2101     2102   
                                         GEOM     BASIS   MCVARS     RHF      RHF      RHF  

 PROGRAMS   *        TOTAL       MP2        HF       INT       MP2        HF       INT       MP2        HF       INT
 CPU TIMES  *        40.71      0.63      5.87      0.51      0.88     24.86      0.14      0.93      6.48      0.24
 REAL TIME  *       236.01 SEC
 DISK USED  *       235.95 MB      
 SF USED    *        71.53 MB      
 GA USED    *         3.20 MB       (max)       0.00 MB       (current)
 **********************************************************************************************************************************
 SETTING E_CORR_B       =    -72036.02610602  KCAL/MOL                        
 SETTING E_B            =      -235.73546136  KCAL/MOL                        
 SETTING E_RHF_CP       =       -72.98207388  KCAL/MOL                        
 SETTING E_CORR_CP      =        -0.82609048  KCAL/MOL                        

        DF-MP2          DF-HF           DF-MP2          DF-HF           DF-MP2          DF-HF   
   -114.79669173   -114.42102343   -225.95921371   -225.21875037   -340.87352621   -339.75607811
 **********************************************************************************************************************************
 Variable memory released
