
 Primary working directories    : /scratch/1723569.phoenix.chem.wisc.edu
 Secondary working directories  : /scratch/1723569.phoenix.chem.wisc.edu
 Wavefunction directory         : /scratch/1723569.phoenix.chem.wisc.edu/
 Main file repository           : /scratch/1723569.phoenix.chem.wisc.edu/

 SHA1      : 65e45729fe3f963b0eb97374e3bda9949063ef0f
 NAME      : 2012.1.17
 ARCHNAME  : Linux/x86_64
 FC        : /opt/intel/composer_xe_2013.5.192/bin/intel64/ifort
 FCVERSION : 13.1.3
 BLASLIB   : -L/opt/intel/composer_xe_2013.5.192/mkl/lib/intel64 -lmkl_intel_ilp64 -lmkl_sequential -lmkl_core
 id        : cuichemwisc

 Nodes             nprocs
 compute-1-34.local   12
 ga_uses_ma=false, calling ma_init with nominal heap.
 GA-space will be limited to   8.0 MW (determined by -G option)

 Using customized tuning parameters: mindgm=1; mindgv=20; mindgc=4; mindgr=1; noblas=0; minvec=7
 default implementation of scratch files=sf  

 geomtyp=xyz
 geometry={
 15
  N0         -0.208558970000       0.043929690000       0.318609930000
  N1         -2.010102970000      -0.985925310000      -0.463509070000
  C2         -0.668732970000      -1.072534310000      -0.218506070000
  C3         -2.426005970000       0.271534690000      -0.056321070000
  H4         -2.594702970000      -1.707650310000      -0.883455070000
  C5         -1.295944970000       0.887865690000       0.424522930000
  H6         -0.082264970000      -1.956937310000      -0.450059070000
  H7         -3.453559970000       0.594046690000      -0.152161070000
  H8         -1.193909970000       1.880025690000       0.830125930000
  H9          0.733628590000       0.237568340000       0.592081430000
  C10         1.891844140665       0.786444628490      -0.653113824905
  H11         1.817557140665       1.790857628490      -0.222086824905
  H12         1.106733140665       0.657741628490      -1.401551824905
  H13         2.868481140665       0.677706628490      -1.135474824905
  O14         1.808172490665      -0.144364481510       0.279084355095
 }
 
 
 basis=avqz
 
                                                                                 ! Complex
 set,charge=0
 
 df-hf
 e_rhf_c = energy*tokcal
 df-mp2
 e_corr_c = energy*tokcal
 e_c = e_corr_c - e_rhf_c
 
 
                                                                                 ! Monomer 1
 set,charge=1
 dummy,C10,H11,H12,H13,O14
 
 df-hf
 e_rhf_a = energy*tokcal
 df-mp2
 e_corr_a = energy*tokcal
 e_a = e_corr_a - e_rhf_a
 
 
                                                                                 ! Monomer 2
 set,charge=-1
 dummy,N0,N1,C2,C3,H4,C5,H6,H7,H8,H9
 
 df-hf
 e_rhf_b = energy*tokcal
 df-mp2
 e_corr_b = energy*tokcal
 e_b = e_corr_b - e_rhf_b
 
 
 e_rhf_cp = e_rhf_c - (e_rhf_a + e_rhf_b)
 e_corr_cp = e_c - (e_a + e_b)

 Variables initialized (782), CPU time= 0.01 sec
 Commands  initialized (547), CPU time= 0.01 sec, 517 directives.
 Default parameters read. Elapsed time= 0.14 sec

 Checking input...
 Passed
1


                                         ***  PROGRAM SYSTEM MOLPRO  ***
                         Copyright, University College Cardiff Consultants Limited, 2008

                                    Version 2012.1 linked Oct 11 2014 15:40:16


 **********************************************************************************************************************************
 LABEL *                                                                                 
 Linux-2.6.18-308.el5/compute-1-34.local(x86_64) 64 bit mpp version                      DATE: 12-Dec-14          TIME: 04:48:58  
 **********************************************************************************************************************************

 SHA1:             65e45729fe3f963b0eb97374e3bda9949063ef0f
 **********************************************************************************************************************************
 SETTING GEOMTYP        =    XYZ

 Turning off symmetry in density fitting calculation
 To re-enable, use 'set,zsymel=auto'


 Variable memory set to  350000000 words,  buffer space   230000 words

 SETTING BASIS          =    AVQZ
 SETTING CHARGE         =         0.00000000                                  


 Recomputing integrals since basis changed


 Using spherical harmonics

 Library entry N      S aug-cc-pVQZ          selected for orbital group  1
 Library entry N      P aug-cc-pVQZ          selected for orbital group  1
 Library entry N      D aug-cc-pVQZ          selected for orbital group  1
 Library entry N      F aug-cc-pVQZ          selected for orbital group  1
 Library entry N      G aug-cc-pVQZ          selected for orbital group  1
 Library entry C      S aug-cc-pVQZ          selected for orbital group  2
 Library entry C      P aug-cc-pVQZ          selected for orbital group  2
 Library entry C      D aug-cc-pVQZ          selected for orbital group  2
 Library entry C      F aug-cc-pVQZ          selected for orbital group  2
 Library entry C      G aug-cc-pVQZ          selected for orbital group  2
 Library entry H      S aug-cc-pVQZ          selected for orbital group  3
 Library entry H      P aug-cc-pVQZ          selected for orbital group  3
 Library entry H      D aug-cc-pVQZ          selected for orbital group  3
 Library entry H      F aug-cc-pVQZ          selected for orbital group  3
 Library entry O      S aug-cc-pVQZ          selected for orbital group  8
 Library entry O      P aug-cc-pVQZ          selected for orbital group  8
 Library entry O      D aug-cc-pVQZ          selected for orbital group  8
 Library entry O      F aug-cc-pVQZ          selected for orbital group  8
 Library entry O      G aug-cc-pVQZ          selected for orbital group  8

1PROGRAM * SEWARD (Integral evaluation for generally contracted gaussian basis sets)     Author: Roland Lindh, 1990

 Geometry written to block  1 of record 700


 Point group  C1  



 ATOMIC COORDINATES

 NR  ATOM    CHARGE       X              Y              Z

   1  N0      7.00   -0.394119336    0.083015083    0.602085510
   2  N1      7.00   -3.798544109   -1.863128822   -0.875905202
   3  C2      6.00   -1.263722168   -2.026796112   -0.412916630
   4  C3      6.00   -4.584486876    0.513126199   -0.106431398
   5  H4      1.00   -4.903278006   -3.226991414   -1.669488132
   6  C5      6.00   -2.448981075    1.677822996    0.802232074
   7  H6      1.00   -0.155458264   -3.698075572   -0.850488385
   8  H7      1.00   -6.526282522    1.122585553   -0.287542750
   9  H8      1.00   -2.256162869    3.552733674    1.568710662
  10  H9      1.00    1.386357117    0.448939100    1.118871750
  11  C10     6.00    3.575067309    1.486164965   -1.234206262
  12  H11     1.00    3.434685224    3.384230458   -0.419683276
  13  H12     1.00    2.091422536    1.242951543   -2.648549108
  14  H13     1.00    5.420643769    1.280679925   -2.145736448
  15  O14     8.00    3.416950806   -0.272809333    0.527392999

 Bond lengths in Bohr (Angstrom)

  1- 3  2.497547139   1- 6  2.608817297   1-10  1.889726118   2- 3  2.581950362   2- 4  2.618469762
       ( 1.321645025)       ( 1.380526656)       ( 0.999999993)       ( 1.366309286)       ( 1.385634520)

 2-5  1.926222214  3-7  2.052533302  4-6  2.596646484  4-8  2.043235756  6-9  2.034688757
     ( 1.019312895)     ( 1.086153844)     ( 1.374086139)     ( 1.081233795)     ( 1.076710918)

 10-15  2.234743529  11-12  2.070219176  11-13  2.064151222  11-14  2.068638164  11-15  2.494438487
       ( 1.182575344)       ( 1.095512806)       ( 1.092301783)       ( 1.094676170)       ( 1.319999997)

 Bond angles

  1-3-2  111.17107112   1-3-7  125.90760457   1-6-4  110.28766710   1-6-9  121.16921863

  1-10-15  136.15335196   2- 3- 7  122.92086882   2- 4- 6  105.25010111   2- 4- 8  121.99826426

  3- 1- 6  105.86304950   3- 1-10  127.06847515   3- 2- 4  107.42788808   3- 2- 5  126.30256596

  4- 2- 5  126.26194913   4- 6- 9  128.54108940   6- 1-10  127.06847535   6- 4- 8  132.75045674

 10-15-11   90.96088257  12-11-13  109.20063486  12-11-14  108.96201772  12-11-15  111.36845194

 13-11-14  109.12517017  13-11-15  110.80834240  14-11-15  107.31910621

 NUCLEAR CHARGE:                   54
 NUMBER OF PRIMITIVE AOS:        1282
 NUMBER OF SYMMETRY AOS:         1035
 NUMBER OF CONTRACTIONS:          928   ( 928A   )
 NUMBER OF CORE ORBITALS:           7   (   7A   )
 NUMBER OF VALENCE ORBITALS:       36   (  36A   )


 NUCLEAR REPULSION ENERGY  312.06698993


 Eigenvalues of metric

         1 0.597E-06 0.118E-05 0.138E-05 0.166E-05 0.171E-05 0.287E-05 0.356E-05 0.380E-05


 OPERATOR DM      FOR CENTER  0  COORDINATES:    0.000000    0.000000    0.000000


 **********************************************************************************************************************************
 DATASETS  * FILE   NREC   LENGTH (MB)   RECORD NAMES
              1      18       39.10       500      610      700      900      950      970     1000      129      960     1100   
                                          VAR    BASINP    GEOM    SYMINP    ZMAT    AOBASIS   BASIS     P2S    ABASIS      S 
                                         1400     1410     1200     1210     1080     1600     1650     1700   
                                           T        V       H0       H01     AOSYM     SMH    MOLCAS    OPER   

 PROGRAMS   *        TOTAL       INT
 CPU TIMES  *         2.93      2.79
 REAL TIME  *         4.05 SEC
 DISK USED  *         0.00 MB      
 GA USED    *         0.02 MB       (max)       0.00 MB       (current)
 **********************************************************************************************************************************

1PROGRAM * RHF-SCF (CLOSED SHELL)       Authors: W. Meyer, H.-J. Werner


 NUMBER OF ELECTRONS:      27+   27-    SPACE SYMMETRY=1    SPIN SYMMETRY: Singlet 
 CONVERGENCE THRESHOLDS:    1.00E-05 (Density)    1.08E-07 (Energy)
 INTEGRAL THRESHOLDS:       1.00E-13 (Initial)    1.00E-13 (Final)
 MAX. NUMBER OF ITERATIONS:       60
 INTERPOLATION TYPE:            DIIS
 INTERPOLATION STEPS:              2 (START)      1 (STEP)
 LEVEL SHIFTS:                  0.00 (CLOSED)  0.00 (OPEN) 



 
 Basis set CC-PVQZ/JKFIT generated.      Number of basis functions:   1150 
 
 Orbital guess generated from atomic densities. Full valence occupancy:   43
 Coulomb and exchange fitting
 Thresholds for fitting:       THRAO_COUL= 1.0D-16    THRAO_EXCH= 1.0D-14    THRMO= 1.0D-13    THRPROD= 1.0D-13    THRASM= 1.0D-13
                               THR2HLF=    1.0D-13

 Molecular orbital dump at record        2100.2

 ITERATION   DDIFF            GRAD            ENERGY        2-EL.EN.            DIPOLE MOMENTS         DIIS   CPU(IT)  CPU(TOT)  ORB.
    1      0.000D+00      0.000D+00      -339.73997797    860.963226   -4.36330   -0.86570   -1.16365    0      8.1     21.3     start
    2      0.000D+00      0.237D-02      -339.83467871    855.436095   -3.08222   -0.55967   -0.19260    1      5.5     26.8     diag
    3      0.223D-02      0.162D-02      -339.88061561    858.318277   -3.39049   -0.60399   -0.58438    2      4.7     31.5     diag
    4      0.891D-03      0.252D-03      -339.88275146    858.058011   -3.28644   -0.59911   -0.55299    3      4.5     36.0     diag
    5      0.238D-03      0.644D-04      -339.88291024    858.082508   -3.30053   -0.59009   -0.55789    4      5.9     41.9     diag
    6      0.686D-04      0.283D-04      -339.88294816    858.057384   -3.28195   -0.59242   -0.55510    5      4.4     46.3     diag
    7      0.280D-04      0.116D-04      -339.88295906    858.062425   -3.28170   -0.59558   -0.55659    6      4.7     51.0     diag
    8      0.171D-04      0.464D-05      -339.88296086    858.063198   -3.28060   -0.59444   -0.55623    7      4.7     55.6     diag
    9      0.601D-05      0.203D-05      -339.88296122    858.063415   -3.28022   -0.59586   -0.55652    8      4.5     60.2     diag
   10      0.323D-05      0.566D-06      -339.88296124    858.064266   -3.28024   -0.59580   -0.55640    9      4.6     64.8     orth
   11      0.852D-06      0.178D-06      -339.88296124    858.063780   -3.28021   -0.59584   -0.55641    0      4.9     69.7     orth

 Final occupancy:  27

 !RHF STATE 1.1 Energy               -339.882961243356
 Nuclear energy                       312.06698993
 One-electron energy                -1080.98184137
 Two-electron energy                  429.03189019
 Virial quotient                       -0.99914175
 !RHF STATE 1.1 Dipole moment          -3.28021062    -0.59584107    -0.55640641
 Dipole moment /Debye                  -8.33691770    -1.51437775    -1.41415139

 Orbital energies:

         1.1          2.1          3.1          4.1          5.1          6.1          7.1          8.1          9.1         10.1
    -20.393527   -15.668753   -15.601729   -11.355873   -11.302582   -11.288288   -11.192945    -1.394453    -1.289265    -1.213175

        11.1         12.1         13.1         14.1         15.1         16.1         17.1         18.1         19.1         20.1
     -1.051690    -0.906869    -0.859237    -0.823450    -0.799763    -0.726873    -0.650712    -0.642825    -0.637030    -0.620131

        21.1         22.1         23.1         24.1         25.1         26.1         27.1         28.1         29.1
     -0.559158    -0.530451    -0.487098    -0.452154    -0.362787    -0.329511    -0.318700     0.006972     0.022439

 HOMO     27.1    -0.318700 =      -8.6723eV
 LUMO     28.1     0.006972 =       0.1897eV
 LUMO-HOMO         0.325671 =       8.8620eV


 **********************************************************************************************************************************
 DATASETS  * FILE   NREC   LENGTH (MB)   RECORD NAMES
              1      18       39.10       500      610      700      900      950      970     1000      129      960     1100   
                                          VAR    BASINP    GEOM    SYMINP    ZMAT    AOBASIS   BASIS     P2S    ABASIS      S 
                                         1400     1410     1200     1210     1080     1600     1650     1700   
                                           T        V       H0       H01     AOSYM     SMH    MOLCAS    OPER   

              2       4       21.38       700     1000      520     2100   
                                         GEOM     BASIS   MCVARS     RHF  

 PROGRAMS   *        TOTAL        HF       INT
 CPU TIMES  *        75.24     72.30      2.79
 REAL TIME  *       154.59 SEC
 DISK USED  *         1.47 GB      
 SF USED    *       250.37 MB      
 GA USED    *         3.20 MB       (max)       0.00 MB       (current)
 **********************************************************************************************************************************
 SETTING E_RHF_C        =    ***************  KCAL/MOL                        


1PROGRAM * MP2 (Closed-shell)     Authors: C. Hampel, H.-J. Werner, 1991, M. Deegan, P.J. Knowles, 1992

 Basis set AUG-CC-PVQZ/MP2FIT generated. Number of basis functions:   1816 

 Convergence thresholds:  THRVAR = 1.00D-08  THRDEN = 1.08D-06

 Number of core orbitals:           7 (   7 )
 Number of closed-shell orbitals:  20 (  20 )
 Number of external orbitals:     901 ( 901 )

 Molecular orbitals read from record     2100.2  Type=RHF/CANONICAL (state 1.1)
 

 Entering DF-MP2

 Thresholds:    THRAO= 0.100D-09    THRMO= 0.100D-08    THROV= 0.100D-11

 Fitting basis: AUG-CC-PVQZ-MP2F
 Number of fitting functions:                1816
 Number of blocks in AO basis:                  8
 Minimum block size:                           46
 Maximum block size:                          218
 Average block size:                          116
 Number of groups in AO basis:                179
 Number of shells in AO basis:                331

 Using large memory version DFMP2B. NIBTK= 1  NGPU= 0  IGPU= 0

 para=T  nprocs= 12  mpptyp=0  number of tasks=  30

 Minimum memory with paging:                  7.23 MW
 Minimum memory for incore assembly:         33.54 MW
 Maximum memory for incore algorithm:        37.70 MW
 Memory for 3-index integrals:                0.00 MW

 Disk space for H1-integrals:               271.96 MB (   600 records)
 
 CPU time for half transformed integrals      3.30 sec, elapsed time      3.44 sec
 CPU time for assembly                        6.06 sec, elapsed time     12.63 sec (8294.0 MFLOP/sec)
 Total CPU time                              12.58 sec, elapsed time     19.95 sec

 SCS-MP2 correlation energy:           -1.418660300101   (PS=  1.200000  PT=  0.333333)
 SCS-MP2 total energy:               -341.301621543442

 Norm of first-order wave function:     0.299850609033
 Coefficient of reference function:     0.877108417707

  Reference energy                   -339.882961243342
  MP2 singlet pair energy              -0.908023448517
  MP2 triplet pair energy              -0.528801688737
  MP2 correlation energy               -1.436825137253

 !MP2 total energy                   -341.319786380595


 **********************************************************************************************************************************
 DATASETS  * FILE   NREC   LENGTH (MB)   RECORD NAMES
              1      19       39.11       500      610      700      900      950      970     1000      129      960     1100   
                                          VAR    BASINP    GEOM    SYMINP    ZMAT    AOBASIS   BASIS     P2S    ABASIS      S 
                                         1400     1410     1200     1210     1080     1600     1650     1700      960(1)
                                           T        V       H0       H01     AOSYM     SMH    MOLCAS    OPER    ABASIS    

              2       4       21.38       700     1000      520     2100   
                                         GEOM     BASIS   MCVARS     RHF  

 PROGRAMS   *        TOTAL       MP2        HF       INT
 CPU TIMES  *        89.69     14.44     72.30      2.79
 REAL TIME  *       177.55 SEC
 DISK USED  *         1.47 GB      
 SF USED    *         1.08 GB      
 GA USED    *         3.20 MB       (max)       0.00 MB       (current)
 **********************************************************************************************************************************
 SETTING E_CORR_C       =    ***************  KCAL/MOL                        
 SETTING E_C            =      -901.62156714  KCAL/MOL                        
 SETTING CHARGE         =         1.00000000                                  

 Dummy atoms: C10  H11  H12  H13  O14


 Recomputing one-electron integrals since nuclear charges changed

1PROGRAM * SEWARD (Integral evaluation for generally contracted gaussian basis sets)     Author: Roland Lindh, 1990

 Geometry written to block  1 of record 700


 Point group  C1  



 ATOMIC COORDINATES

 NR  ATOM    CHARGE       X              Y              Z

   1  N0      7.00   -0.394119336    0.083015083    0.602085510
   2  N1      7.00   -3.798544109   -1.863128822   -0.875905202
   3  C2      6.00   -1.263722168   -2.026796112   -0.412916630
   4  C3      6.00   -4.584486876    0.513126199   -0.106431398
   5  H4      1.00   -4.903278006   -3.226991414   -1.669488132
   6  C5      6.00   -2.448981075    1.677822996    0.802232074
   7  H6      1.00   -0.155458264   -3.698075572   -0.850488385
   8  H7      1.00   -6.526282522    1.122585553   -0.287542750
   9  H8      1.00   -2.256162869    3.552733674    1.568710662
  10  H9      1.00    1.386357117    0.448939100    1.118871750
  11  C10     0.00    3.575067309    1.486164965   -1.234206262
  12  H11     0.00    3.434685224    3.384230458   -0.419683276
  13  H12     0.00    2.091422536    1.242951543   -2.648549108
  14  H13     0.00    5.420643769    1.280679925   -2.145736448
  15  O14     0.00    3.416950806   -0.272809333    0.527392999

 Bond lengths in Bohr (Angstrom)

  1- 3  2.497547139   1- 6  2.608817297   1-10  1.889726118   2- 3  2.581950362   2- 4  2.618469762
       ( 1.321645025)       ( 1.380526656)       ( 0.999999993)       ( 1.366309286)       ( 1.385634520)

 2-5  1.926222214  3-7  2.052533302  4-6  2.596646484  4-8  2.043235756  6-9  2.034688757
     ( 1.019312895)     ( 1.086153844)     ( 1.374086139)     ( 1.081233795)     ( 1.076710918)

 10-15  2.234743529  11-12  2.070219176  11-13  2.064151222  11-14  2.068638164  11-15  2.494438487
       ( 1.182575344)       ( 1.095512806)       ( 1.092301783)       ( 1.094676170)       ( 1.319999997)

 Bond angles

  1-3-2  111.17107112   1-3-7  125.90760457   1-6-4  110.28766710   1-6-9  121.16921863

  1-10-15  136.15335196   2- 3- 7  122.92086882   2- 4- 6  105.25010111   2- 4- 8  121.99826426

  3- 1- 6  105.86304950   3- 1-10  127.06847515   3- 2- 4  107.42788808   3- 2- 5  126.30256596

  4- 2- 5  126.26194913   4- 6- 9  128.54108940   6- 1-10  127.06847535   6- 4- 8  132.75045674

 10-15-11   90.96088257  12-11-13  109.20063486  12-11-14  108.96201772  12-11-15  111.36845194

 13-11-14  109.12517017  13-11-15  110.80834240  14-11-15  107.31910621

 NUCLEAR CHARGE:                   37
 NUMBER OF PRIMITIVE AOS:        1282
 NUMBER OF SYMMETRY AOS:         1035
 NUMBER OF CONTRACTIONS:          928   ( 928A   )
 NUMBER OF CORE ORBITALS:           5   (   5A   )
 NUMBER OF VALENCE ORBITALS:       25   (  25A   )

 MOLECULE CHANGED: INITIALIZING OCCUPATION AND DUMP RECORDS


 NUCLEAR REPULSION ENERGY  172.15847751


 Eigenvalues of metric

         1 0.597E-06 0.118E-05 0.138E-05 0.166E-05 0.171E-05 0.287E-05 0.356E-05 0.380E-05


 OPERATOR DM      FOR CENTER  0  COORDINATES:    0.000000    0.000000    0.000000


 **********************************************************************************************************************************
 DATASETS  * FILE   NREC   LENGTH (MB)   RECORD NAMES
              1      19       39.11       500      610      700      900      950      970     1000      129      960     1100   
                                          VAR    BASINP    GEOM    SYMINP    ZMAT    AOBASIS   BASIS     P2S    ABASIS      S 
                                         1400     1410     1200     1210     1080     1600     1650     1700      960(1)
                                           T        V       H0       H01     AOSYM     SMH    MOLCAS    OPER    ABASIS    

              2       4       21.38       700     1000      520     2100   
                                         GEOM     BASIS   MCVARS     RHF  

 PROGRAMS   *        TOTAL       INT       MP2        HF       INT
 CPU TIMES  *        92.40      2.71     14.44     72.30      2.79
 REAL TIME  *       181.10 SEC
 DISK USED  *         1.47 GB      
 SF USED    *         1.08 GB      
 GA USED    *         3.20 MB       (max)       0.00 MB       (current)
 **********************************************************************************************************************************

1PROGRAM * RHF-SCF (CLOSED SHELL)       Authors: W. Meyer, H.-J. Werner


 NUMBER OF ELECTRONS:      18+   18-    SPACE SYMMETRY=1    SPIN SYMMETRY: Singlet 
 CONVERGENCE THRESHOLDS:    1.00E-05 (Density)    1.00E-07 (Energy)
 INTEGRAL THRESHOLDS:       1.00E-13 (Initial)    1.00E-13 (Final)
 MAX. NUMBER OF ITERATIONS:       60
 INTERPOLATION TYPE:            DIIS
 INTERPOLATION STEPS:              2 (START)      1 (STEP)
 LEVEL SHIFTS:                  0.00 (CLOSED)  0.00 (OPEN) 



 
 Basis set CC-PVQZ/JKFIT generated.      Number of basis functions:   1150 
 
 Orbital guess generated from atomic densities. Full valence occupancy:   30
 Coulomb and exchange fitting
 Thresholds for fitting:       THRAO_COUL= 1.0D-16    THRAO_EXCH= 1.0D-14    THRMO= 1.0D-13    THRPROD= 1.0D-13    THRASM= 1.0D-13
                               THR2HLF=    1.0D-13

 Molecular orbital dump at record        2101.2

 ITERATION   DDIFF            GRAD            ENERGY        2-EL.EN.            DIPOLE MOMENTS         DIIS   CPU(IT)  CPU(TOT)  ORB.
    1      0.000D+00      0.000D+00      -225.21410445    475.026236   -1.74723   -1.36374   -0.26683    0      4.8     16.9     start
    2      0.000D+00      0.175D-02      -225.27434092    479.872784   -2.24759   -0.67644   -0.10137    1      5.5     22.5     diag
    3      0.133D-02      0.780D-03      -225.28321981    478.437387   -2.05161   -0.93676   -0.16296    2      4.3     26.8     diag
    4      0.490D-03      0.250D-03      -225.28457583    478.712971   -2.10050   -0.87415   -0.14877    3      3.9     30.7     diag
    5      0.175D-03      0.447D-04      -225.28467697    478.789498   -2.09029   -0.88400   -0.15054    4      4.3     35.0     diag
    6      0.436D-04      0.239D-04      -225.28470641    478.761495   -2.09145   -0.88481   -0.15111    5      3.8     38.8     diag
    7      0.239D-04      0.104D-04      -225.28471607    478.772988   -2.08675   -0.88909   -0.15183    6      4.3     43.1     diag
    8      0.164D-04      0.421D-05      -225.28471701    478.772902   -2.08666   -0.89043   -0.15233    7      4.3     47.4     diag
    9      0.577D-05      0.115D-05      -225.28471704    478.772091   -2.08624   -0.89035   -0.15221    8      4.0     51.4     diag
   10      0.100D-05      0.294D-06      -225.28471704    478.772316   -2.08636   -0.89042   -0.15226    0      4.2     55.6     orth

 Final occupancy:  18

 !RHF STATE 1.1 Energy               -225.284717044096
 Nuclear energy                       172.15847751
 One-electron energy                 -636.82935235
 Two-electron energy                  239.38615780
 Virial quotient                       -1.00224025
 !RHF STATE 1.1 Dipole moment          -2.08636028    -0.89041665    -0.15226347
 Dipole moment /Debye                  -5.30265155    -2.26306514    -0.38698980

 Orbital energies:

         1.1          2.1          3.1          4.1          5.1          6.1          7.1          8.1          9.1         10.1
    -15.855589   -15.849812   -11.557947   -11.478809   -11.473988    -1.589579    -1.437596    -1.238174    -1.105020    -1.044482

        11.1         12.1         13.1         14.1         15.1         16.1         17.1         18.1         19.1         20.1
     -0.988086    -0.916550    -0.840099    -0.825474    -0.815522    -0.799457    -0.670547    -0.541787    -0.098013    -0.082221

 HOMO     18.1    -0.541787 =     -14.7428eV
 LUMO     19.1    -0.098013 =      -2.6671eV
 LUMO-HOMO         0.443773 =      12.0757eV


 **********************************************************************************************************************************
 DATASETS  * FILE   NREC   LENGTH (MB)   RECORD NAMES
              1      19       39.17       500      610      700      900      950      970     1000      129      960     1100   
                                          VAR    BASINP    GEOM    SYMINP    ZMAT    AOBASIS   BASIS     P2S    ABASIS      S 
                                         1400     1410     1200     1210     1080     1600     1650     1700      960(1)
                                           T        V       H0       H01     AOSYM     SMH    MOLCAS    OPER    ABASIS    

              2       5       55.92       700     1000      520     2100     2101   
                                         GEOM     BASIS   MCVARS     RHF      RHF  

 PROGRAMS   *        TOTAL        HF       INT       MP2        HF       INT
 CPU TIMES  *       149.69     57.02      2.71     14.44     72.30      2.79
 REAL TIME  *       347.41 SEC
 DISK USED  *         1.85 GB      
 SF USED    *         1.08 GB      
 GA USED    *         3.20 MB       (max)       0.00 MB       (current)
 **********************************************************************************************************************************
 SETTING E_RHF_A        =    ***************  KCAL/MOL                        


1PROGRAM * MP2 (Closed-shell)     Authors: C. Hampel, H.-J. Werner, 1991, M. Deegan, P.J. Knowles, 1992

 Basis set AUG-CC-PVQZ/MP2FIT generated. Number of basis functions:   1816 

 Convergence thresholds:  THRVAR = 1.00D-08  THRDEN = 1.00D-06

 Number of core orbitals:           5 (   5 )
 Number of closed-shell orbitals:  13 (  13 )
 Number of external orbitals:     910 ( 910 )

 Molecular orbitals read from record     2101.2  Type=RHF/CANONICAL (state 1.1)
 

 Entering DF-MP2

 Thresholds:    THRAO= 0.100D-09    THRMO= 0.100D-08    THROV= 0.100D-11

 Fitting basis: AUG-CC-PVQZ-MP2F
 Number of fitting functions:                1816
 Number of blocks in AO basis:                  8
 Minimum block size:                           46
 Maximum block size:                          218
 Average block size:                          116
 Number of groups in AO basis:                179
 Number of shells in AO basis:                331

 Using large memory version DFMP2B. NIBTK= 1  NGPU= 0  IGPU= 0

 para=T  nprocs= 12  mpptyp=0  number of tasks=  30

 Minimum memory with paging:                  7.27 MW
 Minimum memory for incore assembly:         22.31 MW
 Maximum memory for incore algorithm:        25.80 MW
 Memory for 3-index integrals:                0.00 MW

 Disk space for H1-integrals:               176.78 MB (   390 records)
 
 CPU time for half transformed integrals      2.90 sec, elapsed time      2.93 sec
 CPU time for assembly                        2.74 sec, elapsed time      4.13 sec (7705.0 MFLOP/sec)
 Total CPU time                               8.96 sec, elapsed time     10.79 sec

 SCS-MP2 correlation energy:           -0.923131101863   (PS=  1.200000  PT=  0.333333)
 SCS-MP2 total energy:               -226.207848145959

 Norm of first-order wave function:     0.203038110870
 Coefficient of reference function:     0.911717534181

  Reference energy                   -225.284717044096
  MP2 singlet pair energy              -0.591875919128
  MP2 triplet pair energy              -0.342128569677
  MP2 correlation energy               -0.934004488804

 !MP2 total energy                   -226.218721532900


 **********************************************************************************************************************************
 DATASETS  * FILE   NREC   LENGTH (MB)   RECORD NAMES
              1      19       39.17       500      610      700      900      950      970     1000      129      960     1100   
                                          VAR    BASINP    GEOM    SYMINP    ZMAT    AOBASIS   BASIS     P2S    ABASIS      S 
                                         1400     1410     1200     1210     1080     1600     1650     1700      960(1)
                                           T        V       H0       H01     AOSYM     SMH    MOLCAS    OPER    ABASIS    

              2       5       55.92       700     1000      520     2100     2101   
                                         GEOM     BASIS   MCVARS     RHF      RHF  

 PROGRAMS   *        TOTAL       MP2        HF       INT       MP2        HF       INT
 CPU TIMES  *       160.40     10.71     57.02      2.71     14.44     72.30      2.79
 REAL TIME  *       361.56 SEC
 DISK USED  *         1.85 GB      
 SF USED    *         1.08 GB      
 GA USED    *         3.20 MB       (max)       0.00 MB       (current)
 **********************************************************************************************************************************
 SETTING E_CORR_A       =    ***************  KCAL/MOL                        
 SETTING E_A            =      -586.09678317  KCAL/MOL                        
 SETTING CHARGE         =        -1.00000000                                  

 Dummy atoms: N0  N1  C2  C3  H4  C5  H6  H7  H8  H9


 Recomputing one-electron integrals since nuclear charges changed

1PROGRAM * SEWARD (Integral evaluation for generally contracted gaussian basis sets)     Author: Roland Lindh, 1990

 Geometry written to block  1 of record 700


 Point group  C1  



 ATOMIC COORDINATES

 NR  ATOM    CHARGE       X              Y              Z

   1  N0      0.00   -0.394119336    0.083015083    0.602085510
   2  N1      0.00   -3.798544109   -1.863128822   -0.875905202
   3  C2      0.00   -1.263722168   -2.026796112   -0.412916630
   4  C3      0.00   -4.584486876    0.513126199   -0.106431398
   5  H4      0.00   -4.903278006   -3.226991414   -1.669488132
   6  C5      0.00   -2.448981075    1.677822996    0.802232074
   7  H6      0.00   -0.155458264   -3.698075572   -0.850488385
   8  H7      0.00   -6.526282522    1.122585553   -0.287542750
   9  H8      0.00   -2.256162869    3.552733674    1.568710662
  10  H9      0.00    1.386357117    0.448939100    1.118871750
  11  C10     6.00    3.575067309    1.486164965   -1.234206262
  12  H11     1.00    3.434685224    3.384230458   -0.419683276
  13  H12     1.00    2.091422536    1.242951543   -2.648549108
  14  H13     1.00    5.420643769    1.280679925   -2.145736448
  15  O14     8.00    3.416950806   -0.272809333    0.527392999

 Bond lengths in Bohr (Angstrom)

  1- 3  2.497547139   1- 6  2.608817297   1-10  1.889726118   2- 3  2.581950362   2- 4  2.618469762
       ( 1.321645025)       ( 1.380526656)       ( 0.999999993)       ( 1.366309286)       ( 1.385634520)

 2-5  1.926222214  3-7  2.052533302  4-6  2.596646484  4-8  2.043235756  6-9  2.034688757
     ( 1.019312895)     ( 1.086153844)     ( 1.374086139)     ( 1.081233795)     ( 1.076710918)

 10-15  2.234743529  11-12  2.070219176  11-13  2.064151222  11-14  2.068638164  11-15  2.494438487
       ( 1.182575344)       ( 1.095512806)       ( 1.092301783)       ( 1.094676170)       ( 1.319999997)

 Bond angles

  1-3-2  111.17107112   1-3-7  125.90760457   1-6-4  110.28766710   1-6-9  121.16921863

  1-10-15  136.15335196   2- 3- 7  122.92086882   2- 4- 6  105.25010111   2- 4- 8  121.99826426

  3- 1- 6  105.86304950   3- 1-10  127.06847515   3- 2- 4  107.42788808   3- 2- 5  126.30256596

  4- 2- 5  126.26194913   4- 6- 9  128.54108940   6- 1-10  127.06847535   6- 4- 8  132.75045674

 10-15-11   90.96088257  12-11-13  109.20063486  12-11-14  108.96201772  12-11-15  111.36845194

 13-11-14  109.12517017  13-11-15  110.80834240  14-11-15  107.31910621

 NUCLEAR CHARGE:                   17
 NUMBER OF PRIMITIVE AOS:        1282
 NUMBER OF SYMMETRY AOS:         1035
 NUMBER OF CONTRACTIONS:          928   ( 928A   )
 NUMBER OF CORE ORBITALS:           2   (   2A   )
 NUMBER OF VALENCE ORBITALS:       11   (  11A   )

 MOLECULE CHANGED: INITIALIZING OCCUPATION AND DUMP RECORDS


 NUCLEAR REPULSION ENERGY   35.25530855


 Eigenvalues of metric

         1 0.597E-06 0.118E-05 0.138E-05 0.166E-05 0.171E-05 0.287E-05 0.356E-05 0.380E-05


 OPERATOR DM      FOR CENTER  0  COORDINATES:    0.000000    0.000000    0.000000


 **********************************************************************************************************************************
 DATASETS  * FILE   NREC   LENGTH (MB)   RECORD NAMES
              1      19       39.17       500      610      700      900      950      970     1000      129      960     1100   
                                          VAR    BASINP    GEOM    SYMINP    ZMAT    AOBASIS   BASIS     P2S    ABASIS      S 
                                         1400     1410     1200     1210     1080     1600     1650     1700      960(1)
                                           T        V       H0       H01     AOSYM     SMH    MOLCAS    OPER    ABASIS    

              2       5       55.92       700     1000      520     2100     2101   
                                         GEOM     BASIS   MCVARS     RHF      RHF  

 PROGRAMS   *        TOTAL       INT       MP2        HF       INT       MP2        HF       INT
 CPU TIMES  *       163.12      2.71     10.71     57.02      2.71     14.44     72.30      2.79
 REAL TIME  *       365.46 SEC
 DISK USED  *         1.85 GB      
 SF USED    *         1.08 GB      
 GA USED    *         3.20 MB       (max)       0.00 MB       (current)
 **********************************************************************************************************************************

1PROGRAM * RHF-SCF (CLOSED SHELL)       Authors: W. Meyer, H.-J. Werner


 NUMBER OF ELECTRONS:       9+    9-    SPACE SYMMETRY=1    SPIN SYMMETRY: Singlet 
 CONVERGENCE THRESHOLDS:    1.00E-05 (Density)    1.00E-07 (Energy)
 INTEGRAL THRESHOLDS:       1.00E-13 (Initial)    1.00E-13 (Final)
 MAX. NUMBER OF ITERATIONS:       60
 INTERPOLATION TYPE:            DIIS
 INTERPOLATION STEPS:              2 (START)      1 (STEP)
 LEVEL SHIFTS:                  0.00 (CLOSED)  0.00 (OPEN) 



 
 Basis set CC-PVQZ/JKFIT generated.      Number of basis functions:   1150 
 
 Orbital guess generated from atomic densities. Full valence occupancy:   13
 Coulomb and exchange fitting
 Thresholds for fitting:       THRAO_COUL= 1.0D-16    THRAO_EXCH= 1.0D-14    THRMO= 1.0D-13    THRPROD= 1.0D-13    THRASM= 1.0D-13
                               THR2HLF=    1.0D-13

 Molecular orbital dump at record        2102.2

 ITERATION   DDIFF            GRAD            ENERGY        2-EL.EN.            DIPOLE MOMENTS         DIIS   CPU(IT)  CPU(TOT)  ORB.
    1      0.000D+00      0.000D+00      -114.33364018    169.849360   -3.39385    0.56230   -0.81426    0      4.1     13.3     start
    2      0.000D+00      0.392D-02      -114.37172459    158.159185   -3.44474   -0.42647    0.16455    1      4.2     17.5     diag
    3      0.111D-01      0.372D-02      -114.45638652    163.580315   -3.44205    0.01178   -0.26735    2      4.4     21.9     diag
    4      0.963D-02      0.230D-03      -114.45718818    163.504374   -3.44471    0.00219   -0.25783    3      3.6     25.6     diag
    5      0.879D-03      0.519D-04      -114.45724621    163.481570   -3.44539    0.00576   -0.26125    4      4.0     29.6     diag
    6      0.254D-03      0.166D-04      -114.45725033    163.495550   -3.44547    0.00632   -0.26188    5      4.7     34.3     diag
    7      0.493D-04      0.519D-05      -114.45725079    163.490802   -3.44554    0.00680   -0.26236    6      4.3     38.6     diag
    8      0.146D-04      0.104D-05      -114.45725083    163.490839   -3.44557    0.00695   -0.26252    7      3.8     42.3     diag
    9      0.483D-05      0.251D-06      -114.45725083    163.491065   -3.44557    0.00699   -0.26256    0      3.8     46.2     orth

 Final occupancy:   9

 !RHF STATE 1.1 Energy               -114.457250833946
 Nuclear energy                        35.25530855
 One-electron energy                 -231.45809191
 Two-electron energy                   81.74553253
 Virial quotient                       -0.99874313
 !RHF STATE 1.1 Dipole moment          -3.44557090     0.00698550    -0.26256392
 Dipole moment /Debye                  -8.75719409     0.01775422    -0.66732721

 Orbital energies:

         1.1          2.1          3.1          4.1          5.1          6.1          7.1          8.1          9.1         10.1
    -20.182996   -11.011319    -0.999970    -0.618201    -0.357220    -0.356303    -0.266282    -0.096666    -0.094557     0.093003

        11.1
      0.108659

 HOMO      9.1    -0.094557 =      -2.5730eV
 LUMO     10.1     0.093003 =       2.5307eV
 LUMO-HOMO         0.187560 =       5.1038eV


 **********************************************************************************************************************************
 DATASETS  * FILE   NREC   LENGTH (MB)   RECORD NAMES
              1      19       39.17       500      610      700      900      950      970     1000      129      960     1100   
                                          VAR    BASINP    GEOM    SYMINP    ZMAT    AOBASIS   BASIS     P2S    ABASIS      S 
                                         1400     1410     1200     1210     1080     1600     1650     1700      960(1)
                                           T        V       H0       H01     AOSYM     SMH    MOLCAS    OPER    ABASIS    

              2       6       90.45       700     1000      520     2100     2101     2102   
                                         GEOM     BASIS   MCVARS     RHF      RHF      RHF  

 PROGRAMS   *        TOTAL        HF       INT       MP2        HF       INT       MP2        HF       INT
 CPU TIMES  *       210.22     47.10      2.71     10.71     57.02      2.71     14.44     72.30      2.79
 REAL TIME  *       517.93 SEC
 DISK USED  *         2.22 GB      
 SF USED    *         1.08 GB      
 GA USED    *         3.20 MB       (max)       0.00 MB       (current)
 **********************************************************************************************************************************
 SETTING E_RHF_B        =    -71823.02368791  KCAL/MOL                        


1PROGRAM * MP2 (Closed-shell)     Authors: C. Hampel, H.-J. Werner, 1991, M. Deegan, P.J. Knowles, 1992

 Basis set AUG-CC-PVQZ/MP2FIT generated. Number of basis functions:   1816 

 Convergence thresholds:  THRVAR = 1.00D-08  THRDEN = 1.00D-06

 Number of core orbitals:           2 (   2 )
 Number of closed-shell orbitals:   7 (   7 )
 Number of external orbitals:     919 ( 919 )

 Molecular orbitals read from record     2102.2  Type=RHF/CANONICAL (state 1.1)
 

 Entering DF-MP2

 Thresholds:    THRAO= 0.100D-09    THRMO= 0.100D-08    THROV= 0.100D-11

 Fitting basis: AUG-CC-PVQZ-MP2F
 Number of fitting functions:                1816
 Number of blocks in AO basis:                  8
 Minimum block size:                           46
 Maximum block size:                          218
 Average block size:                          116
 Number of groups in AO basis:                179
 Number of shells in AO basis:                331

 Using large memory version DFMP2B. NIBTK= 1  NGPU= 0  IGPU= 0

 para=T  nprocs= 12  mpptyp=0  number of tasks=  30

 Minimum memory with paging:                  7.30 MW
 Minimum memory for incore assembly:         12.53 MW
 Maximum memory for incore algorithm:        15.60 MW
 Memory for 3-index integrals:                0.00 MW

 Disk space for H1-integrals:                95.19 MB (   210 records)
 
 CPU time for half transformed integrals      2.70 sec, elapsed time      2.72 sec
 CPU time for assembly                        1.06 sec, elapsed time      1.17 sec (5803.6 MFLOP/sec)
 Total CPU time                               6.99 sec, elapsed time      7.22 sec

 SCS-MP2 correlation energy:           -0.480520115634   (PS=  1.200000  PT=  0.333333)
 SCS-MP2 total energy:               -114.937770949582

 Norm of first-order wave function:     0.098457414836
 Coefficient of reference function:     0.954131837420

  Reference energy                   -114.457250833948
  MP2 singlet pair energy              -0.313148412894
  MP2 triplet pair energy              -0.168335389546
  MP2 correlation energy               -0.481483802440

 !MP2 total energy                   -114.938734636388


 **********************************************************************************************************************************
 DATASETS  * FILE   NREC   LENGTH (MB)   RECORD NAMES
              1      19       39.17       500      610      700      900      950      970     1000      129      960     1100   
                                          VAR    BASINP    GEOM    SYMINP    ZMAT    AOBASIS   BASIS     P2S    ABASIS      S 
                                         1400     1410     1200     1210     1080     1600     1650     1700      960(1)
                                           T        V       H0       H01     AOSYM     SMH    MOLCAS    OPER    ABASIS    

              2       6       90.45       700     1000      520     2100     2101     2102   
                                         GEOM     BASIS   MCVARS     RHF      RHF      RHF  

 PROGRAMS   *        TOTAL       MP2        HF       INT       MP2        HF       INT       MP2        HF       INT
 CPU TIMES  *       219.40      9.17     47.10      2.71     10.71     57.02      2.71     14.44     72.30      2.79
 REAL TIME  *       528.15 SEC
 DISK USED  *         2.22 GB      
 SF USED    *         1.08 GB      
 GA USED    *         3.20 MB       (max)       0.00 MB       (current)
 **********************************************************************************************************************************
 SETTING E_CORR_B       =    -72125.15939619  KCAL/MOL                        
 SETTING E_B            =      -302.13570828  KCAL/MOL                        
 SETTING E_RHF_CP       =       -88.47469027  KCAL/MOL                        
 SETTING E_CORR_CP      =       -13.38907569  KCAL/MOL                        

        DF-MP2          DF-HF           DF-MP2          DF-HF           DF-MP2          DF-HF   
   -114.93873464   -114.45725083   -226.21872153   -225.28471704   -341.31978638   -339.88296124
 **********************************************************************************************************************************
 Variable memory released
