
 Primary working directories    : /scratch/1723573.phoenix.chem.wisc.edu
 Secondary working directories  : /scratch/1723573.phoenix.chem.wisc.edu
 Wavefunction directory         : /scratch/1723573.phoenix.chem.wisc.edu/
 Main file repository           : /scratch/1723573.phoenix.chem.wisc.edu/

 SHA1      : 65e45729fe3f963b0eb97374e3bda9949063ef0f
 NAME      : 2012.1.17
 ARCHNAME  : Linux/x86_64
 FC        : /opt/intel/composer_xe_2013.5.192/bin/intel64/ifort
 FCVERSION : 13.1.3
 BLASLIB   : -L/opt/intel/composer_xe_2013.5.192/mkl/lib/intel64 -lmkl_intel_ilp64 -lmkl_sequential -lmkl_core
 id        : cuichemwisc

 Nodes             nprocs
 compute-1-31.local   12
 ga_uses_ma=false, calling ma_init with nominal heap.
 GA-space will be limited to   8.0 MW (determined by -G option)

 Using customized tuning parameters: mindgm=1; mindgv=20; mindgc=4; mindgr=1; noblas=0; minvec=7
 default implementation of scratch files=sf  

 geomtyp=xyz
 geometry={
 15
  N0         -0.208558970000       0.043929690000       0.318609930000
  N1         -2.010102970000      -0.985925310000      -0.463509070000
  C2         -0.668732970000      -1.072534310000      -0.218506070000
  C3         -2.426005970000       0.271534690000      -0.056321070000
  H4         -2.594702970000      -1.707650310000      -0.883455070000
  C5         -1.295944970000       0.887865690000       0.424522930000
  H6         -0.082264970000      -1.956937310000      -0.450059070000
  H7         -3.453559970000       0.594046690000      -0.152161070000
  H8         -1.193909970000       1.880025690000       0.830125930000
  H9          0.733628590000       0.237568340000       0.592081430000
  C10         2.594473659335       0.902281711510      -0.696273875095
  H11         2.520186659335       1.906694711510      -0.265246875095
  H12         1.809362659335       0.773578711510      -1.444711875095
  H13         3.571110659335       0.793543711510      -1.178634875095
  O14         2.510802009335      -0.028527398490       0.235924304905
 }
 
 
 basis=avqz
 
                                                                                 ! Complex
 set,charge=0
 
 df-hf
 e_rhf_c = energy*tokcal
 df-mp2
 e_corr_c = energy*tokcal
 e_c = e_corr_c - e_rhf_c
 
 
                                                                                 ! Monomer 1
 set,charge=1
 dummy,C10,H11,H12,H13,O14
 
 df-hf
 e_rhf_a = energy*tokcal
 df-mp2
 e_corr_a = energy*tokcal
 e_a = e_corr_a - e_rhf_a
 
 
                                                                                 ! Monomer 2
 set,charge=-1
 dummy,N0,N1,C2,C3,H4,C5,H6,H7,H8,H9
 
 df-hf
 e_rhf_b = energy*tokcal
 df-mp2
 e_corr_b = energy*tokcal
 e_b = e_corr_b - e_rhf_b
 
 
 e_rhf_cp = e_rhf_c - (e_rhf_a + e_rhf_b)
 e_corr_cp = e_c - (e_a + e_b)

 Variables initialized (782), CPU time= 0.01 sec
 Commands  initialized (547), CPU time= 0.01 sec, 517 directives.
 Default parameters read. Elapsed time= 0.13 sec

 Checking input...
 Passed
1


                                         ***  PROGRAM SYSTEM MOLPRO  ***
                         Copyright, University College Cardiff Consultants Limited, 2008

                                    Version 2012.1 linked Oct 11 2014 15:40:16


 **********************************************************************************************************************************
 LABEL *                                                                                 
 Linux-2.6.18-308.el5/compute-1-31.local(x86_64) 64 bit mpp version                      DATE: 12-Dec-14          TIME: 04:57:27  
 **********************************************************************************************************************************

 SHA1:             65e45729fe3f963b0eb97374e3bda9949063ef0f
 **********************************************************************************************************************************
 SETTING GEOMTYP        =    XYZ

 Turning off symmetry in density fitting calculation
 To re-enable, use 'set,zsymel=auto'


 Variable memory set to  350000000 words,  buffer space   230000 words

 SETTING BASIS          =    AVQZ
 SETTING CHARGE         =         0.00000000                                  


 Recomputing integrals since basis changed


 Using spherical harmonics

 Library entry N      S aug-cc-pVQZ          selected for orbital group  1
 Library entry N      P aug-cc-pVQZ          selected for orbital group  1
 Library entry N      D aug-cc-pVQZ          selected for orbital group  1
 Library entry N      F aug-cc-pVQZ          selected for orbital group  1
 Library entry N      G aug-cc-pVQZ          selected for orbital group  1
 Library entry C      S aug-cc-pVQZ          selected for orbital group  2
 Library entry C      P aug-cc-pVQZ          selected for orbital group  2
 Library entry C      D aug-cc-pVQZ          selected for orbital group  2
 Library entry C      F aug-cc-pVQZ          selected for orbital group  2
 Library entry C      G aug-cc-pVQZ          selected for orbital group  2
 Library entry H      S aug-cc-pVQZ          selected for orbital group  3
 Library entry H      P aug-cc-pVQZ          selected for orbital group  3
 Library entry H      D aug-cc-pVQZ          selected for orbital group  3
 Library entry H      F aug-cc-pVQZ          selected for orbital group  3
 Library entry O      S aug-cc-pVQZ          selected for orbital group  8
 Library entry O      P aug-cc-pVQZ          selected for orbital group  8
 Library entry O      D aug-cc-pVQZ          selected for orbital group  8
 Library entry O      F aug-cc-pVQZ          selected for orbital group  8
 Library entry O      G aug-cc-pVQZ          selected for orbital group  8

1PROGRAM * SEWARD (Integral evaluation for generally contracted gaussian basis sets)     Author: Roland Lindh, 1990

 Geometry written to block  1 of record 700


 Point group  C1  



 ATOMIC COORDINATES

 NR  ATOM    CHARGE       X              Y              Z

   1  N0      7.00   -0.394119336    0.083015083    0.602085510
   2  N1      7.00   -3.798544109   -1.863128822   -0.875905202
   3  C2      6.00   -1.263722168   -2.026796112   -0.412916630
   4  C3      6.00   -4.584486876    0.513126199   -0.106431398
   5  H4      1.00   -4.903278006   -3.226991414   -1.669488132
   6  C5      6.00   -2.448981075    1.677822996    0.802232074
   7  H6      1.00   -0.155458264   -3.698075572   -0.850488385
   8  H7      1.00   -6.526282522    1.122585553   -0.287542750
   9  H8      1.00   -2.256162869    3.552733674    1.568710662
  10  H9      1.00    1.386357117    0.448939100    1.118871750
  11  C10     6.00    4.902844671    1.705065328   -1.315766936
  12  H11     1.00    4.762462586    3.603130821   -0.501243951
  13  H12     1.00    3.419199899    1.461851906   -2.730109783
  14  H13     1.00    6.748421131    1.499580288   -2.227297123
  15  O14     8.00    4.744728168   -0.053908970    0.445832324

 Bond lengths in Bohr (Angstrom)

  1- 3  2.497547139   1- 6  2.608817297   1-10  1.889726118   2- 3  2.581950362   2- 4  2.618469762
       ( 1.321645025)       ( 1.380526656)       ( 0.999999993)       ( 1.366309286)       ( 1.385634520)

 2-5  1.926222214  3-7  2.052533302  4-6  2.596646484  4-8  2.043235756  6-9  2.034688757
     ( 1.019312895)     ( 1.086153844)     ( 1.374086139)     ( 1.081233795)     ( 1.076710918)

 11-12  2.070219176  11-13  2.064151222  11-14  2.068638164  11-15  2.494438487
       ( 1.095512806)       ( 1.092301783)       ( 1.094676170)       ( 1.319999997)

 Bond angles

  1-3-2  111.17107112   1-3-7  125.90760457   1-6-4  110.28766710   1-6-9  121.16921863

  2-3-7  122.92086882   2-4-6  105.25010111   2-4-8  121.99826426   3-1-6  105.86304950

  3- 1-10  127.06847515   3- 2- 4  107.42788808   3- 2- 5  126.30256596   4- 2- 5  126.26194913

  4- 6- 9  128.54108940   6- 1-10  127.06847535   6- 4- 8  132.75045674  12-11-13  109.20063486

 12-11-14  108.96201772  12-11-15  111.36845194  13-11-14  109.12517017  13-11-15  110.80834240

 14-11-15  107.31910621

 NUCLEAR CHARGE:                   54
 NUMBER OF PRIMITIVE AOS:        1282
 NUMBER OF SYMMETRY AOS:         1035
 NUMBER OF CONTRACTIONS:          928   ( 928A   )
 NUMBER OF CORE ORBITALS:           7   (   7A   )
 NUMBER OF VALENCE ORBITALS:       36   (  36A   )


 NUCLEAR REPULSION ENERGY  292.69136138


 Eigenvalues of metric

         1 0.728E-06 0.136E-05 0.161E-05 0.181E-05 0.306E-05 0.443E-05 0.494E-05 0.585E-05


 OPERATOR DM      FOR CENTER  0  COORDINATES:    0.000000    0.000000    0.000000


 **********************************************************************************************************************************
 DATASETS  * FILE   NREC   LENGTH (MB)   RECORD NAMES
              1      18       39.10       500      610      700      900      950      970     1000      129      960     1100   
                                          VAR    BASINP    GEOM    SYMINP    ZMAT    AOBASIS   BASIS     P2S    ABASIS      S 
                                         1400     1410     1200     1210     1080     1600     1650     1700   
                                           T        V       H0       H01     AOSYM     SMH    MOLCAS    OPER   

 PROGRAMS   *        TOTAL       INT
 CPU TIMES  *         2.83      2.68
 REAL TIME  *         3.87 SEC
 DISK USED  *         0.00 MB      
 GA USED    *         0.02 MB       (max)       0.00 MB       (current)
 **********************************************************************************************************************************

1PROGRAM * RHF-SCF (CLOSED SHELL)       Authors: W. Meyer, H.-J. Werner


 NUMBER OF ELECTRONS:      27+   27-    SPACE SYMMETRY=1    SPIN SYMMETRY: Singlet 
 CONVERGENCE THRESHOLDS:    1.00E-05 (Density)    1.08E-07 (Energy)
 INTEGRAL THRESHOLDS:       1.00E-13 (Initial)    1.00E-13 (Final)
 MAX. NUMBER OF ITERATIONS:       60
 INTERPOLATION TYPE:            DIIS
 INTERPOLATION STEPS:              2 (START)      1 (STEP)
 LEVEL SHIFTS:                  0.00 (CLOSED)  0.00 (OPEN) 



 
 Basis set CC-PVQZ/JKFIT generated.      Number of basis functions:   1150 
 
 Orbital guess generated from atomic densities. Full valence occupancy:   43
 Coulomb and exchange fitting
 Thresholds for fitting:       THRAO_COUL= 1.0D-16    THRAO_EXCH= 1.0D-14    THRMO= 1.0D-13    THRPROD= 1.0D-13    THRASM= 1.0D-13
                               THR2HLF=    1.0D-13

 Molecular orbital dump at record        2100.2

 ITERATION   DDIFF            GRAD            ENERGY        2-EL.EN.            DIPOLE MOMENTS         DIIS   CPU(IT)  CPU(TOT)  ORB.
    1      0.000D+00      0.000D+00      -339.74321475    820.362181   -6.26323   -1.03124   -1.02231    0      5.0     23.4     start
    2      0.000D+00      0.257D-02      -339.84482812    815.222169   -5.27944   -0.94657   -0.09478    1      5.3     28.7     diag
    3      0.265D-02      0.197D-02      -339.91305314    818.486661   -5.42441   -0.85478   -0.44709    2      4.7     33.4     diag
    4      0.121D-02      0.255D-03      -339.91532982    818.036466   -5.33698   -0.89584   -0.43933    3      4.4     37.8     diag
    5      0.262D-03      0.719D-04      -339.91552916    818.194900   -5.32468   -0.86027   -0.43311    4      4.5     42.2     diag
    6      0.685D-04      0.304D-04      -339.91557568    818.153486   -5.31592   -0.87337   -0.43708    5      4.9     47.1     diag
    7      0.304D-04      0.115D-04      -339.91558944    818.151129   -5.30995   -0.87242   -0.43620    6      4.7     51.8     diag
    8      0.182D-04      0.532D-05      -339.91559182    818.157544   -5.31020   -0.87437   -0.43740    7      4.6     56.4     diag
    9      0.706D-05      0.227D-05      -339.91559218    818.156968   -5.30902   -0.87476   -0.43716    8      4.7     61.2     diag
   10      0.324D-05      0.507D-06      -339.91559220    818.156915   -5.30924   -0.87481   -0.43712    9      4.5     65.7     orth
   11      0.772D-06      0.198D-06      -339.91559220    818.156971   -5.30919   -0.87485   -0.43709    0      4.6     70.3     orth

 Final occupancy:  27

 !RHF STATE 1.1 Energy               -339.915592199397
 Nuclear energy                       292.69136138
 One-electron energy                -1041.68543926
 Two-electron energy                  409.07848569
 Virial quotient                       -1.00119359
 !RHF STATE 1.1 Dipole moment          -5.30919262    -0.87484926    -0.43709080
 Dipole moment /Debye                 -13.49373779    -2.22349939    -1.11090125

 Orbital energies:

         1.1          2.1          3.1          4.1          5.1          6.1          7.1          8.1          9.1         10.1
    -20.354618   -15.706143   -15.676738   -11.401864   -11.338728   -11.330882   -11.159835    -1.434634    -1.281560    -1.174408

        11.1         12.1         13.1         14.1         15.1         16.1         17.1         18.1         19.1         20.1
     -1.091302    -0.945241    -0.894827    -0.840090    -0.773865    -0.754648    -0.687422    -0.677855    -0.670578    -0.657210

        21.1         22.1         23.1         24.1         25.1         26.1         27.1         28.1         29.1
     -0.523540    -0.511648    -0.502923    -0.435637    -0.399994    -0.270948    -0.267100    -0.004293     0.013856

 HOMO     27.1    -0.267100 =      -7.2682eV
 LUMO     28.1    -0.004293 =      -0.1168eV
 LUMO-HOMO         0.262807 =       7.1513eV


 **********************************************************************************************************************************
 DATASETS  * FILE   NREC   LENGTH (MB)   RECORD NAMES
              1      18       39.10       500      610      700      900      950      970     1000      129      960     1100   
                                          VAR    BASINP    GEOM    SYMINP    ZMAT    AOBASIS   BASIS     P2S    ABASIS      S 
                                         1400     1410     1200     1210     1080     1600     1650     1700   
                                           T        V       H0       H01     AOSYM     SMH    MOLCAS    OPER   

              2       4       21.38       700     1000      520     2100   
                                         GEOM     BASIS   MCVARS     RHF  

 PROGRAMS   *        TOTAL        HF       INT
 CPU TIMES  *        74.28     71.44      2.68
 REAL TIME  *       129.03 SEC
 DISK USED  *         1.47 GB      
 SF USED    *       253.92 MB      
 GA USED    *         3.20 MB       (max)       0.00 MB       (current)
 **********************************************************************************************************************************
 SETTING E_RHF_C        =    ***************  KCAL/MOL                        


1PROGRAM * MP2 (Closed-shell)     Authors: C. Hampel, H.-J. Werner, 1991, M. Deegan, P.J. Knowles, 1992

 Basis set AUG-CC-PVQZ/MP2FIT generated. Number of basis functions:   1816 

 Convergence thresholds:  THRVAR = 1.00D-08  THRDEN = 1.08D-06

 Number of core orbitals:           7 (   7 )
 Number of closed-shell orbitals:  20 (  20 )
 Number of external orbitals:     901 ( 901 )

 Molecular orbitals read from record     2100.2  Type=RHF/CANONICAL (state 1.1)
 

 Entering DF-MP2

 Thresholds:    THRAO= 0.100D-09    THRMO= 0.100D-08    THROV= 0.100D-11

 Fitting basis: AUG-CC-PVQZ-MP2F
 Number of fitting functions:                1816
 Number of blocks in AO basis:                  7
 Minimum block size:                           80
 Maximum block size:                          218
 Average block size:                          133
 Number of groups in AO basis:                179
 Number of shells in AO basis:                331

 Using large memory version DFMP2B. NIBTK= 1  NGPU= 0  IGPU= 0

 para=T  nprocs= 12  mpptyp=0  number of tasks=  30

 Minimum memory with paging:                  7.23 MW
 Minimum memory for incore assembly:         33.54 MW
 Maximum memory for incore algorithm:        37.66 MW
 Memory for 3-index integrals:                0.00 MW

 Disk space for H1-integrals:               271.67 MB (   600 records)
 
 CPU time for half transformed integrals      3.24 sec, elapsed time      3.28 sec
 CPU time for assembly                        5.98 sec, elapsed time      8.00 sec (8405.0 MFLOP/sec)
 Total CPU time                              12.39 sec, elapsed time     15.07 sec

 SCS-MP2 correlation energy:           -1.407627608189   (PS=  1.200000  PT=  0.333333)
 SCS-MP2 total energy:               -341.323219807581

 Norm of first-order wave function:     0.301186766017
 Coefficient of reference function:     0.876657961406

  Reference energy                   -339.915592199392
  MP2 singlet pair energy              -0.905151643845
  MP2 triplet pair energy              -0.516609057174
  MP2 correlation energy               -1.421760701019

 !MP2 total energy                   -341.337352900411


 **********************************************************************************************************************************
 DATASETS  * FILE   NREC   LENGTH (MB)   RECORD NAMES
              1      19       39.11       500      610      700      900      950      970     1000      129      960     1100   
                                          VAR    BASINP    GEOM    SYMINP    ZMAT    AOBASIS   BASIS     P2S    ABASIS      S 
                                         1400     1410     1200     1210     1080     1600     1650     1700      960(1)
                                           T        V       H0       H01     AOSYM     SMH    MOLCAS    OPER    ABASIS    

              2       4       21.38       700     1000      520     2100   
                                         GEOM     BASIS   MCVARS     RHF  

 PROGRAMS   *        TOTAL       MP2        HF       INT
 CPU TIMES  *        88.67     14.38     71.44      2.68
 REAL TIME  *       147.06 SEC
 DISK USED  *         1.47 GB      
 SF USED    *         1.10 GB      
 GA USED    *         3.20 MB       (max)       0.00 MB       (current)
 **********************************************************************************************************************************
 SETTING E_CORR_C       =    ***************  KCAL/MOL                        
 SETTING E_C            =      -892.16848879  KCAL/MOL                        
 SETTING CHARGE         =         1.00000000                                  

 Dummy atoms: C10  H11  H12  H13  O14


 Recomputing one-electron integrals since nuclear charges changed

1PROGRAM * SEWARD (Integral evaluation for generally contracted gaussian basis sets)     Author: Roland Lindh, 1990

 Geometry written to block  1 of record 700


 Point group  C1  



 ATOMIC COORDINATES

 NR  ATOM    CHARGE       X              Y              Z

   1  N0      7.00   -0.394119336    0.083015083    0.602085510
   2  N1      7.00   -3.798544109   -1.863128822   -0.875905202
   3  C2      6.00   -1.263722168   -2.026796112   -0.412916630
   4  C3      6.00   -4.584486876    0.513126199   -0.106431398
   5  H4      1.00   -4.903278006   -3.226991414   -1.669488132
   6  C5      6.00   -2.448981075    1.677822996    0.802232074
   7  H6      1.00   -0.155458264   -3.698075572   -0.850488385
   8  H7      1.00   -6.526282522    1.122585553   -0.287542750
   9  H8      1.00   -2.256162869    3.552733674    1.568710662
  10  H9      1.00    1.386357117    0.448939100    1.118871750
  11  C10     0.00    4.902844671    1.705065328   -1.315766936
  12  H11     0.00    4.762462586    3.603130821   -0.501243951
  13  H12     0.00    3.419199899    1.461851906   -2.730109783
  14  H13     0.00    6.748421131    1.499580288   -2.227297123
  15  O14     0.00    4.744728168   -0.053908970    0.445832324

 Bond lengths in Bohr (Angstrom)

  1- 3  2.497547139   1- 6  2.608817297   1-10  1.889726118   2- 3  2.581950362   2- 4  2.618469762
       ( 1.321645025)       ( 1.380526656)       ( 0.999999993)       ( 1.366309286)       ( 1.385634520)

 2-5  1.926222214  3-7  2.052533302  4-6  2.596646484  4-8  2.043235756  6-9  2.034688757
     ( 1.019312895)     ( 1.086153844)     ( 1.374086139)     ( 1.081233795)     ( 1.076710918)

 11-12  2.070219176  11-13  2.064151222  11-14  2.068638164  11-15  2.494438487
       ( 1.095512806)       ( 1.092301783)       ( 1.094676170)       ( 1.319999997)

 Bond angles

  1-3-2  111.17107112   1-3-7  125.90760457   1-6-4  110.28766710   1-6-9  121.16921863

  2-3-7  122.92086882   2-4-6  105.25010111   2-4-8  121.99826426   3-1-6  105.86304950

  3- 1-10  127.06847515   3- 2- 4  107.42788808   3- 2- 5  126.30256596   4- 2- 5  126.26194913

  4- 6- 9  128.54108940   6- 1-10  127.06847535   6- 4- 8  132.75045674  12-11-13  109.20063486

 12-11-14  108.96201772  12-11-15  111.36845194  13-11-14  109.12517017  13-11-15  110.80834240

 14-11-15  107.31910621

 NUCLEAR CHARGE:                   37
 NUMBER OF PRIMITIVE AOS:        1282
 NUMBER OF SYMMETRY AOS:         1035
 NUMBER OF CONTRACTIONS:          928   ( 928A   )
 NUMBER OF CORE ORBITALS:           5   (   5A   )
 NUMBER OF VALENCE ORBITALS:       25   (  25A   )

 MOLECULE CHANGED: INITIALIZING OCCUPATION AND DUMP RECORDS


 NUCLEAR REPULSION ENERGY  172.15847751


 Eigenvalues of metric

         1 0.728E-06 0.136E-05 0.161E-05 0.181E-05 0.306E-05 0.443E-05 0.494E-05 0.585E-05


 OPERATOR DM      FOR CENTER  0  COORDINATES:    0.000000    0.000000    0.000000


 **********************************************************************************************************************************
 DATASETS  * FILE   NREC   LENGTH (MB)   RECORD NAMES
              1      19       39.11       500      610      700      900      950      970     1000      129      960     1100   
                                          VAR    BASINP    GEOM    SYMINP    ZMAT    AOBASIS   BASIS     P2S    ABASIS      S 
                                         1400     1410     1200     1210     1080     1600     1650     1700      960(1)
                                           T        V       H0       H01     AOSYM     SMH    MOLCAS    OPER    ABASIS    

              2       4       21.38       700     1000      520     2100   
                                         GEOM     BASIS   MCVARS     RHF  

 PROGRAMS   *        TOTAL       INT       MP2        HF       INT
 CPU TIMES  *        91.62      2.94     14.38     71.44      2.68
 REAL TIME  *       150.76 SEC
 DISK USED  *         1.47 GB      
 SF USED    *         1.10 GB      
 GA USED    *         3.20 MB       (max)       0.00 MB       (current)
 **********************************************************************************************************************************

1PROGRAM * RHF-SCF (CLOSED SHELL)       Authors: W. Meyer, H.-J. Werner


 NUMBER OF ELECTRONS:      18+   18-    SPACE SYMMETRY=1    SPIN SYMMETRY: Singlet 
 CONVERGENCE THRESHOLDS:    1.00E-05 (Density)    1.00E-07 (Energy)
 INTEGRAL THRESHOLDS:       1.00E-13 (Initial)    1.00E-13 (Final)
 MAX. NUMBER OF ITERATIONS:       60
 INTERPOLATION TYPE:            DIIS
 INTERPOLATION STEPS:              2 (START)      1 (STEP)
 LEVEL SHIFTS:                  0.00 (CLOSED)  0.00 (OPEN) 



 
 Basis set CC-PVQZ/JKFIT generated.      Number of basis functions:   1150 
 
 Orbital guess generated from atomic densities. Full valence occupancy:   30
 Coulomb and exchange fitting
 Thresholds for fitting:       THRAO_COUL= 1.0D-16    THRAO_EXCH= 1.0D-14    THRMO= 1.0D-13    THRPROD= 1.0D-13    THRASM= 1.0D-13
                               THR2HLF=    1.0D-13

 Molecular orbital dump at record        2101.2

 ITERATION   DDIFF            GRAD            ENERGY        2-EL.EN.            DIPOLE MOMENTS         DIIS   CPU(IT)  CPU(TOT)  ORB.
    1      0.000D+00      0.000D+00      -225.21408136    475.025885   -1.74723   -1.36371   -0.26682    0      4.1     14.6     start
    2      0.000D+00      0.175D-02      -225.27431788    479.872486   -2.24761   -0.67643   -0.10138    1      4.2     18.9     diag
    3      0.124D-02      0.780D-03      -225.28319687    478.437049   -2.05162   -0.93673   -0.16296    2      4.6     23.4     diag
    4      0.472D-03      0.250D-03      -225.28455289    478.712594   -2.10052   -0.87413   -0.14877    3      3.9     27.3     diag
    5      0.167D-03      0.447D-04      -225.28465403    478.789129   -2.09030   -0.88397   -0.15054    4      4.1     31.4     diag
    6      0.410D-04      0.239D-04      -225.28468347    478.761124   -2.09147   -0.88479   -0.15111    5      4.4     35.8     diag
    7      0.221D-04      0.104D-04      -225.28469313    478.772618   -2.08676   -0.88907   -0.15183    6      3.9     39.7     diag
    8      0.154D-04      0.421D-05      -225.28469408    478.772535   -2.08668   -0.89041   -0.15233    7      3.9     43.6     diag
    9      0.550D-05      0.115D-05      -225.28469411    478.771723   -2.08626   -0.89033   -0.15221    8      4.0     47.5     diag
   10      0.893D-06      0.294D-06      -225.28469411    478.771947   -2.08638   -0.89039   -0.15226    0      4.1     51.6     orth

 Final occupancy:  18

 !RHF STATE 1.1 Energy               -225.284694109600
 Nuclear energy                       172.15847751
 One-electron energy                 -636.82914524
 Two-electron energy                  239.38597362
 Virial quotient                       -1.00223986
 !RHF STATE 1.1 Dipole moment          -2.08637741    -0.89039433    -0.15226411
 Dipole moment /Debye                  -5.30269511    -2.26300842    -0.38699142

 Orbital energies:

         1.1          2.1          3.1          4.1          5.1          6.1          7.1          8.1          9.1         10.1
    -15.855588   -15.849815   -11.557952   -11.478814   -11.473994    -1.589586    -1.437603    -1.238180    -1.105025    -1.044488

        11.1         12.1         13.1         14.1         15.1         16.1         17.1         18.1         19.1         20.1
     -0.988092    -0.916555    -0.840100    -0.825480    -0.815527    -0.799463    -0.670550    -0.541787    -0.098002    -0.082225

 HOMO     18.1    -0.541787 =     -14.7428eV
 LUMO     19.1    -0.098002 =      -2.6668eV
 LUMO-HOMO         0.443785 =      12.0760eV


 **********************************************************************************************************************************
 DATASETS  * FILE   NREC   LENGTH (MB)   RECORD NAMES
              1      19       39.17       500      610      700      900      950      970     1000      129      960     1100   
                                          VAR    BASINP    GEOM    SYMINP    ZMAT    AOBASIS   BASIS     P2S    ABASIS      S 
                                         1400     1410     1200     1210     1080     1600     1650     1700      960(1)
                                           T        V       H0       H01     AOSYM     SMH    MOLCAS    OPER    ABASIS    

              2       5       55.92       700     1000      520     2100     2101   
                                         GEOM     BASIS   MCVARS     RHF      RHF  

 PROGRAMS   *        TOTAL        HF       INT       MP2        HF       INT
 CPU TIMES  *       145.23     53.60      2.94     14.38     71.44      2.68
 REAL TIME  *       298.94 SEC
 DISK USED  *         1.85 GB      
 SF USED    *         1.10 GB      
 GA USED    *         3.20 MB       (max)       0.00 MB       (current)
 **********************************************************************************************************************************
 SETTING E_RHF_A        =    ***************  KCAL/MOL                        


1PROGRAM * MP2 (Closed-shell)     Authors: C. Hampel, H.-J. Werner, 1991, M. Deegan, P.J. Knowles, 1992

 Basis set AUG-CC-PVQZ/MP2FIT generated. Number of basis functions:   1816 

 Convergence thresholds:  THRVAR = 1.00D-08  THRDEN = 1.00D-06

 Number of core orbitals:           5 (   5 )
 Number of closed-shell orbitals:  13 (  13 )
 Number of external orbitals:     910 ( 910 )

 Molecular orbitals read from record     2101.2  Type=RHF/CANONICAL (state 1.1)
 

 Entering DF-MP2

 Thresholds:    THRAO= 0.100D-09    THRMO= 0.100D-08    THROV= 0.100D-11

 Fitting basis: AUG-CC-PVQZ-MP2F
 Number of fitting functions:                1816
 Number of blocks in AO basis:                  7
 Minimum block size:                           80
 Maximum block size:                          218
 Average block size:                          133
 Number of groups in AO basis:                179
 Number of shells in AO basis:                331

 Using large memory version DFMP2B. NIBTK= 1  NGPU= 0  IGPU= 0

 para=T  nprocs= 12  mpptyp=0  number of tasks=  30

 Minimum memory with paging:                  7.27 MW
 Minimum memory for incore assembly:         22.31 MW
 Maximum memory for incore algorithm:        25.78 MW
 Memory for 3-index integrals:                0.00 MW

 Disk space for H1-integrals:               176.59 MB (   390 records)
 
 CPU time for half transformed integrals      2.96 sec, elapsed time      2.97 sec
 CPU time for assembly                        2.60 sec, elapsed time      4.60 sec (8119.8 MFLOP/sec)
 Total CPU time                               8.82 sec, elapsed time     10.95 sec

 SCS-MP2 correlation energy:           -0.922791904872   (PS=  1.200000  PT=  0.333333)
 SCS-MP2 total energy:               -226.207486014471

 Norm of first-order wave function:     0.203016515618
 Coefficient of reference function:     0.911725717227

  Reference energy                   -225.284694109599
  MP2 singlet pair energy              -0.591611921829
  MP2 triplet pair energy              -0.342092569302
  MP2 correlation energy               -0.933704491131

 !MP2 total energy                   -226.218398600730


 **********************************************************************************************************************************
 DATASETS  * FILE   NREC   LENGTH (MB)   RECORD NAMES
              1      19       39.17       500      610      700      900      950      970     1000      129      960     1100   
                                          VAR    BASINP    GEOM    SYMINP    ZMAT    AOBASIS   BASIS     P2S    ABASIS      S 
                                         1400     1410     1200     1210     1080     1600     1650     1700      960(1)
                                           T        V       H0       H01     AOSYM     SMH    MOLCAS    OPER    ABASIS    

              2       5       55.92       700     1000      520     2100     2101   
                                         GEOM     BASIS   MCVARS     RHF      RHF  

 PROGRAMS   *        TOTAL       MP2        HF       INT       MP2        HF       INT
 CPU TIMES  *       155.97     10.73     53.60      2.94     14.38     71.44      2.68
 REAL TIME  *       313.72 SEC
 DISK USED  *         1.85 GB      
 SF USED    *         1.10 GB      
 GA USED    *         3.20 MB       (max)       0.00 MB       (current)
 **********************************************************************************************************************************
 SETTING E_CORR_A       =    ***************  KCAL/MOL                        
 SETTING E_A            =      -585.90853175  KCAL/MOL                        
 SETTING CHARGE         =        -1.00000000                                  

 Dummy atoms: N0  N1  C2  C3  H4  C5  H6  H7  H8  H9


 Recomputing one-electron integrals since nuclear charges changed

1PROGRAM * SEWARD (Integral evaluation for generally contracted gaussian basis sets)     Author: Roland Lindh, 1990

 Geometry written to block  1 of record 700


 Point group  C1  



 ATOMIC COORDINATES

 NR  ATOM    CHARGE       X              Y              Z

   1  N0      0.00   -0.394119336    0.083015083    0.602085510
   2  N1      0.00   -3.798544109   -1.863128822   -0.875905202
   3  C2      0.00   -1.263722168   -2.026796112   -0.412916630
   4  C3      0.00   -4.584486876    0.513126199   -0.106431398
   5  H4      0.00   -4.903278006   -3.226991414   -1.669488132
   6  C5      0.00   -2.448981075    1.677822996    0.802232074
   7  H6      0.00   -0.155458264   -3.698075572   -0.850488385
   8  H7      0.00   -6.526282522    1.122585553   -0.287542750
   9  H8      0.00   -2.256162869    3.552733674    1.568710662
  10  H9      0.00    1.386357117    0.448939100    1.118871750
  11  C10     6.00    4.902844671    1.705065328   -1.315766936
  12  H11     1.00    4.762462586    3.603130821   -0.501243951
  13  H12     1.00    3.419199899    1.461851906   -2.730109783
  14  H13     1.00    6.748421131    1.499580288   -2.227297123
  15  O14     8.00    4.744728168   -0.053908970    0.445832324

 Bond lengths in Bohr (Angstrom)

  1- 3  2.497547139   1- 6  2.608817297   1-10  1.889726118   2- 3  2.581950362   2- 4  2.618469762
       ( 1.321645025)       ( 1.380526656)       ( 0.999999993)       ( 1.366309286)       ( 1.385634520)

 2-5  1.926222214  3-7  2.052533302  4-6  2.596646484  4-8  2.043235756  6-9  2.034688757
     ( 1.019312895)     ( 1.086153844)     ( 1.374086139)     ( 1.081233795)     ( 1.076710918)

 11-12  2.070219176  11-13  2.064151222  11-14  2.068638164  11-15  2.494438487
       ( 1.095512806)       ( 1.092301783)       ( 1.094676170)       ( 1.319999997)

 Bond angles

  1-3-2  111.17107112   1-3-7  125.90760457   1-6-4  110.28766710   1-6-9  121.16921863

  2-3-7  122.92086882   2-4-6  105.25010111   2-4-8  121.99826426   3-1-6  105.86304950

  3- 1-10  127.06847515   3- 2- 4  107.42788808   3- 2- 5  126.30256596   4- 2- 5  126.26194913

  4- 6- 9  128.54108940   6- 1-10  127.06847535   6- 4- 8  132.75045674  12-11-13  109.20063486

 12-11-14  108.96201772  12-11-15  111.36845194  13-11-14  109.12517017  13-11-15  110.80834240

 14-11-15  107.31910621

 NUCLEAR CHARGE:                   17
 NUMBER OF PRIMITIVE AOS:        1282
 NUMBER OF SYMMETRY AOS:         1035
 NUMBER OF CONTRACTIONS:          928   ( 928A   )
 NUMBER OF CORE ORBITALS:           2   (   2A   )
 NUMBER OF VALENCE ORBITALS:       11   (  11A   )

 MOLECULE CHANGED: INITIALIZING OCCUPATION AND DUMP RECORDS


 NUCLEAR REPULSION ENERGY   35.25530855


 Eigenvalues of metric

         1 0.728E-06 0.136E-05 0.161E-05 0.181E-05 0.306E-05 0.443E-05 0.494E-05 0.585E-05


 OPERATOR DM      FOR CENTER  0  COORDINATES:    0.000000    0.000000    0.000000


 **********************************************************************************************************************************
 DATASETS  * FILE   NREC   LENGTH (MB)   RECORD NAMES
              1      19       39.17       500      610      700      900      950      970     1000      129      960     1100   
                                          VAR    BASINP    GEOM    SYMINP    ZMAT    AOBASIS   BASIS     P2S    ABASIS      S 
                                         1400     1410     1200     1210     1080     1600     1650     1700      960(1)
                                           T        V       H0       H01     AOSYM     SMH    MOLCAS    OPER    ABASIS    

              2       5       55.92       700     1000      520     2100     2101   
                                         GEOM     BASIS   MCVARS     RHF      RHF  

 PROGRAMS   *        TOTAL       INT       MP2        HF       INT       MP2        HF       INT
 CPU TIMES  *       158.82      2.84     10.73     53.60      2.94     14.38     71.44      2.68
 REAL TIME  *       317.43 SEC
 DISK USED  *         1.85 GB      
 SF USED    *         1.10 GB      
 GA USED    *         3.20 MB       (max)       0.00 MB       (current)
 **********************************************************************************************************************************

1PROGRAM * RHF-SCF (CLOSED SHELL)       Authors: W. Meyer, H.-J. Werner


 NUMBER OF ELECTRONS:       9+    9-    SPACE SYMMETRY=1    SPIN SYMMETRY: Singlet 
 CONVERGENCE THRESHOLDS:    1.00E-05 (Density)    1.00E-07 (Energy)
 INTEGRAL THRESHOLDS:       1.00E-13 (Initial)    1.00E-13 (Final)
 MAX. NUMBER OF ITERATIONS:       60
 INTERPOLATION TYPE:            DIIS
 INTERPOLATION STEPS:              2 (START)      1 (STEP)
 LEVEL SHIFTS:                  0.00 (CLOSED)  0.00 (OPEN) 



 
 Basis set CC-PVQZ/JKFIT generated.      Number of basis functions:   1150 
 
 Orbital guess generated from atomic densities. Full valence occupancy:   13
 Coulomb and exchange fitting
 Thresholds for fitting:       THRAO_COUL= 1.0D-16    THRAO_EXCH= 1.0D-14    THRMO= 1.0D-13    THRPROD= 1.0D-13    THRASM= 1.0D-13
                               THR2HLF=    1.0D-13

 Molecular orbital dump at record        2102.2

 ITERATION   DDIFF            GRAD            ENERGY        2-EL.EN.            DIPOLE MOMENTS         DIIS   CPU(IT)  CPU(TOT)  ORB.
    1      0.000D+00      0.000D+00      -114.33361328    169.848902   -4.72168    0.34339   -0.73267    0      3.9     14.2     start
    2      0.000D+00      0.392D-02      -114.36982511    158.067309   -4.64514   -0.63274    0.24746    1      4.2     18.4     diag
    3      0.244D-01      0.374D-02      -114.45631549    163.598203   -4.76577   -0.20444   -0.18809    2      4.6     23.0     diag
    4      0.234D-01      0.233D-03      -114.45715500    163.500686   -4.77182   -0.21625   -0.17663    3      4.2     27.2     diag
    5      0.127D-02      0.520D-04      -114.45721507    163.481598   -4.77294   -0.21290   -0.17988    4      4.4     31.6     diag
    6      0.323D-03      0.160D-04      -114.45721905    163.495460   -4.77309   -0.21234   -0.18049    5      3.8     35.4     diag
    7      0.473D-04      0.518D-05      -114.45721950    163.490716   -4.77320   -0.21189   -0.18093    6      3.7     39.2     diag
    8      0.115D-04      0.106D-05      -114.45721954    163.490681   -4.77324   -0.21177   -0.18107    7      4.0     43.2     diag
    9      0.432D-05      0.259D-06      -114.45721954    163.490919   -4.77325   -0.21173   -0.18111    0      3.8     47.0     orth

 Final occupancy:   9

 !RHF STATE 1.1 Energy               -114.457219540447
 Nuclear energy                        35.25530855
 One-electron energy                 -231.45798748
 Two-electron energy                   81.74545939
 Virial quotient                       -0.99874067
 !RHF STATE 1.1 Dipole moment          -4.77324750    -0.21173258    -0.18110519
 Dipole moment /Debye                 -12.13159038    -0.53813529    -0.46029334

 Orbital energies:

         1.1          2.1          3.1          4.1          5.1          6.1          7.1          8.1          9.1         10.1
    -20.182980   -11.011324    -0.999980    -0.618204    -0.357220    -0.356302    -0.266287    -0.096678    -0.094557     0.088505

        11.1
      0.104570

 HOMO      9.1    -0.094557 =      -2.5730eV
 LUMO     10.1     0.088505 =       2.4084eV
 LUMO-HOMO         0.183063 =       4.9814eV


 **********************************************************************************************************************************
 DATASETS  * FILE   NREC   LENGTH (MB)   RECORD NAMES
              1      19       39.17       500      610      700      900      950      970     1000      129      960     1100   
                                          VAR    BASINP    GEOM    SYMINP    ZMAT    AOBASIS   BASIS     P2S    ABASIS      S 
                                         1400     1410     1200     1210     1080     1600     1650     1700      960(1)
                                           T        V       H0       H01     AOSYM     SMH    MOLCAS    OPER    ABASIS    

              2       6       90.45       700     1000      520     2100     2101     2102   
                                         GEOM     BASIS   MCVARS     RHF      RHF      RHF  

 PROGRAMS   *        TOTAL        HF       INT       MP2        HF       INT       MP2        HF       INT
 CPU TIMES  *       206.63     47.81      2.84     10.73     53.60      2.94     14.38     71.44      2.68
 REAL TIME  *       459.22 SEC
 DISK USED  *         2.22 GB      
 SF USED    *         1.10 GB      
 GA USED    *         3.20 MB       (max)       0.00 MB       (current)
 **********************************************************************************************************************************
 SETTING E_RHF_B        =    -71823.00405094  KCAL/MOL                        


1PROGRAM * MP2 (Closed-shell)     Authors: C. Hampel, H.-J. Werner, 1991, M. Deegan, P.J. Knowles, 1992

 Basis set AUG-CC-PVQZ/MP2FIT generated. Number of basis functions:   1816 

 Convergence thresholds:  THRVAR = 1.00D-08  THRDEN = 1.00D-06

 Number of core orbitals:           2 (   2 )
 Number of closed-shell orbitals:   7 (   7 )
 Number of external orbitals:     919 ( 919 )

 Molecular orbitals read from record     2102.2  Type=RHF/CANONICAL (state 1.1)
 

 Entering DF-MP2

 Thresholds:    THRAO= 0.100D-09    THRMO= 0.100D-08    THROV= 0.100D-11

 Fitting basis: AUG-CC-PVQZ-MP2F
 Number of fitting functions:                1816
 Number of blocks in AO basis:                  7
 Minimum block size:                           80
 Maximum block size:                          218
 Average block size:                          133
 Number of groups in AO basis:                179
 Number of shells in AO basis:                331

 Using large memory version DFMP2B. NIBTK= 1  NGPU= 0  IGPU= 0

 para=T  nprocs= 12  mpptyp=0  number of tasks=  30

 Minimum memory with paging:                  7.30 MW
 Minimum memory for incore assembly:         12.53 MW
 Maximum memory for incore algorithm:        15.59 MW
 Memory for 3-index integrals:                0.00 MW

 Disk space for H1-integrals:                95.09 MB (   210 records)
 
 CPU time for half transformed integrals      2.69 sec, elapsed time      2.70 sec
 CPU time for assembly                        1.06 sec, elapsed time      1.26 sec (5803.6 MFLOP/sec)
 Total CPU time                               6.98 sec, elapsed time      7.27 sec

 SCS-MP2 correlation energy:           -0.479413119103   (PS=  1.200000  PT=  0.333333)
 SCS-MP2 total energy:               -114.936632659547

 Norm of first-order wave function:     0.098385408329
 Coefficient of reference function:     0.954163111768

  Reference energy                   -114.457219540444
  MP2 singlet pair energy              -0.312280638977
  MP2 triplet pair energy              -0.168229851960
  MP2 correlation energy               -0.480510490937

 !MP2 total energy                   -114.937730031381


 **********************************************************************************************************************************
 DATASETS  * FILE   NREC   LENGTH (MB)   RECORD NAMES
              1      19       39.17       500      610      700      900      950      970     1000      129      960     1100   
                                          VAR    BASINP    GEOM    SYMINP    ZMAT    AOBASIS   BASIS     P2S    ABASIS      S 
                                         1400     1410     1200     1210     1080     1600     1650     1700      960(1)
                                           T        V       H0       H01     AOSYM     SMH    MOLCAS    OPER    ABASIS    

              2       6       90.45       700     1000      520     2100     2101     2102   
                                         GEOM     BASIS   MCVARS     RHF      RHF      RHF  

 PROGRAMS   *        TOTAL       MP2        HF       INT       MP2        HF       INT       MP2        HF       INT
 CPU TIMES  *       216.29      9.65     47.81      2.84     10.73     53.60      2.94     14.38     71.44      2.68
 REAL TIME  *       470.89 SEC
 DISK USED  *         2.22 GB      
 SF USED    *         1.10 GB      
 GA USED    *         3.20 MB       (max)       0.00 MB       (current)
 **********************************************************************************************************************************
 SETTING E_CORR_B       =    -72124.52899690  KCAL/MOL                        
 SETTING E_B            =      -301.52494596  KCAL/MOL                        
 SETTING E_RHF_CP       =      -108.98495703  KCAL/MOL                        
 SETTING E_CORR_CP      =        -4.73501108  KCAL/MOL                        

        DF-MP2          DF-HF           DF-MP2          DF-HF           DF-MP2          DF-HF   
   -114.93773003   -114.45721954   -226.21839860   -225.28469411   -341.33735290   -339.91559220
 **********************************************************************************************************************************
 Variable memory released
