
 Primary working directories    : /scratch/1723271.phoenix.chem.wisc.edu
 Secondary working directories  : /scratch/1723271.phoenix.chem.wisc.edu
 Wavefunction directory         : /scratch/1723271.phoenix.chem.wisc.edu/
 Main file repository           : /scratch/1723271.phoenix.chem.wisc.edu/

 SHA1      : 65e45729fe3f963b0eb97374e3bda9949063ef0f
 NAME      : 2012.1.17
 ARCHNAME  : Linux/x86_64
 FC        : /opt/intel/composer_xe_2013.5.192/bin/intel64/ifort
 FCVERSION : 13.1.3
 BLASLIB   : -L/opt/intel/composer_xe_2013.5.192/mkl/lib/intel64 -lmkl_intel_ilp64 -lmkl_sequential -lmkl_core
 id        : cuichemwisc

 Nodes             nprocs
 compute-1-35.local   12
 ga_uses_ma=false, calling ma_init with nominal heap.
 GA-space will be limited to   8.0 MW (determined by -G option)

 Using customized tuning parameters: mindgm=1; mindgv=20; mindgc=4; mindgr=1; noblas=0; minvec=7
 default implementation of scratch files=sf  

 geomtyp=xyz
 geometry={
 17
  C0          1.923803467700      -0.017759142900       0.000000000000
  N1          1.252409495800      -1.153082639800       0.000000000000
  N2          3.280756017700      -0.026187563500       0.000000000000
  N3          1.270506131500       1.129882851300       0.000000000000
  H4          3.797978734300       0.830097081700       0.000000000000
  H5          3.786548440800      -0.889261268500       0.000000000000
  H6          1.766006307100      -2.014875162400       0.000000000000
  H7          0.155974368200      -1.141295455600       0.000000000000
  H8          1.794553240500       1.984974403800       0.000000000000
  H9          0.183172416200       1.132821954000       0.000000000000
  C10        -3.003166122241      -0.015439364050       0.000000000000
  H11        -3.354531676541      -0.556705064250       0.875958756700
  H12        -3.354531676541      -0.556705064250      -0.875958756700
  C13        -1.488115756641       0.000852584850       0.000000000000
  H14        -3.404562452541       0.992241784650       0.000000000000
  O15        -0.914703481941      -1.127829812250       0.000000000000
  O16        -0.912517639741       1.125131426250       0.000000000000
 }
 
 
 basis=avdz
 
                                                                                 ! Complex
 set,charge=0
 
 hf
 e_rhf_c = energy*tokcal
 ccsd(t)
 e_corr_c = energy*tokcal
 e_c = e_corr_c - e_rhf_c
 
 
                                                                                 ! Monomer 1
 set,charge=1
 dummy,C10,H11,H12,C13,H14,O15,O16
 
 hf
 e_rhf_a = energy*tokcal
 ccsd(t)
 e_corr_a = energy*tokcal
 e_a = e_corr_a - e_rhf_a
 
 
                                                                                 ! Monomer 2
 set,charge=-1
 dummy,C0,N1,N2,N3,H4,H5,H6,H7,H8,H9
 
 hf
 e_rhf_b = energy*tokcal
 ccsd(t)
 e_corr_b = energy*tokcal
 e_b = e_corr_b - e_rhf_b
 
 
 e_rhf_cp = e_rhf_c - (e_rhf_a + e_rhf_b)
 e_corr_cp = e_c - (e_a + e_b)

 Variables initialized (782), CPU time= 0.01 sec
 Commands  initialized (547), CPU time= 0.01 sec, 517 directives.
 Default parameters read. Elapsed time= 0.13 sec

 Checking input...
 Passed
1


                                         ***  PROGRAM SYSTEM MOLPRO  ***
                         Copyright, University College Cardiff Consultants Limited, 2008

                                    Version 2012.1 linked Oct 11 2014 15:40:16


 **********************************************************************************************************************************
 LABEL *                                                                                 
 Linux-2.6.18-308.el5/compute-1-35.local(x86_64) 64 bit mpp version                      DATE: 11-Dec-14          TIME: 18:36:28  
 **********************************************************************************************************************************

 SHA1:             65e45729fe3f963b0eb97374e3bda9949063ef0f
 **********************************************************************************************************************************
 SETTING GEOMTYP        =    XYZ

 Variable memory set to  350000000 words,  buffer space   230000 words

 SETTING BASIS          =    AVDZ
 SETTING CHARGE         =         0.00000000                                  


 Recomputing integrals since basis changed


 Using spherical harmonics

 Library entry C      S aug-cc-pVDZ          selected for orbital group  1
 Library entry C      P aug-cc-pVDZ          selected for orbital group  1
 Library entry C      D aug-cc-pVDZ          selected for orbital group  1
 Library entry N      S aug-cc-pVDZ          selected for orbital group  2
 Library entry N      P aug-cc-pVDZ          selected for orbital group  2
 Library entry N      D aug-cc-pVDZ          selected for orbital group  2
 Library entry H      S aug-cc-pVDZ          selected for orbital group  3
 Library entry H      P aug-cc-pVDZ          selected for orbital group  3
 Library entry O      S aug-cc-pVDZ          selected for orbital group  8
 Library entry O      P aug-cc-pVDZ          selected for orbital group  8
 Library entry O      D aug-cc-pVDZ          selected for orbital group  8

1PROGRAM * SEWARD (Integral evaluation for generally contracted gaussian basis sets)     Author: Roland Lindh, 1990

 Geometry written to block  1 of record 700


 Point group  Cs  



 ATOMIC COORDINATES

 NR  ATOM    CHARGE       X              Y              Z

   1  C0      6.00    3.635461685   -0.033559916    0.000000000
   2  N1      7.00    2.366710951   -2.179010396    0.000000000
   3  N2      7.00    6.199730377   -0.049487323    0.000000000
   4  N3      7.00    2.400908637    2.135169150    0.000000000
   5  H4      1.00    7.177139661    1.568656147    0.000000000
   6  H5      1.00    7.155539536   -1.680460257    0.000000000
   7  H6      1.00    3.337268267   -3.807562246    0.000000000
   8  H7      1.00    0.294748839   -2.156735846    0.000000000
   9  H8      1.00    3.391214153    3.751058001    0.000000000
  10  H9      1.00    0.346145701    2.140723249    0.000000000
  11  C10     6.00   -5.675161498   -0.029176170    0.000000000
  12  H11     1.00   -6.339146168   -1.052020107    1.655322153
  13  H12     1.00   -6.339146168   -1.052020107   -1.655322153
  14  C13     6.00   -2.812131232    0.001611152    0.000000000
  15  H14     1.00   -6.433690633    1.875065229    0.000000000
  16  O15     8.00   -1.728539072   -2.131289468    0.000000000
  17  O16     8.00   -1.724408429    2.126190257    0.000000000

 Bond lengths in Bohr (Angstrom)

 1-2  2.492526065  1-3  2.564318157  1-4  2.495497343  2-7  1.895827690  2-8  2.072081839
     ( 1.318987986)     ( 1.356978725)     ( 1.320560319)     ( 1.003228806)     ( 1.096498485)

  3- 5  1.890427781   3- 6  1.890408384   4- 9  1.895204948   4-10  2.054770442   8-16  2.023447922
       ( 1.000371297)       ( 1.000361033)       ( 1.002899265)       ( 1.087337688)       ( 1.070762524)

 10-17  2.070605133  11-12  2.056009920  11-13  2.056009920  11-14  2.863195796  11-15  2.049756511
       ( 1.095717045)       ( 1.087993591)       ( 1.087993591)       ( 1.515137960)       ( 1.084684429)

 14-16  2.392370586  14-17  2.386834152
       ( 1.265987990)       ( 1.263058235)

 Bond angles

  1-2-7  118.60789375   1-2-8  119.98277870   1-3-5  120.77741373   1-3-6  120.72772193

  1- 4- 9  118.84696707   1- 4-10  119.80564825   2- 1- 3  120.24283517   2- 1- 4  119.75051288

  2- 8-16  179.89537590   3- 1- 4  120.00665195   4-10-17  179.44298164   5- 3- 6  118.49486434

  7- 2- 8  121.40932755   8-16-14  117.65280525   9- 4-10  121.34738468  10-17-14  117.51327425

 11-14-16  116.31614784  11-14-17  117.72722902  12-11-13  107.24251222  12-11-14  109.16434575

 12-11-15  110.03918169  13-11-14  109.16434575  13-11-15  110.03918169  14-11-15  111.10310363

 16-14-17  125.95662314

 NUCLEAR CHARGE:                   64
 NUMBER OF PRIMITIVE AOS:         395
 NUMBER OF SYMMETRY AOS:          379
 NUMBER OF CONTRACTIONS:          265   ( 186A'  +  79A"  )
 NUMBER OF CORE ORBITALS:           8   (   8A'  +   0A"  )
 NUMBER OF VALENCE ORBITALS:       41   (  32A'  +   9A"  )


 NUCLEAR REPULSION ENERGY  403.94747991


 Eigenvalues of metric

         1 0.226E-04 0.533E-04 0.918E-04 0.136E-03 0.175E-03 0.183E-03 0.192E-03 0.202E-03
         2 0.579E-03 0.464E-02 0.473E-02 0.541E-02 0.101E-01 0.122E-01 0.148E-01 0.153E-01


 Contracted 2-electron integrals neglected if value below      1.0D-12
 AO integral compression algorithm  1   Integral accuracy      1.0D-12

     1461.977 MB (compressed) written to integral file ( 52.4%)

     Node minimum: 116.392 MB, node maximum: 128.188 MB


 NUMBER OF SORTED TWO-ELECTRON INTEGRALS:   26744391.     BUFFER LENGTH:  32768
 NUMBER OF SEGMENTS:   2  SEGMENT LENGTH:   15996753      RECORD LENGTH: 524288

 Memory used in sort:      16.55 MW

 SORT1 READ   348660805. AND WROTE    25106784. INTEGRALS IN     73 RECORDS. CPU TIME:    13.95 SEC, REAL TIME:    15.48 SEC
 SORT2 READ   300991419. AND WROTE   321093196. INTEGRALS IN   5532 RECORDS. CPU TIME:     1.00 SEC, REAL TIME:    11.57 SEC

 Node minimum:    26732407.  Node maximum:    26801706. integrals

 OPERATOR DM      FOR CENTER  0  COORDINATES:    0.000000    0.000000    0.000000


 **********************************************************************************************************************************
 DATASETS  * FILE   NREC   LENGTH (MB)   RECORD NAMES
              1      18        9.32       500      610      700      900      950      970     1000      129      960     1100   
                                          VAR    BASINP    GEOM    SYMINP    ZMAT    AOBASIS   BASIS     P2S    ABASIS      S 
                                         1400     1410     1200     1210     1080     1600     1650     1700   
                                           T        V       H0       H01     AOSYM     SMH    MOLCAS    OPER   

 PROGRAMS   *        TOTAL       INT
 CPU TIMES  *        30.91     30.77
 REAL TIME  *        44.27 SEC
 DISK USED  *         5.07 GB      
 GA USED    *         0.01 MB       (max)       0.00 MB       (current)
 **********************************************************************************************************************************

1PROGRAM * RHF-SCF (CLOSED SHELL)       Authors: W. Meyer, H.-J. Werner


 NUMBER OF ELECTRONS:      32+   32-
 CONVERGENCE THRESHOLDS:    1.00E-05 (Density)    1.28E-07 (Energy)
 MAX. NUMBER OF ITERATIONS:       60
 INTERPOLATION TYPE:            DIIS
 INTERPOLATION STEPS:              2 (START)      1 (STEP)
 LEVEL SHIFTS:                  0.00 (CLOSED)  0.00 (OPEN) 



 Orbital guess generated from atomic densities. Full valence occupancy:   40   9

 Molecular orbital dump at record        2100.2

 Initial alpha occupancy:  26   6
 Initial beta  occupancy:  26   6
 Wave function symmetry:    1

 ITERATION    DDIFF          GRAD             ENERGY        2-EL.EN.            DIPOLE MOMENTS         DIIS   ORB.
    1      0.000D+00      0.000D+00      -431.79428234   1117.655641    1.75938   -0.05273    0.00000    0    start
    2      0.000D+00      0.599D-02      -431.91305645   1110.051852    1.22875   -0.01738    0.00000    1    diag
    3      0.122D-01      0.325D-02      -431.95035625   1112.735879    1.27796   -0.01785    0.00000    2    diag
    4      0.415D-02      0.639D-03      -431.95289832   1112.727342    1.25309   -0.01626    0.00000    3    diag
    5      0.141D-02      0.168D-03      -431.95310310   1112.582822    1.24054   -0.01670    0.00000    4    diag
    6      0.380D-03      0.459D-04      -431.95312190   1112.603105    1.23785   -0.01560    0.00000    5    diag
    7      0.126D-03      0.125D-04      -431.95312323   1112.606717    1.23672   -0.01623    0.00000    6    diag
    8      0.335D-04      0.389D-05      -431.95312335   1112.605031    1.23643   -0.01587    0.00000    7    diag
    9      0.853D-05      0.144D-05      -431.95312336   1112.605383    1.23625   -0.01610    0.00000    0    orth

 Final occupancy:  26   6

 !RHF STATE 1.1 Energy               -431.953123362234
 Nuclear energy                       403.94747991
 One-electron energy                -1392.20329502
 Two-electron energy                  556.30269175
 Virial quotient                       -0.99882800
 !RHF STATE 1.1 Dipole moment           1.23625097    -0.01609776     0.00000000
 Dipole moment /Debye                   3.14203075    -0.04091374     0.00000000

 Orbital energies:

         1.1          2.1          3.1          4.1          5.1          6.1          7.1          8.1          9.1         10.1
    -20.535491   -20.533703   -15.592670   -15.517353   -15.514697   -11.380930   -11.363566   -11.228235    -1.447251    -1.350305

        11.1         12.1         13.1         14.1         15.1         16.1         17.1         18.1         19.1         20.1
     -1.308350    -1.173309    -1.141695    -1.005807    -0.864584    -0.812886    -0.783365    -0.743524    -0.713757    -0.662900

        21.1         22.1         23.1         24.1         25.1         26.1         27.1         28.1
     -0.624787    -0.593631    -0.566202    -0.549508    -0.433584    -0.398808     0.025668     0.042740

         1.2          2.2          3.2          4.2          5.2          6.2          7.2          8.2
     -0.625967    -0.576610    -0.532435    -0.459863    -0.406827    -0.356355     0.065556     0.103529

 HOMO      6.2    -0.356355 =      -9.6969eV
 LUMO     27.1     0.025668 =       0.6985eV
 LUMO-HOMO         0.382024 =      10.3954eV


 **********************************************************************************************************************************
 DATASETS  * FILE   NREC   LENGTH (MB)   RECORD NAMES
              1      18        9.36       500      610      700      900      950      970     1000      129      960     1100   
                                          VAR    BASINP    GEOM    SYMINP    ZMAT    AOBASIS   BASIS     P2S    ABASIS      S 
                                         1400     1410     1200     1210     1080     1600     1650     1700   
                                           T        V       H0       H01     AOSYM     SMH    MOLCAS    OPER   

              2       4        1.43       700     1000      520     2100   
                                         GEOM     BASIS   MCVARS     RHF  

 PROGRAMS   *        TOTAL        HF       INT
 CPU TIMES  *        34.84      3.80     30.77
 REAL TIME  *        57.48 SEC
 DISK USED  *         5.23 GB      
 SF USED    *         0.16 MB      
 GA USED    *         0.01 MB       (max)       0.00 MB       (current)
 **********************************************************************************************************************************
 SETTING E_RHF_C        =    ***************  KCAL/MOL                        


1PROGRAM * CCSD (Closed-shell coupled cluster)     Authors: C. Hampel, H.-J. Werner, 1991, M. Deegan, P.J. Knowles, 1992


 Convergence thresholds:  THRVAR = 1.00D-08  THRDEN = 1.28D-06

 CCSD(T)     terms to be evaluated (factor= 1.000)


 Number of core orbitals:           8 (   8   0 )
 Number of closed-shell orbitals:  24 (  18   6 )
 Number of external orbitals:     233 ( 160  73 )

 Molecular orbitals read from record     2100.2  Type=RHF/CANONICAL (state 1.1)

 Number of N-1 electron functions:              24
 Number of N-2 electron functions:             300
 Number of singly external CSFs:              3318
 Number of doubly external CSFs:           8092896
 Total number of CSFs:                     8096215

 Length of J-op  integral file:               0.00 MB
 Length of K-op  integral file:               2.82 MB
 Length of 3-ext integral record:             0.00 MB

 Memory could be reduced to 191.46 Mwords without degradation in triples

 Integral transformation finished. Total CPU:  32.02 sec, npass=  1  Memory used:  71.91 MW

 Reference energy:                   -431.95312336

 MP2 singlet pair energy:              -0.81725350
 MP2 triplet pair energy:              -0.54397603
 MP2 correlation energy:               -1.36122953
 MP2 total energy:                   -433.31435290

 SCS-MP2 correlation energy:           -1.31917818   (PS=  1.200000  PT=  0.333333)
 SCS-MP2 total energy:               -433.27230154

 ITER.      SQ.NORM     CORR.ENERGY   TOTAL ENERGY   ENERGY CHANGE        DEN1      VAR(S)    VAR(P)  DIIS     TIME
   1      1.41927185    -1.40188766  -433.35501102    -0.04065812    -0.00332145  0.11D-01  0.70D-02  1  1    49.42
   2      1.44947058    -1.40486306  -433.35798642    -0.00297540    -0.03209690  0.20D-03  0.12D-02  2  2    66.82
   3      1.46254656    -1.40555192  -433.35867528    -0.00068885    -0.00636846  0.20D-03  0.50D-04  3  3    83.66
   4      1.46750242    -1.40532856  -433.35845192     0.00022336    -0.00174366  0.19D-04  0.81D-05  4  4   100.45
   5      1.46939501    -1.40527979  -433.35840315     0.00004877    -0.00042736  0.27D-05  0.83D-06  5  5   117.29
   6      1.46983772    -1.40525201  -433.35837537     0.00002777    -0.00004683  0.27D-06  0.14D-06  6  6   134.23
   7      1.46994735    -1.40524025  -433.35836362     0.00001176    -0.00000687  0.41D-07  0.21D-07  6  2   151.13
   8      1.46997027    -1.40523900  -433.35836236     0.00000125    -0.00000052  0.89D-08  0.31D-08  6  1   168.07
   9      1.46997354    -1.40523903  -433.35836239    -0.00000003     0.00000210  0.13D-08  0.53D-09  6  3   184.95

 Norm of t1 vector:      0.14992114      S-energy:     0.00000187      T1 diagnostic:  0.01530126
                                                                       D1 diagnostic:  0.06443300


 Total CPU time for triples:    438.97 sec


 RESULTS
 =======

  Reference energy                   -431.953123362237
  CCSD singlet pair energy             -0.915997895520
  CCSD triplet pair energy             -0.489242994828
  CCSD correlation energy              -1.405239025021

  Triples (T) contribution             -0.053031306731
  Total correlation energy             -1.458270331752

  CCSD total energy                  -433.358362387258
  CCSD[T] energy                     -433.414637453156
  CCSD-T energy                      -433.410191814154
 !CCSD(T) total energy               -433.411393693989

 Timing summary (sec):

 STEP                 CPU(USER)    SYS     CPU(TOT)    WALL
 Transformation         32.17      3.61     35.78     40.59
 CCSD iterations       152.83      6.18    159.01    199.98
 Triples               438.97      4.74    443.71    443.74

 Program statistics:

 Available memory in ccsd:               349997596
 Min. memory needed in ccsd:              19356200
 Max. memory used in ccsd:                26944154
 Max. memory used in cckext:              25231042 ( 9 integral passes)



 **********************************************************************************************************************************
 DATASETS  * FILE   NREC   LENGTH (MB)   RECORD NAMES
              1      19      768.96       500      610      700      900      950      970     1000      129      960     1100   
                                          VAR    BASINP    GEOM    SYMINP    ZMAT    AOBASIS   BASIS     P2S    ABASIS      S 
                                         1400     1410     1200     1210     1080     1600     1650     1700     1380   
                                           T        V       H0       H01     AOSYM     SMH    MOLCAS    OPER     JKOP   

              2       4        1.43       700     1000      520     2100   
                                         GEOM     BASIS   MCVARS     RHF  

 PROGRAMS   *        TOTAL   CCSD(T)        HF       INT
 CPU TIMES  *       658.87    624.02      3.80     30.77
 REAL TIME  *       742.25 SEC
 DISK USED  *         6.80 GB      
 SF USED    *         1.48 GB      
 GA USED    *         0.01 MB       (max)       0.00 MB       (current)
 **********************************************************************************************************************************
 SETTING E_CORR_C       =    ***************  KCAL/MOL                        
 SETTING E_C            =      -915.07863257  KCAL/MOL                        
 SETTING CHARGE         =         1.00000000                                  

 Dummy atoms: C10  H11  H12  C13  H14  O15  O16


 Recomputing one-electron integrals since nuclear charges changed

1PROGRAM * SEWARD (Integral evaluation for generally contracted gaussian basis sets)     Author: Roland Lindh, 1990

 Geometry written to block  1 of record 700


 Point group  Cs  



 ATOMIC COORDINATES

 NR  ATOM    CHARGE       X              Y              Z

   1  C0      6.00    3.635461685   -0.033559916    0.000000000
   2  N1      7.00    2.366710951   -2.179010396    0.000000000
   3  N2      7.00    6.199730377   -0.049487323    0.000000000
   4  N3      7.00    2.400908637    2.135169150    0.000000000
   5  H4      1.00    7.177139661    1.568656147    0.000000000
   6  H5      1.00    7.155539536   -1.680460257    0.000000000
   7  H6      1.00    3.337268267   -3.807562246    0.000000000
   8  H7      1.00    0.294748839   -2.156735846    0.000000000
   9  H8      1.00    3.391214153    3.751058001    0.000000000
  10  H9      1.00    0.346145701    2.140723249    0.000000000
  11  C10     0.00   -5.675161498   -0.029176170    0.000000000
  12  H11     0.00   -6.339146168   -1.052020107    1.655322153
  13  H12     0.00   -6.339146168   -1.052020107   -1.655322153
  14  C13     0.00   -2.812131232    0.001611152    0.000000000
  15  H14     0.00   -6.433690633    1.875065229    0.000000000
  16  O15     0.00   -1.728539072   -2.131289468    0.000000000
  17  O16     0.00   -1.724408429    2.126190257    0.000000000

 Bond lengths in Bohr (Angstrom)

 1-2  2.492526065  1-3  2.564318157  1-4  2.495497343  2-7  1.895827690  2-8  2.072081839
     ( 1.318987986)     ( 1.356978725)     ( 1.320560319)     ( 1.003228806)     ( 1.096498485)

  3- 5  1.890427781   3- 6  1.890408384   4- 9  1.895204948   4-10  2.054770442   8-16  2.023447922
       ( 1.000371297)       ( 1.000361033)       ( 1.002899265)       ( 1.087337688)       ( 1.070762524)

 10-17  2.070605133  11-12  2.056009920  11-13  2.056009920  11-14  2.863195796  11-15  2.049756511
       ( 1.095717045)       ( 1.087993591)       ( 1.087993591)       ( 1.515137960)       ( 1.084684429)

 14-16  2.392370586  14-17  2.386834152
       ( 1.265987990)       ( 1.263058235)

 Bond angles

  1-2-7  118.60789375   1-2-8  119.98277870   1-3-5  120.77741373   1-3-6  120.72772193

  1- 4- 9  118.84696707   1- 4-10  119.80564825   2- 1- 3  120.24283517   2- 1- 4  119.75051288

  2- 8-16  179.89537590   3- 1- 4  120.00665195   4-10-17  179.44298164   5- 3- 6  118.49486434

  7- 2- 8  121.40932755   8-16-14  117.65280525   9- 4-10  121.34738468  10-17-14  117.51327425

 11-14-16  116.31614784  11-14-17  117.72722902  12-11-13  107.24251222  12-11-14  109.16434575

 12-11-15  110.03918169  13-11-14  109.16434575  13-11-15  110.03918169  14-11-15  111.10310363

 16-14-17  125.95662314

 NUCLEAR CHARGE:                   33
 NUMBER OF PRIMITIVE AOS:         395
 NUMBER OF SYMMETRY AOS:          379
 NUMBER OF CONTRACTIONS:          265   ( 186A'  +  79A"  )
 NUMBER OF CORE ORBITALS:           4   (   4A'  +   0A"  )
 NUMBER OF VALENCE ORBITALS:       22   (  18A'  +   4A"  )

 MOLECULE CHANGED: INITIALIZING OCCUPATION AND DUMP RECORDS


 NUCLEAR REPULSION ENERGY  133.16490707


 Eigenvalues of metric

         1 0.226E-04 0.533E-04 0.918E-04 0.136E-03 0.175E-03 0.183E-03 0.192E-03 0.202E-03
         2 0.579E-03 0.464E-02 0.473E-02 0.541E-02 0.101E-01 0.122E-01 0.148E-01 0.153E-01


 Contracted 2-electron integrals neglected if value below      1.0D-12

 OPERATOR DM      FOR CENTER  0  COORDINATES:    0.000000    0.000000    0.000000


 **********************************************************************************************************************************
 DATASETS  * FILE   NREC   LENGTH (MB)   RECORD NAMES
              1      18        9.36       500      610      700      900      950      970     1000      129      960     1100   
                                          VAR    BASINP    GEOM    SYMINP    ZMAT    AOBASIS   BASIS     P2S    ABASIS      S 
                                         1400     1410     1200     1210     1080     1600     1650     1700   
                                           T        V       H0       H01     AOSYM     SMH    MOLCAS    OPER   

              2       4        1.43       700     1000      520     2100   
                                         GEOM     BASIS   MCVARS     RHF  

 PROGRAMS   *        TOTAL       INT   CCSD(T)        HF       INT
 CPU TIMES  *       658.97      0.10    624.02      3.80     30.77
 REAL TIME  *       742.97 SEC
 DISK USED  *        15.13 GB      
 SF USED    *         1.48 GB      
 GA USED    *         0.01 MB       (max)       0.00 MB       (current)
 **********************************************************************************************************************************

1PROGRAM * RHF-SCF (CLOSED SHELL)       Authors: W. Meyer, H.-J. Werner


 NUMBER OF ELECTRONS:      16+   16-
 CONVERGENCE THRESHOLDS:    1.00E-05 (Density)    1.00E-07 (Energy)
 MAX. NUMBER OF ITERATIONS:       60
 INTERPOLATION TYPE:            DIIS
 INTERPOLATION STEPS:              2 (START)      1 (STEP)
 LEVEL SHIFTS:                  0.00 (CLOSED)  0.00 (OPEN) 



 Orbital guess generated from atomic densities. Full valence occupancy:   22   4

 Molecular orbital dump at record        2101.2

 Initial alpha occupancy:  13   3
 Initial beta  occupancy:  13   3
 Wave function symmetry:    1

 ITERATION    DDIFF          GRAD             ENERGY        2-EL.EN.            DIPOLE MOMENTS         DIIS   ORB.
    1      0.000D+00      0.000D+00      -204.49603926    390.042514    3.34107   -0.03865    0.00000    0    start
    2      0.000D+00      0.424D-02      -204.54490610    391.339287    3.46677   -0.03510    0.00000    1    diag
    3      0.676D-02      0.127D-02      -204.54967635    391.066225    3.46463   -0.03621    0.00000    2    diag
    4      0.167D-02      0.575D-03      -204.55056156    391.171498    3.47667   -0.03548    0.00000    3    diag
    5      0.663D-03      0.829D-04      -204.55060866    391.175170    3.47784   -0.03554    0.00000    4    diag
    6      0.142D-03      0.242D-04      -204.55061197    391.168386    3.47927   -0.03539    0.00000    5    diag
    7      0.403D-04      0.990D-05      -204.55061235    391.170906    3.47881   -0.03544    0.00000    6    diag
    8      0.145D-04      0.209D-05      -204.55061237    391.171426    3.47896   -0.03543    0.00000    7    diag
    9      0.334D-05      0.339D-06      -204.55061237    391.171071    3.47894   -0.03543    0.00000    0    orth

 Final occupancy:  13   3

 !RHF STATE 1.1 Energy               -204.550612367026
 Nuclear energy                       133.16490707
 One-electron energy                 -533.30105481
 Two-electron energy                  195.58553537
 Virial quotient                       -1.00254622
 !RHF STATE 1.1 Dipole moment           3.47893586    -0.03542695     0.00000000
 Dipole moment /Debye                   8.84199382    -0.09004043     0.00000000

 Orbital energies:

         1.1          2.1          3.1          4.1          5.1          6.1          7.1          8.1          9.1         10.1
    -15.812741   -15.811624   -15.801374   -11.613069    -1.550564    -1.399376    -1.396634    -1.067594    -0.986426    -0.968466

        11.1         12.1         13.1         14.1         15.1
     -0.871294    -0.861658    -0.852761    -0.105537    -0.080779

         1.2          2.2          3.2          4.2          5.2
     -0.814982    -0.628549    -0.627881    -0.054489    -0.021212

 HOMO      3.2    -0.627881 =     -17.0855eV
 LUMO     14.1    -0.105537 =      -2.8718eV
 LUMO-HOMO         0.522344 =      14.2137eV


 **********************************************************************************************************************************
 DATASETS  * FILE   NREC   LENGTH (MB)   RECORD NAMES
              1      18        9.36       500      610      700      900      950      970     1000      129      960     1100   
                                          VAR    BASINP    GEOM    SYMINP    ZMAT    AOBASIS   BASIS     P2S    ABASIS      S 
                                         1400     1410     1200     1210     1080     1600     1650     1700   
                                           T        V       H0       H01     AOSYM     SMH    MOLCAS    OPER   

              2       5        3.11       700     1000      520     2100     2101   
                                         GEOM     BASIS   MCVARS     RHF      RHF  

 PROGRAMS   *        TOTAL        HF       INT   CCSD(T)        HF       INT
 CPU TIMES  *       662.13      3.16      0.10    624.02      3.80     30.77
 REAL TIME  *       746.64 SEC
 DISK USED  *        15.13 GB      
 SF USED    *         1.48 GB      
 GA USED    *         0.01 MB       (max)       0.00 MB       (current)
 **********************************************************************************************************************************
 SETTING E_RHF_A        =    ***************  KCAL/MOL                        


1PROGRAM * CCSD (Closed-shell coupled cluster)     Authors: C. Hampel, H.-J. Werner, 1991, M. Deegan, P.J. Knowles, 1992


 Convergence thresholds:  THRVAR = 1.00D-08  THRDEN = 1.00D-06

 CCSD(T)     terms to be evaluated (factor= 1.000)


 Number of core orbitals:           4 (   4   0 )
 Number of closed-shell orbitals:  12 (   9   3 )
 Number of external orbitals:     249 ( 173  76 )

 Molecular orbitals read from record     2101.2  Type=RHF/CANONICAL (state 1.1)

 Number of N-1 electron functions:              12
 Number of N-2 electron functions:              78
 Number of singly external CSFs:              1785
 Number of doubly external CSFs:           2318211
 Total number of CSFs:                     2319997

 Length of J-op  integral file:               0.00 MB
 Length of K-op  integral file:               2.82 MB
 Length of 3-ext integral record:             0.00 MB

 Memory could be reduced to 122.27 Mwords without degradation in triples

 Integral transformation finished. Total CPU:  15.26 sec, npass=  1  Memory used:  35.75 MW

 Reference energy:                   -204.55061237

 MP2 singlet pair energy:              -0.40721847
 MP2 triplet pair energy:              -0.25169304
 MP2 correlation energy:               -0.65891150
 MP2 total energy:                   -205.20952387

 SCS-MP2 correlation energy:           -0.64527116   (PS=  1.200000  PT=  0.333333)
 SCS-MP2 total energy:               -205.19588353

 ITER.      SQ.NORM     CORR.ENERGY   TOTAL ENERGY   ENERGY CHANGE        DEN1      VAR(S)    VAR(P)  DIIS     TIME
   1      1.21235458    -0.68802317  -205.23863554    -0.02911167    -0.01319786  0.34D-02  0.31D-02  1  1    19.27
   2      1.22756221    -0.69102994  -205.24164231    -0.00300677    -0.01533814  0.60D-04  0.45D-03  2  2    23.48
   3      1.23296428    -0.69129134  -205.24190371    -0.00026140    -0.00291322  0.58D-04  0.20D-04  3  3    27.71
   4      1.23499035    -0.69127898  -205.24189134     0.00001237    -0.00075704  0.43D-05  0.21D-05  4  4    31.74
   5      1.23552634    -0.69127000  -205.24188237     0.00000897    -0.00012594  0.39D-06  0.20D-06  5  5    35.76
   6      1.23563473    -0.69126127  -205.24187363     0.00000874    -0.00001309  0.37D-07  0.19D-07  6  6    39.81
   7      1.23565912    -0.69125884  -205.24187121     0.00000243    -0.00000195  0.17D-08  0.33D-08  6  2    43.83
   8      1.23566388    -0.69125841  -205.24187078     0.00000043    -0.00000016  0.36D-09  0.26D-09  6  1    47.89
   9      1.23566441    -0.69125831  -205.24187068     0.00000010     0.00000051  0.61D-10  0.35D-10  6  4    51.92

 Norm of t1 vector:      0.08836206      S-energy:     0.00000007      T1 diagnostic:  0.01275397
                                                                       D1 diagnostic:  0.05265266


 Total CPU time for triples:     75.69 sec


 RESULTS
 =======

  Reference energy                   -204.550612367026
  CCSD singlet pair energy             -0.463528326854
  CCSD triplet pair energy             -0.227730051002
  CCSD correlation energy              -0.691258312067

  Triples (T) contribution             -0.023759765510
  Total correlation energy             -0.715018077577

  CCSD total energy                  -205.241870679093
  CCSD[T] energy                     -205.266556874043
  CCSD-T energy                      -205.265235101195
 !CCSD(T) total energy               -205.265630444603

 Timing summary (sec):

 STEP                 CPU(USER)    SYS     CPU(TOT)    WALL
 Transformation         15.31      1.64     16.95     16.97
 CCSD iterations        36.63      2.08     38.71     75.81
 Triples                75.69      0.82     76.51     76.51

 Program statistics:

 Available memory in ccsd:               349999324
 Min. memory needed in ccsd:               6143537
 Max. memory used in ccsd:                 8227208
 Max. memory used in cckext:               8871892 ( 9 integral passes)



 **********************************************************************************************************************************
 DATASETS  * FILE   NREC   LENGTH (MB)   RECORD NAMES
              1      19      429.63       500      610      700      900      950      970     1000      129      960     1100   
                                          VAR    BASINP    GEOM    SYMINP    ZMAT    AOBASIS   BASIS     P2S    ABASIS      S 
                                         1400     1410     1200     1210     1080     1600     1650     1700     1380   
                                           T        V       H0       H01     AOSYM     SMH    MOLCAS    OPER     JKOP   

              2       5        3.11       700     1000      520     2100     2101   
                                         GEOM     BASIS   MCVARS     RHF      RHF  

 PROGRAMS   *        TOTAL   CCSD(T)        HF       INT   CCSD(T)        HF       INT
 CPU TIMES  *       789.82    127.68      3.16      0.10    624.02      3.80     30.77
 REAL TIME  *       916.46 SEC
 DISK USED  *        15.13 GB      
 SF USED    *         1.48 GB      
 GA USED    *         0.01 MB       (max)       0.00 MB       (current)
 **********************************************************************************************************************************
 SETTING E_CORR_A       =    ***************  KCAL/MOL                        
 SETTING E_A            =      -448.68070785  KCAL/MOL                        
 SETTING CHARGE         =        -1.00000000                                  

 Dummy atoms: C0  N1  N2  N3  H4  H5  H6  H7  H8  H9


 Recomputing one-electron integrals since nuclear charges changed

1PROGRAM * SEWARD (Integral evaluation for generally contracted gaussian basis sets)     Author: Roland Lindh, 1990

 Geometry written to block  1 of record 700


 Point group  Cs  



 ATOMIC COORDINATES

 NR  ATOM    CHARGE       X              Y              Z

   1  C0      0.00    3.635461685   -0.033559916    0.000000000
   2  N1      0.00    2.366710951   -2.179010396    0.000000000
   3  N2      0.00    6.199730377   -0.049487323    0.000000000
   4  N3      0.00    2.400908637    2.135169150    0.000000000
   5  H4      0.00    7.177139661    1.568656147    0.000000000
   6  H5      0.00    7.155539536   -1.680460257    0.000000000
   7  H6      0.00    3.337268267   -3.807562246    0.000000000
   8  H7      0.00    0.294748839   -2.156735846    0.000000000
   9  H8      0.00    3.391214153    3.751058001    0.000000000
  10  H9      0.00    0.346145701    2.140723249    0.000000000
  11  C10     6.00   -5.675161498   -0.029176170    0.000000000
  12  H11     1.00   -6.339146168   -1.052020107    1.655322153
  13  H12     1.00   -6.339146168   -1.052020107   -1.655322153
  14  C13     6.00   -2.812131232    0.001611152    0.000000000
  15  H14     1.00   -6.433690633    1.875065229    0.000000000
  16  O15     8.00   -1.728539072   -2.131289468    0.000000000
  17  O16     8.00   -1.724408429    2.126190257    0.000000000

 Bond lengths in Bohr (Angstrom)

 1-2  2.492526065  1-3  2.564318157  1-4  2.495497343  2-7  1.895827690  2-8  2.072081839
     ( 1.318987986)     ( 1.356978725)     ( 1.320560319)     ( 1.003228806)     ( 1.096498485)

  3- 5  1.890427781   3- 6  1.890408384   4- 9  1.895204948   4-10  2.054770442   8-16  2.023447922
       ( 1.000371297)       ( 1.000361033)       ( 1.002899265)       ( 1.087337688)       ( 1.070762524)

 10-17  2.070605133  11-12  2.056009920  11-13  2.056009920  11-14  2.863195796  11-15  2.049756511
       ( 1.095717045)       ( 1.087993591)       ( 1.087993591)       ( 1.515137960)       ( 1.084684429)

 14-16  2.392370586  14-17  2.386834152
       ( 1.265987990)       ( 1.263058235)

 Bond angles

  1-2-7  118.60789375   1-2-8  119.98277870   1-3-5  120.77741373   1-3-6  120.72772193

  1- 4- 9  118.84696707   1- 4-10  119.80564825   2- 1- 3  120.24283517   2- 1- 4  119.75051288

  2- 8-16  179.89537590   3- 1- 4  120.00665195   4-10-17  179.44298164   5- 3- 6  118.49486434

  7- 2- 8  121.40932755   8-16-14  117.65280525   9- 4-10  121.34738468  10-17-14  117.51327425

 11-14-16  116.31614784  11-14-17  117.72722902  12-11-13  107.24251222  12-11-14  109.16434575

 12-11-15  110.03918169  13-11-14  109.16434575  13-11-15  110.03918169  14-11-15  111.10310363

 16-14-17  125.95662314

 NUCLEAR CHARGE:                   31
 NUMBER OF PRIMITIVE AOS:         395
 NUMBER OF SYMMETRY AOS:          379
 NUMBER OF CONTRACTIONS:          265   ( 186A'  +  79A"  )
 NUMBER OF CORE ORBITALS:           4   (   4A'  +   0A"  )
 NUMBER OF VALENCE ORBITALS:       19   (  14A'  +   5A"  )

 MOLECULE CHANGED: INITIALIZING OCCUPATION AND DUMP RECORDS


 NUCLEAR REPULSION ENERGY  112.20397935


 Eigenvalues of metric

         1 0.226E-04 0.533E-04 0.918E-04 0.136E-03 0.175E-03 0.183E-03 0.192E-03 0.202E-03
         2 0.579E-03 0.464E-02 0.473E-02 0.541E-02 0.101E-01 0.122E-01 0.148E-01 0.153E-01


 Contracted 2-electron integrals neglected if value below      1.0D-12

 OPERATOR DM      FOR CENTER  0  COORDINATES:    0.000000    0.000000    0.000000


 **********************************************************************************************************************************
 DATASETS  * FILE   NREC   LENGTH (MB)   RECORD NAMES
              1      18        9.36       500      610      700      900      950      970     1000      129      960     1100   
                                          VAR    BASINP    GEOM    SYMINP    ZMAT    AOBASIS   BASIS     P2S    ABASIS      S 
                                         1400     1410     1200     1210     1080     1600     1650     1700   
                                           T        V       H0       H01     AOSYM     SMH    MOLCAS    OPER   

              2       5        3.11       700     1000      520     2100     2101   
                                         GEOM     BASIS   MCVARS     RHF      RHF  

 PROGRAMS   *        TOTAL       INT   CCSD(T)        HF       INT   CCSD(T)        HF       INT
 CPU TIMES  *       789.92      0.10    127.68      3.16      0.10    624.02      3.80     30.77
 REAL TIME  *       916.95 SEC
 DISK USED  *        15.13 GB      
 SF USED    *         1.48 GB      
 GA USED    *         0.01 MB       (max)       0.00 MB       (current)
 **********************************************************************************************************************************

1PROGRAM * RHF-SCF (CLOSED SHELL)       Authors: W. Meyer, H.-J. Werner


 NUMBER OF ELECTRONS:      16+   16-
 CONVERGENCE THRESHOLDS:    1.00E-05 (Density)    1.00E-07 (Energy)
 MAX. NUMBER OF ITERATIONS:       60
 INTERPOLATION TYPE:            DIIS
 INTERPOLATION STEPS:              2 (START)      1 (STEP)
 LEVEL SHIFTS:                  0.00 (CLOSED)  0.00 (OPEN) 



 Orbital guess generated from atomic densities. Full valence occupancy:   18   5

 Molecular orbital dump at record        2102.2

 Initial alpha occupancy:  13   3
 Initial beta  occupancy:  13   3
 Wave function symmetry:    1

 ITERATION    DDIFF          GRAD             ENERGY        2-EL.EN.            DIPOLE MOMENTS         DIIS   ORB.
    1      0.000D+00      0.000D+00      -227.13893520    409.882707    0.62407   -0.02955    0.00000    0    start
    2      0.000D+00      0.768D-02      -227.22393367    400.890432    1.70025    0.01344    0.00000    1    diag
    3      0.112D-01      0.539D-02      -227.27334879    403.761645    1.40491    0.01353    0.00000    2    diag
    4      0.420D-02      0.543D-03      -227.27457128    403.903676    1.42211    0.01317    0.00000    3    diag
    5      0.119D-02      0.177D-03      -227.27471276    403.772409    1.41636    0.01518    0.00000    4    diag
    6      0.341D-03      0.402D-04      -227.27472184    403.793090    1.41503    0.01559    0.00000    5    diag
    7      0.114D-03      0.808D-05      -227.27472229    403.789545    1.41451    0.01586    0.00000    6    diag
    8      0.240D-04      0.208D-05      -227.27472232    403.790751    1.41442    0.01585    0.00000    7    diag
    9      0.506D-05      0.807D-06      -227.27472232    403.790348    1.41446    0.01598    0.00000    0    orth

 Final occupancy:  13   3

 !RHF STATE 1.1 Energy               -227.274722321908
 Nuclear energy                       112.20397935
 One-electron energy                 -541.37387574
 Two-electron energy                  201.89517407
 Virial quotient                       -1.00131202
 !RHF STATE 1.1 Dipole moment           1.41445572     0.01598333     0.00000000
 Dipole moment /Debye                   3.59495236     0.04062292     0.00000000

 Orbital energies:

         1.1          2.1          3.1          4.1          5.1          6.1          7.1          8.1          9.1         10.1
    -20.294755   -20.291143   -11.136038   -11.051422    -1.159368    -1.054450    -0.803359    -0.513750    -0.419618    -0.413340

        11.1         12.1         13.1         14.1         15.1
     -0.355531    -0.196879    -0.193972     0.114416     0.137666

         1.2          2.2          3.2          4.2          5.2
     -0.415397    -0.310947    -0.181796     0.162746     0.202275

 HOMO      3.2    -0.181796 =      -4.9469eV
 LUMO     14.1     0.114416 =       3.1134eV
 LUMO-HOMO         0.296211 =       8.0603eV


 **********************************************************************************************************************************
 DATASETS  * FILE   NREC   LENGTH (MB)   RECORD NAMES
              1      18        9.36       500      610      700      900      950      970     1000      129      960     1100   
                                          VAR    BASINP    GEOM    SYMINP    ZMAT    AOBASIS   BASIS     P2S    ABASIS      S 
                                         1400     1410     1200     1210     1080     1600     1650     1700   
                                           T        V       H0       H01     AOSYM     SMH    MOLCAS    OPER   

              2       6        4.80       700     1000      520     2100     2101     2102   
                                         GEOM     BASIS   MCVARS     RHF      RHF      RHF  

 PROGRAMS   *        TOTAL        HF       INT   CCSD(T)        HF       INT   CCSD(T)        HF       INT
 CPU TIMES  *       793.26      3.34      0.10    127.68      3.16      0.10    624.02      3.80     30.77
 REAL TIME  *       920.69 SEC
 DISK USED  *        15.13 GB      
 SF USED    *         1.48 GB      
 GA USED    *         0.01 MB       (max)       0.00 MB       (current)
 **********************************************************************************************************************************
 SETTING E_RHF_B        =    ***************  KCAL/MOL                        


1PROGRAM * CCSD (Closed-shell coupled cluster)     Authors: C. Hampel, H.-J. Werner, 1991, M. Deegan, P.J. Knowles, 1992


 Convergence thresholds:  THRVAR = 1.00D-08  THRDEN = 1.00D-06

 CCSD(T)     terms to be evaluated (factor= 1.000)


 Number of core orbitals:           4 (   4   0 )
 Number of closed-shell orbitals:  12 (   9   3 )
 Number of external orbitals:     249 ( 173  76 )

 Molecular orbitals read from record     2102.2  Type=RHF/CANONICAL (state 1.1)

 Number of N-1 electron functions:              12
 Number of N-2 electron functions:              78
 Number of singly external CSFs:              1785
 Number of doubly external CSFs:           2318211
 Total number of CSFs:                     2319997

 Length of J-op  integral file:               0.00 MB
 Length of K-op  integral file:               2.82 MB
 Length of 3-ext integral record:             0.00 MB

 Memory could be reduced to 122.27 Mwords without degradation in triples

 Integral transformation finished. Total CPU:  15.03 sec, npass=  1  Memory used:  35.75 MW

 Reference energy:                   -227.27472232

 MP2 singlet pair energy:              -0.41895411
 MP2 triplet pair energy:              -0.27753657
 MP2 correlation energy:               -0.69649068
 MP2 total energy:                   -227.97121300

 SCS-MP2 correlation energy:           -0.67543435   (PS=  1.200000  PT=  0.333333)
 SCS-MP2 total energy:               -227.95015667

 ITER.      SQ.NORM     CORR.ENERGY   TOTAL ENERGY   ENERGY CHANGE        DEN1      VAR(S)    VAR(P)  DIIS     TIME
   1      1.21630121    -0.71163503  -227.98635735    -0.01514435     0.00810049  0.82D-02  0.47D-02  1  1    19.23
   2      1.23389609    -0.71190356  -227.98662589    -0.00026854    -0.01818262  0.16D-03  0.78D-03  2  2    23.80
   3      1.24343958    -0.71250114  -227.98722346    -0.00059758    -0.00405404  0.19D-03  0.36D-04  3  3    27.96
   4      1.24733176    -0.71231465  -227.98703697     0.00018649    -0.00117925  0.20D-04  0.84D-05  4  4    32.14
   5      1.24913816    -0.71224893  -227.98697125     0.00006572    -0.00035044  0.48D-05  0.12D-05  5  5    36.33
   6      1.24963526    -0.71222904  -227.98695136     0.00001989    -0.00004425  0.92D-06  0.30D-06  6  6    40.54
   7      1.24983998    -0.71221720  -227.98693952     0.00001184    -0.00000281  0.19D-06  0.69D-07  6  1    44.74
   8      1.24992205    -0.71221375  -227.98693608     0.00000344    -0.00001198  0.69D-07  0.12D-07  6  2    48.97
   9      1.24994295    -0.71221475  -227.98693707    -0.00000100     0.00000352  0.13D-07  0.36D-08  6  3    53.18
  10      1.24996330    -0.71221353  -227.98693585     0.00000122    -0.00000290  0.23D-08  0.67D-09  6  4    57.44
  11      1.24996382    -0.71221404  -227.98693636    -0.00000051     0.00000076  0.52D-09  0.15D-09  6  5    61.51
  12      1.24996580    -0.71221403  -227.98693636     0.00000000    -0.00000003  0.92D-10  0.38D-10  6  6    65.55

 Norm of t1 vector:      0.13235642      S-energy:     0.00000036      T1 diagnostic:  0.01910400
                                                                       D1 diagnostic:  0.06169557

 Total CPU time for triples:     75.68 sec


 RESULTS
 =======

  Reference energy                   -227.274722321910
  CCSD singlet pair energy             -0.467859715078
  CCSD triplet pair energy             -0.244354684270
  CCSD correlation energy              -0.712214034632

  Triples (T) contribution             -0.028009112657
  Total correlation energy             -0.740223147289

  CCSD total energy                  -227.986936356542
  CCSD[T] energy                     -228.017596093315
  CCSD-T energy                      -228.014046639996
 !CCSD(T) total energy               -228.014945469198

 Timing summary (sec):

 STEP                 CPU(USER)    SYS     CPU(TOT)    WALL
 Transformation         15.08      1.69     16.77     19.84
 CCSD iterations        50.49      2.64     53.13     53.20
 Triples                75.68      0.77     76.45     76.46

 Program statistics:

 Available memory in ccsd:               349999324
 Min. memory needed in ccsd:               6143537
 Max. memory used in ccsd:                 8227208
 Max. memory used in cckext:               8871892 (12 integral passes)



 **********************************************************************************************************************************
 DATASETS  * FILE   NREC   LENGTH (MB)   RECORD NAMES
              1      19      429.63       500      610      700      900      950      970     1000      129      960     1100   
                                          VAR    BASINP    GEOM    SYMINP    ZMAT    AOBASIS   BASIS     P2S    ABASIS      S 
                                         1400     1410     1200     1210     1080     1600     1650     1700     1380   
                                           T        V       H0       H01     AOSYM     SMH    MOLCAS    OPER     JKOP   

              2       6        4.80       700     1000      520     2100     2101     2102   
                                         GEOM     BASIS   MCVARS     RHF      RHF      RHF  

 PROGRAMS   *        TOTAL   CCSD(T)        HF       INT   CCSD(T)        HF       INT   CCSD(T)        HF       INT
 CPU TIMES  *       934.55    141.29      3.34      0.10    127.68      3.16      0.10    624.02      3.80     30.77
 REAL TIME  *      1070.41 SEC
 DISK USED  *        15.13 GB      
 SF USED    *         1.48 GB      
 GA USED    *         0.01 MB       (max)       0.00 MB       (current)
 **********************************************************************************************************************************
 SETTING E_CORR_B       =    ***************  KCAL/MOL                        
 SETTING E_B            =      -464.49713107  KCAL/MOL                        
 SETTING E_RHF_CP       =       -80.18861927  KCAL/MOL                        
 SETTING E_CORR_CP      =        -1.90079365  KCAL/MOL                        

        CCSD(T)         HF-SCF          CCSD(T)         HF-SCF          CCSD(T)         HF-SCF  
   -228.01494547   -227.27472232   -205.26563044   -204.55061237   -433.41139369   -431.95312336
 **********************************************************************************************************************************
 Variable memory released
