
 Primary working directories    : /scratch/1723288.phoenix.chem.wisc.edu
 Secondary working directories  : /scratch/1723288.phoenix.chem.wisc.edu
 Wavefunction directory         : /scratch/1723288.phoenix.chem.wisc.edu/
 Main file repository           : /scratch/1723288.phoenix.chem.wisc.edu/

 SHA1      : 65e45729fe3f963b0eb97374e3bda9949063ef0f
 NAME      : 2012.1.17
 ARCHNAME  : Linux/x86_64
 FC        : /opt/intel/composer_xe_2013.5.192/bin/intel64/ifort
 FCVERSION : 13.1.3
 BLASLIB   : -L/opt/intel/composer_xe_2013.5.192/mkl/lib/intel64 -lmkl_intel_ilp64 -lmkl_sequential -lmkl_core
 id        : cuichemwisc

 Nodes             nprocs
 compute-1-35.local   12
 ga_uses_ma=false, calling ma_init with nominal heap.
 GA-space will be limited to   8.0 MW (determined by -G option)

 Using customized tuning parameters: mindgm=1; mindgv=20; mindgc=4; mindgr=1; noblas=0; minvec=7
 default implementation of scratch files=sf  

 geomtyp=xyz
 geometry={
 17
  C0          1.923803467700      -0.017759142900       0.000000000000
  N1          1.252409495800      -1.153082639800       0.000000000000
  N2          3.280756017700      -0.026187563500       0.000000000000
  N3          1.270506131500       1.129882851300       0.000000000000
  H4          3.797978734300       0.830097081700       0.000000000000
  H5          3.786548440800      -0.889261268500       0.000000000000
  H6          1.766006307100      -2.014875162400       0.000000000000
  H7          0.155974368200      -1.141295455600       0.000000000000
  H8          1.794553240500       1.984974403800       0.000000000000
  H9          0.183172416200       1.132821954000       0.000000000000
  C10        -3.198262516071      -0.014831916825       0.000000000000
  H11        -3.549628070371      -0.556097617025       0.875958756700
  H12        -3.549628070371      -0.556097617025      -0.875958756700
  C13        -1.683212150471       0.001460032075       0.000000000000
  H14        -3.599658846371       0.992849231875       0.000000000000
  O15        -1.109799875771      -1.127222365025       0.000000000000
  O16        -1.107614033571       1.125738873475       0.000000000000
 }
 
 
 basis=avqz
 
                                                                                 ! Complex
 set,charge=0
 
 df-hf
 e_rhf_c = energy*tokcal
 df-mp2
 e_corr_c = energy*tokcal
 e_c = e_corr_c - e_rhf_c
 
 
                                                                                 ! Monomer 1
 set,charge=1
 dummy,C10,H11,H12,C13,H14,O15,O16
 
 df-hf
 e_rhf_a = energy*tokcal
 df-mp2
 e_corr_a = energy*tokcal
 e_a = e_corr_a - e_rhf_a
 
 
                                                                                 ! Monomer 2
 set,charge=-1
 dummy,C0,N1,N2,N3,H4,H5,H6,H7,H8,H9
 
 df-hf
 e_rhf_b = energy*tokcal
 df-mp2
 e_corr_b = energy*tokcal
 e_b = e_corr_b - e_rhf_b
 
 
 e_rhf_cp = e_rhf_c - (e_rhf_a + e_rhf_b)
 e_corr_cp = e_c - (e_a + e_b)

 Variables initialized (782), CPU time= 0.01 sec
 Commands  initialized (547), CPU time= 0.01 sec, 517 directives.
 Default parameters read. Elapsed time= 0.12 sec

 Checking input...
 Passed
1


                                         ***  PROGRAM SYSTEM MOLPRO  ***
                         Copyright, University College Cardiff Consultants Limited, 2008

                                    Version 2012.1 linked Oct 11 2014 15:40:16


 **********************************************************************************************************************************
 LABEL *                                                                                 
 Linux-2.6.18-308.el5/compute-1-35.local(x86_64) 64 bit mpp version                      DATE: 11-Dec-14          TIME: 19:38:18  
 **********************************************************************************************************************************

 SHA1:             65e45729fe3f963b0eb97374e3bda9949063ef0f
 **********************************************************************************************************************************
 SETTING GEOMTYP        =    XYZ

 Turning off symmetry in density fitting calculation
 To re-enable, use 'set,zsymel=auto'


 Variable memory set to  350000000 words,  buffer space   230000 words

 SETTING BASIS          =    AVQZ
 SETTING CHARGE         =         0.00000000                                  


 Recomputing integrals since basis changed


 Using spherical harmonics

 Library entry C      S aug-cc-pVQZ          selected for orbital group  1
 Library entry C      P aug-cc-pVQZ          selected for orbital group  1
 Library entry C      D aug-cc-pVQZ          selected for orbital group  1
 Library entry C      F aug-cc-pVQZ          selected for orbital group  1
 Library entry C      G aug-cc-pVQZ          selected for orbital group  1
 Library entry N      S aug-cc-pVQZ          selected for orbital group  2
 Library entry N      P aug-cc-pVQZ          selected for orbital group  2
 Library entry N      D aug-cc-pVQZ          selected for orbital group  2
 Library entry N      F aug-cc-pVQZ          selected for orbital group  2
 Library entry N      G aug-cc-pVQZ          selected for orbital group  2
 Library entry H      S aug-cc-pVQZ          selected for orbital group  3
 Library entry H      P aug-cc-pVQZ          selected for orbital group  3
 Library entry H      D aug-cc-pVQZ          selected for orbital group  3
 Library entry H      F aug-cc-pVQZ          selected for orbital group  3
 Library entry O      S aug-cc-pVQZ          selected for orbital group  8
 Library entry O      P aug-cc-pVQZ          selected for orbital group  8
 Library entry O      D aug-cc-pVQZ          selected for orbital group  8
 Library entry O      F aug-cc-pVQZ          selected for orbital group  8
 Library entry O      G aug-cc-pVQZ          selected for orbital group  8

1PROGRAM * SEWARD (Integral evaluation for generally contracted gaussian basis sets)     Author: Roland Lindh, 1990

 Geometry written to block  1 of record 700


 Point group  C1  



 ATOMIC COORDINATES

 NR  ATOM    CHARGE       X              Y              Z

   1  C0      6.00    3.635461685   -0.033559916    0.000000000
   2  N1      7.00    2.366710951   -2.179010396    0.000000000
   3  N2      7.00    6.199730377   -0.049487323    0.000000000
   4  N3      7.00    2.400908637    2.135169150    0.000000000
   5  H4      1.00    7.177139661    1.568656147    0.000000000
   6  H5      1.00    7.155539536   -1.680460257    0.000000000
   7  H6      1.00    3.337268267   -3.807562246    0.000000000
   8  H7      1.00    0.294748839   -2.156735846    0.000000000
   9  H8      1.00    3.391214153    3.751058001    0.000000000
  10  H9      1.00    0.346145701    2.140723249    0.000000000
  11  C10     6.00   -6.043840252   -0.028028261    0.000000000
  12  H11     1.00   -6.707824921   -1.050872199    1.655322153
  13  H12     1.00   -6.707824921   -1.050872199   -1.655322153
  14  C13     6.00   -3.180809985    0.002759061    0.000000000
  15  H14     1.00   -6.802369386    1.876213138    0.000000000
  16  O15     8.00   -2.097217826   -2.130141559    0.000000000
  17  O16     8.00   -2.093087183    2.127338166    0.000000000

 Bond lengths in Bohr (Angstrom)

 1-2  2.492526065  1-3  2.564318157  1-4  2.495497343  2-7  1.895827690  2-8  2.072081839
     ( 1.318987986)     ( 1.356978725)     ( 1.320560319)     ( 1.003228806)     ( 1.096498485)

  3- 5  1.890427781   3- 6  1.890408384   4- 9  1.895204948   4-10  2.054770442   8-16  2.392114501
       ( 1.000371297)       ( 1.000361033)       ( 1.002899265)       ( 1.087337688)       ( 1.265852475)

 10-17  2.439269609  11-12  2.056009920  11-13  2.056009920  11-14  2.863195796  11-15  2.049756511
       ( 1.290805884)       ( 1.087993591)       ( 1.087993591)       ( 1.515137960)       ( 1.084684429)

 14-16  2.392370586  14-17  2.386834152
       ( 1.265987990)       ( 1.263058235)

 Bond angles

  1-2-7  118.60789375   1-2-8  119.98277870   1-3-5  120.77741373   1-3-6  120.72772193

  1- 4- 9  118.84696707   1- 4-10  119.80564825   2- 1- 3  120.24283517   2- 1- 4  119.75051288

  2- 8-16  179.97893452   3- 1- 4  120.00665195   4-10-17  179.53072525   5- 3- 6  118.49486434

  7- 2- 8  121.40932755   8-16-14  117.56924662   9- 4-10  121.34738468  10-17-14  117.42553064

 11-14-16  116.31614784  11-14-17  117.72722902  12-11-13  107.24251222  12-11-14  109.16434575

 12-11-15  110.03918169  13-11-14  109.16434575  13-11-15  110.03918169  14-11-15  111.10310363

 16-14-17  125.95662314

 NUCLEAR CHARGE:                   64
 NUMBER OF PRIMITIVE AOS:        1457
 NUMBER OF SYMMETRY AOS:         1176
 NUMBER OF CONTRACTIONS:         1054   (1054A   )
 NUMBER OF CORE ORBITALS:           8   (   8A   )
 NUMBER OF VALENCE ORBITALS:       41   (  41A   )


 NUCLEAR REPULSION ENERGY  394.85849917


 Eigenvalues of metric

         1 0.142E-05 0.196E-05 0.212E-05 0.237E-05 0.265E-05 0.358E-05 0.394E-05 0.429E-05


 OPERATOR DM      FOR CENTER  0  COORDINATES:    0.000000    0.000000    0.000000


 **********************************************************************************************************************************
 DATASETS  * FILE   NREC   LENGTH (MB)   RECORD NAMES
              1      18       48.17       500      610      700      900      950      970     1000      129      960     1100   
                                          VAR    BASINP    GEOM    SYMINP    ZMAT    AOBASIS   BASIS     P2S    ABASIS      S 
                                         1400     1410     1200     1210     1080     1600     1650     1700   
                                           T        V       H0       H01     AOSYM     SMH    MOLCAS    OPER   

 PROGRAMS   *        TOTAL       INT
 CPU TIMES  *         3.74      3.60
 REAL TIME  *         5.31 SEC
 DISK USED  *         0.00 MB      
 GA USED    *         0.02 MB       (max)       0.00 MB       (current)
 **********************************************************************************************************************************

1PROGRAM * RHF-SCF (CLOSED SHELL)       Authors: W. Meyer, H.-J. Werner


 NUMBER OF ELECTRONS:      32+   32-    SPACE SYMMETRY=1    SPIN SYMMETRY: Singlet 
 CONVERGENCE THRESHOLDS:    1.00E-05 (Density)    1.28E-07 (Energy)
 INTEGRAL THRESHOLDS:       1.00E-12 (Initial)    1.00E-12 (Final)
 MAX. NUMBER OF ITERATIONS:       60
 INTERPOLATION TYPE:            DIIS
 INTERPOLATION STEPS:              2 (START)      1 (STEP)
 LEVEL SHIFTS:                  0.00 (CLOSED)  0.00 (OPEN) 



 
 Basis set CC-PVQZ/JKFIT generated.      Number of basis functions:   1307 
 
 Orbital guess generated from atomic densities. Full valence occupancy:   49
 Coulomb and exchange fitting
 Thresholds for fitting:       THRAO_COUL= 1.0D-15    THRAO_EXCH= 1.0D-13    THRMO= 1.0D-12    THRPROD= 1.0D-12    THRASM= 1.0D-12
                               THR2HLF=    1.0D-12

 Molecular orbital dump at record        2100.2

 ITERATION   DDIFF            GRAD            ENERGY        2-EL.EN.            DIPOLE MOMENTS         DIIS   CPU(IT)  CPU(TOT)  ORB.
    1      0.000D+00      0.000D+00      -431.98323493   1100.578945    2.69789   -0.05753    0.00000    0     10.4     28.0     start
    2      0.000D+00      0.229D-02      -432.09991081   1092.898166    2.21786   -0.01794    0.00000    1      7.5     35.4     diag
    3      0.188D-02      0.130D-02      -432.13750984   1095.588018    2.21138   -0.02115    0.00000    2      7.3     42.8     diag
    4      0.706D-03      0.246D-03      -432.14003617   1095.661010    2.19037   -0.01913    0.00000    3      6.5     49.3     diag
    5      0.208D-03      0.658D-04      -432.14024850   1095.498243    2.17365   -0.01960    0.00000    4      6.4     55.7     diag
    6      0.595D-04      0.191D-04      -432.14026948   1095.515790    2.17168   -0.01838    0.00000    5      6.9     62.7     diag
    7      0.203D-04      0.545D-05      -432.14027113   1095.520849    2.17045   -0.01903    0.00000    6      6.5     69.2     diag
    8      0.555D-05      0.177D-05      -432.14027131   1095.518457    2.17028   -0.01865    0.00000    7      6.4     75.6     diag
    9      0.167D-05      0.642D-06      -432.14027133   1095.519001    2.17010   -0.01882    0.00000    8      7.4     83.0     diag
   10      0.603D-06      0.221D-06      -432.14027133   1095.519118    2.17010   -0.01873    0.00000    0      7.0     89.9     orth

 Final occupancy:  32

 !RHF STATE 1.1 Energy               -432.140271326808
 Nuclear energy                       394.85849917
 One-electron energy                -1374.75832954
 Two-electron energy                  547.75955904
 Virial quotient                       -1.00030089
 !RHF STATE 1.1 Dipole moment           2.17009771    -0.01872666     0.00000000
 Dipole moment /Debye                   5.51547694    -0.04759531     0.00000000

 Orbital energies:

         1.1          2.1          3.1          4.1          5.1          6.1          7.1          8.1          9.1         10.1
    -20.502191   -20.500407   -15.602598   -15.543969   -15.541815   -11.379084   -11.344003   -11.203692    -1.399061    -1.326960

        11.1         12.1         13.1         14.1         15.1         16.1         17.1         18.1         19.1         20.1
     -1.298061    -1.189854    -1.162344    -0.979271    -0.858269    -0.781443    -0.774395    -0.749168    -0.710397    -0.647244

        21.1         22.1         23.1         24.1         25.1         26.1         27.1         28.1         29.1         30.1
     -0.639696    -0.605684    -0.598161    -0.594361    -0.571296    -0.536078    -0.513087    -0.429643    -0.428804    -0.424194

        31.1         32.1         33.1         34.1
     -0.401024    -0.383353     0.011866     0.027709

 HOMO     32.1    -0.383353 =     -10.4316eV
 LUMO     33.1     0.011866 =       0.3229eV
 LUMO-HOMO         0.395219 =      10.7545eV


 **********************************************************************************************************************************
 DATASETS  * FILE   NREC   LENGTH (MB)   RECORD NAMES
              1      18       48.17       500      610      700      900      950      970     1000      129      960     1100   
                                          VAR    BASINP    GEOM    SYMINP    ZMAT    AOBASIS   BASIS     P2S    ABASIS      S 
                                         1400     1410     1200     1210     1080     1600     1650     1700   
                                           T        V       H0       H01     AOSYM     SMH    MOLCAS    OPER   

              2       4       27.44       700     1000      520     2100   
                                         GEOM     BASIS   MCVARS     RHF  

 PROGRAMS   *        TOTAL        HF       INT
 CPU TIMES  *        95.23     91.48      3.60
 REAL TIME  *       165.04 SEC
 DISK USED  *         1.82 GB      
 SF USED    *       383.68 MB      
 GA USED    *         3.20 MB       (max)       0.00 MB       (current)
 **********************************************************************************************************************************
 SETTING E_RHF_C        =    ***************  KCAL/MOL                        


1PROGRAM * MP2 (Closed-shell)     Authors: C. Hampel, H.-J. Werner, 1991, M. Deegan, P.J. Knowles, 1992

 Basis set AUG-CC-PVQZ/MP2FIT generated. Number of basis functions:   2064 

 Convergence thresholds:  THRVAR = 1.00D-08  THRDEN = 1.28D-06

 Number of core orbitals:           8 (   8 )
 Number of closed-shell orbitals:  24 (  24 )
 Number of external orbitals:    1022 (1022 )

 Molecular orbitals read from record     2100.2  Type=RHF/CANONICAL (state 1.1)
 

 Entering DF-MP2

 Thresholds:    THRAO= 0.100D-09    THRMO= 0.100D-08    THROV= 0.100D-11

 Fitting basis: AUG-CC-PVQZ-MP2F
 Number of fitting functions:                2064
 Number of blocks in AO basis:                  8
 Minimum block size:                           80
 Maximum block size:                          218
 Average block size:                          132
 Number of groups in AO basis:                203
 Number of shells in AO basis:                376

 Using large memory version DFMP2B. NIBTK= 1  NGPU= 0  IGPU= 0

 para=T  nprocs= 12  mpptyp=0  number of tasks=  35

 Minimum memory with paging:                  9.14 MW
 Minimum memory for incore assembly:         51.67 MW
 Maximum memory for incore algorithm:        56.31 MW
 Memory for 3-index integrals:                0.00 MW

 Disk space for H1-integrals:               420.86 MB (   840 records)
 
 CPU time for half transformed integrals      4.31 sec, elapsed time      4.36 sec
 CPU time for assembly                       15.69 sec, elapsed time     17.69 sec (8264.0 MFLOP/sec)
 Total CPU time                              24.39 sec, elapsed time     27.59 sec

 SCS-MP2 correlation energy:           -1.714930258974   (PS=  1.200000  PT=  0.333333)
 SCS-MP2 total energy:               -433.855201585789

 Norm of first-order wave function:     0.332388671569
 Coefficient of reference function:     0.866332354807

  Reference energy                   -432.140271326815
  MP2 singlet pair energy              -1.097390912656
  MP2 triplet pair energy              -0.639741156087
  MP2 correlation energy               -1.737132068743

 !MP2 total energy                   -433.877403395558


 **********************************************************************************************************************************
 DATASETS  * FILE   NREC   LENGTH (MB)   RECORD NAMES
              1      19       48.19       500      610      700      900      950      970     1000      129      960     1100   
                                          VAR    BASINP    GEOM    SYMINP    ZMAT    AOBASIS   BASIS     P2S    ABASIS      S 
                                         1400     1410     1200     1210     1080     1600     1650     1700      960(1)
                                           T        V       H0       H01     AOSYM     SMH    MOLCAS    OPER    ABASIS    

              2       4       27.44       700     1000      520     2100   
                                         GEOM     BASIS   MCVARS     RHF  

 PROGRAMS   *        TOTAL       MP2        HF       INT
 CPU TIMES  *       124.34     29.11     91.48      3.60
 REAL TIME  *       198.25 SEC
 DISK USED  *         1.82 GB      
 SF USED    *         1.83 GB      
 GA USED    *         3.20 MB       (max)       0.00 MB       (current)
 **********************************************************************************************************************************
 SETTING E_CORR_C       =    ***************  KCAL/MOL                        
 SETTING E_C            =     -1090.06704961  KCAL/MOL                        
 SETTING CHARGE         =         1.00000000                                  

 Dummy atoms: C10  H11  H12  C13  H14  O15  O16


 Recomputing one-electron integrals since nuclear charges changed

1PROGRAM * SEWARD (Integral evaluation for generally contracted gaussian basis sets)     Author: Roland Lindh, 1990

 Geometry written to block  1 of record 700


 Point group  C1  



 ATOMIC COORDINATES

 NR  ATOM    CHARGE       X              Y              Z

   1  C0      6.00    3.635461685   -0.033559916    0.000000000
   2  N1      7.00    2.366710951   -2.179010396    0.000000000
   3  N2      7.00    6.199730377   -0.049487323    0.000000000
   4  N3      7.00    2.400908637    2.135169150    0.000000000
   5  H4      1.00    7.177139661    1.568656147    0.000000000
   6  H5      1.00    7.155539536   -1.680460257    0.000000000
   7  H6      1.00    3.337268267   -3.807562246    0.000000000
   8  H7      1.00    0.294748839   -2.156735846    0.000000000
   9  H8      1.00    3.391214153    3.751058001    0.000000000
  10  H9      1.00    0.346145701    2.140723249    0.000000000
  11  C10     0.00   -6.043840252   -0.028028261    0.000000000
  12  H11     0.00   -6.707824921   -1.050872199    1.655322153
  13  H12     0.00   -6.707824921   -1.050872199   -1.655322153
  14  C13     0.00   -3.180809985    0.002759061    0.000000000
  15  H14     0.00   -6.802369386    1.876213138    0.000000000
  16  O15     0.00   -2.097217826   -2.130141559    0.000000000
  17  O16     0.00   -2.093087183    2.127338166    0.000000000

 Bond lengths in Bohr (Angstrom)

 1-2  2.492526065  1-3  2.564318157  1-4  2.495497343  2-7  1.895827690  2-8  2.072081839
     ( 1.318987986)     ( 1.356978725)     ( 1.320560319)     ( 1.003228806)     ( 1.096498485)

  3- 5  1.890427781   3- 6  1.890408384   4- 9  1.895204948   4-10  2.054770442   8-16  2.392114501
       ( 1.000371297)       ( 1.000361033)       ( 1.002899265)       ( 1.087337688)       ( 1.265852475)

 10-17  2.439269609  11-12  2.056009920  11-13  2.056009920  11-14  2.863195796  11-15  2.049756511
       ( 1.290805884)       ( 1.087993591)       ( 1.087993591)       ( 1.515137960)       ( 1.084684429)

 14-16  2.392370586  14-17  2.386834152
       ( 1.265987990)       ( 1.263058235)

 Bond angles

  1-2-7  118.60789375   1-2-8  119.98277870   1-3-5  120.77741373   1-3-6  120.72772193

  1- 4- 9  118.84696707   1- 4-10  119.80564825   2- 1- 3  120.24283517   2- 1- 4  119.75051288

  2- 8-16  179.97893452   3- 1- 4  120.00665195   4-10-17  179.53072525   5- 3- 6  118.49486434

  7- 2- 8  121.40932755   8-16-14  117.56924662   9- 4-10  121.34738468  10-17-14  117.42553064

 11-14-16  116.31614784  11-14-17  117.72722902  12-11-13  107.24251222  12-11-14  109.16434575

 12-11-15  110.03918169  13-11-14  109.16434575  13-11-15  110.03918169  14-11-15  111.10310363

 16-14-17  125.95662314

 NUCLEAR CHARGE:                   33
 NUMBER OF PRIMITIVE AOS:        1457
 NUMBER OF SYMMETRY AOS:         1176
 NUMBER OF CONTRACTIONS:         1054   (1054A   )
 NUMBER OF CORE ORBITALS:           4   (   4A   )
 NUMBER OF VALENCE ORBITALS:       22   (  22A   )

 MOLECULE CHANGED: INITIALIZING OCCUPATION AND DUMP RECORDS


 NUCLEAR REPULSION ENERGY  133.16490707


 Eigenvalues of metric

         1 0.142E-05 0.196E-05 0.212E-05 0.237E-05 0.265E-05 0.358E-05 0.394E-05 0.429E-05


 OPERATOR DM      FOR CENTER  0  COORDINATES:    0.000000    0.000000    0.000000


 **********************************************************************************************************************************
 DATASETS  * FILE   NREC   LENGTH (MB)   RECORD NAMES
              1      19       48.19       500      610      700      900      950      970     1000      129      960     1100   
                                          VAR    BASINP    GEOM    SYMINP    ZMAT    AOBASIS   BASIS     P2S    ABASIS      S 
                                         1400     1410     1200     1210     1080     1600     1650     1700      960(1)
                                           T        V       H0       H01     AOSYM     SMH    MOLCAS    OPER    ABASIS    

              2       4       27.44       700     1000      520     2100   
                                         GEOM     BASIS   MCVARS     RHF  

 PROGRAMS   *        TOTAL       INT       MP2        HF       INT
 CPU TIMES  *       128.08      3.72     29.11     91.48      3.60
 REAL TIME  *       202.70 SEC
 DISK USED  *         1.82 GB      
 SF USED    *         1.83 GB      
 GA USED    *         3.20 MB       (max)       0.00 MB       (current)
 **********************************************************************************************************************************

1PROGRAM * RHF-SCF (CLOSED SHELL)       Authors: W. Meyer, H.-J. Werner


 NUMBER OF ELECTRONS:      16+   16-    SPACE SYMMETRY=1    SPIN SYMMETRY: Singlet 
 CONVERGENCE THRESHOLDS:    1.00E-05 (Density)    1.00E-07 (Energy)
 INTEGRAL THRESHOLDS:       1.00E-12 (Initial)    1.00E-12 (Final)
 MAX. NUMBER OF ITERATIONS:       60
 INTERPOLATION TYPE:            DIIS
 INTERPOLATION STEPS:              2 (START)      1 (STEP)
 LEVEL SHIFTS:                  0.00 (CLOSED)  0.00 (OPEN) 



 
 Basis set CC-PVQZ/JKFIT generated.      Number of basis functions:   1307 
 
 Orbital guess generated from atomic densities. Full valence occupancy:   26
 Coulomb and exchange fitting
 Thresholds for fitting:       THRAO_COUL= 1.0D-15    THRAO_EXCH= 1.0D-13    THRMO= 1.0D-12    THRPROD= 1.0D-12    THRASM= 1.0D-12
                               THR2HLF=    1.0D-12

 Molecular orbital dump at record        2101.2

 ITERATION   DDIFF            GRAD            ENERGY        2-EL.EN.            DIPOLE MOMENTS         DIIS   CPU(IT)  CPU(TOT)  ORB.
    1      0.000D+00      0.000D+00      -204.55581338    390.532733    3.33763   -0.03873   -0.00000    0      6.8     18.8     start
    2      0.000D+00      0.168D-02      -204.60607798    391.531843    3.46920   -0.03514    0.00000    1      6.0     24.8     diag
    3      0.947D-03      0.516D-03      -204.61092246    391.420172    3.46555   -0.03623    0.00000    2      5.4     30.2     diag
    4      0.296D-03      0.231D-03      -204.61183764    391.491776    3.47821   -0.03551   -0.00000    3      5.2     35.5     diag
    5      0.102D-03      0.340D-04      -204.61188874    391.488829    3.47973   -0.03555    0.00000    4      5.7     41.2     diag
    6      0.255D-04      0.104D-04      -204.61189301    391.487384    3.48113   -0.03542    0.00000    5      5.3     46.5     diag
    7      0.837D-05      0.397D-05      -204.61189340    391.487639    3.48067   -0.03546    0.00000    6      5.5     52.0     diag
    8      0.259D-05      0.105D-05      -204.61189343    391.487908    3.48085   -0.03544    0.00000    7      5.4     57.4     diag
    9      0.750D-06      0.107D-06      -204.61189343    391.487881    3.48083   -0.03545   -0.00000    0      5.8     63.2     orth

 Final occupancy:  16

 !RHF STATE 1.1 Energy               -204.611893428320
 Nuclear energy                       133.16490707
 One-electron energy                 -533.52074084
 Two-electron energy                  195.74394034
 Virial quotient                       -1.00253688
 !RHF STATE 1.1 Dipole moment           3.48083444    -0.03544604    -0.00000000
 Dipole moment /Debye                   8.84681919    -0.09008895    -0.00000000

 Orbital energies:

         1.1          2.1          3.1          4.1          5.1          6.1          7.1          8.1          9.1         10.1
    -15.803618   -15.802514   -15.791743   -11.604186    -1.546696    -1.396408    -1.393653    -1.065669    -0.984821    -0.966932

        11.1         12.1         13.1         14.1         15.1         16.1         17.1         18.1
     -0.870680    -0.860987    -0.851979    -0.816004    -0.630697    -0.629842    -0.106028    -0.081958

 HOMO     16.1    -0.629842 =     -17.1389eV
 LUMO     17.1    -0.106028 =      -2.8852eV
 LUMO-HOMO         0.523813 =      14.2537eV


 **********************************************************************************************************************************
 DATASETS  * FILE   NREC   LENGTH (MB)   RECORD NAMES
              1      19       48.24       500      610      700      900      950      970     1000      129      960     1100   
                                          VAR    BASINP    GEOM    SYMINP    ZMAT    AOBASIS   BASIS     P2S    ABASIS      S 
                                         1400     1410     1200     1210     1080     1600     1650     1700      960(1)
                                           T        V       H0       H01     AOSYM     SMH    MOLCAS    OPER    ABASIS    

              2       5       71.97       700     1000      520     2100     2101   
                                         GEOM     BASIS   MCVARS     RHF      RHF  

 PROGRAMS   *        TOTAL        HF       INT       MP2        HF       INT
 CPU TIMES  *       192.78     64.69      3.72     29.11     91.48      3.60
 REAL TIME  *       374.65 SEC
 DISK USED  *         2.30 GB      
 SF USED    *         1.83 GB      
 GA USED    *         3.20 MB       (max)       0.00 MB       (current)
 **********************************************************************************************************************************
 SETTING E_RHF_A        =    ***************  KCAL/MOL                        


1PROGRAM * MP2 (Closed-shell)     Authors: C. Hampel, H.-J. Werner, 1991, M. Deegan, P.J. Knowles, 1992

 Basis set AUG-CC-PVQZ/MP2FIT generated. Number of basis functions:   2064 

 Convergence thresholds:  THRVAR = 1.00D-08  THRDEN = 1.00D-06

 Number of core orbitals:           4 (   4 )
 Number of closed-shell orbitals:  12 (  12 )
 Number of external orbitals:    1038 (1038 )

 Molecular orbitals read from record     2101.2  Type=RHF/CANONICAL (state 1.1)
 

 Entering DF-MP2

 Thresholds:    THRAO= 0.100D-09    THRMO= 0.100D-08    THROV= 0.100D-11

 Fitting basis: AUG-CC-PVQZ-MP2F
 Number of fitting functions:                2064
 Number of blocks in AO basis:                  8
 Minimum block size:                           80
 Maximum block size:                          218
 Average block size:                          132
 Number of groups in AO basis:                203
 Number of shells in AO basis:                376

 Using large memory version DFMP2B. NIBTK= 1  NGPU= 0  IGPU= 0

 para=T  nprocs= 12  mpptyp=0  number of tasks=  35

 Minimum memory with paging:                  9.21 MW
 Minimum memory for incore assembly:         26.79 MW
 Maximum memory for incore algorithm:        30.01 MW
 Memory for 3-index integrals:                0.00 MW

 Disk space for H1-integrals:               210.43 MB (   420 records)
 
 CPU time for half transformed integrals      4.15 sec, elapsed time      4.16 sec
 CPU time for assembly                        3.75 sec, elapsed time      4.72 sec (8322.5 MFLOP/sec)
 Total CPU time                              12.31 sec, elapsed time     14.70 sec

 SCS-MP2 correlation energy:           -0.832478279491   (PS=  1.200000  PT=  0.333333)
 SCS-MP2 total energy:               -205.444371707805

 Norm of first-order wave function:     0.164335617171
 Coefficient of reference function:     0.926746402016

  Reference energy                   -204.611893428314
  MP2 singlet pair energy              -0.539727329659
  MP2 triplet pair energy              -0.297008813411
  MP2 correlation energy               -0.836736143070

 !MP2 total energy                   -205.448629571384


 **********************************************************************************************************************************
 DATASETS  * FILE   NREC   LENGTH (MB)   RECORD NAMES
              1      19       48.24       500      610      700      900      950      970     1000      129      960     1100   
                                          VAR    BASINP    GEOM    SYMINP    ZMAT    AOBASIS   BASIS     P2S    ABASIS      S 
                                         1400     1410     1200     1210     1080     1600     1650     1700      960(1)
                                           T        V       H0       H01     AOSYM     SMH    MOLCAS    OPER    ABASIS    

              2       5       71.97       700     1000      520     2100     2101   
                                         GEOM     BASIS   MCVARS     RHF      RHF  

 PROGRAMS   *        TOTAL       MP2        HF       INT       MP2        HF       INT
 CPU TIMES  *       208.33     15.50     64.69      3.72     29.11     91.48      3.60
 REAL TIME  *       393.80 SEC
 DISK USED  *         2.30 GB      
 SF USED    *         1.83 GB      
 GA USED    *         3.20 MB       (max)       0.00 MB       (current)
 **********************************************************************************************************************************
 SETTING E_CORR_A       =    ***************  KCAL/MOL                        
 SETTING E_A            =      -525.05996244  KCAL/MOL                        
 SETTING CHARGE         =        -1.00000000                                  

 Dummy atoms: C0  N1  N2  N3  H4  H5  H6  H7  H8  H9


 Recomputing one-electron integrals since nuclear charges changed

1PROGRAM * SEWARD (Integral evaluation for generally contracted gaussian basis sets)     Author: Roland Lindh, 1990

 Geometry written to block  1 of record 700


 Point group  C1  



 ATOMIC COORDINATES

 NR  ATOM    CHARGE       X              Y              Z

   1  C0      0.00    3.635461685   -0.033559916    0.000000000
   2  N1      0.00    2.366710951   -2.179010396    0.000000000
   3  N2      0.00    6.199730377   -0.049487323    0.000000000
   4  N3      0.00    2.400908637    2.135169150    0.000000000
   5  H4      0.00    7.177139661    1.568656147    0.000000000
   6  H5      0.00    7.155539536   -1.680460257    0.000000000
   7  H6      0.00    3.337268267   -3.807562246    0.000000000
   8  H7      0.00    0.294748839   -2.156735846    0.000000000
   9  H8      0.00    3.391214153    3.751058001    0.000000000
  10  H9      0.00    0.346145701    2.140723249    0.000000000
  11  C10     6.00   -6.043840252   -0.028028261    0.000000000
  12  H11     1.00   -6.707824921   -1.050872199    1.655322153
  13  H12     1.00   -6.707824921   -1.050872199   -1.655322153
  14  C13     6.00   -3.180809985    0.002759061    0.000000000
  15  H14     1.00   -6.802369386    1.876213138    0.000000000
  16  O15     8.00   -2.097217826   -2.130141559    0.000000000
  17  O16     8.00   -2.093087183    2.127338166    0.000000000

 Bond lengths in Bohr (Angstrom)

 1-2  2.492526065  1-3  2.564318157  1-4  2.495497343  2-7  1.895827690  2-8  2.072081839
     ( 1.318987986)     ( 1.356978725)     ( 1.320560319)     ( 1.003228806)     ( 1.096498485)

  3- 5  1.890427781   3- 6  1.890408384   4- 9  1.895204948   4-10  2.054770442   8-16  2.392114501
       ( 1.000371297)       ( 1.000361033)       ( 1.002899265)       ( 1.087337688)       ( 1.265852475)

 10-17  2.439269609  11-12  2.056009920  11-13  2.056009920  11-14  2.863195796  11-15  2.049756511
       ( 1.290805884)       ( 1.087993591)       ( 1.087993591)       ( 1.515137960)       ( 1.084684429)

 14-16  2.392370586  14-17  2.386834152
       ( 1.265987990)       ( 1.263058235)

 Bond angles

  1-2-7  118.60789375   1-2-8  119.98277870   1-3-5  120.77741373   1-3-6  120.72772193

  1- 4- 9  118.84696707   1- 4-10  119.80564825   2- 1- 3  120.24283517   2- 1- 4  119.75051288

  2- 8-16  179.97893452   3- 1- 4  120.00665195   4-10-17  179.53072525   5- 3- 6  118.49486434

  7- 2- 8  121.40932755   8-16-14  117.56924662   9- 4-10  121.34738468  10-17-14  117.42553064

 11-14-16  116.31614784  11-14-17  117.72722902  12-11-13  107.24251222  12-11-14  109.16434575

 12-11-15  110.03918169  13-11-14  109.16434575  13-11-15  110.03918169  14-11-15  111.10310363

 16-14-17  125.95662314

 NUCLEAR CHARGE:                   31
 NUMBER OF PRIMITIVE AOS:        1457
 NUMBER OF SYMMETRY AOS:         1176
 NUMBER OF CONTRACTIONS:         1054   (1054A   )
 NUMBER OF CORE ORBITALS:           4   (   4A   )
 NUMBER OF VALENCE ORBITALS:       19   (  19A   )

 MOLECULE CHANGED: INITIALIZING OCCUPATION AND DUMP RECORDS


 NUCLEAR REPULSION ENERGY  112.20397935


 Eigenvalues of metric

         1 0.142E-05 0.196E-05 0.212E-05 0.237E-05 0.265E-05 0.358E-05 0.394E-05 0.429E-05


 OPERATOR DM      FOR CENTER  0  COORDINATES:    0.000000    0.000000    0.000000


 **********************************************************************************************************************************
 DATASETS  * FILE   NREC   LENGTH (MB)   RECORD NAMES
              1      19       48.24       500      610      700      900      950      970     1000      129      960     1100   
                                          VAR    BASINP    GEOM    SYMINP    ZMAT    AOBASIS   BASIS     P2S    ABASIS      S 
                                         1400     1410     1200     1210     1080     1600     1650     1700      960(1)
                                           T        V       H0       H01     AOSYM     SMH    MOLCAS    OPER    ABASIS    

              2       5       71.97       700     1000      520     2100     2101   
                                         GEOM     BASIS   MCVARS     RHF      RHF  

 PROGRAMS   *        TOTAL       INT       MP2        HF       INT       MP2        HF       INT
 CPU TIMES  *       212.26      3.54     15.50     64.69      3.72     29.11     91.48      3.60
 REAL TIME  *       399.10 SEC
 DISK USED  *         2.30 GB      
 SF USED    *         1.83 GB      
 GA USED    *         3.20 MB       (max)       0.00 MB       (current)
 **********************************************************************************************************************************

1PROGRAM * RHF-SCF (CLOSED SHELL)       Authors: W. Meyer, H.-J. Werner


 NUMBER OF ELECTRONS:      16+   16-    SPACE SYMMETRY=1    SPIN SYMMETRY: Singlet 
 CONVERGENCE THRESHOLDS:    1.00E-05 (Density)    1.00E-07 (Energy)
 INTEGRAL THRESHOLDS:       1.00E-12 (Initial)    1.00E-12 (Final)
 MAX. NUMBER OF ITERATIONS:       60
 INTERPOLATION TYPE:            DIIS
 INTERPOLATION STEPS:              2 (START)      1 (STEP)
 LEVEL SHIFTS:                  0.00 (CLOSED)  0.00 (OPEN) 



 
 Basis set CC-PVQZ/JKFIT generated.      Number of basis functions:   1307 
 
 Orbital guess generated from atomic densities. Full valence occupancy:   23
 Coulomb and exchange fitting
 Thresholds for fitting:       THRAO_COUL= 1.0D-15    THRAO_EXCH= 1.0D-13    THRMO= 1.0D-12    THRPROD= 1.0D-12    THRASM= 1.0D-12
                               THR2HLF=    1.0D-12

 Molecular orbital dump at record        2102.2

 ITERATION   DDIFF            GRAD            ENERGY        2-EL.EN.            DIPOLE MOMENTS         DIIS   CPU(IT)  CPU(TOT)  ORB.
    1      0.000D+00      0.000D+00      -227.20324305    410.410921    0.96008   -0.02973   -0.00000    0      6.8     17.8     start
    2      0.000D+00      0.308D-02      -227.28823869    401.021599    2.05732    0.01254   -0.00000    1      7.4     25.2     diag
    3      0.191D-02      0.225D-02      -227.34032393    404.075156    1.76427    0.01269   -0.00000    2      5.4     30.6     diag
    4      0.760D-03      0.214D-03      -227.34154065    404.272687    1.78198    0.01214   -0.00000    3      6.3     36.9     diag
    5      0.178D-03      0.720D-04      -227.34169002    404.137010    1.77830    0.01424    0.00000    4      6.1     43.0     diag
    6      0.530D-04      0.195D-04      -227.34170204    404.156144    1.77830    0.01455    0.00000    5      5.7     48.7     diag
    7      0.200D-04      0.354D-05      -227.34170261    404.152243    1.77787    0.01487    0.00000    6      5.4     54.1     diag
    8      0.448D-05      0.982D-06      -227.34170265    404.153690    1.77777    0.01481    0.00000    7      5.7     59.9     diag
    9      0.114D-05      0.405D-06      -227.34170265    404.153268    1.77781    0.01499    0.00000    0      6.0     65.9     orth

 Final occupancy:  16

 !RHF STATE 1.1 Energy               -227.341702651336
 Nuclear energy                       112.20397935
 One-electron energy                 -541.62231603
 Two-electron energy                  202.07663403
 Virial quotient                       -1.00098531
 !RHF STATE 1.1 Dipole moment           1.77781218     0.01499147     0.00000000
 Dipole moment /Debye                   4.51845189     0.03810202     0.00000000

 Orbital energies:

         1.1          2.1          3.1          4.1          5.1          6.1          7.1          8.1          9.1         10.1
    -20.281096   -20.277467   -11.125929   -11.043474    -1.154015    -1.049493    -0.802046    -0.512152    -0.419272    -0.415882

        11.1         12.1         13.1         14.1         15.1         16.1         17.1         18.1
     -0.412169    -0.355072    -0.311190    -0.197596    -0.195101    -0.182570     0.096702     0.115545

 HOMO     16.1    -0.182570 =      -4.9680eV
 LUMO     17.1     0.096702 =       2.6314eV
 LUMO-HOMO         0.279272 =       7.5994eV


 **********************************************************************************************************************************
 DATASETS  * FILE   NREC   LENGTH (MB)   RECORD NAMES
              1      19       48.24       500      610      700      900      950      970     1000      129      960     1100   
                                          VAR    BASINP    GEOM    SYMINP    ZMAT    AOBASIS   BASIS     P2S    ABASIS      S 
                                         1400     1410     1200     1210     1080     1600     1650     1700      960(1)
                                           T        V       H0       H01     AOSYM     SMH    MOLCAS    OPER    ABASIS    

              2       6      116.51       700     1000      520     2100     2101     2102   
                                         GEOM     BASIS   MCVARS     RHF      RHF      RHF  

 PROGRAMS   *        TOTAL        HF       INT       MP2        HF       INT       MP2        HF       INT
 CPU TIMES  *       279.54     67.27      3.54     15.50     64.69      3.72     29.11     91.48      3.60
 REAL TIME  *       572.75 SEC
 DISK USED  *         2.83 GB      
 SF USED    *         1.83 GB      
 GA USED    *         3.20 MB       (max)       0.00 MB       (current)
 **********************************************************************************************************************************
 SETTING E_RHF_B        =    ***************  KCAL/MOL                        


1PROGRAM * MP2 (Closed-shell)     Authors: C. Hampel, H.-J. Werner, 1991, M. Deegan, P.J. Knowles, 1992

 Basis set AUG-CC-PVQZ/MP2FIT generated. Number of basis functions:   2064 

 Convergence thresholds:  THRVAR = 1.00D-08  THRDEN = 1.00D-06

 Number of core orbitals:           4 (   4 )
 Number of closed-shell orbitals:  12 (  12 )
 Number of external orbitals:    1038 (1038 )

 Molecular orbitals read from record     2102.2  Type=RHF/CANONICAL (state 1.1)
 

 Entering DF-MP2

 Thresholds:    THRAO= 0.100D-09    THRMO= 0.100D-08    THROV= 0.100D-11

 Fitting basis: AUG-CC-PVQZ-MP2F
 Number of fitting functions:                2064
 Number of blocks in AO basis:                  8
 Minimum block size:                           80
 Maximum block size:                          218
 Average block size:                          132
 Number of groups in AO basis:                203
 Number of shells in AO basis:                376

 Using large memory version DFMP2B. NIBTK= 1  NGPU= 0  IGPU= 0

 para=T  nprocs= 12  mpptyp=0  number of tasks=  35

 Minimum memory with paging:                  9.21 MW
 Minimum memory for incore assembly:         26.79 MW
 Maximum memory for incore algorithm:        30.01 MW
 Memory for 3-index integrals:                0.00 MW

 Disk space for H1-integrals:               210.43 MB (   420 records)
 
 CPU time for half transformed integrals      3.61 sec, elapsed time      4.49 sec
 CPU time for assembly                        3.72 sec, elapsed time      4.95 sec (7191.1 MFLOP/sec)
 Total CPU time                              11.81 sec, elapsed time     14.07 sec

 SCS-MP2 correlation energy:           -0.873480011555   (PS=  1.200000  PT=  0.333333)
 SCS-MP2 total energy:               -228.215182662894

 Norm of first-order wave function:     0.172782037901
 Coefficient of reference function:     0.923403140191

  Reference energy                   -227.341702651339
  MP2 singlet pair energy              -0.558120243983
  MP2 triplet pair energy              -0.327432405174
  MP2 correlation energy               -0.885552649157

 !MP2 total energy                   -228.227255300496


 **********************************************************************************************************************************
 DATASETS  * FILE   NREC   LENGTH (MB)   RECORD NAMES
              1      19       48.24       500      610      700      900      950      970     1000      129      960     1100   
                                          VAR    BASINP    GEOM    SYMINP    ZMAT    AOBASIS   BASIS     P2S    ABASIS      S 
                                         1400     1410     1200     1210     1080     1600     1650     1700      960(1)
                                           T        V       H0       H01     AOSYM     SMH    MOLCAS    OPER    ABASIS    

              2       6      116.51       700     1000      520     2100     2101     2102   
                                         GEOM     BASIS   MCVARS     RHF      RHF      RHF  

 PROGRAMS   *        TOTAL       MP2        HF       INT       MP2        HF       INT       MP2        HF       INT
 CPU TIMES  *       294.74     15.19     67.27      3.54     15.50     64.69      3.72     29.11     91.48      3.60
 REAL TIME  *       591.87 SEC
 DISK USED  *         2.83 GB      
 SF USED    *         1.83 GB      
 GA USED    *         3.20 MB       (max)       0.00 MB       (current)
 **********************************************************************************************************************************
 SETTING E_CORR_B       =    ***************  KCAL/MOL                        
 SETTING E_B            =      -555.69278865  KCAL/MOL                        
 SETTING E_RHF_CP       =      -117.14050967  KCAL/MOL                        
 SETTING E_CORR_CP      =        -9.31429852  KCAL/MOL                        

        DF-MP2          DF-HF           DF-MP2          DF-HF           DF-MP2          DF-HF   
   -228.22725530   -227.34170265   -205.44862957   -204.61189343   -433.87740340   -432.14027133
 **********************************************************************************************************************************
 Variable memory released
