
 Primary working directories    : /scratch/1723300.phoenix.chem.wisc.edu
 Secondary working directories  : /scratch/1723300.phoenix.chem.wisc.edu
 Wavefunction directory         : /scratch/1723300.phoenix.chem.wisc.edu/
 Main file repository           : /scratch/1723300.phoenix.chem.wisc.edu/

 SHA1      : 65e45729fe3f963b0eb97374e3bda9949063ef0f
 NAME      : 2012.1.17
 ARCHNAME  : Linux/x86_64
 FC        : /opt/intel/composer_xe_2013.5.192/bin/intel64/ifort
 FCVERSION : 13.1.3
 BLASLIB   : -L/opt/intel/composer_xe_2013.5.192/mkl/lib/intel64 -lmkl_intel_ilp64 -lmkl_sequential -lmkl_core
 id        : cuichemwisc

 Nodes             nprocs
 compute-1-31.local   12
 ga_uses_ma=false, calling ma_init with nominal heap.
 GA-space will be limited to   8.0 MW (determined by -G option)

 Using customized tuning parameters: mindgm=1; mindgv=20; mindgc=4; mindgr=1; noblas=0; minvec=7
 default implementation of scratch files=sf  

 geomtyp=xyz
 geometry={
 17
  C0          1.923803467700      -0.017759142900       0.000000000000
  N1          1.252409495800      -1.153082639800       0.000000000000
  N2          3.280756017700      -0.026187563500       0.000000000000
  N3          1.270506131500       1.129882851300       0.000000000000
  H4          3.797978734300       0.830097081700       0.000000000000
  H5          3.786548440800      -0.889261268500       0.000000000000
  H6          1.766006307100      -2.014875162400       0.000000000000
  H7          0.155974368200      -1.141295455600       0.000000000000
  H8          1.794553240500       1.984974403800       0.000000000000
  H9          0.183172416200       1.132821954000       0.000000000000
  C10        -4.368840879047      -0.011187233476       0.000000000000
  H11        -4.720206433347      -0.552452933676       0.875958756700
  H12        -4.720206433347      -0.552452933676      -0.875958756700
  C13        -2.853790513447       0.005104715424       0.000000000000
  H14        -4.770237209347       0.996493915224       0.000000000000
  O15        -2.280378238747      -1.123577681676       0.000000000000
  O16        -2.278192396547       1.129383556824       0.000000000000
 }
 
 
 basis=avtz
 
                                                                                 ! Complex
 set,charge=0
 
 df-hf
 e_rhf_c = energy*tokcal
 df-mp2
 e_corr_c = energy*tokcal
 e_c = e_corr_c - e_rhf_c
 
 
                                                                                 ! Monomer 1
 set,charge=1
 dummy,C10,H11,H12,C13,H14,O15,O16
 
 df-hf
 e_rhf_a = energy*tokcal
 df-mp2
 e_corr_a = energy*tokcal
 e_a = e_corr_a - e_rhf_a
 
 
                                                                                 ! Monomer 2
 set,charge=-1
 dummy,C0,N1,N2,N3,H4,H5,H6,H7,H8,H9
 
 df-hf
 e_rhf_b = energy*tokcal
 df-mp2
 e_corr_b = energy*tokcal
 e_b = e_corr_b - e_rhf_b
 
 
 e_rhf_cp = e_rhf_c - (e_rhf_a + e_rhf_b)
 e_corr_cp = e_c - (e_a + e_b)

 Variables initialized (782), CPU time= 0.01 sec
 Commands  initialized (547), CPU time= 0.01 sec, 517 directives.
 Default parameters read. Elapsed time= 0.13 sec

 Checking input...
 Passed
1


                                         ***  PROGRAM SYSTEM MOLPRO  ***
                         Copyright, University College Cardiff Consultants Limited, 2008

                                    Version 2012.1 linked Oct 11 2014 15:40:16


 **********************************************************************************************************************************
 LABEL *                                                                                 
 Linux-2.6.18-308.el5/compute-1-31.local(x86_64) 64 bit mpp version                      DATE: 11-Dec-14          TIME: 20:12:22  
 **********************************************************************************************************************************

 SHA1:             65e45729fe3f963b0eb97374e3bda9949063ef0f
 **********************************************************************************************************************************
 SETTING GEOMTYP        =    XYZ

 Turning off symmetry in density fitting calculation
 To re-enable, use 'set,zsymel=auto'


 Variable memory set to  350000000 words,  buffer space   230000 words

 SETTING BASIS          =    AVTZ
 SETTING CHARGE         =         0.00000000                                  


 Recomputing integrals since basis changed


 Using spherical harmonics

 Library entry C      S aug-cc-pVTZ          selected for orbital group  1
 Library entry C      P aug-cc-pVTZ          selected for orbital group  1
 Library entry C      D aug-cc-pVTZ          selected for orbital group  1
 Library entry C      F aug-cc-pVTZ          selected for orbital group  1
 Library entry N      S aug-cc-pVTZ          selected for orbital group  2
 Library entry N      P aug-cc-pVTZ          selected for orbital group  2
 Library entry N      D aug-cc-pVTZ          selected for orbital group  2
 Library entry N      F aug-cc-pVTZ          selected for orbital group  2
 Library entry H      S aug-cc-pVTZ          selected for orbital group  3
 Library entry H      P aug-cc-pVTZ          selected for orbital group  3
 Library entry H      D aug-cc-pVTZ          selected for orbital group  3
 Library entry O      S aug-cc-pVTZ          selected for orbital group  8
 Library entry O      P aug-cc-pVTZ          selected for orbital group  8
 Library entry O      D aug-cc-pVTZ          selected for orbital group  8
 Library entry O      F aug-cc-pVTZ          selected for orbital group  8

1PROGRAM * SEWARD (Integral evaluation for generally contracted gaussian basis sets)     Author: Roland Lindh, 1990

 Geometry written to block  1 of record 700


 Point group  C1  



 ATOMIC COORDINATES

 NR  ATOM    CHARGE       X              Y              Z

   1  C0      6.00    3.635461685   -0.033559916    0.000000000
   2  N1      7.00    2.366710951   -2.179010396    0.000000000
   3  N2      7.00    6.199730377   -0.049487323    0.000000000
   4  N3      7.00    2.400908637    2.135169150    0.000000000
   5  H4      1.00    7.177139661    1.568656147    0.000000000
   6  H5      1.00    7.155539536   -1.680460257    0.000000000
   7  H6      1.00    3.337268267   -3.807562246    0.000000000
   8  H7      1.00    0.294748839   -2.156735846    0.000000000
   9  H8      1.00    3.391214153    3.751058001    0.000000000
  10  H9      1.00    0.346145701    2.140723249    0.000000000
  11  C10     6.00   -8.255912773   -0.021140807    0.000000000
  12  H11     1.00   -8.919897443   -1.043984745    1.655322153
  13  H12     1.00   -8.919897443   -1.043984745   -1.655322153
  14  C13     6.00   -5.392882507    0.009646514    0.000000000
  15  H14     1.00   -9.014441908    1.883100591    0.000000000
  16  O15     8.00   -4.309290347   -2.123254106    0.000000000
  17  O16     8.00   -4.305159704    2.134225620    0.000000000

 Bond lengths in Bohr (Angstrom)

 1-2  2.492526065  1-3  2.564318157  1-4  2.495497343  2-7  1.895827690  2-8  2.072081839
     ( 1.318987986)     ( 1.356978725)     ( 1.320560319)     ( 1.003228806)     ( 1.096498485)

  3- 5  1.890427781   3- 6  1.890408384   4- 9  1.895204948   4-10  2.054770442  11-12  2.056009920
       ( 1.000371297)       ( 1.000361033)       ( 1.002899265)       ( 1.087337688)       ( 1.087993591)

 11-13  2.056009920  11-14  2.863195796  11-15  2.049756511  14-16  2.392370586  14-17  2.386834152
       ( 1.087993591)       ( 1.515137960)       ( 1.084684429)       ( 1.265987990)       ( 1.263058235)

 Bond angles

  1-2-7  118.60789375   1-2-8  119.98277870   1-3-5  120.77741373   1-3-6  120.72772193

  1- 4- 9  118.84696707   1- 4-10  119.80564825   2- 1- 3  120.24283517   2- 1- 4  119.75051288

  3- 1- 4  120.00665195   5- 3- 6  118.49486434   7- 2- 8  121.40932755   9- 4-10  121.34738468

 11-14-16  116.31614784  11-14-17  117.72722902  12-11-13  107.24251222  12-11-14  109.16434575

 12-11-15  110.03918169  13-11-14  109.16434575  13-11-15  110.03918169  14-11-15  111.10310363

 16-14-17  125.95662314

 NUCLEAR CHARGE:                   64
 NUMBER OF PRIMITIVE AOS:         779
 NUMBER OF SYMMETRY AOS:          689
 NUMBER OF CONTRACTIONS:          575   ( 575A   )
 NUMBER OF CORE ORBITALS:           8   (   8A   )
 NUMBER OF VALENCE ORBITALS:       41   (  41A   )


 NUCLEAR REPULSION ENERGY  357.53330936


 Eigenvalues of metric

         1 0.107E-04 0.152E-04 0.200E-04 0.326E-04 0.367E-04 0.404E-04 0.451E-04 0.469E-04


 OPERATOR DM      FOR CENTER  0  COORDINATES:    0.000000    0.000000    0.000000


 **********************************************************************************************************************************
 DATASETS  * FILE   NREC   LENGTH (MB)   RECORD NAMES
              1      18       19.90       500      610      700      900      950      970     1000      129      960     1100   
                                          VAR    BASINP    GEOM    SYMINP    ZMAT    AOBASIS   BASIS     P2S    ABASIS      S 
                                         1400     1410     1200     1210     1080     1600     1650     1700   
                                           T        V       H0       H01     AOSYM     SMH    MOLCAS    OPER   

 PROGRAMS   *        TOTAL       INT
 CPU TIMES  *         1.11      0.98
 REAL TIME  *         1.39 SEC
 DISK USED  *         0.00 MB      
 GA USED    *         0.01 MB       (max)       0.00 MB       (current)
 **********************************************************************************************************************************

1PROGRAM * RHF-SCF (CLOSED SHELL)       Authors: W. Meyer, H.-J. Werner


 NUMBER OF ELECTRONS:      32+   32-    SPACE SYMMETRY=1    SPIN SYMMETRY: Singlet 
 CONVERGENCE THRESHOLDS:    1.00E-05 (Density)    1.28E-07 (Energy)
 INTEGRAL THRESHOLDS:       1.00E-11 (Initial)    1.00E-11 (Final)
 MAX. NUMBER OF ITERATIONS:       60
 INTERPOLATION TYPE:            DIIS
 INTERPOLATION STEPS:              2 (START)      1 (STEP)
 LEVEL SHIFTS:                  0.00 (CLOSED)  0.00 (OPEN) 



 
 Basis set CC-PVTZ/JKFIT generated.      Number of basis functions:   902 
 
 Orbital guess generated from atomic densities. Full valence occupancy:   49
 Coulomb and exchange fitting
 Thresholds for fitting:       THRAO_COUL= 1.0D-14    THRAO_EXCH= 1.0D-12    THRMO= 1.0D-11    THRPROD= 1.0D-11    THRASM= 1.0D-11
                               THR2HLF=    1.0D-11

 Molecular orbital dump at record        2100.2

 ITERATION   DDIFF            GRAD            ENERGY        2-EL.EN.            DIPOLE MOMENTS         DIIS   CPU(IT)  CPU(TOT)  ORB.
    1      0.000D+00      0.000D+00      -431.89994097   1025.894979    6.38419   -0.07452   -0.00000    0      2.5      9.2     start
    2      0.000D+00      0.335D-02      -432.03001800   1017.754428    6.38747   -0.02826   -0.00000    1      1.5     10.8     diag
    3      0.385D-02      0.214D-02      -432.08123445   1020.804752    6.16190   -0.03050   -0.00000    2      1.7     12.4     diag
    4      0.138D-02      0.317D-03      -432.08378991   1020.821473    6.11206   -0.03081   -0.00000    3      1.5     14.0     diag
    5      0.390D-03      0.906D-04      -432.08400626   1020.718570    6.08337   -0.02915   -0.00000    4      1.7     15.7     diag
    6      0.979D-04      0.264D-04      -432.08403039   1020.729226    6.07641   -0.02891   -0.00000    5      1.6     17.3     diag
    7      0.364D-04      0.712D-05      -432.08403212   1020.732415    6.07433   -0.02882   -0.00000    6      1.6     18.9     diag
    8      0.100D-04      0.210D-05      -432.08403229   1020.730659    6.07384   -0.02879   -0.00000    7      1.7     20.6     diag
    9      0.297D-05      0.664D-06      -432.08403230   1020.731379    6.07368   -0.02874   -0.00000    8      1.4     22.1     diag
   10      0.984D-06      0.166D-06      -432.08403230   1020.731215    6.07370   -0.02875   -0.00000    0      1.7     23.8     orth

 Final occupancy:  32

 !RHF STATE 1.1 Energy               -432.084032301667
 Nuclear energy                       357.53330936
 One-electron energy                -1299.98294899
 Two-electron energy                  510.36560732
 Virial quotient                       -1.00238187
 !RHF STATE 1.1 Dipole moment           6.07369877    -0.02874678    -0.00000000
 Dipole moment /Debye                  15.43679132    -0.07306224    -0.00000000

 Orbital energies:

         1.1          2.1          3.1          4.1          5.1          6.1          7.1          8.1          9.1         10.1
    -20.425242   -20.422466   -15.670587   -15.654256   -15.653907   -11.464484   -11.261849   -11.152463    -1.407667    -1.295832

        11.1         12.1         13.1         14.1         15.1         16.1         17.1         18.1         19.1         20.1
     -1.262984    -1.250149    -1.191541    -0.926447    -0.914572    -0.845611    -0.831280    -0.735093    -0.713314    -0.704716

        21.1         22.1         23.1         24.1         25.1         26.1         27.1         28.1         29.1         30.1
     -0.677255    -0.641412    -0.546033    -0.545098    -0.531330    -0.501676    -0.480116    -0.478266    -0.441188    -0.336526

        31.1         32.1         33.1         34.1
     -0.335778    -0.326731    -0.009869     0.009977

 HOMO     32.1    -0.326731 =      -8.8908eV
 LUMO     33.1    -0.009869 =      -0.2685eV
 LUMO-HOMO         0.316862 =       8.6223eV


 **********************************************************************************************************************************
 DATASETS  * FILE   NREC   LENGTH (MB)   RECORD NAMES
              1      18       19.90       500      610      700      900      950      970     1000      129      960     1100   
                                          VAR    BASINP    GEOM    SYMINP    ZMAT    AOBASIS   BASIS     P2S    ABASIS      S 
                                         1400     1410     1200     1210     1080     1600     1650     1700   
                                           T        V       H0       H01     AOSYM     SMH    MOLCAS    OPER   

              2       4        8.61       700     1000      520     2100   
                                         GEOM     BASIS   MCVARS     RHF  

 PROGRAMS   *        TOTAL        HF       INT
 CPU TIMES  *        25.32     24.18      0.98
 REAL TIME  *        75.43 SEC
 DISK USED  *       613.89 MB      
 SF USED    *       145.10 MB      
 GA USED    *         3.20 MB       (max)       0.00 MB       (current)
 **********************************************************************************************************************************
 SETTING E_RHF_C        =    ***************  KCAL/MOL                        


1PROGRAM * MP2 (Closed-shell)     Authors: C. Hampel, H.-J. Werner, 1991, M. Deegan, P.J. Knowles, 1992

 Basis set AUG-CC-PVTZ/MP2FIT generated. Number of basis functions:   1262 

 Convergence thresholds:  THRVAR = 1.00D-08  THRDEN = 1.28D-06

 Number of core orbitals:           8 (   8 )
 Number of closed-shell orbitals:  24 (  24 )
 Number of external orbitals:     543 ( 543 )

 Molecular orbitals read from record     2100.2  Type=RHF/CANONICAL (state 1.1)
 

 Entering DF-MP2

 Thresholds:    THRAO= 0.100D-09    THRMO= 0.100D-08    THROV= 0.100D-11

 Fitting basis: AUG-CC-PVTZ-MP2F
 Number of fitting functions:                1262
 Number of blocks in AO basis:                  6
 Minimum block size:                           46
 Maximum block size:                          138
 Average block size:                           96
 Number of groups in AO basis:                135
 Number of shells in AO basis:                275

 Using large memory version DFMP2B. NIBTK= 1  NGPU= 0  IGPU= 0

 para=T  nprocs= 12  mpptyp=0  number of tasks=  42

 Minimum memory with paging:                  3.63 MW
 Minimum memory for incore assembly:         16.74 MW
 Maximum memory for incore algorithm:        18.87 MW
 Memory for 3-index integrals:                0.00 MW

 Disk space for H1-integrals:               140.78 MB (  1008 records)
 
 CPU time for half transformed integrals      0.91 sec, elapsed time      1.43 sec
 CPU time for assembly                        2.30 sec, elapsed time      2.62 sec (8121.2 MFLOP/sec)
 Total CPU time                               4.68 sec, elapsed time      5.53 sec

 SCS-MP2 correlation energy:           -1.599241954356   (PS=  1.200000  PT=  0.333333)
 SCS-MP2 total energy:               -433.683274256023

 Norm of first-order wave function:     0.330357690835
 Coefficient of reference function:     0.866993392553

  Reference energy                   -432.084032301667
  MP2 singlet pair energy              -1.016643575217
  MP2 triplet pair energy              -0.609540531583
  MP2 correlation energy               -1.626184106799

 !MP2 total energy                   -433.710216408466


 **********************************************************************************************************************************
 DATASETS  * FILE   NREC   LENGTH (MB)   RECORD NAMES
              1      19       19.90       500      610      700      900      950      970     1000      129      960     1100   
                                          VAR    BASINP    GEOM    SYMINP    ZMAT    AOBASIS   BASIS     P2S    ABASIS      S 
                                         1400     1410     1200     1210     1080     1600     1650     1700      960(1)
                                           T        V       H0       H01     AOSYM     SMH    MOLCAS    OPER    ABASIS    

              2       4        8.61       700     1000      520     2100   
                                         GEOM     BASIS   MCVARS     RHF  

 PROGRAMS   *        TOTAL       MP2        HF       INT
 CPU TIMES  *        30.89      5.55     24.18      0.98
 REAL TIME  *        83.97 SEC
 DISK USED  *       613.89 MB      
 SF USED    *       545.19 MB      
 GA USED    *         3.20 MB       (max)       0.00 MB       (current)
 **********************************************************************************************************************************
 SETTING E_CORR_C       =    ***************  KCAL/MOL                        
 SETTING E_C            =     -1020.44613838  KCAL/MOL                        
 SETTING CHARGE         =         1.00000000                                  

 Dummy atoms: C10  H11  H12  C13  H14  O15  O16


 Recomputing one-electron integrals since nuclear charges changed

1PROGRAM * SEWARD (Integral evaluation for generally contracted gaussian basis sets)     Author: Roland Lindh, 1990

 Geometry written to block  1 of record 700


 Point group  C1  



 ATOMIC COORDINATES

 NR  ATOM    CHARGE       X              Y              Z

   1  C0      6.00    3.635461685   -0.033559916    0.000000000
   2  N1      7.00    2.366710951   -2.179010396    0.000000000
   3  N2      7.00    6.199730377   -0.049487323    0.000000000
   4  N3      7.00    2.400908637    2.135169150    0.000000000
   5  H4      1.00    7.177139661    1.568656147    0.000000000
   6  H5      1.00    7.155539536   -1.680460257    0.000000000
   7  H6      1.00    3.337268267   -3.807562246    0.000000000
   8  H7      1.00    0.294748839   -2.156735846    0.000000000
   9  H8      1.00    3.391214153    3.751058001    0.000000000
  10  H9      1.00    0.346145701    2.140723249    0.000000000
  11  C10     0.00   -8.255912773   -0.021140807    0.000000000
  12  H11     0.00   -8.919897443   -1.043984745    1.655322153
  13  H12     0.00   -8.919897443   -1.043984745   -1.655322153
  14  C13     0.00   -5.392882507    0.009646514    0.000000000
  15  H14     0.00   -9.014441908    1.883100591    0.000000000
  16  O15     0.00   -4.309290347   -2.123254106    0.000000000
  17  O16     0.00   -4.305159704    2.134225620    0.000000000

 Bond lengths in Bohr (Angstrom)

 1-2  2.492526065  1-3  2.564318157  1-4  2.495497343  2-7  1.895827690  2-8  2.072081839
     ( 1.318987986)     ( 1.356978725)     ( 1.320560319)     ( 1.003228806)     ( 1.096498485)

  3- 5  1.890427781   3- 6  1.890408384   4- 9  1.895204948   4-10  2.054770442  11-12  2.056009920
       ( 1.000371297)       ( 1.000361033)       ( 1.002899265)       ( 1.087337688)       ( 1.087993591)

 11-13  2.056009920  11-14  2.863195796  11-15  2.049756511  14-16  2.392370586  14-17  2.386834152
       ( 1.087993591)       ( 1.515137960)       ( 1.084684429)       ( 1.265987990)       ( 1.263058235)

 Bond angles

  1-2-7  118.60789375   1-2-8  119.98277870   1-3-5  120.77741373   1-3-6  120.72772193

  1- 4- 9  118.84696707   1- 4-10  119.80564825   2- 1- 3  120.24283517   2- 1- 4  119.75051288

  3- 1- 4  120.00665195   5- 3- 6  118.49486434   7- 2- 8  121.40932755   9- 4-10  121.34738468

 11-14-16  116.31614784  11-14-17  117.72722902  12-11-13  107.24251222  12-11-14  109.16434575

 12-11-15  110.03918169  13-11-14  109.16434575  13-11-15  110.03918169  14-11-15  111.10310363

 16-14-17  125.95662314

 NUCLEAR CHARGE:                   33
 NUMBER OF PRIMITIVE AOS:         779
 NUMBER OF SYMMETRY AOS:          689
 NUMBER OF CONTRACTIONS:          575   ( 575A   )
 NUMBER OF CORE ORBITALS:           4   (   4A   )
 NUMBER OF VALENCE ORBITALS:       22   (  22A   )

 MOLECULE CHANGED: INITIALIZING OCCUPATION AND DUMP RECORDS


 NUCLEAR REPULSION ENERGY  133.16490707


 Eigenvalues of metric

         1 0.107E-04 0.152E-04 0.200E-04 0.326E-04 0.367E-04 0.404E-04 0.451E-04 0.469E-04


 OPERATOR DM      FOR CENTER  0  COORDINATES:    0.000000    0.000000    0.000000


 **********************************************************************************************************************************
 DATASETS  * FILE   NREC   LENGTH (MB)   RECORD NAMES
              1      19       19.90       500      610      700      900      950      970     1000      129      960     1100   
                                          VAR    BASINP    GEOM    SYMINP    ZMAT    AOBASIS   BASIS     P2S    ABASIS      S 
                                         1400     1410     1200     1210     1080     1600     1650     1700      960(1)
                                           T        V       H0       H01     AOSYM     SMH    MOLCAS    OPER    ABASIS    

              2       4        8.61       700     1000      520     2100   
                                         GEOM     BASIS   MCVARS     RHF  

 PROGRAMS   *        TOTAL       INT       MP2        HF       INT
 CPU TIMES  *        31.71      0.82      5.55     24.18      0.98
 REAL TIME  *        85.34 SEC
 DISK USED  *       613.89 MB      
 SF USED    *       545.19 MB      
 GA USED    *         3.20 MB       (max)       0.00 MB       (current)
 **********************************************************************************************************************************

1PROGRAM * RHF-SCF (CLOSED SHELL)       Authors: W. Meyer, H.-J. Werner


 NUMBER OF ELECTRONS:      16+   16-    SPACE SYMMETRY=1    SPIN SYMMETRY: Singlet 
 CONVERGENCE THRESHOLDS:    1.00E-05 (Density)    1.00E-07 (Energy)
 INTEGRAL THRESHOLDS:       1.00E-11 (Initial)    1.00E-11 (Final)
 MAX. NUMBER OF ITERATIONS:       60
 INTERPOLATION TYPE:            DIIS
 INTERPOLATION STEPS:              2 (START)      1 (STEP)
 LEVEL SHIFTS:                  0.00 (CLOSED)  0.00 (OPEN) 



 
 Basis set CC-PVTZ/JKFIT generated.      Number of basis functions:   902 
 
 Orbital guess generated from atomic densities. Full valence occupancy:   26
 Coulomb and exchange fitting
 Thresholds for fitting:       THRAO_COUL= 1.0D-14    THRAO_EXCH= 1.0D-12    THRMO= 1.0D-11    THRPROD= 1.0D-11    THRASM= 1.0D-11
                               THR2HLF=    1.0D-11

 Molecular orbital dump at record        2101.2

 ITERATION   DDIFF            GRAD            ENERGY        2-EL.EN.            DIPOLE MOMENTS         DIIS   CPU(IT)  CPU(TOT)  ORB.
    1      0.000D+00      0.000D+00      -204.54319884    390.430115    3.33823   -0.03871   -0.00000    0      1.9     13.1     start
    2      0.000D+00      0.228D-02      -204.59314727    391.508958    3.46896   -0.03514    0.00000    1      1.3     14.4     diag
    3      0.186D-02      0.700D-03      -204.59798777    391.356744    3.46572   -0.03624    0.00000    2      1.2     15.6     diag
    4      0.517D-03      0.313D-03      -204.59890047    391.435650    3.47830   -0.03551    0.00000    3      1.5     17.1     diag
    5      0.182D-03      0.461D-04      -204.59895140    391.434754    3.47977   -0.03556   -0.00000    4      1.3     18.4     diag
    6      0.456D-04      0.138D-04      -204.59895548    391.431561    3.48117   -0.03542    0.00000    5      1.3     19.7     diag
    7      0.149D-04      0.541D-05      -204.59895587    391.432619    3.48071   -0.03547    0.00000    6      1.2     20.9     diag
    8      0.469D-05      0.135D-05      -204.59895590    391.432921    3.48089   -0.03545    0.00000    7      1.3     22.2     diag
    9      0.136D-05      0.152D-06      -204.59895590    391.432783    3.48087   -0.03545    0.00000    0      1.3     23.5     orth

 Final occupancy:  16

 !RHF STATE 1.1 Energy               -204.598955898009
 Nuclear energy                       133.16490707
 One-electron energy                 -533.48025458
 Two-electron energy                  195.71639161
 Virial quotient                       -1.00286475
 !RHF STATE 1.1 Dipole moment           3.48086513    -0.03545080     0.00000000
 Dipole moment /Debye                   8.84689719    -0.09010105     0.00000000

 Orbital energies:

         1.1          2.1          3.1          4.1          5.1          6.1          7.1          8.1          9.1         10.1
    -15.805531   -15.804422   -15.793625   -11.605181    -1.547182    -1.396837    -1.394058    -1.065777    -0.984797    -0.966905

        11.1         12.1         13.1         14.1         15.1         16.1         17.1         18.1
     -0.870658    -0.860888    -0.851947    -0.815843    -0.630470    -0.629616    -0.105849    -0.081593

 HOMO     16.1    -0.629616 =     -17.1327eV
 LUMO     17.1    -0.105849 =      -2.8803eV
 LUMO-HOMO         0.523767 =      14.2524eV


 **********************************************************************************************************************************
 DATASETS  * FILE   NREC   LENGTH (MB)   RECORD NAMES
              1      19       19.97       500      610      700      900      950      970     1000      129      960     1100   
                                          VAR    BASINP    GEOM    SYMINP    ZMAT    AOBASIS   BASIS     P2S    ABASIS      S 
                                         1400     1410     1200     1210     1080     1600     1650     1700      960(1)
                                           T        V       H0       H01     AOSYM     SMH    MOLCAS    OPER    ABASIS    

              2       5       21.90       700     1000      520     2100     2101   
                                         GEOM     BASIS   MCVARS     RHF      RHF  

 PROGRAMS   *        TOTAL        HF       INT       MP2        HF       INT
 CPU TIMES  *        55.44     23.72      0.82      5.55     24.18      0.98
 REAL TIME  *       182.36 SEC
 DISK USED  *       758.28 MB      
 SF USED    *       545.19 MB      
 GA USED    *         3.20 MB       (max)       0.00 MB       (current)
 **********************************************************************************************************************************
 SETTING E_RHF_A        =    ***************  KCAL/MOL                        


1PROGRAM * MP2 (Closed-shell)     Authors: C. Hampel, H.-J. Werner, 1991, M. Deegan, P.J. Knowles, 1992

 Basis set AUG-CC-PVTZ/MP2FIT generated. Number of basis functions:   1262 

 Convergence thresholds:  THRVAR = 1.00D-08  THRDEN = 1.00D-06

 Number of core orbitals:           4 (   4 )
 Number of closed-shell orbitals:  12 (  12 )
 Number of external orbitals:     559 ( 559 )

 Molecular orbitals read from record     2101.2  Type=RHF/CANONICAL (state 1.1)
 

 Entering DF-MP2

 Thresholds:    THRAO= 0.100D-09    THRMO= 0.100D-08    THROV= 0.100D-11

 Fitting basis: AUG-CC-PVTZ-MP2F
 Number of fitting functions:                1262
 Number of blocks in AO basis:                  6
 Minimum block size:                           46
 Maximum block size:                          138
 Average block size:                           96
 Number of groups in AO basis:                135
 Number of shells in AO basis:                275

 Using large memory version DFMP2B. NIBTK= 1  NGPU= 0  IGPU= 0

 para=T  nprocs= 12  mpptyp=0  number of tasks=  42

 Minimum memory with paging:                  3.67 MW
 Minimum memory for incore assembly:          8.78 MW
 Maximum memory for incore algorithm:        10.07 MW
 Memory for 3-index integrals:                0.00 MW

 Disk space for H1-integrals:                70.39 MB (   504 records)
 
 CPU time for half transformed integrals      0.72 sec, elapsed time      0.73 sec
 CPU time for assembly                        0.51 sec, elapsed time      1.30 sec (7763.0 MFLOP/sec)
 Total CPU time                               2.75 sec, elapsed time      3.69 sec

 SCS-MP2 correlation energy:           -0.781381262152   (PS=  1.200000  PT=  0.333333)
 SCS-MP2 total energy:               -205.380337160161

 Norm of first-order wave function:     0.161142519243
 Coefficient of reference function:     0.928019785921

  Reference energy                   -204.598955898010
  MP2 singlet pair energy              -0.501455939224
  MP2 triplet pair energy              -0.288697717097
  MP2 correlation energy               -0.790153656321

 !MP2 total energy                   -205.389109554331


 **********************************************************************************************************************************
 DATASETS  * FILE   NREC   LENGTH (MB)   RECORD NAMES
              1      19       19.97       500      610      700      900      950      970     1000      129      960     1100   
                                          VAR    BASINP    GEOM    SYMINP    ZMAT    AOBASIS   BASIS     P2S    ABASIS      S 
                                         1400     1410     1200     1210     1080     1600     1650     1700      960(1)
                                           T        V       H0       H01     AOSYM     SMH    MOLCAS    OPER    ABASIS    

              2       5       21.90       700     1000      520     2100     2101   
                                         GEOM     BASIS   MCVARS     RHF      RHF  

 PROGRAMS   *        TOTAL       MP2        HF       INT       MP2        HF       INT
 CPU TIMES  *        58.68      3.24     23.72      0.82      5.55     24.18      0.98
 REAL TIME  *       187.07 SEC
 DISK USED  *       758.28 MB      
 SF USED    *       545.19 MB      
 GA USED    *         3.20 MB       (max)       0.00 MB       (current)
 **********************************************************************************************************************************
 SETTING E_CORR_A       =    ***************  KCAL/MOL                        
 SETTING E_A            =      -495.82900482  KCAL/MOL                        
 SETTING CHARGE         =        -1.00000000                                  

 Dummy atoms: C0  N1  N2  N3  H4  H5  H6  H7  H8  H9


 Recomputing one-electron integrals since nuclear charges changed

1PROGRAM * SEWARD (Integral evaluation for generally contracted gaussian basis sets)     Author: Roland Lindh, 1990

 Geometry written to block  1 of record 700


 Point group  C1  



 ATOMIC COORDINATES

 NR  ATOM    CHARGE       X              Y              Z

   1  C0      0.00    3.635461685   -0.033559916    0.000000000
   2  N1      0.00    2.366710951   -2.179010396    0.000000000
   3  N2      0.00    6.199730377   -0.049487323    0.000000000
   4  N3      0.00    2.400908637    2.135169150    0.000000000
   5  H4      0.00    7.177139661    1.568656147    0.000000000
   6  H5      0.00    7.155539536   -1.680460257    0.000000000
   7  H6      0.00    3.337268267   -3.807562246    0.000000000
   8  H7      0.00    0.294748839   -2.156735846    0.000000000
   9  H8      0.00    3.391214153    3.751058001    0.000000000
  10  H9      0.00    0.346145701    2.140723249    0.000000000
  11  C10     6.00   -8.255912773   -0.021140807    0.000000000
  12  H11     1.00   -8.919897443   -1.043984745    1.655322153
  13  H12     1.00   -8.919897443   -1.043984745   -1.655322153
  14  C13     6.00   -5.392882507    0.009646514    0.000000000
  15  H14     1.00   -9.014441908    1.883100591    0.000000000
  16  O15     8.00   -4.309290347   -2.123254106    0.000000000
  17  O16     8.00   -4.305159704    2.134225620    0.000000000

 Bond lengths in Bohr (Angstrom)

 1-2  2.492526065  1-3  2.564318157  1-4  2.495497343  2-7  1.895827690  2-8  2.072081839
     ( 1.318987986)     ( 1.356978725)     ( 1.320560319)     ( 1.003228806)     ( 1.096498485)

  3- 5  1.890427781   3- 6  1.890408384   4- 9  1.895204948   4-10  2.054770442  11-12  2.056009920
       ( 1.000371297)       ( 1.000361033)       ( 1.002899265)       ( 1.087337688)       ( 1.087993591)

 11-13  2.056009920  11-14  2.863195796  11-15  2.049756511  14-16  2.392370586  14-17  2.386834152
       ( 1.087993591)       ( 1.515137960)       ( 1.084684429)       ( 1.265987990)       ( 1.263058235)

 Bond angles

  1-2-7  118.60789375   1-2-8  119.98277870   1-3-5  120.77741373   1-3-6  120.72772193

  1- 4- 9  118.84696707   1- 4-10  119.80564825   2- 1- 3  120.24283517   2- 1- 4  119.75051288

  3- 1- 4  120.00665195   5- 3- 6  118.49486434   7- 2- 8  121.40932755   9- 4-10  121.34738468

 11-14-16  116.31614784  11-14-17  117.72722902  12-11-13  107.24251222  12-11-14  109.16434575

 12-11-15  110.03918169  13-11-14  109.16434575  13-11-15  110.03918169  14-11-15  111.10310363

 16-14-17  125.95662314

 NUCLEAR CHARGE:                   31
 NUMBER OF PRIMITIVE AOS:         779
 NUMBER OF SYMMETRY AOS:          689
 NUMBER OF CONTRACTIONS:          575   ( 575A   )
 NUMBER OF CORE ORBITALS:           4   (   4A   )
 NUMBER OF VALENCE ORBITALS:       19   (  19A   )

 MOLECULE CHANGED: INITIALIZING OCCUPATION AND DUMP RECORDS


 NUCLEAR REPULSION ENERGY  112.20397935


 Eigenvalues of metric

         1 0.107E-04 0.152E-04 0.200E-04 0.326E-04 0.367E-04 0.404E-04 0.451E-04 0.469E-04


 OPERATOR DM      FOR CENTER  0  COORDINATES:    0.000000    0.000000    0.000000


 **********************************************************************************************************************************
 DATASETS  * FILE   NREC   LENGTH (MB)   RECORD NAMES
              1      19       19.97       500      610      700      900      950      970     1000      129      960     1100   
                                          VAR    BASINP    GEOM    SYMINP    ZMAT    AOBASIS   BASIS     P2S    ABASIS      S 
                                         1400     1410     1200     1210     1080     1600     1650     1700      960(1)
                                           T        V       H0       H01     AOSYM     SMH    MOLCAS    OPER    ABASIS    

              2       5       21.90       700     1000      520     2100     2101   
                                         GEOM     BASIS   MCVARS     RHF      RHF  

 PROGRAMS   *        TOTAL       INT       MP2        HF       INT       MP2        HF       INT
 CPU TIMES  *        59.60      0.92      3.24     23.72      0.82      5.55     24.18      0.98
 REAL TIME  *       188.53 SEC
 DISK USED  *       758.28 MB      
 SF USED    *       545.19 MB      
 GA USED    *         3.20 MB       (max)       0.00 MB       (current)
 **********************************************************************************************************************************

1PROGRAM * RHF-SCF (CLOSED SHELL)       Authors: W. Meyer, H.-J. Werner


 NUMBER OF ELECTRONS:      16+   16-    SPACE SYMMETRY=1    SPIN SYMMETRY: Singlet 
 CONVERGENCE THRESHOLDS:    1.00E-05 (Density)    1.00E-07 (Energy)
 INTEGRAL THRESHOLDS:       1.00E-11 (Initial)    1.00E-11 (Final)
 MAX. NUMBER OF ITERATIONS:       60
 INTERPOLATION TYPE:            DIIS
 INTERPOLATION STEPS:              2 (START)      1 (STEP)
 LEVEL SHIFTS:                  0.00 (CLOSED)  0.00 (OPEN) 



 
 Basis set CC-PVTZ/JKFIT generated.      Number of basis functions:   902 
 
 Orbital guess generated from atomic densities. Full valence occupancy:   23
 Coulomb and exchange fitting
 Thresholds for fitting:       THRAO_COUL= 1.0D-14    THRAO_EXCH= 1.0D-12    THRMO= 1.0D-11    THRPROD= 1.0D-11    THRASM= 1.0D-11
                               THR2HLF=    1.0D-11

 Molecular orbital dump at record        2102.2

 ITERATION   DDIFF            GRAD            ENERGY        2-EL.EN.            DIPOLE MOMENTS         DIIS   CPU(IT)  CPU(TOT)  ORB.
    1      0.000D+00      0.000D+00      -227.18970673    410.297909    3.18057   -0.03672   -0.00000    0      2.4      7.4     start
    2      0.000D+00      0.417D-02      -227.27446982    401.005021    4.26918    0.00549   -0.00000    1      1.6      8.9     diag
    3      0.346D-02      0.304D-02      -227.32600171    404.012997    3.97736    0.00574   -0.00000    2      1.4     10.3     diag
    4      0.132D-02      0.290D-03      -227.32722074    404.205064    3.99398    0.00524    0.00000    3      1.2     11.5     diag
    5      0.310D-03      0.974D-04      -227.32736842    404.070192    3.98976    0.00735   -0.00000    4      1.3     12.8     diag
    6      0.807D-04      0.259D-04      -227.32738012    404.088646    3.98954    0.00769   -0.00000    5      1.3     14.1     diag
    7      0.294D-04      0.463D-05      -227.32738065    404.084973    3.98908    0.00800   -0.00000    6      1.3     15.4     diag
    8      0.602D-05      0.129D-05      -227.32738068    404.086393    3.98897    0.00795   -0.00000    7      1.3     16.7     diag
    9      0.160D-05      0.533D-06      -227.32738069    404.085982    3.98901    0.00813   -0.00000    0      1.4     18.1     orth

 Final occupancy:  16

 !RHF STATE 1.1 Energy               -227.327380685963
 Nuclear energy                       112.20397935
 One-electron energy                 -541.57435112
 Two-electron energy                  202.04299109
 Virial quotient                       -1.00135804
 !RHF STATE 1.1 Dipole moment           3.98901038     0.00812759    -0.00000000
 Dipole moment /Debye                  10.13838901     0.02065692    -0.00000000

 Orbital energies:

         1.1          2.1          3.1          4.1          5.1          6.1          7.1          8.1          9.1         10.1
    -20.283881   -20.280251   -11.127187   -11.044541    -1.154893    -1.050403    -0.802290    -0.512360    -0.419213    -0.415800

        11.1         12.1         13.1         14.1         15.1         16.1         17.1         18.1
     -0.412163    -0.355030    -0.311122    -0.197536    -0.195012    -0.182502     0.094049     0.113891

 HOMO     16.1    -0.182502 =      -4.9661eV
 LUMO     17.1     0.094049 =       2.5592eV
 LUMO-HOMO         0.276551 =       7.5253eV


 **********************************************************************************************************************************
 DATASETS  * FILE   NREC   LENGTH (MB)   RECORD NAMES
              1      19       19.97       500      610      700      900      950      970     1000      129      960     1100   
                                          VAR    BASINP    GEOM    SYMINP    ZMAT    AOBASIS   BASIS     P2S    ABASIS      S 
                                         1400     1410     1200     1210     1080     1600     1650     1700      960(1)
                                           T        V       H0       H01     AOSYM     SMH    MOLCAS    OPER    ABASIS    

              2       6       35.19       700     1000      520     2100     2101     2102   
                                         GEOM     BASIS   MCVARS     RHF      RHF      RHF  

 PROGRAMS   *        TOTAL        HF       INT       MP2        HF       INT       MP2        HF       INT
 CPU TIMES  *        78.08     18.48      0.92      3.24     23.72      0.82      5.55     24.18      0.98
 REAL TIME  *       280.12 SEC
 DISK USED  *       917.80 MB      
 SF USED    *       545.19 MB      
 GA USED    *         3.20 MB       (max)       0.00 MB       (current)
 **********************************************************************************************************************************
 SETTING E_RHF_B        =    ***************  KCAL/MOL                        


1PROGRAM * MP2 (Closed-shell)     Authors: C. Hampel, H.-J. Werner, 1991, M. Deegan, P.J. Knowles, 1992

 Basis set AUG-CC-PVTZ/MP2FIT generated. Number of basis functions:   1262 

 Convergence thresholds:  THRVAR = 1.00D-08  THRDEN = 1.00D-06

 Number of core orbitals:           4 (   4 )
 Number of closed-shell orbitals:  12 (  12 )
 Number of external orbitals:     559 ( 559 )

 Molecular orbitals read from record     2102.2  Type=RHF/CANONICAL (state 1.1)
 

 Entering DF-MP2

 Thresholds:    THRAO= 0.100D-09    THRMO= 0.100D-08    THROV= 0.100D-11

 Fitting basis: AUG-CC-PVTZ-MP2F
 Number of fitting functions:                1262
 Number of blocks in AO basis:                  6
 Minimum block size:                           46
 Maximum block size:                          138
 Average block size:                           96
 Number of groups in AO basis:                135
 Number of shells in AO basis:                275

 Using large memory version DFMP2B. NIBTK= 1  NGPU= 0  IGPU= 0

 para=T  nprocs= 12  mpptyp=0  number of tasks=  42

 Minimum memory with paging:                  3.67 MW
 Minimum memory for incore assembly:          8.78 MW
 Maximum memory for incore algorithm:        10.07 MW
 Memory for 3-index integrals:                0.00 MW

 Disk space for H1-integrals:                70.39 MB (   504 records)
 
 CPU time for half transformed integrals      0.74 sec, elapsed time      0.75 sec
 CPU time for assembly                        0.64 sec, elapsed time      1.29 sec (7423.4 MFLOP/sec)
 Total CPU time                               3.34 sec, elapsed time      4.15 sec

 SCS-MP2 correlation energy:           -0.815975434214   (PS=  1.200000  PT=  0.333333)
 SCS-MP2 total energy:               -228.143356120175

 Norm of first-order wave function:     0.169300664641
 Coefficient of reference function:     0.924776748302

  Reference energy                   -227.327380685961
  MP2 singlet pair energy              -0.515176178243
  MP2 triplet pair energy              -0.317835032661
  MP2 correlation energy               -0.833011210904

 !MP2 total energy                   -228.160391896865


 **********************************************************************************************************************************
 DATASETS  * FILE   NREC   LENGTH (MB)   RECORD NAMES
              1      19       19.97       500      610      700      900      950      970     1000      129      960     1100   
                                          VAR    BASINP    GEOM    SYMINP    ZMAT    AOBASIS   BASIS     P2S    ABASIS      S 
                                         1400     1410     1200     1210     1080     1600     1650     1700      960(1)
                                           T        V       H0       H01     AOSYM     SMH    MOLCAS    OPER    ABASIS    

              2       6       35.19       700     1000      520     2100     2101     2102   
                                         GEOM     BASIS   MCVARS     RHF      RHF      RHF  

 PROGRAMS   *        TOTAL       MP2        HF       INT       MP2        HF       INT       MP2        HF       INT
 CPU TIMES  *        81.92      3.83     18.48      0.92      3.24     23.72      0.82      5.55     24.18      0.98
 REAL TIME  *       285.15 SEC
 DISK USED  *       917.80 MB      
 SF USED    *       545.19 MB      
 GA USED    *         3.20 MB       (max)       0.00 MB       (current)
 **********************************************************************************************************************************
 SETTING E_CORR_B       =    ***************  KCAL/MOL                        
 SETTING E_B            =      -522.72253175  KCAL/MOL                        
 SETTING E_RHF_CP       =       -98.95557673  KCAL/MOL                        
 SETTING E_CORR_CP      =        -1.89460182  KCAL/MOL                        

        DF-MP2          DF-HF           DF-MP2          DF-HF           DF-MP2          DF-HF   
   -228.16039190   -227.32738069   -205.38910955   -204.59895590   -433.71021641   -432.08403230
 **********************************************************************************************************************************
 Variable memory released
