
 Primary working directories    : /scratch/1723286.phoenix.chem.wisc.edu
 Secondary working directories  : /scratch/1723286.phoenix.chem.wisc.edu
 Wavefunction directory         : /scratch/1723286.phoenix.chem.wisc.edu/
 Main file repository           : /scratch/1723286.phoenix.chem.wisc.edu/

 SHA1      : 65e45729fe3f963b0eb97374e3bda9949063ef0f
 NAME      : 2012.1.17
 ARCHNAME  : Linux/x86_64
 FC        : /opt/intel/composer_xe_2013.5.192/bin/intel64/ifort
 FCVERSION : 13.1.3
 BLASLIB   : -L/opt/intel/composer_xe_2013.5.192/mkl/lib/intel64 -lmkl_intel_ilp64 -lmkl_sequential -lmkl_core
 id        : cuichemwisc

 Nodes             nprocs
 compute-1-35.local   12
 ga_uses_ma=false, calling ma_init with nominal heap.
 GA-space will be limited to   8.0 MW (determined by -G option)

 Using customized tuning parameters: mindgm=1; mindgv=20; mindgc=4; mindgr=1; noblas=0; minvec=7
 default implementation of scratch files=sf  

 geomtyp=xyz
 geometry={
 17
  C0          1.923803467700      -0.017759142900       0.000000000000
  N1          1.252409495800      -1.153082639800       0.000000000000
  N2          3.280756017700      -0.026187563500       0.000000000000
  N3          1.270506131500       1.129882851300       0.000000000000
  H4          3.797978734300       0.830097081700       0.000000000000
  H5          3.786548440800      -0.889261268500       0.000000000000
  H6          1.766006307100      -2.014875162400       0.000000000000
  H7          0.155974368200      -1.141295455600       0.000000000000
  H8          1.794553240500       1.984974403800       0.000000000000
  H9          0.183172416200       1.132821954000       0.000000000000
  C10        -7.295286786486      -0.002075525103       0.000000000000
  H11        -7.646652340786      -0.543341225303       0.875958756700
  H12        -7.646652340786      -0.543341225303      -0.875958756700
  C13        -5.780236420886       0.014216423797       0.000000000000
  H14        -7.696683116786       1.005605623597       0.000000000000
  O15        -5.206824146186      -1.114465973303       0.000000000000
  O16        -5.204638303986       1.138495265197       0.000000000000
 }
 
 
 basis=avdz
 
                                                                                 ! Complex
 set,charge=0
 
 df-hf
 e_rhf_c = energy*tokcal
 df-mp2
 e_corr_c = energy*tokcal
 e_c = e_corr_c - e_rhf_c
 
 
                                                                                 ! Monomer 1
 set,charge=1
 dummy,C10,H11,H12,C13,H14,O15,O16
 
 df-hf
 e_rhf_a = energy*tokcal
 df-mp2
 e_corr_a = energy*tokcal
 e_a = e_corr_a - e_rhf_a
 
 
                                                                                 ! Monomer 2
 set,charge=-1
 dummy,C0,N1,N2,N3,H4,H5,H6,H7,H8,H9
 
 df-hf
 e_rhf_b = energy*tokcal
 df-mp2
 e_corr_b = energy*tokcal
 e_b = e_corr_b - e_rhf_b
 
 
 e_rhf_cp = e_rhf_c - (e_rhf_a + e_rhf_b)
 e_corr_cp = e_c - (e_a + e_b)

 Variables initialized (782), CPU time= 0.01 sec
 Commands  initialized (547), CPU time= 0.01 sec, 517 directives.
 Default parameters read. Elapsed time= 0.13 sec

 Checking input...
 Passed
1


                                         ***  PROGRAM SYSTEM MOLPRO  ***
                         Copyright, University College Cardiff Consultants Limited, 2008

                                    Version 2012.1 linked Oct 11 2014 15:40:16


 **********************************************************************************************************************************
 LABEL *                                                                                 
 Linux-2.6.18-308.el5/compute-1-35.local(x86_64) 64 bit mpp version                      DATE: 11-Dec-14          TIME: 19:34:49  
 **********************************************************************************************************************************

 SHA1:             65e45729fe3f963b0eb97374e3bda9949063ef0f
 **********************************************************************************************************************************
 SETTING GEOMTYP        =    XYZ

 Turning off symmetry in density fitting calculation
 To re-enable, use 'set,zsymel=auto'


 Variable memory set to  350000000 words,  buffer space   230000 words

 SETTING BASIS          =    AVDZ
 SETTING CHARGE         =         0.00000000                                  


 Recomputing integrals since basis changed


 Using spherical harmonics

 Library entry C      S aug-cc-pVDZ          selected for orbital group  1
 Library entry C      P aug-cc-pVDZ          selected for orbital group  1
 Library entry C      D aug-cc-pVDZ          selected for orbital group  1
 Library entry N      S aug-cc-pVDZ          selected for orbital group  2
 Library entry N      P aug-cc-pVDZ          selected for orbital group  2
 Library entry N      D aug-cc-pVDZ          selected for orbital group  2
 Library entry H      S aug-cc-pVDZ          selected for orbital group  3
 Library entry H      P aug-cc-pVDZ          selected for orbital group  3
 Library entry O      S aug-cc-pVDZ          selected for orbital group  8
 Library entry O      P aug-cc-pVDZ          selected for orbital group  8
 Library entry O      D aug-cc-pVDZ          selected for orbital group  8

1PROGRAM * SEWARD (Integral evaluation for generally contracted gaussian basis sets)     Author: Roland Lindh, 1990

 Geometry written to block  1 of record 700


 Point group  C1  



 ATOMIC COORDINATES

 NR  ATOM    CHARGE       X              Y              Z

   1  C0      6.00    3.635461685   -0.033559916    0.000000000
   2  N1      7.00    2.366710951   -2.179010396    0.000000000
   3  N2      7.00    6.199730377   -0.049487323    0.000000000
   4  N3      7.00    2.400908637    2.135169150    0.000000000
   5  H4      1.00    7.177139661    1.568656147    0.000000000
   6  H5      1.00    7.155539536   -1.680460257    0.000000000
   7  H6      1.00    3.337268267   -3.807562246    0.000000000
   8  H7      1.00    0.294748839   -2.156735846    0.000000000
   9  H8      1.00    3.391214153    3.751058001    0.000000000
  10  H9      1.00    0.346145701    2.140723249    0.000000000
  11  C10     6.00  -13.786094077   -0.003922174    0.000000000
  12  H11     1.00  -14.450078746   -1.026766112    1.655322153
  13  H12     1.00  -14.450078746   -1.026766112   -1.655322153
  14  C13     6.00  -10.923063810    0.026865148    0.000000000
  15  H14     1.00  -14.544623211    1.900319225    0.000000000
  16  O15     8.00   -9.839471651   -2.106035472    0.000000000
  17  O16     8.00   -9.835341008    2.151444253    0.000000000

 Bond lengths in Bohr (Angstrom)

 1-2  2.492526065  1-3  2.564318157  1-4  2.495497343  2-7  1.895827690  2-8  2.072081839
     ( 1.318987986)     ( 1.356978725)     ( 1.320560319)     ( 1.003228806)     ( 1.096498485)

  3- 5  1.890427781   3- 6  1.890408384   4- 9  1.895204948   4-10  2.054770442  11-12  2.056009920
       ( 1.000371297)       ( 1.000361033)       ( 1.002899265)       ( 1.087337688)       ( 1.087993591)

 11-13  2.056009920  11-14  2.863195796  11-15  2.049756511  14-16  2.392370586  14-17  2.386834152
       ( 1.087993591)       ( 1.515137960)       ( 1.084684429)       ( 1.265987990)       ( 1.263058235)

 Bond angles

  1-2-7  118.60789375   1-2-8  119.98277870   1-3-5  120.77741373   1-3-6  120.72772193

  1- 4- 9  118.84696707   1- 4-10  119.80564825   2- 1- 3  120.24283517   2- 1- 4  119.75051288

  3- 1- 4  120.00665195   5- 3- 6  118.49486434   7- 2- 8  121.40932755   9- 4-10  121.34738468

 11-14-16  116.31614784  11-14-17  117.72722902  12-11-13  107.24251222  12-11-14  109.16434575

 12-11-15  110.03918169  13-11-14  109.16434575  13-11-15  110.03918169  14-11-15  111.10310363

 16-14-17  125.95662314

 NUCLEAR CHARGE:                   64
 NUMBER OF PRIMITIVE AOS:         395
 NUMBER OF SYMMETRY AOS:          379
 NUMBER OF CONTRACTIONS:          265   ( 265A   )
 NUMBER OF CORE ORBITALS:           8   (   8A   )
 NUMBER OF VALENCE ORBITALS:       41   (  41A   )


 NUCLEAR REPULSION ENERGY  314.88160385


 Eigenvalues of metric

         1 0.889E-04 0.124E-03 0.183E-03 0.195E-03 0.218E-03 0.231E-03 0.381E-03 0.401E-03


 OPERATOR DM      FOR CENTER  0  COORDINATES:    0.000000    0.000000    0.000000


 **********************************************************************************************************************************
 DATASETS  * FILE   NREC   LENGTH (MB)   RECORD NAMES
              1      18       10.42       500      610      700      900      950      970     1000      129      960     1100   
                                          VAR    BASINP    GEOM    SYMINP    ZMAT    AOBASIS   BASIS     P2S    ABASIS      S 
                                         1400     1410     1200     1210     1080     1600     1650     1700   
                                           T        V       H0       H01     AOSYM     SMH    MOLCAS    OPER   

 PROGRAMS   *        TOTAL       INT
 CPU TIMES  *         0.29      0.15
 REAL TIME  *         0.70 SEC
 DISK USED  *         0.00 MB      
 GA USED    *         0.01 MB       (max)       0.00 MB       (current)
 **********************************************************************************************************************************

1PROGRAM * RHF-SCF (CLOSED SHELL)       Authors: W. Meyer, H.-J. Werner


 NUMBER OF ELECTRONS:      32+   32-    SPACE SYMMETRY=1    SPIN SYMMETRY: Singlet 
 CONVERGENCE THRESHOLDS:    1.00E-05 (Density)    1.28E-07 (Energy)
 INTEGRAL THRESHOLDS:       1.00E-11 (Initial)    1.00E-11 (Final)
 MAX. NUMBER OF ITERATIONS:       60
 INTERPOLATION TYPE:            DIIS
 INTERPOLATION STEPS:              2 (START)      1 (STEP)
 LEVEL SHIFTS:                  0.00 (CLOSED)  0.00 (OPEN) 



 
 Basis set CC-PVDZ/JKFIT generated.      Number of basis functions:   767 
 
 Orbital guess generated from atomic densities. Full valence occupancy:   49
 Coulomb and exchange fitting
 Thresholds for fitting:       THRAO_COUL= 1.0D-14    THRAO_EXCH= 1.0D-12    THRMO= 1.0D-11    THRPROD= 1.0D-11    THRASM= 1.0D-11
                               THR2HLF=    1.0D-11

 Molecular orbital dump at record        2100.2

 ITERATION   DDIFF            GRAD            ENERGY        2-EL.EN.            DIPOLE MOMENTS         DIIS   CPU(IT)  CPU(TOT)  ORB.
    1      0.000D+00      0.000D+00      -431.71592316    939.509833   12.07116   -0.09311   -0.00000    0      1.1     10.9     start
    2      0.000D+00      0.502D-02      -431.84763498    931.714417   12.85558   -0.04766   -0.00000    1      0.4     11.3     diag
    3      0.923D-02      0.314D-02      -431.89992104    934.610669   12.57084   -0.04818   -0.00000    2      0.3     11.7     diag
    4      0.324D-02      0.477D-03      -431.90247541    934.561848   12.58265   -0.04836    0.00000    3      0.4     12.1     diag
    5      0.937D-03      0.137D-03      -431.90268809    934.467016   12.56885   -0.04632    0.00000    4      0.7     12.8     diag
    6      0.240D-03      0.355D-04      -431.90271006    934.477208   12.56568   -0.04595   -0.00000    5      0.4     13.2     diag
    7      0.772D-04      0.102D-04      -431.90271159    934.480080   12.56490   -0.04575    0.00000    6      0.4     13.6     diag
    8      0.220D-04      0.292D-05      -431.90271173    934.478137   12.56471   -0.04572    0.00000    7      0.3     13.9     diag
    9      0.651D-05      0.834D-06      -431.90271174    934.478645   12.56474   -0.04562    0.00000    8      0.3     14.2     diag
   10      0.192D-05      0.206D-06      -431.90271174    934.478565   12.56476   -0.04564    0.00000    0      0.3     14.6     orth

 Final occupancy:  32

 !RHF STATE 1.1 Energy               -431.902711738448
 Nuclear energy                       314.88160385
 One-electron energy                -1214.02359821
 Two-electron energy                  467.23928262
 Virial quotient                       -1.00206107
 !RHF STATE 1.1 Dipole moment          12.56475897    -0.04564364     0.00000000
 Dipole moment /Debye                  31.93434012    -0.11600695     0.00000000

 Orbital energies:

         1.1          2.1          3.1          4.1          5.1          6.1          7.1          8.1          9.1         10.1
    -20.369152   -20.365790   -15.732685   -15.731730   -15.730477   -11.536459   -11.209390   -11.115249    -1.473663    -1.323148

        11.1         12.1         13.1         14.1         15.1         16.1         17.1         18.1         19.1         20.1
     -1.319993    -1.234290    -1.129504    -0.990498    -0.909787    -0.892489    -0.868466    -0.795961    -0.782687    -0.773614

        21.1         22.1         23.1         24.1         25.1         26.1         27.1         28.1         29.1         30.1
     -0.738196    -0.584698    -0.555460    -0.547825    -0.488615    -0.485844    -0.481370    -0.425288    -0.382795    -0.270736

        31.1         32.1         33.1         34.1
     -0.268617    -0.258042    -0.037158    -0.014208

 HOMO     32.1    -0.258042 =      -7.0217eV
 LUMO     33.1    -0.037158 =      -1.0111eV
 LUMO-HOMO         0.220884 =       6.0106eV


 **********************************************************************************************************************************
 DATASETS  * FILE   NREC   LENGTH (MB)   RECORD NAMES
              1      18       10.42       500      610      700      900      950      970     1000      129      960     1100   
                                          VAR    BASINP    GEOM    SYMINP    ZMAT    AOBASIS   BASIS     P2S    ABASIS      S 
                                         1400     1410     1200     1210     1080     1600     1650     1700   
                                           T        V       H0       H01     AOSYM     SMH    MOLCAS    OPER   

              2       4        2.30       700     1000      520     2100   
                                         GEOM     BASIS   MCVARS     RHF  

 PROGRAMS   *        TOTAL        HF       INT
 CPU TIMES  *        14.94     14.64      0.15
 REAL TIME  *        51.05 SEC
 DISK USED  *       211.08 MB      
 SF USED    *        58.57 MB      
 GA USED    *         3.20 MB       (max)       0.00 MB       (current)
 **********************************************************************************************************************************
 SETTING E_RHF_C        =    ***************  KCAL/MOL                        


1PROGRAM * MP2 (Closed-shell)     Authors: C. Hampel, H.-J. Werner, 1991, M. Deegan, P.J. Knowles, 1992

 Basis set AUG-CC-PVDZ/MP2FIT generated. Number of basis functions:   783 

 Convergence thresholds:  THRVAR = 1.00D-08  THRDEN = 1.28D-06

 Number of core orbitals:           8 (   8 )
 Number of closed-shell orbitals:  24 (  24 )
 Number of external orbitals:     233 ( 233 )

 Molecular orbitals read from record     2100.2  Type=RHF/CANONICAL (state 1.1)
 

 Entering DF-MP2

 Thresholds:    THRAO= 0.100D-09    THRMO= 0.100D-08    THROV= 0.100D-11

 Fitting basis: AUG-CC-PVDZ-MP2F
 Number of fitting functions:                 783
 Number of blocks in AO basis:                  6
 Minimum block size:                           23
 Maximum block size:                           69
 Average block size:                           44
 Number of groups in AO basis:                 84
 Number of shells in AO basis:                199

 Using large memory version DFMP2B. NIBTK= 1  NGPU= 0  IGPU= 0

 para=T  nprocs= 12  mpptyp=0  number of tasks=  26

 Minimum memory with paging:                  1.64 MW
 Minimum memory for incore assembly:          4.43 MW
 Maximum memory for incore algorithm:         5.91 MW
 Memory for 3-index integrals:                0.00 MW

 Disk space for H1-integrals:                40.69 MB (   624 records)
 
 CPU time for half transformed integrals      0.16 sec, elapsed time      0.18 sec
 CPU time for assembly                        0.24 sec, elapsed time      0.48 sec (7843.0 MFLOP/sec)
 Total CPU time                               1.06 sec, elapsed time      1.34 sec

 SCS-MP2 correlation energy:           -1.309656073690   (PS=  1.200000  PT=  0.333333)
 SCS-MP2 total energy:               -433.212367812138

 Norm of first-order wave function:     0.305227857333
 Coefficient of reference function:     0.875299807274

  Reference energy                   -431.902711738448
  MP2 singlet pair energy              -0.817993818547
  MP2 triplet pair energy              -0.527244896946
  MP2 correlation energy               -1.345238715493

 !MP2 total energy                   -433.247950453942


 **********************************************************************************************************************************
 DATASETS  * FILE   NREC   LENGTH (MB)   RECORD NAMES
              1      18       10.42       500      610      700      900      950      970     1000      129      960     1100   
                                          VAR    BASINP    GEOM    SYMINP    ZMAT    AOBASIS   BASIS     P2S    ABASIS      S 
                                         1400     1410     1200     1210     1080     1600     1650     1700   
                                           T        V       H0       H01     AOSYM     SMH    MOLCAS    OPER   

              2       4        2.30       700     1000      520     2100   
                                         GEOM     BASIS   MCVARS     RHF  

 PROGRAMS   *        TOTAL       MP2        HF       INT
 CPU TIMES  *        16.21      1.25     14.64      0.15
 REAL TIME  *        52.83 SEC
 DISK USED  *       211.08 MB      
 SF USED    *       135.74 MB      
 GA USED    *         3.20 MB       (max)       0.00 MB       (current)
 **********************************************************************************************************************************
 SETTING E_CORR_C       =    ***************  KCAL/MOL                        
 SETTING E_C            =      -844.15020826  KCAL/MOL                        
 SETTING CHARGE         =         1.00000000                                  

 Dummy atoms: C10  H11  H12  C13  H14  O15  O16


 Recomputing one-electron integrals since nuclear charges changed

1PROGRAM * SEWARD (Integral evaluation for generally contracted gaussian basis sets)     Author: Roland Lindh, 1990

 Geometry written to block  1 of record 700


 Point group  C1  



 ATOMIC COORDINATES

 NR  ATOM    CHARGE       X              Y              Z

   1  C0      6.00    3.635461685   -0.033559916    0.000000000
   2  N1      7.00    2.366710951   -2.179010396    0.000000000
   3  N2      7.00    6.199730377   -0.049487323    0.000000000
   4  N3      7.00    2.400908637    2.135169150    0.000000000
   5  H4      1.00    7.177139661    1.568656147    0.000000000
   6  H5      1.00    7.155539536   -1.680460257    0.000000000
   7  H6      1.00    3.337268267   -3.807562246    0.000000000
   8  H7      1.00    0.294748839   -2.156735846    0.000000000
   9  H8      1.00    3.391214153    3.751058001    0.000000000
  10  H9      1.00    0.346145701    2.140723249    0.000000000
  11  C10     0.00  -13.786094077   -0.003922174    0.000000000
  12  H11     0.00  -14.450078746   -1.026766112    1.655322153
  13  H12     0.00  -14.450078746   -1.026766112   -1.655322153
  14  C13     0.00  -10.923063810    0.026865148    0.000000000
  15  H14     0.00  -14.544623211    1.900319225    0.000000000
  16  O15     0.00   -9.839471651   -2.106035472    0.000000000
  17  O16     0.00   -9.835341008    2.151444253    0.000000000

 Bond lengths in Bohr (Angstrom)

 1-2  2.492526065  1-3  2.564318157  1-4  2.495497343  2-7  1.895827690  2-8  2.072081839
     ( 1.318987986)     ( 1.356978725)     ( 1.320560319)     ( 1.003228806)     ( 1.096498485)

  3- 5  1.890427781   3- 6  1.890408384   4- 9  1.895204948   4-10  2.054770442  11-12  2.056009920
       ( 1.000371297)       ( 1.000361033)       ( 1.002899265)       ( 1.087337688)       ( 1.087993591)

 11-13  2.056009920  11-14  2.863195796  11-15  2.049756511  14-16  2.392370586  14-17  2.386834152
       ( 1.087993591)       ( 1.515137960)       ( 1.084684429)       ( 1.265987990)       ( 1.263058235)

 Bond angles

  1-2-7  118.60789375   1-2-8  119.98277870   1-3-5  120.77741373   1-3-6  120.72772193

  1- 4- 9  118.84696707   1- 4-10  119.80564825   2- 1- 3  120.24283517   2- 1- 4  119.75051288

  3- 1- 4  120.00665195   5- 3- 6  118.49486434   7- 2- 8  121.40932755   9- 4-10  121.34738468

 11-14-16  116.31614784  11-14-17  117.72722902  12-11-13  107.24251222  12-11-14  109.16434575

 12-11-15  110.03918169  13-11-14  109.16434575  13-11-15  110.03918169  14-11-15  111.10310363

 16-14-17  125.95662314

 NUCLEAR CHARGE:                   33
 NUMBER OF PRIMITIVE AOS:         395
 NUMBER OF SYMMETRY AOS:          379
 NUMBER OF CONTRACTIONS:          265   ( 265A   )
 NUMBER OF CORE ORBITALS:           4   (   4A   )
 NUMBER OF VALENCE ORBITALS:       22   (  22A   )

 MOLECULE CHANGED: INITIALIZING OCCUPATION AND DUMP RECORDS


 NUCLEAR REPULSION ENERGY  133.16490707


 Eigenvalues of metric

         1 0.889E-04 0.124E-03 0.183E-03 0.195E-03 0.218E-03 0.231E-03 0.381E-03 0.401E-03


 OPERATOR DM      FOR CENTER  0  COORDINATES:    0.000000    0.000000    0.000000


 **********************************************************************************************************************************
 DATASETS  * FILE   NREC   LENGTH (MB)   RECORD NAMES
              1      18       10.42       500      610      700      900      950      970     1000      129      960     1100   
                                          VAR    BASINP    GEOM    SYMINP    ZMAT    AOBASIS   BASIS     P2S    ABASIS      S 
                                         1400     1410     1200     1210     1080     1600     1650     1700   
                                           T        V       H0       H01     AOSYM     SMH    MOLCAS    OPER   

              2       4        2.30       700     1000      520     2100   
                                         GEOM     BASIS   MCVARS     RHF  

 PROGRAMS   *        TOTAL       INT       MP2        HF       INT
 CPU TIMES  *        16.42      0.21      1.25     14.64      0.15
 REAL TIME  *        54.22 SEC
 DISK USED  *       211.08 MB      
 SF USED    *       135.74 MB      
 GA USED    *         3.20 MB       (max)       0.00 MB       (current)
 **********************************************************************************************************************************

1PROGRAM * RHF-SCF (CLOSED SHELL)       Authors: W. Meyer, H.-J. Werner


 NUMBER OF ELECTRONS:      16+   16-    SPACE SYMMETRY=1    SPIN SYMMETRY: Singlet 
 CONVERGENCE THRESHOLDS:    1.00E-05 (Density)    1.00E-07 (Energy)
 INTEGRAL THRESHOLDS:       1.00E-11 (Initial)    1.00E-11 (Final)
 MAX. NUMBER OF ITERATIONS:       60
 INTERPOLATION TYPE:            DIIS
 INTERPOLATION STEPS:              2 (START)      1 (STEP)
 LEVEL SHIFTS:                  0.00 (CLOSED)  0.00 (OPEN) 



 
 Basis set CC-PVDZ/JKFIT generated.      Number of basis functions:   767 
 
 Orbital guess generated from atomic densities. Full valence occupancy:   26
 Coulomb and exchange fitting
 Thresholds for fitting:       THRAO_COUL= 1.0D-14    THRAO_EXCH= 1.0D-12    THRMO= 1.0D-11    THRPROD= 1.0D-11    THRASM= 1.0D-11
                               THR2HLF=    1.0D-11

 Molecular orbital dump at record        2101.2

 ITERATION   DDIFF            GRAD            ENERGY        2-EL.EN.            DIPOLE MOMENTS         DIIS   CPU(IT)  CPU(TOT)  ORB.
    1      0.000D+00      0.000D+00      -204.49466695    390.033835    3.34193   -0.03864   -0.00000    0      1.2      6.6     start
    2      0.000D+00      0.334D-02      -204.54349687    391.327071    3.46923   -0.03513   -0.00000    1      0.3      7.0     diag
    3      0.502D-02      0.998D-03      -204.54825916    391.054772    3.46722   -0.03623    0.00000    2      0.3      7.3     diag
    4      0.121D-02      0.453D-03      -204.54914354    391.160069    3.47943   -0.03550    0.00000    3      0.3      7.5     diag
    5      0.501D-03      0.653D-04      -204.54919050    391.163784    3.48059   -0.03556    0.00000    4      0.3      7.9     diag
    6      0.107D-03      0.191D-04      -204.54919381    391.157037    3.48203   -0.03541    0.00000    5      0.5      8.3     diag
    7      0.297D-04      0.785D-05      -204.54919419    391.159513    3.48155   -0.03546    0.00000    6      0.3      8.6     diag
    8      0.108D-04      0.164D-05      -204.54919421    391.160045    3.48170   -0.03544   -0.00000    7      0.3      8.9     diag
    9      0.246D-05      0.266D-06      -204.54919421    391.159690    3.48168   -0.03545    0.00000    0      0.3      9.2     orth

 Final occupancy:  16

 !RHF STATE 1.1 Energy               -204.549194212370
 Nuclear energy                       133.16490707
 One-electron energy                 -533.29394649
 Two-electron energy                  195.57984521
 Virial quotient                       -1.00257423
 !RHF STATE 1.1 Dipole moment           3.48168120    -0.03544618     0.00000000
 Dipole moment /Debye                   8.84897131    -0.09008931     0.00000000

 Orbital energies:

         1.1          2.1          3.1          4.1          5.1          6.1          7.1          8.1          9.1         10.1
    -15.813058   -15.811970   -15.801414   -11.613619    -1.550720    -1.399502    -1.396735    -1.067607    -0.986482    -0.968490

        11.1         12.1         13.1         14.1         15.1         16.1         17.1         18.1
     -0.871377    -0.861688    -0.852775    -0.815064    -0.628697    -0.627930    -0.105331    -0.080340

 HOMO     16.1    -0.627930 =     -17.0868eV
 LUMO     17.1    -0.105331 =      -2.8662eV
 LUMO-HOMO         0.522598 =      14.2206eV


 **********************************************************************************************************************************
 DATASETS  * FILE   NREC   LENGTH (MB)   RECORD NAMES
              1      18       10.42       500      610      700      900      950      970     1000      129      960     1100   
                                          VAR    BASINP    GEOM    SYMINP    ZMAT    AOBASIS   BASIS     P2S    ABASIS      S 
                                         1400     1410     1200     1210     1080     1600     1650     1700   
                                           T        V       H0       H01     AOSYM     SMH    MOLCAS    OPER   

              2       5        5.16       700     1000      520     2100     2101   
                                         GEOM     BASIS   MCVARS     RHF      RHF  

 PROGRAMS   *        TOTAL        HF       INT       MP2        HF       INT
 CPU TIMES  *        25.66      9.23      0.21      1.25     14.64      0.15
 REAL TIME  *       124.27 SEC
 DISK USED  *       242.03 MB      
 SF USED    *       135.74 MB      
 GA USED    *         3.20 MB       (max)       0.00 MB       (current)
 **********************************************************************************************************************************
 SETTING E_RHF_A        =    ***************  KCAL/MOL                        


1PROGRAM * MP2 (Closed-shell)     Authors: C. Hampel, H.-J. Werner, 1991, M. Deegan, P.J. Knowles, 1992

 Basis set AUG-CC-PVDZ/MP2FIT generated. Number of basis functions:   783 

 Convergence thresholds:  THRVAR = 1.00D-08  THRDEN = 1.00D-06

 Number of core orbitals:           4 (   4 )
 Number of closed-shell orbitals:  12 (  12 )
 Number of external orbitals:     249 ( 249 )

 Molecular orbitals read from record     2101.2  Type=RHF/CANONICAL (state 1.1)
 

 Entering DF-MP2

 Thresholds:    THRAO= 0.100D-09    THRMO= 0.100D-08    THROV= 0.100D-11

 Fitting basis: AUG-CC-PVDZ-MP2F
 Number of fitting functions:                 783
 Number of blocks in AO basis:                  6
 Minimum block size:                           23
 Maximum block size:                           69
 Average block size:                           44
 Number of groups in AO basis:                 84
 Number of shells in AO basis:                199

 Using large memory version DFMP2B. NIBTK= 1  NGPU= 0  IGPU= 0

 para=T  nprocs= 12  mpptyp=0  number of tasks=  26

 Minimum memory with paging:                  1.67 MW
 Minimum memory for incore assembly:          2.40 MW
 Maximum memory for incore algorithm:         3.36 MW
 Memory for 3-index integrals:                0.00 MW

 Disk space for H1-integrals:                20.36 MB (   312 records)
 
 CPU time for half transformed integrals      0.15 sec, elapsed time      0.16 sec
 CPU time for assembly                        0.08 sec, elapsed time      0.10 sec (7328.5 MFLOP/sec)
 Total CPU time                               0.76 sec, elapsed time      0.79 sec

 SCS-MP2 correlation energy:           -0.642215734285   (PS=  1.200000  PT=  0.333333)
 SCS-MP2 total energy:               -205.191409946654

 Norm of first-order wave function:     0.148832795000
 Coefficient of reference function:     0.932978396722

  Reference energy                   -204.549194212370
  MP2 singlet pair energy              -0.404868752973
  MP2 triplet pair energy              -0.251314120795
  MP2 correlation energy               -0.656182873768

 !MP2 total energy                   -205.205377086138


 **********************************************************************************************************************************
 DATASETS  * FILE   NREC   LENGTH (MB)   RECORD NAMES
              1      18       10.42       500      610      700      900      950      970     1000      129      960     1100   
                                          VAR    BASINP    GEOM    SYMINP    ZMAT    AOBASIS   BASIS     P2S    ABASIS      S 
                                         1400     1410     1200     1210     1080     1600     1650     1700   
                                           T        V       H0       H01     AOSYM     SMH    MOLCAS    OPER   

              2       5        5.16       700     1000      520     2100     2101   
                                         GEOM     BASIS   MCVARS     RHF      RHF  

 PROGRAMS   *        TOTAL       MP2        HF       INT       MP2        HF       INT
 CPU TIMES  *        26.61      0.95      9.23      0.21      1.25     14.64      0.15
 REAL TIME  *       125.41 SEC
 DISK USED  *       242.03 MB      
 SF USED    *       135.74 MB      
 GA USED    *         3.20 MB       (max)       0.00 MB       (current)
 **********************************************************************************************************************************
 SETTING E_CORR_A       =    ***************  KCAL/MOL                        
 SETTING E_A            =      -411.76105265  KCAL/MOL                        
 SETTING CHARGE         =        -1.00000000                                  

 Dummy atoms: C0  N1  N2  N3  H4  H5  H6  H7  H8  H9


 Recomputing one-electron integrals since nuclear charges changed

1PROGRAM * SEWARD (Integral evaluation for generally contracted gaussian basis sets)     Author: Roland Lindh, 1990

 Geometry written to block  1 of record 700


 Point group  C1  



 ATOMIC COORDINATES

 NR  ATOM    CHARGE       X              Y              Z

   1  C0      0.00    3.635461685   -0.033559916    0.000000000
   2  N1      0.00    2.366710951   -2.179010396    0.000000000
   3  N2      0.00    6.199730377   -0.049487323    0.000000000
   4  N3      0.00    2.400908637    2.135169150    0.000000000
   5  H4      0.00    7.177139661    1.568656147    0.000000000
   6  H5      0.00    7.155539536   -1.680460257    0.000000000
   7  H6      0.00    3.337268267   -3.807562246    0.000000000
   8  H7      0.00    0.294748839   -2.156735846    0.000000000
   9  H8      0.00    3.391214153    3.751058001    0.000000000
  10  H9      0.00    0.346145701    2.140723249    0.000000000
  11  C10     6.00  -13.786094077   -0.003922174    0.000000000
  12  H11     1.00  -14.450078746   -1.026766112    1.655322153
  13  H12     1.00  -14.450078746   -1.026766112   -1.655322153
  14  C13     6.00  -10.923063810    0.026865148    0.000000000
  15  H14     1.00  -14.544623211    1.900319225    0.000000000
  16  O15     8.00   -9.839471651   -2.106035472    0.000000000
  17  O16     8.00   -9.835341008    2.151444253    0.000000000

 Bond lengths in Bohr (Angstrom)

 1-2  2.492526065  1-3  2.564318157  1-4  2.495497343  2-7  1.895827690  2-8  2.072081839
     ( 1.318987986)     ( 1.356978725)     ( 1.320560319)     ( 1.003228806)     ( 1.096498485)

  3- 5  1.890427781   3- 6  1.890408384   4- 9  1.895204948   4-10  2.054770442  11-12  2.056009920
       ( 1.000371297)       ( 1.000361033)       ( 1.002899265)       ( 1.087337688)       ( 1.087993591)

 11-13  2.056009920  11-14  2.863195796  11-15  2.049756511  14-16  2.392370586  14-17  2.386834152
       ( 1.087993591)       ( 1.515137960)       ( 1.084684429)       ( 1.265987990)       ( 1.263058235)

 Bond angles

  1-2-7  118.60789375   1-2-8  119.98277870   1-3-5  120.77741373   1-3-6  120.72772193

  1- 4- 9  118.84696707   1- 4-10  119.80564825   2- 1- 3  120.24283517   2- 1- 4  119.75051288

  3- 1- 4  120.00665195   5- 3- 6  118.49486434   7- 2- 8  121.40932755   9- 4-10  121.34738468

 11-14-16  116.31614784  11-14-17  117.72722902  12-11-13  107.24251222  12-11-14  109.16434575

 12-11-15  110.03918169  13-11-14  109.16434575  13-11-15  110.03918169  14-11-15  111.10310363

 16-14-17  125.95662314

 NUCLEAR CHARGE:                   31
 NUMBER OF PRIMITIVE AOS:         395
 NUMBER OF SYMMETRY AOS:          379
 NUMBER OF CONTRACTIONS:          265   ( 265A   )
 NUMBER OF CORE ORBITALS:           4   (   4A   )
 NUMBER OF VALENCE ORBITALS:       19   (  19A   )

 MOLECULE CHANGED: INITIALIZING OCCUPATION AND DUMP RECORDS


 NUCLEAR REPULSION ENERGY  112.20397935


 Eigenvalues of metric

         1 0.889E-04 0.124E-03 0.183E-03 0.195E-03 0.218E-03 0.231E-03 0.381E-03 0.401E-03


 OPERATOR DM      FOR CENTER  0  COORDINATES:    0.000000    0.000000    0.000000


 **********************************************************************************************************************************
 DATASETS  * FILE   NREC   LENGTH (MB)   RECORD NAMES
              1      18       10.42       500      610      700      900      950      970     1000      129      960     1100   
                                          VAR    BASINP    GEOM    SYMINP    ZMAT    AOBASIS   BASIS     P2S    ABASIS      S 
                                         1400     1410     1200     1210     1080     1600     1650     1700   
                                           T        V       H0       H01     AOSYM     SMH    MOLCAS    OPER   

              2       5        5.16       700     1000      520     2100     2101   
                                         GEOM     BASIS   MCVARS     RHF      RHF  

 PROGRAMS   *        TOTAL       INT       MP2        HF       INT       MP2        HF       INT
 CPU TIMES  *        26.76      0.14      0.95      9.23      0.21      1.25     14.64      0.15
 REAL TIME  *       126.31 SEC
 DISK USED  *       242.03 MB      
 SF USED    *       135.74 MB      
 GA USED    *         3.20 MB       (max)       0.00 MB       (current)
 **********************************************************************************************************************************

1PROGRAM * RHF-SCF (CLOSED SHELL)       Authors: W. Meyer, H.-J. Werner


 NUMBER OF ELECTRONS:      16+   16-    SPACE SYMMETRY=1    SPIN SYMMETRY: Singlet 
 CONVERGENCE THRESHOLDS:    1.00E-05 (Density)    1.00E-07 (Energy)
 INTEGRAL THRESHOLDS:       1.00E-11 (Initial)    1.00E-11 (Final)
 MAX. NUMBER OF ITERATIONS:       60
 INTERPOLATION TYPE:            DIIS
 INTERPOLATION STEPS:              2 (START)      1 (STEP)
 LEVEL SHIFTS:                  0.00 (CLOSED)  0.00 (OPEN) 



 
 Basis set CC-PVDZ/JKFIT generated.      Number of basis functions:   767 
 
 Orbital guess generated from atomic densities. Full valence occupancy:   23
 Coulomb and exchange fitting
 Thresholds for fitting:       THRAO_COUL= 1.0D-14    THRAO_EXCH= 1.0D-12    THRMO= 1.0D-11    THRPROD= 1.0D-11    THRASM= 1.0D-11
                               THR2HLF=    1.0D-11

 Molecular orbital dump at record        2102.2

 ITERATION   DDIFF            GRAD            ENERGY        2-EL.EN.            DIPOLE MOMENTS         DIIS   CPU(IT)  CPU(TOT)  ORB.
    1      0.000D+00      0.000D+00      -227.13760414    409.862566    8.72925   -0.05446   -0.00000    0      0.9     19.6     start
    2      0.000D+00      0.605D-02      -227.22240896    400.878536    9.79641   -0.01214    0.00000    1      0.3     19.8     diag
    3      0.790D-02      0.423D-02      -227.27176466    403.752127    9.50415   -0.01173    0.00000    2      0.3     20.1     diag
    4      0.299D-02      0.429D-03      -227.27299035    403.890449    9.52149   -0.01202   -0.00000    3      0.3     20.5     diag
    5      0.669D-03      0.139D-03      -227.27313166    403.758626    9.51555   -0.01000    0.00000    4      0.3     20.8     diag
    6      0.193D-03      0.313D-04      -227.27314054    403.779613    9.51409   -0.00959    0.00000    5      0.4     21.1     diag
    7      0.522D-04      0.635D-05      -227.27314100    403.776150    9.51354   -0.00933   -0.00000    6      0.3     21.4     diag
    8      0.133D-04      0.161D-05      -227.27314102    403.777353    9.51345   -0.00933    0.00000    7      0.3     21.7     diag
    9      0.346D-05      0.612D-06      -227.27314102    403.776935    9.51349   -0.00920    0.00000    0      0.3     22.0     orth

 Final occupancy:  16

 !RHF STATE 1.1 Energy               -227.273141024176
 Nuclear energy                       112.20397935
 One-electron energy                 -541.36558805
 Two-electron energy                  201.88846768
 Virial quotient                       -1.00124908
 !RHF STATE 1.1 Dipole moment           9.51349102    -0.00920208     0.00000000
 Dipole moment /Debye                  24.17929850    -0.02338783     0.00000000

 Orbital energies:

         1.1          2.1          3.1          4.1          5.1          6.1          7.1          8.1          9.1         10.1
    -20.294349   -20.290775   -11.136672   -11.051790    -1.159660    -1.054750    -0.803502    -0.513981    -0.419696    -0.415553

        11.1         12.1         13.1         14.1         15.1         16.1         17.1         18.1
     -0.413539    -0.355700    -0.311189    -0.197022    -0.194063    -0.182084     0.084900     0.105566

 HOMO     16.1    -0.182084 =      -4.9548eV
 LUMO     17.1     0.084900 =       2.3102eV
 LUMO-HOMO         0.266984 =       7.2650eV


 **********************************************************************************************************************************
 DATASETS  * FILE   NREC   LENGTH (MB)   RECORD NAMES
              1      18       10.42       500      610      700      900      950      970     1000      129      960     1100   
                                          VAR    BASINP    GEOM    SYMINP    ZMAT    AOBASIS   BASIS     P2S    ABASIS      S 
                                         1400     1410     1200     1210     1080     1600     1650     1700   
                                           T        V       H0       H01     AOSYM     SMH    MOLCAS    OPER   

              2       6        8.02       700     1000      520     2100     2101     2102   
                                         GEOM     BASIS   MCVARS     RHF      RHF      RHF  

 PROGRAMS   *        TOTAL        HF       INT       MP2        HF       INT       MP2        HF       INT
 CPU TIMES  *        48.79     22.03      0.14      0.95      9.23      0.21      1.25     14.64      0.15
 REAL TIME  *       196.40 SEC
 DISK USED  *       276.36 MB      
 SF USED    *       135.74 MB      
 GA USED    *         3.20 MB       (max)       0.00 MB       (current)
 **********************************************************************************************************************************
 SETTING E_RHF_B        =    ***************  KCAL/MOL                        


1PROGRAM * MP2 (Closed-shell)     Authors: C. Hampel, H.-J. Werner, 1991, M. Deegan, P.J. Knowles, 1992

 Basis set AUG-CC-PVDZ/MP2FIT generated. Number of basis functions:   783 

 Convergence thresholds:  THRVAR = 1.00D-08  THRDEN = 1.00D-06

 Number of core orbitals:           4 (   4 )
 Number of closed-shell orbitals:  12 (  12 )
 Number of external orbitals:     249 ( 249 )

 Molecular orbitals read from record     2102.2  Type=RHF/CANONICAL (state 1.1)
 

 Entering DF-MP2

 Thresholds:    THRAO= 0.100D-09    THRMO= 0.100D-08    THROV= 0.100D-11

 Fitting basis: AUG-CC-PVDZ-MP2F
 Number of fitting functions:                 783
 Number of blocks in AO basis:                  6
 Minimum block size:                           23
 Maximum block size:                           69
 Average block size:                           44
 Number of groups in AO basis:                 84
 Number of shells in AO basis:                199

 Using large memory version DFMP2B. NIBTK= 1  NGPU= 0  IGPU= 0

 para=T  nprocs= 12  mpptyp=0  number of tasks=  26

 Minimum memory with paging:                  1.67 MW
 Minimum memory for incore assembly:          2.40 MW
 Maximum memory for incore algorithm:         3.36 MW
 Memory for 3-index integrals:                0.00 MW

 Disk space for H1-integrals:                20.32 MB (   312 records)
 
 CPU time for half transformed integrals      0.13 sec, elapsed time      0.14 sec
 CPU time for assembly                        0.15 sec, elapsed time      0.30 sec (3257.1 MFLOP/sec)
 Total CPU time                               0.90 sec, elapsed time      1.06 sec

 SCS-MP2 correlation energy:           -0.667994695240   (PS=  1.200000  PT=  0.333333)
 SCS-MP2 total energy:               -227.941135719417

 Norm of first-order wave function:     0.156767908489
 Coefficient of reference function:     0.929772900927

  Reference energy                   -227.273141024177
  MP2 singlet pair energy              -0.413530643163
  MP2 triplet pair energy              -0.276039519822
  MP2 correlation energy               -0.689570162985

 !MP2 total energy                   -227.962711187161


 **********************************************************************************************************************************
 DATASETS  * FILE   NREC   LENGTH (MB)   RECORD NAMES
              1      18       10.42       500      610      700      900      950      970     1000      129      960     1100   
                                          VAR    BASINP    GEOM    SYMINP    ZMAT    AOBASIS   BASIS     P2S    ABASIS      S 
                                         1400     1410     1200     1210     1080     1600     1650     1700   
                                           T        V       H0       H01     AOSYM     SMH    MOLCAS    OPER   

              2       6        8.02       700     1000      520     2100     2101     2102   
                                         GEOM     BASIS   MCVARS     RHF      RHF      RHF  

 PROGRAMS   *        TOTAL       MP2        HF       INT       MP2        HF       INT       MP2        HF       INT
 CPU TIMES  *        49.84      1.05     22.03      0.14      0.95      9.23      0.21      1.25     14.64      0.15
 REAL TIME  *       197.95 SEC
 DISK USED  *       276.36 MB      
 SF USED    *       135.74 MB      
 GA USED    *         3.20 MB       (max)       0.00 MB       (current)
 **********************************************************************************************************************************
 SETTING E_CORR_B       =    ***************  KCAL/MOL                        
 SETTING E_B            =      -432.71189715  KCAL/MOL                        
 SETTING E_RHF_CP       =       -50.43702656  KCAL/MOL                        
 SETTING E_CORR_CP      =         0.32274153  KCAL/MOL                        

        DF-MP2          DF-HF           DF-MP2          DF-HF           DF-MP2          DF-HF   
   -227.96271119   -227.27314102   -205.20537709   -204.54919421   -433.24795045   -431.90271174
 **********************************************************************************************************************************
 Variable memory released
