
 Primary working directories    : /scratch/1723624.phoenix.chem.wisc.edu
 Secondary working directories  : /scratch/1723624.phoenix.chem.wisc.edu
 Wavefunction directory         : /scratch/1723624.phoenix.chem.wisc.edu/
 Main file repository           : /scratch/1723624.phoenix.chem.wisc.edu/

 SHA1      : 65e45729fe3f963b0eb97374e3bda9949063ef0f
 NAME      : 2012.1.17
 ARCHNAME  : Linux/x86_64
 FC        : /opt/intel/composer_xe_2013.5.192/bin/intel64/ifort
 FCVERSION : 13.1.3
 BLASLIB   : -L/opt/intel/composer_xe_2013.5.192/mkl/lib/intel64 -lmkl_intel_ilp64 -lmkl_sequential -lmkl_core
 id        : cuichemwisc

 Nodes             nprocs
 compute-1-34.local   12
 ga_uses_ma=false, calling ma_init with nominal heap.
 GA-space will be limited to   8.0 MW (determined by -G option)

 Using customized tuning parameters: mindgm=1; mindgv=20; mindgc=4; mindgr=1; noblas=0; minvec=7
 default implementation of scratch files=sf  

 geomtyp=xyz
 geometry={
 13
  N0         -1.871728000000       0.590372000000      -0.409427000000
  C1         -2.211908000000      -0.607269000000       0.366391000000
  H2         -3.290849000000      -0.800379000000       0.474364000000
  H3         -1.777031000000      -0.515398000000       1.366626000000
  H4         -1.756203000000      -1.480607000000      -0.110636000000
  H5         -2.292946460000       1.392500770000       0.013851220000
  H6         -2.211824870000       0.489597950000      -1.344402240000
  H7         -0.878517500000       0.705429620000      -0.426592450000
  C8          4.328001431215      -1.045113027170      -0.374168698374
  H9          3.674720431215      -1.661483027170       0.249169301626
  H10         5.363522431215      -1.341926027170      -0.192167698374
  S11         4.188887431215       0.732545972830       0.060674301626
  H12         4.097544431215      -1.215220027170      -1.429120698374
 }
 
 
 basis=avdz
 
                                                                                 ! Complex
 set,charge=0
 
 hf
 e_rhf_c = energy*tokcal
 ccsd(t)
 e_corr_c = energy*tokcal
 e_c = e_corr_c - e_rhf_c
 
 
                                                                                 ! Monomer 1
 set,charge=1
 dummy,C8,H9,H10,S11,H12
 
 hf
 e_rhf_a = energy*tokcal
 ccsd(t)
 e_corr_a = energy*tokcal
 e_a = e_corr_a - e_rhf_a
 
 
                                                                                 ! Monomer 2
 set,charge=-1
 dummy,N0,C1,H2,H3,H4,H5,H6,H7
 
 hf
 e_rhf_b = energy*tokcal
 ccsd(t)
 e_corr_b = energy*tokcal
 e_b = e_corr_b - e_rhf_b
 
 
 e_rhf_cp = e_rhf_c - (e_rhf_a + e_rhf_b)
 e_corr_cp = e_c - (e_a + e_b)

 Variables initialized (782), CPU time= 0.01 sec
 Commands  initialized (547), CPU time= 0.01 sec, 517 directives.
 Default parameters read. Elapsed time= 0.10 sec

 Checking input...
 Passed
1


                                         ***  PROGRAM SYSTEM MOLPRO  ***
                         Copyright, University College Cardiff Consultants Limited, 2008

                                    Version 2012.1 linked Oct 11 2014 15:40:16


 **********************************************************************************************************************************
 LABEL *                                                                                 
 Linux-2.6.18-308.el5/compute-1-34.local(x86_64) 64 bit mpp version                      DATE: 12-Dec-14          TIME: 06:29:50  
 **********************************************************************************************************************************

 SHA1:             65e45729fe3f963b0eb97374e3bda9949063ef0f
 **********************************************************************************************************************************
 SETTING GEOMTYP        =    XYZ

 Variable memory set to  350000000 words,  buffer space   230000 words

 SETTING BASIS          =    AVDZ
 SETTING CHARGE         =         0.00000000                                  


 Recomputing integrals since basis changed


 Using spherical harmonics

 Library entry N      S aug-cc-pVDZ          selected for orbital group  1
 Library entry N      P aug-cc-pVDZ          selected for orbital group  1
 Library entry N      D aug-cc-pVDZ          selected for orbital group  1
 Library entry C      S aug-cc-pVDZ          selected for orbital group  2
 Library entry C      P aug-cc-pVDZ          selected for orbital group  2
 Library entry C      D aug-cc-pVDZ          selected for orbital group  2
 Library entry H      S aug-cc-pVDZ          selected for orbital group  3
 Library entry H      P aug-cc-pVDZ          selected for orbital group  3
 Library entry S      S aug-cc-pVDZ          selected for orbital group  6
 Library entry S      P aug-cc-pVDZ          selected for orbital group  6
 Library entry S      D aug-cc-pVDZ          selected for orbital group  6

1PROGRAM * SEWARD (Integral evaluation for generally contracted gaussian basis sets)     Author: Roland Lindh, 1990

 Geometry written to block  1 of record 700


 Point group  C1  



 ATOMIC COORDINATES

 NR  ATOM    CHARGE       X              Y              Z

   1  N0      7.00   -3.537053313    1.115641396   -0.773704901
   2  C1      6.00   -4.179900348   -1.147572098    0.692378647
   3  H2      1.00   -6.218803350   -1.512497111    0.896418047
   4  H3      1.00   -3.358101917   -0.973961069    2.582548864
   5  H4      1.00   -3.318742701   -2.797941738   -0.209071740
   6  H5      1.00   -4.333040843    2.631445093    0.026175012
   7  H6      1.00   -4.179743255    0.925206040   -2.540552044
   8  H7      1.00   -1.660157477    1.333068787   -0.806142900
   9  C8      6.00    8.178737401   -1.974977398   -0.707076367
  10  H9      1.00    6.944215225   -3.139747893    0.470861740
  11  H10     1.00   10.135588495   -2.535872680   -0.363144321
  12  S11    16.00    7.915850040    1.384311267    0.114657813
  13  H12     1.00    7.743236786   -2.296433041   -2.700646729

 Bond lengths in Bohr (Angstrom)

 1-2  2.772145126  1-6  1.889726137  1-7  1.889726122  1-8  1.889726137  2-3  2.081328372
     ( 1.466956021)     ( 1.000000003)     ( 0.999999995)     ( 1.000000003)     ( 1.101391539)

  2- 4  2.068389929   2- 5  2.068314590   9-10  2.065980033   9-11  2.064499690   9-12  3.468310419
       ( 1.094544810)       ( 1.094504942)       ( 1.093269548)       ( 1.092486184)       ( 1.835350827)

  9-13  2.065748606
       ( 1.093147082)

 Bond angles

  1-2-3  114.97091777   1-2-4  108.82223243   1-2-5  108.92862229   2-1-6  109.47122075

  2-1-7  109.47122046   2-1-8  109.47122040   3-2-4  108.32125274   3-2-5  108.10103971

  4-2-5  107.44770163   6-1-7  109.47122110   6-1-8  109.47122038   7-1-8  109.47122072

 10- 9-11  108.55608257  10- 9-12  111.44980305  10- 9-13  109.66566187  11- 9-12  107.18872473

 11- 9-13  108.56147558  12- 9-13  111.30848894

 NUCLEAR CHARGE:                   44
 NUMBER OF PRIMITIVE AOS:         262
 NUMBER OF SYMMETRY AOS:          254
 NUMBER OF CONTRACTIONS:          177   ( 177A   )
 NUMBER OF CORE ORBITALS:           8   (   8A   )
 NUMBER OF VALENCE ORBITALS:       25   (  25A   )


 NUCLEAR REPULSION ENERGY  135.72633504


 Eigenvalues of metric

         1 0.232E-03 0.587E-03 0.630E-03 0.663E-03 0.693E-03 0.730E-03 0.742E-03 0.949E-03


 Contracted 2-electron integrals neglected if value below      1.0D-11
 AO integral compression algorithm  1   Integral accuracy      1.0D-11

     374.866 MB (compressed) written to integral file ( 33.6%)

     Node minimum: 27.787 MB, node maximum: 34.603 MB


 NUMBER OF SORTED TWO-ELECTRON INTEGRALS:   10335936.     BUFFER LENGTH:  32768
 NUMBER OF SEGMENTS:   1  SEGMENT LENGTH:   10335936      RECORD LENGTH: 524288

 Memory used in sort:      10.89 MW

 SORT1 READ   139873360. AND WROTE     7619082. INTEGRALS IN     22 RECORDS. CPU TIME:     3.38 SEC, REAL TIME:     3.77 SEC
 SORT2 READ    91848076. AND WROTE   124086381. INTEGRALS IN   1272 RECORDS. CPU TIME:     1.35 SEC, REAL TIME:     9.32 SEC

 Node minimum:    10333312.  Node maximum:    10347753. integrals

 OPERATOR DM      FOR CENTER  0  COORDINATES:    0.000000    0.000000    0.000000


 **********************************************************************************************************************************
 DATASETS  * FILE   NREC   LENGTH (MB)   RECORD NAMES
              1      18        8.91       500      610      700      900      950      970     1000      129      960     1100   
                                          VAR    BASINP    GEOM    SYMINP    ZMAT    AOBASIS   BASIS     P2S    ABASIS      S 
                                         1400     1410     1200     1210     1080     1600     1650     1700   
                                           T        V       H0       H01     AOSYM     SMH    MOLCAS    OPER   

 PROGRAMS   *        TOTAL       INT
 CPU TIMES  *         5.79      5.65
 REAL TIME  *        14.61 SEC
 DISK USED  *         1.45 GB      
 GA USED    *         0.00 MB       (max)       0.00 MB       (current)
 **********************************************************************************************************************************

1PROGRAM * RHF-SCF (CLOSED SHELL)       Authors: W. Meyer, H.-J. Werner


 NUMBER OF ELECTRONS:      22+   22-    SPACE SYMMETRY=1    SPIN SYMMETRY: Singlet 
 CONVERGENCE THRESHOLDS:    1.00E-05 (Density)    1.00E-07 (Energy)
 MAX. NUMBER OF ITERATIONS:       60
 INTERPOLATION TYPE:            DIIS
 INTERPOLATION STEPS:              2 (START)      1 (STEP)
 LEVEL SHIFTS:                  0.00 (CLOSED)  0.00 (OPEN) 



 Orbital guess generated from atomic densities. Full valence occupancy:   33

 Molecular orbital dump at record        2100.2

 ITERATION    DDIFF          GRAD             ENERGY        2-EL.EN.            DIPOLE MOMENTS         DIIS   ORB.
    1      0.000D+00      0.000D+00      -532.72270253    670.490488  -11.38587   -0.83982   -1.02338    0    start
    2      0.000D+00      0.431D-02      -532.81545245    663.639861  -10.70355   -0.57805   -0.55117    1    diag
    3      0.112D-01      0.193D-02      -532.82949932    665.915712  -10.89684   -0.75362   -0.63836    2    diag
    4      0.389D-02      0.414D-03      -532.83086101    665.631984  -10.82753   -0.78577   -0.62100    3    diag
    5      0.108D-02      0.838D-04      -532.83095202    665.576775  -10.80655   -0.79141   -0.61864    4    diag
    6      0.366D-03      0.248D-04      -532.83096174    665.593588  -10.79871   -0.79528   -0.61831    5    diag
    7      0.144D-03      0.843D-05      -532.83096318    665.582629  -10.79361   -0.79530   -0.61809    6    diag
    8      0.544D-04      0.366D-05      -532.83096357    665.584356  -10.79023   -0.79543   -0.61789    7    diag
    9      0.306D-04      0.130D-05      -532.83096365    665.583665  -10.78808   -0.79550   -0.61780    8    diag
   10      0.132D-04      0.465D-06      -532.83096366    665.583592  -10.78722   -0.79556   -0.61776    9    orth
   11      0.440D-05      0.180D-06      -532.83096366    665.583475  -10.78705   -0.79559   -0.61775    0    orth

 Final occupancy:  22

 !RHF STATE 1.1 Energy               -532.830963660529
 Nuclear energy                       135.72633504
 One-electron energy                -1001.34903628
 Two-electron energy                  332.79173758
 Virial quotient                       -1.00042979
 !RHF STATE 1.1 Dipole moment         -10.78705305    -0.79559289    -0.61775191
 Dipole moment /Debye                 -27.41615830    -2.02206297    -1.57006590

 Orbital energies:

         1.1          2.1          3.1          4.1          5.1          6.1          7.1          8.1          9.1         10.1
    -91.759024   -15.827983   -11.410347   -11.140390    -8.758221    -6.440658    -6.437925    -6.437674    -1.459877    -1.089545

        11.1         12.1         13.1         14.1         15.1         16.1         17.1         18.1         19.1         20.1
     -0.917410    -0.914142    -0.871540    -0.791048    -0.686894    -0.685320    -0.666888    -0.463320    -0.460036    -0.318566

        21.1         22.1         23.1         24.1
     -0.174693    -0.171281    -0.044310    -0.008345

 HOMO     22.1    -0.171281 =      -4.6608eV
 LUMO     23.1    -0.044310 =      -1.2057eV
 LUMO-HOMO         0.126971 =       3.4551eV


 **********************************************************************************************************************************
 DATASETS  * FILE   NREC   LENGTH (MB)   RECORD NAMES
              1      18        8.91       500      610      700      900      950      970     1000      129      960     1100   
                                          VAR    BASINP    GEOM    SYMINP    ZMAT    AOBASIS   BASIS     P2S    ABASIS      S 
                                         1400     1410     1200     1210     1080     1600     1650     1700   
                                           T        V       H0       H01     AOSYM     SMH    MOLCAS    OPER   

              2       4        1.15       700     1000      520     2100   
                                         GEOM     BASIS   MCVARS     RHF  

 PROGRAMS   *        TOTAL        HF       INT
 CPU TIMES  *         7.61      1.82      5.65
 REAL TIME  *        16.65 SEC
 DISK USED  *         1.60 GB      
 SF USED    *         0.13 MB      
 GA USED    *         0.00 MB       (max)       0.00 MB       (current)
 **********************************************************************************************************************************
 SETTING E_RHF_C        =    ***************  KCAL/MOL                        


1PROGRAM * CCSD (Closed-shell coupled cluster)     Authors: C. Hampel, H.-J. Werner, 1991, M. Deegan, P.J. Knowles, 1992


 Convergence thresholds:  THRVAR = 1.00D-08  THRDEN = 1.00D-06

 CCSD(T)     terms to be evaluated (factor= 1.000)


 Number of core orbitals:           8 (   8 )
 Number of closed-shell orbitals:  14 (  14 )
 Number of external orbitals:     155 ( 155 )

 Molecular orbitals read from record     2100.2  Type=RHF/CANONICAL (state 1.1)

 Number of N-1 electron functions:              14
 Number of N-2 electron functions:             105
 Number of singly external CSFs:              2170
 Number of doubly external CSFs:           2355535
 Total number of CSFs:                     2357706

 Length of J-op  integral file:               0.00 MB
 Length of K-op  integral file:               2.15 MB
 Length of 3-ext integral record:             0.00 MB

 Memory could be reduced to 67.76 Mwords without degradation in triples

 Integral transformation finished. Total CPU:  10.22 sec, npass=  1  Memory used:  47.93 MW

 Reference energy:                   -532.83096366

 MP2 singlet pair energy:              -0.42266261
 MP2 triplet pair energy:              -0.22077599
 MP2 correlation energy:               -0.64343859
 MP2 total energy:                   -533.47440225

 SCS-MP2 correlation energy:           -0.64456685   (PS=  1.200000  PT=  0.333333)
 SCS-MP2 total energy:               -533.47553051

 ITER.      SQ.NORM     CORR.ENERGY   TOTAL ENERGY   ENERGY CHANGE        DEN1      VAR(S)    VAR(P)  DIIS     TIME
   1      1.26792747    -0.70012180  -533.53108546    -0.05668320    -0.03866168  0.27D-02  0.42D-02  1  1    14.31
   2      1.29097189    -0.70455093  -533.53551459    -0.00442913    -0.01948286  0.76D-04  0.56D-03  2  2    18.56
   3      1.29734160    -0.70486094  -533.53582460    -0.00031001    -0.00234241  0.26D-03  0.67D-04  3  3    22.91
   4      1.30040299    -0.70496374  -533.53592740    -0.00010280    -0.00048970  0.15D-03  0.23D-04  4  4    27.00
   5      1.30333994    -0.70506222  -533.53602588    -0.00009847    -0.00021264  0.12D-03  0.14D-04  5  5    31.09
   6      1.30825245    -0.70520104  -533.53616470    -0.00013883    -0.00015649  0.11D-03  0.90D-05  6  6    35.19
   7      1.31707376    -0.70536682  -533.53633048    -0.00016578    -0.00015082  0.73D-04  0.71D-05  6  1    39.25
   8      1.33497088    -0.70552751  -533.53649117    -0.00016069    -0.00021425  0.35D-04  0.75D-05  6  2    43.36
   9      1.35177857    -0.70557994  -533.53654360    -0.00005243    -0.00015347  0.20D-04  0.59D-05  6  3    47.48
  10      1.36998731    -0.70557493  -533.53653859     0.00000501    -0.00014024  0.83D-05  0.18D-05  6  4    51.59
  11      1.37498758    -0.70557378  -533.53653744     0.00000115    -0.00003741  0.43D-05  0.93D-06  6  5    55.71
  12      1.38026658    -0.70557666  -533.53654032    -0.00000288    -0.00002943  0.21D-05  0.43D-06  6  2    59.84
  13      1.38527441    -0.70556455  -533.53652821     0.00001211    -0.00002819  0.52D-06  0.21D-06  6  5    63.94
  14      1.38699334    -0.70556258  -533.53652624     0.00000197    -0.00000652  0.24D-06  0.63D-07  6  2    68.04
  15      1.38913952    -0.70555532  -533.53651898     0.00000726    -0.00000995  0.46D-07  0.10D-07  6  6    72.15
  16      1.38932715    -0.70555300  -533.53651666     0.00000232    -0.00000095  0.31D-07  0.12D-07  6  3    76.25
  17      1.38941327    -0.70555241  -533.53651607     0.00000059     0.00000035  0.96D-08  0.24D-08  6  1    80.35
  18      1.38939880    -0.70555253  -533.53651619    -0.00000012     0.00000018  0.57D-08  0.11D-08  6  4    84.45

 Norm of t1 vector:      0.29728517      S-energy:     0.00000047      T1 diagnostic:  0.03972640
                                                                       D1 diagnostic:  0.20604291

 Singles amplitudes (print threshold =  0.500E-01):

         I         SYM. A    A   T(IA)

        14         1         1     -0.17190499
        14         1         4      0.07440054
        14         1         7      0.05639163


 Total CPU time for triples:     66.62 sec


 RESULTS
 =======

  Reference energy                   -532.830963660528
  CCSD singlet pair energy             -0.498854194440
  CCSD triplet pair energy             -0.206698800499
  CCSD correlation energy              -0.705552527399

  Triples (T) contribution             -0.022816140928
  Total correlation energy             -0.728368668327

  CCSD total energy                  -533.536516187928
  CCSD[T] energy                     -533.561241005588
  CCSD-T energy                      -533.558353037770
 !CCSD(T) total energy               -533.559332328855

 Timing summary (sec):

 STEP                 CPU(USER)    SYS     CPU(TOT)    WALL
 Transformation         10.27      1.64     11.91     14.17
 CCSD iterations        74.20      3.48     77.68     95.56
 Triples                66.62      0.57     67.19     67.40

 Program statistics:

 Available memory in ccsd:               349999116
 Min. memory needed in ccsd:               6084489
 Max. memory used in ccsd:                 8170678
 Max. memory used in cckext:               6910065 (18 integral passes)



 **********************************************************************************************************************************
 DATASETS  * FILE   NREC   LENGTH (MB)   RECORD NAMES
              1      19      258.85       500      610      700      900      950      970     1000      129      960     1100   
                                          VAR    BASINP    GEOM    SYMINP    ZMAT    AOBASIS   BASIS     P2S    ABASIS      S 
                                         1400     1410     1200     1210     1080     1600     1650     1700     1380   
                                           T        V       H0       H01     AOSYM     SMH    MOLCAS    OPER     JKOP   

              2       4        1.15       700     1000      520     2100   
                                         GEOM     BASIS   MCVARS     RHF  

 PROGRAMS   *        TOTAL   CCSD(T)        HF       INT
 CPU TIMES  *       158.73    151.10      1.82      5.65
 REAL TIME  *       193.95 SEC
 DISK USED  *         2.09 GB      
 SF USED    *       471.72 MB      
 GA USED    *         0.00 MB       (max)       0.00 MB       (current)
 **********************************************************************************************************************************
 SETTING E_CORR_C       =    ***************  KCAL/MOL                        
 SETTING E_C            =      -457.05833171  KCAL/MOL                        
 SETTING CHARGE         =         1.00000000                                  

 Dummy atoms: C8  H9  H10  S11  H12


 Recomputing one-electron integrals since nuclear charges changed

1PROGRAM * SEWARD (Integral evaluation for generally contracted gaussian basis sets)     Author: Roland Lindh, 1990

 Geometry written to block  1 of record 700


 Point group  C1  



 ATOMIC COORDINATES

 NR  ATOM    CHARGE       X              Y              Z

   1  N0      7.00   -3.537053313    1.115641396   -0.773704901
   2  C1      6.00   -4.179900348   -1.147572098    0.692378647
   3  H2      1.00   -6.218803350   -1.512497111    0.896418047
   4  H3      1.00   -3.358101917   -0.973961069    2.582548864
   5  H4      1.00   -3.318742701   -2.797941738   -0.209071740
   6  H5      1.00   -4.333040843    2.631445093    0.026175012
   7  H6      1.00   -4.179743255    0.925206040   -2.540552044
   8  H7      1.00   -1.660157477    1.333068787   -0.806142900
   9  C8      0.00    8.178737401   -1.974977398   -0.707076367
  10  H9      0.00    6.944215225   -3.139747893    0.470861740
  11  H10     0.00   10.135588495   -2.535872680   -0.363144321
  12  S11     0.00    7.915850040    1.384311267    0.114657813
  13  H12     0.00    7.743236786   -2.296433041   -2.700646729

 Bond lengths in Bohr (Angstrom)

 1-2  2.772145126  1-6  1.889726137  1-7  1.889726122  1-8  1.889726137  2-3  2.081328372
     ( 1.466956021)     ( 1.000000003)     ( 0.999999995)     ( 1.000000003)     ( 1.101391539)

  2- 4  2.068389929   2- 5  2.068314590   9-10  2.065980033   9-11  2.064499690   9-12  3.468310419
       ( 1.094544810)       ( 1.094504942)       ( 1.093269548)       ( 1.092486184)       ( 1.835350827)

  9-13  2.065748606
       ( 1.093147082)

 Bond angles

  1-2-3  114.97091777   1-2-4  108.82223243   1-2-5  108.92862229   2-1-6  109.47122075

  2-1-7  109.47122046   2-1-8  109.47122040   3-2-4  108.32125274   3-2-5  108.10103971

  4-2-5  107.44770163   6-1-7  109.47122110   6-1-8  109.47122038   7-1-8  109.47122072

 10- 9-11  108.55608257  10- 9-12  111.44980305  10- 9-13  109.66566187  11- 9-12  107.18872473

 11- 9-13  108.56147558  12- 9-13  111.30848894

 NUCLEAR CHARGE:                   19
 NUMBER OF PRIMITIVE AOS:         262
 NUMBER OF SYMMETRY AOS:          254
 NUMBER OF CONTRACTIONS:          177   ( 177A   )
 NUMBER OF CORE ORBITALS:           2   (   2A   )
 NUMBER OF VALENCE ORBITALS:       14   (  14A   )

 MOLECULE CHANGED: INITIALIZING OCCUPATION AND DUMP RECORDS


 NUCLEAR REPULSION ENERGY   48.60267443


 Eigenvalues of metric

         1 0.232E-03 0.587E-03 0.630E-03 0.663E-03 0.693E-03 0.730E-03 0.742E-03 0.949E-03


 Contracted 2-electron integrals neglected if value below      1.0D-11

 OPERATOR DM      FOR CENTER  0  COORDINATES:    0.000000    0.000000    0.000000


 **********************************************************************************************************************************
 DATASETS  * FILE   NREC   LENGTH (MB)   RECORD NAMES
              1      18        8.91       500      610      700      900      950      970     1000      129      960     1100   
                                          VAR    BASINP    GEOM    SYMINP    ZMAT    AOBASIS   BASIS     P2S    ABASIS      S 
                                         1400     1410     1200     1210     1080     1600     1650     1700   
                                           T        V       H0       H01     AOSYM     SMH    MOLCAS    OPER   

              2       4        1.15       700     1000      520     2100   
                                         GEOM     BASIS   MCVARS     RHF  

 PROGRAMS   *        TOTAL       INT   CCSD(T)        HF       INT
 CPU TIMES  *       158.80      0.07    151.10      1.82      5.65
 REAL TIME  *       194.20 SEC
 DISK USED  *         4.81 GB      
 SF USED    *       471.72 MB      
 GA USED    *         0.00 MB       (max)       0.00 MB       (current)
 **********************************************************************************************************************************

1PROGRAM * RHF-SCF (CLOSED SHELL)       Authors: W. Meyer, H.-J. Werner


 NUMBER OF ELECTRONS:       9+    9-    SPACE SYMMETRY=1    SPIN SYMMETRY: Singlet 
 CONVERGENCE THRESHOLDS:    1.00E-05 (Density)    1.00E-07 (Energy)
 MAX. NUMBER OF ITERATIONS:       60
 INTERPOLATION TYPE:            DIIS
 INTERPOLATION STEPS:              2 (START)      1 (STEP)
 LEVEL SHIFTS:                  0.00 (CLOSED)  0.00 (OPEN) 



 Orbital guess generated from atomic densities. Full valence occupancy:   16

 Molecular orbital dump at record        2101.2

 ITERATION    DDIFF          GRAD             ENERGY        2-EL.EN.            DIPOLE MOMENTS         DIIS   ORB.
    1      0.000D+00      0.000D+00       -95.54194732    148.061089   -3.53055    1.11412   -0.77312    0    start
    2      0.000D+00      0.464D-02       -95.58383783    150.745588   -3.63969    0.73509   -0.52775    1    diag
    3      0.611D-02      0.186D-02       -95.58846510    149.808558   -3.63798    0.74063   -0.53125    2    diag
    4      0.217D-02      0.567D-03       -95.58907775    150.022110   -3.64590    0.71542   -0.51495    3    diag
    5      0.639D-03      0.833D-04       -95.58910073    150.036266   -3.64738    0.71018   -0.51155    4    diag
    6      0.128D-03      0.149D-04       -95.58910149    150.031040   -3.64777    0.70907   -0.51083    5    diag
    7      0.234D-04      0.463D-05       -95.58910154    150.032197   -3.64779    0.70891   -0.51073    6    diag
    8      0.644D-05      0.110D-05       -95.58910155    150.031937   -3.64781    0.70883   -0.51068    0    orth

 Final occupancy:   9

 !RHF STATE 1.1 Energy                -95.589101545058
 Nuclear energy                        48.60267443
 One-electron energy                 -219.20774426
 Two-electron energy                   75.01596828
 Virial quotient                       -1.00049698
 !RHF STATE 1.1 Dipole moment          -3.64780997     0.70883305    -0.51067810
 Dipole moment /Debye                  -9.27120086     1.80155591    -1.29792926

 Orbital energies:

         1.1          2.1          3.1          4.1          5.1          6.1          7.1          8.1          9.1         10.1
    -15.920375   -11.496724    -1.551732    -1.177530    -1.008270    -1.007741    -0.879826    -0.773204    -0.772503    -0.127189

        11.1
     -0.086406

 HOMO      9.1    -0.772503 =     -21.0209eV
 LUMO     10.1    -0.127189 =      -3.4610eV
 LUMO-HOMO         0.645313 =      17.5599eV


 **********************************************************************************************************************************
 DATASETS  * FILE   NREC   LENGTH (MB)   RECORD NAMES
              1      18        8.91       500      610      700      900      950      970     1000      129      960     1100   
                                          VAR    BASINP    GEOM    SYMINP    ZMAT    AOBASIS   BASIS     P2S    ABASIS      S 
                                         1400     1410     1200     1210     1080     1600     1650     1700   
                                           T        V       H0       H01     AOSYM     SMH    MOLCAS    OPER   

              2       5        2.45       700     1000      520     2100     2101   
                                         GEOM     BASIS   MCVARS     RHF      RHF  

 PROGRAMS   *        TOTAL        HF       INT   CCSD(T)        HF       INT
 CPU TIMES  *       160.09      1.28      0.07    151.10      1.82      5.65
 REAL TIME  *       195.66 SEC
 DISK USED  *         4.81 GB      
 SF USED    *       471.72 MB      
 GA USED    *         0.00 MB       (max)       0.00 MB       (current)
 **********************************************************************************************************************************
 SETTING E_RHF_A        =    -59983.07887490  KCAL/MOL                        


1PROGRAM * CCSD (Closed-shell coupled cluster)     Authors: C. Hampel, H.-J. Werner, 1991, M. Deegan, P.J. Knowles, 1992


 Convergence thresholds:  THRVAR = 1.00D-08  THRDEN = 1.00D-06

 CCSD(T)     terms to be evaluated (factor= 1.000)


 Number of core orbitals:           2 (   2 )
 Number of closed-shell orbitals:   7 (   7 )
 Number of external orbitals:     168 ( 168 )

 Molecular orbitals read from record     2101.2  Type=RHF/CANONICAL (state 1.1)

 Number of N-1 electron functions:               7
 Number of N-2 electron functions:              28
 Number of singly external CSFs:              1176
 Number of doubly external CSFs:            692076
 Total number of CSFs:                      693253

 Length of J-op  integral file:               0.00 MB
 Length of K-op  integral file:               2.15 MB
 Length of 3-ext integral record:             0.00 MB

 Memory could be reduced to 47.45 Mwords without degradation in triples

 Integral transformation finished. Total CPU:   5.17 sec, npass=  1  Memory used:  24.46 MW

 Reference energy:                    -95.58910155

 MP2 singlet pair energy:              -0.22338099
 MP2 triplet pair energy:              -0.10928423
 MP2 correlation energy:               -0.33266523
 MP2 total energy:                    -95.92176677

 SCS-MP2 correlation energy:           -0.33605627   (PS=  1.200000  PT=  0.333333)
 SCS-MP2 total energy:                -95.92515781

 ITER.      SQ.NORM     CORR.ENERGY   TOTAL ENERGY   ENERGY CHANGE        DEN1      VAR(S)    VAR(P)  DIIS     TIME
   1      1.11560153    -0.36287466   -95.95197621    -0.03020943    -0.02138707  0.60D-03  0.18D-02  1  1     6.23
   2      1.12499101    -0.36512034   -95.95422189    -0.00224568    -0.00992974  0.14D-04  0.11D-03  2  2     7.39
   3      1.12664731    -0.36522112   -95.95432267    -0.00010078    -0.00105099  0.17D-05  0.69D-05  3  3     8.55
   4      1.12702607    -0.36524097   -95.95434252    -0.00001985    -0.00018093  0.10D-06  0.37D-06  4  4     9.59
   5      1.12707444    -0.36524112   -95.95434266    -0.00000015    -0.00002553  0.83D-08  0.27D-07  5  5    10.63
   6      1.12707666    -0.36524062   -95.95434217     0.00000050    -0.00000141  0.61D-09  0.16D-08  6  6    11.67

 Norm of t1 vector:      0.03393220      S-energy:     0.00000003      T1 diagnostic:  0.00641258
                                                                       D1 diagnostic:  0.01351239


 Total CPU time for triples:     12.97 sec


 RESULTS
 =======

  Reference energy                    -95.589101545059
  CCSD singlet pair energy             -0.262792768868
  CCSD triplet pair energy             -0.102447886823
  CCSD correlation energy              -0.365240622461

  Triples (T) contribution             -0.009167397074
  Total correlation energy             -0.374408019535

  CCSD total energy                   -95.954342167520
  CCSD[T] energy                      -95.963688688629
  CCSD-T energy                       -95.963399289646
 !CCSD(T) total energy                -95.963509564594

 Timing summary (sec):

 STEP                 CPU(USER)    SYS     CPU(TOT)    WALL
 Transformation          5.19      0.75      5.94      6.67
 CCSD iterations         6.49      0.38      6.87     19.69
 Triples                12.97      0.09     13.06     13.06

 Program statistics:

 Available memory in ccsd:               349999704
 Min. memory needed in ccsd:               2212528
 Max. memory used in ccsd:                 2789377
 Max. memory used in cckext:               2004738 ( 6 integral passes)



 **********************************************************************************************************************************
 DATASETS  * FILE   NREC   LENGTH (MB)   RECORD NAMES
              1      19      153.52       500      610      700      900      950      970     1000      129      960     1100   
                                          VAR    BASINP    GEOM    SYMINP    ZMAT    AOBASIS   BASIS     P2S    ABASIS      S 
                                         1400     1410     1200     1210     1080     1600     1650     1700     1380   
                                           T        V       H0       H01     AOSYM     SMH    MOLCAS    OPER     JKOP   

              2       5        2.45       700     1000      520     2100     2101   
                                         GEOM     BASIS   MCVARS     RHF      RHF  

 PROGRAMS   *        TOTAL   CCSD(T)        HF       INT   CCSD(T)        HF       INT
 CPU TIMES  *       184.78     24.68      1.28      0.07    151.10      1.82      5.65
 REAL TIME  *       235.17 SEC
 DISK USED  *         4.81 GB      
 SF USED    *       471.72 MB      
 GA USED    *         0.00 MB       (max)       0.00 MB       (current)
 **********************************************************************************************************************************
 SETTING E_CORR_A       =    -60218.02350147  KCAL/MOL                        
 SETTING E_A            =      -234.94462658  KCAL/MOL                        
 SETTING CHARGE         =        -1.00000000                                  

 Dummy atoms: N0  C1  H2  H3  H4  H5  H6  H7


 Recomputing one-electron integrals since nuclear charges changed

1PROGRAM * SEWARD (Integral evaluation for generally contracted gaussian basis sets)     Author: Roland Lindh, 1990

 Geometry written to block  1 of record 700


 Point group  C1  



 ATOMIC COORDINATES

 NR  ATOM    CHARGE       X              Y              Z

   1  N0      0.00   -3.537053313    1.115641396   -0.773704901
   2  C1      0.00   -4.179900348   -1.147572098    0.692378647
   3  H2      0.00   -6.218803350   -1.512497111    0.896418047
   4  H3      0.00   -3.358101917   -0.973961069    2.582548864
   5  H4      0.00   -3.318742701   -2.797941738   -0.209071740
   6  H5      0.00   -4.333040843    2.631445093    0.026175012
   7  H6      0.00   -4.179743255    0.925206040   -2.540552044
   8  H7      0.00   -1.660157477    1.333068787   -0.806142900
   9  C8      6.00    8.178737401   -1.974977398   -0.707076367
  10  H9      1.00    6.944215225   -3.139747893    0.470861740
  11  H10     1.00   10.135588495   -2.535872680   -0.363144321
  12  S11    16.00    7.915850040    1.384311267    0.114657813
  13  H12     1.00    7.743236786   -2.296433041   -2.700646729

 Bond lengths in Bohr (Angstrom)

 1-2  2.772145126  1-6  1.889726137  1-7  1.889726122  1-8  1.889726137  2-3  2.081328372
     ( 1.466956021)     ( 1.000000003)     ( 0.999999995)     ( 1.000000003)     ( 1.101391539)

  2- 4  2.068389929   2- 5  2.068314590   9-10  2.065980033   9-11  2.064499690   9-12  3.468310419
       ( 1.094544810)       ( 1.094504942)       ( 1.093269548)       ( 1.092486184)       ( 1.835350827)

  9-13  2.065748606
       ( 1.093147082)

 Bond angles

  1-2-3  114.97091777   1-2-4  108.82223243   1-2-5  108.92862229   2-1-6  109.47122075

  2-1-7  109.47122046   2-1-8  109.47122040   3-2-4  108.32125274   3-2-5  108.10103971

  4-2-5  107.44770163   6-1-7  109.47122110   6-1-8  109.47122038   7-1-8  109.47122072

 10- 9-11  108.55608257  10- 9-12  111.44980305  10- 9-13  109.66566187  11- 9-12  107.18872473

 11- 9-13  108.56147558  12- 9-13  111.30848894

 NUCLEAR CHARGE:                   25
 NUMBER OF PRIMITIVE AOS:         262
 NUMBER OF SYMMETRY AOS:          254
 NUMBER OF CONTRACTIONS:          177   ( 177A   )
 NUMBER OF CORE ORBITALS:           6   (   6A   )
 NUMBER OF VALENCE ORBITALS:       11   (  11A   )

 MOLECULE CHANGED: INITIALIZING OCCUPATION AND DUMP RECORDS


 NUCLEAR REPULSION ENERGY   47.71640682


 Eigenvalues of metric

         1 0.232E-03 0.587E-03 0.630E-03 0.663E-03 0.693E-03 0.730E-03 0.742E-03 0.949E-03


 Contracted 2-electron integrals neglected if value below      1.0D-11

 OPERATOR DM      FOR CENTER  0  COORDINATES:    0.000000    0.000000    0.000000


 **********************************************************************************************************************************
 DATASETS  * FILE   NREC   LENGTH (MB)   RECORD NAMES
              1      18        8.91       500      610      700      900      950      970     1000      129      960     1100   
                                          VAR    BASINP    GEOM    SYMINP    ZMAT    AOBASIS   BASIS     P2S    ABASIS      S 
                                         1400     1410     1200     1210     1080     1600     1650     1700   
                                           T        V       H0       H01     AOSYM     SMH    MOLCAS    OPER   

              2       5        2.45       700     1000      520     2100     2101   
                                         GEOM     BASIS   MCVARS     RHF      RHF  

 PROGRAMS   *        TOTAL       INT   CCSD(T)        HF       INT   CCSD(T)        HF       INT
 CPU TIMES  *       184.85      0.06     24.68      1.28      0.07    151.10      1.82      5.65
 REAL TIME  *       235.36 SEC
 DISK USED  *         4.81 GB      
 SF USED    *       471.72 MB      
 GA USED    *         0.00 MB       (max)       0.00 MB       (current)
 **********************************************************************************************************************************

1PROGRAM * RHF-SCF (CLOSED SHELL)       Authors: W. Meyer, H.-J. Werner


 NUMBER OF ELECTRONS:      13+   13-    SPACE SYMMETRY=1    SPIN SYMMETRY: Singlet 
 CONVERGENCE THRESHOLDS:    1.00E-05 (Density)    1.00E-07 (Energy)
 MAX. NUMBER OF ITERATIONS:       60
 INTERPOLATION TYPE:            DIIS
 INTERPOLATION STEPS:              2 (START)      1 (STEP)
 LEVEL SHIFTS:                  0.00 (CLOSED)  0.00 (OPEN) 



 Orbital guess generated from atomic densities. Full valence occupancy:   17

 Molecular orbital dump at record        2102.2

 ITERATION    DDIFF          GRAD             ENERGY        2-EL.EN.            DIPOLE MOMENTS         DIIS   ORB.
    1      0.000D+00      0.000D+00      -437.09193738    444.841766   -7.85593   -1.95393   -0.25032    0    start
    2      0.000D+00      0.384D-02      -437.14356342    435.684373   -7.90849   -1.27095   -0.08467    1    diag
    3      0.894D-02      0.175D-02      -437.15153587    438.276252   -7.89719   -1.44657   -0.12756    2    diag
    4      0.291D-02      0.307D-03      -437.15216994    438.084780   -7.89340   -1.46439   -0.13167    3    diag
    5      0.666D-03      0.710D-04      -437.15220754    438.085620   -7.89248   -1.46826   -0.13259    4    diag
    6      0.206D-03      0.169D-04      -437.15221027    438.084512   -7.89172   -1.46865   -0.13258    5    diag
    7      0.697D-04      0.534D-05      -437.15221048    438.082285   -7.89155   -1.46885   -0.13261    6    diag
    8      0.225D-04      0.191D-05      -437.15221050    438.083262   -7.89151   -1.46848   -0.13250    7    diag
    9      0.557D-05      0.536D-06      -437.15221050    438.083215   -7.89149   -1.46843   -0.13249    0    orth

 Final occupancy:  13

 !RHF STATE 1.1 Energy               -437.152210501009
 Nuclear energy                        47.71640682
 One-electron energy                 -703.91022460
 Two-electron energy                  219.04160728
 Virial quotient                       -1.00016765
 !RHF STATE 1.1 Dipole moment          -7.89149286    -1.46842752    -0.13248781
 Dipole moment /Debye                 -20.05686044    -3.73212603    -0.33672837

 Orbital energies:

         1.1          2.1          3.1          4.1          5.1          6.1          7.1          8.1          9.1         10.1
    -91.663848   -11.053386    -8.663403    -6.345961    -6.342999    -6.342988    -0.782991    -0.576342    -0.375862    -0.373298

        11.1         12.1         13.1         14.1         15.1
     -0.228383    -0.082603    -0.081443     0.093387     0.121430

 HOMO     13.1    -0.081443 =      -2.2162eV
 LUMO     14.1     0.093387 =       2.5412eV
 LUMO-HOMO         0.174831 =       4.7574eV


 **********************************************************************************************************************************
 DATASETS  * FILE   NREC   LENGTH (MB)   RECORD NAMES
              1      18        8.91       500      610      700      900      950      970     1000      129      960     1100   
                                          VAR    BASINP    GEOM    SYMINP    ZMAT    AOBASIS   BASIS     P2S    ABASIS      S 
                                         1400     1410     1200     1210     1080     1600     1650     1700   
                                           T        V       H0       H01     AOSYM     SMH    MOLCAS    OPER   

              2       6        3.75       700     1000      520     2100     2101     2102   
                                         GEOM     BASIS   MCVARS     RHF      RHF      RHF  

 PROGRAMS   *        TOTAL        HF       INT   CCSD(T)        HF       INT   CCSD(T)        HF       INT
 CPU TIMES  *       186.29      1.44      0.06     24.68      1.28      0.07    151.10      1.82      5.65
 REAL TIME  *       236.97 SEC
 DISK USED  *         4.81 GB      
 SF USED    *       471.72 MB      
 GA USED    *         0.00 MB       (max)       0.00 MB       (current)
 **********************************************************************************************************************************
 SETTING E_RHF_B        =    ***************  KCAL/MOL                        


1PROGRAM * CCSD (Closed-shell coupled cluster)     Authors: C. Hampel, H.-J. Werner, 1991, M. Deegan, P.J. Knowles, 1992


 Convergence thresholds:  THRVAR = 1.00D-08  THRDEN = 1.00D-06

 CCSD(T)     terms to be evaluated (factor= 1.000)


 Number of core orbitals:           6 (   6 )
 Number of closed-shell orbitals:   7 (   7 )
 Number of external orbitals:     164 ( 164 )

 Molecular orbitals read from record     2102.2  Type=RHF/CANONICAL (state 1.1)

 Number of N-1 electron functions:               7
 Number of N-2 electron functions:              28
 Number of singly external CSFs:              1148
 Number of doubly external CSFs:            659526
 Total number of CSFs:                      660675

 Length of J-op  integral file:               0.00 MB
 Length of K-op  integral file:               2.15 MB
 Length of 3-ext integral record:             0.00 MB

 Memory could be reduced to 44.21 Mwords without degradation in triples

 Integral transformation finished. Total CPU:   4.94 sec, npass=  1  Memory used:  24.46 MW

 Reference energy:                   -437.15221050

 MP2 singlet pair energy:              -0.19852864
 MP2 triplet pair energy:              -0.11066427
 MP2 correlation energy:               -0.30919291
 MP2 total energy:                   -437.46140341

 SCS-MP2 correlation energy:           -0.30709213   (PS=  1.200000  PT=  0.333333)
 SCS-MP2 total energy:               -437.45930263

 ITER.      SQ.NORM     CORR.ENERGY   TOTAL ENERGY   ENERGY CHANGE        DEN1      VAR(S)    VAR(P)  DIIS     TIME
   1      1.14991345    -0.33599913  -437.48820963    -0.02680622    -0.01787255  0.13D-02  0.22D-02  1  1     5.97
   2      1.16212329    -0.33805649  -437.49026699    -0.00205736    -0.00953018  0.33D-04  0.21D-03  2  2     7.13
   3      1.16495123    -0.33812309  -437.49033359    -0.00006660    -0.00122188  0.16D-04  0.13D-04  3  3     8.15
   4      1.16590973    -0.33812568  -437.49033618    -0.00000260    -0.00023825  0.27D-05  0.11D-05  4  4     9.17
   5      1.16616906    -0.33811968  -437.49033018     0.00000601    -0.00004508  0.72D-06  0.20D-06  5  5    10.19
   6      1.16626956    -0.33811583  -437.49032633     0.00000385    -0.00001047  0.24D-06  0.49D-07  6  6    11.21
   7      1.16631269    -0.33811444  -437.49032494     0.00000139    -0.00000260  0.92D-07  0.15D-07  6  1    12.26
   8      1.16634007    -0.33811385  -437.49032435     0.00000059    -0.00000117  0.26D-07  0.47D-08  6  2    13.28
   9      1.16635275    -0.33811378  -437.49032428     0.00000008     0.00000068  0.60D-08  0.11D-08  6  3    14.31

 Norm of t1 vector:      0.05879391      S-energy:     0.00000010      T1 diagnostic:  0.01111100
                                                                       D1 diagnostic:  0.02212907


 Total CPU time for triples:     12.09 sec


 RESULTS
 =======

  Reference energy                   -437.152210501009
  CCSD singlet pair energy             -0.235082490114
  CCSD triplet pair energy             -0.103031381745
  CCSD correlation energy              -0.338113776220

  Triples (T) contribution             -0.011875589761
  Total correlation energy             -0.349989365982

  CCSD total energy                  -437.490324277229
  CCSD[T] energy                     -437.502521507281
  CCSD-T energy                      -437.502040626713
 !CCSD(T) total energy               -437.502199866990

 Timing summary (sec):

 STEP                 CPU(USER)    SYS     CPU(TOT)    WALL
 Transformation          4.95      0.68      5.63      5.74
 CCSD iterations         9.36      0.53      9.89     26.29
 Triples                12.09      0.08     12.17     12.18

 Program statistics:

 Available memory in ccsd:               349999704
 Min. memory needed in ccsd:               2128924
 Max. memory used in ccsd:                 2668449
 Max. memory used in cckext:               2004738 ( 9 integral passes)



 **********************************************************************************************************************************
 DATASETS  * FILE   NREC   LENGTH (MB)   RECORD NAMES
              1      19      144.22       500      610      700      900      950      970     1000      129      960     1100   
                                          VAR    BASINP    GEOM    SYMINP    ZMAT    AOBASIS   BASIS     P2S    ABASIS      S 
                                         1400     1410     1200     1210     1080     1600     1650     1700     1380   
                                           T        V       H0       H01     AOSYM     SMH    MOLCAS    OPER     JKOP   

              2       6        3.75       700     1000      520     2100     2101     2102   
                                         GEOM     BASIS   MCVARS     RHF      RHF      RHF  

 PROGRAMS   *        TOTAL   CCSD(T)        HF       INT   CCSD(T)        HF       INT   CCSD(T)        HF       INT
 CPU TIMES  *       212.72     26.42      1.44      0.06     24.68      1.28      0.07    151.10      1.82      5.65
 REAL TIME  *       281.28 SEC
 DISK USED  *         4.81 GB      
 SF USED    *       471.72 MB      
 GA USED    *         0.00 MB       (max)       0.00 MB       (current)
 **********************************************************************************************************************************
 SETTING E_CORR_B       =    ***************  KCAL/MOL                        
 SETTING E_B            =      -219.62168705  KCAL/MOL                        
 SETTING E_RHF_CP       =       -56.25724873  KCAL/MOL                        
 SETTING E_CORR_CP      =        -2.49201809  KCAL/MOL                        

        CCSD(T)         HF-SCF          CCSD(T)         HF-SCF          CCSD(T)         HF-SCF  
   -437.50219987   -437.15221050    -95.96350956    -95.58910155   -533.55933233   -532.83096366
 **********************************************************************************************************************************
 Variable memory released
