
 Primary working directories    : /scratch/1723621.phoenix.chem.wisc.edu
 Secondary working directories  : /scratch/1723621.phoenix.chem.wisc.edu
 Wavefunction directory         : /scratch/1723621.phoenix.chem.wisc.edu/
 Main file repository           : /scratch/1723621.phoenix.chem.wisc.edu/

 SHA1      : 65e45729fe3f963b0eb97374e3bda9949063ef0f
 NAME      : 2012.1.17
 ARCHNAME  : Linux/x86_64
 FC        : /opt/intel/composer_xe_2013.5.192/bin/intel64/ifort
 FCVERSION : 13.1.3
 BLASLIB   : -L/opt/intel/composer_xe_2013.5.192/mkl/lib/intel64 -lmkl_intel_ilp64 -lmkl_sequential -lmkl_core
 id        : cuichemwisc

 Nodes             nprocs
 compute-1-34.local   12
 ga_uses_ma=false, calling ma_init with nominal heap.
 GA-space will be limited to   8.0 MW (determined by -G option)

 Using customized tuning parameters: mindgm=1; mindgv=20; mindgc=4; mindgr=1; noblas=0; minvec=7
 default implementation of scratch files=sf  

 geomtyp=xyz
 geometry={
 13
  N0         -1.871728000000       0.590372000000      -0.409427000000
  C1         -2.211908000000      -0.607269000000       0.366391000000
  H2         -3.290849000000      -0.800379000000       0.474364000000
  H3         -1.777031000000      -0.515398000000       1.366626000000
  H4         -1.756203000000      -1.480607000000      -0.110636000000
  H5         -2.292946460000       1.392500770000       0.013851220000
  H6         -2.211824870000       0.489597950000      -1.344402240000
  H7         -0.878517500000       0.705429620000      -0.426592450000
  C8          1.508119864122      -1.098242666717      -0.355707818837
  H9          0.854838864122      -1.714612666717       0.267630181163
  H10         2.543640864122      -1.395055666717      -0.173706818837
  S11         1.369005864122       0.679416333283       0.079135181163
  H12         1.277662864122      -1.268349666717      -1.410659818837
 }
 
 
 basis=avdz
 
                                                                                 ! Complex
 set,charge=0
 
 hf
 e_rhf_c = energy*tokcal
 ccsd(t)
 e_corr_c = energy*tokcal
 e_c = e_corr_c - e_rhf_c
 
 
                                                                                 ! Monomer 1
 set,charge=1
 dummy,C8,H9,H10,S11,H12
 
 hf
 e_rhf_a = energy*tokcal
 ccsd(t)
 e_corr_a = energy*tokcal
 e_a = e_corr_a - e_rhf_a
 
 
                                                                                 ! Monomer 2
 set,charge=-1
 dummy,N0,C1,H2,H3,H4,H5,H6,H7
 
 hf
 e_rhf_b = energy*tokcal
 ccsd(t)
 e_corr_b = energy*tokcal
 e_b = e_corr_b - e_rhf_b
 
 
 e_rhf_cp = e_rhf_c - (e_rhf_a + e_rhf_b)
 e_corr_cp = e_c - (e_a + e_b)

 Variables initialized (782), CPU time= 0.01 sec
 Commands  initialized (547), CPU time= 0.01 sec, 517 directives.
 Default parameters read. Elapsed time= 0.10 sec

 Checking input...
 Passed
1


                                         ***  PROGRAM SYSTEM MOLPRO  ***
                         Copyright, University College Cardiff Consultants Limited, 2008

                                    Version 2012.1 linked Oct 11 2014 15:40:16


 **********************************************************************************************************************************
 LABEL *                                                                                 
 Linux-2.6.18-308.el5/compute-1-34.local(x86_64) 64 bit mpp version                      DATE: 12-Dec-14          TIME: 06:25:42  
 **********************************************************************************************************************************

 SHA1:             65e45729fe3f963b0eb97374e3bda9949063ef0f
 **********************************************************************************************************************************
 SETTING GEOMTYP        =    XYZ

 Variable memory set to  350000000 words,  buffer space   230000 words

 SETTING BASIS          =    AVDZ
 SETTING CHARGE         =         0.00000000                                  


 Recomputing integrals since basis changed


 Using spherical harmonics

 Library entry N      S aug-cc-pVDZ          selected for orbital group  1
 Library entry N      P aug-cc-pVDZ          selected for orbital group  1
 Library entry N      D aug-cc-pVDZ          selected for orbital group  1
 Library entry C      S aug-cc-pVDZ          selected for orbital group  2
 Library entry C      P aug-cc-pVDZ          selected for orbital group  2
 Library entry C      D aug-cc-pVDZ          selected for orbital group  2
 Library entry H      S aug-cc-pVDZ          selected for orbital group  3
 Library entry H      P aug-cc-pVDZ          selected for orbital group  3
 Library entry S      S aug-cc-pVDZ          selected for orbital group  6
 Library entry S      P aug-cc-pVDZ          selected for orbital group  6
 Library entry S      D aug-cc-pVDZ          selected for orbital group  6

1PROGRAM * SEWARD (Integral evaluation for generally contracted gaussian basis sets)     Author: Roland Lindh, 1990

 Geometry written to block  1 of record 700


 Point group  C1  



 ATOMIC COORDINATES

 NR  ATOM    CHARGE       X              Y              Z

   1  N0      7.00   -3.537053313    1.115641396   -0.773704901
   2  C1      6.00   -4.179900348   -1.147572098    0.692378647
   3  H2      1.00   -6.218803350   -1.512497111    0.896418047
   4  H3      1.00   -3.358101917   -0.973961069    2.582548864
   5  H4      1.00   -3.318742701   -2.797941738   -0.209071740
   6  H5      1.00   -4.333040843    2.631445093    0.026175012
   7  H6      1.00   -4.179743255    0.925206040   -2.540552044
   8  H7      1.00   -1.660157477    1.333068787   -0.806142900
   9  C8      6.00    2.849933517   -2.075377866   -0.672190360
  10  H9      1.00    1.615411340   -3.240148362    0.505747747
  11  H10     1.00    4.806784610   -2.636273148   -0.328258315
  12  S11    16.00    2.587046156    1.283910799    0.149543820
  13  H12     1.00    2.414432901   -2.396833509   -2.665760722

 Bond lengths in Bohr (Angstrom)

 1-2  2.772145126  1-6  1.889726137  1-7  1.889726122  1-8  1.889726137  2-3  2.081328372
     ( 1.466956021)     ( 1.000000003)     ( 0.999999995)     ( 1.000000003)     ( 1.101391539)

  2- 4  2.068389929   2- 5  2.068314590   9-10  2.065980033   9-11  2.064499690   9-12  3.468310419
       ( 1.094544810)       ( 1.094504942)       ( 1.093269548)       ( 1.092486184)       ( 1.835350827)

  9-13  2.065748606
       ( 1.093147082)

 Bond angles

  1-2-3  114.97091777   1-2-4  108.82223243   1-2-5  108.92862229   2-1-6  109.47122075

  2-1-7  109.47122046   2-1-8  109.47122040   3-2-4  108.32125274   3-2-5  108.10103971

  4-2-5  107.44770163   6-1-7  109.47122110   6-1-8  109.47122038   7-1-8  109.47122072

 10- 9-11  108.55608257  10- 9-12  111.44980305  10- 9-13  109.66566187  11- 9-12  107.18872473

 11- 9-13  108.56147558  12- 9-13  111.30848894

 NUCLEAR CHARGE:                   44
 NUMBER OF PRIMITIVE AOS:         262
 NUMBER OF SYMMETRY AOS:          254
 NUMBER OF CONTRACTIONS:          177   ( 177A   )
 NUMBER OF CORE ORBITALS:           8   (   8A   )
 NUMBER OF VALENCE ORBITALS:       25   (  25A   )


 NUCLEAR REPULSION ENERGY  165.56796256


 Eigenvalues of metric

         1 0.164E-03 0.395E-03 0.418E-03 0.476E-03 0.524E-03 0.547E-03 0.624E-03 0.703E-03


 Contracted 2-electron integrals neglected if value below      1.0D-11
 AO integral compression algorithm  1   Integral accuracy      1.0D-11

     553.648 MB (compressed) written to integral file ( 49.4%)

     Node minimum: 42.729 MB, node maximum: 49.283 MB


 NUMBER OF SORTED TWO-ELECTRON INTEGRALS:   10335936.     BUFFER LENGTH:  32768
 NUMBER OF SEGMENTS:   1  SEGMENT LENGTH:   10335936      RECORD LENGTH: 524288

 Memory used in sort:      10.89 MW

 SORT1 READ   139931392. AND WROTE    10058664. INTEGRALS IN     29 RECORDS. CPU TIME:     3.84 SEC, REAL TIME:     8.55 SEC
 SORT2 READ   120759209. AND WROTE   124086381. INTEGRALS IN   1956 RECORDS. CPU TIME:     0.41 SEC, REAL TIME:     9.40 SEC

 Node minimum:    10333312.  Node maximum:    10347753. integrals

 OPERATOR DM      FOR CENTER  0  COORDINATES:    0.000000    0.000000    0.000000


 **********************************************************************************************************************************
 DATASETS  * FILE   NREC   LENGTH (MB)   RECORD NAMES
              1      18        8.91       500      610      700      900      950      970     1000      129      960     1100   
                                          VAR    BASINP    GEOM    SYMINP    ZMAT    AOBASIS   BASIS     P2S    ABASIS      S 
                                         1400     1410     1200     1210     1080     1600     1650     1700   
                                           T        V       H0       H01     AOSYM     SMH    MOLCAS    OPER   

 PROGRAMS   *        TOTAL       INT
 CPU TIMES  *         6.74      6.60
 REAL TIME  *        21.10 SEC
 DISK USED  *         1.97 GB      
 GA USED    *         0.00 MB       (max)       0.00 MB       (current)
 **********************************************************************************************************************************

1PROGRAM * RHF-SCF (CLOSED SHELL)       Authors: W. Meyer, H.-J. Werner


 NUMBER OF ELECTRONS:      22+   22-    SPACE SYMMETRY=1    SPIN SYMMETRY: Singlet 
 CONVERGENCE THRESHOLDS:    1.00E-05 (Density)    1.00E-07 (Energy)
 MAX. NUMBER OF ITERATIONS:       60
 INTERPOLATION TYPE:            DIIS
 INTERPOLATION STEPS:              2 (START)      1 (STEP)
 LEVEL SHIFTS:                  0.00 (CLOSED)  0.00 (OPEN) 



 Orbital guess generated from atomic densities. Full valence occupancy:   33

 Molecular orbital dump at record        2100.2

 ITERATION    DDIFF          GRAD             ENERGY        2-EL.EN.            DIPOLE MOMENTS         DIIS   ORB.
    1      0.000D+00      0.000D+00      -532.81582030    728.979480   -5.75666   -0.73479   -1.00763    0    start
    2      0.000D+00      0.412D-02      -532.89775420    723.757561   -4.62923   -0.46808   -0.46256    1    diag
    3      0.102D-01      0.177D-02      -532.90955883    725.300655   -4.80225   -0.61330   -0.59319    2    diag
    4      0.348D-02      0.438D-03      -532.91074352    725.264962   -4.74239   -0.62830   -0.57571    3    diag
    5      0.869D-03      0.942D-04      -532.91081577    725.128669   -4.72851   -0.62586   -0.57154    4    diag
    6      0.229D-03      0.316D-04      -532.91082355    725.163090   -4.72716   -0.62790   -0.57123    5    diag
    7      0.790D-04      0.755D-05      -532.91082416    725.155466   -4.72650   -0.62772   -0.57108    6    diag
    8      0.213D-04      0.221D-05      -532.91082424    725.156066   -4.72624   -0.62742   -0.57090    7    diag
    9      0.933D-05      0.546D-06      -532.91082424    725.156040   -4.72618   -0.62738   -0.57091    0    orth

 Final occupancy:  22

 !RHF STATE 1.1 Energy               -532.910824240326
 Nuclear energy                       165.56796256
 One-electron energy                -1061.05680700
 Two-electron energy                  362.57802020
 Virial quotient                       -1.00035199
 !RHF STATE 1.1 Dipole moment          -4.72617653    -0.62738062    -0.57091145
 Dipole moment /Debye                 -12.01195574    -1.59453803    -1.45101711

 Orbital energies:

         1.1          2.1          3.1          4.1          5.1          6.1          7.1          8.1          9.1         10.1
    -91.820894   -15.727628   -11.339763   -11.196196    -8.820930    -6.503370    -6.500842    -6.500422    -1.368382    -1.013422

        11.1         12.1         13.1         14.1         15.1         16.1         17.1         18.1         19.1         20.1
     -0.932085    -0.828859    -0.820761    -0.730315    -0.709126    -0.615658    -0.613364    -0.519737    -0.516893    -0.380660

        21.1         22.1         23.1         24.1
     -0.251128    -0.239948    -0.001384     0.025146

 HOMO     22.1    -0.239948 =      -6.5293eV
 LUMO     23.1    -0.001384 =      -0.0377eV
 LUMO-HOMO         0.238564 =       6.4917eV


 **********************************************************************************************************************************
 DATASETS  * FILE   NREC   LENGTH (MB)   RECORD NAMES
              1      18        8.91       500      610      700      900      950      970     1000      129      960     1100   
                                          VAR    BASINP    GEOM    SYMINP    ZMAT    AOBASIS   BASIS     P2S    ABASIS      S 
                                         1400     1410     1200     1210     1080     1600     1650     1700   
                                           T        V       H0       H01     AOSYM     SMH    MOLCAS    OPER   

              2       4        1.15       700     1000      520     2100   
                                         GEOM     BASIS   MCVARS     RHF  

 PROGRAMS   *        TOTAL        HF       INT
 CPU TIMES  *         8.33      1.59      6.60
 REAL TIME  *        22.89 SEC
 DISK USED  *         2.12 GB      
 SF USED    *         0.13 MB      
 GA USED    *         0.00 MB       (max)       0.00 MB       (current)
 **********************************************************************************************************************************
 SETTING E_RHF_C        =    ***************  KCAL/MOL                        


1PROGRAM * CCSD (Closed-shell coupled cluster)     Authors: C. Hampel, H.-J. Werner, 1991, M. Deegan, P.J. Knowles, 1992


 Convergence thresholds:  THRVAR = 1.00D-08  THRDEN = 1.00D-06

 CCSD(T)     terms to be evaluated (factor= 1.000)


 Number of core orbitals:           8 (   8 )
 Number of closed-shell orbitals:  14 (  14 )
 Number of external orbitals:     155 ( 155 )

 Molecular orbitals read from record     2100.2  Type=RHF/CANONICAL (state 1.1)

 Number of N-1 electron functions:              14
 Number of N-2 electron functions:             105
 Number of singly external CSFs:              2170
 Number of doubly external CSFs:           2355535
 Total number of CSFs:                     2357706

 Length of J-op  integral file:               0.00 MB
 Length of K-op  integral file:               2.15 MB
 Length of 3-ext integral record:             0.00 MB

 Memory could be reduced to 67.76 Mwords without degradation in triples

 Integral transformation finished. Total CPU:  10.74 sec, npass=  1  Memory used:  47.93 MW

 Reference energy:                   -532.91082424

 MP2 singlet pair energy:              -0.42550362
 MP2 triplet pair energy:              -0.22705611
 MP2 correlation energy:               -0.65255973
 MP2 total energy:                   -533.56338397

 SCS-MP2 correlation energy:           -0.65188370   (PS=  1.200000  PT=  0.333333)
 SCS-MP2 total energy:               -533.56270794

 ITER.      SQ.NORM     CORR.ENERGY   TOTAL ENERGY   ENERGY CHANGE        DEN1      VAR(S)    VAR(P)  DIIS     TIME
   1      1.26802118    -0.70816423  -533.61898847    -0.05560450    -0.03745776  0.25D-02  0.40D-02  1  1    15.13
   2      1.29007401    -0.71246080  -533.62328504    -0.00429657    -0.01947498  0.59D-04  0.39D-03  2  2    19.60
   3      1.29529540    -0.71264179  -533.62346603    -0.00018099    -0.00245084  0.65D-04  0.24D-04  3  3    23.87
   4      1.29722675    -0.71267645  -533.62350069    -0.00003466    -0.00052331  0.15D-04  0.45D-05  4  4    28.16
   5      1.29805641    -0.71268006  -533.62350430    -0.00000361    -0.00013159  0.71D-05  0.11D-05  5  5    32.51
   6      1.29862305    -0.71267518  -533.62349942     0.00000488    -0.00004680  0.24D-05  0.38D-06  6  6    36.86
   7      1.29901251    -0.71267048  -533.62349472     0.00000470    -0.00002103  0.51D-06  0.11D-06  6  1    41.20
   8      1.29921949    -0.71266906  -533.62349330     0.00000141    -0.00000790  0.82D-07  0.19D-07  6  2    45.50
   9      1.29927840    -0.71266925  -533.62349349    -0.00000019     0.00000177  0.17D-07  0.36D-08  6  3    49.81
  10      1.29929234    -0.71266943  -533.62349367    -0.00000019     0.00000066  0.38D-08  0.79D-09  6  4    54.14

 Norm of t1 vector:      0.08869632      S-energy:     0.00000092      T1 diagnostic:  0.01185254
                                                                       D1 diagnostic:  0.04422223


 Total CPU time for triples:     66.75 sec


 RESULTS
 =======

  Reference energy                   -532.910824240327
  CCSD singlet pair energy             -0.500169663916
  CCSD triplet pair energy             -0.212500686369
  CCSD correlation energy              -0.712669434204

  Triples (T) contribution             -0.022808600501
  Total correlation energy             -0.735478034705

  CCSD total energy                  -533.623493674531
  CCSD[T] energy                     -533.646942531805
  CCSD-T energy                      -533.645977858786
 !CCSD(T) total energy               -533.646302275032

 Timing summary (sec):

 STEP                 CPU(USER)    SYS     CPU(TOT)    WALL
 Transformation         10.80      1.58     12.38     12.80
 CCSD iterations        43.35      2.10     45.45     66.16
 Triples                66.75      0.63     67.38     67.39

 Program statistics:

 Available memory in ccsd:               349999116
 Min. memory needed in ccsd:               6084489
 Max. memory used in ccsd:                 8170678
 Max. memory used in cckext:               6910065 (10 integral passes)



 **********************************************************************************************************************************
 DATASETS  * FILE   NREC   LENGTH (MB)   RECORD NAMES
              1      19      258.85       500      610      700      900      950      970     1000      129      960     1100   
                                          VAR    BASINP    GEOM    SYMINP    ZMAT    AOBASIS   BASIS     P2S    ABASIS      S 
                                         1400     1410     1200     1210     1080     1600     1650     1700     1380   
                                           T        V       H0       H01     AOSYM     SMH    MOLCAS    OPER     JKOP   

              2       4        1.15       700     1000      520     2100   
                                         GEOM     BASIS   MCVARS     RHF  

 PROGRAMS   *        TOTAL   CCSD(T)        HF       INT
 CPU TIMES  *       129.28    120.94      1.59      6.60
 REAL TIME  *       169.41 SEC
 DISK USED  *         2.61 GB      
 SF USED    *       471.72 MB      
 GA USED    *         0.00 MB       (max)       0.00 MB       (current)
 **********************************************************************************************************************************
 SETTING E_CORR_C       =    ***************  KCAL/MOL                        
 SETTING E_C            =      -461.51952737  KCAL/MOL                        
 SETTING CHARGE         =         1.00000000                                  

 Dummy atoms: C8  H9  H10  S11  H12


 Recomputing one-electron integrals since nuclear charges changed

1PROGRAM * SEWARD (Integral evaluation for generally contracted gaussian basis sets)     Author: Roland Lindh, 1990

 Geometry written to block  1 of record 700


 Point group  C1  



 ATOMIC COORDINATES

 NR  ATOM    CHARGE       X              Y              Z

   1  N0      7.00   -3.537053313    1.115641396   -0.773704901
   2  C1      6.00   -4.179900348   -1.147572098    0.692378647
   3  H2      1.00   -6.218803350   -1.512497111    0.896418047
   4  H3      1.00   -3.358101917   -0.973961069    2.582548864
   5  H4      1.00   -3.318742701   -2.797941738   -0.209071740
   6  H5      1.00   -4.333040843    2.631445093    0.026175012
   7  H6      1.00   -4.179743255    0.925206040   -2.540552044
   8  H7      1.00   -1.660157477    1.333068787   -0.806142900
   9  C8      0.00    2.849933517   -2.075377866   -0.672190360
  10  H9      0.00    1.615411340   -3.240148362    0.505747747
  11  H10     0.00    4.806784610   -2.636273148   -0.328258315
  12  S11     0.00    2.587046156    1.283910799    0.149543820
  13  H12     0.00    2.414432901   -2.396833509   -2.665760722

 Bond lengths in Bohr (Angstrom)

 1-2  2.772145126  1-6  1.889726137  1-7  1.889726122  1-8  1.889726137  2-3  2.081328372
     ( 1.466956021)     ( 1.000000003)     ( 0.999999995)     ( 1.000000003)     ( 1.101391539)

  2- 4  2.068389929   2- 5  2.068314590   9-10  2.065980033   9-11  2.064499690   9-12  3.468310419
       ( 1.094544810)       ( 1.094504942)       ( 1.093269548)       ( 1.092486184)       ( 1.835350827)

  9-13  2.065748606
       ( 1.093147082)

 Bond angles

  1-2-3  114.97091777   1-2-4  108.82223243   1-2-5  108.92862229   2-1-6  109.47122075

  2-1-7  109.47122046   2-1-8  109.47122040   3-2-4  108.32125274   3-2-5  108.10103971

  4-2-5  107.44770163   6-1-7  109.47122110   6-1-8  109.47122038   7-1-8  109.47122072

 10- 9-11  108.55608257  10- 9-12  111.44980305  10- 9-13  109.66566187  11- 9-12  107.18872473

 11- 9-13  108.56147558  12- 9-13  111.30848894

 NUCLEAR CHARGE:                   19
 NUMBER OF PRIMITIVE AOS:         262
 NUMBER OF SYMMETRY AOS:          254
 NUMBER OF CONTRACTIONS:          177   ( 177A   )
 NUMBER OF CORE ORBITALS:           2   (   2A   )
 NUMBER OF VALENCE ORBITALS:       14   (  14A   )

 MOLECULE CHANGED: INITIALIZING OCCUPATION AND DUMP RECORDS


 NUCLEAR REPULSION ENERGY   48.60267443


 Eigenvalues of metric

         1 0.164E-03 0.395E-03 0.418E-03 0.476E-03 0.524E-03 0.547E-03 0.624E-03 0.703E-03


 Contracted 2-electron integrals neglected if value below      1.0D-11

 OPERATOR DM      FOR CENTER  0  COORDINATES:    0.000000    0.000000    0.000000


 **********************************************************************************************************************************
 DATASETS  * FILE   NREC   LENGTH (MB)   RECORD NAMES
              1      18        8.91       500      610      700      900      950      970     1000      129      960     1100   
                                          VAR    BASINP    GEOM    SYMINP    ZMAT    AOBASIS   BASIS     P2S    ABASIS      S 
                                         1400     1410     1200     1210     1080     1600     1650     1700   
                                           T        V       H0       H01     AOSYM     SMH    MOLCAS    OPER   

              2       4        1.15       700     1000      520     2100   
                                         GEOM     BASIS   MCVARS     RHF  

 PROGRAMS   *        TOTAL       INT   CCSD(T)        HF       INT
 CPU TIMES  *       129.35      0.08    120.94      1.59      6.60
 REAL TIME  *       169.67 SEC
 DISK USED  *         5.34 GB      
 SF USED    *       471.72 MB      
 GA USED    *         0.00 MB       (max)       0.00 MB       (current)
 **********************************************************************************************************************************

1PROGRAM * RHF-SCF (CLOSED SHELL)       Authors: W. Meyer, H.-J. Werner


 NUMBER OF ELECTRONS:       9+    9-    SPACE SYMMETRY=1    SPIN SYMMETRY: Singlet 
 CONVERGENCE THRESHOLDS:    1.00E-05 (Density)    1.00E-07 (Energy)
 MAX. NUMBER OF ITERATIONS:       60
 INTERPOLATION TYPE:            DIIS
 INTERPOLATION STEPS:              2 (START)      1 (STEP)
 LEVEL SHIFTS:                  0.00 (CLOSED)  0.00 (OPEN) 



 Orbital guess generated from atomic densities. Full valence occupancy:   16

 Molecular orbital dump at record        2101.2

 ITERATION    DDIFF          GRAD             ENERGY        2-EL.EN.            DIPOLE MOMENTS         DIIS   ORB.
    1      0.000D+00      0.000D+00       -95.54223823    148.064342   -3.53043    1.11412   -0.77299    0    start
    2      0.000D+00      0.464D-02       -95.58412001    150.747815   -3.63946    0.73508   -0.52763    1    diag
    3      0.618D-02      0.186D-02       -95.58874331    149.811289   -3.63766    0.74063   -0.53114    2    diag
    4      0.221D-02      0.567D-03       -95.58935543    150.024784   -3.64554    0.71544   -0.51485    3    diag
    5      0.649D-03      0.834D-04       -95.58937841    150.038938   -3.64703    0.71020   -0.51146    4    diag
    6      0.134D-03      0.150D-04       -95.58937918    150.033708   -3.64741    0.70910   -0.51074    5    diag
    7      0.241D-04      0.463D-05       -95.58937923    150.034865   -3.64744    0.70893   -0.51064    6    diag
    8      0.653D-05      0.110D-05       -95.58937923    150.034604   -3.64746    0.70886   -0.51059    0    orth

 Final occupancy:   9

 !RHF STATE 1.1 Energy                -95.589379233357
 Nuclear energy                        48.60267443
 One-electron energy                 -219.20935582
 Two-electron energy                   75.01730215
 Virial quotient                       -1.00047370
 !RHF STATE 1.1 Dipole moment          -3.64745609     0.70885669    -0.51058870
 Dipole moment /Debye                  -9.27030146     1.80161598    -1.29770202

 Orbital energies:

         1.1          2.1          3.1          4.1          5.1          6.1          7.1          8.1          9.1         10.1
    -15.920227   -11.496522    -1.551699    -1.177490    -1.008218    -1.007769    -0.879795    -0.773192    -0.772464    -0.127219

        11.1
     -0.086557

 HOMO      9.1    -0.772464 =     -21.0198eV
 LUMO     10.1    -0.127219 =      -3.4618eV
 LUMO-HOMO         0.645245 =      17.5580eV


 **********************************************************************************************************************************
 DATASETS  * FILE   NREC   LENGTH (MB)   RECORD NAMES
              1      18        8.91       500      610      700      900      950      970     1000      129      960     1100   
                                          VAR    BASINP    GEOM    SYMINP    ZMAT    AOBASIS   BASIS     P2S    ABASIS      S 
                                         1400     1410     1200     1210     1080     1600     1650     1700   
                                           T        V       H0       H01     AOSYM     SMH    MOLCAS    OPER   

              2       5        2.45       700     1000      520     2100     2101   
                                         GEOM     BASIS   MCVARS     RHF      RHF  

 PROGRAMS   *        TOTAL        HF       INT   CCSD(T)        HF       INT
 CPU TIMES  *       130.74      1.39      0.08    120.94      1.59      6.60
 REAL TIME  *       171.41 SEC
 DISK USED  *         5.34 GB      
 SF USED    *       471.72 MB      
 GA USED    *         0.00 MB       (max)       0.00 MB       (current)
 **********************************************************************************************************************************
 SETTING E_RHF_A        =    -59983.25312697  KCAL/MOL                        


1PROGRAM * CCSD (Closed-shell coupled cluster)     Authors: C. Hampel, H.-J. Werner, 1991, M. Deegan, P.J. Knowles, 1992


 Convergence thresholds:  THRVAR = 1.00D-08  THRDEN = 1.00D-06

 CCSD(T)     terms to be evaluated (factor= 1.000)


 Number of core orbitals:           2 (   2 )
 Number of closed-shell orbitals:   7 (   7 )
 Number of external orbitals:     168 ( 168 )

 Molecular orbitals read from record     2101.2  Type=RHF/CANONICAL (state 1.1)

 Number of N-1 electron functions:               7
 Number of N-2 electron functions:              28
 Number of singly external CSFs:              1176
 Number of doubly external CSFs:            692076
 Total number of CSFs:                      693253

 Length of J-op  integral file:               0.00 MB
 Length of K-op  integral file:               2.15 MB
 Length of 3-ext integral record:             0.00 MB

 Memory could be reduced to 47.45 Mwords without degradation in triples

 Integral transformation finished. Total CPU:   5.04 sec, npass=  1  Memory used:  24.46 MW

 Reference energy:                    -95.58937923

 MP2 singlet pair energy:              -0.22373099
 MP2 triplet pair energy:              -0.10941996
 MP2 correlation energy:               -0.33315095
 MP2 total energy:                    -95.92253019

 SCS-MP2 correlation energy:           -0.33656072   (PS=  1.200000  PT=  0.333333)
 SCS-MP2 total energy:                -95.92593996

 ITER.      SQ.NORM     CORR.ENERGY   TOTAL ENERGY   ENERGY CHANGE        DEN1      VAR(S)    VAR(P)  DIIS     TIME
   1      1.11563001    -0.36331585   -95.95269508    -0.03016490    -0.02134362  0.60D-03  0.18D-02  1  1     6.12
   2      1.12500764    -0.36555826   -95.95493749    -0.00224241    -0.00991840  0.14D-04  0.11D-03  2  2     7.26
   3      1.12667021    -0.36565879   -95.95503802    -0.00010053    -0.00105689  0.17D-05  0.70D-05  3  3     8.39
   4      1.12705046    -0.36567870   -95.95505793    -0.00001991    -0.00018158  0.10D-06  0.37D-06  4  4     9.52
   5      1.12709931    -0.36567886   -95.95505810    -0.00000016    -0.00002572  0.84D-08  0.28D-07  5  5    10.65
   6      1.12710165    -0.36567836   -95.95505760     0.00000050    -0.00000147  0.63D-09  0.17D-08  6  6    11.79

 Norm of t1 vector:      0.03393770      S-energy:     0.00000004      T1 diagnostic:  0.00641362
                                                                       D1 diagnostic:  0.01350901


 Total CPU time for triples:     12.84 sec


 RESULTS
 =======

  Reference energy                    -95.589379233358
  CCSD singlet pair energy             -0.263102971877
  CCSD triplet pair energy             -0.102575431065
  CCSD correlation energy              -0.365678361664

  Triples (T) contribution             -0.009210652235
  Total correlation energy             -0.374889013900

  CCSD total energy                   -95.955057595022
  CCSD[T] energy                      -95.964447713672
  CCSD-T energy                       -95.964157605488
 !CCSD(T) total energy                -95.964268247257

 Timing summary (sec):

 STEP                 CPU(USER)    SYS     CPU(TOT)    WALL
 Transformation          5.06      0.80      5.86      6.01
 CCSD iterations         6.74      0.44      7.18      7.21
 Triples                12.84      0.10     12.94     12.94

 Program statistics:

 Available memory in ccsd:               349999704
 Min. memory needed in ccsd:               2212528
 Max. memory used in ccsd:                 2789377
 Max. memory used in cckext:               2004738 ( 6 integral passes)



 **********************************************************************************************************************************
 DATASETS  * FILE   NREC   LENGTH (MB)   RECORD NAMES
              1      19      153.52       500      610      700      900      950      970     1000      129      960     1100   
                                          VAR    BASINP    GEOM    SYMINP    ZMAT    AOBASIS   BASIS     P2S    ABASIS      S 
                                         1400     1410     1200     1210     1080     1600     1650     1700     1380   
                                           T        V       H0       H01     AOSYM     SMH    MOLCAS    OPER     JKOP   

              2       5        2.45       700     1000      520     2100     2101   
                                         GEOM     BASIS   MCVARS     RHF      RHF  

 PROGRAMS   *        TOTAL   CCSD(T)        HF       INT   CCSD(T)        HF       INT
 CPU TIMES  *       155.41     24.67      1.39      0.08    120.94      1.59      6.60
 REAL TIME  *       197.67 SEC
 DISK USED  *         5.34 GB      
 SF USED    *       471.72 MB      
 GA USED    *         0.00 MB       (max)       0.00 MB       (current)
 **********************************************************************************************************************************
 SETTING E_CORR_A       =    -60218.49958213  KCAL/MOL                        
 SETTING E_A            =      -235.24645516  KCAL/MOL                        
 SETTING CHARGE         =        -1.00000000                                  

 Dummy atoms: N0  C1  H2  H3  H4  H5  H6  H7


 Recomputing one-electron integrals since nuclear charges changed

1PROGRAM * SEWARD (Integral evaluation for generally contracted gaussian basis sets)     Author: Roland Lindh, 1990

 Geometry written to block  1 of record 700


 Point group  C1  



 ATOMIC COORDINATES

 NR  ATOM    CHARGE       X              Y              Z

   1  N0      0.00   -3.537053313    1.115641396   -0.773704901
   2  C1      0.00   -4.179900348   -1.147572098    0.692378647
   3  H2      0.00   -6.218803350   -1.512497111    0.896418047
   4  H3      0.00   -3.358101917   -0.973961069    2.582548864
   5  H4      0.00   -3.318742701   -2.797941738   -0.209071740
   6  H5      0.00   -4.333040843    2.631445093    0.026175012
   7  H6      0.00   -4.179743255    0.925206040   -2.540552044
   8  H7      0.00   -1.660157477    1.333068787   -0.806142900
   9  C8      6.00    2.849933517   -2.075377866   -0.672190360
  10  H9      1.00    1.615411340   -3.240148362    0.505747747
  11  H10     1.00    4.806784610   -2.636273148   -0.328258315
  12  S11    16.00    2.587046156    1.283910799    0.149543820
  13  H12     1.00    2.414432901   -2.396833509   -2.665760722

 Bond lengths in Bohr (Angstrom)

 1-2  2.772145126  1-6  1.889726137  1-7  1.889726122  1-8  1.889726137  2-3  2.081328372
     ( 1.466956021)     ( 1.000000003)     ( 0.999999995)     ( 1.000000003)     ( 1.101391539)

  2- 4  2.068389929   2- 5  2.068314590   9-10  2.065980033   9-11  2.064499690   9-12  3.468310419
       ( 1.094544810)       ( 1.094504942)       ( 1.093269548)       ( 1.092486184)       ( 1.835350827)

  9-13  2.065748606
       ( 1.093147082)

 Bond angles

  1-2-3  114.97091777   1-2-4  108.82223243   1-2-5  108.92862229   2-1-6  109.47122075

  2-1-7  109.47122046   2-1-8  109.47122040   3-2-4  108.32125274   3-2-5  108.10103971

  4-2-5  107.44770163   6-1-7  109.47122110   6-1-8  109.47122038   7-1-8  109.47122072

 10- 9-11  108.55608257  10- 9-12  111.44980305  10- 9-13  109.66566187  11- 9-12  107.18872473

 11- 9-13  108.56147558  12- 9-13  111.30848894

 NUCLEAR CHARGE:                   25
 NUMBER OF PRIMITIVE AOS:         262
 NUMBER OF SYMMETRY AOS:          254
 NUMBER OF CONTRACTIONS:          177   ( 177A   )
 NUMBER OF CORE ORBITALS:           6   (   6A   )
 NUMBER OF VALENCE ORBITALS:       11   (  11A   )

 MOLECULE CHANGED: INITIALIZING OCCUPATION AND DUMP RECORDS


 NUCLEAR REPULSION ENERGY   47.71640682


 Eigenvalues of metric

         1 0.164E-03 0.395E-03 0.418E-03 0.476E-03 0.524E-03 0.547E-03 0.624E-03 0.703E-03


 Contracted 2-electron integrals neglected if value below      1.0D-11

 OPERATOR DM      FOR CENTER  0  COORDINATES:    0.000000    0.000000    0.000000


 **********************************************************************************************************************************
 DATASETS  * FILE   NREC   LENGTH (MB)   RECORD NAMES
              1      18        8.91       500      610      700      900      950      970     1000      129      960     1100   
                                          VAR    BASINP    GEOM    SYMINP    ZMAT    AOBASIS   BASIS     P2S    ABASIS      S 
                                         1400     1410     1200     1210     1080     1600     1650     1700   
                                           T        V       H0       H01     AOSYM     SMH    MOLCAS    OPER   

              2       5        2.45       700     1000      520     2100     2101   
                                         GEOM     BASIS   MCVARS     RHF      RHF  

 PROGRAMS   *        TOTAL       INT   CCSD(T)        HF       INT   CCSD(T)        HF       INT
 CPU TIMES  *       155.48      0.06     24.67      1.39      0.08    120.94      1.59      6.60
 REAL TIME  *       197.86 SEC
 DISK USED  *         5.34 GB      
 SF USED    *       471.72 MB      
 GA USED    *         0.00 MB       (max)       0.00 MB       (current)
 **********************************************************************************************************************************

1PROGRAM * RHF-SCF (CLOSED SHELL)       Authors: W. Meyer, H.-J. Werner


 NUMBER OF ELECTRONS:      13+   13-    SPACE SYMMETRY=1    SPIN SYMMETRY: Singlet 
 CONVERGENCE THRESHOLDS:    1.00E-05 (Density)    1.00E-07 (Energy)
 MAX. NUMBER OF ITERATIONS:       60
 INTERPOLATION TYPE:            DIIS
 INTERPOLATION STEPS:              2 (START)      1 (STEP)
 LEVEL SHIFTS:                  0.00 (CLOSED)  0.00 (OPEN) 



 Orbital guess generated from atomic densities. Full valence occupancy:   17

 Molecular orbital dump at record        2102.2

 ITERATION    DDIFF          GRAD             ENERGY        2-EL.EN.            DIPOLE MOMENTS         DIIS   ORB.
    1      0.000D+00      0.000D+00      -437.09222449    444.841350   -2.52725   -1.85208   -0.28520    0    start
    2      0.000D+00      0.384D-02      -437.14395808    435.667763   -2.57947   -1.16316   -0.11910    1    diag
    3      0.906D-02      0.176D-02      -437.15195629    438.267081   -2.56859   -1.34090   -0.16240    2    diag
    4      0.296D-02      0.308D-03      -437.15259318    438.077231   -2.56549   -1.35950   -0.16691    3    diag
    5      0.734D-03      0.716D-04      -437.15263192    438.076897   -2.56497   -1.36367   -0.16798    4    diag
    6      0.242D-03      0.171D-04      -437.15263473    438.075207   -2.56428   -1.36427   -0.16806    5    diag
    7      0.787D-04      0.532D-05      -437.15263494    438.073063   -2.56412   -1.36452   -0.16811    6    diag
    8      0.243D-04      0.188D-05      -437.15263496    438.074048   -2.56407   -1.36417   -0.16801    7    diag
    9      0.583D-05      0.547D-06      -437.15263496    438.073983   -2.56404   -1.36412   -0.16800    0    orth

 Final occupancy:  13

 !RHF STATE 1.1 Energy               -437.152634963297
 Nuclear energy                        47.71640682
 One-electron energy                 -703.90603324
 Two-electron energy                  219.03699146
 Virial quotient                       -1.00019051
 !RHF STATE 1.1 Dipole moment          -2.56404299    -1.36411992    -0.16800049
 Dipole moment /Debye                  -6.51672038    -3.46701990    -0.42698670

 Orbital energies:

         1.1          2.1          3.1          4.1          5.1          6.1          7.1          8.1          9.1         10.1
    -91.664628   -11.053300    -8.663819    -6.346413    -6.343471    -6.343454    -0.782985    -0.576333    -0.375802    -0.373380

        11.1         12.1         13.1         14.1         15.1
     -0.228380    -0.082507    -0.081553     0.115881     0.144623

 HOMO     13.1    -0.081553 =      -2.2192eV
 LUMO     14.1     0.115881 =       3.1533eV
 LUMO-HOMO         0.197434 =       5.3724eV


 **********************************************************************************************************************************
 DATASETS  * FILE   NREC   LENGTH (MB)   RECORD NAMES
              1      18        8.91       500      610      700      900      950      970     1000      129      960     1100   
                                          VAR    BASINP    GEOM    SYMINP    ZMAT    AOBASIS   BASIS     P2S    ABASIS      S 
                                         1400     1410     1200     1210     1080     1600     1650     1700   
                                           T        V       H0       H01     AOSYM     SMH    MOLCAS    OPER   

              2       6        3.75       700     1000      520     2100     2101     2102   
                                         GEOM     BASIS   MCVARS     RHF      RHF      RHF  

 PROGRAMS   *        TOTAL        HF       INT   CCSD(T)        HF       INT   CCSD(T)        HF       INT
 CPU TIMES  *       156.94      1.46      0.06     24.67      1.39      0.08    120.94      1.59      6.60
 REAL TIME  *       199.52 SEC
 DISK USED  *         5.34 GB      
 SF USED    *       471.72 MB      
 GA USED    *         0.00 MB       (max)       0.00 MB       (current)
 **********************************************************************************************************************************
 SETTING E_RHF_B        =    ***************  KCAL/MOL                        


1PROGRAM * CCSD (Closed-shell coupled cluster)     Authors: C. Hampel, H.-J. Werner, 1991, M. Deegan, P.J. Knowles, 1992


 Convergence thresholds:  THRVAR = 1.00D-08  THRDEN = 1.00D-06

 CCSD(T)     terms to be evaluated (factor= 1.000)


 Number of core orbitals:           6 (   6 )
 Number of closed-shell orbitals:   7 (   7 )
 Number of external orbitals:     164 ( 164 )

 Molecular orbitals read from record     2102.2  Type=RHF/CANONICAL (state 1.1)

 Number of N-1 electron functions:               7
 Number of N-2 electron functions:              28
 Number of singly external CSFs:              1148
 Number of doubly external CSFs:            659526
 Total number of CSFs:                      660675

 Length of J-op  integral file:               0.00 MB
 Length of K-op  integral file:               2.15 MB
 Length of 3-ext integral record:             0.00 MB

 Memory could be reduced to 44.21 Mwords without degradation in triples

 Integral transformation finished. Total CPU:   4.85 sec, npass=  1  Memory used:  24.46 MW

 Reference energy:                   -437.15263496

 MP2 singlet pair energy:              -0.20018910
 MP2 triplet pair energy:              -0.11126408
 MP2 correlation energy:               -0.31145318
 MP2 total energy:                   -437.46408814

 SCS-MP2 correlation energy:           -0.30945790   (PS=  1.200000  PT=  0.333333)
 SCS-MP2 total energy:               -437.46209287

 ITER.      SQ.NORM     CORR.ENERGY   TOTAL ENERGY   ENERGY CHANGE        DEN1      VAR(S)    VAR(P)  DIIS     TIME
   1      1.15065963    -0.33826387  -437.49089884    -0.02681070    -0.01780305  0.14D-02  0.22D-02  1  1     5.90
   2      1.16286497    -0.34029800  -437.49293297    -0.00203413    -0.00952180  0.32D-04  0.22D-03  2  2     6.95
   3      1.16574328    -0.34035855  -437.49299351    -0.00006055    -0.00126196  0.17D-04  0.14D-04  3  3     8.01
   4      1.16672484    -0.34036244  -437.49299740    -0.00000389    -0.00023953  0.36D-05  0.15D-05  4  4     9.09
   5      1.16702111    -0.34035681  -437.49299177     0.00000563    -0.00005165  0.11D-05  0.26D-06  5  5    10.16
   6      1.16715818    -0.34035230  -437.49298726     0.00000451    -0.00001461  0.36D-06  0.64D-07  6  6    11.23
   7      1.16722120    -0.34035028  -437.49298524     0.00000202    -0.00000339  0.12D-06  0.18D-07  6  1    12.29
   8      1.16725944    -0.34034945  -437.49298441     0.00000083    -0.00000159  0.29D-07  0.51D-08  6  2    13.37
   9      1.16727518    -0.34034933  -437.49298429     0.00000012     0.00000071  0.61D-08  0.11D-08  6  3    14.45

 Norm of t1 vector:      0.05965665      S-energy:     0.00000013      T1 diagnostic:  0.01127405
                                                                       D1 diagnostic:  0.02278761


 Total CPU time for triples:     12.01 sec


 RESULTS
 =======

  Reference energy                   -437.152634963298
  CCSD singlet pair energy             -0.236689110143
  CCSD triplet pair energy             -0.103660341281
  CCSD correlation energy              -0.340349326228

  Triples (T) contribution             -0.012238311133
  Total correlation energy             -0.352587637361

  CCSD total energy                  -437.492984289525
  CCSD[T] energy                     -437.505553565843
  CCSD-T energy                      -437.505058941546
 !CCSD(T) total energy               -437.505222600659

 Timing summary (sec):

 STEP                 CPU(USER)    SYS     CPU(TOT)    WALL
 Transformation          4.87      0.77      5.64      5.74
 CCSD iterations         9.59      0.60     10.19     26.98
 Triples                12.01      0.07     12.08     12.12

 Program statistics:

 Available memory in ccsd:               349999704
 Min. memory needed in ccsd:               2128924
 Max. memory used in ccsd:                 2668449
 Max. memory used in cckext:               2004738 ( 9 integral passes)



 **********************************************************************************************************************************
 DATASETS  * FILE   NREC   LENGTH (MB)   RECORD NAMES
              1      19      144.22       500      610      700      900      950      970     1000      129      960     1100   
                                          VAR    BASINP    GEOM    SYMINP    ZMAT    AOBASIS   BASIS     P2S    ABASIS      S 
                                         1400     1410     1200     1210     1080     1600     1650     1700     1380   
                                           T        V       H0       H01     AOSYM     SMH    MOLCAS    OPER     JKOP   

              2       6        3.75       700     1000      520     2100     2101     2102   
                                         GEOM     BASIS   MCVARS     RHF      RHF      RHF  

 PROGRAMS   *        TOTAL   CCSD(T)        HF       INT   CCSD(T)        HF       INT   CCSD(T)        HF       INT
 CPU TIMES  *       183.44     26.50      1.46      0.06     24.67      1.39      0.08    120.94      1.59      6.60
 REAL TIME  *       244.45 SEC
 DISK USED  *         5.34 GB      
 SF USED    *       471.72 MB      
 GA USED    *         0.00 MB       (max)       0.00 MB       (current)
 **********************************************************************************************************************************
 SETTING E_CORR_B       =    ***************  KCAL/MOL                        
 SETTING E_B            =      -221.25212729  KCAL/MOL                        
 SETTING E_RHF_CP       =      -105.92992298  KCAL/MOL                        
 SETTING E_CORR_CP      =        -5.02094492  KCAL/MOL                        

        CCSD(T)         HF-SCF          CCSD(T)         HF-SCF          CCSD(T)         HF-SCF  
   -437.50522260   -437.15263496    -95.96426825    -95.58937923   -533.64630228   -532.91082424
 **********************************************************************************************************************************
 Variable memory released
