
 Primary working directories    : /scratch/1723625.phoenix.chem.wisc.edu
 Secondary working directories  : /scratch/1723625.phoenix.chem.wisc.edu
 Wavefunction directory         : /scratch/1723625.phoenix.chem.wisc.edu/
 Main file repository           : /scratch/1723625.phoenix.chem.wisc.edu/

 SHA1      : 65e45729fe3f963b0eb97374e3bda9949063ef0f
 NAME      : 2012.1.17
 ARCHNAME  : Linux/x86_64
 FC        : /opt/intel/composer_xe_2013.5.192/bin/intel64/ifort
 FCVERSION : 13.1.3
 BLASLIB   : -L/opt/intel/composer_xe_2013.5.192/mkl/lib/intel64 -lmkl_intel_ilp64 -lmkl_sequential -lmkl_core
 id        : cuichemwisc

 Nodes             nprocs
 compute-1-35.local   12
 ga_uses_ma=false, calling ma_init with nominal heap.
 GA-space will be limited to   8.0 MW (determined by -G option)

 Using customized tuning parameters: mindgm=1; mindgv=20; mindgc=4; mindgr=1; noblas=0; minvec=7
 default implementation of scratch files=sf  

 geomtyp=xyz
 geometry={
 13
  N0         -1.871728000000       0.590372000000      -0.409427000000
  C1         -2.211908000000      -0.607269000000       0.366391000000
  H2         -3.290849000000      -0.800379000000       0.474364000000
  H3         -1.777031000000      -0.515398000000       1.366626000000
  H4         -1.756203000000      -1.480607000000      -0.110636000000
  H5         -2.292946460000       1.392500770000       0.013851220000
  H6         -2.211824870000       0.489597950000      -1.344402240000
  H7         -0.878517500000       0.705429620000      -0.426592450000
  C8          0.881479515878      -1.110049253283      -0.351605401163
  H9          0.228198515878      -1.726419253283       0.271732598837
  H10         1.917000515878      -1.406862253283      -0.169604401163
  S11         0.742365515878       0.667609746717       0.083237598837
  H12         0.651022515878      -1.280156253283      -1.406557401163
 }
 
 
 basis=avdz
 
                                                                                 ! Complex
 set,charge=0
 
 df-hf
 e_rhf_c = energy*tokcal
 df-mp2
 e_corr_c = energy*tokcal
 e_c = e_corr_c - e_rhf_c
 
 
                                                                                 ! Monomer 1
 set,charge=1
 dummy,C8,H9,H10,S11,H12
 
 df-hf
 e_rhf_a = energy*tokcal
 df-mp2
 e_corr_a = energy*tokcal
 e_a = e_corr_a - e_rhf_a
 
 
                                                                                 ! Monomer 2
 set,charge=-1
 dummy,N0,C1,H2,H3,H4,H5,H6,H7
 
 df-hf
 e_rhf_b = energy*tokcal
 df-mp2
 e_corr_b = energy*tokcal
 e_b = e_corr_b - e_rhf_b
 
 
 e_rhf_cp = e_rhf_c - (e_rhf_a + e_rhf_b)
 e_corr_cp = e_c - (e_a + e_b)

 Variables initialized (782), CPU time= 0.00 sec
 Commands  initialized (547), CPU time= 0.02 sec, 517 directives.
 Default parameters read. Elapsed time= 0.10 sec

 Checking input...
 Passed
1


                                         ***  PROGRAM SYSTEM MOLPRO  ***
                         Copyright, University College Cardiff Consultants Limited, 2008

                                    Version 2012.1 linked Oct 11 2014 15:40:16


 **********************************************************************************************************************************
 LABEL *                                                                                 
 Linux-2.6.18-308.el5/compute-1-35.local(x86_64) 64 bit mpp version                      DATE: 12-Dec-14          TIME: 06:31:08  
 **********************************************************************************************************************************

 SHA1:             65e45729fe3f963b0eb97374e3bda9949063ef0f
 **********************************************************************************************************************************
 SETTING GEOMTYP        =    XYZ

 Turning off symmetry in density fitting calculation
 To re-enable, use 'set,zsymel=auto'


 Variable memory set to  350000000 words,  buffer space   230000 words

 SETTING BASIS          =    AVDZ
 SETTING CHARGE         =         0.00000000                                  


 Recomputing integrals since basis changed


 Using spherical harmonics

 Library entry N      S aug-cc-pVDZ          selected for orbital group  1
 Library entry N      P aug-cc-pVDZ          selected for orbital group  1
 Library entry N      D aug-cc-pVDZ          selected for orbital group  1
 Library entry C      S aug-cc-pVDZ          selected for orbital group  2
 Library entry C      P aug-cc-pVDZ          selected for orbital group  2
 Library entry C      D aug-cc-pVDZ          selected for orbital group  2
 Library entry H      S aug-cc-pVDZ          selected for orbital group  3
 Library entry H      P aug-cc-pVDZ          selected for orbital group  3
 Library entry S      S aug-cc-pVDZ          selected for orbital group  6
 Library entry S      P aug-cc-pVDZ          selected for orbital group  6
 Library entry S      D aug-cc-pVDZ          selected for orbital group  6

1PROGRAM * SEWARD (Integral evaluation for generally contracted gaussian basis sets)     Author: Roland Lindh, 1990

 Geometry written to block  1 of record 700


 Point group  C1  



 ATOMIC COORDINATES

 NR  ATOM    CHARGE       X              Y              Z

   1  N0      7.00   -3.537053313    1.115641396   -0.773704901
   2  C1      6.00   -4.179900348   -1.147572098    0.692378647
   3  H2      1.00   -6.218803350   -1.512497111    0.896418047
   4  H3      1.00   -3.358101917   -0.973961069    2.582548864
   5  H4      1.00   -3.318742701   -2.797941738   -0.209071740
   6  H5      1.00   -4.333040843    2.631445093    0.026175012
   7  H6      1.00   -4.179743255    0.925206040   -2.540552044
   8  H7      1.00   -1.660157477    1.333068787   -0.806142900
   9  C8      6.00    1.665754875   -2.097689081   -0.664437915
  10  H9      1.00    0.431232699   -3.262459577    0.513500193
  11  H10     1.00    3.622605969   -2.658584363   -0.320505869
  12  S11    16.00    1.402867514    1.261599584    0.157296266
  13  H12     1.00    1.230254260   -2.419144724   -2.658008276

 Bond lengths in Bohr (Angstrom)

 1-2  2.772145126  1-6  1.889726137  1-7  1.889726122  1-8  1.889726137  2-3  2.081328372
     ( 1.466956021)     ( 1.000000003)     ( 0.999999995)     ( 1.000000003)     ( 1.101391539)

  2- 4  2.068389929   2- 5  2.068314590   8-12  3.211766643   9-10  2.065980033   9-11  2.064499690
       ( 1.094544810)       ( 1.094504942)       ( 1.699593708)       ( 1.093269548)       ( 1.092486184)

  9-12  3.468310419   9-13  2.065748606
       ( 1.835350827)       ( 1.093147082)

 Bond angles

  1- 2- 3  114.97091777   1- 2- 4  108.82223243   1- 2- 5  108.92862229   1- 8-12  159.96842701

  2-1-6  109.47122075   2-1-7  109.47122046   2-1-8  109.47122040   3-2-4  108.32125274

  3-2-5  108.10103971   4-2-5  107.44770163   6-1-7  109.47122110   6-1-8  109.47122038

  7- 1- 8  109.47122072   8-12- 9   91.30464055  10- 9-11  108.55608257  10- 9-12  111.44980305

 10- 9-13  109.66566187  11- 9-12  107.18872473  11- 9-13  108.56147558  12- 9-13  111.30848894

 NUCLEAR CHARGE:                   44
 NUMBER OF PRIMITIVE AOS:         262
 NUMBER OF SYMMETRY AOS:          254
 NUMBER OF CONTRACTIONS:          177   ( 177A   )
 NUMBER OF CORE ORBITALS:           8   (   8A   )
 NUMBER OF VALENCE ORBITALS:       25   (  25A   )


 NUCLEAR REPULSION ENERGY  179.25690392


 Eigenvalues of metric

         1 0.127E-03 0.284E-03 0.303E-03 0.347E-03 0.394E-03 0.421E-03 0.488E-03 0.565E-03


 OPERATOR DM      FOR CENTER  0  COORDINATES:    0.000000    0.000000    0.000000


 **********************************************************************************************************************************
 DATASETS  * FILE   NREC   LENGTH (MB)   RECORD NAMES
              1      18        8.91       500      610      700      900      950      970     1000      129      960     1100   
                                          VAR    BASINP    GEOM    SYMINP    ZMAT    AOBASIS   BASIS     P2S    ABASIS      S 
                                         1400     1410     1200     1210     1080     1600     1650     1700   
                                           T        V       H0       H01     AOSYM     SMH    MOLCAS    OPER   

 PROGRAMS   *        TOTAL       INT
 CPU TIMES  *         0.37      0.23
 REAL TIME  *         0.61 SEC
 DISK USED  *         0.00 MB      
 GA USED    *         0.00 MB       (max)       0.00 MB       (current)
 **********************************************************************************************************************************

1PROGRAM * RHF-SCF (CLOSED SHELL)       Authors: W. Meyer, H.-J. Werner


 NUMBER OF ELECTRONS:      22+   22-    SPACE SYMMETRY=1    SPIN SYMMETRY: Singlet 
 CONVERGENCE THRESHOLDS:    1.00E-05 (Density)    1.00E-07 (Energy)
 INTEGRAL THRESHOLDS:       1.00E-11 (Initial)    1.00E-11 (Final)
 MAX. NUMBER OF ITERATIONS:       60
 INTERPOLATION TYPE:            DIIS
 INTERPOLATION STEPS:              2 (START)      1 (STEP)
 LEVEL SHIFTS:                  0.00 (CLOSED)  0.00 (OPEN) 



 
 Basis set CC-PVDZ/JKFIT generated.      Number of basis functions:   529 
 
 Orbital guess generated from atomic densities. Full valence occupancy:   33
 Coulomb and exchange fitting
 Thresholds for fitting:       THRAO_COUL= 1.0D-14    THRAO_EXCH= 1.0D-12    THRMO= 1.0D-11    THRPROD= 1.0D-11    THRASM= 1.0D-11
                               THR2HLF=    1.0D-11

 Molecular orbital dump at record        2100.2

 ITERATION   DDIFF            GRAD            ENERGY        2-EL.EN.            DIPOLE MOMENTS         DIIS   CPU(IT)  CPU(TOT)  ORB.
    1      0.000D+00      0.000D+00      -532.82186254    756.111752   -4.27303   -0.71006   -0.93957    0      0.6      2.3     start
    2      0.000D+00      0.379D-02      -532.89057522    751.642030   -3.23127   -0.42825   -0.41427    1      0.2      2.5     diag
    3      0.943D-02      0.140D-02      -532.89862023    752.915086   -3.40985   -0.56471   -0.56106    2      0.1      2.6     diag
    4      0.298D-02      0.436D-03      -532.89966365    752.882968   -3.37533   -0.56718   -0.53451    3      0.1      2.7     diag
    5      0.852D-03      0.101D-03      -532.89973641    752.733894   -3.37178   -0.56400   -0.53157    4      0.1      2.8     diag
    6      0.241D-03      0.330D-04      -532.89974507    752.768570   -3.37292   -0.56543   -0.53112    5      0.2      3.0     diag
    7      0.852D-04      0.825D-05      -532.89974584    752.760255   -3.37392   -0.56511   -0.53098    6      0.1      3.2     diag
    8      0.253D-04      0.249D-05      -532.89974593    752.761118   -3.37407   -0.56469   -0.53085    7      0.1      3.3     diag
    9      0.101D-04      0.634D-06      -532.89974593    752.760902   -3.37414   -0.56464   -0.53087    8      0.2      3.5     diag
   10      0.214D-05      0.199D-06      -532.89974593    752.761002   -3.37414   -0.56458   -0.53085    0      0.1      3.6     orth

 Final occupancy:  22

 !RHF STATE 1.1 Energy               -532.899745930653
 Nuclear energy                       179.25690392
 One-electron energy                -1088.53715109
 Two-electron energy                  376.38050124
 Virial quotient                       -0.99957533
 !RHF STATE 1.1 Dipole moment          -3.37414279    -0.56458192    -0.53085317
 Dipole moment /Debye                  -8.57565384    -1.43493012    -1.34920579

 Orbital energies:

         1.1          2.1          3.1          4.1          5.1          6.1          7.1          8.1          9.1         10.1
    -91.828341   -15.672825   -11.311906   -11.214869    -8.833490    -6.515564    -6.513652    -6.512670    -1.330684    -0.985030

        11.1         12.1         13.1         14.1         15.1         16.1         17.1         18.1         19.1         20.1
     -0.959951    -0.817755    -0.789797    -0.731014    -0.675169    -0.593981    -0.587521    -0.536933    -0.531444    -0.403543

        21.1         22.1         23.1         24.1
     -0.276217    -0.265718     0.010952     0.033643

 HOMO     22.1    -0.265718 =      -7.2306eV
 LUMO     23.1     0.010952 =       0.2980eV
 LUMO-HOMO         0.276671 =       7.5286eV


 **********************************************************************************************************************************
 DATASETS  * FILE   NREC   LENGTH (MB)   RECORD NAMES
              1      18        8.91       500      610      700      900      950      970     1000      129      960     1100   
                                          VAR    BASINP    GEOM    SYMINP    ZMAT    AOBASIS   BASIS     P2S    ABASIS      S 
                                         1400     1410     1200     1210     1080     1600     1650     1700   
                                           T        V       H0       H01     AOSYM     SMH    MOLCAS    OPER   

              2       4        1.28       700     1000      520     2100   
                                         GEOM     BASIS   MCVARS     RHF  

 PROGRAMS   *        TOTAL        HF       INT
 CPU TIMES  *         4.00      3.63      0.23
 REAL TIME  *        43.11 SEC
 DISK USED  *       148.77 MB      
 SF USED    *        19.38 MB      
 GA USED    *         3.20 MB       (max)       0.00 MB       (current)
 **********************************************************************************************************************************
 SETTING E_RHF_C        =    ***************  KCAL/MOL                        


1PROGRAM * MP2 (Closed-shell)     Authors: C. Hampel, H.-J. Werner, 1991, M. Deegan, P.J. Knowles, 1992

 Basis set AUG-CC-PVDZ/MP2FIT generated. Number of basis functions:   515 

 Convergence thresholds:  THRVAR = 1.00D-08  THRDEN = 1.00D-06

 Number of core orbitals:           8 (   8 )
 Number of closed-shell orbitals:  14 (  14 )
 Number of external orbitals:     155 ( 155 )

 Molecular orbitals read from record     2100.2  Type=RHF/CANONICAL (state 1.1)
 

 Entering DF-MP2

 Thresholds:    THRAO= 0.100D-09    THRMO= 0.100D-08    THROV= 0.100D-11

 Fitting basis: AUG-CC-PVDZ-MP2F
 Number of fitting functions:                 515
 Number of blocks in AO basis:                  5
 Minimum block size:                            9
 Maximum block size:                           50
 Average block size:                           35
 Number of groups in AO basis:                 60
 Number of shells in AO basis:                138

 Using large memory version DFMP2B. NIBTK= 1  NGPU= 0  IGPU= 0

 para=T  nprocs= 12  mpptyp=0  number of tasks=  36

 Minimum memory with paging:                  1.09 MW
 Minimum memory for incore assembly:          1.14 MW
 Maximum memory for incore algorithm:         2.01 MW
 Memory for 3-index integrals:                0.00 MW

 Disk space for H1-integrals:                10.50 MB (   504 records)
 
 CPU time for half transformed integrals      0.08 sec, elapsed time      0.08 sec
 CPU time for assembly                        0.03 sec, elapsed time      0.04 sec (7495.8 MFLOP/sec)
 Total CPU time                               0.61 sec, elapsed time      0.82 sec

 SCS-MP2 correlation energy:           -0.659959205044   (PS=  1.200000  PT=  0.333333)
 SCS-MP2 total energy:               -533.559705135698

 Norm of first-order wave function:     0.178881111666
 Coefficient of reference function:     0.921011377765

  Reference energy                   -532.899745930654
  MP2 singlet pair energy              -0.427934553002
  MP2 triplet pair energy              -0.235346370175
  MP2 correlation energy               -0.663280923177

 !MP2 total energy                   -533.563026853830


 **********************************************************************************************************************************
 DATASETS  * FILE   NREC   LENGTH (MB)   RECORD NAMES
              1      18        8.91       500      610      700      900      950      970     1000      129      960     1100   
                                          VAR    BASINP    GEOM    SYMINP    ZMAT    AOBASIS   BASIS     P2S    ABASIS      S 
                                         1400     1410     1200     1210     1080     1600     1650     1700   
                                           T        V       H0       H01     AOSYM     SMH    MOLCAS    OPER   

              2       4        1.28       700     1000      520     2100   
                                         GEOM     BASIS   MCVARS     RHF  

 PROGRAMS   *        TOTAL       MP2        HF       INT
 CPU TIMES  *         4.77      0.77      3.63      0.23
 REAL TIME  *        44.29 SEC
 DISK USED  *       148.77 MB      
 SF USED    *        24.94 MB      
 GA USED    *         3.20 MB       (max)       0.00 MB       (current)
 **********************************************************************************************************************************
 SETTING E_CORR_C       =    ***************  KCAL/MOL                        
 SETTING E_C            =      -416.21514679  KCAL/MOL                        
 SETTING CHARGE         =         1.00000000                                  

 Dummy atoms: C8  H9  H10  S11  H12


 Recomputing one-electron integrals since nuclear charges changed

1PROGRAM * SEWARD (Integral evaluation for generally contracted gaussian basis sets)     Author: Roland Lindh, 1990

 Geometry written to block  1 of record 700


 Point group  C1  



 ATOMIC COORDINATES

 NR  ATOM    CHARGE       X              Y              Z

   1  N0      7.00   -3.537053313    1.115641396   -0.773704901
   2  C1      6.00   -4.179900348   -1.147572098    0.692378647
   3  H2      1.00   -6.218803350   -1.512497111    0.896418047
   4  H3      1.00   -3.358101917   -0.973961069    2.582548864
   5  H4      1.00   -3.318742701   -2.797941738   -0.209071740
   6  H5      1.00   -4.333040843    2.631445093    0.026175012
   7  H6      1.00   -4.179743255    0.925206040   -2.540552044
   8  H7      1.00   -1.660157477    1.333068787   -0.806142900
   9  C8      0.00    1.665754875   -2.097689081   -0.664437915
  10  H9      0.00    0.431232699   -3.262459577    0.513500193
  11  H10     0.00    3.622605969   -2.658584363   -0.320505869
  12  S11     0.00    1.402867514    1.261599584    0.157296266
  13  H12     0.00    1.230254260   -2.419144724   -2.658008276

 Bond lengths in Bohr (Angstrom)

 1-2  2.772145126  1-6  1.889726137  1-7  1.889726122  1-8  1.889726137  2-3  2.081328372
     ( 1.466956021)     ( 1.000000003)     ( 0.999999995)     ( 1.000000003)     ( 1.101391539)

  2- 4  2.068389929   2- 5  2.068314590   8-12  3.211766643   9-10  2.065980033   9-11  2.064499690
       ( 1.094544810)       ( 1.094504942)       ( 1.699593708)       ( 1.093269548)       ( 1.092486184)

  9-12  3.468310419   9-13  2.065748606
       ( 1.835350827)       ( 1.093147082)

 Bond angles

  1- 2- 3  114.97091777   1- 2- 4  108.82223243   1- 2- 5  108.92862229   1- 8-12  159.96842701

  2-1-6  109.47122075   2-1-7  109.47122046   2-1-8  109.47122040   3-2-4  108.32125274

  3-2-5  108.10103971   4-2-5  107.44770163   6-1-7  109.47122110   6-1-8  109.47122038

  7- 1- 8  109.47122072   8-12- 9   91.30464055  10- 9-11  108.55608257  10- 9-12  111.44980305

 10- 9-13  109.66566187  11- 9-12  107.18872473  11- 9-13  108.56147558  12- 9-13  111.30848894

 NUCLEAR CHARGE:                   19
 NUMBER OF PRIMITIVE AOS:         262
 NUMBER OF SYMMETRY AOS:          254
 NUMBER OF CONTRACTIONS:          177   ( 177A   )
 NUMBER OF CORE ORBITALS:           2   (   2A   )
 NUMBER OF VALENCE ORBITALS:       14   (  14A   )

 MOLECULE CHANGED: INITIALIZING OCCUPATION AND DUMP RECORDS


 NUCLEAR REPULSION ENERGY   48.60267443


 Eigenvalues of metric

         1 0.127E-03 0.284E-03 0.303E-03 0.347E-03 0.394E-03 0.421E-03 0.488E-03 0.565E-03


 OPERATOR DM      FOR CENTER  0  COORDINATES:    0.000000    0.000000    0.000000


 **********************************************************************************************************************************
 DATASETS  * FILE   NREC   LENGTH (MB)   RECORD NAMES
              1      18        8.91       500      610      700      900      950      970     1000      129      960     1100   
                                          VAR    BASINP    GEOM    SYMINP    ZMAT    AOBASIS   BASIS     P2S    ABASIS      S 
                                         1400     1410     1200     1210     1080     1600     1650     1700   
                                           T        V       H0       H01     AOSYM     SMH    MOLCAS    OPER   

              2       4        1.28       700     1000      520     2100   
                                         GEOM     BASIS   MCVARS     RHF  

 PROGRAMS   *        TOTAL       INT       MP2        HF       INT
 CPU TIMES  *         4.96      0.18      0.77      3.63      0.23
 REAL TIME  *        45.68 SEC
 DISK USED  *       148.77 MB      
 SF USED    *        24.94 MB      
 GA USED    *         3.20 MB       (max)       0.00 MB       (current)
 **********************************************************************************************************************************

1PROGRAM * RHF-SCF (CLOSED SHELL)       Authors: W. Meyer, H.-J. Werner


 NUMBER OF ELECTRONS:       9+    9-    SPACE SYMMETRY=1    SPIN SYMMETRY: Singlet 
 CONVERGENCE THRESHOLDS:    1.00E-05 (Density)    1.00E-07 (Energy)
 INTEGRAL THRESHOLDS:       1.00E-11 (Initial)    1.00E-11 (Final)
 MAX. NUMBER OF ITERATIONS:       60
 INTERPOLATION TYPE:            DIIS
 INTERPOLATION STEPS:              2 (START)      1 (STEP)
 LEVEL SHIFTS:                  0.00 (CLOSED)  0.00 (OPEN) 



 
 Basis set CC-PVDZ/JKFIT generated.      Number of basis functions:   529 
 
 Orbital guess generated from atomic densities. Full valence occupancy:   16
 Coulomb and exchange fitting
 Thresholds for fitting:       THRAO_COUL= 1.0D-14    THRAO_EXCH= 1.0D-12    THRMO= 1.0D-11    THRPROD= 1.0D-11    THRASM= 1.0D-11
                               THR2HLF=    1.0D-11

 Molecular orbital dump at record        2101.2

 ITERATION   DDIFF            GRAD            ENERGY        2-EL.EN.            DIPOLE MOMENTS         DIIS   CPU(IT)  CPU(TOT)  ORB.
    1      0.000D+00      0.000D+00       -95.54239695    148.065894   -3.53051    1.11409   -0.77286    0      0.6      2.4     start
    2      0.000D+00      0.464D-02       -95.58428001    150.748769   -3.63967    0.73511   -0.52762    1      0.2      2.5     diag
    3      0.629D-02      0.186D-02       -95.58890237    149.812626   -3.63786    0.74065   -0.53113    2      0.2      2.7     diag
    4      0.224D-02      0.568D-03       -95.58951453    150.026056   -3.64575    0.71547   -0.51487    3      0.1      2.8     diag
    5      0.648D-03      0.835D-04       -95.58953755    150.040203   -3.64723    0.71023   -0.51147    4      0.1      3.0     diag
    6      0.137D-03      0.150D-04       -95.58953831    150.034978   -3.64761    0.70913   -0.51076    5      0.2      3.1     diag
    7      0.247D-04      0.462D-05       -95.58953836    150.036136   -3.64764    0.70896   -0.51065    6      0.1      3.2     diag
    8      0.662D-05      0.110D-05       -95.58953836    150.035874   -3.64766    0.70889   -0.51060    0      0.1      3.4     orth

 Final occupancy:   9

 !RHF STATE 1.1 Energy                -95.589538364526
 Nuclear energy                        48.60267443
 One-electron energy                 -219.21014969
 Two-electron energy                   75.01793690
 Virial quotient                       -1.00045736
 !RHF STATE 1.1 Dipole moment          -3.64765745     0.70888731    -0.51060330
 Dipole moment /Debye                  -9.27081322     1.80169380    -1.29773914

 Orbital energies:

         1.1          2.1          3.1          4.1          5.1          6.1          7.1          8.1          9.1         10.1
    -15.920226   -11.496390    -1.551678    -1.177474    -1.008199    -1.007746    -0.879794    -0.773184    -0.772447    -0.127241

        11.1
     -0.086541

 HOMO      9.1    -0.772447 =     -21.0193eV
 LUMO     10.1    -0.127241 =      -3.4624eV
 LUMO-HOMO         0.645206 =      17.5569eV


 **********************************************************************************************************************************
 DATASETS  * FILE   NREC   LENGTH (MB)   RECORD NAMES
              1      18        8.91       500      610      700      900      950      970     1000      129      960     1100   
                                          VAR    BASINP    GEOM    SYMINP    ZMAT    AOBASIS   BASIS     P2S    ABASIS      S 
                                         1400     1410     1200     1210     1080     1600     1650     1700   
                                           T        V       H0       H01     AOSYM     SMH    MOLCAS    OPER   

              2       5        2.57       700     1000      520     2100     2101   
                                         GEOM     BASIS   MCVARS     RHF      RHF  

 PROGRAMS   *        TOTAL        HF       INT       MP2        HF       INT
 CPU TIMES  *         8.35      3.39      0.18      0.77      3.63      0.23
 REAL TIME  *       106.14 SEC
 DISK USED  *       161.33 MB      
 SF USED    *        24.94 MB      
 GA USED    *         3.20 MB       (max)       0.00 MB       (current)
 **********************************************************************************************************************************
 SETTING E_RHF_A        =    -59983.35298331  KCAL/MOL                        


1PROGRAM * MP2 (Closed-shell)     Authors: C. Hampel, H.-J. Werner, 1991, M. Deegan, P.J. Knowles, 1992

 Basis set AUG-CC-PVDZ/MP2FIT generated. Number of basis functions:   515 

 Convergence thresholds:  THRVAR = 1.00D-08  THRDEN = 1.00D-06

 Number of core orbitals:           2 (   2 )
 Number of closed-shell orbitals:   7 (   7 )
 Number of external orbitals:     168 ( 168 )

 Molecular orbitals read from record     2101.2  Type=RHF/CANONICAL (state 1.1)
 

 Entering DF-MP2

 Thresholds:    THRAO= 0.100D-09    THRMO= 0.100D-08    THROV= 0.100D-11

 Fitting basis: AUG-CC-PVDZ-MP2F
 Number of fitting functions:                 515
 Number of blocks in AO basis:                  5
 Minimum block size:                            9
 Maximum block size:                           50
 Average block size:                           35
 Number of groups in AO basis:                 60
 Number of shells in AO basis:                138

 Using large memory version DFMP2B. NIBTK= 1  NGPU= 0  IGPU= 0

 para=T  nprocs= 12  mpptyp=0  number of tasks=  36

 Minimum memory with paging:                  1.10 MW
 Minimum memory for incore assembly:          1.10 MW
 Maximum memory for incore algorithm:         1.36 MW
 Memory for 3-index integrals:                0.00 MW

 Disk space for H1-integrals:                 5.25 MB (   252 records)
 
 CPU time for half transformed integrals      0.05 sec, elapsed time      0.05 sec
 CPU time for assembly                        0.01 sec, elapsed time      0.02 sec (5870.6 MFLOP/sec)
 Total CPU time                               0.28 sec, elapsed time      0.33 sec

 SCS-MP2 correlation energy:           -0.336752678414   (PS=  1.200000  PT=  0.333333)
 SCS-MP2 total energy:                -95.926291042940

 Norm of first-order wave function:     0.077717850513
 Coefficient of reference function:     0.963268729105

  Reference energy                    -95.589538364526
  MP2 singlet pair energy              -0.223809032290
  MP2 triplet pair energy              -0.109577956606
  MP2 correlation energy               -0.333386988896

 !MP2 total energy                    -95.922925353422


 **********************************************************************************************************************************
 DATASETS  * FILE   NREC   LENGTH (MB)   RECORD NAMES
              1      18        8.91       500      610      700      900      950      970     1000      129      960     1100   
                                          VAR    BASINP    GEOM    SYMINP    ZMAT    AOBASIS   BASIS     P2S    ABASIS      S 
                                         1400     1410     1200     1210     1080     1600     1650     1700   
                                           T        V       H0       H01     AOSYM     SMH    MOLCAS    OPER   

              2       5        2.57       700     1000      520     2100     2101   
                                         GEOM     BASIS   MCVARS     RHF      RHF  

 PROGRAMS   *        TOTAL       MP2        HF       INT       MP2        HF       INT
 CPU TIMES  *         8.77      0.41      3.39      0.18      0.77      3.63      0.23
 REAL TIME  *       106.69 SEC
 DISK USED  *       161.33 MB      
 SF USED    *        24.94 MB      
 GA USED    *         3.20 MB       (max)       0.00 MB       (current)
 **********************************************************************************************************************************
 SETTING E_CORR_A       =    -60192.55651936  KCAL/MOL                        
 SETTING E_A            =      -209.20353605  KCAL/MOL                        
 SETTING CHARGE         =        -1.00000000                                  

 Dummy atoms: N0  C1  H2  H3  H4  H5  H6  H7


 Recomputing one-electron integrals since nuclear charges changed

1PROGRAM * SEWARD (Integral evaluation for generally contracted gaussian basis sets)     Author: Roland Lindh, 1990

 Geometry written to block  1 of record 700


 Point group  C1  



 ATOMIC COORDINATES

 NR  ATOM    CHARGE       X              Y              Z

   1  N0      0.00   -3.537053313    1.115641396   -0.773704901
   2  C1      0.00   -4.179900348   -1.147572098    0.692378647
   3  H2      0.00   -6.218803350   -1.512497111    0.896418047
   4  H3      0.00   -3.358101917   -0.973961069    2.582548864
   5  H4      0.00   -3.318742701   -2.797941738   -0.209071740
   6  H5      0.00   -4.333040843    2.631445093    0.026175012
   7  H6      0.00   -4.179743255    0.925206040   -2.540552044
   8  H7      0.00   -1.660157477    1.333068787   -0.806142900
   9  C8      6.00    1.665754875   -2.097689081   -0.664437915
  10  H9      1.00    0.431232699   -3.262459577    0.513500193
  11  H10     1.00    3.622605969   -2.658584363   -0.320505869
  12  S11    16.00    1.402867514    1.261599584    0.157296266
  13  H12     1.00    1.230254260   -2.419144724   -2.658008276

 Bond lengths in Bohr (Angstrom)

 1-2  2.772145126  1-6  1.889726137  1-7  1.889726122  1-8  1.889726137  2-3  2.081328372
     ( 1.466956021)     ( 1.000000003)     ( 0.999999995)     ( 1.000000003)     ( 1.101391539)

  2- 4  2.068389929   2- 5  2.068314590   8-12  3.211766643   9-10  2.065980033   9-11  2.064499690
       ( 1.094544810)       ( 1.094504942)       ( 1.699593708)       ( 1.093269548)       ( 1.092486184)

  9-12  3.468310419   9-13  2.065748606
       ( 1.835350827)       ( 1.093147082)

 Bond angles

  1- 2- 3  114.97091777   1- 2- 4  108.82223243   1- 2- 5  108.92862229   1- 8-12  159.96842701

  2-1-6  109.47122075   2-1-7  109.47122046   2-1-8  109.47122040   3-2-4  108.32125274

  3-2-5  108.10103971   4-2-5  107.44770163   6-1-7  109.47122110   6-1-8  109.47122038

  7- 1- 8  109.47122072   8-12- 9   91.30464055  10- 9-11  108.55608257  10- 9-12  111.44980305

 10- 9-13  109.66566187  11- 9-12  107.18872473  11- 9-13  108.56147558  12- 9-13  111.30848894

 NUCLEAR CHARGE:                   25
 NUMBER OF PRIMITIVE AOS:         262
 NUMBER OF SYMMETRY AOS:          254
 NUMBER OF CONTRACTIONS:          177   ( 177A   )
 NUMBER OF CORE ORBITALS:           6   (   6A   )
 NUMBER OF VALENCE ORBITALS:       11   (  11A   )

 MOLECULE CHANGED: INITIALIZING OCCUPATION AND DUMP RECORDS


 NUCLEAR REPULSION ENERGY   47.71640682


 Eigenvalues of metric

         1 0.127E-03 0.284E-03 0.303E-03 0.347E-03 0.394E-03 0.421E-03 0.488E-03 0.565E-03


 OPERATOR DM      FOR CENTER  0  COORDINATES:    0.000000    0.000000    0.000000


 **********************************************************************************************************************************
 DATASETS  * FILE   NREC   LENGTH (MB)   RECORD NAMES
              1      18        8.91       500      610      700      900      950      970     1000      129      960     1100   
                                          VAR    BASINP    GEOM    SYMINP    ZMAT    AOBASIS   BASIS     P2S    ABASIS      S 
                                         1400     1410     1200     1210     1080     1600     1650     1700   
                                           T        V       H0       H01     AOSYM     SMH    MOLCAS    OPER   

              2       5        2.57       700     1000      520     2100     2101   
                                         GEOM     BASIS   MCVARS     RHF      RHF  

 PROGRAMS   *        TOTAL       INT       MP2        HF       INT       MP2        HF       INT
 CPU TIMES  *         8.85      0.08      0.41      3.39      0.18      0.77      3.63      0.23
 REAL TIME  *       107.72 SEC
 DISK USED  *       161.33 MB      
 SF USED    *        24.94 MB      
 GA USED    *         3.20 MB       (max)       0.00 MB       (current)
 **********************************************************************************************************************************

1PROGRAM * RHF-SCF (CLOSED SHELL)       Authors: W. Meyer, H.-J. Werner


 NUMBER OF ELECTRONS:      13+   13-    SPACE SYMMETRY=1    SPIN SYMMETRY: Singlet 
 CONVERGENCE THRESHOLDS:    1.00E-05 (Density)    1.00E-07 (Energy)
 INTEGRAL THRESHOLDS:       1.00E-11 (Initial)    1.00E-11 (Final)
 MAX. NUMBER OF ITERATIONS:       60
 INTERPOLATION TYPE:            DIIS
 INTERPOLATION STEPS:              2 (START)      1 (STEP)
 LEVEL SHIFTS:                  0.00 (CLOSED)  0.00 (OPEN) 



 
 Basis set CC-PVDZ/JKFIT generated.      Number of basis functions:   529 
 
 Orbital guess generated from atomic densities. Full valence occupancy:   17
 Coulomb and exchange fitting
 Thresholds for fitting:       THRAO_COUL= 1.0D-14    THRAO_EXCH= 1.0D-12    THRMO= 1.0D-11    THRPROD= 1.0D-11    THRASM= 1.0D-11
                               THR2HLF=    1.0D-11

 Molecular orbital dump at record        2102.2

 ITERATION   DDIFF            GRAD            ENERGY        2-EL.EN.            DIPOLE MOMENTS         DIIS   CPU(IT)  CPU(TOT)  ORB.
    1      0.000D+00      0.000D+00      -437.09244206    444.842432   -1.34317   -1.82945   -0.29328    0      0.5      2.5     start
    2      0.000D+00      0.384D-02      -437.14438706    435.654522   -1.39679   -1.13961   -0.12771    1      0.2      2.6     diag
    3      0.903D-02      0.177D-02      -437.15239646    438.244966   -1.38794   -1.31991   -0.17176    2      0.1      2.8     diag
    4      0.302D-02      0.310D-03      -437.15304909    438.051811   -1.38719   -1.34115   -0.17719    3      0.2      3.0     diag
    5      0.803D-03      0.729D-04      -437.15308963    438.049580   -1.38790   -1.34652   -0.17866    4      0.2      3.1     diag
    6      0.280D-03      0.171D-04      -437.15309250    438.047394   -1.38774   -1.34767   -0.17892    5      0.1      3.2     diag
    7      0.905D-04      0.527D-05      -437.15309271    438.045288   -1.38776   -1.34809   -0.17904    6      0.2      3.4     diag
    8      0.271D-04      0.183D-05      -437.15309273    438.046261   -1.38776   -1.34777   -0.17896    7      0.4      3.8     diag
    9      0.634D-05      0.532D-06      -437.15309273    438.046194   -1.38775   -1.34773   -0.17895    0      0.1      3.9     orth

 Final occupancy:  13

 !RHF STATE 1.1 Energy               -437.153092732683
 Nuclear energy                        47.71640682
 One-electron energy                 -703.89259663
 Two-electron energy                  219.02309708
 Virial quotient                       -1.00020929
 !RHF STATE 1.1 Dipole moment          -1.38775343    -1.34773376    -0.17894635
 Dipole moment /Debye                  -3.52708637    -3.42537318    -0.45480645

 Orbital energies:

         1.1          2.1          3.1          4.1          5.1          6.1          7.1          8.1          9.1         10.1
    -91.665657   -11.053651    -8.664623    -6.347235    -6.344316    -6.344297    -0.783371    -0.576718    -0.376085    -0.373692

        11.1         12.1         13.1         14.1         15.1
     -0.228769    -0.082856    -0.081931     0.121492     0.147708

 HOMO     13.1    -0.081931 =      -2.2295eV
 LUMO     14.1     0.121492 =       3.3060eV
 LUMO-HOMO         0.203423 =       5.5354eV


 **********************************************************************************************************************************
 DATASETS  * FILE   NREC   LENGTH (MB)   RECORD NAMES
              1      18        8.91       500      610      700      900      950      970     1000      129      960     1100   
                                          VAR    BASINP    GEOM    SYMINP    ZMAT    AOBASIS   BASIS     P2S    ABASIS      S 
                                         1400     1410     1200     1210     1080     1600     1650     1700   
                                           T        V       H0       H01     AOSYM     SMH    MOLCAS    OPER   

              2       6        3.87       700     1000      520     2100     2101     2102   
                                         GEOM     BASIS   MCVARS     RHF      RHF      RHF  

 PROGRAMS   *        TOTAL        HF       INT       MP2        HF       INT       MP2        HF       INT
 CPU TIMES  *        12.82      3.96      0.08      0.41      3.39      0.18      0.77      3.63      0.23
 REAL TIME  *       178.72 SEC
 DISK USED  *       178.42 MB      
 SF USED    *        24.94 MB      
 GA USED    *         3.20 MB       (max)       0.00 MB       (current)
 **********************************************************************************************************************************
 SETTING E_RHF_B        =    ***************  KCAL/MOL                        


1PROGRAM * MP2 (Closed-shell)     Authors: C. Hampel, H.-J. Werner, 1991, M. Deegan, P.J. Knowles, 1992

 Basis set AUG-CC-PVDZ/MP2FIT generated. Number of basis functions:   515 

 Convergence thresholds:  THRVAR = 1.00D-08  THRDEN = 1.00D-06

 Number of core orbitals:           6 (   6 )
 Number of closed-shell orbitals:   7 (   7 )
 Number of external orbitals:     164 ( 164 )

 Molecular orbitals read from record     2102.2  Type=RHF/CANONICAL (state 1.1)
 

 Entering DF-MP2

 Thresholds:    THRAO= 0.100D-09    THRMO= 0.100D-08    THROV= 0.100D-11

 Fitting basis: AUG-CC-PVDZ-MP2F
 Number of fitting functions:                 515
 Number of blocks in AO basis:                  5
 Minimum block size:                            9
 Maximum block size:                           50
 Average block size:                           35
 Number of groups in AO basis:                 60
 Number of shells in AO basis:                138

 Using large memory version DFMP2B. NIBTK= 1  NGPU= 0  IGPU= 0

 para=T  nprocs= 12  mpptyp=0  number of tasks=  36

 Minimum memory with paging:                  1.10 MW
 Minimum memory for incore assembly:          1.10 MW
 Maximum memory for incore algorithm:         1.36 MW
 Memory for 3-index integrals:                0.00 MW

 Disk space for H1-integrals:                 5.25 MB (   252 records)
 
 CPU time for half transformed integrals      0.04 sec, elapsed time      0.06 sec
 CPU time for assembly                        0.01 sec, elapsed time      0.01 sec (5594.4 MFLOP/sec)
 Total CPU time                               0.30 sec, elapsed time      0.53 sec

 SCS-MP2 correlation energy:           -0.311871579354   (PS=  1.200000  PT=  0.333333)
 SCS-MP2 total energy:               -437.464964312035

 Norm of first-order wave function:     0.101116811204
 Coefficient of reference function:     0.952978940357

  Reference energy                   -437.153092732682
  MP2 singlet pair energy              -0.201824595498
  MP2 triplet pair energy              -0.111989032645
  MP2 correlation energy               -0.313813628142

 !MP2 total energy                   -437.466906360824


 **********************************************************************************************************************************
 DATASETS  * FILE   NREC   LENGTH (MB)   RECORD NAMES
              1      18        8.91       500      610      700      900      950      970     1000      129      960     1100   
                                          VAR    BASINP    GEOM    SYMINP    ZMAT    AOBASIS   BASIS     P2S    ABASIS      S 
                                         1400     1410     1200     1210     1080     1600     1650     1700   
                                           T        V       H0       H01     AOSYM     SMH    MOLCAS    OPER   

              2       6        3.87       700     1000      520     2100     2101     2102   
                                         GEOM     BASIS   MCVARS     RHF      RHF      RHF  

 PROGRAMS   *        TOTAL       MP2        HF       INT       MP2        HF       INT       MP2        HF       INT
 CPU TIMES  *        13.25      0.42      3.96      0.08      0.41      3.39      0.18      0.77      3.63      0.23
 REAL TIME  *       179.52 SEC
 DISK USED  *       178.42 MB      
 SF USED    *        24.94 MB      
 GA USED    *         3.20 MB       (max)       0.00 MB       (current)
 **********************************************************************************************************************************
 SETTING E_CORR_B       =    ***************  KCAL/MOL                        
 SETTING E_B            =      -196.92106427  KCAL/MOL                        
 SETTING E_RHF_CP       =       -98.59106629  KCAL/MOL                        
 SETTING E_CORR_CP      =       -10.09054647  KCAL/MOL                        

        DF-MP2          DF-HF           DF-MP2          DF-HF           DF-MP2          DF-HF   
   -437.46690636   -437.15309273    -95.92292535    -95.58953836   -533.56302685   -532.89974593
 **********************************************************************************************************************************
 Variable memory released
