
 Primary working directories    : /scratch/1723632.phoenix.chem.wisc.edu
 Secondary working directories  : /scratch/1723632.phoenix.chem.wisc.edu
 Wavefunction directory         : /scratch/1723632.phoenix.chem.wisc.edu/
 Main file repository           : /scratch/1723632.phoenix.chem.wisc.edu/

 SHA1      : 65e45729fe3f963b0eb97374e3bda9949063ef0f
 NAME      : 2012.1.17
 ARCHNAME  : Linux/x86_64
 FC        : /opt/intel/composer_xe_2013.5.192/bin/intel64/ifort
 FCVERSION : 13.1.3
 BLASLIB   : -L/opt/intel/composer_xe_2013.5.192/mkl/lib/intel64 -lmkl_intel_ilp64 -lmkl_sequential -lmkl_core
 id        : cuichemwisc

 Nodes             nprocs
 compute-1-31.local   12
 ga_uses_ma=false, calling ma_init with nominal heap.
 GA-space will be limited to   8.0 MW (determined by -G option)

 Using customized tuning parameters: mindgm=1; mindgv=20; mindgc=4; mindgr=1; noblas=0; minvec=7
 default implementation of scratch files=sf  

 geomtyp=xyz
 geometry={
 13
  N0         -1.871728000000       0.590372000000      -0.409427000000
  C1         -2.211908000000      -0.607269000000       0.366391000000
  H2         -3.290849000000      -0.800379000000       0.474364000000
  H3         -1.777031000000      -0.515398000000       1.366626000000
  H4         -1.756203000000      -1.480607000000      -0.110636000000
  H5         -2.292946460000       1.392500770000       0.013851220000
  H6         -2.211824870000       0.489597950000      -1.344402240000
  H7         -0.878517500000       0.705429620000      -0.426592450000
  C8          4.328001431215      -1.045113027170      -0.374168698374
  H9          3.674720431215      -1.661483027170       0.249169301626
  H10         5.363522431215      -1.341926027170      -0.192167698374
  S11         4.188887431215       0.732545972830       0.060674301626
  H12         4.097544431215      -1.215220027170      -1.429120698374
 }
 
 
 basis=avdz
 
                                                                                 ! Complex
 set,charge=0
 
 df-hf
 e_rhf_c = energy*tokcal
 df-mp2
 e_corr_c = energy*tokcal
 e_c = e_corr_c - e_rhf_c
 
 
                                                                                 ! Monomer 1
 set,charge=1
 dummy,C8,H9,H10,S11,H12
 
 df-hf
 e_rhf_a = energy*tokcal
 df-mp2
 e_corr_a = energy*tokcal
 e_a = e_corr_a - e_rhf_a
 
 
                                                                                 ! Monomer 2
 set,charge=-1
 dummy,N0,C1,H2,H3,H4,H5,H6,H7
 
 df-hf
 e_rhf_b = energy*tokcal
 df-mp2
 e_corr_b = energy*tokcal
 e_b = e_corr_b - e_rhf_b
 
 
 e_rhf_cp = e_rhf_c - (e_rhf_a + e_rhf_b)
 e_corr_cp = e_c - (e_a + e_b)

 Variables initialized (782), CPU time= 0.01 sec
 Commands  initialized (547), CPU time= 0.01 sec, 517 directives.
 Default parameters read. Elapsed time= 0.12 sec

 Checking input...
 Passed
1


                                         ***  PROGRAM SYSTEM MOLPRO  ***
                         Copyright, University College Cardiff Consultants Limited, 2008

                                    Version 2012.1 linked Oct 11 2014 15:40:16


 **********************************************************************************************************************************
 LABEL *                                                                                 
 Linux-2.6.18-308.el5/compute-1-31.local(x86_64) 64 bit mpp version                      DATE: 12-Dec-14          TIME: 06:40:05  
 **********************************************************************************************************************************

 SHA1:             65e45729fe3f963b0eb97374e3bda9949063ef0f
 **********************************************************************************************************************************
 SETTING GEOMTYP        =    XYZ

 Turning off symmetry in density fitting calculation
 To re-enable, use 'set,zsymel=auto'


 Variable memory set to  350000000 words,  buffer space   230000 words

 SETTING BASIS          =    AVDZ
 SETTING CHARGE         =         0.00000000                                  


 Recomputing integrals since basis changed


 Using spherical harmonics

 Library entry N      S aug-cc-pVDZ          selected for orbital group  1
 Library entry N      P aug-cc-pVDZ          selected for orbital group  1
 Library entry N      D aug-cc-pVDZ          selected for orbital group  1
 Library entry C      S aug-cc-pVDZ          selected for orbital group  2
 Library entry C      P aug-cc-pVDZ          selected for orbital group  2
 Library entry C      D aug-cc-pVDZ          selected for orbital group  2
 Library entry H      S aug-cc-pVDZ          selected for orbital group  3
 Library entry H      P aug-cc-pVDZ          selected for orbital group  3
 Library entry S      S aug-cc-pVDZ          selected for orbital group  6
 Library entry S      P aug-cc-pVDZ          selected for orbital group  6
 Library entry S      D aug-cc-pVDZ          selected for orbital group  6

1PROGRAM * SEWARD (Integral evaluation for generally contracted gaussian basis sets)     Author: Roland Lindh, 1990

 Geometry written to block  1 of record 700


 Point group  C1  



 ATOMIC COORDINATES

 NR  ATOM    CHARGE       X              Y              Z

   1  N0      7.00   -3.537053313    1.115641396   -0.773704901
   2  C1      6.00   -4.179900348   -1.147572098    0.692378647
   3  H2      1.00   -6.218803350   -1.512497111    0.896418047
   4  H3      1.00   -3.358101917   -0.973961069    2.582548864
   5  H4      1.00   -3.318742701   -2.797941738   -0.209071740
   6  H5      1.00   -4.333040843    2.631445093    0.026175012
   7  H6      1.00   -4.179743255    0.925206040   -2.540552044
   8  H7      1.00   -1.660157477    1.333068787   -0.806142900
   9  C8      6.00    8.178737401   -1.974977398   -0.707076367
  10  H9      1.00    6.944215225   -3.139747893    0.470861740
  11  H10     1.00   10.135588495   -2.535872680   -0.363144321
  12  S11    16.00    7.915850040    1.384311267    0.114657813
  13  H12     1.00    7.743236786   -2.296433041   -2.700646729

 Bond lengths in Bohr (Angstrom)

 1-2  2.772145126  1-6  1.889726137  1-7  1.889726122  1-8  1.889726137  2-3  2.081328372
     ( 1.466956021)     ( 1.000000003)     ( 0.999999995)     ( 1.000000003)     ( 1.101391539)

  2- 4  2.068389929   2- 5  2.068314590   9-10  2.065980033   9-11  2.064499690   9-12  3.468310419
       ( 1.094544810)       ( 1.094504942)       ( 1.093269548)       ( 1.092486184)       ( 1.835350827)

  9-13  2.065748606
       ( 1.093147082)

 Bond angles

  1-2-3  114.97091777   1-2-4  108.82223243   1-2-5  108.92862229   2-1-6  109.47122075

  2-1-7  109.47122046   2-1-8  109.47122040   3-2-4  108.32125274   3-2-5  108.10103971

  4-2-5  107.44770163   6-1-7  109.47122110   6-1-8  109.47122038   7-1-8  109.47122072

 10- 9-11  108.55608257  10- 9-12  111.44980305  10- 9-13  109.66566187  11- 9-12  107.18872473

 11- 9-13  108.56147558  12- 9-13  111.30848894

 NUCLEAR CHARGE:                   44
 NUMBER OF PRIMITIVE AOS:         262
 NUMBER OF SYMMETRY AOS:          254
 NUMBER OF CONTRACTIONS:          177   ( 177A   )
 NUMBER OF CORE ORBITALS:           8   (   8A   )
 NUMBER OF VALENCE ORBITALS:       25   (  25A   )


 NUCLEAR REPULSION ENERGY  135.72633504


 Eigenvalues of metric

         1 0.232E-03 0.587E-03 0.630E-03 0.663E-03 0.693E-03 0.730E-03 0.742E-03 0.949E-03


 OPERATOR DM      FOR CENTER  0  COORDINATES:    0.000000    0.000000    0.000000


 **********************************************************************************************************************************
 DATASETS  * FILE   NREC   LENGTH (MB)   RECORD NAMES
              1      18        8.91       500      610      700      900      950      970     1000      129      960     1100   
                                          VAR    BASINP    GEOM    SYMINP    ZMAT    AOBASIS   BASIS     P2S    ABASIS      S 
                                         1400     1410     1200     1210     1080     1600     1650     1700   
                                           T        V       H0       H01     AOSYM     SMH    MOLCAS    OPER   

 PROGRAMS   *        TOTAL       INT
 CPU TIMES  *         0.23      0.09
 REAL TIME  *         0.62 SEC
 DISK USED  *         0.00 MB      
 GA USED    *         0.00 MB       (max)       0.00 MB       (current)
 **********************************************************************************************************************************

1PROGRAM * RHF-SCF (CLOSED SHELL)       Authors: W. Meyer, H.-J. Werner


 NUMBER OF ELECTRONS:      22+   22-    SPACE SYMMETRY=1    SPIN SYMMETRY: Singlet 
 CONVERGENCE THRESHOLDS:    1.00E-05 (Density)    1.00E-07 (Energy)
 INTEGRAL THRESHOLDS:       1.00E-11 (Initial)    1.00E-11 (Final)
 MAX. NUMBER OF ITERATIONS:       60
 INTERPOLATION TYPE:            DIIS
 INTERPOLATION STEPS:              2 (START)      1 (STEP)
 LEVEL SHIFTS:                  0.00 (CLOSED)  0.00 (OPEN) 



 
 Basis set CC-PVDZ/JKFIT generated.      Number of basis functions:   529 
 
 Orbital guess generated from atomic densities. Full valence occupancy:   33
 Coulomb and exchange fitting
 Thresholds for fitting:       THRAO_COUL= 1.0D-14    THRAO_EXCH= 1.0D-12    THRMO= 1.0D-11    THRPROD= 1.0D-11    THRASM= 1.0D-11
                               THR2HLF=    1.0D-11

 Molecular orbital dump at record        2100.2

 ITERATION   DDIFF            GRAD            ENERGY        2-EL.EN.            DIPOLE MOMENTS         DIIS   CPU(IT)  CPU(TOT)  ORB.
    1      0.000D+00      0.000D+00      -532.72260533    670.490683  -11.38587   -0.83982   -1.02338    0      0.8      3.1     start
    2      0.000D+00      0.431D-02      -532.81558738    663.628397  -10.70145   -0.57914   -0.55094    1      0.2      3.3     diag
    3      0.112D-01      0.194D-02      -532.82963943    665.888164  -10.89375   -0.75740   -0.63880    2      0.1      3.4     diag
    4      0.389D-02      0.414D-03      -532.83102197    665.599205  -10.82256   -0.79242   -0.62190    3      0.1      3.5     diag
    5      0.111D-02      0.849D-04      -532.83111679    665.540118  -10.79995   -0.79970   -0.61982    4      0.1      3.7     diag
    6      0.392D-03      0.254D-04      -532.83112720    665.556916  -10.79112   -0.80427   -0.61959    5      0.1      3.8     diag
    7      0.157D-03      0.874D-05      -532.83112882    665.545419  -10.78536   -0.80455   -0.61938    6      0.1      3.9     diag
    8      0.605D-04      0.391D-05      -532.83112929    665.547006  -10.78138   -0.80482   -0.61917    7      0.2      4.1     diag
    9      0.350D-04      0.141D-05      -532.83112939    665.546204  -10.77887   -0.80494   -0.61906    8      0.1      4.2     diag
   10      0.152D-04      0.501D-06      -532.83112941    665.546103  -10.77789   -0.80501   -0.61901    9      0.1      4.3     orth
   11      0.503D-05      0.186D-06      -532.83112941    665.545976  -10.77772   -0.80504   -0.61900    0      0.1      4.4     orth

 Final occupancy:  22

 !RHF STATE 1.1 Energy               -532.831129407594
 Nuclear energy                       135.72633504
 One-electron energy                -1001.33045228
 Two-electron energy                  332.77298783
 Virial quotient                       -1.00043245
 !RHF STATE 1.1 Dipole moment         -10.77771794    -0.80504128    -0.61900286
 Dipole moment /Debye                 -27.39243237    -2.04607682    -1.57324530

 Orbital energies:

         1.1          2.1          3.1          4.1          5.1          6.1          7.1          8.1          9.1         10.1
    -91.760110   -15.827898   -11.410278   -11.140905    -8.759300    -6.441724    -6.438999    -6.438744    -1.459794    -1.089472

        11.1         12.1         13.1         14.1         15.1         16.1         17.1         18.1         19.1         20.1
     -0.917321    -0.914051    -0.872153    -0.790981    -0.686831    -0.685258    -0.667575    -0.463813    -0.460537    -0.319257

        21.1         22.1         23.1         24.1
     -0.175367    -0.171870    -0.044563    -0.008776

 HOMO     22.1    -0.171870 =      -4.6768eV
 LUMO     23.1    -0.044563 =      -1.2126eV
 LUMO-HOMO         0.127307 =       3.4642eV


 **********************************************************************************************************************************
 DATASETS  * FILE   NREC   LENGTH (MB)   RECORD NAMES
              1      18        8.91       500      610      700      900      950      970     1000      129      960     1100   
                                          VAR    BASINP    GEOM    SYMINP    ZMAT    AOBASIS   BASIS     P2S    ABASIS      S 
                                         1400     1410     1200     1210     1080     1600     1650     1700   
                                           T        V       H0       H01     AOSYM     SMH    MOLCAS    OPER   

              2       4        1.28       700     1000      520     2100   
                                         GEOM     BASIS   MCVARS     RHF  

 PROGRAMS   *        TOTAL        HF       INT
 CPU TIMES  *         4.69      4.45      0.09
 REAL TIME  *        42.63 SEC
 DISK USED  *       150.29 MB      
 SF USED    *        19.06 MB      
 GA USED    *         3.20 MB       (max)       0.00 MB       (current)
 **********************************************************************************************************************************
 SETTING E_RHF_C        =    ***************  KCAL/MOL                        


1PROGRAM * MP2 (Closed-shell)     Authors: C. Hampel, H.-J. Werner, 1991, M. Deegan, P.J. Knowles, 1992

 Basis set AUG-CC-PVDZ/MP2FIT generated. Number of basis functions:   515 

 Convergence thresholds:  THRVAR = 1.00D-08  THRDEN = 1.00D-06

 Number of core orbitals:           8 (   8 )
 Number of closed-shell orbitals:  14 (  14 )
 Number of external orbitals:     155 ( 155 )

 Molecular orbitals read from record     2100.2  Type=RHF/CANONICAL (state 1.1)
 

 Entering DF-MP2

 Thresholds:    THRAO= 0.100D-09    THRMO= 0.100D-08    THROV= 0.100D-11

 Fitting basis: AUG-CC-PVDZ-MP2F
 Number of fitting functions:                 515
 Number of blocks in AO basis:                  3
 Minimum block size:                           50
 Maximum block size:                           77
 Average block size:                           59
 Number of groups in AO basis:                 60
 Number of shells in AO basis:                138

 Using large memory version DFMP2B. NIBTK= 1  NGPU= 0  IGPU= 0

 para=T  nprocs= 12  mpptyp=0  number of tasks=  36

 Minimum memory with paging:                  1.09 MW
 Minimum memory for incore assembly:          1.14 MW
 Maximum memory for incore algorithm:         2.05 MW
 Memory for 3-index integrals:                0.00 MW

 Disk space for H1-integrals:                10.38 MB (   504 records)
 
 CPU time for half transformed integrals      0.05 sec, elapsed time      0.06 sec
 CPU time for assembly                        0.03 sec, elapsed time      0.03 sec (6662.9 MFLOP/sec)
 Total CPU time                               0.34 sec, elapsed time      0.41 sec

 SCS-MP2 correlation energy:           -0.644329757278   (PS=  1.200000  PT=  0.333333)
 SCS-MP2 total energy:               -533.475459164872

 Norm of first-order wave function:     0.179603790532
 Coefficient of reference function:     0.920729207838

  Reference energy                   -532.831129407593
  MP2 singlet pair energy              -0.422339190243
  MP2 triplet pair energy              -0.221018671586
  MP2 correlation energy               -0.643357861829

 !MP2 total energy                   -533.474487269422


 **********************************************************************************************************************************
 DATASETS  * FILE   NREC   LENGTH (MB)   RECORD NAMES
              1      18        8.91       500      610      700      900      950      970     1000      129      960     1100   
                                          VAR    BASINP    GEOM    SYMINP    ZMAT    AOBASIS   BASIS     P2S    ABASIS      S 
                                         1400     1410     1200     1210     1080     1600     1650     1700   
                                           T        V       H0       H01     AOSYM     SMH    MOLCAS    OPER   

              2       4        1.28       700     1000      520     2100   
                                         GEOM     BASIS   MCVARS     RHF  

 PROGRAMS   *        TOTAL       MP2        HF       INT
 CPU TIMES  *         5.21      0.52      4.45      0.09
 REAL TIME  *        43.43 SEC
 DISK USED  *       150.29 MB      
 SF USED    *        24.13 MB      
 GA USED    *         3.20 MB       (max)       0.00 MB       (current)
 **********************************************************************************************************************************
 SETTING E_CORR_C       =    ***************  KCAL/MOL                        
 SETTING E_C            =      -403.71323453  KCAL/MOL                        
 SETTING CHARGE         =         1.00000000                                  

 Dummy atoms: C8  H9  H10  S11  H12


 Recomputing one-electron integrals since nuclear charges changed

1PROGRAM * SEWARD (Integral evaluation for generally contracted gaussian basis sets)     Author: Roland Lindh, 1990

 Geometry written to block  1 of record 700


 Point group  C1  



 ATOMIC COORDINATES

 NR  ATOM    CHARGE       X              Y              Z

   1  N0      7.00   -3.537053313    1.115641396   -0.773704901
   2  C1      6.00   -4.179900348   -1.147572098    0.692378647
   3  H2      1.00   -6.218803350   -1.512497111    0.896418047
   4  H3      1.00   -3.358101917   -0.973961069    2.582548864
   5  H4      1.00   -3.318742701   -2.797941738   -0.209071740
   6  H5      1.00   -4.333040843    2.631445093    0.026175012
   7  H6      1.00   -4.179743255    0.925206040   -2.540552044
   8  H7      1.00   -1.660157477    1.333068787   -0.806142900
   9  C8      0.00    8.178737401   -1.974977398   -0.707076367
  10  H9      0.00    6.944215225   -3.139747893    0.470861740
  11  H10     0.00   10.135588495   -2.535872680   -0.363144321
  12  S11     0.00    7.915850040    1.384311267    0.114657813
  13  H12     0.00    7.743236786   -2.296433041   -2.700646729

 Bond lengths in Bohr (Angstrom)

 1-2  2.772145126  1-6  1.889726137  1-7  1.889726122  1-8  1.889726137  2-3  2.081328372
     ( 1.466956021)     ( 1.000000003)     ( 0.999999995)     ( 1.000000003)     ( 1.101391539)

  2- 4  2.068389929   2- 5  2.068314590   9-10  2.065980033   9-11  2.064499690   9-12  3.468310419
       ( 1.094544810)       ( 1.094504942)       ( 1.093269548)       ( 1.092486184)       ( 1.835350827)

  9-13  2.065748606
       ( 1.093147082)

 Bond angles

  1-2-3  114.97091777   1-2-4  108.82223243   1-2-5  108.92862229   2-1-6  109.47122075

  2-1-7  109.47122046   2-1-8  109.47122040   3-2-4  108.32125274   3-2-5  108.10103971

  4-2-5  107.44770163   6-1-7  109.47122110   6-1-8  109.47122038   7-1-8  109.47122072

 10- 9-11  108.55608257  10- 9-12  111.44980305  10- 9-13  109.66566187  11- 9-12  107.18872473

 11- 9-13  108.56147558  12- 9-13  111.30848894

 NUCLEAR CHARGE:                   19
 NUMBER OF PRIMITIVE AOS:         262
 NUMBER OF SYMMETRY AOS:          254
 NUMBER OF CONTRACTIONS:          177   ( 177A   )
 NUMBER OF CORE ORBITALS:           2   (   2A   )
 NUMBER OF VALENCE ORBITALS:       14   (  14A   )

 MOLECULE CHANGED: INITIALIZING OCCUPATION AND DUMP RECORDS


 NUCLEAR REPULSION ENERGY   48.60267443


 Eigenvalues of metric

         1 0.232E-03 0.587E-03 0.630E-03 0.663E-03 0.693E-03 0.730E-03 0.742E-03 0.949E-03


 OPERATOR DM      FOR CENTER  0  COORDINATES:    0.000000    0.000000    0.000000


 **********************************************************************************************************************************
 DATASETS  * FILE   NREC   LENGTH (MB)   RECORD NAMES
              1      18        8.91       500      610      700      900      950      970     1000      129      960     1100   
                                          VAR    BASINP    GEOM    SYMINP    ZMAT    AOBASIS   BASIS     P2S    ABASIS      S 
                                         1400     1410     1200     1210     1080     1600     1650     1700   
                                           T        V       H0       H01     AOSYM     SMH    MOLCAS    OPER   

              2       4        1.28       700     1000      520     2100   
                                         GEOM     BASIS   MCVARS     RHF  

 PROGRAMS   *        TOTAL       INT       MP2        HF       INT
 CPU TIMES  *         5.31      0.09      0.52      4.45      0.09
 REAL TIME  *        44.91 SEC
 DISK USED  *       150.29 MB      
 SF USED    *        24.13 MB      
 GA USED    *         3.20 MB       (max)       0.00 MB       (current)
 **********************************************************************************************************************************

1PROGRAM * RHF-SCF (CLOSED SHELL)       Authors: W. Meyer, H.-J. Werner


 NUMBER OF ELECTRONS:       9+    9-    SPACE SYMMETRY=1    SPIN SYMMETRY: Singlet 
 CONVERGENCE THRESHOLDS:    1.00E-05 (Density)    1.00E-07 (Energy)
 INTEGRAL THRESHOLDS:       1.00E-11 (Initial)    1.00E-11 (Final)
 MAX. NUMBER OF ITERATIONS:       60
 INTERPOLATION TYPE:            DIIS
 INTERPOLATION STEPS:              2 (START)      1 (STEP)
 LEVEL SHIFTS:                  0.00 (CLOSED)  0.00 (OPEN) 



 
 Basis set CC-PVDZ/JKFIT generated.      Number of basis functions:   529 
 
 Orbital guess generated from atomic densities. Full valence occupancy:   16
 Coulomb and exchange fitting
 Thresholds for fitting:       THRAO_COUL= 1.0D-14    THRAO_EXCH= 1.0D-12    THRMO= 1.0D-11    THRPROD= 1.0D-11    THRASM= 1.0D-11
                               THR2HLF=    1.0D-11

 Molecular orbital dump at record        2101.2

 ITERATION   DDIFF            GRAD            ENERGY        2-EL.EN.            DIPOLE MOMENTS         DIIS   CPU(IT)  CPU(TOT)  ORB.
    1      0.000D+00      0.000D+00       -95.54191508    148.061154   -3.53055    1.11412   -0.77312    0      0.5      3.0     start
    2      0.000D+00      0.464D-02       -95.58381143    150.745237   -3.63967    0.73515   -0.52780    1      0.1      3.1     diag
    3      0.610D-02      0.186D-02       -95.58843892    149.808332   -3.63796    0.74068   -0.53128    2      0.1      3.2     diag
    4      0.217D-02      0.567D-03       -95.58905192    150.021919   -3.64588    0.71548   -0.51498    3      0.1      3.3     diag
    5      0.638D-03      0.834D-04       -95.58907489    150.036063   -3.64736    0.71025   -0.51159    4      0.1      3.4     diag
    6      0.128D-03      0.149D-04       -95.58907566    150.030843   -3.64774    0.70914   -0.51088    5      0.1      3.5     diag
    7      0.234D-04      0.463D-05       -95.58907571    150.031999   -3.64777    0.70897   -0.51077    6      0.1      3.6     diag
    8      0.643D-05      0.110D-05       -95.58907571    150.031738   -3.64779    0.70890   -0.51072    0      0.1      3.7     orth

 Final occupancy:   9

 !RHF STATE 1.1 Energy                -95.589075711372
 Nuclear energy                        48.60267443
 One-electron energy                 -219.20761926
 Two-electron energy                   75.01586912
 Virial quotient                       -1.00049502
 !RHF STATE 1.1 Dipole moment          -3.64778772     0.70890113    -0.51072223
 Dipole moment /Debye                  -9.27114430     1.80172894    -1.29804141

 Orbital energies:

         1.1          2.1          3.1          4.1          5.1          6.1          7.1          8.1          9.1         10.1
    -15.920385   -11.496724    -1.551739    -1.177529    -1.008270    -1.007742    -0.879837    -0.773208    -0.772507    -0.127226

        11.1
     -0.086408

 HOMO      9.1    -0.772507 =     -21.0210eV
 LUMO     10.1    -0.127226 =      -3.4620eV
 LUMO-HOMO         0.645281 =      17.5590eV


 **********************************************************************************************************************************
 DATASETS  * FILE   NREC   LENGTH (MB)   RECORD NAMES
              1      18        8.91       500      610      700      900      950      970     1000      129      960     1100   
                                          VAR    BASINP    GEOM    SYMINP    ZMAT    AOBASIS   BASIS     P2S    ABASIS      S 
                                         1400     1410     1200     1210     1080     1600     1650     1700   
                                           T        V       H0       H01     AOSYM     SMH    MOLCAS    OPER   

              2       5        2.57       700     1000      520     2100     2101   
                                         GEOM     BASIS   MCVARS     RHF      RHF  

 PROGRAMS   *        TOTAL        HF       INT       MP2        HF       INT
 CPU TIMES  *         9.08      3.76      0.09      0.52      4.45      0.09
 REAL TIME  *       102.52 SEC
 DISK USED  *       161.33 MB      
 SF USED    *        24.13 MB      
 GA USED    *         3.20 MB       (max)       0.00 MB       (current)
 **********************************************************************************************************************************
 SETTING E_RHF_A        =    -59983.06266401  KCAL/MOL                        


1PROGRAM * MP2 (Closed-shell)     Authors: C. Hampel, H.-J. Werner, 1991, M. Deegan, P.J. Knowles, 1992

 Basis set AUG-CC-PVDZ/MP2FIT generated. Number of basis functions:   515 

 Convergence thresholds:  THRVAR = 1.00D-08  THRDEN = 1.00D-06

 Number of core orbitals:           2 (   2 )
 Number of closed-shell orbitals:   7 (   7 )
 Number of external orbitals:     168 ( 168 )

 Molecular orbitals read from record     2101.2  Type=RHF/CANONICAL (state 1.1)
 

 Entering DF-MP2

 Thresholds:    THRAO= 0.100D-09    THRMO= 0.100D-08    THROV= 0.100D-11

 Fitting basis: AUG-CC-PVDZ-MP2F
 Number of fitting functions:                 515
 Number of blocks in AO basis:                  3
 Minimum block size:                           50
 Maximum block size:                           77
 Average block size:                           59
 Number of groups in AO basis:                 60
 Number of shells in AO basis:                138

 Using large memory version DFMP2B. NIBTK= 1  NGPU= 0  IGPU= 0

 para=T  nprocs= 12  mpptyp=0  number of tasks=  36

 Minimum memory with paging:                  1.10 MW
 Minimum memory for incore assembly:          1.10 MW
 Maximum memory for incore algorithm:         1.41 MW
 Memory for 3-index integrals:                0.00 MW

 Disk space for H1-integrals:                 5.19 MB (   252 records)
 
 CPU time for half transformed integrals      0.10 sec, elapsed time      0.17 sec
 CPU time for assembly                        0.01 sec, elapsed time      0.02 sec (8805.9 MFLOP/sec)
 Total CPU time                               0.37 sec, elapsed time      0.50 sec

 SCS-MP2 correlation energy:           -0.335870973360   (PS=  1.200000  PT=  0.333333)
 SCS-MP2 total energy:                -95.924946684732

 Norm of first-order wave function:     0.077635734642
 Coefficient of reference function:     0.963305428957

  Reference energy                    -95.589075711373
  MP2 singlet pair energy              -0.223194317464
  MP2 triplet pair energy              -0.109346452076
  MP2 correlation energy               -0.332540769540

 !MP2 total energy                    -95.921616480913


 **********************************************************************************************************************************
 DATASETS  * FILE   NREC   LENGTH (MB)   RECORD NAMES
              1      18        8.91       500      610      700      900      950      970     1000      129      960     1100   
                                          VAR    BASINP    GEOM    SYMINP    ZMAT    AOBASIS   BASIS     P2S    ABASIS      S 
                                         1400     1410     1200     1210     1080     1600     1650     1700   
                                           T        V       H0       H01     AOSYM     SMH    MOLCAS    OPER   

              2       5        2.57       700     1000      520     2100     2101   
                                         GEOM     BASIS   MCVARS     RHF      RHF  

 PROGRAMS   *        TOTAL       MP2        HF       INT       MP2        HF       INT
 CPU TIMES  *         9.63      0.55      3.76      0.09      0.52      4.45      0.09
 REAL TIME  *       103.45 SEC
 DISK USED  *       161.33 MB      
 SF USED    *        24.13 MB      
 GA USED    *         3.20 MB       (max)       0.00 MB       (current)
 **********************************************************************************************************************************
 SETTING E_CORR_A       =    -60191.73518929  KCAL/MOL                        
 SETTING E_A            =      -208.67252528  KCAL/MOL                        
 SETTING CHARGE         =        -1.00000000                                  

 Dummy atoms: N0  C1  H2  H3  H4  H5  H6  H7


 Recomputing one-electron integrals since nuclear charges changed

1PROGRAM * SEWARD (Integral evaluation for generally contracted gaussian basis sets)     Author: Roland Lindh, 1990

 Geometry written to block  1 of record 700


 Point group  C1  



 ATOMIC COORDINATES

 NR  ATOM    CHARGE       X              Y              Z

   1  N0      0.00   -3.537053313    1.115641396   -0.773704901
   2  C1      0.00   -4.179900348   -1.147572098    0.692378647
   3  H2      0.00   -6.218803350   -1.512497111    0.896418047
   4  H3      0.00   -3.358101917   -0.973961069    2.582548864
   5  H4      0.00   -3.318742701   -2.797941738   -0.209071740
   6  H5      0.00   -4.333040843    2.631445093    0.026175012
   7  H6      0.00   -4.179743255    0.925206040   -2.540552044
   8  H7      0.00   -1.660157477    1.333068787   -0.806142900
   9  C8      6.00    8.178737401   -1.974977398   -0.707076367
  10  H9      1.00    6.944215225   -3.139747893    0.470861740
  11  H10     1.00   10.135588495   -2.535872680   -0.363144321
  12  S11    16.00    7.915850040    1.384311267    0.114657813
  13  H12     1.00    7.743236786   -2.296433041   -2.700646729

 Bond lengths in Bohr (Angstrom)

 1-2  2.772145126  1-6  1.889726137  1-7  1.889726122  1-8  1.889726137  2-3  2.081328372
     ( 1.466956021)     ( 1.000000003)     ( 0.999999995)     ( 1.000000003)     ( 1.101391539)

  2- 4  2.068389929   2- 5  2.068314590   9-10  2.065980033   9-11  2.064499690   9-12  3.468310419
       ( 1.094544810)       ( 1.094504942)       ( 1.093269548)       ( 1.092486184)       ( 1.835350827)

  9-13  2.065748606
       ( 1.093147082)

 Bond angles

  1-2-3  114.97091777   1-2-4  108.82223243   1-2-5  108.92862229   2-1-6  109.47122075

  2-1-7  109.47122046   2-1-8  109.47122040   3-2-4  108.32125274   3-2-5  108.10103971

  4-2-5  107.44770163   6-1-7  109.47122110   6-1-8  109.47122038   7-1-8  109.47122072

 10- 9-11  108.55608257  10- 9-12  111.44980305  10- 9-13  109.66566187  11- 9-12  107.18872473

 11- 9-13  108.56147558  12- 9-13  111.30848894

 NUCLEAR CHARGE:                   25
 NUMBER OF PRIMITIVE AOS:         262
 NUMBER OF SYMMETRY AOS:          254
 NUMBER OF CONTRACTIONS:          177   ( 177A   )
 NUMBER OF CORE ORBITALS:           6   (   6A   )
 NUMBER OF VALENCE ORBITALS:       11   (  11A   )

 MOLECULE CHANGED: INITIALIZING OCCUPATION AND DUMP RECORDS


 NUCLEAR REPULSION ENERGY   47.71640682


 Eigenvalues of metric

         1 0.232E-03 0.587E-03 0.630E-03 0.663E-03 0.693E-03 0.730E-03 0.742E-03 0.949E-03


 OPERATOR DM      FOR CENTER  0  COORDINATES:    0.000000    0.000000    0.000000


 **********************************************************************************************************************************
 DATASETS  * FILE   NREC   LENGTH (MB)   RECORD NAMES
              1      18        8.91       500      610      700      900      950      970     1000      129      960     1100   
                                          VAR    BASINP    GEOM    SYMINP    ZMAT    AOBASIS   BASIS     P2S    ABASIS      S 
                                         1400     1410     1200     1210     1080     1600     1650     1700   
                                           T        V       H0       H01     AOSYM     SMH    MOLCAS    OPER   

              2       5        2.57       700     1000      520     2100     2101   
                                         GEOM     BASIS   MCVARS     RHF      RHF  

 PROGRAMS   *        TOTAL       INT       MP2        HF       INT       MP2        HF       INT
 CPU TIMES  *         9.75      0.11      0.55      3.76      0.09      0.52      4.45      0.09
 REAL TIME  *       104.24 SEC
 DISK USED  *       161.33 MB      
 SF USED    *        24.13 MB      
 GA USED    *         3.20 MB       (max)       0.00 MB       (current)
 **********************************************************************************************************************************

1PROGRAM * RHF-SCF (CLOSED SHELL)       Authors: W. Meyer, H.-J. Werner


 NUMBER OF ELECTRONS:      13+   13-    SPACE SYMMETRY=1    SPIN SYMMETRY: Singlet 
 CONVERGENCE THRESHOLDS:    1.00E-05 (Density)    1.00E-07 (Energy)
 INTEGRAL THRESHOLDS:       1.00E-11 (Initial)    1.00E-11 (Final)
 MAX. NUMBER OF ITERATIONS:       60
 INTERPOLATION TYPE:            DIIS
 INTERPOLATION STEPS:              2 (START)      1 (STEP)
 LEVEL SHIFTS:                  0.00 (CLOSED)  0.00 (OPEN) 



 
 Basis set CC-PVDZ/JKFIT generated.      Number of basis functions:   529 
 
 Orbital guess generated from atomic densities. Full valence occupancy:   17
 Coulomb and exchange fitting
 Thresholds for fitting:       THRAO_COUL= 1.0D-14    THRAO_EXCH= 1.0D-12    THRMO= 1.0D-11    THRPROD= 1.0D-11    THRASM= 1.0D-11
                               THR2HLF=    1.0D-11

 Molecular orbital dump at record        2102.2

 ITERATION   DDIFF            GRAD            ENERGY        2-EL.EN.            DIPOLE MOMENTS         DIIS   CPU(IT)  CPU(TOT)  ORB.
    1      0.000D+00      0.000D+00      -437.09187195    444.841897   -7.85593   -1.95393   -0.25032    0      0.5      3.0     start
    2      0.000D+00      0.384D-02      -437.14370849    435.675822   -7.90857   -1.27155   -0.08482    1      0.1      3.1     diag
    3      0.895D-02      0.176D-02      -437.15167771    438.251242   -7.89776   -1.44969   -0.12838    2      0.2      3.3     diag
    4      0.291D-02      0.309D-03      -437.15232951    438.053299   -7.89431   -1.47046   -0.13325    3      0.1      3.4     diag
    5      0.693D-03      0.720D-04      -437.15236818    438.052718   -7.89355   -1.47578   -0.13455    4      0.1      3.5     diag
    6      0.221D-03      0.168D-04      -437.15237092    438.051568   -7.89285   -1.47673   -0.13468    5      0.2      3.7     diag
    7      0.761D-04      0.530D-05      -437.15237112    438.049312   -7.89270   -1.47713   -0.13477    6      0.1      3.8     diag
    8      0.245D-04      0.186D-05      -437.15237114    438.050258   -7.89266   -1.47680   -0.13467    7      0.1      3.9     diag
    9      0.620D-05      0.508D-06      -437.15237114    438.050219   -7.89265   -1.47675   -0.13466    0      0.1      4.0     orth

 Final occupancy:  13

 !RHF STATE 1.1 Energy               -437.152371140176
 Nuclear energy                        47.71640682
 One-electron energy                 -703.89388763
 Two-electron energy                  219.02510967
 Virial quotient                       -1.00017069
 !RHF STATE 1.1 Dipole moment          -7.89264634    -1.47674982    -0.13465795
 Dipole moment /Debye                 -20.05979210    -3.75327782    -0.34224395

 Orbital energies:

         1.1          2.1          3.1          4.1          5.1          6.1          7.1          8.1          9.1         10.1
    -91.664739   -11.053805    -8.664292    -6.346838    -6.343881    -6.343869    -0.783492    -0.576903    -0.376269    -0.373704

        11.1         12.1         13.1         14.1         15.1
     -0.228945    -0.083122    -0.081975     0.093096     0.120937

 HOMO     13.1    -0.081975 =      -2.2307eV
 LUMO     14.1     0.093096 =       2.5333eV
 LUMO-HOMO         0.175071 =       4.7639eV


 **********************************************************************************************************************************
 DATASETS  * FILE   NREC   LENGTH (MB)   RECORD NAMES
              1      18        8.91       500      610      700      900      950      970     1000      129      960     1100   
                                          VAR    BASINP    GEOM    SYMINP    ZMAT    AOBASIS   BASIS     P2S    ABASIS      S 
                                         1400     1410     1200     1210     1080     1600     1650     1700   
                                           T        V       H0       H01     AOSYM     SMH    MOLCAS    OPER   

              2       6        3.87       700     1000      520     2100     2101     2102   
                                         GEOM     BASIS   MCVARS     RHF      RHF      RHF  

 PROGRAMS   *        TOTAL        HF       INT       MP2        HF       INT       MP2        HF       INT
 CPU TIMES  *        13.93      4.18      0.11      0.55      3.76      0.09      0.52      4.45      0.09
 REAL TIME  *       171.57 SEC
 DISK USED  *       178.42 MB      
 SF USED    *        24.13 MB      
 GA USED    *         3.20 MB       (max)       0.00 MB       (current)
 **********************************************************************************************************************************
 SETTING E_RHF_B        =    ***************  KCAL/MOL                        


1PROGRAM * MP2 (Closed-shell)     Authors: C. Hampel, H.-J. Werner, 1991, M. Deegan, P.J. Knowles, 1992

 Basis set AUG-CC-PVDZ/MP2FIT generated. Number of basis functions:   515 

 Convergence thresholds:  THRVAR = 1.00D-08  THRDEN = 1.00D-06

 Number of core orbitals:           6 (   6 )
 Number of closed-shell orbitals:   7 (   7 )
 Number of external orbitals:     164 ( 164 )

 Molecular orbitals read from record     2102.2  Type=RHF/CANONICAL (state 1.1)
 

 Entering DF-MP2

 Thresholds:    THRAO= 0.100D-09    THRMO= 0.100D-08    THROV= 0.100D-11

 Fitting basis: AUG-CC-PVDZ-MP2F
 Number of fitting functions:                 515
 Number of blocks in AO basis:                  3
 Minimum block size:                           50
 Maximum block size:                           77
 Average block size:                           59
 Number of groups in AO basis:                 60
 Number of shells in AO basis:                138

 Using large memory version DFMP2B. NIBTK= 1  NGPU= 0  IGPU= 0

 para=T  nprocs= 12  mpptyp=0  number of tasks=  36

 Minimum memory with paging:                  1.10 MW
 Minimum memory for incore assembly:          1.10 MW
 Maximum memory for incore algorithm:         1.41 MW
 Memory for 3-index integrals:                0.00 MW

 Disk space for H1-integrals:                 5.19 MB (   252 records)
 
 CPU time for half transformed integrals      0.05 sec, elapsed time      0.04 sec
 CPU time for assembly                        0.01 sec, elapsed time      0.01 sec (5594.4 MFLOP/sec)
 Total CPU time                               0.42 sec, elapsed time      0.44 sec

 SCS-MP2 correlation energy:           -0.307007391031   (PS=  1.200000  PT=  0.333333)
 SCS-MP2 total energy:               -437.459378531209

 Norm of first-order wave function:     0.099834692924
 Coefficient of reference function:     0.953534240100

  Reference energy                   -437.152371140177
  MP2 singlet pair energy              -0.198372132880
  MP2 triplet pair energy              -0.110829907888
  MP2 correlation energy               -0.309202040769

 !MP2 total energy                   -437.461573180946


 **********************************************************************************************************************************
 DATASETS  * FILE   NREC   LENGTH (MB)   RECORD NAMES
              1      18        8.91       500      610      700      900      950      970     1000      129      960     1100   
                                          VAR    BASINP    GEOM    SYMINP    ZMAT    AOBASIS   BASIS     P2S    ABASIS      S 
                                         1400     1410     1200     1210     1080     1600     1650     1700   
                                           T        V       H0       H01     AOSYM     SMH    MOLCAS    OPER   

              2       6        3.87       700     1000      520     2100     2101     2102   
                                         GEOM     BASIS   MCVARS     RHF      RHF      RHF  

 PROGRAMS   *        TOTAL       MP2        HF       INT       MP2        HF       INT       MP2        HF       INT
 CPU TIMES  *        14.51      0.57      4.18      0.11      0.55      3.76      0.09      0.52      4.45      0.09
 REAL TIME  *       172.30 SEC
 DISK USED  *       178.42 MB      
 SF USED    *        24.13 MB      
 GA USED    *         3.20 MB       (max)       0.00 MB       (current)
 **********************************************************************************************************************************
 SETTING E_CORR_B       =    ***************  KCAL/MOL                        
 SETTING E_B            =      -194.02724892  KCAL/MOL                        
 SETTING E_RHF_CP       =       -56.27666487  KCAL/MOL                        
 SETTING E_CORR_CP      =        -1.01346033  KCAL/MOL                        

        DF-MP2          DF-HF           DF-MP2          DF-HF           DF-MP2          DF-HF   
   -437.46157318   -437.15237114    -95.92161648    -95.58907571   -533.47448727   -532.83112941
 **********************************************************************************************************************************
 Variable memory released
