
 Primary working directories    : /scratch/1723633.phoenix.chem.wisc.edu
 Secondary working directories  : /scratch/1723633.phoenix.chem.wisc.edu
 Wavefunction directory         : /scratch/1723633.phoenix.chem.wisc.edu/
 Main file repository           : /scratch/1723633.phoenix.chem.wisc.edu/

 SHA1      : 65e45729fe3f963b0eb97374e3bda9949063ef0f
 NAME      : 2012.1.17
 ARCHNAME  : Linux/x86_64
 FC        : /opt/intel/composer_xe_2013.5.192/bin/intel64/ifort
 FCVERSION : 13.1.3
 BLASLIB   : -L/opt/intel/composer_xe_2013.5.192/mkl/lib/intel64 -lmkl_intel_ilp64 -lmkl_sequential -lmkl_core
 id        : cuichemwisc

 Nodes             nprocs
 compute-1-35.local   12
 ga_uses_ma=false, calling ma_init with nominal heap.
 GA-space will be limited to   8.0 MW (determined by -G option)

 Using customized tuning parameters: mindgm=1; mindgv=20; mindgc=4; mindgr=1; noblas=0; minvec=7
 default implementation of scratch files=sf  

 geomtyp=xyz
 geometry={
 13
  N0         -1.871728000000       0.590372000000      -0.409427000000
  C1         -2.211908000000      -0.607269000000       0.366391000000
  H2         -3.290849000000      -0.800379000000       0.474364000000
  H3         -1.777031000000      -0.515398000000       1.366626000000
  H4         -1.756203000000      -1.480607000000      -0.110636000000
  H5         -2.292946460000       1.392500770000       0.013851220000
  H6         -2.211824870000       0.489597950000      -1.344402240000
  H7         -0.878517500000       0.705429620000      -0.426592450000
  C8          0.881479515878      -1.110049253283      -0.351605401163
  H9          0.228198515878      -1.726419253283       0.271732598837
  H10         1.917000515878      -1.406862253283      -0.169604401163
  S11         0.742365515878       0.667609746717       0.083237598837
  H12         0.651022515878      -1.280156253283      -1.406557401163
 }
 
 
 basis=avqz
 
                                                                                 ! Complex
 set,charge=0
 
 df-hf
 e_rhf_c = energy*tokcal
 df-mp2
 e_corr_c = energy*tokcal
 e_c = e_corr_c - e_rhf_c
 
 
                                                                                 ! Monomer 1
 set,charge=1
 dummy,C8,H9,H10,S11,H12
 
 df-hf
 e_rhf_a = energy*tokcal
 df-mp2
 e_corr_a = energy*tokcal
 e_a = e_corr_a - e_rhf_a
 
 
                                                                                 ! Monomer 2
 set,charge=-1
 dummy,N0,C1,H2,H3,H4,H5,H6,H7
 
 df-hf
 e_rhf_b = energy*tokcal
 df-mp2
 e_corr_b = energy*tokcal
 e_b = e_corr_b - e_rhf_b
 
 
 e_rhf_cp = e_rhf_c - (e_rhf_a + e_rhf_b)
 e_corr_cp = e_c - (e_a + e_b)

 Variables initialized (782), CPU time= 0.00 sec
 Commands  initialized (547), CPU time= 0.02 sec, 517 directives.
 Default parameters read. Elapsed time= 0.12 sec

 Checking input...
 Passed
1


                                         ***  PROGRAM SYSTEM MOLPRO  ***
                         Copyright, University College Cardiff Consultants Limited, 2008

                                    Version 2012.1 linked Oct 11 2014 15:40:16


 **********************************************************************************************************************************
 LABEL *                                                                                 
 Linux-2.6.18-308.el5/compute-1-35.local(x86_64) 64 bit mpp version                      DATE: 12-Dec-14          TIME: 06:41:17  
 **********************************************************************************************************************************

 SHA1:             65e45729fe3f963b0eb97374e3bda9949063ef0f
 **********************************************************************************************************************************
 SETTING GEOMTYP        =    XYZ

 Turning off symmetry in density fitting calculation
 To re-enable, use 'set,zsymel=auto'


 Variable memory set to  350000000 words,  buffer space   230000 words

 SETTING BASIS          =    AVQZ
 SETTING CHARGE         =         0.00000000                                  


 Recomputing integrals since basis changed


 Using spherical harmonics

 Library entry N      S aug-cc-pVQZ          selected for orbital group  1
 Library entry N      P aug-cc-pVQZ          selected for orbital group  1
 Library entry N      D aug-cc-pVQZ          selected for orbital group  1
 Library entry N      F aug-cc-pVQZ          selected for orbital group  1
 Library entry N      G aug-cc-pVQZ          selected for orbital group  1
 Library entry C      S aug-cc-pVQZ          selected for orbital group  2
 Library entry C      P aug-cc-pVQZ          selected for orbital group  2
 Library entry C      D aug-cc-pVQZ          selected for orbital group  2
 Library entry C      F aug-cc-pVQZ          selected for orbital group  2
 Library entry C      G aug-cc-pVQZ          selected for orbital group  2
 Library entry H      S aug-cc-pVQZ          selected for orbital group  3
 Library entry H      P aug-cc-pVQZ          selected for orbital group  3
 Library entry H      D aug-cc-pVQZ          selected for orbital group  3
 Library entry H      F aug-cc-pVQZ          selected for orbital group  3
 Library entry S      S aug-cc-pVQZ          selected for orbital group  6
 Library entry S      P aug-cc-pVQZ          selected for orbital group  6
 Library entry S      D aug-cc-pVQZ          selected for orbital group  6
 Library entry S      F aug-cc-pVQZ          selected for orbital group  6
 Library entry S      G aug-cc-pVQZ          selected for orbital group  6

1PROGRAM * SEWARD (Integral evaluation for generally contracted gaussian basis sets)     Author: Roland Lindh, 1990

 Geometry written to block  1 of record 700


 Point group  C1  



 ATOMIC COORDINATES

 NR  ATOM    CHARGE       X              Y              Z

   1  N0      7.00   -3.537053313    1.115641396   -0.773704901
   2  C1      6.00   -4.179900348   -1.147572098    0.692378647
   3  H2      1.00   -6.218803350   -1.512497111    0.896418047
   4  H3      1.00   -3.358101917   -0.973961069    2.582548864
   5  H4      1.00   -3.318742701   -2.797941738   -0.209071740
   6  H5      1.00   -4.333040843    2.631445093    0.026175012
   7  H6      1.00   -4.179743255    0.925206040   -2.540552044
   8  H7      1.00   -1.660157477    1.333068787   -0.806142900
   9  C8      6.00    1.665754875   -2.097689081   -0.664437915
  10  H9      1.00    0.431232699   -3.262459577    0.513500193
  11  H10     1.00    3.622605969   -2.658584363   -0.320505869
  12  S11    16.00    1.402867514    1.261599584    0.157296266
  13  H12     1.00    1.230254260   -2.419144724   -2.658008276

 Bond lengths in Bohr (Angstrom)

 1-2  2.772145126  1-6  1.889726137  1-7  1.889726122  1-8  1.889726137  2-3  2.081328372
     ( 1.466956021)     ( 1.000000003)     ( 0.999999995)     ( 1.000000003)     ( 1.101391539)

  2- 4  2.068389929   2- 5  2.068314590   8-12  3.211766643   9-10  2.065980033   9-11  2.064499690
       ( 1.094544810)       ( 1.094504942)       ( 1.699593708)       ( 1.093269548)       ( 1.092486184)

  9-12  3.468310419   9-13  2.065748606
       ( 1.835350827)       ( 1.093147082)

 Bond angles

  1- 2- 3  114.97091777   1- 2- 4  108.82223243   1- 2- 5  108.92862229   1- 8-12  159.96842701

  2-1-6  109.47122075   2-1-7  109.47122046   2-1-8  109.47122040   3-2-4  108.32125274

  3-2-5  108.10103971   4-2-5  107.44770163   6-1-7  109.47122110   6-1-8  109.47122038

  7- 1- 8  109.47122072   8-12- 9   91.30464055  10- 9-11  108.55608257  10- 9-12  111.44980305

 10- 9-13  109.66566187  11- 9-12  107.18872473  11- 9-13  108.56147558  12- 9-13  111.30848894

 NUCLEAR CHARGE:                   44
 NUMBER OF PRIMITIVE AOS:        1004
 NUMBER OF SYMMETRY AOS:          823
 NUMBER OF CONTRACTIONS:          738   ( 738A   )
 NUMBER OF CORE ORBITALS:           8   (   8A   )
 NUMBER OF VALENCE ORBITALS:       25   (  25A   )


 NUCLEAR REPULSION ENERGY  179.25690392


 Eigenvalues of metric

         1 0.164E-05 0.210E-05 0.387E-05 0.471E-05 0.527E-05 0.682E-05 0.807E-05 0.105E-04


 OPERATOR DM      FOR CENTER  0  COORDINATES:    0.000000    0.000000    0.000000


 **********************************************************************************************************************************
 DATASETS  * FILE   NREC   LENGTH (MB)   RECORD NAMES
              1      18       27.60       500      610      700      900      950      970     1000      129      960     1100   
                                          VAR    BASINP    GEOM    SYMINP    ZMAT    AOBASIS   BASIS     P2S    ABASIS      S 
                                         1400     1410     1200     1210     1080     1600     1650     1700   
                                           T        V       H0       H01     AOSYM     SMH    MOLCAS    OPER   

 PROGRAMS   *        TOTAL       INT
 CPU TIMES  *         1.91      1.77
 REAL TIME  *         2.87 SEC
 DISK USED  *         0.00 MB      
 GA USED    *         0.01 MB       (max)       0.00 MB       (current)
 **********************************************************************************************************************************

1PROGRAM * RHF-SCF (CLOSED SHELL)       Authors: W. Meyer, H.-J. Werner


 NUMBER OF ELECTRONS:      22+   22-    SPACE SYMMETRY=1    SPIN SYMMETRY: Singlet 
 CONVERGENCE THRESHOLDS:    1.00E-05 (Density)    1.00E-07 (Energy)
 INTEGRAL THRESHOLDS:       1.00E-12 (Initial)    1.00E-12 (Final)
 MAX. NUMBER OF ITERATIONS:       60
 INTERPOLATION TYPE:            DIIS
 INTERPOLATION STEPS:              2 (START)      1 (STEP)
 LEVEL SHIFTS:                  0.00 (CLOSED)  0.00 (OPEN) 



 
 Basis set CC-PVQZ/JKFIT generated.      Number of basis functions:   925 
 
 Orbital guess generated from atomic densities. Full valence occupancy:   33
 Coulomb and exchange fitting
 Thresholds for fitting:       THRAO_COUL= 1.0D-15    THRAO_EXCH= 1.0D-13    THRMO= 1.0D-12    THRPROD= 1.0D-12    THRASM= 1.0D-12
                               THR2HLF=    1.0D-12

 Molecular orbital dump at record        2100.2

 ITERATION   DDIFF            GRAD            ENERGY        2-EL.EN.            DIPOLE MOMENTS         DIIS   CPU(IT)  CPU(TOT)  ORB.
    1      0.000D+00      0.000D+00      -532.88153601    756.653985   -4.26315   -0.70794   -0.92749    0      3.1     10.7     start
    2      0.000D+00      0.182D-02      -532.95139513    751.686502   -3.21680   -0.42732   -0.41164    1      2.4     13.1     diag
    3      0.206D-02      0.697D-03      -532.95963127    753.270022   -3.39866   -0.55088   -0.55587    2      3.4     16.5     diag
    4      0.846D-03      0.215D-03      -532.96072100    753.174130   -3.36222   -0.55469   -0.53089    3      2.6     19.0     diag
    5      0.229D-03      0.517D-04      -532.96080804    753.033339   -3.35827   -0.54930   -0.52766    4      2.5     21.5     diag
    6      0.582D-04      0.179D-04      -532.96081896    753.068814   -3.35865   -0.55063   -0.52697    5      2.3     23.8     diag
    7      0.213D-04      0.518D-05      -532.96082024    753.059070   -3.35971   -0.55007   -0.52684    6      2.2     26.0     diag
    8      0.749D-05      0.159D-05      -532.96082040    753.060431   -3.35990   -0.54955   -0.52672    7      2.2     28.2     diag
    9      0.304D-05      0.401D-06      -532.96082041    753.060002   -3.35998   -0.54944   -0.52673    8      2.1     30.3     diag
   10      0.698D-06      0.116D-06      -532.96082041    753.060180   -3.35997   -0.54938   -0.52671    0      2.2     32.5     orth

 Final occupancy:  22

 !RHF STATE 1.1 Energy               -532.960820412095
 Nuclear energy                       179.25690392
 One-electron energy                -1088.74781416
 Two-electron energy                  376.53008982
 Virial quotient                       -0.99946464
 !RHF STATE 1.1 Dipole moment          -3.35997340    -0.54937778    -0.52671088
 Dipole moment /Debye                  -8.53964119    -1.39628757    -1.33867783

 Orbital energies:

         1.1          2.1          3.1          4.1          5.1          6.1          7.1          8.1          9.1         10.1
    -91.825287   -15.663499   -11.303965   -11.206497    -8.830815    -6.512444    -6.511369    -6.510862    -1.328062    -0.983545

        11.1         12.1         13.1         14.1         15.1         16.1         17.1         18.1         19.1         20.1
     -0.957788    -0.816930    -0.789473    -0.730130    -0.675121    -0.594430    -0.588115    -0.537314    -0.531596    -0.403939

        21.1         22.1         23.1         24.1
     -0.276070    -0.266566     0.005025     0.024234

 HOMO     22.1    -0.266566 =      -7.2536eV
 LUMO     23.1     0.005025 =       0.1367eV
 LUMO-HOMO         0.271592 =       7.3904eV


 **********************************************************************************************************************************
 DATASETS  * FILE   NREC   LENGTH (MB)   RECORD NAMES
              1      18       27.60       500      610      700      900      950      970     1000      129      960     1100   
                                          VAR    BASINP    GEOM    SYMINP    ZMAT    AOBASIS   BASIS     P2S    ABASIS      S 
                                         1400     1410     1200     1210     1080     1600     1650     1700   
                                           T        V       H0       H01     AOSYM     SMH    MOLCAS    OPER   

              2       4       13.71       700     1000      520     2100   
                                         GEOM     BASIS   MCVARS     RHF  

 PROGRAMS   *        TOTAL        HF       INT
 CPU TIMES  *        35.81     33.87      1.77
 REAL TIME  *        89.90 SEC
 DISK USED  *       942.69 MB      
 SF USED    *       132.63 MB      
 GA USED    *         3.20 MB       (max)       0.00 MB       (current)
 **********************************************************************************************************************************
 SETTING E_RHF_C        =    ***************  KCAL/MOL                        


1PROGRAM * MP2 (Closed-shell)     Authors: C. Hampel, H.-J. Werner, 1991, M. Deegan, P.J. Knowles, 1992

 Basis set AUG-CC-PVQZ/MP2FIT generated. Number of basis functions:   1418 

 Convergence thresholds:  THRVAR = 1.00D-08  THRDEN = 1.00D-06

 Number of core orbitals:           8 (   8 )
 Number of closed-shell orbitals:  14 (  14 )
 Number of external orbitals:     716 ( 716 )

 Molecular orbitals read from record     2100.2  Type=RHF/CANONICAL (state 1.1)
 

 Entering DF-MP2

 Thresholds:    THRAO= 0.100D-09    THRMO= 0.100D-08    THROV= 0.100D-11

 Fitting basis: AUG-CC-PVQZ-MP2F
 Number of fitting functions:                1418
 Number of blocks in AO basis:                  5
 Minimum block size:                           46
 Maximum block size:                          218
 Average block size:                          148
 Number of groups in AO basis:                151
 Number of shells in AO basis:                269

 Using large memory version DFMP2B. NIBTK= 1  NGPU= 0  IGPU= 0

 para=T  nprocs= 12  mpptyp=0  number of tasks=  24

 Minimum memory with paging:                  4.71 MW
 Minimum memory for incore assembly:         14.73 MW
 Maximum memory for incore algorithm:        18.45 MW
 Memory for 3-index integrals:                0.00 MW

 Disk space for H1-integrals:               118.00 MB (   336 records)
 
 CPU time for half transformed integrals      1.40 sec, elapsed time      2.11 sec
 CPU time for assembly                        1.51 sec, elapsed time      1.98 sec (7729.9 MFLOP/sec)
 Total CPU time                               4.69 sec, elapsed time      5.98 sec

 SCS-MP2 correlation energy:           -0.858747518642   (PS=  1.200000  PT=  0.333333)
 SCS-MP2 total energy:               -533.819567930731

 Norm of first-order wave function:     0.202346214923
 Coefficient of reference function:     0.911979822585

  Reference energy                   -532.960820412089
  MP2 singlet pair energy              -0.571568406576
  MP2 triplet pair energy              -0.277819442278
  MP2 correlation energy               -0.849387848853

 !MP2 total energy                   -533.810208260943


 **********************************************************************************************************************************
 DATASETS  * FILE   NREC   LENGTH (MB)   RECORD NAMES
              1      18       27.60       500      610      700      900      950      970     1000      129      960     1100   
                                          VAR    BASINP    GEOM    SYMINP    ZMAT    AOBASIS   BASIS     P2S    ABASIS      S 
                                         1400     1410     1200     1210     1080     1600     1650     1700   
                                           T        V       H0       H01     AOSYM     SMH    MOLCAS    OPER   

              2       4       13.71       700     1000      520     2100   
                                         GEOM     BASIS   MCVARS     RHF  

 PROGRAMS   *        TOTAL       MP2        HF       INT
 CPU TIMES  *        41.73      5.91     33.87      1.77
 REAL TIME  *        97.54 SEC
 DISK USED  *       942.69 MB      
 SF USED    *       478.00 MB      
 GA USED    *         3.20 MB       (max)       0.00 MB       (current)
 **********************************************************************************************************************************
 SETTING E_CORR_C       =    ***************  KCAL/MOL                        
 SETTING E_C            =      -532.99902928  KCAL/MOL                        
 SETTING CHARGE         =         1.00000000                                  

 Dummy atoms: C8  H9  H10  S11  H12


 Recomputing one-electron integrals since nuclear charges changed

1PROGRAM * SEWARD (Integral evaluation for generally contracted gaussian basis sets)     Author: Roland Lindh, 1990

 Geometry written to block  1 of record 700


 Point group  C1  



 ATOMIC COORDINATES

 NR  ATOM    CHARGE       X              Y              Z

   1  N0      7.00   -3.537053313    1.115641396   -0.773704901
   2  C1      6.00   -4.179900348   -1.147572098    0.692378647
   3  H2      1.00   -6.218803350   -1.512497111    0.896418047
   4  H3      1.00   -3.358101917   -0.973961069    2.582548864
   5  H4      1.00   -3.318742701   -2.797941738   -0.209071740
   6  H5      1.00   -4.333040843    2.631445093    0.026175012
   7  H6      1.00   -4.179743255    0.925206040   -2.540552044
   8  H7      1.00   -1.660157477    1.333068787   -0.806142900
   9  C8      0.00    1.665754875   -2.097689081   -0.664437915
  10  H9      0.00    0.431232699   -3.262459577    0.513500193
  11  H10     0.00    3.622605969   -2.658584363   -0.320505869
  12  S11     0.00    1.402867514    1.261599584    0.157296266
  13  H12     0.00    1.230254260   -2.419144724   -2.658008276

 Bond lengths in Bohr (Angstrom)

 1-2  2.772145126  1-6  1.889726137  1-7  1.889726122  1-8  1.889726137  2-3  2.081328372
     ( 1.466956021)     ( 1.000000003)     ( 0.999999995)     ( 1.000000003)     ( 1.101391539)

  2- 4  2.068389929   2- 5  2.068314590   8-12  3.211766643   9-10  2.065980033   9-11  2.064499690
       ( 1.094544810)       ( 1.094504942)       ( 1.699593708)       ( 1.093269548)       ( 1.092486184)

  9-12  3.468310419   9-13  2.065748606
       ( 1.835350827)       ( 1.093147082)

 Bond angles

  1- 2- 3  114.97091777   1- 2- 4  108.82223243   1- 2- 5  108.92862229   1- 8-12  159.96842701

  2-1-6  109.47122075   2-1-7  109.47122046   2-1-8  109.47122040   3-2-4  108.32125274

  3-2-5  108.10103971   4-2-5  107.44770163   6-1-7  109.47122110   6-1-8  109.47122038

  7- 1- 8  109.47122072   8-12- 9   91.30464055  10- 9-11  108.55608257  10- 9-12  111.44980305

 10- 9-13  109.66566187  11- 9-12  107.18872473  11- 9-13  108.56147558  12- 9-13  111.30848894

 NUCLEAR CHARGE:                   19
 NUMBER OF PRIMITIVE AOS:        1004
 NUMBER OF SYMMETRY AOS:          823
 NUMBER OF CONTRACTIONS:          738   ( 738A   )
 NUMBER OF CORE ORBITALS:           2   (   2A   )
 NUMBER OF VALENCE ORBITALS:       14   (  14A   )

 MOLECULE CHANGED: INITIALIZING OCCUPATION AND DUMP RECORDS


 NUCLEAR REPULSION ENERGY   48.60267443


 Eigenvalues of metric

         1 0.164E-05 0.210E-05 0.387E-05 0.471E-05 0.527E-05 0.682E-05 0.807E-05 0.105E-04


 OPERATOR DM      FOR CENTER  0  COORDINATES:    0.000000    0.000000    0.000000


 **********************************************************************************************************************************
 DATASETS  * FILE   NREC   LENGTH (MB)   RECORD NAMES
              1      18       27.60       500      610      700      900      950      970     1000      129      960     1100   
                                          VAR    BASINP    GEOM    SYMINP    ZMAT    AOBASIS   BASIS     P2S    ABASIS      S 
                                         1400     1410     1200     1210     1080     1600     1650     1700   
                                           T        V       H0       H01     AOSYM     SMH    MOLCAS    OPER   

              2       4       13.71       700     1000      520     2100   
                                         GEOM     BASIS   MCVARS     RHF  

 PROGRAMS   *        TOTAL       INT       MP2        HF       INT
 CPU TIMES  *        43.30      1.56      5.91     33.87      1.77
 REAL TIME  *        99.82 SEC
 DISK USED  *       942.69 MB      
 SF USED    *       478.00 MB      
 GA USED    *         3.20 MB       (max)       0.00 MB       (current)
 **********************************************************************************************************************************

1PROGRAM * RHF-SCF (CLOSED SHELL)       Authors: W. Meyer, H.-J. Werner


 NUMBER OF ELECTRONS:       9+    9-    SPACE SYMMETRY=1    SPIN SYMMETRY: Singlet 
 CONVERGENCE THRESHOLDS:    1.00E-05 (Density)    1.00E-07 (Energy)
 INTEGRAL THRESHOLDS:       1.00E-12 (Initial)    1.00E-12 (Final)
 MAX. NUMBER OF ITERATIONS:       60
 INTERPOLATION TYPE:            DIIS
 INTERPOLATION STEPS:              2 (START)      1 (STEP)
 LEVEL SHIFTS:                  0.00 (CLOSED)  0.00 (OPEN) 



 
 Basis set CC-PVQZ/JKFIT generated.      Number of basis functions:   925 
 
 Orbital guess generated from atomic densities. Full valence occupancy:   16
 Coulomb and exchange fitting
 Thresholds for fitting:       THRAO_COUL= 1.0D-15    THRAO_EXCH= 1.0D-13    THRMO= 1.0D-12    THRPROD= 1.0D-12    THRASM= 1.0D-12
                               THR2HLF=    1.0D-12

 Molecular orbital dump at record        2101.2

 ITERATION   DDIFF            GRAD            ENERGY        2-EL.EN.            DIPOLE MOMENTS         DIIS   CPU(IT)  CPU(TOT)  ORB.
    1      0.000D+00      0.000D+00       -95.57466629    148.289178   -3.53301    1.10593   -0.76779    0      2.6     10.3     start
    2      0.000D+00      0.224D-02       -95.61663608    150.833027   -3.64005    0.73414   -0.52712    1      3.7     14.0     diag
    3      0.119D-02      0.895D-03       -95.62107259    149.932499   -3.63834    0.74002   -0.53084    2      2.0     16.0     diag
    4      0.470D-03      0.294D-03       -95.62170506    150.153300   -3.64604    0.71578   -0.51517    3      2.0     18.0     diag
    5      0.130D-03      0.445D-04       -95.62173106    150.168952   -3.64764    0.71018   -0.51154    4      2.0     20.0     diag
    6      0.259D-04      0.827D-05       -95.62173209    150.163666   -3.64804    0.70900   -0.51077    5      2.0     22.0     diag
    7      0.709D-05      0.223D-05       -95.62173214    150.164862   -3.64807    0.70882   -0.51066    6      2.0     24.0     diag
    8      0.160D-05      0.626D-06       -95.62173214    150.164466   -3.64809    0.70874   -0.51060    0      2.1     26.1     orth

 Final occupancy:   9

 !RHF STATE 1.1 Energy                -95.621732142886
 Nuclear energy                        48.60267443
 One-electron energy                 -219.30663980
 Two-electron energy                   75.08223323
 Virial quotient                       -1.00005687
 !RHF STATE 1.1 Dipole moment          -3.64809380     0.70873502    -0.51060156
 Dipole moment /Debye                  -9.27192225     1.80130674    -1.29773472

 Orbital energies:

         1.1          2.1          3.1          4.1          5.1          6.1          7.1          8.1          9.1         10.1
    -15.911274   -11.488837    -1.549722    -1.176424    -1.008608    -1.008073    -0.880472    -0.774195    -0.773481    -0.127429

        11.1
     -0.087848

 HOMO      9.1    -0.773481 =     -21.0475eV
 LUMO     10.1    -0.127429 =      -3.4675eV
 LUMO-HOMO         0.646052 =      17.5800eV


 **********************************************************************************************************************************
 DATASETS  * FILE   NREC   LENGTH (MB)   RECORD NAMES
              1      18       27.60       500      610      700      900      950      970     1000      129      960     1100   
                                          VAR    BASINP    GEOM    SYMINP    ZMAT    AOBASIS   BASIS     P2S    ABASIS      S 
                                         1400     1410     1200     1210     1080     1600     1650     1700   
                                           T        V       H0       H01     AOSYM     SMH    MOLCAS    OPER   

              2       5       35.57       700     1000      520     2100     2101   
                                         GEOM     BASIS   MCVARS     RHF      RHF  

 PROGRAMS   *        TOTAL        HF       INT       MP2        HF       INT
 CPU TIMES  *        69.90     26.59      1.56      5.91     33.87      1.77
 REAL TIME  *       204.61 SEC
 DISK USED  *         1.15 GB      
 SF USED    *       478.00 MB      
 GA USED    *         3.20 MB       (max)       0.00 MB       (current)
 **********************************************************************************************************************************
 SETTING E_RHF_A        =    -60003.55488829  KCAL/MOL                        


1PROGRAM * MP2 (Closed-shell)     Authors: C. Hampel, H.-J. Werner, 1991, M. Deegan, P.J. Knowles, 1992

 Basis set AUG-CC-PVQZ/MP2FIT generated. Number of basis functions:   1418 

 Convergence thresholds:  THRVAR = 1.00D-08  THRDEN = 1.00D-06

 Number of core orbitals:           2 (   2 )
 Number of closed-shell orbitals:   7 (   7 )
 Number of external orbitals:     729 ( 729 )

 Molecular orbitals read from record     2101.2  Type=RHF/CANONICAL (state 1.1)
 

 Entering DF-MP2

 Thresholds:    THRAO= 0.100D-09    THRMO= 0.100D-08    THROV= 0.100D-11

 Fitting basis: AUG-CC-PVQZ-MP2F
 Number of fitting functions:                1418
 Number of blocks in AO basis:                  5
 Minimum block size:                           46
 Maximum block size:                          218
 Average block size:                          148
 Number of groups in AO basis:                151
 Number of shells in AO basis:                269

 Using large memory version DFMP2B. NIBTK= 1  NGPU= 0  IGPU= 0

 para=T  nprocs= 12  mpptyp=0  number of tasks=  24

 Minimum memory with paging:                  4.74 MW
 Minimum memory for incore assembly:          7.77 MW
 Maximum memory for incore algorithm:        11.08 MW
 Memory for 3-index integrals:                0.00 MW

 Disk space for H1-integrals:                59.00 MB (   168 records)
 
 CPU time for half transformed integrals      1.47 sec, elapsed time      1.49 sec
 CPU time for assembly                        0.51 sec, elapsed time      0.59 sec (5931.3 MFLOP/sec)
 Total CPU time                               3.97 sec, elapsed time      4.10 sec

 SCS-MP2 correlation energy:           -0.433712657334   (PS=  1.200000  PT=  0.333333)
 SCS-MP2 total energy:                -96.055444800221

 Norm of first-order wave function:     0.085926043368
 Coefficient of reference function:     0.959621292258

  Reference energy                    -95.621732142887
  MP2 singlet pair energy              -0.293997966741
  MP2 triplet pair energy              -0.130042120572
  MP2 correlation energy               -0.424040087313

 !MP2 total energy                    -96.045772230200


 **********************************************************************************************************************************
 DATASETS  * FILE   NREC   LENGTH (MB)   RECORD NAMES
              1      18       27.60       500      610      700      900      950      970     1000      129      960     1100   
                                          VAR    BASINP    GEOM    SYMINP    ZMAT    AOBASIS   BASIS     P2S    ABASIS      S 
                                         1400     1410     1200     1210     1080     1600     1650     1700   
                                           T        V       H0       H01     AOSYM     SMH    MOLCAS    OPER   

              2       5       35.57       700     1000      520     2100     2101   
                                         GEOM     BASIS   MCVARS     RHF      RHF  

 PROGRAMS   *        TOTAL       MP2        HF       INT       MP2        HF       INT
 CPU TIMES  *        74.90      5.00     26.59      1.56      5.91     33.87      1.77
 REAL TIME  *       210.07 SEC
 DISK USED  *         1.15 GB      
 SF USED    *       478.00 MB      
 GA USED    *         3.20 MB       (max)       0.00 MB       (current)
 **********************************************************************************************************************************
 SETTING E_CORR_A       =    -60269.64411386  KCAL/MOL                        
 SETTING E_A            =      -266.08922557  KCAL/MOL                        
 SETTING CHARGE         =        -1.00000000                                  

 Dummy atoms: N0  C1  H2  H3  H4  H5  H6  H7


 Recomputing one-electron integrals since nuclear charges changed

1PROGRAM * SEWARD (Integral evaluation for generally contracted gaussian basis sets)     Author: Roland Lindh, 1990

 Geometry written to block  1 of record 700


 Point group  C1  



 ATOMIC COORDINATES

 NR  ATOM    CHARGE       X              Y              Z

   1  N0      0.00   -3.537053313    1.115641396   -0.773704901
   2  C1      0.00   -4.179900348   -1.147572098    0.692378647
   3  H2      0.00   -6.218803350   -1.512497111    0.896418047
   4  H3      0.00   -3.358101917   -0.973961069    2.582548864
   5  H4      0.00   -3.318742701   -2.797941738   -0.209071740
   6  H5      0.00   -4.333040843    2.631445093    0.026175012
   7  H6      0.00   -4.179743255    0.925206040   -2.540552044
   8  H7      0.00   -1.660157477    1.333068787   -0.806142900
   9  C8      6.00    1.665754875   -2.097689081   -0.664437915
  10  H9      1.00    0.431232699   -3.262459577    0.513500193
  11  H10     1.00    3.622605969   -2.658584363   -0.320505869
  12  S11    16.00    1.402867514    1.261599584    0.157296266
  13  H12     1.00    1.230254260   -2.419144724   -2.658008276

 Bond lengths in Bohr (Angstrom)

 1-2  2.772145126  1-6  1.889726137  1-7  1.889726122  1-8  1.889726137  2-3  2.081328372
     ( 1.466956021)     ( 1.000000003)     ( 0.999999995)     ( 1.000000003)     ( 1.101391539)

  2- 4  2.068389929   2- 5  2.068314590   8-12  3.211766643   9-10  2.065980033   9-11  2.064499690
       ( 1.094544810)       ( 1.094504942)       ( 1.699593708)       ( 1.093269548)       ( 1.092486184)

  9-12  3.468310419   9-13  2.065748606
       ( 1.835350827)       ( 1.093147082)

 Bond angles

  1- 2- 3  114.97091777   1- 2- 4  108.82223243   1- 2- 5  108.92862229   1- 8-12  159.96842701

  2-1-6  109.47122075   2-1-7  109.47122046   2-1-8  109.47122040   3-2-4  108.32125274

  3-2-5  108.10103971   4-2-5  107.44770163   6-1-7  109.47122110   6-1-8  109.47122038

  7- 1- 8  109.47122072   8-12- 9   91.30464055  10- 9-11  108.55608257  10- 9-12  111.44980305

 10- 9-13  109.66566187  11- 9-12  107.18872473  11- 9-13  108.56147558  12- 9-13  111.30848894

 NUCLEAR CHARGE:                   25
 NUMBER OF PRIMITIVE AOS:        1004
 NUMBER OF SYMMETRY AOS:          823
 NUMBER OF CONTRACTIONS:          738   ( 738A   )
 NUMBER OF CORE ORBITALS:           6   (   6A   )
 NUMBER OF VALENCE ORBITALS:       11   (  11A   )

 MOLECULE CHANGED: INITIALIZING OCCUPATION AND DUMP RECORDS


 NUCLEAR REPULSION ENERGY   47.71640682


 Eigenvalues of metric

         1 0.164E-05 0.210E-05 0.387E-05 0.471E-05 0.527E-05 0.682E-05 0.807E-05 0.105E-04


 OPERATOR DM      FOR CENTER  0  COORDINATES:    0.000000    0.000000    0.000000


 **********************************************************************************************************************************
 DATASETS  * FILE   NREC   LENGTH (MB)   RECORD NAMES
              1      18       27.60       500      610      700      900      950      970     1000      129      960     1100   
                                          VAR    BASINP    GEOM    SYMINP    ZMAT    AOBASIS   BASIS     P2S    ABASIS      S 
                                         1400     1410     1200     1210     1080     1600     1650     1700   
                                           T        V       H0       H01     AOSYM     SMH    MOLCAS    OPER   

              2       5       35.57       700     1000      520     2100     2101   
                                         GEOM     BASIS   MCVARS     RHF      RHF  

 PROGRAMS   *        TOTAL       INT       MP2        HF       INT       MP2        HF       INT
 CPU TIMES  *        76.41      1.50      5.00     26.59      1.56      5.91     33.87      1.77
 REAL TIME  *       213.59 SEC
 DISK USED  *         1.15 GB      
 SF USED    *       478.00 MB      
 GA USED    *         3.20 MB       (max)       0.00 MB       (current)
 **********************************************************************************************************************************

1PROGRAM * RHF-SCF (CLOSED SHELL)       Authors: W. Meyer, H.-J. Werner


 NUMBER OF ELECTRONS:      13+   13-    SPACE SYMMETRY=1    SPIN SYMMETRY: Singlet 
 CONVERGENCE THRESHOLDS:    1.00E-05 (Density)    1.00E-07 (Energy)
 INTEGRAL THRESHOLDS:       1.00E-12 (Initial)    1.00E-12 (Final)
 MAX. NUMBER OF ITERATIONS:       60
 INTERPOLATION TYPE:            DIIS
 INTERPOLATION STEPS:              2 (START)      1 (STEP)
 LEVEL SHIFTS:                  0.00 (CLOSED)  0.00 (OPEN) 



 
 Basis set CC-PVQZ/JKFIT generated.      Number of basis functions:   925 
 
 Orbital guess generated from atomic densities. Full valence occupancy:   17
 Coulomb and exchange fitting
 Thresholds for fitting:       THRAO_COUL= 1.0D-15    THRAO_EXCH= 1.0D-13    THRMO= 1.0D-12    THRPROD= 1.0D-12    THRASM= 1.0D-12
                               THR2HLF=    1.0D-12

 Molecular orbital dump at record        2102.2

 ITERATION   DDIFF            GRAD            ENERGY        2-EL.EN.            DIPOLE MOMENTS         DIIS   CPU(IT)  CPU(TOT)  ORB.
    1      0.000D+00      0.000D+00      -437.11926101    445.123420   -1.34324   -1.81677   -0.28938    0      2.4      8.6     start
    2      0.000D+00      0.189D-02      -437.17179917    435.576816   -1.39833   -1.13517   -0.12391    1      3.0     11.6     diag
    3      0.219D-02      0.942D-03      -437.18042366    438.407215   -1.38893   -1.30219   -0.16497    2      2.9     14.5     diag
    4      0.920D-03      0.162D-03      -437.18110796    438.254761   -1.38820   -1.32493   -0.17059    3      2.7     17.2     diag
    5      0.169D-03      0.455D-04      -437.18117748    438.237273   -1.38912   -1.32690   -0.17119    4      2.2     19.3     diag
    6      0.659D-04      0.114D-04      -437.18118220    438.227500   -1.38907   -1.32936   -0.17177    5      2.9     22.2     diag
    7      0.316D-04      0.344D-05      -437.18118265    438.230234   -1.38921   -1.32869   -0.17161    6      2.2     24.4     diag
    8      0.112D-04      0.141D-05      -437.18118269    438.229424   -1.38922   -1.32873   -0.17161    7      2.1     26.6     diag
    9      0.320D-05      0.392D-06      -437.18118270    438.229558   -1.38923   -1.32854   -0.17156    0      2.8     29.3     orth

 Final occupancy:  13

 !RHF STATE 1.1 Energy               -437.181182696054
 Nuclear energy                        47.71640682
 One-electron energy                 -704.01236876
 Two-electron energy                  219.11477924
 Virial quotient                       -1.00007783
 !RHF STATE 1.1 Dipole moment          -1.38923083    -1.32853698    -0.17156440
 Dipole moment /Debye                  -3.53084130    -3.37658302    -0.43604464

 Orbital energies:

         1.1          2.1          3.1          4.1          5.1          6.1          7.1          8.1          9.1         10.1
    -91.660080   -11.045285    -8.660727    -6.342638    -6.340958    -6.340952    -0.781115    -0.575242    -0.376291    -0.373709

        11.1         12.1         13.1         14.1         15.1
     -0.229119    -0.083195    -0.082094     0.104194     0.122395

 HOMO     13.1    -0.082094 =      -2.2339eV
 LUMO     14.1     0.104194 =       2.8353eV
 LUMO-HOMO         0.186288 =       5.0692eV


 **********************************************************************************************************************************
 DATASETS  * FILE   NREC   LENGTH (MB)   RECORD NAMES
              1      18       27.60       500      610      700      900      950      970     1000      129      960     1100   
                                          VAR    BASINP    GEOM    SYMINP    ZMAT    AOBASIS   BASIS     P2S    ABASIS      S 
                                         1400     1410     1200     1210     1080     1600     1650     1700   
                                           T        V       H0       H01     AOSYM     SMH    MOLCAS    OPER   

              2       6       57.43       700     1000      520     2100     2101     2102   
                                         GEOM     BASIS   MCVARS     RHF      RHF      RHF  

 PROGRAMS   *        TOTAL        HF       INT       MP2        HF       INT       MP2        HF       INT
 CPU TIMES  *       106.22     29.81      1.50      5.00     26.59      1.56      5.91     33.87      1.77
 REAL TIME  *       328.20 SEC
 DISK USED  *         1.44 GB      
 SF USED    *       478.00 MB      
 GA USED    *         3.20 MB       (max)       0.00 MB       (current)
 **********************************************************************************************************************************
 SETTING E_RHF_B        =    ***************  KCAL/MOL                        


1PROGRAM * MP2 (Closed-shell)     Authors: C. Hampel, H.-J. Werner, 1991, M. Deegan, P.J. Knowles, 1992

 Basis set AUG-CC-PVQZ/MP2FIT generated. Number of basis functions:   1418 

 Convergence thresholds:  THRVAR = 1.00D-08  THRDEN = 1.00D-06

 Number of core orbitals:           6 (   6 )
 Number of closed-shell orbitals:   7 (   7 )
 Number of external orbitals:     725 ( 725 )

 Molecular orbitals read from record     2102.2  Type=RHF/CANONICAL (state 1.1)
 

 Entering DF-MP2

 Thresholds:    THRAO= 0.100D-09    THRMO= 0.100D-08    THROV= 0.100D-11

 Fitting basis: AUG-CC-PVQZ-MP2F
 Number of fitting functions:                1418
 Number of blocks in AO basis:                  5
 Minimum block size:                           46
 Maximum block size:                          218
 Average block size:                          148
 Number of groups in AO basis:                151
 Number of shells in AO basis:                269

 Using large memory version DFMP2B. NIBTK= 1  NGPU= 0  IGPU= 0

 para=T  nprocs= 12  mpptyp=0  number of tasks=  24

 Minimum memory with paging:                  4.73 MW
 Minimum memory for incore assembly:          7.72 MW
 Maximum memory for incore algorithm:        11.08 MW
 Memory for 3-index integrals:                0.00 MW

 Disk space for H1-integrals:                59.00 MB (   168 records)
 
 CPU time for half transformed integrals      1.37 sec, elapsed time      1.38 sec
 CPU time for assembly                        0.53 sec, elapsed time      0.58 sec (5645.0 MFLOP/sec)
 Total CPU time                               4.29 sec, elapsed time      4.36 sec

 SCS-MP2 correlation energy:           -0.408263512807   (PS=  1.200000  PT=  0.333333)
 SCS-MP2 total energy:               -437.589446208857

 Norm of first-order wave function:     0.115677335313
 Coefficient of reference function:     0.946739930567

  Reference energy                   -437.181182696050
  MP2 singlet pair energy              -0.271999199878
  MP2 triplet pair energy              -0.131567902961
  MP2 correlation energy               -0.403567102838

 !MP2 total energy                   -437.584749798888


 **********************************************************************************************************************************
 DATASETS  * FILE   NREC   LENGTH (MB)   RECORD NAMES
              1      18       27.60       500      610      700      900      950      970     1000      129      960     1100   
                                          VAR    BASINP    GEOM    SYMINP    ZMAT    AOBASIS   BASIS     P2S    ABASIS      S 
                                         1400     1410     1200     1210     1080     1600     1650     1700   
                                           T        V       H0       H01     AOSYM     SMH    MOLCAS    OPER   

              2       6       57.43       700     1000      520     2100     2101     2102   
                                         GEOM     BASIS   MCVARS     RHF      RHF      RHF  

 PROGRAMS   *        TOTAL       MP2        HF       INT       MP2        HF       INT       MP2        HF       INT
 CPU TIMES  *       111.78      5.55     29.81      1.50      5.00     26.59      1.56      5.91     33.87      1.77
 REAL TIME  *       335.28 SEC
 DISK USED  *         1.44 GB      
 SF USED    *       478.00 MB      
 GA USED    *         3.20 MB       (max)       0.00 MB       (current)
 **********************************************************************************************************************************
 SETTING E_CORR_B       =    ***************  KCAL/MOL                        
 SETTING E_B            =      -253.24223127  KCAL/MOL                        
 SETTING E_RHF_CP       =       -99.08726305  KCAL/MOL                        
 SETTING E_CORR_CP      =       -13.66757243  KCAL/MOL                        

        DF-MP2          DF-HF           DF-MP2          DF-HF           DF-MP2          DF-HF   
   -437.58474980   -437.18118270    -96.04577223    -95.62173214   -533.81020826   -532.96082041
 **********************************************************************************************************************************
 Variable memory released
