
 Primary working directories    : /scratch/1723648.phoenix.chem.wisc.edu
 Secondary working directories  : /scratch/1723648.phoenix.chem.wisc.edu
 Wavefunction directory         : /scratch/1723648.phoenix.chem.wisc.edu/
 Main file repository           : /scratch/1723648.phoenix.chem.wisc.edu/

 SHA1      : 65e45729fe3f963b0eb97374e3bda9949063ef0f
 NAME      : 2012.1.17
 ARCHNAME  : Linux/x86_64
 FC        : /opt/intel/composer_xe_2013.5.192/bin/intel64/ifort
 FCVERSION : 13.1.3
 BLASLIB   : -L/opt/intel/composer_xe_2013.5.192/mkl/lib/intel64 -lmkl_intel_ilp64 -lmkl_sequential -lmkl_core
 id        : cuichemwisc

 Nodes             nprocs
 compute-1-35.local   12
 ga_uses_ma=false, calling ma_init with nominal heap.
 GA-space will be limited to   8.0 MW (determined by -G option)

 Using customized tuning parameters: mindgm=1; mindgv=20; mindgc=4; mindgr=1; noblas=0; minvec=7
 default implementation of scratch files=sf  

 geomtyp=xyz
 geometry={
 13
  N0         -1.871728000000       0.590372000000      -0.409427000000
  C1         -2.211908000000      -0.607269000000       0.366391000000
  H2         -3.290849000000      -0.800379000000       0.474364000000
  H3         -1.777031000000      -0.515398000000       1.366626000000
  H4         -1.756203000000      -1.480607000000      -0.110636000000
  H5         -2.292946460000       1.392500770000       0.013851220000
  H6         -2.211824870000       0.489597950000      -1.344402240000
  H7         -0.878517500000       0.705429620000      -0.426592450000
  C8          4.328001431215      -1.045113027170      -0.374168698374
  H9          3.674720431215      -1.661483027170       0.249169301626
  H10         5.363522431215      -1.341926027170      -0.192167698374
  S11         4.188887431215       0.732545972830       0.060674301626
  H12         4.097544431215      -1.215220027170      -1.429120698374
 }
 
 
 basis=avtz
 
                                                                                 ! Complex
 set,charge=0
 
 df-hf
 e_rhf_c = energy*tokcal
 df-mp2
 e_corr_c = energy*tokcal
 e_c = e_corr_c - e_rhf_c
 
 
                                                                                 ! Monomer 1
 set,charge=1
 dummy,C8,H9,H10,S11,H12
 
 df-hf
 e_rhf_a = energy*tokcal
 df-mp2
 e_corr_a = energy*tokcal
 e_a = e_corr_a - e_rhf_a
 
 
                                                                                 ! Monomer 2
 set,charge=-1
 dummy,N0,C1,H2,H3,H4,H5,H6,H7
 
 df-hf
 e_rhf_b = energy*tokcal
 df-mp2
 e_corr_b = energy*tokcal
 e_b = e_corr_b - e_rhf_b
 
 
 e_rhf_cp = e_rhf_c - (e_rhf_a + e_rhf_b)
 e_corr_cp = e_c - (e_a + e_b)

 Variables initialized (782), CPU time= 0.01 sec
 Commands  initialized (547), CPU time= 0.01 sec, 517 directives.
 Default parameters read. Elapsed time= 0.14 sec

 Checking input...
 Passed
1


                                         ***  PROGRAM SYSTEM MOLPRO  ***
                         Copyright, University College Cardiff Consultants Limited, 2008

                                    Version 2012.1 linked Oct 11 2014 15:40:16


 **********************************************************************************************************************************
 LABEL *                                                                                 
 Linux-2.6.18-308.el5/compute-1-35.local(x86_64) 64 bit mpp version                      DATE: 12-Dec-14          TIME: 07:01:58  
 **********************************************************************************************************************************

 SHA1:             65e45729fe3f963b0eb97374e3bda9949063ef0f
 **********************************************************************************************************************************
 SETTING GEOMTYP        =    XYZ

 Turning off symmetry in density fitting calculation
 To re-enable, use 'set,zsymel=auto'


 Variable memory set to  350000000 words,  buffer space   230000 words

 SETTING BASIS          =    AVTZ
 SETTING CHARGE         =         0.00000000                                  


 Recomputing integrals since basis changed


 Using spherical harmonics

 Library entry N      S aug-cc-pVTZ          selected for orbital group  1
 Library entry N      P aug-cc-pVTZ          selected for orbital group  1
 Library entry N      D aug-cc-pVTZ          selected for orbital group  1
 Library entry N      F aug-cc-pVTZ          selected for orbital group  1
 Library entry C      S aug-cc-pVTZ          selected for orbital group  2
 Library entry C      P aug-cc-pVTZ          selected for orbital group  2
 Library entry C      D aug-cc-pVTZ          selected for orbital group  2
 Library entry C      F aug-cc-pVTZ          selected for orbital group  2
 Library entry H      S aug-cc-pVTZ          selected for orbital group  3
 Library entry H      P aug-cc-pVTZ          selected for orbital group  3
 Library entry H      D aug-cc-pVTZ          selected for orbital group  3
 Library entry S      S aug-cc-pVTZ          selected for orbital group  6
 Library entry S      P aug-cc-pVTZ          selected for orbital group  6
 Library entry S      D aug-cc-pVTZ          selected for orbital group  6
 Library entry S      F aug-cc-pVTZ          selected for orbital group  6

1PROGRAM * SEWARD (Integral evaluation for generally contracted gaussian basis sets)     Author: Roland Lindh, 1990

 Geometry written to block  1 of record 700


 Point group  C1  



 ATOMIC COORDINATES

 NR  ATOM    CHARGE       X              Y              Z

   1  N0      7.00   -3.537053313    1.115641396   -0.773704901
   2  C1      6.00   -4.179900348   -1.147572098    0.692378647
   3  H2      1.00   -6.218803350   -1.512497111    0.896418047
   4  H3      1.00   -3.358101917   -0.973961069    2.582548864
   5  H4      1.00   -3.318742701   -2.797941738   -0.209071740
   6  H5      1.00   -4.333040843    2.631445093    0.026175012
   7  H6      1.00   -4.179743255    0.925206040   -2.540552044
   8  H7      1.00   -1.660157477    1.333068787   -0.806142900
   9  C8      6.00    8.178737401   -1.974977398   -0.707076367
  10  H9      1.00    6.944215225   -3.139747893    0.470861740
  11  H10     1.00   10.135588495   -2.535872680   -0.363144321
  12  S11    16.00    7.915850040    1.384311267    0.114657813
  13  H12     1.00    7.743236786   -2.296433041   -2.700646729

 Bond lengths in Bohr (Angstrom)

 1-2  2.772145126  1-6  1.889726137  1-7  1.889726122  1-8  1.889726137  2-3  2.081328372
     ( 1.466956021)     ( 1.000000003)     ( 0.999999995)     ( 1.000000003)     ( 1.101391539)

  2- 4  2.068389929   2- 5  2.068314590   9-10  2.065980033   9-11  2.064499690   9-12  3.468310419
       ( 1.094544810)       ( 1.094504942)       ( 1.093269548)       ( 1.092486184)       ( 1.835350827)

  9-13  2.065748606
       ( 1.093147082)

 Bond angles

  1-2-3  114.97091777   1-2-4  108.82223243   1-2-5  108.92862229   2-1-6  109.47122075

  2-1-7  109.47122046   2-1-8  109.47122040   3-2-4  108.32125274   3-2-5  108.10103971

  4-2-5  107.44770163   6-1-7  109.47122110   6-1-8  109.47122038   7-1-8  109.47122072

 10- 9-11  108.55608257  10- 9-12  111.44980305  10- 9-13  109.66566187  11- 9-12  107.18872473

 11- 9-13  108.56147558  12- 9-13  111.30848894

 NUCLEAR CHARGE:                   44
 NUMBER OF PRIMITIVE AOS:         528
 NUMBER OF SYMMETRY AOS:          474
 NUMBER OF CONTRACTIONS:          395   ( 395A   )
 NUMBER OF CORE ORBITALS:           8   (   8A   )
 NUMBER OF VALENCE ORBITALS:       25   (  25A   )


 NUCLEAR REPULSION ENERGY  135.72633504


 Eigenvalues of metric

         1 0.314E-04 0.508E-04 0.563E-04 0.579E-04 0.753E-04 0.918E-04 0.104E-03 0.106E-03


 OPERATOR DM      FOR CENTER  0  COORDINATES:    0.000000    0.000000    0.000000


 **********************************************************************************************************************************
 DATASETS  * FILE   NREC   LENGTH (MB)   RECORD NAMES
              1      18       13.48       500      610      700      900      950      970     1000      129      960     1100   
                                          VAR    BASINP    GEOM    SYMINP    ZMAT    AOBASIS   BASIS     P2S    ABASIS      S 
                                         1400     1410     1200     1210     1080     1600     1650     1700   
                                           T        V       H0       H01     AOSYM     SMH    MOLCAS    OPER   

 PROGRAMS   *        TOTAL       INT
 CPU TIMES  *         0.65      0.51
 REAL TIME  *         0.91 SEC
 DISK USED  *         0.00 MB      
 GA USED    *         0.01 MB       (max)       0.00 MB       (current)
 **********************************************************************************************************************************

1PROGRAM * RHF-SCF (CLOSED SHELL)       Authors: W. Meyer, H.-J. Werner


 NUMBER OF ELECTRONS:      22+   22-    SPACE SYMMETRY=1    SPIN SYMMETRY: Singlet 
 CONVERGENCE THRESHOLDS:    1.00E-05 (Density)    1.00E-07 (Energy)
 INTEGRAL THRESHOLDS:       1.00E-11 (Initial)    1.00E-11 (Final)
 MAX. NUMBER OF ITERATIONS:       60
 INTERPOLATION TYPE:            DIIS
 INTERPOLATION STEPS:              2 (START)      1 (STEP)
 LEVEL SHIFTS:                  0.00 (CLOSED)  0.00 (OPEN) 



 
 Basis set CC-PVTZ/JKFIT generated.      Number of basis functions:   628 
 
 Orbital guess generated from atomic densities. Full valence occupancy:   33
 Coulomb and exchange fitting
 Thresholds for fitting:       THRAO_COUL= 1.0D-14    THRAO_EXCH= 1.0D-12    THRMO= 1.0D-11    THRPROD= 1.0D-11    THRASM= 1.0D-11
                               THR2HLF=    1.0D-11

 Molecular orbital dump at record        2100.2

 ITERATION   DDIFF            GRAD            ENERGY        2-EL.EN.            DIPOLE MOMENTS         DIIS   CPU(IT)  CPU(TOT)  ORB.
    1      0.000D+00      0.000D+00      -532.77115130    670.902624  -11.38770   -0.83467   -1.01620    0      0.9      3.8     start
    2      0.000D+00      0.283D-02      -532.86464430    663.585475  -10.62687   -0.57054   -0.54002    1      0.6      4.4     diag
    3      0.482D-02      0.134D-02      -532.87932211    666.187199  -10.85936   -0.73816   -0.63211    2      0.5      4.9     diag
    4      0.130D-02      0.285D-03      -532.88076573    665.865817  -10.78987   -0.77223   -0.61779    3      0.5      5.4     diag
    5      0.452D-03      0.614D-04      -532.88088147    665.811833  -10.76951   -0.77691   -0.61500    4      0.5      5.9     diag
    6      0.150D-03      0.176D-04      -532.88089357    665.817743  -10.76197   -0.78182   -0.61532    5      0.5      6.4     diag
    7      0.645D-04      0.605D-05      -532.88089519    665.811121  -10.75763   -0.78138   -0.61516    6      0.5      6.9     diag
    8      0.241D-04      0.263D-05      -532.88089559    665.812456  -10.75477   -0.78167   -0.61511    7      0.5      7.4     diag
    9      0.130D-04      0.918D-06      -532.88089567    665.811856  -10.75292   -0.78161   -0.61504    8      0.5      7.9     diag
   10      0.560D-05      0.368D-06      -532.88089568    665.811792  -10.75241   -0.78166   -0.61504    0      0.5      8.4     orth

 Final occupancy:  22

 !RHF STATE 1.1 Energy               -532.880895681523
 Nuclear energy                       135.72633504
 One-electron energy                -1001.51312685
 Two-electron energy                  332.90589613
 Virial quotient                       -1.00038332
 !RHF STATE 1.1 Dipole moment         -10.75240576    -0.78166126    -0.61503646
 Dipole moment /Debye                 -27.32809944    -1.98665464    -1.56316436

 Orbital energies:

         1.1          2.1          3.1          4.1          5.1          6.1          7.1          8.1          9.1         10.1
    -91.757051   -15.820060   -11.403109   -11.133770    -8.756584    -6.438098    -6.436510    -6.436359    -1.457845    -1.088201

        11.1         12.1         13.1         14.1         15.1         16.1         17.1         18.1         19.1         20.1
     -0.917271    -0.914006    -0.870183    -0.791195    -0.687370    -0.685762    -0.666124    -0.463877    -0.460567    -0.319215

        21.1         22.1         23.1         24.1
     -0.175610    -0.171899    -0.045268    -0.011439

 HOMO     22.1    -0.171899 =      -4.6776eV
 LUMO     23.1    -0.045268 =      -1.2318eV
 LUMO-HOMO         0.126631 =       3.4458eV


 **********************************************************************************************************************************
 DATASETS  * FILE   NREC   LENGTH (MB)   RECORD NAMES
              1      18       13.48       500      610      700      900      950      970     1000      129      960     1100   
                                          VAR    BASINP    GEOM    SYMINP    ZMAT    AOBASIS   BASIS     P2S    ABASIS      S 
                                         1400     1410     1200     1210     1080     1600     1650     1700   
                                           T        V       H0       H01     AOSYM     SMH    MOLCAS    OPER   

              2       4        4.31       700     1000      520     2100   
                                         GEOM     BASIS   MCVARS     RHF  

 PROGRAMS   *        TOTAL        HF       INT
 CPU TIMES  *         9.41      8.47      0.51
 REAL TIME  *        45.67 SEC
 DISK USED  *       342.33 MB      
 SF USED    *        49.35 MB      
 GA USED    *         3.20 MB       (max)       0.00 MB       (current)
 **********************************************************************************************************************************
 SETTING E_RHF_C        =    ***************  KCAL/MOL                        


1PROGRAM * MP2 (Closed-shell)     Authors: C. Hampel, H.-J. Werner, 1991, M. Deegan, P.J. Knowles, 1992

 Basis set AUG-CC-PVTZ/MP2FIT generated. Number of basis functions:   879 

 Convergence thresholds:  THRVAR = 1.00D-08  THRDEN = 1.00D-06

 Number of core orbitals:           8 (   8 )
 Number of closed-shell orbitals:  14 (  14 )
 Number of external orbitals:     373 ( 373 )

 Molecular orbitals read from record     2100.2  Type=RHF/CANONICAL (state 1.1)
 

 Entering DF-MP2

 Thresholds:    THRAO= 0.100D-09    THRMO= 0.100D-08    THROV= 0.100D-11

 Fitting basis: AUG-CC-PVTZ-MP2F
 Number of fitting functions:                 879
 Number of blocks in AO basis:                  3
 Minimum block size:                          115
 Maximum block size:                          165
 Average block size:                          132
 Number of groups in AO basis:                 99
 Number of shells in AO basis:                196

 Using large memory version DFMP2B. NIBTK= 1  NGPU= 0  IGPU= 0

 para=T  nprocs= 12  mpptyp=0  number of tasks=  30

 Minimum memory with paging:                  2.09 MW
 Minimum memory for incore assembly:          4.73 MW
 Maximum memory for incore algorithm:         6.43 MW
 Memory for 3-index integrals:                0.00 MW

 Disk space for H1-integrals:                39.18 MB (   420 records)
 
 CPU time for half transformed integrals      0.32 sec, elapsed time      0.34 sec
 CPU time for assembly                        0.30 sec, elapsed time      0.44 sec (8199.3 MFLOP/sec)
 Total CPU time                               1.21 sec, elapsed time      1.40 sec

 SCS-MP2 correlation energy:           -0.789643115167   (PS=  1.200000  PT=  0.333333)
 SCS-MP2 total energy:               -533.670538796689

 Norm of first-order wave function:     0.198777044925
 Coefficient of reference function:     0.913336451750

  Reference energy                   -532.880895681522
  MP2 singlet pair energy              -0.525626014992
  MP2 triplet pair energy              -0.255361977605
  MP2 correlation energy               -0.780987992597

 !MP2 total energy                   -533.661883674120


 **********************************************************************************************************************************
 DATASETS  * FILE   NREC   LENGTH (MB)   RECORD NAMES
              1      18       13.48       500      610      700      900      950      970     1000      129      960     1100   
                                          VAR    BASINP    GEOM    SYMINP    ZMAT    AOBASIS   BASIS     P2S    ABASIS      S 
                                         1400     1410     1200     1210     1080     1600     1650     1700   
                                           T        V       H0       H01     AOSYM     SMH    MOLCAS    OPER   

              2       4        4.31       700     1000      520     2100   
                                         GEOM     BASIS   MCVARS     RHF  

 PROGRAMS   *        TOTAL       MP2        HF       INT
 CPU TIMES  *        10.87      1.47      8.47      0.51
 REAL TIME  *        47.98 SEC
 DISK USED  *       342.33 MB      
 SF USED    *       133.94 MB      
 GA USED    *         3.20 MB       (max)       0.00 MB       (current)
 **********************************************************************************************************************************
 SETTING E_CORR_C       =    ***************  KCAL/MOL                        
 SETTING E_C            =      -490.07746284  KCAL/MOL                        
 SETTING CHARGE         =         1.00000000                                  

 Dummy atoms: C8  H9  H10  S11  H12


 Recomputing one-electron integrals since nuclear charges changed

1PROGRAM * SEWARD (Integral evaluation for generally contracted gaussian basis sets)     Author: Roland Lindh, 1990

 Geometry written to block  1 of record 700


 Point group  C1  



 ATOMIC COORDINATES

 NR  ATOM    CHARGE       X              Y              Z

   1  N0      7.00   -3.537053313    1.115641396   -0.773704901
   2  C1      6.00   -4.179900348   -1.147572098    0.692378647
   3  H2      1.00   -6.218803350   -1.512497111    0.896418047
   4  H3      1.00   -3.358101917   -0.973961069    2.582548864
   5  H4      1.00   -3.318742701   -2.797941738   -0.209071740
   6  H5      1.00   -4.333040843    2.631445093    0.026175012
   7  H6      1.00   -4.179743255    0.925206040   -2.540552044
   8  H7      1.00   -1.660157477    1.333068787   -0.806142900
   9  C8      0.00    8.178737401   -1.974977398   -0.707076367
  10  H9      0.00    6.944215225   -3.139747893    0.470861740
  11  H10     0.00   10.135588495   -2.535872680   -0.363144321
  12  S11     0.00    7.915850040    1.384311267    0.114657813
  13  H12     0.00    7.743236786   -2.296433041   -2.700646729

 Bond lengths in Bohr (Angstrom)

 1-2  2.772145126  1-6  1.889726137  1-7  1.889726122  1-8  1.889726137  2-3  2.081328372
     ( 1.466956021)     ( 1.000000003)     ( 0.999999995)     ( 1.000000003)     ( 1.101391539)

  2- 4  2.068389929   2- 5  2.068314590   9-10  2.065980033   9-11  2.064499690   9-12  3.468310419
       ( 1.094544810)       ( 1.094504942)       ( 1.093269548)       ( 1.092486184)       ( 1.835350827)

  9-13  2.065748606
       ( 1.093147082)

 Bond angles

  1-2-3  114.97091777   1-2-4  108.82223243   1-2-5  108.92862229   2-1-6  109.47122075

  2-1-7  109.47122046   2-1-8  109.47122040   3-2-4  108.32125274   3-2-5  108.10103971

  4-2-5  107.44770163   6-1-7  109.47122110   6-1-8  109.47122038   7-1-8  109.47122072

 10- 9-11  108.55608257  10- 9-12  111.44980305  10- 9-13  109.66566187  11- 9-12  107.18872473

 11- 9-13  108.56147558  12- 9-13  111.30848894

 NUCLEAR CHARGE:                   19
 NUMBER OF PRIMITIVE AOS:         528
 NUMBER OF SYMMETRY AOS:          474
 NUMBER OF CONTRACTIONS:          395   ( 395A   )
 NUMBER OF CORE ORBITALS:           2   (   2A   )
 NUMBER OF VALENCE ORBITALS:       14   (  14A   )

 MOLECULE CHANGED: INITIALIZING OCCUPATION AND DUMP RECORDS


 NUCLEAR REPULSION ENERGY   48.60267443


 Eigenvalues of metric

         1 0.314E-04 0.508E-04 0.563E-04 0.579E-04 0.753E-04 0.918E-04 0.104E-03 0.106E-03


 OPERATOR DM      FOR CENTER  0  COORDINATES:    0.000000    0.000000    0.000000


 **********************************************************************************************************************************
 DATASETS  * FILE   NREC   LENGTH (MB)   RECORD NAMES
              1      18       13.48       500      610      700      900      950      970     1000      129      960     1100   
                                          VAR    BASINP    GEOM    SYMINP    ZMAT    AOBASIS   BASIS     P2S    ABASIS      S 
                                         1400     1410     1200     1210     1080     1600     1650     1700   
                                           T        V       H0       H01     AOSYM     SMH    MOLCAS    OPER   

              2       4        4.31       700     1000      520     2100   
                                         GEOM     BASIS   MCVARS     RHF  

 PROGRAMS   *        TOTAL       INT       MP2        HF       INT
 CPU TIMES  *        11.26      0.39      1.47      8.47      0.51
 REAL TIME  *        49.52 SEC
 DISK USED  *       342.33 MB      
 SF USED    *       133.94 MB      
 GA USED    *         3.20 MB       (max)       0.00 MB       (current)
 **********************************************************************************************************************************

1PROGRAM * RHF-SCF (CLOSED SHELL)       Authors: W. Meyer, H.-J. Werner


 NUMBER OF ELECTRONS:       9+    9-    SPACE SYMMETRY=1    SPIN SYMMETRY: Singlet 
 CONVERGENCE THRESHOLDS:    1.00E-05 (Density)    1.00E-07 (Energy)
 INTEGRAL THRESHOLDS:       1.00E-11 (Initial)    1.00E-11 (Final)
 MAX. NUMBER OF ITERATIONS:       60
 INTERPOLATION TYPE:            DIIS
 INTERPOLATION STEPS:              2 (START)      1 (STEP)
 LEVEL SHIFTS:                  0.00 (CLOSED)  0.00 (OPEN) 



 
 Basis set CC-PVTZ/JKFIT generated.      Number of basis functions:   628 
 
 Orbital guess generated from atomic densities. Full valence occupancy:   16
 Coulomb and exchange fitting
 Thresholds for fitting:       THRAO_COUL= 1.0D-14    THRAO_EXCH= 1.0D-12    THRMO= 1.0D-11    THRPROD= 1.0D-11    THRASM= 1.0D-11
                               THR2HLF=    1.0D-11

 Molecular orbital dump at record        2101.2

 ITERATION   DDIFF            GRAD            ENERGY        2-EL.EN.            DIPOLE MOMENTS         DIIS   CPU(IT)  CPU(TOT)  ORB.
    1      0.000D+00      0.000D+00       -95.56844710    148.248585   -3.53260    1.10753   -0.76884    0      0.9      3.5     start
    2      0.000D+00      0.308D-02       -95.61039082    150.824317   -3.64001    0.73427   -0.52722    1      0.5      4.0     diag
    3      0.262D-02      0.124D-02       -95.61486768    149.914518   -3.63823    0.74037   -0.53108    2      0.5      4.5     diag
    4      0.887D-03      0.400D-03       -95.61549540    150.132513   -3.64592    0.71617   -0.51543    3      0.5      5.0     diag
    5      0.260D-03      0.606D-04       -95.61552128    150.148947   -3.64753    0.71057   -0.51180    4      0.5      5.5     diag
    6      0.474D-04      0.111D-04       -95.61552227    150.143474   -3.64793    0.70941   -0.51105    5      0.9      6.4     diag
    7      0.107D-04      0.313D-05       -95.61552232    150.144694   -3.64795    0.70925   -0.51094    6      0.4      6.8     diag
    8      0.263D-05      0.829D-06       -95.61552232    150.144336   -3.64797    0.70916   -0.51089    0      0.4      7.2     orth

 Final occupancy:   9

 !RHF STATE 1.1 Energy                -95.615522321000
 Nuclear energy                        48.60267443
 One-electron energy                 -219.29036465
 Two-electron energy                   75.07216790
 Virial quotient                       -1.00035158
 !RHF STATE 1.1 Dipole moment          -3.64797281     0.70916105    -0.51088957
 Dipole moment /Debye                  -9.27161474     1.80238955    -1.29846671

 Orbital energies:

         1.1          2.1          3.1          4.1          5.1          6.1          7.1          8.1          9.1         10.1
    -15.912798   -11.489776    -1.550039    -1.176483    -1.008471    -1.007932    -0.880299    -0.773964    -0.773251    -0.127337

        11.1
     -0.087425

 HOMO      9.1    -0.773251 =     -21.0412eV
 LUMO     10.1    -0.127337 =      -3.4650eV
 LUMO-HOMO         0.645914 =      17.5762eV


 **********************************************************************************************************************************
 DATASETS  * FILE   NREC   LENGTH (MB)   RECORD NAMES
              1      18       13.48       500      610      700      900      950      970     1000      129      960     1100   
                                          VAR    BASINP    GEOM    SYMINP    ZMAT    AOBASIS   BASIS     P2S    ABASIS      S 
                                         1400     1410     1200     1210     1080     1600     1650     1700   
                                           T        V       H0       H01     AOSYM     SMH    MOLCAS    OPER   

              2       5       10.61       700     1000      520     2100     2101   
                                         GEOM     BASIS   MCVARS     RHF      RHF  

 PROGRAMS   *        TOTAL        HF       INT       MP2        HF       INT
 CPU TIMES  *        18.61      7.34      0.39      1.47      8.47      0.51
 REAL TIME  *       117.82 SEC
 DISK USED  *       402.91 MB      
 SF USED    *       133.94 MB      
 GA USED    *         3.20 MB       (max)       0.00 MB       (current)
 **********************************************************************************************************************************
 SETTING E_RHF_A        =    -59999.65816544  KCAL/MOL                        


1PROGRAM * MP2 (Closed-shell)     Authors: C. Hampel, H.-J. Werner, 1991, M. Deegan, P.J. Knowles, 1992

 Basis set AUG-CC-PVTZ/MP2FIT generated. Number of basis functions:   879 

 Convergence thresholds:  THRVAR = 1.00D-08  THRDEN = 1.00D-06

 Number of core orbitals:           2 (   2 )
 Number of closed-shell orbitals:   7 (   7 )
 Number of external orbitals:     386 ( 386 )

 Molecular orbitals read from record     2101.2  Type=RHF/CANONICAL (state 1.1)
 

 Entering DF-MP2

 Thresholds:    THRAO= 0.100D-09    THRMO= 0.100D-08    THROV= 0.100D-11

 Fitting basis: AUG-CC-PVTZ-MP2F
 Number of fitting functions:                 879
 Number of blocks in AO basis:                  3
 Minimum block size:                          115
 Maximum block size:                          165
 Average block size:                          132
 Number of groups in AO basis:                 99
 Number of shells in AO basis:                196

 Using large memory version DFMP2B. NIBTK= 1  NGPU= 0  IGPU= 0

 para=T  nprocs= 12  mpptyp=0  number of tasks=  30

 Minimum memory with paging:                  2.11 MW
 Minimum memory for incore assembly:          2.52 MW
 Maximum memory for incore algorithm:         3.98 MW
 Memory for 3-index integrals:                0.00 MW

 Disk space for H1-integrals:                19.59 MB (   210 records)
 
 CPU time for half transformed integrals      0.28 sec, elapsed time      0.27 sec
 CPU time for assembly                        0.09 sec, elapsed time      0.11 sec (5853.9 MFLOP/sec)
 Total CPU time                               0.97 sec, elapsed time      1.00 sec

 SCS-MP2 correlation energy:           -0.408349416019   (PS=  1.200000  PT=  0.333333)
 SCS-MP2 total energy:                -96.023871737020

 Norm of first-order wave function:     0.084346538223
 Coefficient of reference function:     0.960319950459

  Reference energy                    -95.615522321000
  MP2 singlet pair energy              -0.274723181432
  MP2 triplet pair energy              -0.126452568698
  MP2 correlation energy               -0.401175750130

 !MP2 total energy                    -96.016698071130


 **********************************************************************************************************************************
 DATASETS  * FILE   NREC   LENGTH (MB)   RECORD NAMES
              1      18       13.48       500      610      700      900      950      970     1000      129      960     1100   
                                          VAR    BASINP    GEOM    SYMINP    ZMAT    AOBASIS   BASIS     P2S    ABASIS      S 
                                         1400     1410     1200     1210     1080     1600     1650     1700   
                                           T        V       H0       H01     AOSYM     SMH    MOLCAS    OPER   

              2       5       10.61       700     1000      520     2100     2101   
                                         GEOM     BASIS   MCVARS     RHF      RHF  

 PROGRAMS   *        TOTAL       MP2        HF       INT       MP2        HF       INT
 CPU TIMES  *        19.81      1.21      7.34      0.39      1.47      8.47      0.51
 REAL TIME  *       119.38 SEC
 DISK USED  *       402.91 MB      
 SF USED    *       133.94 MB      
 GA USED    *         3.20 MB       (max)       0.00 MB       (current)
 **********************************************************************************************************************************
 SETTING E_CORR_A       =    -60251.39979994  KCAL/MOL                        
 SETTING E_A            =      -251.74163449  KCAL/MOL                        
 SETTING CHARGE         =        -1.00000000                                  

 Dummy atoms: N0  C1  H2  H3  H4  H5  H6  H7


 Recomputing one-electron integrals since nuclear charges changed

1PROGRAM * SEWARD (Integral evaluation for generally contracted gaussian basis sets)     Author: Roland Lindh, 1990

 Geometry written to block  1 of record 700


 Point group  C1  



 ATOMIC COORDINATES

 NR  ATOM    CHARGE       X              Y              Z

   1  N0      0.00   -3.537053313    1.115641396   -0.773704901
   2  C1      0.00   -4.179900348   -1.147572098    0.692378647
   3  H2      0.00   -6.218803350   -1.512497111    0.896418047
   4  H3      0.00   -3.358101917   -0.973961069    2.582548864
   5  H4      0.00   -3.318742701   -2.797941738   -0.209071740
   6  H5      0.00   -4.333040843    2.631445093    0.026175012
   7  H6      0.00   -4.179743255    0.925206040   -2.540552044
   8  H7      0.00   -1.660157477    1.333068787   -0.806142900
   9  C8      6.00    8.178737401   -1.974977398   -0.707076367
  10  H9      1.00    6.944215225   -3.139747893    0.470861740
  11  H10     1.00   10.135588495   -2.535872680   -0.363144321
  12  S11    16.00    7.915850040    1.384311267    0.114657813
  13  H12     1.00    7.743236786   -2.296433041   -2.700646729

 Bond lengths in Bohr (Angstrom)

 1-2  2.772145126  1-6  1.889726137  1-7  1.889726122  1-8  1.889726137  2-3  2.081328372
     ( 1.466956021)     ( 1.000000003)     ( 0.999999995)     ( 1.000000003)     ( 1.101391539)

  2- 4  2.068389929   2- 5  2.068314590   9-10  2.065980033   9-11  2.064499690   9-12  3.468310419
       ( 1.094544810)       ( 1.094504942)       ( 1.093269548)       ( 1.092486184)       ( 1.835350827)

  9-13  2.065748606
       ( 1.093147082)

 Bond angles

  1-2-3  114.97091777   1-2-4  108.82223243   1-2-5  108.92862229   2-1-6  109.47122075

  2-1-7  109.47122046   2-1-8  109.47122040   3-2-4  108.32125274   3-2-5  108.10103971

  4-2-5  107.44770163   6-1-7  109.47122110   6-1-8  109.47122038   7-1-8  109.47122072

 10- 9-11  108.55608257  10- 9-12  111.44980305  10- 9-13  109.66566187  11- 9-12  107.18872473

 11- 9-13  108.56147558  12- 9-13  111.30848894

 NUCLEAR CHARGE:                   25
 NUMBER OF PRIMITIVE AOS:         528
 NUMBER OF SYMMETRY AOS:          474
 NUMBER OF CONTRACTIONS:          395   ( 395A   )
 NUMBER OF CORE ORBITALS:           6   (   6A   )
 NUMBER OF VALENCE ORBITALS:       11   (  11A   )

 MOLECULE CHANGED: INITIALIZING OCCUPATION AND DUMP RECORDS


 NUCLEAR REPULSION ENERGY   47.71640682


 Eigenvalues of metric

         1 0.314E-04 0.508E-04 0.563E-04 0.579E-04 0.753E-04 0.918E-04 0.104E-03 0.106E-03


 OPERATOR DM      FOR CENTER  0  COORDINATES:    0.000000    0.000000    0.000000


 **********************************************************************************************************************************
 DATASETS  * FILE   NREC   LENGTH (MB)   RECORD NAMES
              1      18       13.48       500      610      700      900      950      970     1000      129      960     1100   
                                          VAR    BASINP    GEOM    SYMINP    ZMAT    AOBASIS   BASIS     P2S    ABASIS      S 
                                         1400     1410     1200     1210     1080     1600     1650     1700   
                                           T        V       H0       H01     AOSYM     SMH    MOLCAS    OPER   

              2       5       10.61       700     1000      520     2100     2101   
                                         GEOM     BASIS   MCVARS     RHF      RHF  

 PROGRAMS   *        TOTAL       INT       MP2        HF       INT       MP2        HF       INT
 CPU TIMES  *        20.18      0.36      1.21      7.34      0.39      1.47      8.47      0.51
 REAL TIME  *       120.40 SEC
 DISK USED  *       402.91 MB      
 SF USED    *       133.94 MB      
 GA USED    *         3.20 MB       (max)       0.00 MB       (current)
 **********************************************************************************************************************************

1PROGRAM * RHF-SCF (CLOSED SHELL)       Authors: W. Meyer, H.-J. Werner


 NUMBER OF ELECTRONS:      13+   13-    SPACE SYMMETRY=1    SPIN SYMMETRY: Singlet 
 CONVERGENCE THRESHOLDS:    1.00E-05 (Density)    1.00E-07 (Energy)
 INTEGRAL THRESHOLDS:       1.00E-11 (Initial)    1.00E-11 (Final)
 MAX. NUMBER OF ITERATIONS:       60
 INTERPOLATION TYPE:            DIIS
 INTERPOLATION STEPS:              2 (START)      1 (STEP)
 LEVEL SHIFTS:                  0.00 (CLOSED)  0.00 (OPEN) 



 
 Basis set CC-PVTZ/JKFIT generated.      Number of basis functions:   628 
 
 Orbital guess generated from atomic densities. Full valence occupancy:   17
 Coulomb and exchange fitting
 Thresholds for fitting:       THRAO_COUL= 1.0D-14    THRAO_EXCH= 1.0D-12    THRMO= 1.0D-11    THRPROD= 1.0D-11    THRASM= 1.0D-11
                               THR2HLF=    1.0D-11

 Molecular orbital dump at record        2102.2

 ITERATION   DDIFF            GRAD            ENERGY        2-EL.EN.            DIPOLE MOMENTS         DIIS   CPU(IT)  CPU(TOT)  ORB.
    1      0.000D+00      0.000D+00      -437.11390456    445.065736   -7.85586   -1.94217   -0.24742    0      0.8      3.2     start
    2      0.000D+00      0.259D-02      -437.16632482    435.583061   -7.90748   -1.26142   -0.08214    1      0.6      3.8     diag
    3      0.366D-02      0.128D-02      -437.17481348    438.369613   -7.89826   -1.43036   -0.12355    2      0.5      4.3     diag
    4      0.838D-03      0.218D-03      -437.17549804    438.210172   -7.89630   -1.45449   -0.12941    3      0.6      4.8     diag
    5      0.249D-03      0.589D-04      -437.17556160    438.191576   -7.89643   -1.45746   -0.13019    4      0.5      5.3     diag
    6      0.936D-04      0.139D-04      -437.17556556    438.183474   -7.89601   -1.45974   -0.13070    5      0.5      5.8     diag
    7      0.367D-04      0.401D-05      -437.17556590    438.185638   -7.89600   -1.45926   -0.13057    6      0.5      6.3     diag
    8      0.117D-04      0.150D-05      -437.17556593    438.184953   -7.89596   -1.45928   -0.13057    7      0.5      6.8     diag
    9      0.324D-05      0.476D-06      -437.17556593    438.185164   -7.89596   -1.45909   -0.13052    0      0.4      7.2     orth

 Final occupancy:  13

 !RHF STATE 1.1 Energy               -437.175565929013
 Nuclear energy                        47.71640682
 One-electron energy                 -703.98455453
 Two-electron energy                  219.09258178
 Virial quotient                       -1.00014808
 !RHF STATE 1.1 Dipole moment          -7.89595807    -1.45909364    -0.13051801
 Dipole moment /Debye                 -20.06820911    -3.70840323    -0.33172196

 Orbital energies:

         1.1          2.1          3.1          4.1          5.1          6.1          7.1          8.1          9.1         10.1
    -91.662057   -11.046783    -8.661831    -6.343463    -6.341718    -6.341710    -0.781649    -0.575586    -0.376439    -0.373860

        11.1         12.1         13.1         14.1         15.1
     -0.229021    -0.083358    -0.082221     0.086071     0.109079

 HOMO     13.1    -0.082221 =      -2.2373eV
 LUMO     14.1     0.086071 =       2.3421eV
 LUMO-HOMO         0.168292 =       4.5795eV


 **********************************************************************************************************************************
 DATASETS  * FILE   NREC   LENGTH (MB)   RECORD NAMES
              1      18       13.48       500      610      700      900      950      970     1000      129      960     1100   
                                          VAR    BASINP    GEOM    SYMINP    ZMAT    AOBASIS   BASIS     P2S    ABASIS      S 
                                         1400     1410     1200     1210     1080     1600     1650     1700   
                                           T        V       H0       H01     AOSYM     SMH    MOLCAS    OPER   

              2       6       16.91       700     1000      520     2100     2101     2102   
                                         GEOM     BASIS   MCVARS     RHF      RHF      RHF  

 PROGRAMS   *        TOTAL        HF       INT       MP2        HF       INT       MP2        HF       INT
 CPU TIMES  *        27.58      7.40      0.36      1.21      7.34      0.39      1.47      8.47      0.51
 REAL TIME  *       198.24 SEC
 DISK USED  *       486.02 MB      
 SF USED    *       133.94 MB      
 GA USED    *         3.20 MB       (max)       0.00 MB       (current)
 **********************************************************************************************************************************
 SETTING E_RHF_B        =    ***************  KCAL/MOL                        


1PROGRAM * MP2 (Closed-shell)     Authors: C. Hampel, H.-J. Werner, 1991, M. Deegan, P.J. Knowles, 1992

 Basis set AUG-CC-PVTZ/MP2FIT generated. Number of basis functions:   879 

 Convergence thresholds:  THRVAR = 1.00D-08  THRDEN = 1.00D-06

 Number of core orbitals:           6 (   6 )
 Number of closed-shell orbitals:   7 (   7 )
 Number of external orbitals:     382 ( 382 )

 Molecular orbitals read from record     2102.2  Type=RHF/CANONICAL (state 1.1)
 

 Entering DF-MP2

 Thresholds:    THRAO= 0.100D-09    THRMO= 0.100D-08    THROV= 0.100D-11

 Fitting basis: AUG-CC-PVTZ-MP2F
 Number of fitting functions:                 879
 Number of blocks in AO basis:                  3
 Minimum block size:                          115
 Maximum block size:                          165
 Average block size:                          132
 Number of groups in AO basis:                 99
 Number of shells in AO basis:                196

 Using large memory version DFMP2B. NIBTK= 1  NGPU= 0  IGPU= 0

 para=T  nprocs= 12  mpptyp=0  number of tasks=  30

 Minimum memory with paging:                  2.11 MW
 Minimum memory for incore assembly:          2.50 MW
 Maximum memory for incore algorithm:         3.98 MW
 Memory for 3-index integrals:                0.00 MW

 Disk space for H1-integrals:                19.59 MB (   210 records)
 
 CPU time for half transformed integrals      0.28 sec, elapsed time      0.28 sec
 CPU time for assembly                        0.09 sec, elapsed time      0.11 sec (5733.2 MFLOP/sec)
 Total CPU time                               0.95 sec, elapsed time      1.17 sec

 SCS-MP2 correlation energy:           -0.379937470211   (PS=  1.200000  PT=  0.333333)
 SCS-MP2 total energy:               -437.555503399224

 Norm of first-order wave function:     0.112286826028
 Coefficient of reference function:     0.948181774531

  Reference energy                   -437.175565929013
  MP2 singlet pair energy              -0.250195734310
  MP2 triplet pair energy              -0.128093446669
  MP2 correlation energy               -0.378289180979

 !MP2 total energy                   -437.553855109992


 **********************************************************************************************************************************
 DATASETS  * FILE   NREC   LENGTH (MB)   RECORD NAMES
              1      18       13.48       500      610      700      900      950      970     1000      129      960     1100   
                                          VAR    BASINP    GEOM    SYMINP    ZMAT    AOBASIS   BASIS     P2S    ABASIS      S 
                                         1400     1410     1200     1210     1080     1600     1650     1700   
                                           T        V       H0       H01     AOSYM     SMH    MOLCAS    OPER   

              2       6       16.91       700     1000      520     2100     2101     2102   
                                         GEOM     BASIS   MCVARS     RHF      RHF      RHF  

 PROGRAMS   *        TOTAL       MP2        HF       INT       MP2        HF       INT       MP2        HF       INT
 CPU TIMES  *        28.79      1.21      7.40      0.36      1.21      7.34      0.39      1.47      8.47      0.51
 REAL TIME  *       199.86 SEC
 DISK USED  *       486.02 MB      
 SF USED    *       133.94 MB      
 GA USED    *         3.20 MB       (max)       0.00 MB       (current)
 **********************************************************************************************************************************
 SETTING E_CORR_B       =    ***************  KCAL/MOL                        
 SETTING E_B            =      -237.38009264  KCAL/MOL                        
 SETTING E_RHF_CP       =       -56.35502542  KCAL/MOL                        
 SETTING E_CORR_CP      =        -0.95573570  KCAL/MOL                        

        DF-MP2          DF-HF           DF-MP2          DF-HF           DF-MP2          DF-HF   
   -437.55385511   -437.17556593    -96.01669807    -95.61552232   -533.66188367   -532.88089568
 **********************************************************************************************************************************
 Variable memory released
