
 Primary working directories    : /scratch/1723638.phoenix.chem.wisc.edu
 Secondary working directories  : /scratch/1723638.phoenix.chem.wisc.edu
 Wavefunction directory         : /scratch/1723638.phoenix.chem.wisc.edu/
 Main file repository           : /scratch/1723638.phoenix.chem.wisc.edu/

 SHA1      : 65e45729fe3f963b0eb97374e3bda9949063ef0f
 NAME      : 2012.1.17
 ARCHNAME  : Linux/x86_64
 FC        : /opt/intel/composer_xe_2013.5.192/bin/intel64/ifort
 FCVERSION : 13.1.3
 BLASLIB   : -L/opt/intel/composer_xe_2013.5.192/mkl/lib/intel64 -lmkl_intel_ilp64 -lmkl_sequential -lmkl_core
 id        : cuichemwisc

 Nodes             nprocs
 compute-1-31.local   12
 ga_uses_ma=false, calling ma_init with nominal heap.
 GA-space will be limited to   8.0 MW (determined by -G option)

 Using customized tuning parameters: mindgm=1; mindgv=20; mindgc=4; mindgr=1; noblas=0; minvec=7
 default implementation of scratch files=sf  

 geomtyp=xyz
 geometry={
 13
  N0         -1.871728000000       0.590372000000      -0.409427000000
  C1         -2.211908000000      -0.607269000000       0.366391000000
  H2         -3.290849000000      -0.800379000000       0.474364000000
  H3         -1.777031000000      -0.515398000000       1.366626000000
  H4         -1.756203000000      -1.480607000000      -0.110636000000
  H5         -2.292946460000       1.392500770000       0.013851220000
  H6         -2.211824870000       0.489597950000      -1.344402240000
  H7         -0.878517500000       0.705429620000      -0.426592450000
  C8          1.978100125304      -1.089387726792      -0.358784632094
  H9          1.324819125304      -1.705757726792       0.264553367906
  H10         3.013621125304      -1.386200726792      -0.176783632094
  S11         1.838986125304       0.688271273208       0.076058367906
  H12         1.747643125304      -1.259494726792      -1.413736632094
 }
 
 
 basis=avqz
 
                                                                                 ! Complex
 set,charge=0
 
 df-hf
 e_rhf_c = energy*tokcal
 df-mp2
 e_corr_c = energy*tokcal
 e_c = e_corr_c - e_rhf_c
 
 
                                                                                 ! Monomer 1
 set,charge=1
 dummy,C8,H9,H10,S11,H12
 
 df-hf
 e_rhf_a = energy*tokcal
 df-mp2
 e_corr_a = energy*tokcal
 e_a = e_corr_a - e_rhf_a
 
 
                                                                                 ! Monomer 2
 set,charge=-1
 dummy,N0,C1,H2,H3,H4,H5,H6,H7
 
 df-hf
 e_rhf_b = energy*tokcal
 df-mp2
 e_corr_b = energy*tokcal
 e_b = e_corr_b - e_rhf_b
 
 
 e_rhf_cp = e_rhf_c - (e_rhf_a + e_rhf_b)
 e_corr_cp = e_c - (e_a + e_b)

 Variables initialized (782), CPU time= 0.01 sec
 Commands  initialized (547), CPU time= 0.01 sec, 517 directives.
 Default parameters read. Elapsed time= 0.12 sec

 Checking input...
 Passed
1


                                         ***  PROGRAM SYSTEM MOLPRO  ***
                         Copyright, University College Cardiff Consultants Limited, 2008

                                    Version 2012.1 linked Oct 11 2014 15:40:16


 **********************************************************************************************************************************
 LABEL *                                                                                 
 Linux-2.6.18-308.el5/compute-1-31.local(x86_64) 64 bit mpp version                      DATE: 12-Dec-14          TIME: 07:05:04  
 **********************************************************************************************************************************

 SHA1:             65e45729fe3f963b0eb97374e3bda9949063ef0f
 **********************************************************************************************************************************
 SETTING GEOMTYP        =    XYZ

 Turning off symmetry in density fitting calculation
 To re-enable, use 'set,zsymel=auto'


 Variable memory set to  350000000 words,  buffer space   230000 words

 SETTING BASIS          =    AVQZ
 SETTING CHARGE         =         0.00000000                                  


 Recomputing integrals since basis changed


 Using spherical harmonics

 Library entry N      S aug-cc-pVQZ          selected for orbital group  1
 Library entry N      P aug-cc-pVQZ          selected for orbital group  1
 Library entry N      D aug-cc-pVQZ          selected for orbital group  1
 Library entry N      F aug-cc-pVQZ          selected for orbital group  1
 Library entry N      G aug-cc-pVQZ          selected for orbital group  1
 Library entry C      S aug-cc-pVQZ          selected for orbital group  2
 Library entry C      P aug-cc-pVQZ          selected for orbital group  2
 Library entry C      D aug-cc-pVQZ          selected for orbital group  2
 Library entry C      F aug-cc-pVQZ          selected for orbital group  2
 Library entry C      G aug-cc-pVQZ          selected for orbital group  2
 Library entry H      S aug-cc-pVQZ          selected for orbital group  3
 Library entry H      P aug-cc-pVQZ          selected for orbital group  3
 Library entry H      D aug-cc-pVQZ          selected for orbital group  3
 Library entry H      F aug-cc-pVQZ          selected for orbital group  3
 Library entry S      S aug-cc-pVQZ          selected for orbital group  6
 Library entry S      P aug-cc-pVQZ          selected for orbital group  6
 Library entry S      D aug-cc-pVQZ          selected for orbital group  6
 Library entry S      F aug-cc-pVQZ          selected for orbital group  6
 Library entry S      G aug-cc-pVQZ          selected for orbital group  6

1PROGRAM * SEWARD (Integral evaluation for generally contracted gaussian basis sets)     Author: Roland Lindh, 1990

 Geometry written to block  1 of record 700


 Point group  C1  



 ATOMIC COORDINATES

 NR  ATOM    CHARGE       X              Y              Z

   1  N0      7.00   -3.537053313    1.115641396   -0.773704901
   2  C1      6.00   -4.179900348   -1.147572098    0.692378647
   3  H2      1.00   -6.218803350   -1.512497111    0.896418047
   4  H3      1.00   -3.358101917   -0.973961069    2.582548864
   5  H4      1.00   -3.318742701   -2.797941738   -0.209071740
   6  H5      1.00   -4.333040843    2.631445093    0.026175012
   7  H6      1.00   -4.179743255    0.925206040   -2.540552044
   8  H7      1.00   -1.660157477    1.333068787   -0.806142900
   9  C8      6.00    3.738067497   -2.058644455   -0.678004695
  10  H9      1.00    2.503545320   -3.223414950    0.499933412
  11  H10     1.00    5.694918591   -2.619539737   -0.334072649
  12  S11    16.00    3.475180136    1.300644210    0.143729485
  13  H12     1.00    3.302566882   -2.380100098   -2.671575057

 Bond lengths in Bohr (Angstrom)

 1-2  2.772145126  1-6  1.889726137  1-7  1.889726122  1-8  1.889726137  2-3  2.081328372
     ( 1.466956021)     ( 1.000000003)     ( 0.999999995)     ( 1.000000003)     ( 1.101391539)

  2- 4  2.068389929   2- 5  2.068314590   9-10  2.065980033   9-11  2.064499690   9-12  3.468310419
       ( 1.094544810)       ( 1.094504942)       ( 1.093269548)       ( 1.092486184)       ( 1.835350827)

  9-13  2.065748606
       ( 1.093147082)

 Bond angles

  1-2-3  114.97091777   1-2-4  108.82223243   1-2-5  108.92862229   2-1-6  109.47122075

  2-1-7  109.47122046   2-1-8  109.47122040   3-2-4  108.32125274   3-2-5  108.10103971

  4-2-5  107.44770163   6-1-7  109.47122110   6-1-8  109.47122038   7-1-8  109.47122072

 10- 9-11  108.55608257  10- 9-12  111.44980305  10- 9-13  109.66566187  11- 9-12  107.18872473

 11- 9-13  108.56147558  12- 9-13  111.30848894

 NUCLEAR CHARGE:                   44
 NUMBER OF PRIMITIVE AOS:        1004
 NUMBER OF SYMMETRY AOS:          823
 NUMBER OF CONTRACTIONS:          738   ( 738A   )
 NUMBER OF CORE ORBITALS:           8   (   8A   )
 NUMBER OF VALENCE ORBITALS:       25   (  25A   )


 NUCLEAR REPULSION ENERGY  157.88734475


 Eigenvalues of metric

         1 0.279E-05 0.465E-05 0.767E-05 0.937E-05 0.101E-04 0.114E-04 0.149E-04 0.180E-04


 OPERATOR DM      FOR CENTER  0  COORDINATES:    0.000000    0.000000    0.000000


 **********************************************************************************************************************************
 DATASETS  * FILE   NREC   LENGTH (MB)   RECORD NAMES
              1      18       27.60       500      610      700      900      950      970     1000      129      960     1100   
                                          VAR    BASINP    GEOM    SYMINP    ZMAT    AOBASIS   BASIS     P2S    ABASIS      S 
                                         1400     1410     1200     1210     1080     1600     1650     1700   
                                           T        V       H0       H01     AOSYM     SMH    MOLCAS    OPER   

 PROGRAMS   *        TOTAL       INT
 CPU TIMES  *         2.05      1.91
 REAL TIME  *         2.35 SEC
 DISK USED  *         0.00 MB      
 GA USED    *         0.01 MB       (max)       0.00 MB       (current)
 **********************************************************************************************************************************

1PROGRAM * RHF-SCF (CLOSED SHELL)       Authors: W. Meyer, H.-J. Werner


 NUMBER OF ELECTRONS:      22+   22-    SPACE SYMMETRY=1    SPIN SYMMETRY: Singlet 
 CONVERGENCE THRESHOLDS:    1.00E-05 (Density)    1.00E-07 (Energy)
 INTEGRAL THRESHOLDS:       1.00E-12 (Initial)    1.00E-12 (Final)
 MAX. NUMBER OF ITERATIONS:       60
 INTERPOLATION TYPE:            DIIS
 INTERPOLATION STEPS:              2 (START)      1 (STEP)
 LEVEL SHIFTS:                  0.00 (CLOSED)  0.00 (OPEN) 



 
 Basis set CC-PVQZ/JKFIT generated.      Number of basis functions:   925 
 
 Orbital guess generated from atomic densities. Full valence occupancy:   33
 Coulomb and exchange fitting
 Thresholds for fitting:       THRAO_COUL= 1.0D-15    THRAO_EXCH= 1.0D-13    THRMO= 1.0D-12    THRPROD= 1.0D-12    THRASM= 1.0D-12
                               THR2HLF=    1.0D-12

 Molecular orbital dump at record        2100.2

 ITERATION   DDIFF            GRAD            ENERGY        2-EL.EN.            DIPOLE MOMENTS         DIIS   CPU(IT)  CPU(TOT)  ORB.
    1      0.000D+00      0.000D+00      -532.84981929    714.437488   -6.80269   -0.74975   -1.02295    0      2.3     16.0     start
    2      0.000D+00      0.202D-02      -532.94022141    708.070970   -5.66081   -0.48891   -0.48850    1      2.6     18.6     diag
    3      0.237D-02      0.944D-03      -532.95414645    710.214574   -5.83699   -0.63672   -0.60540    2      2.0     20.6     diag
    4      0.100D-02      0.214D-03      -532.95549478    710.081912   -5.75410   -0.65981   -0.59107    3      2.1     22.7     diag
    5      0.244D-03      0.486D-04      -532.95559645    709.971294   -5.72979   -0.65737   -0.58609    4      2.5     25.2     diag
    6      0.588D-04      0.162D-04      -532.95560722    710.002876   -5.72441   -0.66062   -0.58591    5      2.5     27.7     diag
    7      0.211D-04      0.519D-05      -532.95560856    709.993208   -5.72170   -0.66018   -0.58562    6      2.1     29.8     diag
    8      0.806D-05      0.166D-05      -532.95560879    709.994735   -5.72038   -0.66001   -0.58541    7      2.3     32.1     diag
    9      0.394D-05      0.456D-06      -532.95560881    709.994790   -5.71986   -0.65985   -0.58535    8      2.2     34.3     diag
   10      0.134D-05      0.132D-06      -532.95560881    709.994773   -5.71980   -0.65985   -0.58534    0      2.1     36.5     orth

 Final occupancy:  22

 !RHF STATE 1.1 Energy               -532.955608808691
 Nuclear energy                       157.88734475
 One-electron energy                -1045.84033999
 Two-electron energy                  354.99738642
 Virial quotient                       -1.00032215
 !RHF STATE 1.1 Dipole moment          -5.71979669    -0.65984977    -0.58533634
 Dipole moment /Debye                 -14.53732087    -1.67706098    -1.48767914

 Orbital energies:

         1.1          2.1          3.1          4.1          5.1          6.1          7.1          8.1          9.1         10.1
    -91.805926   -15.746462   -11.348771   -11.175793    -8.806370    -6.488173    -6.486673    -6.486530    -1.389728    -1.030649

        11.1         12.1         13.1         14.1         15.1         16.1         17.1         18.1         19.1         20.1
     -0.916007    -0.851845    -0.842822    -0.730868    -0.714633    -0.633208    -0.631371    -0.507825    -0.504602    -0.367342

        21.1         22.1         23.1         24.1
     -0.231217    -0.225967    -0.013612     0.011391

 HOMO     22.1    -0.225967 =      -6.1489eV
 LUMO     23.1    -0.013612 =      -0.3704eV
 LUMO-HOMO         0.212356 =       5.7785eV


 **********************************************************************************************************************************
 DATASETS  * FILE   NREC   LENGTH (MB)   RECORD NAMES
              1      18       27.60       500      610      700      900      950      970     1000      129      960     1100   
                                          VAR    BASINP    GEOM    SYMINP    ZMAT    AOBASIS   BASIS     P2S    ABASIS      S 
                                         1400     1410     1200     1210     1080     1600     1650     1700   
                                           T        V       H0       H01     AOSYM     SMH    MOLCAS    OPER   

              2       4       13.71       700     1000      520     2100   
                                         GEOM     BASIS   MCVARS     RHF  

 PROGRAMS   *        TOTAL        HF       INT
 CPU TIMES  *        38.99     36.92      1.91
 REAL TIME  *        73.00 SEC
 DISK USED  *       942.69 MB      
 SF USED    *       134.89 MB      
 GA USED    *         3.20 MB       (max)       0.00 MB       (current)
 **********************************************************************************************************************************
 SETTING E_RHF_C        =    ***************  KCAL/MOL                        


1PROGRAM * MP2 (Closed-shell)     Authors: C. Hampel, H.-J. Werner, 1991, M. Deegan, P.J. Knowles, 1992

 Basis set AUG-CC-PVQZ/MP2FIT generated. Number of basis functions:   1418 

 Convergence thresholds:  THRVAR = 1.00D-08  THRDEN = 1.00D-06

 Number of core orbitals:           8 (   8 )
 Number of closed-shell orbitals:  14 (  14 )
 Number of external orbitals:     716 ( 716 )

 Molecular orbitals read from record     2100.2  Type=RHF/CANONICAL (state 1.1)
 

 Entering DF-MP2

 Thresholds:    THRAO= 0.100D-09    THRMO= 0.100D-08    THROV= 0.100D-11

 Fitting basis: AUG-CC-PVQZ-MP2F
 Number of fitting functions:                1418
 Number of blocks in AO basis:                  4
 Minimum block size:                           84
 Maximum block size:                          218
 Average block size:                          185
 Number of groups in AO basis:                151
 Number of shells in AO basis:                269

 Using large memory version DFMP2B. NIBTK= 1  NGPU= 0  IGPU= 0

 para=T  nprocs= 12  mpptyp=0  number of tasks=  24

 Minimum memory with paging:                  4.71 MW
 Minimum memory for incore assembly:         14.73 MW
 Maximum memory for incore algorithm:        18.43 MW
 Memory for 3-index integrals:                0.00 MW

 Disk space for H1-integrals:               117.84 MB (   336 records)
 
 CPU time for half transformed integrals      1.27 sec, elapsed time      2.14 sec
 CPU time for assembly                        1.55 sec, elapsed time      1.87 sec (7530.4 MFLOP/sec)
 Total CPU time                               4.67 sec, elapsed time      5.93 sec

 SCS-MP2 correlation energy:           -0.845214111040   (PS=  1.200000  PT=  0.333333)
 SCS-MP2 total energy:               -533.800822919732

 Norm of first-order wave function:     0.203254525692
 Coefficient of reference function:     0.911635540697

  Reference energy                   -532.955608808692
  MP2 singlet pair energy              -0.566566747095
  MP2 triplet pair energy              -0.265715380488
  MP2 correlation energy               -0.832282127582

 !MP2 total energy                   -533.787890936274


 **********************************************************************************************************************************
 DATASETS  * FILE   NREC   LENGTH (MB)   RECORD NAMES
              1      18       27.60       500      610      700      900      950      970     1000      129      960     1100   
                                          VAR    BASINP    GEOM    SYMINP    ZMAT    AOBASIS   BASIS     P2S    ABASIS      S 
                                         1400     1410     1200     1210     1080     1600     1650     1700   
                                           T        V       H0       H01     AOSYM     SMH    MOLCAS    OPER   

              2       4       13.71       700     1000      520     2100   
                                         GEOM     BASIS   MCVARS     RHF  

 PROGRAMS   *        TOTAL       MP2        HF       INT
 CPU TIMES  *        44.75      5.76     36.92      1.91
 REAL TIME  *        80.49 SEC
 DISK USED  *       942.69 MB      
 SF USED    *       420.21 MB      
 GA USED    *         3.20 MB       (max)       0.00 MB       (current)
 **********************************************************************************************************************************
 SETTING E_CORR_C       =    ***************  KCAL/MOL                        
 SETTING E_C            =      -522.26502497  KCAL/MOL                        
 SETTING CHARGE         =         1.00000000                                  

 Dummy atoms: C8  H9  H10  S11  H12


 Recomputing one-electron integrals since nuclear charges changed

1PROGRAM * SEWARD (Integral evaluation for generally contracted gaussian basis sets)     Author: Roland Lindh, 1990

 Geometry written to block  1 of record 700


 Point group  C1  



 ATOMIC COORDINATES

 NR  ATOM    CHARGE       X              Y              Z

   1  N0      7.00   -3.537053313    1.115641396   -0.773704901
   2  C1      6.00   -4.179900348   -1.147572098    0.692378647
   3  H2      1.00   -6.218803350   -1.512497111    0.896418047
   4  H3      1.00   -3.358101917   -0.973961069    2.582548864
   5  H4      1.00   -3.318742701   -2.797941738   -0.209071740
   6  H5      1.00   -4.333040843    2.631445093    0.026175012
   7  H6      1.00   -4.179743255    0.925206040   -2.540552044
   8  H7      1.00   -1.660157477    1.333068787   -0.806142900
   9  C8      0.00    3.738067497   -2.058644455   -0.678004695
  10  H9      0.00    2.503545320   -3.223414950    0.499933412
  11  H10     0.00    5.694918591   -2.619539737   -0.334072649
  12  S11     0.00    3.475180136    1.300644210    0.143729485
  13  H12     0.00    3.302566882   -2.380100098   -2.671575057

 Bond lengths in Bohr (Angstrom)

 1-2  2.772145126  1-6  1.889726137  1-7  1.889726122  1-8  1.889726137  2-3  2.081328372
     ( 1.466956021)     ( 1.000000003)     ( 0.999999995)     ( 1.000000003)     ( 1.101391539)

  2- 4  2.068389929   2- 5  2.068314590   9-10  2.065980033   9-11  2.064499690   9-12  3.468310419
       ( 1.094544810)       ( 1.094504942)       ( 1.093269548)       ( 1.092486184)       ( 1.835350827)

  9-13  2.065748606
       ( 1.093147082)

 Bond angles

  1-2-3  114.97091777   1-2-4  108.82223243   1-2-5  108.92862229   2-1-6  109.47122075

  2-1-7  109.47122046   2-1-8  109.47122040   3-2-4  108.32125274   3-2-5  108.10103971

  4-2-5  107.44770163   6-1-7  109.47122110   6-1-8  109.47122038   7-1-8  109.47122072

 10- 9-11  108.55608257  10- 9-12  111.44980305  10- 9-13  109.66566187  11- 9-12  107.18872473

 11- 9-13  108.56147558  12- 9-13  111.30848894

 NUCLEAR CHARGE:                   19
 NUMBER OF PRIMITIVE AOS:        1004
 NUMBER OF SYMMETRY AOS:          823
 NUMBER OF CONTRACTIONS:          738   ( 738A   )
 NUMBER OF CORE ORBITALS:           2   (   2A   )
 NUMBER OF VALENCE ORBITALS:       14   (  14A   )

 MOLECULE CHANGED: INITIALIZING OCCUPATION AND DUMP RECORDS


 NUCLEAR REPULSION ENERGY   48.60267443


 Eigenvalues of metric

         1 0.279E-05 0.465E-05 0.767E-05 0.937E-05 0.101E-04 0.114E-04 0.149E-04 0.180E-04


 OPERATOR DM      FOR CENTER  0  COORDINATES:    0.000000    0.000000    0.000000


 **********************************************************************************************************************************
 DATASETS  * FILE   NREC   LENGTH (MB)   RECORD NAMES
              1      18       27.60       500      610      700      900      950      970     1000      129      960     1100   
                                          VAR    BASINP    GEOM    SYMINP    ZMAT    AOBASIS   BASIS     P2S    ABASIS      S 
                                         1400     1410     1200     1210     1080     1600     1650     1700   
                                           T        V       H0       H01     AOSYM     SMH    MOLCAS    OPER   

              2       4       13.71       700     1000      520     2100   
                                         GEOM     BASIS   MCVARS     RHF  

 PROGRAMS   *        TOTAL       INT       MP2        HF       INT
 CPU TIMES  *        46.54      1.79      5.76     36.92      1.91
 REAL TIME  *        82.64 SEC
 DISK USED  *       942.69 MB      
 SF USED    *       420.21 MB      
 GA USED    *         3.20 MB       (max)       0.00 MB       (current)
 **********************************************************************************************************************************

1PROGRAM * RHF-SCF (CLOSED SHELL)       Authors: W. Meyer, H.-J. Werner


 NUMBER OF ELECTRONS:       9+    9-    SPACE SYMMETRY=1    SPIN SYMMETRY: Singlet 
 CONVERGENCE THRESHOLDS:    1.00E-05 (Density)    1.00E-07 (Energy)
 INTEGRAL THRESHOLDS:       1.00E-12 (Initial)    1.00E-12 (Final)
 MAX. NUMBER OF ITERATIONS:       60
 INTERPOLATION TYPE:            DIIS
 INTERPOLATION STEPS:              2 (START)      1 (STEP)
 LEVEL SHIFTS:                  0.00 (CLOSED)  0.00 (OPEN) 



 
 Basis set CC-PVQZ/JKFIT generated.      Number of basis functions:   925 
 
 Orbital guess generated from atomic densities. Full valence occupancy:   16
 Coulomb and exchange fitting
 Thresholds for fitting:       THRAO_COUL= 1.0D-15    THRAO_EXCH= 1.0D-13    THRMO= 1.0D-12    THRPROD= 1.0D-12    THRASM= 1.0D-12
                               THR2HLF=    1.0D-12

 Molecular orbital dump at record        2101.2

 ITERATION   DDIFF            GRAD            ENERGY        2-EL.EN.            DIPOLE MOMENTS         DIIS   CPU(IT)  CPU(TOT)  ORB.
    1      0.000D+00      0.000D+00       -95.57465398    148.289070   -3.53302    1.10592   -0.76780    0      2.5      8.8     start
    2      0.000D+00      0.224D-02       -95.61662400    150.832969   -3.64005    0.73412   -0.52713    1      3.3     12.1     diag
    3      0.120D-02      0.895D-03       -95.62106050    149.932435   -3.63834    0.74000   -0.53085    2      1.9     14.0     diag
    4      0.462D-03      0.294D-03       -95.62169296    150.153229   -3.64604    0.71576   -0.51517    3      2.0     16.0     diag
    5      0.127D-03      0.445D-04       -95.62171895    150.168882   -3.64764    0.71016   -0.51154    4      2.0     18.0     diag
    6      0.238D-04      0.827D-05       -95.62171998    150.163595   -3.64804    0.70898   -0.51078    5      3.2     21.2     diag
    7      0.688D-05      0.223D-05       -95.62172003    150.164791   -3.64807    0.70880   -0.51066    6      1.9     23.2     diag
    8      0.156D-05      0.626D-06       -95.62172004    150.164396   -3.64809    0.70872   -0.51061    0      2.0     25.2     orth

 Final occupancy:   9

 !RHF STATE 1.1 Energy                -95.621720035008
 Nuclear energy                        48.60267443
 One-electron energy                 -219.30659240
 Two-electron energy                   75.08219794
 Virial quotient                       -1.00005673
 !RHF STATE 1.1 Dipole moment          -3.64809462     0.70871584    -0.51060863
 Dipole moment /Debye                  -9.27192434     1.80125801    -1.29775269

 Orbital energies:

         1.1          2.1          3.1          4.1          5.1          6.1          7.1          8.1          9.1         10.1
    -15.911275   -11.488839    -1.549724    -1.176426    -1.008610    -1.008073    -0.880474    -0.774196    -0.773482    -0.127426

        11.1
     -0.087842

 HOMO      9.1    -0.773482 =     -21.0475eV
 LUMO     10.1    -0.127426 =      -3.4674eV
 LUMO-HOMO         0.646057 =      17.5801eV


 **********************************************************************************************************************************
 DATASETS  * FILE   NREC   LENGTH (MB)   RECORD NAMES
              1      18       27.60       500      610      700      900      950      970     1000      129      960     1100   
                                          VAR    BASINP    GEOM    SYMINP    ZMAT    AOBASIS   BASIS     P2S    ABASIS      S 
                                         1400     1410     1200     1210     1080     1600     1650     1700   
                                           T        V       H0       H01     AOSYM     SMH    MOLCAS    OPER   

              2       5       35.57       700     1000      520     2100     2101   
                                         GEOM     BASIS   MCVARS     RHF      RHF  

 PROGRAMS   *        TOTAL        HF       INT       MP2        HF       INT
 CPU TIMES  *        72.88     26.30      1.79      5.76     36.92      1.91
 REAL TIME  *       187.28 SEC
 DISK USED  *         1.15 GB      
 SF USED    *       420.21 MB      
 GA USED    *         3.20 MB       (max)       0.00 MB       (current)
 **********************************************************************************************************************************
 SETTING E_RHF_A        =    -60003.54729048  KCAL/MOL                        


1PROGRAM * MP2 (Closed-shell)     Authors: C. Hampel, H.-J. Werner, 1991, M. Deegan, P.J. Knowles, 1992

 Basis set AUG-CC-PVQZ/MP2FIT generated. Number of basis functions:   1418 

 Convergence thresholds:  THRVAR = 1.00D-08  THRDEN = 1.00D-06

 Number of core orbitals:           2 (   2 )
 Number of closed-shell orbitals:   7 (   7 )
 Number of external orbitals:     729 ( 729 )

 Molecular orbitals read from record     2101.2  Type=RHF/CANONICAL (state 1.1)
 

 Entering DF-MP2

 Thresholds:    THRAO= 0.100D-09    THRMO= 0.100D-08    THROV= 0.100D-11

 Fitting basis: AUG-CC-PVQZ-MP2F
 Number of fitting functions:                1418
 Number of blocks in AO basis:                  4
 Minimum block size:                           84
 Maximum block size:                          218
 Average block size:                          185
 Number of groups in AO basis:                151
 Number of shells in AO basis:                269

 Using large memory version DFMP2B. NIBTK= 1  NGPU= 0  IGPU= 0

 para=T  nprocs= 12  mpptyp=0  number of tasks=  24

 Minimum memory with paging:                  4.74 MW
 Minimum memory for incore assembly:          7.77 MW
 Maximum memory for incore algorithm:        11.07 MW
 Memory for 3-index integrals:                0.00 MW

 Disk space for H1-integrals:                58.92 MB (   168 records)
 
 CPU time for half transformed integrals      1.38 sec, elapsed time      1.38 sec
 CPU time for assembly                        0.46 sec, elapsed time      0.59 sec (6576.0 MFLOP/sec)
 Total CPU time                               3.66 sec, elapsed time      3.87 sec

 SCS-MP2 correlation energy:           -0.433556318076   (PS=  1.200000  PT=  0.333333)
 SCS-MP2 total energy:                -96.055276353085

 Norm of first-order wave function:     0.085916425618
 Coefficient of reference function:     0.959625541838

  Reference energy                    -95.621720035009
  MP2 singlet pair energy              -0.293875383459
  MP2 triplet pair energy              -0.130027271665
  MP2 correlation energy               -0.423902655124

 !MP2 total energy                    -96.045622690133


 **********************************************************************************************************************************
 DATASETS  * FILE   NREC   LENGTH (MB)   RECORD NAMES
              1      18       27.60       500      610      700      900      950      970     1000      129      960     1100   
                                          VAR    BASINP    GEOM    SYMINP    ZMAT    AOBASIS   BASIS     P2S    ABASIS      S 
                                         1400     1410     1200     1210     1080     1600     1650     1700   
                                           T        V       H0       H01     AOSYM     SMH    MOLCAS    OPER   

              2       5       35.57       700     1000      520     2100     2101   
                                         GEOM     BASIS   MCVARS     RHF      RHF  

 PROGRAMS   *        TOTAL       MP2        HF       INT       MP2        HF       INT
 CPU TIMES  *        77.50      4.62     26.30      1.79      5.76     36.92      1.91
 REAL TIME  *       192.54 SEC
 DISK USED  *         1.15 GB      
 SF USED    *       420.21 MB      
 GA USED    *         3.20 MB       (max)       0.00 MB       (current)
 **********************************************************************************************************************************
 SETTING E_CORR_A       =    -60269.55027604  KCAL/MOL                        
 SETTING E_A            =      -266.00298556  KCAL/MOL                        
 SETTING CHARGE         =        -1.00000000                                  

 Dummy atoms: N0  C1  H2  H3  H4  H5  H6  H7


 Recomputing one-electron integrals since nuclear charges changed

1PROGRAM * SEWARD (Integral evaluation for generally contracted gaussian basis sets)     Author: Roland Lindh, 1990

 Geometry written to block  1 of record 700


 Point group  C1  



 ATOMIC COORDINATES

 NR  ATOM    CHARGE       X              Y              Z

   1  N0      0.00   -3.537053313    1.115641396   -0.773704901
   2  C1      0.00   -4.179900348   -1.147572098    0.692378647
   3  H2      0.00   -6.218803350   -1.512497111    0.896418047
   4  H3      0.00   -3.358101917   -0.973961069    2.582548864
   5  H4      0.00   -3.318742701   -2.797941738   -0.209071740
   6  H5      0.00   -4.333040843    2.631445093    0.026175012
   7  H6      0.00   -4.179743255    0.925206040   -2.540552044
   8  H7      0.00   -1.660157477    1.333068787   -0.806142900
   9  C8      6.00    3.738067497   -2.058644455   -0.678004695
  10  H9      1.00    2.503545320   -3.223414950    0.499933412
  11  H10     1.00    5.694918591   -2.619539737   -0.334072649
  12  S11    16.00    3.475180136    1.300644210    0.143729485
  13  H12     1.00    3.302566882   -2.380100098   -2.671575057

 Bond lengths in Bohr (Angstrom)

 1-2  2.772145126  1-6  1.889726137  1-7  1.889726122  1-8  1.889726137  2-3  2.081328372
     ( 1.466956021)     ( 1.000000003)     ( 0.999999995)     ( 1.000000003)     ( 1.101391539)

  2- 4  2.068389929   2- 5  2.068314590   9-10  2.065980033   9-11  2.064499690   9-12  3.468310419
       ( 1.094544810)       ( 1.094504942)       ( 1.093269548)       ( 1.092486184)       ( 1.835350827)

  9-13  2.065748606
       ( 1.093147082)

 Bond angles

  1-2-3  114.97091777   1-2-4  108.82223243   1-2-5  108.92862229   2-1-6  109.47122075

  2-1-7  109.47122046   2-1-8  109.47122040   3-2-4  108.32125274   3-2-5  108.10103971

  4-2-5  107.44770163   6-1-7  109.47122110   6-1-8  109.47122038   7-1-8  109.47122072

 10- 9-11  108.55608257  10- 9-12  111.44980305  10- 9-13  109.66566187  11- 9-12  107.18872473

 11- 9-13  108.56147558  12- 9-13  111.30848894

 NUCLEAR CHARGE:                   25
 NUMBER OF PRIMITIVE AOS:        1004
 NUMBER OF SYMMETRY AOS:          823
 NUMBER OF CONTRACTIONS:          738   ( 738A   )
 NUMBER OF CORE ORBITALS:           6   (   6A   )
 NUMBER OF VALENCE ORBITALS:       11   (  11A   )

 MOLECULE CHANGED: INITIALIZING OCCUPATION AND DUMP RECORDS


 NUCLEAR REPULSION ENERGY   47.71640682


 Eigenvalues of metric

         1 0.279E-05 0.465E-05 0.767E-05 0.937E-05 0.101E-04 0.114E-04 0.149E-04 0.180E-04


 OPERATOR DM      FOR CENTER  0  COORDINATES:    0.000000    0.000000    0.000000


 **********************************************************************************************************************************
 DATASETS  * FILE   NREC   LENGTH (MB)   RECORD NAMES
              1      18       27.60       500      610      700      900      950      970     1000      129      960     1100   
                                          VAR    BASINP    GEOM    SYMINP    ZMAT    AOBASIS   BASIS     P2S    ABASIS      S 
                                         1400     1410     1200     1210     1080     1600     1650     1700   
                                           T        V       H0       H01     AOSYM     SMH    MOLCAS    OPER   

              2       5       35.57       700     1000      520     2100     2101   
                                         GEOM     BASIS   MCVARS     RHF      RHF  

 PROGRAMS   *        TOTAL       INT       MP2        HF       INT       MP2        HF       INT
 CPU TIMES  *        78.95      1.45      4.62     26.30      1.79      5.76     36.92      1.91
 REAL TIME  *       194.61 SEC
 DISK USED  *         1.15 GB      
 SF USED    *       420.21 MB      
 GA USED    *         3.20 MB       (max)       0.00 MB       (current)
 **********************************************************************************************************************************

1PROGRAM * RHF-SCF (CLOSED SHELL)       Authors: W. Meyer, H.-J. Werner


 NUMBER OF ELECTRONS:      13+   13-    SPACE SYMMETRY=1    SPIN SYMMETRY: Singlet 
 CONVERGENCE THRESHOLDS:    1.00E-05 (Density)    1.00E-07 (Energy)
 INTEGRAL THRESHOLDS:       1.00E-12 (Initial)    1.00E-12 (Final)
 MAX. NUMBER OF ITERATIONS:       60
 INTERPOLATION TYPE:            DIIS
 INTERPOLATION STEPS:              2 (START)      1 (STEP)
 LEVEL SHIFTS:                  0.00 (CLOSED)  0.00 (OPEN) 



 
 Basis set CC-PVQZ/JKFIT generated.      Number of basis functions:   925 
 
 Orbital guess generated from atomic densities. Full valence occupancy:   17
 Coulomb and exchange fitting
 Thresholds for fitting:       THRAO_COUL= 1.0D-15    THRAO_EXCH= 1.0D-13    THRMO= 1.0D-12    THRPROD= 1.0D-12    THRASM= 1.0D-12
                               THR2HLF=    1.0D-12

 Molecular orbital dump at record        2102.2

 ITERATION   DDIFF            GRAD            ENERGY        2-EL.EN.            DIPOLE MOMENTS         DIIS   CPU(IT)  CPU(TOT)  ORB.
    1      0.000D+00      0.000D+00      -437.11924904    445.123241   -3.41559   -1.85581   -0.27580    0      2.4      7.9     start
    2      0.000D+00      0.189D-02      -437.17180474    435.578071   -3.47014   -1.17436   -0.11041    1      4.5     12.4     diag
    3      0.204D-02      0.942D-03      -437.18042098    438.404820   -3.46090   -1.34166   -0.15158    2      2.2     14.6     diag
    4      0.886D-03      0.162D-03      -437.18110633    438.252053   -3.46009   -1.36472   -0.15733    3      2.7     17.3     diag
    5      0.156D-03      0.455D-04      -437.18117591    438.234272   -3.46096   -1.36685   -0.15800    4      2.2     19.5     diag
    6      0.581D-04      0.113D-04      -437.18118061    438.224500   -3.46087   -1.36935   -0.15860    5      2.1     21.6     diag
    7      0.308D-04      0.342D-05      -437.18118105    438.227222   -3.46099   -1.36869   -0.15845    6      2.6     24.2     diag
    8      0.109D-04      0.141D-05      -437.18118109    438.226420   -3.46100   -1.36873   -0.15846    7      2.2     26.3     diag
    9      0.299D-05      0.390D-06      -437.18118110    438.226556   -3.46101   -1.36853   -0.15841    0      2.0     28.4     orth

 Final occupancy:  13

 !RHF STATE 1.1 Energy               -437.181181098334
 Nuclear energy                        47.71640682
 One-electron energy                 -704.01086569
 Two-electron energy                  219.11327777
 Virial quotient                       -1.00007747
 !RHF STATE 1.1 Dipole moment          -3.46100561    -1.36853356    -0.15840591
 Dipole moment /Debye                  -8.79642264    -3.47823752    -0.40260129

 Orbital energies:

         1.1          2.1          3.1          4.1          5.1          6.1          7.1          8.1          9.1         10.1
    -91.660168   -11.045326    -8.660808    -6.342719    -6.341039    -6.341031    -0.781160    -0.575290    -0.376327    -0.373745

        11.1         12.1         13.1         14.1         15.1
     -0.229162    -0.083241    -0.082139     0.096587     0.117350

 HOMO     13.1    -0.082139 =      -2.2351eV
 LUMO     14.1     0.096587 =       2.6283eV
 LUMO-HOMO         0.178725 =       4.8634eV


 **********************************************************************************************************************************
 DATASETS  * FILE   NREC   LENGTH (MB)   RECORD NAMES
              1      18       27.60       500      610      700      900      950      970     1000      129      960     1100   
                                          VAR    BASINP    GEOM    SYMINP    ZMAT    AOBASIS   BASIS     P2S    ABASIS      S 
                                         1400     1410     1200     1210     1080     1600     1650     1700   
                                           T        V       H0       H01     AOSYM     SMH    MOLCAS    OPER   

              2       6       57.43       700     1000      520     2100     2101     2102   
                                         GEOM     BASIS   MCVARS     RHF      RHF      RHF  

 PROGRAMS   *        TOTAL        HF       INT       MP2        HF       INT       MP2        HF       INT
 CPU TIMES  *       107.92     28.83      1.45      4.62     26.30      1.79      5.76     36.92      1.91
 REAL TIME  *       307.17 SEC
 DISK USED  *         1.44 GB      
 SF USED    *       420.21 MB      
 GA USED    *         3.20 MB       (max)       0.00 MB       (current)
 **********************************************************************************************************************************
 SETTING E_RHF_B        =    ***************  KCAL/MOL                        


1PROGRAM * MP2 (Closed-shell)     Authors: C. Hampel, H.-J. Werner, 1991, M. Deegan, P.J. Knowles, 1992

 Basis set AUG-CC-PVQZ/MP2FIT generated. Number of basis functions:   1418 

 Convergence thresholds:  THRVAR = 1.00D-08  THRDEN = 1.00D-06

 Number of core orbitals:           6 (   6 )
 Number of closed-shell orbitals:   7 (   7 )
 Number of external orbitals:     725 ( 725 )

 Molecular orbitals read from record     2102.2  Type=RHF/CANONICAL (state 1.1)
 

 Entering DF-MP2

 Thresholds:    THRAO= 0.100D-09    THRMO= 0.100D-08    THROV= 0.100D-11

 Fitting basis: AUG-CC-PVQZ-MP2F
 Number of fitting functions:                1418
 Number of blocks in AO basis:                  4
 Minimum block size:                           84
 Maximum block size:                          218
 Average block size:                          185
 Number of groups in AO basis:                151
 Number of shells in AO basis:                269

 Using large memory version DFMP2B. NIBTK= 1  NGPU= 0  IGPU= 0

 para=T  nprocs= 12  mpptyp=0  number of tasks=  24

 Minimum memory with paging:                  4.73 MW
 Minimum memory for incore assembly:          7.72 MW
 Maximum memory for incore algorithm:        11.07 MW
 Memory for 3-index integrals:                0.00 MW

 Disk space for H1-integrals:                58.92 MB (   168 records)
 
 CPU time for half transformed integrals      1.35 sec, elapsed time      1.36 sec
 CPU time for assembly                        0.52 sec, elapsed time      0.58 sec (5753.6 MFLOP/sec)
 Total CPU time                               3.33 sec, elapsed time      3.44 sec

 SCS-MP2 correlation energy:           -0.406822751556   (PS=  1.200000  PT=  0.333333)
 SCS-MP2 total energy:               -437.588003849896

 Norm of first-order wave function:     0.115510571230
 Coefficient of reference function:     0.946810694718

  Reference energy                   -437.181181098340
  MP2 singlet pair energy              -0.270851878607
  MP2 triplet pair energy              -0.131465084830
  MP2 correlation energy               -0.402316963437

 !MP2 total energy                   -437.583498061777


 **********************************************************************************************************************************
 DATASETS  * FILE   NREC   LENGTH (MB)   RECORD NAMES
              1      18       27.60       500      610      700      900      950      970     1000      129      960     1100   
                                          VAR    BASINP    GEOM    SYMINP    ZMAT    AOBASIS   BASIS     P2S    ABASIS      S 
                                         1400     1410     1200     1210     1080     1600     1650     1700   
                                           T        V       H0       H01     AOSYM     SMH    MOLCAS    OPER   

              2       6       57.43       700     1000      520     2100     2101     2102   
                                         GEOM     BASIS   MCVARS     RHF      RHF      RHF  

 PROGRAMS   *        TOTAL       MP2        HF       INT       MP2        HF       INT       MP2        HF       INT
 CPU TIMES  *       112.18      4.25     28.83      1.45      4.62     26.30      1.79      5.76     36.92      1.91
 REAL TIME  *       312.11 SEC
 DISK USED  *         1.44 GB      
 SF USED    *       420.21 MB      
 GA USED    *         3.20 MB       (max)       0.00 MB       (current)
 **********************************************************************************************************************************
 SETTING E_CORR_B       =    ***************  KCAL/MOL                        
 SETTING E_B            =      -252.45775680  KCAL/MOL                        
 SETTING E_RHF_CP       =       -95.82553228  KCAL/MOL                        
 SETTING E_CORR_CP      =        -3.80428261  KCAL/MOL                        

        DF-MP2          DF-HF           DF-MP2          DF-HF           DF-MP2          DF-HF   
   -437.58349806   -437.18118110    -96.04562269    -95.62172004   -533.78789094   -532.95560881
 **********************************************************************************************************************************
 Variable memory released
