
 Primary working directories    : /scratch/1723631.phoenix.chem.wisc.edu
 Secondary working directories  : /scratch/1723631.phoenix.chem.wisc.edu
 Wavefunction directory         : /scratch/1723631.phoenix.chem.wisc.edu/
 Main file repository           : /scratch/1723631.phoenix.chem.wisc.edu/

 SHA1      : 65e45729fe3f963b0eb97374e3bda9949063ef0f
 NAME      : 2012.1.17
 ARCHNAME  : Linux/x86_64
 FC        : /opt/intel/composer_xe_2013.5.192/bin/intel64/ifort
 FCVERSION : 13.1.3
 BLASLIB   : -L/opt/intel/composer_xe_2013.5.192/mkl/lib/intel64 -lmkl_intel_ilp64 -lmkl_sequential -lmkl_core
 id        : cuichemwisc

 Nodes             nprocs
 compute-1-34.local   12
 ga_uses_ma=false, calling ma_init with nominal heap.
 GA-space will be limited to   8.0 MW (determined by -G option)

 Using customized tuning parameters: mindgm=1; mindgv=20; mindgc=4; mindgr=1; noblas=0; minvec=7
 default implementation of scratch files=sf  

 geomtyp=xyz
 geometry={
 13
  N0         -1.871728000000       0.590372000000      -0.409427000000
  C1         -2.211908000000      -0.607269000000       0.366391000000
  H2         -3.290849000000      -0.800379000000       0.474364000000
  H3         -1.777031000000      -0.515398000000       1.366626000000
  H4         -1.756203000000      -1.480607000000      -0.110636000000
  H5         -2.292946460000       1.392500770000       0.013851220000
  H6         -2.211824870000       0.489597950000      -1.344402240000
  H7         -0.878517500000       0.705429620000      -0.426592450000
  C8          2.761400560608      -1.074629493585      -0.363912654187
  H9          2.108119560608      -1.690999493585       0.259425345813
  H10         3.796921560608      -1.371442493585      -0.181911654187
  S11         2.622286560608       0.703029506415       0.070930345813
  H12         2.530943560608      -1.244736493585      -1.418864654187
 }
 
 
 basis=avdz
 
                                                                                 ! Complex
 set,charge=0
 
 df-hf
 e_rhf_c = energy*tokcal
 df-mp2
 e_corr_c = energy*tokcal
 e_c = e_corr_c - e_rhf_c
 
 
                                                                                 ! Monomer 1
 set,charge=1
 dummy,C8,H9,H10,S11,H12
 
 df-hf
 e_rhf_a = energy*tokcal
 df-mp2
 e_corr_a = energy*tokcal
 e_a = e_corr_a - e_rhf_a
 
 
                                                                                 ! Monomer 2
 set,charge=-1
 dummy,N0,C1,H2,H3,H4,H5,H6,H7
 
 df-hf
 e_rhf_b = energy*tokcal
 df-mp2
 e_corr_b = energy*tokcal
 e_b = e_corr_b - e_rhf_b
 
 
 e_rhf_cp = e_rhf_c - (e_rhf_a + e_rhf_b)
 e_corr_cp = e_c - (e_a + e_b)

 Variables initialized (782), CPU time= 0.00 sec
 Commands  initialized (547), CPU time= 0.02 sec, 517 directives.
 Default parameters read. Elapsed time= 0.15 sec

 Checking input...
 Passed
1


                                         ***  PROGRAM SYSTEM MOLPRO  ***
                         Copyright, University College Cardiff Consultants Limited, 2008

                                    Version 2012.1 linked Oct 11 2014 15:40:16


 **********************************************************************************************************************************
 LABEL *                                                                                 
 Linux-2.6.18-308.el5/compute-1-34.local(x86_64) 64 bit mpp version                      DATE: 12-Dec-14          TIME: 06:38:27  
 **********************************************************************************************************************************

 SHA1:             65e45729fe3f963b0eb97374e3bda9949063ef0f
 **********************************************************************************************************************************
 SETTING GEOMTYP        =    XYZ

 Turning off symmetry in density fitting calculation
 To re-enable, use 'set,zsymel=auto'


 Variable memory set to  350000000 words,  buffer space   230000 words

 SETTING BASIS          =    AVDZ
 SETTING CHARGE         =         0.00000000                                  


 Recomputing integrals since basis changed


 Using spherical harmonics

 Library entry N      S aug-cc-pVDZ          selected for orbital group  1
 Library entry N      P aug-cc-pVDZ          selected for orbital group  1
 Library entry N      D aug-cc-pVDZ          selected for orbital group  1
 Library entry C      S aug-cc-pVDZ          selected for orbital group  2
 Library entry C      P aug-cc-pVDZ          selected for orbital group  2
 Library entry C      D aug-cc-pVDZ          selected for orbital group  2
 Library entry H      S aug-cc-pVDZ          selected for orbital group  3
 Library entry H      P aug-cc-pVDZ          selected for orbital group  3
 Library entry S      S aug-cc-pVDZ          selected for orbital group  6
 Library entry S      P aug-cc-pVDZ          selected for orbital group  6
 Library entry S      D aug-cc-pVDZ          selected for orbital group  6

1PROGRAM * SEWARD (Integral evaluation for generally contracted gaussian basis sets)     Author: Roland Lindh, 1990

 Geometry written to block  1 of record 700


 Point group  C1  



 ATOMIC COORDINATES

 NR  ATOM    CHARGE       X              Y              Z

   1  N0      7.00   -3.537053313    1.115641396   -0.773704901
   2  C1      6.00   -4.179900348   -1.147572098    0.692378647
   3  H2      1.00   -6.218803350   -1.512497111    0.896418047
   4  H3      1.00   -3.358101917   -0.973961069    2.582548864
   5  H4      1.00   -3.318742701   -2.797941738   -0.209071740
   6  H5      1.00   -4.333040843    2.631445093    0.026175012
   7  H6      1.00   -4.179743255    0.925206040   -2.540552044
   8  H7      1.00   -1.660157477    1.333068787   -0.806142900
   9  C8      6.00    5.218290799   -2.030755436   -0.687695252
  10  H9      1.00    3.983768622   -3.195525931    0.490242855
  11  H10     1.00    7.175141892   -2.591650718   -0.343763207
  12  S11    16.00    4.955403438    1.328533229    0.134038928
  13  H12     1.00    4.782790184   -2.352211079   -2.681265614

 Bond lengths in Bohr (Angstrom)

 1-2  2.772145126  1-6  1.889726137  1-7  1.889726122  1-8  1.889726137  2-3  2.081328372
     ( 1.466956021)     ( 1.000000003)     ( 0.999999995)     ( 1.000000003)     ( 1.101391539)

  2- 4  2.068389929   2- 5  2.068314590   9-10  2.065980033   9-11  2.064499690   9-12  3.468310419
       ( 1.094544810)       ( 1.094504942)       ( 1.093269548)       ( 1.092486184)       ( 1.835350827)

  9-13  2.065748606
       ( 1.093147082)

 Bond angles

  1-2-3  114.97091777   1-2-4  108.82223243   1-2-5  108.92862229   2-1-6  109.47122075

  2-1-7  109.47122046   2-1-8  109.47122040   3-2-4  108.32125274   3-2-5  108.10103971

  4-2-5  107.44770163   6-1-7  109.47122110   6-1-8  109.47122038   7-1-8  109.47122072

 10- 9-11  108.55608257  10- 9-12  111.44980305  10- 9-13  109.66566187  11- 9-12  107.18872473

 11- 9-13  108.56147558  12- 9-13  111.30848894

 NUCLEAR CHARGE:                   44
 NUMBER OF PRIMITIVE AOS:         262
 NUMBER OF SYMMETRY AOS:          254
 NUMBER OF CONTRACTIONS:          177   ( 177A   )
 NUMBER OF CORE ORBITALS:           8   (   8A   )
 NUMBER OF VALENCE ORBITALS:       25   (  25A   )


 NUCLEAR REPULSION ENERGY  148.22075968


 Eigenvalues of metric

         1 0.208E-03 0.520E-03 0.573E-03 0.605E-03 0.645E-03 0.689E-03 0.697E-03 0.894E-03


 OPERATOR DM      FOR CENTER  0  COORDINATES:    0.000000    0.000000    0.000000


 **********************************************************************************************************************************
 DATASETS  * FILE   NREC   LENGTH (MB)   RECORD NAMES
              1      18        8.91       500      610      700      900      950      970     1000      129      960     1100   
                                          VAR    BASINP    GEOM    SYMINP    ZMAT    AOBASIS   BASIS     P2S    ABASIS      S 
                                         1400     1410     1200     1210     1080     1600     1650     1700   
                                           T        V       H0       H01     AOSYM     SMH    MOLCAS    OPER   

 PROGRAMS   *        TOTAL       INT
 CPU TIMES  *         0.21      0.08
 REAL TIME  *         0.57 SEC
 DISK USED  *         0.00 MB      
 GA USED    *         0.00 MB       (max)       0.00 MB       (current)
 **********************************************************************************************************************************

1PROGRAM * RHF-SCF (CLOSED SHELL)       Authors: W. Meyer, H.-J. Werner


 NUMBER OF ELECTRONS:      22+   22-    SPACE SYMMETRY=1    SPIN SYMMETRY: Singlet 
 CONVERGENCE THRESHOLDS:    1.00E-05 (Density)    1.00E-07 (Energy)
 INTEGRAL THRESHOLDS:       1.00E-11 (Initial)    1.00E-11 (Final)
 MAX. NUMBER OF ITERATIONS:       60
 INTERPOLATION TYPE:            DIIS
 INTERPOLATION STEPS:              2 (START)      1 (STEP)
 LEVEL SHIFTS:                  0.00 (CLOSED)  0.00 (OPEN) 



 
 Basis set CC-PVDZ/JKFIT generated.      Number of basis functions:   529 
 
 Orbital guess generated from atomic densities. Full valence occupancy:   33
 Coulomb and exchange fitting
 Thresholds for fitting:       THRAO_COUL= 1.0D-14    THRAO_EXCH= 1.0D-12    THRMO= 1.0D-11    THRPROD= 1.0D-11    THRASM= 1.0D-11
                               THR2HLF=    1.0D-11

 Molecular orbital dump at record        2100.2

 ITERATION   DDIFF            GRAD            ENERGY        2-EL.EN.            DIPOLE MOMENTS         DIIS   CPU(IT)  CPU(TOT)  ORB.
    1      0.000D+00      0.000D+00      -532.75708674    695.030653   -8.39501   -0.78376   -1.03919    0      0.7      2.4     start
    2      0.000D+00      0.431D-02      -532.85112473    688.496769   -7.45496   -0.51914   -0.53435    1      0.1      2.5     diag
    3      0.111D-01      0.195D-02      -532.86518953    690.579718   -7.58813   -0.69511   -0.63047    2      0.1      2.7     diag
    4      0.382D-02      0.415D-03      -532.86656163    690.380103   -7.48465   -0.72596   -0.61271    3      0.1      2.8     diag
    5      0.974D-03      0.893D-04      -532.86665740    690.299279   -7.45071   -0.73067   -0.60921    4      0.1      2.9     diag
    6      0.283D-03      0.301D-04      -532.86666970    690.327656   -7.43898   -0.73499   -0.60864    5      0.1      3.1     diag
    7      0.116D-03      0.103D-04      -532.86667179    690.315959   -7.43231   -0.73538   -0.60820    6      0.1      3.2     diag
    8      0.457D-04      0.439D-05      -532.86667236    690.317922   -7.42805   -0.73563   -0.60780    7      0.1      3.3     diag
    9      0.293D-04      0.135D-05      -532.86667243    690.317863   -7.42637   -0.73571   -0.60769    8      0.1      3.4     diag
   10      0.108D-04      0.354D-06      -532.86667243    690.317928   -7.42607   -0.73572   -0.60766    9      0.1      3.6     orth
   11      0.237D-05      0.108D-06      -532.86667243    690.317860   -7.42604   -0.73574   -0.60766    0      0.1      3.7     orth

 Final occupancy:  22

 !RHF STATE 1.1 Energy               -532.866672433118
 Nuclear energy                       148.22075968
 One-electron energy                -1026.24636195
 Two-electron energy                  345.15892983
 Virial quotient                       -1.00050697
 !RHF STATE 1.1 Dipole moment          -7.42603753    -0.73574079    -0.60765896
 Dipole moment /Debye                 -18.87386845    -1.86994409    -1.54441387

 Orbital energies:

         1.1          2.1          3.1          4.1          5.1          6.1          7.1          8.1          9.1         10.1
    -91.792107   -15.788854   -11.379537   -11.166897    -8.790940    -6.473327    -6.470725    -6.470344    -1.422199    -1.056749

        11.1         12.1         13.1         14.1         15.1         16.1         17.1         18.1         19.1         20.1
     -0.899536    -0.880898    -0.874275    -0.756927    -0.696551    -0.655608    -0.653956    -0.490006    -0.486779    -0.347803

        21.1         22.1         23.1         24.1
     -0.205509    -0.204725    -0.023392     0.008086

 HOMO     22.1    -0.204725 =      -5.5709eV
 LUMO     23.1    -0.023392 =      -0.6365eV
 LUMO-HOMO         0.181333 =       4.9343eV


 **********************************************************************************************************************************
 DATASETS  * FILE   NREC   LENGTH (MB)   RECORD NAMES
              1      18        8.91       500      610      700      900      950      970     1000      129      960     1100   
                                          VAR    BASINP    GEOM    SYMINP    ZMAT    AOBASIS   BASIS     P2S    ABASIS      S 
                                         1400     1410     1200     1210     1080     1600     1650     1700   
                                           T        V       H0       H01     AOSYM     SMH    MOLCAS    OPER   

              2       4        1.28       700     1000      520     2100   
                                         GEOM     BASIS   MCVARS     RHF  

 PROGRAMS   *        TOTAL        HF       INT
 CPU TIMES  *         3.92      3.70      0.08
 REAL TIME  *        50.03 SEC
 DISK USED  *       150.29 MB      
 SF USED    *        19.38 MB      
 GA USED    *         3.20 MB       (max)       0.00 MB       (current)
 **********************************************************************************************************************************
 SETTING E_RHF_C        =    ***************  KCAL/MOL                        


1PROGRAM * MP2 (Closed-shell)     Authors: C. Hampel, H.-J. Werner, 1991, M. Deegan, P.J. Knowles, 1992

 Basis set AUG-CC-PVDZ/MP2FIT generated. Number of basis functions:   515 

 Convergence thresholds:  THRVAR = 1.00D-08  THRDEN = 1.00D-06

 Number of core orbitals:           8 (   8 )
 Number of closed-shell orbitals:  14 (  14 )
 Number of external orbitals:     155 ( 155 )

 Molecular orbitals read from record     2100.2  Type=RHF/CANONICAL (state 1.1)
 

 Entering DF-MP2

 Thresholds:    THRAO= 0.100D-09    THRMO= 0.100D-08    THROV= 0.100D-11

 Fitting basis: AUG-CC-PVDZ-MP2F
 Number of fitting functions:                 515
 Number of blocks in AO basis:                  3
 Minimum block size:                           50
 Maximum block size:                           77
 Average block size:                           59
 Number of groups in AO basis:                 60
 Number of shells in AO basis:                138

 Using large memory version DFMP2B. NIBTK= 1  NGPU= 0  IGPU= 0

 para=T  nprocs= 12  mpptyp=0  number of tasks=  36

 Minimum memory with paging:                  1.09 MW
 Minimum memory for incore assembly:          1.14 MW
 Maximum memory for incore algorithm:         2.05 MW
 Memory for 3-index integrals:                0.00 MW

 Disk space for H1-integrals:                10.38 MB (   504 records)
 
 CPU time for half transformed integrals      0.06 sec, elapsed time      0.06 sec
 CPU time for assembly                        0.03 sec, elapsed time      0.04 sec (6662.9 MFLOP/sec)
 Total CPU time                               0.41 sec, elapsed time      0.52 sec

 SCS-MP2 correlation energy:           -0.646219530630   (PS=  1.200000  PT=  0.333333)
 SCS-MP2 total energy:               -533.512891963750

 Norm of first-order wave function:     0.180107063115
 Coefficient of reference function:     0.920532858204

  Reference energy                   -532.866672433120
  MP2 singlet pair energy              -0.423238266948
  MP2 triplet pair energy              -0.222321873683
  MP2 correlation energy               -0.645560140632

 !MP2 total energy                   -533.512232573752


 **********************************************************************************************************************************
 DATASETS  * FILE   NREC   LENGTH (MB)   RECORD NAMES
              1      18        8.91       500      610      700      900      950      970     1000      129      960     1100   
                                          VAR    BASINP    GEOM    SYMINP    ZMAT    AOBASIS   BASIS     P2S    ABASIS      S 
                                         1400     1410     1200     1210     1080     1600     1650     1700   
                                           T        V       H0       H01     AOSYM     SMH    MOLCAS    OPER   

              2       4        1.28       700     1000      520     2100   
                                         GEOM     BASIS   MCVARS     RHF  

 PROGRAMS   *        TOTAL       MP2        HF       INT
 CPU TIMES  *         4.48      0.57      3.70      0.08
 REAL TIME  *        50.95 SEC
 DISK USED  *       150.29 MB      
 SF USED    *        27.66 MB      
 GA USED    *         3.20 MB       (max)       0.00 MB       (current)
 **********************************************************************************************************************************
 SETTING E_CORR_C       =    ***************  KCAL/MOL                        
 SETTING E_C            =      -405.09518563  KCAL/MOL                        
 SETTING CHARGE         =         1.00000000                                  

 Dummy atoms: C8  H9  H10  S11  H12


 Recomputing one-electron integrals since nuclear charges changed

1PROGRAM * SEWARD (Integral evaluation for generally contracted gaussian basis sets)     Author: Roland Lindh, 1990

 Geometry written to block  1 of record 700


 Point group  C1  



 ATOMIC COORDINATES

 NR  ATOM    CHARGE       X              Y              Z

   1  N0      7.00   -3.537053313    1.115641396   -0.773704901
   2  C1      6.00   -4.179900348   -1.147572098    0.692378647
   3  H2      1.00   -6.218803350   -1.512497111    0.896418047
   4  H3      1.00   -3.358101917   -0.973961069    2.582548864
   5  H4      1.00   -3.318742701   -2.797941738   -0.209071740
   6  H5      1.00   -4.333040843    2.631445093    0.026175012
   7  H6      1.00   -4.179743255    0.925206040   -2.540552044
   8  H7      1.00   -1.660157477    1.333068787   -0.806142900
   9  C8      0.00    5.218290799   -2.030755436   -0.687695252
  10  H9      0.00    3.983768622   -3.195525931    0.490242855
  11  H10     0.00    7.175141892   -2.591650718   -0.343763207
  12  S11     0.00    4.955403438    1.328533229    0.134038928
  13  H12     0.00    4.782790184   -2.352211079   -2.681265614

 Bond lengths in Bohr (Angstrom)

 1-2  2.772145126  1-6  1.889726137  1-7  1.889726122  1-8  1.889726137  2-3  2.081328372
     ( 1.466956021)     ( 1.000000003)     ( 0.999999995)     ( 1.000000003)     ( 1.101391539)

  2- 4  2.068389929   2- 5  2.068314590   9-10  2.065980033   9-11  2.064499690   9-12  3.468310419
       ( 1.094544810)       ( 1.094504942)       ( 1.093269548)       ( 1.092486184)       ( 1.835350827)

  9-13  2.065748606
       ( 1.093147082)

 Bond angles

  1-2-3  114.97091777   1-2-4  108.82223243   1-2-5  108.92862229   2-1-6  109.47122075

  2-1-7  109.47122046   2-1-8  109.47122040   3-2-4  108.32125274   3-2-5  108.10103971

  4-2-5  107.44770163   6-1-7  109.47122110   6-1-8  109.47122038   7-1-8  109.47122072

 10- 9-11  108.55608257  10- 9-12  111.44980305  10- 9-13  109.66566187  11- 9-12  107.18872473

 11- 9-13  108.56147558  12- 9-13  111.30848894

 NUCLEAR CHARGE:                   19
 NUMBER OF PRIMITIVE AOS:         262
 NUMBER OF SYMMETRY AOS:          254
 NUMBER OF CONTRACTIONS:          177   ( 177A   )
 NUMBER OF CORE ORBITALS:           2   (   2A   )
 NUMBER OF VALENCE ORBITALS:       14   (  14A   )

 MOLECULE CHANGED: INITIALIZING OCCUPATION AND DUMP RECORDS


 NUCLEAR REPULSION ENERGY   48.60267443


 Eigenvalues of metric

         1 0.208E-03 0.520E-03 0.573E-03 0.605E-03 0.645E-03 0.689E-03 0.697E-03 0.894E-03


 OPERATOR DM      FOR CENTER  0  COORDINATES:    0.000000    0.000000    0.000000


 **********************************************************************************************************************************
 DATASETS  * FILE   NREC   LENGTH (MB)   RECORD NAMES
              1      18        8.91       500      610      700      900      950      970     1000      129      960     1100   
                                          VAR    BASINP    GEOM    SYMINP    ZMAT    AOBASIS   BASIS     P2S    ABASIS      S 
                                         1400     1410     1200     1210     1080     1600     1650     1700   
                                           T        V       H0       H01     AOSYM     SMH    MOLCAS    OPER   

              2       4        1.28       700     1000      520     2100   
                                         GEOM     BASIS   MCVARS     RHF  

 PROGRAMS   *        TOTAL       INT       MP2        HF       INT
 CPU TIMES  *         4.57      0.08      0.57      3.70      0.08
 REAL TIME  *        52.52 SEC
 DISK USED  *       150.29 MB      
 SF USED    *        27.66 MB      
 GA USED    *         3.20 MB       (max)       0.00 MB       (current)
 **********************************************************************************************************************************

1PROGRAM * RHF-SCF (CLOSED SHELL)       Authors: W. Meyer, H.-J. Werner


 NUMBER OF ELECTRONS:       9+    9-    SPACE SYMMETRY=1    SPIN SYMMETRY: Singlet 
 CONVERGENCE THRESHOLDS:    1.00E-05 (Density)    1.00E-07 (Energy)
 INTEGRAL THRESHOLDS:       1.00E-11 (Initial)    1.00E-11 (Final)
 MAX. NUMBER OF ITERATIONS:       60
 INTERPOLATION TYPE:            DIIS
 INTERPOLATION STEPS:              2 (START)      1 (STEP)
 LEVEL SHIFTS:                  0.00 (CLOSED)  0.00 (OPEN) 



 
 Basis set CC-PVDZ/JKFIT generated.      Number of basis functions:   529 
 
 Orbital guess generated from atomic densities. Full valence occupancy:   16
 Coulomb and exchange fitting
 Thresholds for fitting:       THRAO_COUL= 1.0D-14    THRAO_EXCH= 1.0D-12    THRMO= 1.0D-11    THRPROD= 1.0D-11    THRASM= 1.0D-11
                               THR2HLF=    1.0D-11

 Molecular orbital dump at record        2101.2

 ITERATION   DDIFF            GRAD            ENERGY        2-EL.EN.            DIPOLE MOMENTS         DIIS   CPU(IT)  CPU(TOT)  ORB.
    1      0.000D+00      0.000D+00       -95.54195704    148.061766   -3.53048    1.11408   -0.77305    0      0.4      2.5     start
    2      0.000D+00      0.464D-02       -95.58385178    150.745622   -3.63957    0.73514   -0.52776    1      0.2      2.8     diag
    3      0.613D-02      0.186D-02       -95.58847866    149.808818   -3.63784    0.74067   -0.53125    2      0.1      2.9     diag
    4      0.218D-02      0.568D-03       -95.58909156    150.022375   -3.64575    0.71548   -0.51496    3      0.1      3.0     diag
    5      0.641D-03      0.834D-04       -95.58911454    150.036524   -3.64723    0.71025   -0.51157    4      0.2      3.2     diag
    6      0.129D-03      0.149D-04       -95.58911530    150.031301   -3.64762    0.70914   -0.51085    5      0.1      3.3     diag
    7      0.236D-04      0.463D-05       -95.58911535    150.032458   -3.64764    0.70897   -0.51075    6      0.1      3.4     diag
    8      0.644D-05      0.110D-05       -95.58911536    150.032197   -3.64766    0.70890   -0.51070    0      0.1      3.5     orth

 Final occupancy:   9

 !RHF STATE 1.1 Energy                -95.589115357498
 Nuclear energy                        48.60267443
 One-electron energy                 -219.20788836
 Two-electron energy                   75.01609857
 Virial quotient                       -1.00049035
 !RHF STATE 1.1 Dipole moment          -3.64765950     0.70889935    -0.51069951
 Dipole moment /Debye                  -9.27081844     1.80172440    -1.29798366

 Orbital energies:

         1.1          2.1          3.1          4.1          5.1          6.1          7.1          8.1          9.1         10.1
    -15.920363   -11.496682    -1.551735    -1.177524    -1.008262    -1.007743    -0.879831    -0.773205    -0.772501    -0.127249

        11.1
     -0.086530

 HOMO      9.1    -0.772501 =     -21.0208eV
 LUMO     10.1    -0.127249 =      -3.4626eV
 LUMO-HOMO         0.645252 =      17.5582eV


 **********************************************************************************************************************************
 DATASETS  * FILE   NREC   LENGTH (MB)   RECORD NAMES
              1      18        8.91       500      610      700      900      950      970     1000      129      960     1100   
                                          VAR    BASINP    GEOM    SYMINP    ZMAT    AOBASIS   BASIS     P2S    ABASIS      S 
                                         1400     1410     1200     1210     1080     1600     1650     1700   
                                           T        V       H0       H01     AOSYM     SMH    MOLCAS    OPER   

              2       5        2.57       700     1000      520     2100     2101   
                                         GEOM     BASIS   MCVARS     RHF      RHF  

 PROGRAMS   *        TOTAL        HF       INT       MP2        HF       INT
 CPU TIMES  *         8.13      3.55      0.08      0.57      3.70      0.08
 REAL TIME  *       124.41 SEC
 DISK USED  *       161.33 MB      
 SF USED    *        27.66 MB      
 GA USED    *         3.20 MB       (max)       0.00 MB       (current)
 **********************************************************************************************************************************
 SETTING E_RHF_A        =    -59983.08754234  KCAL/MOL                        


1PROGRAM * MP2 (Closed-shell)     Authors: C. Hampel, H.-J. Werner, 1991, M. Deegan, P.J. Knowles, 1992

 Basis set AUG-CC-PVDZ/MP2FIT generated. Number of basis functions:   515 

 Convergence thresholds:  THRVAR = 1.00D-08  THRDEN = 1.00D-06

 Number of core orbitals:           2 (   2 )
 Number of closed-shell orbitals:   7 (   7 )
 Number of external orbitals:     168 ( 168 )

 Molecular orbitals read from record     2101.2  Type=RHF/CANONICAL (state 1.1)
 

 Entering DF-MP2

 Thresholds:    THRAO= 0.100D-09    THRMO= 0.100D-08    THROV= 0.100D-11

 Fitting basis: AUG-CC-PVDZ-MP2F
 Number of fitting functions:                 515
 Number of blocks in AO basis:                  3
 Minimum block size:                           50
 Maximum block size:                           77
 Average block size:                           59
 Number of groups in AO basis:                 60
 Number of shells in AO basis:                138

 Using large memory version DFMP2B. NIBTK= 1  NGPU= 0  IGPU= 0

 para=T  nprocs= 12  mpptyp=0  number of tasks=  36

 Minimum memory with paging:                  1.10 MW
 Minimum memory for incore assembly:          1.10 MW
 Maximum memory for incore algorithm:         1.41 MW
 Memory for 3-index integrals:                0.00 MW

 Disk space for H1-integrals:                 5.19 MB (   252 records)
 
 CPU time for half transformed integrals      0.09 sec, elapsed time      0.21 sec
 CPU time for assembly                        0.01 sec, elapsed time      0.01 sec (5870.6 MFLOP/sec)
 Total CPU time                               0.38 sec, elapsed time      0.61 sec

 SCS-MP2 correlation energy:           -0.335992559659   (PS=  1.200000  PT=  0.333333)
 SCS-MP2 total energy:                -95.925107917157

 Norm of first-order wave function:     0.077645306350
 Coefficient of reference function:     0.963301150880

  Reference energy                    -95.589115357498
  MP2 singlet pair energy              -0.223277437721
  MP2 triplet pair energy              -0.109381555277
  MP2 correlation energy               -0.332658992997

 !MP2 total energy                    -95.921774350495


 **********************************************************************************************************************************
 DATASETS  * FILE   NREC   LENGTH (MB)   RECORD NAMES
              1      18        8.91       500      610      700      900      950      970     1000      129      960     1100   
                                          VAR    BASINP    GEOM    SYMINP    ZMAT    AOBASIS   BASIS     P2S    ABASIS      S 
                                         1400     1410     1200     1210     1080     1600     1650     1700   
                                           T        V       H0       H01     AOSYM     SMH    MOLCAS    OPER   

              2       5        2.57       700     1000      520     2100     2101   
                                         GEOM     BASIS   MCVARS     RHF      RHF  

 PROGRAMS   *        TOTAL       MP2        HF       INT       MP2        HF       INT
 CPU TIMES  *         8.64      0.50      3.55      0.08      0.57      3.70      0.08
 REAL TIME  *       125.34 SEC
 DISK USED  *       161.33 MB      
 SF USED    *        27.66 MB      
 GA USED    *         3.20 MB       (max)       0.00 MB       (current)
 **********************************************************************************************************************************
 SETTING E_CORR_A       =    -60191.83425397  KCAL/MOL                        
 SETTING E_A            =      -208.74671163  KCAL/MOL                        
 SETTING CHARGE         =        -1.00000000                                  

 Dummy atoms: N0  C1  H2  H3  H4  H5  H6  H7


 Recomputing one-electron integrals since nuclear charges changed

1PROGRAM * SEWARD (Integral evaluation for generally contracted gaussian basis sets)     Author: Roland Lindh, 1990

 Geometry written to block  1 of record 700


 Point group  C1  



 ATOMIC COORDINATES

 NR  ATOM    CHARGE       X              Y              Z

   1  N0      0.00   -3.537053313    1.115641396   -0.773704901
   2  C1      0.00   -4.179900348   -1.147572098    0.692378647
   3  H2      0.00   -6.218803350   -1.512497111    0.896418047
   4  H3      0.00   -3.358101917   -0.973961069    2.582548864
   5  H4      0.00   -3.318742701   -2.797941738   -0.209071740
   6  H5      0.00   -4.333040843    2.631445093    0.026175012
   7  H6      0.00   -4.179743255    0.925206040   -2.540552044
   8  H7      0.00   -1.660157477    1.333068787   -0.806142900
   9  C8      6.00    5.218290799   -2.030755436   -0.687695252
  10  H9      1.00    3.983768622   -3.195525931    0.490242855
  11  H10     1.00    7.175141892   -2.591650718   -0.343763207
  12  S11    16.00    4.955403438    1.328533229    0.134038928
  13  H12     1.00    4.782790184   -2.352211079   -2.681265614

 Bond lengths in Bohr (Angstrom)

 1-2  2.772145126  1-6  1.889726137  1-7  1.889726122  1-8  1.889726137  2-3  2.081328372
     ( 1.466956021)     ( 1.000000003)     ( 0.999999995)     ( 1.000000003)     ( 1.101391539)

  2- 4  2.068389929   2- 5  2.068314590   9-10  2.065980033   9-11  2.064499690   9-12  3.468310419
       ( 1.094544810)       ( 1.094504942)       ( 1.093269548)       ( 1.092486184)       ( 1.835350827)

  9-13  2.065748606
       ( 1.093147082)

 Bond angles

  1-2-3  114.97091777   1-2-4  108.82223243   1-2-5  108.92862229   2-1-6  109.47122075

  2-1-7  109.47122046   2-1-8  109.47122040   3-2-4  108.32125274   3-2-5  108.10103971

  4-2-5  107.44770163   6-1-7  109.47122110   6-1-8  109.47122038   7-1-8  109.47122072

 10- 9-11  108.55608257  10- 9-12  111.44980305  10- 9-13  109.66566187  11- 9-12  107.18872473

 11- 9-13  108.56147558  12- 9-13  111.30848894

 NUCLEAR CHARGE:                   25
 NUMBER OF PRIMITIVE AOS:         262
 NUMBER OF SYMMETRY AOS:          254
 NUMBER OF CONTRACTIONS:          177   ( 177A   )
 NUMBER OF CORE ORBITALS:           6   (   6A   )
 NUMBER OF VALENCE ORBITALS:       11   (  11A   )

 MOLECULE CHANGED: INITIALIZING OCCUPATION AND DUMP RECORDS


 NUCLEAR REPULSION ENERGY   47.71640682


 Eigenvalues of metric

         1 0.208E-03 0.520E-03 0.573E-03 0.605E-03 0.645E-03 0.689E-03 0.697E-03 0.894E-03


 OPERATOR DM      FOR CENTER  0  COORDINATES:    0.000000    0.000000    0.000000


 **********************************************************************************************************************************
 DATASETS  * FILE   NREC   LENGTH (MB)   RECORD NAMES
              1      18        8.91       500      610      700      900      950      970     1000      129      960     1100   
                                          VAR    BASINP    GEOM    SYMINP    ZMAT    AOBASIS   BASIS     P2S    ABASIS      S 
                                         1400     1410     1200     1210     1080     1600     1650     1700   
                                           T        V       H0       H01     AOSYM     SMH    MOLCAS    OPER   

              2       5        2.57       700     1000      520     2100     2101   
                                         GEOM     BASIS   MCVARS     RHF      RHF  

 PROGRAMS   *        TOTAL       INT       MP2        HF       INT       MP2        HF       INT
 CPU TIMES  *         8.80      0.10      0.50      3.55      0.08      0.57      3.70      0.08
 REAL TIME  *       126.57 SEC
 DISK USED  *       161.33 MB      
 SF USED    *        27.66 MB      
 GA USED    *         3.20 MB       (max)       0.00 MB       (current)
 **********************************************************************************************************************************

1PROGRAM * RHF-SCF (CLOSED SHELL)       Authors: W. Meyer, H.-J. Werner


 NUMBER OF ELECTRONS:      13+   13-    SPACE SYMMETRY=1    SPIN SYMMETRY: Singlet 
 CONVERGENCE THRESHOLDS:    1.00E-05 (Density)    1.00E-07 (Energy)
 INTEGRAL THRESHOLDS:       1.00E-11 (Initial)    1.00E-11 (Final)
 MAX. NUMBER OF ITERATIONS:       60
 INTERPOLATION TYPE:            DIIS
 INTERPOLATION STEPS:              2 (START)      1 (STEP)
 LEVEL SHIFTS:                  0.00 (CLOSED)  0.00 (OPEN) 



 
 Basis set CC-PVDZ/JKFIT generated.      Number of basis functions:   529 
 
 Orbital guess generated from atomic densities. Full valence occupancy:   17
 Coulomb and exchange fitting
 Thresholds for fitting:       THRAO_COUL= 1.0D-14    THRAO_EXCH= 1.0D-12    THRMO= 1.0D-11    THRPROD= 1.0D-11    THRASM= 1.0D-11
                               THR2HLF=    1.0D-11

 Molecular orbital dump at record        2102.2

 ITERATION   DDIFF            GRAD            ENERGY        2-EL.EN.            DIPOLE MOMENTS         DIIS   CPU(IT)  CPU(TOT)  ORB.
    1      0.000D+00      0.000D+00      -437.09189699    444.842936   -4.89480   -1.89745   -0.26958    0      0.4      2.5     start
    2      0.000D+00      0.384D-02      -437.14372875    435.673114   -4.94639   -1.21192   -0.10413    1      0.1      2.6     diag
    3      0.901D-02      0.176D-02      -437.15171000    438.253596   -4.93745   -1.39095   -0.14776    2      0.1      2.7     diag
    4      0.293D-02      0.309D-03      -437.15236040    438.056749   -4.93530   -1.41165   -0.15280    3      0.1      2.9     diag
    5      0.727D-03      0.720D-04      -437.15239924    438.056000   -4.93514   -1.41698   -0.15416    4      0.1      3.0     diag
    6      0.240D-03      0.169D-04      -437.15240201    438.054715   -4.93463   -1.41796   -0.15434    5      0.1      3.1     diag
    7      0.816D-04      0.531D-05      -437.15240221    438.052465   -4.93455   -1.41837   -0.15443    6      0.2      3.2     diag
    8      0.254D-04      0.187D-05      -437.15240223    438.053419   -4.93452   -1.41804   -0.15434    7      0.1      3.4     diag
    9      0.622D-05      0.513D-06      -437.15240223    438.053377   -4.93451   -1.41799   -0.15433    0      0.1      3.5     orth

 Final occupancy:  13

 !RHF STATE 1.1 Energy               -437.152402233469
 Nuclear energy                        47.71640682
 One-electron energy                 -703.89549779
 Two-electron energy                  219.02668874
 Virial quotient                       -1.00017317
 !RHF STATE 1.1 Dipole moment          -4.93450854    -1.41799033    -0.15432564
 Dipole moment /Debye                 -12.54144822    -3.60393585    -0.39223096

 Orbital energies:

         1.1          2.1          3.1          4.1          5.1          6.1          7.1          8.1          9.1         10.1
    -91.664729   -11.053730    -8.664231    -6.346785    -6.343829    -6.343815    -0.783421    -0.576829    -0.376204    -0.373647

        11.1         12.1         13.1         14.1         15.1
     -0.228874    -0.083038    -0.081927     0.104559     0.132965

 HOMO     13.1    -0.081927 =      -2.2294eV
 LUMO     14.1     0.104559 =       2.8452eV
 LUMO-HOMO         0.186487 =       5.0746eV


 **********************************************************************************************************************************
 DATASETS  * FILE   NREC   LENGTH (MB)   RECORD NAMES
              1      18        8.91       500      610      700      900      950      970     1000      129      960     1100   
                                          VAR    BASINP    GEOM    SYMINP    ZMAT    AOBASIS   BASIS     P2S    ABASIS      S 
                                         1400     1410     1200     1210     1080     1600     1650     1700   
                                           T        V       H0       H01     AOSYM     SMH    MOLCAS    OPER   

              2       6        3.87       700     1000      520     2100     2101     2102   
                                         GEOM     BASIS   MCVARS     RHF      RHF      RHF  

 PROGRAMS   *        TOTAL        HF       INT       MP2        HF       INT       MP2        HF       INT
 CPU TIMES  *        12.31      3.51      0.10      0.50      3.55      0.08      0.57      3.70      0.08
 REAL TIME  *       207.78 SEC
 DISK USED  *       178.42 MB      
 SF USED    *        27.66 MB      
 GA USED    *         3.20 MB       (max)       0.00 MB       (current)
 **********************************************************************************************************************************
 SETTING E_RHF_B        =    ***************  KCAL/MOL                        


1PROGRAM * MP2 (Closed-shell)     Authors: C. Hampel, H.-J. Werner, 1991, M. Deegan, P.J. Knowles, 1992

 Basis set AUG-CC-PVDZ/MP2FIT generated. Number of basis functions:   515 

 Convergence thresholds:  THRVAR = 1.00D-08  THRDEN = 1.00D-06

 Number of core orbitals:           6 (   6 )
 Number of closed-shell orbitals:   7 (   7 )
 Number of external orbitals:     164 ( 164 )

 Molecular orbitals read from record     2102.2  Type=RHF/CANONICAL (state 1.1)
 

 Entering DF-MP2

 Thresholds:    THRAO= 0.100D-09    THRMO= 0.100D-08    THROV= 0.100D-11

 Fitting basis: AUG-CC-PVDZ-MP2F
 Number of fitting functions:                 515
 Number of blocks in AO basis:                  3
 Minimum block size:                           50
 Maximum block size:                           77
 Average block size:                           59
 Number of groups in AO basis:                 60
 Number of shells in AO basis:                138

 Using large memory version DFMP2B. NIBTK= 1  NGPU= 0  IGPU= 0

 para=T  nprocs= 12  mpptyp=0  number of tasks=  36

 Minimum memory with paging:                  1.10 MW
 Minimum memory for incore assembly:          1.10 MW
 Maximum memory for incore algorithm:         1.41 MW
 Memory for 3-index integrals:                0.00 MW

 Disk space for H1-integrals:                 5.19 MB (   252 records)
 
 CPU time for half transformed integrals      0.05 sec, elapsed time      0.19 sec
 CPU time for assembly                        0.01 sec, elapsed time      0.01 sec (5594.4 MFLOP/sec)
 Total CPU time                               0.32 sec, elapsed time      0.55 sec

 SCS-MP2 correlation energy:           -0.307365746470   (PS=  1.200000  PT=  0.333333)
 SCS-MP2 total energy:               -437.459767979939

 Norm of first-order wave function:     0.099952701693
 Coefficient of reference function:     0.953483088619

  Reference energy                   -437.152402233468
  MP2 singlet pair energy              -0.198622161614
  MP2 triplet pair energy              -0.110923638001
  MP2 correlation energy               -0.309545799615

 !MP2 total energy                   -437.461948033083


 **********************************************************************************************************************************
 DATASETS  * FILE   NREC   LENGTH (MB)   RECORD NAMES
              1      18        8.91       500      610      700      900      950      970     1000      129      960     1100   
                                          VAR    BASINP    GEOM    SYMINP    ZMAT    AOBASIS   BASIS     P2S    ABASIS      S 
                                         1400     1410     1200     1210     1080     1600     1650     1700   
                                           T        V       H0       H01     AOSYM     SMH    MOLCAS    OPER   

              2       6        3.87       700     1000      520     2100     2101     2102   
                                         GEOM     BASIS   MCVARS     RHF      RHF      RHF  

 PROGRAMS   *        TOTAL       MP2        HF       INT       MP2        HF       INT       MP2        HF       INT
 CPU TIMES  *        12.79      0.47      3.51      0.10      0.50      3.55      0.08      0.57      3.70      0.08
 REAL TIME  *       208.64 SEC
 DISK USED  *       178.42 MB      
 SF USED    *        27.66 MB      
 GA USED    *         3.20 MB       (max)       0.00 MB       (current)
 **********************************************************************************************************************************
 SETTING E_CORR_B       =    ***************  KCAL/MOL                        
 SETTING E_B            =      -194.24296090  KCAL/MOL                        
 SETTING E_RHF_CP       =       -78.53586494  KCAL/MOL                        
 SETTING E_CORR_CP      =        -2.10551310  KCAL/MOL                        

        DF-MP2          DF-HF           DF-MP2          DF-HF           DF-MP2          DF-HF   
   -437.46194803   -437.15240223    -95.92177435    -95.58911536   -533.51223257   -532.86667243
 **********************************************************************************************************************************
 Variable memory released
