
 Primary working directories    : /scratch/1723647.phoenix.chem.wisc.edu
 Secondary working directories  : /scratch/1723647.phoenix.chem.wisc.edu
 Wavefunction directory         : /scratch/1723647.phoenix.chem.wisc.edu/
 Main file repository           : /scratch/1723647.phoenix.chem.wisc.edu/

 SHA1      : 65e45729fe3f963b0eb97374e3bda9949063ef0f
 NAME      : 2012.1.17
 ARCHNAME  : Linux/x86_64
 FC        : /opt/intel/composer_xe_2013.5.192/bin/intel64/ifort
 FCVERSION : 13.1.3
 BLASLIB   : -L/opt/intel/composer_xe_2013.5.192/mkl/lib/intel64 -lmkl_intel_ilp64 -lmkl_sequential -lmkl_core
 id        : cuichemwisc

 Nodes             nprocs
 compute-1-31.local   12
 ga_uses_ma=false, calling ma_init with nominal heap.
 GA-space will be limited to   8.0 MW (determined by -G option)

 Using customized tuning parameters: mindgm=1; mindgv=20; mindgc=4; mindgr=1; noblas=0; minvec=7
 default implementation of scratch files=sf  

 geomtyp=xyz
 geometry={
 13
  N0         -1.871728000000       0.590372000000      -0.409427000000
  C1         -2.211908000000      -0.607269000000       0.366391000000
  H2         -3.290849000000      -0.800379000000       0.474364000000
  H3         -1.777031000000      -0.515398000000       1.366626000000
  H4         -1.756203000000      -1.480607000000      -0.110636000000
  H5         -2.292946460000       1.392500770000       0.013851220000
  H6         -2.211824870000       0.489597950000      -1.344402240000
  H7         -0.878517500000       0.705429620000      -0.426592450000
  C8          2.761400560608      -1.074629493585      -0.363912654187
  H9          2.108119560608      -1.690999493585       0.259425345813
  H10         3.796921560608      -1.371442493585      -0.181911654187
  S11         2.622286560608       0.703029506415       0.070930345813
  H12         2.530943560608      -1.244736493585      -1.418864654187
 }
 
 
 basis=avtz
 
                                                                                 ! Complex
 set,charge=0
 
 df-hf
 e_rhf_c = energy*tokcal
 df-mp2
 e_corr_c = energy*tokcal
 e_c = e_corr_c - e_rhf_c
 
 
                                                                                 ! Monomer 1
 set,charge=1
 dummy,C8,H9,H10,S11,H12
 
 df-hf
 e_rhf_a = energy*tokcal
 df-mp2
 e_corr_a = energy*tokcal
 e_a = e_corr_a - e_rhf_a
 
 
                                                                                 ! Monomer 2
 set,charge=-1
 dummy,N0,C1,H2,H3,H4,H5,H6,H7
 
 df-hf
 e_rhf_b = energy*tokcal
 df-mp2
 e_corr_b = energy*tokcal
 e_b = e_corr_b - e_rhf_b
 
 
 e_rhf_cp = e_rhf_c - (e_rhf_a + e_rhf_b)
 e_corr_cp = e_c - (e_a + e_b)

 Variables initialized (782), CPU time= 0.01 sec
 Commands  initialized (547), CPU time= 0.01 sec, 517 directives.
 Default parameters read. Elapsed time= 0.12 sec

 Checking input...
 Passed
1


                                         ***  PROGRAM SYSTEM MOLPRO  ***
                         Copyright, University College Cardiff Consultants Limited, 2008

                                    Version 2012.1 linked Oct 11 2014 15:40:16


 **********************************************************************************************************************************
 LABEL *                                                                                 
 Linux-2.6.18-308.el5/compute-1-31.local(x86_64) 64 bit mpp version                      DATE: 12-Dec-14          TIME: 07:01:30  
 **********************************************************************************************************************************

 SHA1:             65e45729fe3f963b0eb97374e3bda9949063ef0f
 **********************************************************************************************************************************
 SETTING GEOMTYP        =    XYZ

 Turning off symmetry in density fitting calculation
 To re-enable, use 'set,zsymel=auto'


 Variable memory set to  350000000 words,  buffer space   230000 words

 SETTING BASIS          =    AVTZ
 SETTING CHARGE         =         0.00000000                                  


 Recomputing integrals since basis changed


 Using spherical harmonics

 Library entry N      S aug-cc-pVTZ          selected for orbital group  1
 Library entry N      P aug-cc-pVTZ          selected for orbital group  1
 Library entry N      D aug-cc-pVTZ          selected for orbital group  1
 Library entry N      F aug-cc-pVTZ          selected for orbital group  1
 Library entry C      S aug-cc-pVTZ          selected for orbital group  2
 Library entry C      P aug-cc-pVTZ          selected for orbital group  2
 Library entry C      D aug-cc-pVTZ          selected for orbital group  2
 Library entry C      F aug-cc-pVTZ          selected for orbital group  2
 Library entry H      S aug-cc-pVTZ          selected for orbital group  3
 Library entry H      P aug-cc-pVTZ          selected for orbital group  3
 Library entry H      D aug-cc-pVTZ          selected for orbital group  3
 Library entry S      S aug-cc-pVTZ          selected for orbital group  6
 Library entry S      P aug-cc-pVTZ          selected for orbital group  6
 Library entry S      D aug-cc-pVTZ          selected for orbital group  6
 Library entry S      F aug-cc-pVTZ          selected for orbital group  6

1PROGRAM * SEWARD (Integral evaluation for generally contracted gaussian basis sets)     Author: Roland Lindh, 1990

 Geometry written to block  1 of record 700


 Point group  C1  



 ATOMIC COORDINATES

 NR  ATOM    CHARGE       X              Y              Z

   1  N0      7.00   -3.537053313    1.115641396   -0.773704901
   2  C1      6.00   -4.179900348   -1.147572098    0.692378647
   3  H2      1.00   -6.218803350   -1.512497111    0.896418047
   4  H3      1.00   -3.358101917   -0.973961069    2.582548864
   5  H4      1.00   -3.318742701   -2.797941738   -0.209071740
   6  H5      1.00   -4.333040843    2.631445093    0.026175012
   7  H6      1.00   -4.179743255    0.925206040   -2.540552044
   8  H7      1.00   -1.660157477    1.333068787   -0.806142900
   9  C8      6.00    5.218290799   -2.030755436   -0.687695252
  10  H9      1.00    3.983768622   -3.195525931    0.490242855
  11  H10     1.00    7.175141892   -2.591650718   -0.343763207
  12  S11    16.00    4.955403438    1.328533229    0.134038928
  13  H12     1.00    4.782790184   -2.352211079   -2.681265614

 Bond lengths in Bohr (Angstrom)

 1-2  2.772145126  1-6  1.889726137  1-7  1.889726122  1-8  1.889726137  2-3  2.081328372
     ( 1.466956021)     ( 1.000000003)     ( 0.999999995)     ( 1.000000003)     ( 1.101391539)

  2- 4  2.068389929   2- 5  2.068314590   9-10  2.065980033   9-11  2.064499690   9-12  3.468310419
       ( 1.094544810)       ( 1.094504942)       ( 1.093269548)       ( 1.092486184)       ( 1.835350827)

  9-13  2.065748606
       ( 1.093147082)

 Bond angles

  1-2-3  114.97091777   1-2-4  108.82223243   1-2-5  108.92862229   2-1-6  109.47122075

  2-1-7  109.47122046   2-1-8  109.47122040   3-2-4  108.32125274   3-2-5  108.10103971

  4-2-5  107.44770163   6-1-7  109.47122110   6-1-8  109.47122038   7-1-8  109.47122072

 10- 9-11  108.55608257  10- 9-12  111.44980305  10- 9-13  109.66566187  11- 9-12  107.18872473

 11- 9-13  108.56147558  12- 9-13  111.30848894

 NUCLEAR CHARGE:                   44
 NUMBER OF PRIMITIVE AOS:         528
 NUMBER OF SYMMETRY AOS:          474
 NUMBER OF CONTRACTIONS:          395   ( 395A   )
 NUMBER OF CORE ORBITALS:           8   (   8A   )
 NUMBER OF VALENCE ORBITALS:       25   (  25A   )


 NUCLEAR REPULSION ENERGY  148.22075968


 Eigenvalues of metric

         1 0.280E-04 0.368E-04 0.504E-04 0.514E-04 0.595E-04 0.703E-04 0.717E-04 0.951E-04


 OPERATOR DM      FOR CENTER  0  COORDINATES:    0.000000    0.000000    0.000000


 **********************************************************************************************************************************
 DATASETS  * FILE   NREC   LENGTH (MB)   RECORD NAMES
              1      18       13.48       500      610      700      900      950      970     1000      129      960     1100   
                                          VAR    BASINP    GEOM    SYMINP    ZMAT    AOBASIS   BASIS     P2S    ABASIS      S 
                                         1400     1410     1200     1210     1080     1600     1650     1700   
                                           T        V       H0       H01     AOSYM     SMH    MOLCAS    OPER   

 PROGRAMS   *        TOTAL       INT
 CPU TIMES  *         0.64      0.50
 REAL TIME  *         0.88 SEC
 DISK USED  *         0.00 MB      
 GA USED    *         0.01 MB       (max)       0.00 MB       (current)
 **********************************************************************************************************************************

1PROGRAM * RHF-SCF (CLOSED SHELL)       Authors: W. Meyer, H.-J. Werner


 NUMBER OF ELECTRONS:      22+   22-    SPACE SYMMETRY=1    SPIN SYMMETRY: Singlet 
 CONVERGENCE THRESHOLDS:    1.00E-05 (Density)    1.00E-07 (Energy)
 INTEGRAL THRESHOLDS:       1.00E-11 (Initial)    1.00E-11 (Final)
 MAX. NUMBER OF ITERATIONS:       60
 INTERPOLATION TYPE:            DIIS
 INTERPOLATION STEPS:              2 (START)      1 (STEP)
 LEVEL SHIFTS:                  0.00 (CLOSED)  0.00 (OPEN) 



 
 Basis set CC-PVTZ/JKFIT generated.      Number of basis functions:   628 
 
 Orbital guess generated from atomic densities. Full valence occupancy:   33
 Coulomb and exchange fitting
 Thresholds for fitting:       THRAO_COUL= 1.0D-14    THRAO_EXCH= 1.0D-12    THRMO= 1.0D-11    THRPROD= 1.0D-11    THRASM= 1.0D-11
                               THR2HLF=    1.0D-11

 Molecular orbital dump at record        2100.2

 ITERATION   DDIFF            GRAD            ENERGY        2-EL.EN.            DIPOLE MOMENTS         DIIS   CPU(IT)  CPU(TOT)  ORB.
    1      0.000D+00      0.000D+00      -532.80556295    695.438165   -8.39585   -0.77931   -1.03202    0      1.1      4.7     start
    2      0.000D+00      0.282D-02      -532.90020248    688.491498   -7.41691   -0.51461   -0.52832    1      0.5      5.2     diag
    3      0.466D-02      0.134D-02      -532.91476805    690.872882   -7.56765   -0.68011   -0.62515    2      0.5      5.7     diag
    4      0.126D-02      0.285D-03      -532.91619311    690.648208   -7.46549   -0.71153   -0.60995    3      0.5      6.2     diag
    5      0.404D-03      0.640D-04      -532.91630818    690.569255   -7.43013   -0.71393   -0.60536    4      0.5      6.7     diag
    6      0.110D-03      0.206D-04      -532.91632162    690.591447   -7.41854   -0.71852   -0.60507    5      0.5      7.2     diag
    7      0.462D-04      0.758D-05      -532.91632387    690.581080   -7.41238   -0.71842   -0.60462    6      0.5      7.7     diag
    8      0.187D-04      0.309D-05      -532.91632447    690.583207   -7.40851   -0.71866   -0.60429    7      0.5      8.2     diag
    9      0.117D-04      0.999D-06      -532.91632455    690.582990   -7.40679   -0.71865   -0.60415    8      0.7      8.9     diag
   10      0.480D-05      0.315D-06      -532.91632456    690.583031   -7.40659   -0.71869   -0.60414    0      0.5      9.4     orth

 Final occupancy:  22

 !RHF STATE 1.1 Energy               -532.916324558742
 Nuclear energy                       148.22075968
 One-electron energy                -1026.42859999
 Two-electron energy                  345.29151574
 Virial quotient                       -1.00045200
 !RHF STATE 1.1 Dipole moment          -7.40658724    -0.71868936    -0.60413755
 Dipole moment /Debye                 -18.82443401    -1.82660650    -1.53546390

 Orbital energies:

         1.1          2.1          3.1          4.1          5.1          6.1          7.1          8.1          9.1         10.1
    -91.788816   -15.781058   -11.372429   -11.159821    -8.788110    -6.469589    -6.468052    -6.467861    -1.420273    -1.055499

        11.1         12.1         13.1         14.1         15.1         16.1         17.1         18.1         19.1         20.1
     -0.897661    -0.880850    -0.874303    -0.757142    -0.695186    -0.656168    -0.654459    -0.490184    -0.486861    -0.347860

        21.1         22.1         23.1         24.1
     -0.205855    -0.204749    -0.024932     0.004333

 HOMO     22.1    -0.204749 =      -5.5715eV
 LUMO     23.1    -0.024932 =      -0.6784eV
 LUMO-HOMO         0.179817 =       4.8931eV


 **********************************************************************************************************************************
 DATASETS  * FILE   NREC   LENGTH (MB)   RECORD NAMES
              1      18       13.48       500      610      700      900      950      970     1000      129      960     1100   
                                          VAR    BASINP    GEOM    SYMINP    ZMAT    AOBASIS   BASIS     P2S    ABASIS      S 
                                         1400     1410     1200     1210     1080     1600     1650     1700   
                                           T        V       H0       H01     AOSYM     SMH    MOLCAS    OPER   

              2       4        4.31       700     1000      520     2100   
                                         GEOM     BASIS   MCVARS     RHF  

 PROGRAMS   *        TOTAL        HF       INT
 CPU TIMES  *        10.09      9.44      0.50
 REAL TIME  *        45.74 SEC
 DISK USED  *       342.33 MB      
 SF USED    *        48.37 MB      
 GA USED    *         3.20 MB       (max)       0.00 MB       (current)
 **********************************************************************************************************************************
 SETTING E_RHF_C        =    ***************  KCAL/MOL                        


1PROGRAM * MP2 (Closed-shell)     Authors: C. Hampel, H.-J. Werner, 1991, M. Deegan, P.J. Knowles, 1992

 Basis set AUG-CC-PVTZ/MP2FIT generated. Number of basis functions:   879 

 Convergence thresholds:  THRVAR = 1.00D-08  THRDEN = 1.00D-06

 Number of core orbitals:           8 (   8 )
 Number of closed-shell orbitals:  14 (  14 )
 Number of external orbitals:     373 ( 373 )

 Molecular orbitals read from record     2100.2  Type=RHF/CANONICAL (state 1.1)
 

 Entering DF-MP2

 Thresholds:    THRAO= 0.100D-09    THRMO= 0.100D-08    THROV= 0.100D-11

 Fitting basis: AUG-CC-PVTZ-MP2F
 Number of fitting functions:                 879
 Number of blocks in AO basis:                  3
 Minimum block size:                          115
 Maximum block size:                          165
 Average block size:                          132
 Number of groups in AO basis:                 99
 Number of shells in AO basis:                196

 Using large memory version DFMP2B. NIBTK= 1  NGPU= 0  IGPU= 0

 para=T  nprocs= 12  mpptyp=0  number of tasks=  30

 Minimum memory with paging:                  2.09 MW
 Minimum memory for incore assembly:          4.73 MW
 Maximum memory for incore algorithm:         6.43 MW
 Memory for 3-index integrals:                0.00 MW

 Disk space for H1-integrals:                39.18 MB (   420 records)
 
 CPU time for half transformed integrals      0.31 sec, elapsed time      0.32 sec
 CPU time for assembly                        0.27 sec, elapsed time      0.34 sec (7288.3 MFLOP/sec)
 Total CPU time                               1.20 sec, elapsed time      1.29 sec

 SCS-MP2 correlation energy:           -0.791425909144   (PS=  1.200000  PT=  0.333333)
 SCS-MP2 total energy:               -533.707750467889

 Norm of first-order wave function:     0.199218149242
 Coefficient of reference function:     0.913168461586

  Reference energy                   -532.916324558746
  MP2 singlet pair energy              -0.526449338269
  MP2 triplet pair energy              -0.256639344462
  MP2 correlation energy               -0.783088682731

 !MP2 total energy                   -533.699413241477


 **********************************************************************************************************************************
 DATASETS  * FILE   NREC   LENGTH (MB)   RECORD NAMES
              1      18       13.48       500      610      700      900      950      970     1000      129      960     1100   
                                          VAR    BASINP    GEOM    SYMINP    ZMAT    AOBASIS   BASIS     P2S    ABASIS      S 
                                         1400     1410     1200     1210     1080     1600     1650     1700   
                                           T        V       H0       H01     AOSYM     SMH    MOLCAS    OPER   

              2       4        4.31       700     1000      520     2100   
                                         GEOM     BASIS   MCVARS     RHF  

 PROGRAMS   *        TOTAL       MP2        HF       INT
 CPU TIMES  *        11.53      1.43      9.44      0.50
 REAL TIME  *        47.63 SEC
 DISK USED  *       342.33 MB      
 SF USED    *        50.42 MB      
 GA USED    *         3.20 MB       (max)       0.00 MB       (current)
 **********************************************************************************************************************************
 SETTING E_CORR_C       =    ***************  KCAL/MOL                        
 SETTING E_C            =      -491.39566607  KCAL/MOL                        
 SETTING CHARGE         =         1.00000000                                  

 Dummy atoms: C8  H9  H10  S11  H12


 Recomputing one-electron integrals since nuclear charges changed

1PROGRAM * SEWARD (Integral evaluation for generally contracted gaussian basis sets)     Author: Roland Lindh, 1990

 Geometry written to block  1 of record 700


 Point group  C1  



 ATOMIC COORDINATES

 NR  ATOM    CHARGE       X              Y              Z

   1  N0      7.00   -3.537053313    1.115641396   -0.773704901
   2  C1      6.00   -4.179900348   -1.147572098    0.692378647
   3  H2      1.00   -6.218803350   -1.512497111    0.896418047
   4  H3      1.00   -3.358101917   -0.973961069    2.582548864
   5  H4      1.00   -3.318742701   -2.797941738   -0.209071740
   6  H5      1.00   -4.333040843    2.631445093    0.026175012
   7  H6      1.00   -4.179743255    0.925206040   -2.540552044
   8  H7      1.00   -1.660157477    1.333068787   -0.806142900
   9  C8      0.00    5.218290799   -2.030755436   -0.687695252
  10  H9      0.00    3.983768622   -3.195525931    0.490242855
  11  H10     0.00    7.175141892   -2.591650718   -0.343763207
  12  S11     0.00    4.955403438    1.328533229    0.134038928
  13  H12     0.00    4.782790184   -2.352211079   -2.681265614

 Bond lengths in Bohr (Angstrom)

 1-2  2.772145126  1-6  1.889726137  1-7  1.889726122  1-8  1.889726137  2-3  2.081328372
     ( 1.466956021)     ( 1.000000003)     ( 0.999999995)     ( 1.000000003)     ( 1.101391539)

  2- 4  2.068389929   2- 5  2.068314590   9-10  2.065980033   9-11  2.064499690   9-12  3.468310419
       ( 1.094544810)       ( 1.094504942)       ( 1.093269548)       ( 1.092486184)       ( 1.835350827)

  9-13  2.065748606
       ( 1.093147082)

 Bond angles

  1-2-3  114.97091777   1-2-4  108.82223243   1-2-5  108.92862229   2-1-6  109.47122075

  2-1-7  109.47122046   2-1-8  109.47122040   3-2-4  108.32125274   3-2-5  108.10103971

  4-2-5  107.44770163   6-1-7  109.47122110   6-1-8  109.47122038   7-1-8  109.47122072

 10- 9-11  108.55608257  10- 9-12  111.44980305  10- 9-13  109.66566187  11- 9-12  107.18872473

 11- 9-13  108.56147558  12- 9-13  111.30848894

 NUCLEAR CHARGE:                   19
 NUMBER OF PRIMITIVE AOS:         528
 NUMBER OF SYMMETRY AOS:          474
 NUMBER OF CONTRACTIONS:          395   ( 395A   )
 NUMBER OF CORE ORBITALS:           2   (   2A   )
 NUMBER OF VALENCE ORBITALS:       14   (  14A   )

 MOLECULE CHANGED: INITIALIZING OCCUPATION AND DUMP RECORDS


 NUCLEAR REPULSION ENERGY   48.60267443


 Eigenvalues of metric

         1 0.280E-04 0.368E-04 0.504E-04 0.514E-04 0.595E-04 0.703E-04 0.717E-04 0.951E-04


 OPERATOR DM      FOR CENTER  0  COORDINATES:    0.000000    0.000000    0.000000


 **********************************************************************************************************************************
 DATASETS  * FILE   NREC   LENGTH (MB)   RECORD NAMES
              1      18       13.48       500      610      700      900      950      970     1000      129      960     1100   
                                          VAR    BASINP    GEOM    SYMINP    ZMAT    AOBASIS   BASIS     P2S    ABASIS      S 
                                         1400     1410     1200     1210     1080     1600     1650     1700   
                                           T        V       H0       H01     AOSYM     SMH    MOLCAS    OPER   

              2       4        4.31       700     1000      520     2100   
                                         GEOM     BASIS   MCVARS     RHF  

 PROGRAMS   *        TOTAL       INT       MP2        HF       INT
 CPU TIMES  *        11.88      0.34      1.43      9.44      0.50
 REAL TIME  *        49.42 SEC
 DISK USED  *       342.33 MB      
 SF USED    *        50.42 MB      
 GA USED    *         3.20 MB       (max)       0.00 MB       (current)
 **********************************************************************************************************************************

1PROGRAM * RHF-SCF (CLOSED SHELL)       Authors: W. Meyer, H.-J. Werner


 NUMBER OF ELECTRONS:       9+    9-    SPACE SYMMETRY=1    SPIN SYMMETRY: Singlet 
 CONVERGENCE THRESHOLDS:    1.00E-05 (Density)    1.00E-07 (Energy)
 INTEGRAL THRESHOLDS:       1.00E-11 (Initial)    1.00E-11 (Final)
 MAX. NUMBER OF ITERATIONS:       60
 INTERPOLATION TYPE:            DIIS
 INTERPOLATION STEPS:              2 (START)      1 (STEP)
 LEVEL SHIFTS:                  0.00 (CLOSED)  0.00 (OPEN) 



 
 Basis set CC-PVTZ/JKFIT generated.      Number of basis functions:   628 
 
 Orbital guess generated from atomic densities. Full valence occupancy:   16
 Coulomb and exchange fitting
 Thresholds for fitting:       THRAO_COUL= 1.0D-14    THRAO_EXCH= 1.0D-12    THRMO= 1.0D-11    THRPROD= 1.0D-11    THRASM= 1.0D-11
                               THR2HLF=    1.0D-11

 Molecular orbital dump at record        2101.2

 ITERATION   DDIFF            GRAD            ENERGY        2-EL.EN.            DIPOLE MOMENTS         DIIS   CPU(IT)  CPU(TOT)  ORB.
    1      0.000D+00      0.000D+00       -95.56845607    148.248628   -3.53261    1.10751   -0.76882    0      1.0      4.0     start
    2      0.000D+00      0.308D-02       -95.61039971    150.824213   -3.64003    0.73426   -0.52721    1      0.5      4.5     diag
    3      0.266D-02      0.124D-02       -95.61487651    149.914458   -3.63825    0.74036   -0.53108    2      0.5      5.0     diag
    4      0.901D-03      0.400D-03       -95.61550426    150.132459   -3.64594    0.71616   -0.51543    3      0.7      5.7     diag
    5      0.266D-03      0.606D-04       -95.61553014    150.148885   -3.64754    0.71056   -0.51181    4      0.6      6.3     diag
    6      0.513D-04      0.111D-04       -95.61553113    150.143414   -3.64794    0.70940   -0.51105    5      0.5      6.8     diag
    7      0.112D-04      0.313D-05       -95.61553118    150.144633   -3.64796    0.70923   -0.51094    6      0.5      7.3     diag
    8      0.268D-05      0.829D-06       -95.61553118    150.144275   -3.64799    0.70915   -0.51089    0      0.5      7.7     orth

 Final occupancy:   9

 !RHF STATE 1.1 Energy                -95.615531183029
 Nuclear energy                        48.60267443
 One-electron energy                 -219.29034314
 Two-electron energy                   75.07213753
 Virial quotient                       -1.00035272
 !RHF STATE 1.1 Dipole moment          -3.64798907     0.70914798    -0.51089040
 Dipole moment /Debye                  -9.27165605     1.80235632    -1.29846883

 Orbital energies:

         1.1          2.1          3.1          4.1          5.1          6.1          7.1          8.1          9.1         10.1
    -15.912803   -11.489786    -1.550039    -1.176484    -1.008470    -1.007933    -0.880300    -0.773966    -0.773253    -0.127350

        11.1
     -0.087488

 HOMO      9.1    -0.773253 =     -21.0413eV
 LUMO     10.1    -0.127350 =      -3.4654eV
 LUMO-HOMO         0.645903 =      17.5759eV


 **********************************************************************************************************************************
 DATASETS  * FILE   NREC   LENGTH (MB)   RECORD NAMES
              1      18       13.48       500      610      700      900      950      970     1000      129      960     1100   
                                          VAR    BASINP    GEOM    SYMINP    ZMAT    AOBASIS   BASIS     P2S    ABASIS      S 
                                         1400     1410     1200     1210     1080     1600     1650     1700   
                                           T        V       H0       H01     AOSYM     SMH    MOLCAS    OPER   

              2       5       10.61       700     1000      520     2100     2101   
                                         GEOM     BASIS   MCVARS     RHF      RHF  

 PROGRAMS   *        TOTAL        HF       INT       MP2        HF       INT
 CPU TIMES  *        19.76      7.87      0.34      1.43      9.44      0.50
 REAL TIME  *       122.24 SEC
 DISK USED  *       402.91 MB      
 SF USED    *        50.42 MB      
 GA USED    *         3.20 MB       (max)       0.00 MB       (current)
 **********************************************************************************************************************************
 SETTING E_RHF_A        =    -59999.66372645  KCAL/MOL                        


1PROGRAM * MP2 (Closed-shell)     Authors: C. Hampel, H.-J. Werner, 1991, M. Deegan, P.J. Knowles, 1992

 Basis set AUG-CC-PVTZ/MP2FIT generated. Number of basis functions:   879 

 Convergence thresholds:  THRVAR = 1.00D-08  THRDEN = 1.00D-06

 Number of core orbitals:           2 (   2 )
 Number of closed-shell orbitals:   7 (   7 )
 Number of external orbitals:     386 ( 386 )

 Molecular orbitals read from record     2101.2  Type=RHF/CANONICAL (state 1.1)
 

 Entering DF-MP2

 Thresholds:    THRAO= 0.100D-09    THRMO= 0.100D-08    THROV= 0.100D-11

 Fitting basis: AUG-CC-PVTZ-MP2F
 Number of fitting functions:                 879
 Number of blocks in AO basis:                  3
 Minimum block size:                          115
 Maximum block size:                          165
 Average block size:                          132
 Number of groups in AO basis:                 99
 Number of shells in AO basis:                196

 Using large memory version DFMP2B. NIBTK= 1  NGPU= 0  IGPU= 0

 para=T  nprocs= 12  mpptyp=0  number of tasks=  30

 Minimum memory with paging:                  2.11 MW
 Minimum memory for incore assembly:          2.52 MW
 Maximum memory for incore algorithm:         3.98 MW
 Memory for 3-index integrals:                0.00 MW

 Disk space for H1-integrals:                19.59 MB (   210 records)
 
 CPU time for half transformed integrals      0.28 sec, elapsed time      0.28 sec
 CPU time for assembly                        0.09 sec, elapsed time      0.12 sec (5853.9 MFLOP/sec)
 Total CPU time                               0.98 sec, elapsed time      1.03 sec

 SCS-MP2 correlation energy:           -0.408418422335   (PS=  1.200000  PT=  0.333333)
 SCS-MP2 total energy:                -96.023949605364

 Norm of first-order wave function:     0.084353267461
 Coefficient of reference function:     0.960316970696

  Reference energy                    -95.615531183028
  MP2 singlet pair energy              -0.274775281078
  MP2 triplet pair energy              -0.126462993818
  MP2 correlation energy               -0.401238274895

 !MP2 total energy                    -96.016769457924


 **********************************************************************************************************************************
 DATASETS  * FILE   NREC   LENGTH (MB)   RECORD NAMES
              1      18       13.48       500      610      700      900      950      970     1000      129      960     1100   
                                          VAR    BASINP    GEOM    SYMINP    ZMAT    AOBASIS   BASIS     P2S    ABASIS      S 
                                         1400     1410     1200     1210     1080     1600     1650     1700   
                                           T        V       H0       H01     AOSYM     SMH    MOLCAS    OPER   

              2       5       10.61       700     1000      520     2100     2101   
                                         GEOM     BASIS   MCVARS     RHF      RHF  

 PROGRAMS   *        TOTAL       MP2        HF       INT       MP2        HF       INT
 CPU TIMES  *        21.04      1.28      7.87      0.34      1.43      9.44      0.50
 REAL TIME  *       123.71 SEC
 DISK USED  *       402.91 MB      
 SF USED    *        54.69 MB      
 GA USED    *         3.20 MB       (max)       0.00 MB       (current)
 **********************************************************************************************************************************
 SETTING E_CORR_A       =    -60251.44459583  KCAL/MOL                        
 SETTING E_A            =      -251.78086938  KCAL/MOL                        
 SETTING CHARGE         =        -1.00000000                                  

 Dummy atoms: N0  C1  H2  H3  H4  H5  H6  H7


 Recomputing one-electron integrals since nuclear charges changed

1PROGRAM * SEWARD (Integral evaluation for generally contracted gaussian basis sets)     Author: Roland Lindh, 1990

 Geometry written to block  1 of record 700


 Point group  C1  



 ATOMIC COORDINATES

 NR  ATOM    CHARGE       X              Y              Z

   1  N0      0.00   -3.537053313    1.115641396   -0.773704901
   2  C1      0.00   -4.179900348   -1.147572098    0.692378647
   3  H2      0.00   -6.218803350   -1.512497111    0.896418047
   4  H3      0.00   -3.358101917   -0.973961069    2.582548864
   5  H4      0.00   -3.318742701   -2.797941738   -0.209071740
   6  H5      0.00   -4.333040843    2.631445093    0.026175012
   7  H6      0.00   -4.179743255    0.925206040   -2.540552044
   8  H7      0.00   -1.660157477    1.333068787   -0.806142900
   9  C8      6.00    5.218290799   -2.030755436   -0.687695252
  10  H9      1.00    3.983768622   -3.195525931    0.490242855
  11  H10     1.00    7.175141892   -2.591650718   -0.343763207
  12  S11    16.00    4.955403438    1.328533229    0.134038928
  13  H12     1.00    4.782790184   -2.352211079   -2.681265614

 Bond lengths in Bohr (Angstrom)

 1-2  2.772145126  1-6  1.889726137  1-7  1.889726122  1-8  1.889726137  2-3  2.081328372
     ( 1.466956021)     ( 1.000000003)     ( 0.999999995)     ( 1.000000003)     ( 1.101391539)

  2- 4  2.068389929   2- 5  2.068314590   9-10  2.065980033   9-11  2.064499690   9-12  3.468310419
       ( 1.094544810)       ( 1.094504942)       ( 1.093269548)       ( 1.092486184)       ( 1.835350827)

  9-13  2.065748606
       ( 1.093147082)

 Bond angles

  1-2-3  114.97091777   1-2-4  108.82223243   1-2-5  108.92862229   2-1-6  109.47122075

  2-1-7  109.47122046   2-1-8  109.47122040   3-2-4  108.32125274   3-2-5  108.10103971

  4-2-5  107.44770163   6-1-7  109.47122110   6-1-8  109.47122038   7-1-8  109.47122072

 10- 9-11  108.55608257  10- 9-12  111.44980305  10- 9-13  109.66566187  11- 9-12  107.18872473

 11- 9-13  108.56147558  12- 9-13  111.30848894

 NUCLEAR CHARGE:                   25
 NUMBER OF PRIMITIVE AOS:         528
 NUMBER OF SYMMETRY AOS:          474
 NUMBER OF CONTRACTIONS:          395   ( 395A   )
 NUMBER OF CORE ORBITALS:           6   (   6A   )
 NUMBER OF VALENCE ORBITALS:       11   (  11A   )

 MOLECULE CHANGED: INITIALIZING OCCUPATION AND DUMP RECORDS


 NUCLEAR REPULSION ENERGY   47.71640682


 Eigenvalues of metric

         1 0.280E-04 0.368E-04 0.504E-04 0.514E-04 0.595E-04 0.703E-04 0.717E-04 0.951E-04


 OPERATOR DM      FOR CENTER  0  COORDINATES:    0.000000    0.000000    0.000000


 **********************************************************************************************************************************
 DATASETS  * FILE   NREC   LENGTH (MB)   RECORD NAMES
              1      18       13.48       500      610      700      900      950      970     1000      129      960     1100   
                                          VAR    BASINP    GEOM    SYMINP    ZMAT    AOBASIS   BASIS     P2S    ABASIS      S 
                                         1400     1410     1200     1210     1080     1600     1650     1700   
                                           T        V       H0       H01     AOSYM     SMH    MOLCAS    OPER   

              2       5       10.61       700     1000      520     2100     2101   
                                         GEOM     BASIS   MCVARS     RHF      RHF  

 PROGRAMS   *        TOTAL       INT       MP2        HF       INT       MP2        HF       INT
 CPU TIMES  *        21.48      0.42      1.28      7.87      0.34      1.43      9.44      0.50
 REAL TIME  *       125.45 SEC
 DISK USED  *       402.91 MB      
 SF USED    *        54.69 MB      
 GA USED    *         3.20 MB       (max)       0.00 MB       (current)
 **********************************************************************************************************************************

1PROGRAM * RHF-SCF (CLOSED SHELL)       Authors: W. Meyer, H.-J. Werner


 NUMBER OF ELECTRONS:      13+   13-    SPACE SYMMETRY=1    SPIN SYMMETRY: Singlet 
 CONVERGENCE THRESHOLDS:    1.00E-05 (Density)    1.00E-07 (Energy)
 INTEGRAL THRESHOLDS:       1.00E-11 (Initial)    1.00E-11 (Final)
 MAX. NUMBER OF ITERATIONS:       60
 INTERPOLATION TYPE:            DIIS
 INTERPOLATION STEPS:              2 (START)      1 (STEP)
 LEVEL SHIFTS:                  0.00 (CLOSED)  0.00 (OPEN) 



 
 Basis set CC-PVTZ/JKFIT generated.      Number of basis functions:   628 
 
 Orbital guess generated from atomic densities. Full valence occupancy:   17
 Coulomb and exchange fitting
 Thresholds for fitting:       THRAO_COUL= 1.0D-14    THRAO_EXCH= 1.0D-12    THRMO= 1.0D-11    THRPROD= 1.0D-11    THRASM= 1.0D-11
                               THR2HLF=    1.0D-11

 Molecular orbital dump at record        2102.2

 ITERATION   DDIFF            GRAD            ENERGY        2-EL.EN.            DIPOLE MOMENTS         DIIS   CPU(IT)  CPU(TOT)  ORB.
    1      0.000D+00      0.000D+00      -437.11390569    445.066591   -4.89543   -1.88645   -0.26678    0      1.0      3.7     start
    2      0.000D+00      0.259D-02      -437.16630445    435.580748   -4.94795   -1.20472   -0.10153    1      0.6      4.3     diag
    3      0.367D-02      0.128D-02      -437.17480321    438.372220   -4.93976   -1.37371   -0.14306    2      0.5      4.8     diag
    4      0.854D-03      0.218D-03      -437.17548588    438.213764   -4.93884   -1.39759   -0.14899    3      0.5      5.3     diag
    5      0.261D-03      0.589D-04      -437.17554936    438.195506   -4.93958   -1.40043   -0.14981    4      0.5      5.8     diag
    6      0.101D-03      0.140D-04      -437.17555333    438.187417   -4.93939   -1.40270   -0.15034    5      0.5      6.3     diag
    7      0.396D-04      0.403D-05      -437.17555367    438.189576   -4.93948   -1.40220   -0.15022    6      0.5      6.8     diag
    8      0.124D-04      0.152D-05      -437.17555370    438.188883   -4.93946   -1.40222   -0.15022    7      0.5      7.3     diag
    9      0.335D-05      0.479D-06      -437.17555371    438.189096   -4.93947   -1.40204   -0.15018    0      0.9      8.2     orth

 Final occupancy:  13

 !RHF STATE 1.1 Energy               -437.175553705444
 Nuclear energy                        47.71640682
 One-electron energy                 -703.98650863
 Two-electron energy                  219.09454811
 Virial quotient                       -1.00015039
 !RHF STATE 1.1 Dipole moment          -4.93946993    -1.40203578    -0.15017604
 Dipole moment /Debye                 -12.55405799    -3.56338611    -0.38168443

 Orbital energies:

         1.1          2.1          3.1          4.1          5.1          6.1          7.1          8.1          9.1         10.1
    -91.662019   -11.046727    -8.661725    -6.343363    -6.341617    -6.341596    -0.781580    -0.575509    -0.376384    -0.373804

        11.1         12.1         13.1         14.1         15.1
     -0.228946    -0.083274    -0.082163     0.096031     0.119145

 HOMO     13.1    -0.082163 =      -2.2358eV
 LUMO     14.1     0.096031 =       2.6131eV
 LUMO-HOMO         0.178194 =       4.8489eV


 **********************************************************************************************************************************
 DATASETS  * FILE   NREC   LENGTH (MB)   RECORD NAMES
              1      18       13.48       500      610      700      900      950      970     1000      129      960     1100   
                                          VAR    BASINP    GEOM    SYMINP    ZMAT    AOBASIS   BASIS     P2S    ABASIS      S 
                                         1400     1410     1200     1210     1080     1600     1650     1700   
                                           T        V       H0       H01     AOSYM     SMH    MOLCAS    OPER   

              2       6       16.91       700     1000      520     2100     2101     2102   
                                         GEOM     BASIS   MCVARS     RHF      RHF      RHF  

 PROGRAMS   *        TOTAL        HF       INT       MP2        HF       INT       MP2        HF       INT
 CPU TIMES  *        29.82      8.33      0.42      1.28      7.87      0.34      1.43      9.44      0.50
 REAL TIME  *       201.04 SEC
 DISK USED  *       486.02 MB      
 SF USED    *        54.69 MB      
 GA USED    *         3.20 MB       (max)       0.00 MB       (current)
 **********************************************************************************************************************************
 SETTING E_RHF_B        =    ***************  KCAL/MOL                        


1PROGRAM * MP2 (Closed-shell)     Authors: C. Hampel, H.-J. Werner, 1991, M. Deegan, P.J. Knowles, 1992

 Basis set AUG-CC-PVTZ/MP2FIT generated. Number of basis functions:   879 

 Convergence thresholds:  THRVAR = 1.00D-08  THRDEN = 1.00D-06

 Number of core orbitals:           6 (   6 )
 Number of closed-shell orbitals:   7 (   7 )
 Number of external orbitals:     382 ( 382 )

 Molecular orbitals read from record     2102.2  Type=RHF/CANONICAL (state 1.1)
 

 Entering DF-MP2

 Thresholds:    THRAO= 0.100D-09    THRMO= 0.100D-08    THROV= 0.100D-11

 Fitting basis: AUG-CC-PVTZ-MP2F
 Number of fitting functions:                 879
 Number of blocks in AO basis:                  3
 Minimum block size:                          115
 Maximum block size:                          165
 Average block size:                          132
 Number of groups in AO basis:                 99
 Number of shells in AO basis:                196

 Using large memory version DFMP2B. NIBTK= 1  NGPU= 0  IGPU= 0

 para=T  nprocs= 12  mpptyp=0  number of tasks=  30

 Minimum memory with paging:                  2.11 MW
 Minimum memory for incore assembly:          2.50 MW
 Maximum memory for incore algorithm:         3.98 MW
 Memory for 3-index integrals:                0.00 MW

 Disk space for H1-integrals:                19.59 MB (   210 records)
 
 CPU time for half transformed integrals      0.30 sec, elapsed time      0.31 sec
 CPU time for assembly                        0.07 sec, elapsed time      0.11 sec (7371.2 MFLOP/sec)
 Total CPU time                               0.96 sec, elapsed time      1.03 sec

 SCS-MP2 correlation energy:           -0.380156304874   (PS=  1.200000  PT=  0.333333)
 SCS-MP2 total energy:               -437.555710010320

 Norm of first-order wave function:     0.112324821894
 Coefficient of reference function:     0.948165579938

  Reference energy                   -437.175553705445
  MP2 singlet pair energy              -0.250364948292
  MP2 triplet pair energy              -0.128118803984
  MP2 correlation energy               -0.378483752276

 !MP2 total energy                   -437.554037457722


 **********************************************************************************************************************************
 DATASETS  * FILE   NREC   LENGTH (MB)   RECORD NAMES
              1      18       13.48       500      610      700      900      950      970     1000      129      960     1100   
                                          VAR    BASINP    GEOM    SYMINP    ZMAT    AOBASIS   BASIS     P2S    ABASIS      S 
                                         1400     1410     1200     1210     1080     1600     1650     1700   
                                           T        V       H0       H01     AOSYM     SMH    MOLCAS    OPER   

              2       6       16.91       700     1000      520     2100     2101     2102   
                                         GEOM     BASIS   MCVARS     RHF      RHF      RHF  

 PROGRAMS   *        TOTAL       MP2        HF       INT       MP2        HF       INT       MP2        HF       INT
 CPU TIMES  *        31.14      1.30      8.33      0.42      1.28      7.87      0.34      1.43      9.44      0.50
 REAL TIME  *       202.65 SEC
 DISK USED  *       486.02 MB      
 SF USED    *        58.44 MB      
 GA USED    *         3.20 MB       (max)       0.00 MB       (current)
 **********************************************************************************************************************************
 SETTING E_CORR_B       =    ***************  KCAL/MOL                        
 SETTING E_B            =      -237.50218800  KCAL/MOL                        
 SETTING E_RHF_CP       =       -78.58909539  KCAL/MOL                        
 SETTING E_CORR_CP      =        -2.11260869  KCAL/MOL                        

        DF-MP2          DF-HF           DF-MP2          DF-HF           DF-MP2          DF-HF   
   -437.55403746   -437.17555371    -96.01676946    -95.61553118   -533.69941324   -532.91632456
 **********************************************************************************************************************************
 Variable memory released
