
 Primary working directories    : /scratch/1723630.phoenix.chem.wisc.edu
 Secondary working directories  : /scratch/1723630.phoenix.chem.wisc.edu
 Wavefunction directory         : /scratch/1723630.phoenix.chem.wisc.edu/
 Main file repository           : /scratch/1723630.phoenix.chem.wisc.edu/

 SHA1      : 65e45729fe3f963b0eb97374e3bda9949063ef0f
 NAME      : 2012.1.17
 ARCHNAME  : Linux/x86_64
 FC        : /opt/intel/composer_xe_2013.5.192/bin/intel64/ifort
 FCVERSION : 13.1.3
 BLASLIB   : -L/opt/intel/composer_xe_2013.5.192/mkl/lib/intel64 -lmkl_intel_ilp64 -lmkl_sequential -lmkl_core
 id        : cuichemwisc

 Nodes             nprocs
 compute-1-35.local   12
 ga_uses_ma=false, calling ma_init with nominal heap.
 GA-space will be limited to   8.0 MW (determined by -G option)

 Using customized tuning parameters: mindgm=1; mindgv=20; mindgc=4; mindgr=1; noblas=0; minvec=7
 default implementation of scratch files=sf  

 geomtyp=xyz
 geometry={
 13
  N0         -1.871728000000       0.590372000000      -0.409427000000
  C1         -2.211908000000      -0.607269000000       0.366391000000
  H2         -3.290849000000      -0.800379000000       0.474364000000
  H3         -1.777031000000      -0.515398000000       1.366626000000
  H4         -1.756203000000      -1.480607000000      -0.110636000000
  H5         -2.292946460000       1.392500770000       0.013851220000
  H6         -2.211824870000       0.489597950000      -1.344402240000
  H7         -0.878517500000       0.705429620000      -0.426592450000
  C8          1.978100125304      -1.089387726792      -0.358784632094
  H9          1.324819125304      -1.705757726792       0.264553367906
  H10         3.013621125304      -1.386200726792      -0.176783632094
  S11         1.838986125304       0.688271273208       0.076058367906
  H12         1.747643125304      -1.259494726792      -1.413736632094
 }
 
 
 basis=avdz
 
                                                                                 ! Complex
 set,charge=0
 
 df-hf
 e_rhf_c = energy*tokcal
 df-mp2
 e_corr_c = energy*tokcal
 e_c = e_corr_c - e_rhf_c
 
 
                                                                                 ! Monomer 1
 set,charge=1
 dummy,C8,H9,H10,S11,H12
 
 df-hf
 e_rhf_a = energy*tokcal
 df-mp2
 e_corr_a = energy*tokcal
 e_a = e_corr_a - e_rhf_a
 
 
                                                                                 ! Monomer 2
 set,charge=-1
 dummy,N0,C1,H2,H3,H4,H5,H6,H7
 
 df-hf
 e_rhf_b = energy*tokcal
 df-mp2
 e_corr_b = energy*tokcal
 e_b = e_corr_b - e_rhf_b
 
 
 e_rhf_cp = e_rhf_c - (e_rhf_a + e_rhf_b)
 e_corr_cp = e_c - (e_a + e_b)

 Variables initialized (782), CPU time= 0.01 sec
 Commands  initialized (547), CPU time= 0.01 sec, 517 directives.
 Default parameters read. Elapsed time= 0.13 sec

 Checking input...
 Passed
1


                                         ***  PROGRAM SYSTEM MOLPRO  ***
                         Copyright, University College Cardiff Consultants Limited, 2008

                                    Version 2012.1 linked Oct 11 2014 15:40:16


 **********************************************************************************************************************************
 LABEL *                                                                                 
 Linux-2.6.18-308.el5/compute-1-35.local(x86_64) 64 bit mpp version                      DATE: 12-Dec-14          TIME: 06:37:58  
 **********************************************************************************************************************************

 SHA1:             65e45729fe3f963b0eb97374e3bda9949063ef0f
 **********************************************************************************************************************************
 SETTING GEOMTYP        =    XYZ

 Turning off symmetry in density fitting calculation
 To re-enable, use 'set,zsymel=auto'


 Variable memory set to  350000000 words,  buffer space   230000 words

 SETTING BASIS          =    AVDZ
 SETTING CHARGE         =         0.00000000                                  


 Recomputing integrals since basis changed


 Using spherical harmonics

 Library entry N      S aug-cc-pVDZ          selected for orbital group  1
 Library entry N      P aug-cc-pVDZ          selected for orbital group  1
 Library entry N      D aug-cc-pVDZ          selected for orbital group  1
 Library entry C      S aug-cc-pVDZ          selected for orbital group  2
 Library entry C      P aug-cc-pVDZ          selected for orbital group  2
 Library entry C      D aug-cc-pVDZ          selected for orbital group  2
 Library entry H      S aug-cc-pVDZ          selected for orbital group  3
 Library entry H      P aug-cc-pVDZ          selected for orbital group  3
 Library entry S      S aug-cc-pVDZ          selected for orbital group  6
 Library entry S      P aug-cc-pVDZ          selected for orbital group  6
 Library entry S      D aug-cc-pVDZ          selected for orbital group  6

1PROGRAM * SEWARD (Integral evaluation for generally contracted gaussian basis sets)     Author: Roland Lindh, 1990

 Geometry written to block  1 of record 700


 Point group  C1  



 ATOMIC COORDINATES

 NR  ATOM    CHARGE       X              Y              Z

   1  N0      7.00   -3.537053313    1.115641396   -0.773704901
   2  C1      6.00   -4.179900348   -1.147572098    0.692378647
   3  H2      1.00   -6.218803350   -1.512497111    0.896418047
   4  H3      1.00   -3.358101917   -0.973961069    2.582548864
   5  H4      1.00   -3.318742701   -2.797941738   -0.209071740
   6  H5      1.00   -4.333040843    2.631445093    0.026175012
   7  H6      1.00   -4.179743255    0.925206040   -2.540552044
   8  H7      1.00   -1.660157477    1.333068787   -0.806142900
   9  C8      6.00    3.738067497   -2.058644455   -0.678004695
  10  H9      1.00    2.503545320   -3.223414950    0.499933412
  11  H10     1.00    5.694918591   -2.619539737   -0.334072649
  12  S11    16.00    3.475180136    1.300644210    0.143729485
  13  H12     1.00    3.302566882   -2.380100098   -2.671575057

 Bond lengths in Bohr (Angstrom)

 1-2  2.772145126  1-6  1.889726137  1-7  1.889726122  1-8  1.889726137  2-3  2.081328372
     ( 1.466956021)     ( 1.000000003)     ( 0.999999995)     ( 1.000000003)     ( 1.101391539)

  2- 4  2.068389929   2- 5  2.068314590   9-10  2.065980033   9-11  2.064499690   9-12  3.468310419
       ( 1.094544810)       ( 1.094504942)       ( 1.093269548)       ( 1.092486184)       ( 1.835350827)

  9-13  2.065748606
       ( 1.093147082)

 Bond angles

  1-2-3  114.97091777   1-2-4  108.82223243   1-2-5  108.92862229   2-1-6  109.47122075

  2-1-7  109.47122046   2-1-8  109.47122040   3-2-4  108.32125274   3-2-5  108.10103971

  4-2-5  107.44770163   6-1-7  109.47122110   6-1-8  109.47122038   7-1-8  109.47122072

 10- 9-11  108.55608257  10- 9-12  111.44980305  10- 9-13  109.66566187  11- 9-12  107.18872473

 11- 9-13  108.56147558  12- 9-13  111.30848894

 NUCLEAR CHARGE:                   44
 NUMBER OF PRIMITIVE AOS:         262
 NUMBER OF SYMMETRY AOS:          254
 NUMBER OF CONTRACTIONS:          177   ( 177A   )
 NUMBER OF CORE ORBITALS:           8   (   8A   )
 NUMBER OF VALENCE ORBITALS:       25   (  25A   )


 NUCLEAR REPULSION ENERGY  157.88734475


 Eigenvalues of metric

         1 0.184E-03 0.446E-03 0.493E-03 0.549E-03 0.595E-03 0.613E-03 0.654E-03 0.770E-03


 OPERATOR DM      FOR CENTER  0  COORDINATES:    0.000000    0.000000    0.000000


 **********************************************************************************************************************************
 DATASETS  * FILE   NREC   LENGTH (MB)   RECORD NAMES
              1      18        8.91       500      610      700      900      950      970     1000      129      960     1100   
                                          VAR    BASINP    GEOM    SYMINP    ZMAT    AOBASIS   BASIS     P2S    ABASIS      S 
                                         1400     1410     1200     1210     1080     1600     1650     1700   
                                           T        V       H0       H01     AOSYM     SMH    MOLCAS    OPER   

 PROGRAMS   *        TOTAL       INT
 CPU TIMES  *         0.36      0.21
 REAL TIME  *         0.56 SEC
 DISK USED  *         0.00 MB      
 GA USED    *         0.00 MB       (max)       0.00 MB       (current)
 **********************************************************************************************************************************

1PROGRAM * RHF-SCF (CLOSED SHELL)       Authors: W. Meyer, H.-J. Werner


 NUMBER OF ELECTRONS:      22+   22-    SPACE SYMMETRY=1    SPIN SYMMETRY: Singlet 
 CONVERGENCE THRESHOLDS:    1.00E-05 (Density)    1.00E-07 (Energy)
 INTEGRAL THRESHOLDS:       1.00E-11 (Initial)    1.00E-11 (Final)
 MAX. NUMBER OF ITERATIONS:       60
 INTERPOLATION TYPE:            DIIS
 INTERPOLATION STEPS:              2 (START)      1 (STEP)
 LEVEL SHIFTS:                  0.00 (CLOSED)  0.00 (OPEN) 



 
 Basis set CC-PVDZ/JKFIT generated.      Number of basis functions:   529 
 
 Orbital guess generated from atomic densities. Full valence occupancy:   33
 Coulomb and exchange fitting
 Thresholds for fitting:       THRAO_COUL= 1.0D-14    THRAO_EXCH= 1.0D-12    THRMO= 1.0D-11    THRPROD= 1.0D-11    THRASM= 1.0D-11
                               THR2HLF=    1.0D-11

 Molecular orbital dump at record        2100.2

 ITERATION   DDIFF            GRAD            ENERGY        2-EL.EN.            DIPOLE MOMENTS         DIIS   CPU(IT)  CPU(TOT)  ORB.
    1      0.000D+00      0.000D+00      -532.79005933    713.928911   -6.80107   -0.75475   -1.03150    0      0.6      2.5     start
    2      0.000D+00      0.425D-02      -532.87949169    708.038216   -5.68978   -0.49078   -0.49347    1      0.2      2.6     diag
    3      0.107D-01      0.190D-02      -532.89293922    709.865003   -5.85171   -0.65110   -0.61065    2      0.1      2.8     diag
    4      0.370D-02      0.427D-03      -532.89421432    709.763452   -5.76886   -0.67351   -0.59406    3      0.1      2.9     diag
    5      0.908D-03      0.905D-04      -532.89429282    709.650262   -5.74656   -0.67371   -0.59024    4      0.1      3.0     diag
    6      0.239D-03      0.310D-04      -532.89430154    709.684900   -5.74158   -0.67670   -0.58995    5      0.1      3.2     diag
    7      0.891D-04      0.840D-05      -532.89430246    709.675987   -5.73883   -0.67671   -0.58972    6      0.1      3.3     diag
    8      0.278D-04      0.276D-05      -532.89430262    709.677075   -5.73742   -0.67658   -0.58948    7      0.1      3.4     diag
    9      0.143D-04      0.757D-06      -532.89430263    709.677224   -5.73687   -0.67653   -0.58944    8      0.1      3.5     diag
   10      0.452D-05      0.211D-06      -532.89430263    709.677246   -5.73682   -0.67651   -0.58942    0      0.2      3.7     orth

 Final occupancy:  22

 !RHF STATE 1.1 Energy               -532.894302634586
 Nuclear energy                       157.88734475
 One-electron energy                -1045.62027062
 Two-electron energy                  354.83862323
 Virial quotient                       -1.00048733
 !RHF STATE 1.1 Dipole moment          -5.73682202    -0.67650668    -0.58942103
 Dipole moment /Debye                 -14.58059210    -1.71939585    -1.49806071

 Orbital energies:

         1.1          2.1          3.1          4.1          5.1          6.1          7.1          8.1          9.1         10.1
    -91.810955   -15.755726   -11.356751   -11.184150    -8.810009    -6.492433    -6.489856    -6.489465    -1.392009    -1.031960

        11.1         12.1         13.1         14.1         15.1         16.1         17.1         18.1         19.1         20.1
     -0.918194    -0.851809    -0.842700    -0.730559    -0.716074    -0.632451    -0.630647    -0.507573    -0.504519    -0.366993

        21.1         22.1         23.1         24.1
     -0.231269    -0.225413    -0.010288     0.018236

 HOMO     22.1    -0.225413 =      -6.1338eV
 LUMO     23.1    -0.010288 =      -0.2800eV
 LUMO-HOMO         0.215125 =       5.8538eV


 **********************************************************************************************************************************
 DATASETS  * FILE   NREC   LENGTH (MB)   RECORD NAMES
              1      18        8.91       500      610      700      900      950      970     1000      129      960     1100   
                                          VAR    BASINP    GEOM    SYMINP    ZMAT    AOBASIS   BASIS     P2S    ABASIS      S 
                                         1400     1410     1200     1210     1080     1600     1650     1700   
                                           T        V       H0       H01     AOSYM     SMH    MOLCAS    OPER   

              2       4        1.28       700     1000      520     2100   
                                         GEOM     BASIS   MCVARS     RHF  

 PROGRAMS   *        TOTAL        HF       INT
 CPU TIMES  *         4.09      3.72      0.21
 REAL TIME  *        46.17 SEC
 DISK USED  *       148.77 MB      
 SF USED    *        19.38 MB      
 GA USED    *         3.20 MB       (max)       0.00 MB       (current)
 **********************************************************************************************************************************
 SETTING E_RHF_C        =    ***************  KCAL/MOL                        


1PROGRAM * MP2 (Closed-shell)     Authors: C. Hampel, H.-J. Werner, 1991, M. Deegan, P.J. Knowles, 1992

 Basis set AUG-CC-PVDZ/MP2FIT generated. Number of basis functions:   515 

 Convergence thresholds:  THRVAR = 1.00D-08  THRDEN = 1.00D-06

 Number of core orbitals:           8 (   8 )
 Number of closed-shell orbitals:  14 (  14 )
 Number of external orbitals:     155 ( 155 )

 Molecular orbitals read from record     2100.2  Type=RHF/CANONICAL (state 1.1)
 

 Entering DF-MP2

 Thresholds:    THRAO= 0.100D-09    THRMO= 0.100D-08    THROV= 0.100D-11

 Fitting basis: AUG-CC-PVDZ-MP2F
 Number of fitting functions:                 515
 Number of blocks in AO basis:                  3
 Minimum block size:                           50
 Maximum block size:                           77
 Average block size:                           59
 Number of groups in AO basis:                 60
 Number of shells in AO basis:                138

 Using large memory version DFMP2B. NIBTK= 1  NGPU= 0  IGPU= 0

 para=T  nprocs= 12  mpptyp=0  number of tasks=  36

 Minimum memory with paging:                  1.09 MW
 Minimum memory for incore assembly:          1.14 MW
 Maximum memory for incore algorithm:         2.05 MW
 Memory for 3-index integrals:                0.00 MW

 Disk space for H1-integrals:                10.38 MB (   504 records)
 
 CPU time for half transformed integrals      0.05 sec, elapsed time      0.06 sec
 CPU time for assembly                        0.03 sec, elapsed time      0.04 sec (7495.8 MFLOP/sec)
 Total CPU time                               0.34 sec, elapsed time      0.36 sec

 SCS-MP2 correlation energy:           -0.648681775641   (PS=  1.200000  PT=  0.333333)
 SCS-MP2 total energy:               -533.542984410227

 Norm of first-order wave function:     0.179613920310
 Coefficient of reference function:     0.920725254509

  Reference energy                   -532.894302634586
  MP2 singlet pair energy              -0.424166581924
  MP2 triplet pair energy              -0.224488731428
  MP2 correlation energy               -0.648655313351

 !MP2 total energy                   -533.542957947937


 **********************************************************************************************************************************
 DATASETS  * FILE   NREC   LENGTH (MB)   RECORD NAMES
              1      18        8.91       500      610      700      900      950      970     1000      129      960     1100   
                                          VAR    BASINP    GEOM    SYMINP    ZMAT    AOBASIS   BASIS     P2S    ABASIS      S 
                                         1400     1410     1200     1210     1080     1600     1650     1700   
                                           T        V       H0       H01     AOSYM     SMH    MOLCAS    OPER   

              2       4        1.28       700     1000      520     2100   
                                         GEOM     BASIS   MCVARS     RHF  

 PROGRAMS   *        TOTAL       MP2        HF       INT
 CPU TIMES  *         4.55      0.46      3.72      0.21
 REAL TIME  *        46.88 SEC
 DISK USED  *       148.77 MB      
 SF USED    *        26.59 MB      
 GA USED    *         3.20 MB       (max)       0.00 MB       (current)
 **********************************************************************************************************************************
 SETTING E_CORR_C       =    ***************  KCAL/MOL                        
 SETTING E_C            =      -407.03743622  KCAL/MOL                        
 SETTING CHARGE         =         1.00000000                                  

 Dummy atoms: C8  H9  H10  S11  H12


 Recomputing one-electron integrals since nuclear charges changed

1PROGRAM * SEWARD (Integral evaluation for generally contracted gaussian basis sets)     Author: Roland Lindh, 1990

 Geometry written to block  1 of record 700


 Point group  C1  



 ATOMIC COORDINATES

 NR  ATOM    CHARGE       X              Y              Z

   1  N0      7.00   -3.537053313    1.115641396   -0.773704901
   2  C1      6.00   -4.179900348   -1.147572098    0.692378647
   3  H2      1.00   -6.218803350   -1.512497111    0.896418047
   4  H3      1.00   -3.358101917   -0.973961069    2.582548864
   5  H4      1.00   -3.318742701   -2.797941738   -0.209071740
   6  H5      1.00   -4.333040843    2.631445093    0.026175012
   7  H6      1.00   -4.179743255    0.925206040   -2.540552044
   8  H7      1.00   -1.660157477    1.333068787   -0.806142900
   9  C8      0.00    3.738067497   -2.058644455   -0.678004695
  10  H9      0.00    2.503545320   -3.223414950    0.499933412
  11  H10     0.00    5.694918591   -2.619539737   -0.334072649
  12  S11     0.00    3.475180136    1.300644210    0.143729485
  13  H12     0.00    3.302566882   -2.380100098   -2.671575057

 Bond lengths in Bohr (Angstrom)

 1-2  2.772145126  1-6  1.889726137  1-7  1.889726122  1-8  1.889726137  2-3  2.081328372
     ( 1.466956021)     ( 1.000000003)     ( 0.999999995)     ( 1.000000003)     ( 1.101391539)

  2- 4  2.068389929   2- 5  2.068314590   9-10  2.065980033   9-11  2.064499690   9-12  3.468310419
       ( 1.094544810)       ( 1.094504942)       ( 1.093269548)       ( 1.092486184)       ( 1.835350827)

  9-13  2.065748606
       ( 1.093147082)

 Bond angles

  1-2-3  114.97091777   1-2-4  108.82223243   1-2-5  108.92862229   2-1-6  109.47122075

  2-1-7  109.47122046   2-1-8  109.47122040   3-2-4  108.32125274   3-2-5  108.10103971

  4-2-5  107.44770163   6-1-7  109.47122110   6-1-8  109.47122038   7-1-8  109.47122072

 10- 9-11  108.55608257  10- 9-12  111.44980305  10- 9-13  109.66566187  11- 9-12  107.18872473

 11- 9-13  108.56147558  12- 9-13  111.30848894

 NUCLEAR CHARGE:                   19
 NUMBER OF PRIMITIVE AOS:         262
 NUMBER OF SYMMETRY AOS:          254
 NUMBER OF CONTRACTIONS:          177   ( 177A   )
 NUMBER OF CORE ORBITALS:           2   (   2A   )
 NUMBER OF VALENCE ORBITALS:       14   (  14A   )

 MOLECULE CHANGED: INITIALIZING OCCUPATION AND DUMP RECORDS


 NUCLEAR REPULSION ENERGY   48.60267443


 Eigenvalues of metric

         1 0.184E-03 0.446E-03 0.493E-03 0.549E-03 0.595E-03 0.613E-03 0.654E-03 0.770E-03


 OPERATOR DM      FOR CENTER  0  COORDINATES:    0.000000    0.000000    0.000000


 **********************************************************************************************************************************
 DATASETS  * FILE   NREC   LENGTH (MB)   RECORD NAMES
              1      18        8.91       500      610      700      900      950      970     1000      129      960     1100   
                                          VAR    BASINP    GEOM    SYMINP    ZMAT    AOBASIS   BASIS     P2S    ABASIS      S 
                                         1400     1410     1200     1210     1080     1600     1650     1700   
                                           T        V       H0       H01     AOSYM     SMH    MOLCAS    OPER   

              2       4        1.28       700     1000      520     2100   
                                         GEOM     BASIS   MCVARS     RHF  

 PROGRAMS   *        TOTAL       INT       MP2        HF       INT
 CPU TIMES  *         4.84      0.29      0.46      3.72      0.21
 REAL TIME  *        48.74 SEC
 DISK USED  *       148.77 MB      
 SF USED    *        26.59 MB      
 GA USED    *         3.20 MB       (max)       0.00 MB       (current)
 **********************************************************************************************************************************

1PROGRAM * RHF-SCF (CLOSED SHELL)       Authors: W. Meyer, H.-J. Werner


 NUMBER OF ELECTRONS:       9+    9-    SPACE SYMMETRY=1    SPIN SYMMETRY: Singlet 
 CONVERGENCE THRESHOLDS:    1.00E-05 (Density)    1.00E-07 (Energy)
 INTEGRAL THRESHOLDS:       1.00E-11 (Initial)    1.00E-11 (Final)
 MAX. NUMBER OF ITERATIONS:       60
 INTERPOLATION TYPE:            DIIS
 INTERPOLATION STEPS:              2 (START)      1 (STEP)
 LEVEL SHIFTS:                  0.00 (CLOSED)  0.00 (OPEN) 



 
 Basis set CC-PVDZ/JKFIT generated.      Number of basis functions:   529 
 
 Orbital guess generated from atomic densities. Full valence occupancy:   16
 Coulomb and exchange fitting
 Thresholds for fitting:       THRAO_COUL= 1.0D-14    THRAO_EXCH= 1.0D-12    THRMO= 1.0D-11    THRPROD= 1.0D-11    THRASM= 1.0D-11
                               THR2HLF=    1.0D-11

 Molecular orbital dump at record        2101.2

 ITERATION   DDIFF            GRAD            ENERGY        2-EL.EN.            DIPOLE MOMENTS         DIIS   CPU(IT)  CPU(TOT)  ORB.
    1      0.000D+00      0.000D+00       -95.54208244    148.063254   -3.53042    1.11411   -0.77305    0      0.5      3.0     start
    2      0.000D+00      0.464D-02       -95.58397302    150.746625   -3.63945    0.73516   -0.52772    1      0.2      3.2     diag
    3      0.613D-02      0.186D-02       -95.58859804    149.810022   -3.63767    0.74069   -0.53122    2      0.2      3.3     diag
    4      0.219D-02      0.568D-03       -95.58921072    150.023574   -3.64557    0.71551   -0.51493    3      0.2      3.5     diag
    5      0.645D-03      0.834D-04       -95.58923371    150.037726   -3.64705    0.71028   -0.51154    4      0.1      3.6     diag
    6      0.131D-03      0.149D-04       -95.58923448    150.032500   -3.64744    0.70917   -0.51083    5      0.1      3.7     diag
    7      0.238D-04      0.463D-05       -95.58923453    150.033657   -3.64746    0.70900   -0.51072    6      0.1      3.9     diag
    8      0.647D-05      0.110D-05       -95.58923453    150.033396   -3.64748    0.70893   -0.51067    0      0.2      4.1     orth

 Final occupancy:   9

 !RHF STATE 1.1 Energy                -95.589234531280
 Nuclear energy                        48.60267443
 One-electron energy                 -219.20860713
 Two-electron energy                   75.01669817
 Virial quotient                       -1.00047975
 !RHF STATE 1.1 Dipole moment          -3.64748022     0.70893033    -0.51066988
 Dipole moment /Debye                  -9.27036279     1.80180315    -1.29790836

 Orbital energies:

         1.1          2.1          3.1          4.1          5.1          6.1          7.1          8.1          9.1         10.1
    -15.920276   -11.496599    -1.551721    -1.177506    -1.008242    -1.007757    -0.879818    -0.773202    -0.772485    -0.127249

        11.1
     -0.086571

 HOMO      9.1    -0.772485 =     -21.0204eV
 LUMO     10.1    -0.127249 =      -3.4626eV
 LUMO-HOMO         0.645236 =      17.5578eV


 **********************************************************************************************************************************
 DATASETS  * FILE   NREC   LENGTH (MB)   RECORD NAMES
              1      18        8.91       500      610      700      900      950      970     1000      129      960     1100   
                                          VAR    BASINP    GEOM    SYMINP    ZMAT    AOBASIS   BASIS     P2S    ABASIS      S 
                                         1400     1410     1200     1210     1080     1600     1650     1700   
                                           T        V       H0       H01     AOSYM     SMH    MOLCAS    OPER   

              2       5        2.57       700     1000      520     2100     2101   
                                         GEOM     BASIS   MCVARS     RHF      RHF  

 PROGRAMS   *        TOTAL        HF       INT       MP2        HF       INT
 CPU TIMES  *         8.99      4.15      0.29      0.46      3.72      0.21
 REAL TIME  *       114.97 SEC
 DISK USED  *       161.33 MB      
 SF USED    *        26.59 MB      
 GA USED    *         3.20 MB       (max)       0.00 MB       (current)
 **********************************************************************************************************************************
 SETTING E_RHF_A        =    -59983.16232503  KCAL/MOL                        


1PROGRAM * MP2 (Closed-shell)     Authors: C. Hampel, H.-J. Werner, 1991, M. Deegan, P.J. Knowles, 1992

 Basis set AUG-CC-PVDZ/MP2FIT generated. Number of basis functions:   515 

 Convergence thresholds:  THRVAR = 1.00D-08  THRDEN = 1.00D-06

 Number of core orbitals:           2 (   2 )
 Number of closed-shell orbitals:   7 (   7 )
 Number of external orbitals:     168 ( 168 )

 Molecular orbitals read from record     2101.2  Type=RHF/CANONICAL (state 1.1)
 

 Entering DF-MP2

 Thresholds:    THRAO= 0.100D-09    THRMO= 0.100D-08    THROV= 0.100D-11

 Fitting basis: AUG-CC-PVDZ-MP2F
 Number of fitting functions:                 515
 Number of blocks in AO basis:                  3
 Minimum block size:                           50
 Maximum block size:                           77
 Average block size:                           59
 Number of groups in AO basis:                 60
 Number of shells in AO basis:                138

 Using large memory version DFMP2B. NIBTK= 1  NGPU= 0  IGPU= 0

 para=T  nprocs= 12  mpptyp=0  number of tasks=  36

 Minimum memory with paging:                  1.10 MW
 Minimum memory for incore assembly:          1.10 MW
 Maximum memory for incore algorithm:         1.41 MW
 Memory for 3-index integrals:                0.00 MW

 Disk space for H1-integrals:                 5.19 MB (   252 records)
 
 CPU time for half transformed integrals      0.06 sec, elapsed time      0.14 sec
 CPU time for assembly                        0.01 sec, elapsed time      0.02 sec (5870.6 MFLOP/sec)
 Total CPU time                               0.40 sec, elapsed time      0.49 sec

 SCS-MP2 correlation energy:           -0.336187893361   (PS=  1.200000  PT=  0.333333)
 SCS-MP2 total energy:                -95.925422424642

 Norm of first-order wave function:     0.077662667684
 Coefficient of reference function:     0.963293391374

  Reference energy                    -95.589234531280
  MP2 singlet pair energy              -0.223412690712
  MP2 triplet pair energy              -0.109434639385
  MP2 correlation energy               -0.332847330098

 !MP2 total energy                    -95.922081861378


 **********************************************************************************************************************************
 DATASETS  * FILE   NREC   LENGTH (MB)   RECORD NAMES
              1      18        8.91       500      610      700      900      950      970     1000      129      960     1100   
                                          VAR    BASINP    GEOM    SYMINP    ZMAT    AOBASIS   BASIS     P2S    ABASIS      S 
                                         1400     1410     1200     1210     1080     1600     1650     1700   
                                           T        V       H0       H01     AOSYM     SMH    MOLCAS    OPER   

              2       5        2.57       700     1000      520     2100     2101   
                                         GEOM     BASIS   MCVARS     RHF      RHF  

 PROGRAMS   *        TOTAL       MP2        HF       INT       MP2        HF       INT
 CPU TIMES  *         9.56      0.56      4.15      0.29      0.46      3.72      0.21
 REAL TIME  *       115.79 SEC
 DISK USED  *       161.33 MB      
 SF USED    *        26.59 MB      
 GA USED    *         3.20 MB       (max)       0.00 MB       (current)
 **********************************************************************************************************************************
 SETTING E_CORR_A       =    -60192.02722000  KCAL/MOL                        
 SETTING E_A            =      -208.86489497  KCAL/MOL                        
 SETTING CHARGE         =        -1.00000000                                  

 Dummy atoms: N0  C1  H2  H3  H4  H5  H6  H7


 Recomputing one-electron integrals since nuclear charges changed

1PROGRAM * SEWARD (Integral evaluation for generally contracted gaussian basis sets)     Author: Roland Lindh, 1990

 Geometry written to block  1 of record 700


 Point group  C1  



 ATOMIC COORDINATES

 NR  ATOM    CHARGE       X              Y              Z

   1  N0      0.00   -3.537053313    1.115641396   -0.773704901
   2  C1      0.00   -4.179900348   -1.147572098    0.692378647
   3  H2      0.00   -6.218803350   -1.512497111    0.896418047
   4  H3      0.00   -3.358101917   -0.973961069    2.582548864
   5  H4      0.00   -3.318742701   -2.797941738   -0.209071740
   6  H5      0.00   -4.333040843    2.631445093    0.026175012
   7  H6      0.00   -4.179743255    0.925206040   -2.540552044
   8  H7      0.00   -1.660157477    1.333068787   -0.806142900
   9  C8      6.00    3.738067497   -2.058644455   -0.678004695
  10  H9      1.00    2.503545320   -3.223414950    0.499933412
  11  H10     1.00    5.694918591   -2.619539737   -0.334072649
  12  S11    16.00    3.475180136    1.300644210    0.143729485
  13  H12     1.00    3.302566882   -2.380100098   -2.671575057

 Bond lengths in Bohr (Angstrom)

 1-2  2.772145126  1-6  1.889726137  1-7  1.889726122  1-8  1.889726137  2-3  2.081328372
     ( 1.466956021)     ( 1.000000003)     ( 0.999999995)     ( 1.000000003)     ( 1.101391539)

  2- 4  2.068389929   2- 5  2.068314590   9-10  2.065980033   9-11  2.064499690   9-12  3.468310419
       ( 1.094544810)       ( 1.094504942)       ( 1.093269548)       ( 1.092486184)       ( 1.835350827)

  9-13  2.065748606
       ( 1.093147082)

 Bond angles

  1-2-3  114.97091777   1-2-4  108.82223243   1-2-5  108.92862229   2-1-6  109.47122075

  2-1-7  109.47122046   2-1-8  109.47122040   3-2-4  108.32125274   3-2-5  108.10103971

  4-2-5  107.44770163   6-1-7  109.47122110   6-1-8  109.47122038   7-1-8  109.47122072

 10- 9-11  108.55608257  10- 9-12  111.44980305  10- 9-13  109.66566187  11- 9-12  107.18872473

 11- 9-13  108.56147558  12- 9-13  111.30848894

 NUCLEAR CHARGE:                   25
 NUMBER OF PRIMITIVE AOS:         262
 NUMBER OF SYMMETRY AOS:          254
 NUMBER OF CONTRACTIONS:          177   ( 177A   )
 NUMBER OF CORE ORBITALS:           6   (   6A   )
 NUMBER OF VALENCE ORBITALS:       11   (  11A   )

 MOLECULE CHANGED: INITIALIZING OCCUPATION AND DUMP RECORDS


 NUCLEAR REPULSION ENERGY   47.71640682


 Eigenvalues of metric

         1 0.184E-03 0.446E-03 0.493E-03 0.549E-03 0.595E-03 0.613E-03 0.654E-03 0.770E-03


 OPERATOR DM      FOR CENTER  0  COORDINATES:    0.000000    0.000000    0.000000


 **********************************************************************************************************************************
 DATASETS  * FILE   NREC   LENGTH (MB)   RECORD NAMES
              1      18        8.91       500      610      700      900      950      970     1000      129      960     1100   
                                          VAR    BASINP    GEOM    SYMINP    ZMAT    AOBASIS   BASIS     P2S    ABASIS      S 
                                         1400     1410     1200     1210     1080     1600     1650     1700   
                                           T        V       H0       H01     AOSYM     SMH    MOLCAS    OPER   

              2       5        2.57       700     1000      520     2100     2101   
                                         GEOM     BASIS   MCVARS     RHF      RHF  

 PROGRAMS   *        TOTAL       INT       MP2        HF       INT       MP2        HF       INT
 CPU TIMES  *         9.65      0.10      0.56      4.15      0.29      0.46      3.72      0.21
 REAL TIME  *       116.53 SEC
 DISK USED  *       161.33 MB      
 SF USED    *        26.59 MB      
 GA USED    *         3.20 MB       (max)       0.00 MB       (current)
 **********************************************************************************************************************************

1PROGRAM * RHF-SCF (CLOSED SHELL)       Authors: W. Meyer, H.-J. Werner


 NUMBER OF ELECTRONS:      13+   13-    SPACE SYMMETRY=1    SPIN SYMMETRY: Singlet 
 CONVERGENCE THRESHOLDS:    1.00E-05 (Density)    1.00E-07 (Energy)
 INTEGRAL THRESHOLDS:       1.00E-11 (Initial)    1.00E-11 (Final)
 MAX. NUMBER OF ITERATIONS:       60
 INTERPOLATION TYPE:            DIIS
 INTERPOLATION STEPS:              2 (START)      1 (STEP)
 LEVEL SHIFTS:                  0.00 (CLOSED)  0.00 (OPEN) 



 
 Basis set CC-PVDZ/JKFIT generated.      Number of basis functions:   529 
 
 Orbital guess generated from atomic densities. Full valence occupancy:   17
 Coulomb and exchange fitting
 Thresholds for fitting:       THRAO_COUL= 1.0D-14    THRAO_EXCH= 1.0D-12    THRMO= 1.0D-11    THRPROD= 1.0D-11    THRASM= 1.0D-11
                               THR2HLF=    1.0D-11

 Molecular orbital dump at record        2102.2

 ITERATION   DDIFF            GRAD            ENERGY        2-EL.EN.            DIPOLE MOMENTS         DIIS   CPU(IT)  CPU(TOT)  ORB.
    1      0.000D+00      0.000D+00      -437.09202059    444.842107   -3.41533   -1.86910   -0.27924    0      0.5      2.4     start
    2      0.000D+00      0.384D-02      -437.14389086    435.665695   -3.46759   -1.18174   -0.11350    1      0.3      2.6     diag
    3      0.903D-02      0.176D-02      -437.15188173    438.250475   -3.45890   -1.36116   -0.15735    2      0.1      2.8     diag
    4      0.295D-02      0.309D-03      -437.15253205    438.054902   -3.45740   -1.38199   -0.16259    3      0.1      2.9     diag
    5      0.754D-03      0.722D-04      -437.15257130    438.053783   -3.45764   -1.38729   -0.16403    4      0.2      3.1     diag
    6      0.253D-03      0.169D-04      -437.15257409    438.052205   -3.45727   -1.38832   -0.16425    5      0.2      3.3     diag
    7      0.850D-04      0.528D-05      -437.15257430    438.050012   -3.45723   -1.38873   -0.16436    6      0.1      3.4     diag
    8      0.261D-04      0.185D-05      -437.15257431    438.050972   -3.45721   -1.38840   -0.16427    7      0.1      3.5     diag
    9      0.616D-05      0.520D-06      -437.15257432    438.050922   -3.45720   -1.38836   -0.16426    0      0.2      3.7     orth

 Final occupancy:  13

 !RHF STATE 1.1 Energy               -437.152574316437
 Nuclear energy                        47.71640682
 One-electron energy                 -703.89444193
 Two-electron energy                  219.02546080
 Virial quotient                       -1.00018392
 !RHF STATE 1.1 Dipole moment          -3.45720151    -1.38835848    -0.16425930
 Dipole moment /Debye                  -8.78675422    -3.52862415    -0.41747815

 Orbital energies:

         1.1          2.1          3.1          4.1          5.1          6.1          7.1          8.1          9.1         10.1
    -91.665067   -11.053644    -8.664387    -6.346958    -6.344004    -6.344000    -0.783381    -0.576787    -0.376149    -0.373659

        11.1         12.1         13.1         14.1         15.1
     -0.228829    -0.082943    -0.081951     0.111232     0.139658

 HOMO     13.1    -0.081951 =      -2.2300eV
 LUMO     14.1     0.111232 =       3.0268eV
 LUMO-HOMO         0.193183 =       5.2568eV


 **********************************************************************************************************************************
 DATASETS  * FILE   NREC   LENGTH (MB)   RECORD NAMES
              1      18        8.91       500      610      700      900      950      970     1000      129      960     1100   
                                          VAR    BASINP    GEOM    SYMINP    ZMAT    AOBASIS   BASIS     P2S    ABASIS      S 
                                         1400     1410     1200     1210     1080     1600     1650     1700   
                                           T        V       H0       H01     AOSYM     SMH    MOLCAS    OPER   

              2       6        3.87       700     1000      520     2100     2101     2102   
                                         GEOM     BASIS   MCVARS     RHF      RHF      RHF  

 PROGRAMS   *        TOTAL        HF       INT       MP2        HF       INT       MP2        HF       INT
 CPU TIMES  *        13.39      3.74      0.10      0.56      4.15      0.29      0.46      3.72      0.21
 REAL TIME  *       186.23 SEC
 DISK USED  *       178.42 MB      
 SF USED    *        26.59 MB      
 GA USED    *         3.20 MB       (max)       0.00 MB       (current)
 **********************************************************************************************************************************
 SETTING E_RHF_B        =    ***************  KCAL/MOL                        


1PROGRAM * MP2 (Closed-shell)     Authors: C. Hampel, H.-J. Werner, 1991, M. Deegan, P.J. Knowles, 1992

 Basis set AUG-CC-PVDZ/MP2FIT generated. Number of basis functions:   515 

 Convergence thresholds:  THRVAR = 1.00D-08  THRDEN = 1.00D-06

 Number of core orbitals:           6 (   6 )
 Number of closed-shell orbitals:   7 (   7 )
 Number of external orbitals:     164 ( 164 )

 Molecular orbitals read from record     2102.2  Type=RHF/CANONICAL (state 1.1)
 

 Entering DF-MP2

 Thresholds:    THRAO= 0.100D-09    THRMO= 0.100D-08    THROV= 0.100D-11

 Fitting basis: AUG-CC-PVDZ-MP2F
 Number of fitting functions:                 515
 Number of blocks in AO basis:                  3
 Minimum block size:                           50
 Maximum block size:                           77
 Average block size:                           59
 Number of groups in AO basis:                 60
 Number of shells in AO basis:                138

 Using large memory version DFMP2B. NIBTK= 1  NGPU= 0  IGPU= 0

 para=T  nprocs= 12  mpptyp=0  number of tasks=  36

 Minimum memory with paging:                  1.10 MW
 Minimum memory for incore assembly:          1.10 MW
 Maximum memory for incore algorithm:         1.41 MW
 Memory for 3-index integrals:                0.00 MW

 Disk space for H1-integrals:                 5.19 MB (   252 records)
 
 CPU time for half transformed integrals      0.03 sec, elapsed time      0.05 sec
 CPU time for assembly                        0.01 sec, elapsed time      0.02 sec (5594.4 MFLOP/sec)
 Total CPU time                               0.26 sec, elapsed time      0.46 sec

 SCS-MP2 correlation energy:           -0.308283589861   (PS=  1.200000  PT=  0.333333)
 SCS-MP2 total energy:               -437.460857906298

 Norm of first-order wave function:     0.100212975709
 Coefficient of reference function:     0.953370300660

  Reference energy                   -437.152574316436
  MP2 singlet pair energy              -0.199262429019
  MP2 triplet pair energy              -0.111163942025
  MP2 correlation energy               -0.310426371045

 !MP2 total energy                   -437.463000687481


 **********************************************************************************************************************************
 DATASETS  * FILE   NREC   LENGTH (MB)   RECORD NAMES
              1      18        8.91       500      610      700      900      950      970     1000      129      960     1100   
                                          VAR    BASINP    GEOM    SYMINP    ZMAT    AOBASIS   BASIS     P2S    ABASIS      S 
                                         1400     1410     1200     1210     1080     1600     1650     1700   
                                           T        V       H0       H01     AOSYM     SMH    MOLCAS    OPER   

              2       6        3.87       700     1000      520     2100     2101     2102   
                                         GEOM     BASIS   MCVARS     RHF      RHF      RHF  

 PROGRAMS   *        TOTAL       MP2        HF       INT       MP2        HF       INT       MP2        HF       INT
 CPU TIMES  *        13.84      0.43      3.74      0.10      0.56      4.15      0.29      0.46      3.72      0.21
 REAL TIME  *       186.96 SEC
 DISK USED  *       178.42 MB      
 SF USED    *        26.59 MB      
 GA USED    *         3.20 MB       (max)       0.00 MB       (current)
 **********************************************************************************************************************************
 SETTING E_CORR_B       =    ***************  KCAL/MOL                        
 SETTING E_B            =      -194.79552792  KCAL/MOL                        
 SETTING E_RHF_CP       =       -95.69131520  KCAL/MOL                        
 SETTING E_CORR_CP      =        -3.37701333  KCAL/MOL                        

        DF-MP2          DF-HF           DF-MP2          DF-HF           DF-MP2          DF-HF   
   -437.46300069   -437.15257432    -95.92208186    -95.58923453   -533.54295795   -532.89430263
 **********************************************************************************************************************************
 Variable memory released
