
 Primary working directories    : /scratch/1723635.phoenix.chem.wisc.edu
 Secondary working directories  : /scratch/1723635.phoenix.chem.wisc.edu
 Wavefunction directory         : /scratch/1723635.phoenix.chem.wisc.edu/
 Main file repository           : /scratch/1723635.phoenix.chem.wisc.edu/

 SHA1      : 65e45729fe3f963b0eb97374e3bda9949063ef0f
 NAME      : 2012.1.17
 ARCHNAME  : Linux/x86_64
 FC        : /opt/intel/composer_xe_2013.5.192/bin/intel64/ifort
 FCVERSION : 13.1.3
 BLASLIB   : -L/opt/intel/composer_xe_2013.5.192/mkl/lib/intel64 -lmkl_intel_ilp64 -lmkl_sequential -lmkl_core
 id        : cuichemwisc

 Nodes             nprocs
 compute-1-31.local   12
 ga_uses_ma=false, calling ma_init with nominal heap.
 GA-space will be limited to   8.0 MW (determined by -G option)

 Using customized tuning parameters: mindgm=1; mindgv=20; mindgc=4; mindgr=1; noblas=0; minvec=7
 default implementation of scratch files=sf  

 geomtyp=xyz
 geometry={
 13
  N0         -1.871728000000       0.590372000000      -0.409427000000
  C1         -2.211908000000      -0.607269000000       0.366391000000
  H2         -3.290849000000      -0.800379000000       0.474364000000
  H3         -1.777031000000      -0.515398000000       1.366626000000
  H4         -1.756203000000      -1.480607000000      -0.110636000000
  H5         -2.292946460000       1.392500770000       0.013851220000
  H6         -2.211824870000       0.489597950000      -1.344402240000
  H7         -0.878517500000       0.705429620000      -0.426592450000
  C8          1.194799690000      -1.104145960000      -0.353656610000
  H9          0.541518690000      -1.720515960000       0.269681390000
  H10         2.230320690000      -1.400958960000      -0.171655610000
  S11         1.055685690000       0.673513040000       0.081186390000
  H12         0.964342690000      -1.274252960000      -1.408608610000
 }
 
 
 basis=avqz
 
                                                                                 ! Complex
 set,charge=0
 
 df-hf
 e_rhf_c = energy*tokcal
 df-mp2
 e_corr_c = energy*tokcal
 e_c = e_corr_c - e_rhf_c
 
 
                                                                                 ! Monomer 1
 set,charge=1
 dummy,C8,H9,H10,S11,H12
 
 df-hf
 e_rhf_a = energy*tokcal
 df-mp2
 e_corr_a = energy*tokcal
 e_a = e_corr_a - e_rhf_a
 
 
                                                                                 ! Monomer 2
 set,charge=-1
 dummy,N0,C1,H2,H3,H4,H5,H6,H7
 
 df-hf
 e_rhf_b = energy*tokcal
 df-mp2
 e_corr_b = energy*tokcal
 e_b = e_corr_b - e_rhf_b
 
 
 e_rhf_cp = e_rhf_c - (e_rhf_a + e_rhf_b)
 e_corr_cp = e_c - (e_a + e_b)

 Variables initialized (782), CPU time= 0.01 sec
 Commands  initialized (547), CPU time= 0.01 sec, 517 directives.
 Default parameters read. Elapsed time= 0.12 sec

 Checking input...
 Passed
1


                                         ***  PROGRAM SYSTEM MOLPRO  ***
                         Copyright, University College Cardiff Consultants Limited, 2008

                                    Version 2012.1 linked Oct 11 2014 15:40:16


 **********************************************************************************************************************************
 LABEL *                                                                                 
 Linux-2.6.18-308.el5/compute-1-31.local(x86_64) 64 bit mpp version                      DATE: 12-Dec-14          TIME: 06:43:08  
 **********************************************************************************************************************************

 SHA1:             65e45729fe3f963b0eb97374e3bda9949063ef0f
 **********************************************************************************************************************************
 SETTING GEOMTYP        =    XYZ

 Turning off symmetry in density fitting calculation
 To re-enable, use 'set,zsymel=auto'


 Variable memory set to  350000000 words,  buffer space   230000 words

 SETTING BASIS          =    AVQZ
 SETTING CHARGE         =         0.00000000                                  


 Recomputing integrals since basis changed


 Using spherical harmonics

 Library entry N      S aug-cc-pVQZ          selected for orbital group  1
 Library entry N      P aug-cc-pVQZ          selected for orbital group  1
 Library entry N      D aug-cc-pVQZ          selected for orbital group  1
 Library entry N      F aug-cc-pVQZ          selected for orbital group  1
 Library entry N      G aug-cc-pVQZ          selected for orbital group  1
 Library entry C      S aug-cc-pVQZ          selected for orbital group  2
 Library entry C      P aug-cc-pVQZ          selected for orbital group  2
 Library entry C      D aug-cc-pVQZ          selected for orbital group  2
 Library entry C      F aug-cc-pVQZ          selected for orbital group  2
 Library entry C      G aug-cc-pVQZ          selected for orbital group  2
 Library entry H      S aug-cc-pVQZ          selected for orbital group  3
 Library entry H      P aug-cc-pVQZ          selected for orbital group  3
 Library entry H      D aug-cc-pVQZ          selected for orbital group  3
 Library entry H      F aug-cc-pVQZ          selected for orbital group  3
 Library entry S      S aug-cc-pVQZ          selected for orbital group  6
 Library entry S      P aug-cc-pVQZ          selected for orbital group  6
 Library entry S      D aug-cc-pVQZ          selected for orbital group  6
 Library entry S      F aug-cc-pVQZ          selected for orbital group  6
 Library entry S      G aug-cc-pVQZ          selected for orbital group  6

1PROGRAM * SEWARD (Integral evaluation for generally contracted gaussian basis sets)     Author: Roland Lindh, 1990

 Geometry written to block  1 of record 700


 Point group  C1  



 ATOMIC COORDINATES

 NR  ATOM    CHARGE       X              Y              Z

   1  N0      7.00   -3.537053313    1.115641396   -0.773704901
   2  C1      6.00   -4.179900348   -1.147572098    0.692378647
   3  H2      1.00   -6.218803350   -1.512497111    0.896418047
   4  H3      1.00   -3.358101917   -0.973961069    2.582548864
   5  H4      1.00   -3.318742701   -2.797941738   -0.209071740
   6  H5      1.00   -4.333040843    2.631445093    0.026175012
   7  H6      1.00   -4.179743255    0.925206040   -2.540552044
   8  H7      1.00   -1.660157477    1.333068787   -0.806142900
   9  C8      6.00    2.257844196   -2.086533474   -0.668314137
  10  H9      1.00    1.023322019   -3.251303969    0.509623970
  11  H10     1.00    4.214695289   -2.647428756   -0.324382092
  12  S11    16.00    1.994956835    1.272755192    0.153420043
  13  H12     1.00    1.822343581   -2.407989117   -2.661884499

 Bond lengths in Bohr (Angstrom)

 1-2  2.772145126  1-6  1.889726137  1-7  1.889726122  1-8  1.889726137  2-3  2.081328372
     ( 1.466956021)     ( 1.000000003)     ( 0.999999995)     ( 1.000000003)     ( 1.101391539)

  2- 4  2.068389929   2- 5  2.068314590   9-10  2.065980033   9-11  2.064499690   9-12  3.468310419
       ( 1.094544810)       ( 1.094504942)       ( 1.093269548)       ( 1.092486184)       ( 1.835350827)

  9-13  2.065748606
       ( 1.093147082)

 Bond angles

  1-2-3  114.97091777   1-2-4  108.82223243   1-2-5  108.92862229   2-1-6  109.47122075

  2-1-7  109.47122046   2-1-8  109.47122040   3-2-4  108.32125274   3-2-5  108.10103971

  4-2-5  107.44770163   6-1-7  109.47122110   6-1-8  109.47122038   7-1-8  109.47122072

 10- 9-11  108.55608257  10- 9-12  111.44980305  10- 9-13  109.66566187  11- 9-12  107.18872473

 11- 9-13  108.56147558  12- 9-13  111.30848894

 NUCLEAR CHARGE:                   44
 NUMBER OF PRIMITIVE AOS:        1004
 NUMBER OF SYMMETRY AOS:          823
 NUMBER OF CONTRACTIONS:          738   ( 738A   )
 NUMBER OF CORE ORBITALS:           8   (   8A   )
 NUMBER OF VALENCE ORBITALS:       25   (  25A   )


 NUCLEAR REPULSION ENERGY  171.81207763


 Eigenvalues of metric

         1 0.198E-05 0.264E-05 0.517E-05 0.555E-05 0.660E-05 0.870E-05 0.969E-05 0.132E-04


 OPERATOR DM      FOR CENTER  0  COORDINATES:    0.000000    0.000000    0.000000


 **********************************************************************************************************************************
 DATASETS  * FILE   NREC   LENGTH (MB)   RECORD NAMES
              1      18       27.60       500      610      700      900      950      970     1000      129      960     1100   
                                          VAR    BASINP    GEOM    SYMINP    ZMAT    AOBASIS   BASIS     P2S    ABASIS      S 
                                         1400     1410     1200     1210     1080     1600     1650     1700   
                                           T        V       H0       H01     AOSYM     SMH    MOLCAS    OPER   

 PROGRAMS   *        TOTAL       INT
 CPU TIMES  *         2.10      1.96
 REAL TIME  *         2.40 SEC
 DISK USED  *         0.00 MB      
 GA USED    *         0.01 MB       (max)       0.00 MB       (current)
 **********************************************************************************************************************************

1PROGRAM * RHF-SCF (CLOSED SHELL)       Authors: W. Meyer, H.-J. Werner


 NUMBER OF ELECTRONS:      22+   22-    SPACE SYMMETRY=1    SPIN SYMMETRY: Singlet 
 CONVERGENCE THRESHOLDS:    1.00E-05 (Density)    1.00E-07 (Energy)
 INTEGRAL THRESHOLDS:       1.00E-12 (Initial)    1.00E-12 (Final)
 MAX. NUMBER OF ITERATIONS:       60
 INTERPOLATION TYPE:            DIIS
 INTERPOLATION STEPS:              2 (START)      1 (STEP)
 LEVEL SHIFTS:                  0.00 (CLOSED)  0.00 (OPEN) 



 
 Basis set CC-PVQZ/JKFIT generated.      Number of basis functions:   925 
 
 Orbital guess generated from atomic densities. Full valence occupancy:   33
 Coulomb and exchange fitting
 Thresholds for fitting:       THRAO_COUL= 1.0D-15    THRAO_EXCH= 1.0D-13    THRMO= 1.0D-12    THRPROD= 1.0D-12    THRASM= 1.0D-12
                               THR2HLF=    1.0D-12

 Molecular orbital dump at record        2100.2

 ITERATION   DDIFF            GRAD            ENERGY        2-EL.EN.            DIPOLE MOMENTS         DIIS   CPU(IT)  CPU(TOT)  ORB.
    1      0.000D+00      0.000D+00      -532.88803310    741.833081   -5.01928   -0.71752   -0.96934    0      2.8     12.5     start
    2      0.000D+00      0.190D-02      -532.96450647    736.584593   -3.91414   -0.44903   -0.43767    1      2.4     14.9     diag
    3      0.215D-02      0.797D-03      -532.97478867    738.238986   -4.09696   -0.57412   -0.57501    2      2.2     17.1     diag
    4      0.901D-03      0.221D-03      -532.97597628    738.179471   -4.05048   -0.58526   -0.55650    3      2.4     19.5     diag
    5      0.227D-03      0.512D-04      -532.97606663    738.034463   -4.04117   -0.57989   -0.55187    4      2.3     21.8     diag
    6      0.593D-04      0.176D-04      -532.97607713    738.068944   -4.04083   -0.58161   -0.55143    5      2.6     24.4     diag
    7      0.207D-04      0.492D-05      -532.97607830    738.060124   -4.04120   -0.58113   -0.55129    6      2.5     26.9     diag
    8      0.701D-05      0.152D-05      -532.97607845    738.061118   -4.04132   -0.58068   -0.55114    7      2.2     29.1     diag
    9      0.287D-05      0.378D-06      -532.97607846    738.060868   -4.04136   -0.58056   -0.55114    8      2.9     32.0     diag
   10      0.715D-06      0.895D-07      -532.97607846    738.060952   -4.04138   -0.58051   -0.55112    0      2.6     34.6     orth

 Final occupancy:  22

 !RHF STATE 1.1 Energy               -532.976078459400
 Nuclear energy                       171.81207763
 One-electron energy                -1073.81863186
 Two-electron energy                  369.03047577
 Virial quotient                       -0.99996298
 !RHF STATE 1.1 Dipole moment          -4.04137680    -0.58050903    -0.55112030
 Dipole moment /Debye                 -10.27148246    -1.47541014    -1.40071633

 Orbital energies:

         1.1          2.1          3.1          4.1          5.1          6.1          7.1          8.1          9.1         10.1
    -91.821849   -15.694056   -11.318825   -11.196872    -8.824519    -6.506346    -6.504919    -6.504737    -1.347691    -0.998169

        11.1         12.1         13.1         14.1         15.1         16.1         17.1         18.1         19.1         20.1
     -0.941834    -0.811206    -0.809666    -0.735493    -0.693225    -0.604467    -0.601304    -0.528837    -0.525633    -0.391770

        21.1         22.1         23.1         24.1
     -0.264986    -0.252435    -0.000509     0.020689

 HOMO     22.1    -0.252435 =      -6.8691eV
 LUMO     23.1    -0.000509 =      -0.0138eV
 LUMO-HOMO         0.251926 =       6.8553eV


 **********************************************************************************************************************************
 DATASETS  * FILE   NREC   LENGTH (MB)   RECORD NAMES
              1      18       27.60       500      610      700      900      950      970     1000      129      960     1100   
                                          VAR    BASINP    GEOM    SYMINP    ZMAT    AOBASIS   BASIS     P2S    ABASIS      S 
                                         1400     1410     1200     1210     1080     1600     1650     1700   
                                           T        V       H0       H01     AOSYM     SMH    MOLCAS    OPER   

              2       4       13.71       700     1000      520     2100   
                                         GEOM     BASIS   MCVARS     RHF  

 PROGRAMS   *        TOTAL        HF       INT
 CPU TIMES  *        37.16     35.06      1.96
 REAL TIME  *        78.34 SEC
 DISK USED  *       942.69 MB      
 SF USED    *       132.50 MB      
 GA USED    *         3.20 MB       (max)       0.00 MB       (current)
 **********************************************************************************************************************************
 SETTING E_RHF_C        =    ***************  KCAL/MOL                        


1PROGRAM * MP2 (Closed-shell)     Authors: C. Hampel, H.-J. Werner, 1991, M. Deegan, P.J. Knowles, 1992

 Basis set AUG-CC-PVQZ/MP2FIT generated. Number of basis functions:   1418 

 Convergence thresholds:  THRVAR = 1.00D-08  THRDEN = 1.00D-06

 Number of core orbitals:           8 (   8 )
 Number of closed-shell orbitals:  14 (  14 )
 Number of external orbitals:     716 ( 716 )

 Molecular orbitals read from record     2100.2  Type=RHF/CANONICAL (state 1.1)
 

 Entering DF-MP2

 Thresholds:    THRAO= 0.100D-09    THRMO= 0.100D-08    THROV= 0.100D-11

 Fitting basis: AUG-CC-PVQZ-MP2F
 Number of fitting functions:                1418
 Number of blocks in AO basis:                  4
 Minimum block size:                           84
 Maximum block size:                          218
 Average block size:                          185
 Number of groups in AO basis:                151
 Number of shells in AO basis:                269

 Using large memory version DFMP2B. NIBTK= 1  NGPU= 0  IGPU= 0

 para=T  nprocs= 12  mpptyp=0  number of tasks=  24

 Minimum memory with paging:                  4.71 MW
 Minimum memory for incore assembly:         14.73 MW
 Maximum memory for incore algorithm:        18.43 MW
 Memory for 3-index integrals:                0.00 MW

 Disk space for H1-integrals:               117.84 MB (   336 records)
 
 CPU time for half transformed integrals      1.52 sec, elapsed time      1.53 sec
 CPU time for assembly                        1.52 sec, elapsed time      2.82 sec (7679.0 MFLOP/sec)
 Total CPU time                               4.88 sec, elapsed time      6.29 sec

 SCS-MP2 correlation energy:           -0.852413775672   (PS=  1.200000  PT=  0.333333)
 SCS-MP2 total energy:               -533.828492235083

 Norm of first-order wave function:     0.202346657342
 Coefficient of reference function:     0.911979654798

  Reference energy                   -532.976078459412
  MP2 singlet pair energy              -0.569164040618
  MP2 triplet pair energy              -0.272277203994
  MP2 correlation energy               -0.841441244613

 !MP2 total energy                   -533.817519704024


 **********************************************************************************************************************************
 DATASETS  * FILE   NREC   LENGTH (MB)   RECORD NAMES
              1      18       27.60       500      610      700      900      950      970     1000      129      960     1100   
                                          VAR    BASINP    GEOM    SYMINP    ZMAT    AOBASIS   BASIS     P2S    ABASIS      S 
                                         1400     1410     1200     1210     1080     1600     1650     1700   
                                           T        V       H0       H01     AOSYM     SMH    MOLCAS    OPER   

              2       4       13.71       700     1000      520     2100   
                                         GEOM     BASIS   MCVARS     RHF  

 PROGRAMS   *        TOTAL       MP2        HF       INT
 CPU TIMES  *        44.10      6.93     35.06      1.96
 REAL TIME  *        87.40 SEC
 DISK USED  *       942.69 MB      
 SF USED    *       465.16 MB      
 GA USED    *         3.20 MB       (max)       0.00 MB       (current)
 **********************************************************************************************************************************
 SETTING E_CORR_C       =    ***************  KCAL/MOL                        
 SETTING E_C            =      -528.01245884  KCAL/MOL                        
 SETTING CHARGE         =         1.00000000                                  

 Dummy atoms: C8  H9  H10  S11  H12


 Recomputing one-electron integrals since nuclear charges changed

1PROGRAM * SEWARD (Integral evaluation for generally contracted gaussian basis sets)     Author: Roland Lindh, 1990

 Geometry written to block  1 of record 700


 Point group  C1  



 ATOMIC COORDINATES

 NR  ATOM    CHARGE       X              Y              Z

   1  N0      7.00   -3.537053313    1.115641396   -0.773704901
   2  C1      6.00   -4.179900348   -1.147572098    0.692378647
   3  H2      1.00   -6.218803350   -1.512497111    0.896418047
   4  H3      1.00   -3.358101917   -0.973961069    2.582548864
   5  H4      1.00   -3.318742701   -2.797941738   -0.209071740
   6  H5      1.00   -4.333040843    2.631445093    0.026175012
   7  H6      1.00   -4.179743255    0.925206040   -2.540552044
   8  H7      1.00   -1.660157477    1.333068787   -0.806142900
   9  C8      0.00    2.257844196   -2.086533474   -0.668314137
  10  H9      0.00    1.023322019   -3.251303969    0.509623970
  11  H10     0.00    4.214695289   -2.647428756   -0.324382092
  12  S11     0.00    1.994956835    1.272755192    0.153420043
  13  H12     0.00    1.822343581   -2.407989117   -2.661884499

 Bond lengths in Bohr (Angstrom)

 1-2  2.772145126  1-6  1.889726137  1-7  1.889726122  1-8  1.889726137  2-3  2.081328372
     ( 1.466956021)     ( 1.000000003)     ( 0.999999995)     ( 1.000000003)     ( 1.101391539)

  2- 4  2.068389929   2- 5  2.068314590   9-10  2.065980033   9-11  2.064499690   9-12  3.468310419
       ( 1.094544810)       ( 1.094504942)       ( 1.093269548)       ( 1.092486184)       ( 1.835350827)

  9-13  2.065748606
       ( 1.093147082)

 Bond angles

  1-2-3  114.97091777   1-2-4  108.82223243   1-2-5  108.92862229   2-1-6  109.47122075

  2-1-7  109.47122046   2-1-8  109.47122040   3-2-4  108.32125274   3-2-5  108.10103971

  4-2-5  107.44770163   6-1-7  109.47122110   6-1-8  109.47122038   7-1-8  109.47122072

 10- 9-11  108.55608257  10- 9-12  111.44980305  10- 9-13  109.66566187  11- 9-12  107.18872473

 11- 9-13  108.56147558  12- 9-13  111.30848894

 NUCLEAR CHARGE:                   19
 NUMBER OF PRIMITIVE AOS:        1004
 NUMBER OF SYMMETRY AOS:          823
 NUMBER OF CONTRACTIONS:          738   ( 738A   )
 NUMBER OF CORE ORBITALS:           2   (   2A   )
 NUMBER OF VALENCE ORBITALS:       14   (  14A   )

 MOLECULE CHANGED: INITIALIZING OCCUPATION AND DUMP RECORDS


 NUCLEAR REPULSION ENERGY   48.60267443


 Eigenvalues of metric

         1 0.198E-05 0.264E-05 0.517E-05 0.555E-05 0.660E-05 0.870E-05 0.969E-05 0.132E-04


 OPERATOR DM      FOR CENTER  0  COORDINATES:    0.000000    0.000000    0.000000


 **********************************************************************************************************************************
 DATASETS  * FILE   NREC   LENGTH (MB)   RECORD NAMES
              1      18       27.60       500      610      700      900      950      970     1000      129      960     1100   
                                          VAR    BASINP    GEOM    SYMINP    ZMAT    AOBASIS   BASIS     P2S    ABASIS      S 
                                         1400     1410     1200     1210     1080     1600     1650     1700   
                                           T        V       H0       H01     AOSYM     SMH    MOLCAS    OPER   

              2       4       13.71       700     1000      520     2100   
                                         GEOM     BASIS   MCVARS     RHF  

 PROGRAMS   *        TOTAL       INT       MP2        HF       INT
 CPU TIMES  *        45.69      1.58      6.93     35.06      1.96
 REAL TIME  *        91.12 SEC
 DISK USED  *       942.69 MB      
 SF USED    *       465.16 MB      
 GA USED    *         3.20 MB       (max)       0.00 MB       (current)
 **********************************************************************************************************************************

1PROGRAM * RHF-SCF (CLOSED SHELL)       Authors: W. Meyer, H.-J. Werner


 NUMBER OF ELECTRONS:       9+    9-    SPACE SYMMETRY=1    SPIN SYMMETRY: Singlet 
 CONVERGENCE THRESHOLDS:    1.00E-05 (Density)    1.00E-07 (Energy)
 INTEGRAL THRESHOLDS:       1.00E-12 (Initial)    1.00E-12 (Final)
 MAX. NUMBER OF ITERATIONS:       60
 INTERPOLATION TYPE:            DIIS
 INTERPOLATION STEPS:              2 (START)      1 (STEP)
 LEVEL SHIFTS:                  0.00 (CLOSED)  0.00 (OPEN) 



 
 Basis set CC-PVQZ/JKFIT generated.      Number of basis functions:   925 
 
 Orbital guess generated from atomic densities. Full valence occupancy:   16
 Coulomb and exchange fitting
 Thresholds for fitting:       THRAO_COUL= 1.0D-15    THRAO_EXCH= 1.0D-13    THRMO= 1.0D-12    THRPROD= 1.0D-12    THRASM= 1.0D-12
                               THR2HLF=    1.0D-12

 Molecular orbital dump at record        2101.2

 ITERATION   DDIFF            GRAD            ENERGY        2-EL.EN.            DIPOLE MOMENTS         DIIS   CPU(IT)  CPU(TOT)  ORB.
    1      0.000D+00      0.000D+00       -95.57466213    148.289145   -3.53302    1.10592   -0.76779    0      2.7     10.2     start
    2      0.000D+00      0.224D-02       -95.61663195    150.833008   -3.64005    0.73414   -0.52712    1      2.2     12.4     diag
    3      0.120D-02      0.895D-03       -95.62106845    149.932478   -3.63834    0.74001   -0.53084    2      2.0     14.4     diag
    4      0.466D-03      0.294D-03       -95.62170092    150.153277   -3.64604    0.71577   -0.51517    3      2.3     16.7     diag
    5      0.128D-03      0.445D-04       -95.62172691    150.168929   -3.64764    0.71017   -0.51154    4      2.0     18.7     diag
    6      0.249D-04      0.827D-05       -95.62172794    150.163643   -3.64805    0.70899   -0.51077    5      2.3     21.0     diag
    7      0.692D-05      0.223D-05       -95.62172799    150.164839   -3.64807    0.70882   -0.51066    6      2.1     23.2     diag
    8      0.158D-05      0.626D-06       -95.62172800    150.164443   -3.64810    0.70873   -0.51060    0      2.3     25.5     orth

 Final occupancy:   9

 !RHF STATE 1.1 Energy                -95.621727998469
 Nuclear energy                        48.60267443
 One-electron energy                 -219.30662411
 Two-electron energy                   75.08222168
 Virial quotient                       -1.00005680
 !RHF STATE 1.1 Dipole moment          -3.64809668     0.70873083    -0.51060227
 Dipole moment /Debye                  -9.27192956     1.80129610    -1.29773653

 Orbital energies:

         1.1          2.1          3.1          4.1          5.1          6.1          7.1          8.1          9.1         10.1
    -15.911274   -11.488837    -1.549723    -1.176425    -1.008609    -1.008073    -0.880473    -0.774195    -0.773481    -0.127428

        11.1
     -0.087846

 HOMO      9.1    -0.773481 =     -21.0475eV
 LUMO     10.1    -0.127428 =      -3.4675eV
 LUMO-HOMO         0.646054 =      17.5800eV


 **********************************************************************************************************************************
 DATASETS  * FILE   NREC   LENGTH (MB)   RECORD NAMES
              1      18       27.60       500      610      700      900      950      970     1000      129      960     1100   
                                          VAR    BASINP    GEOM    SYMINP    ZMAT    AOBASIS   BASIS     P2S    ABASIS      S 
                                         1400     1410     1200     1210     1080     1600     1650     1700   
                                           T        V       H0       H01     AOSYM     SMH    MOLCAS    OPER   

              2       5       35.57       700     1000      520     2100     2101   
                                         GEOM     BASIS   MCVARS     RHF      RHF  

 PROGRAMS   *        TOTAL        HF       INT       MP2        HF       INT
 CPU TIMES  *        71.65     25.96      1.58      6.93     35.06      1.96
 REAL TIME  *       189.37 SEC
 DISK USED  *         1.15 GB      
 SF USED    *       465.16 MB      
 GA USED    *         3.20 MB       (max)       0.00 MB       (current)
 **********************************************************************************************************************************
 SETTING E_RHF_A        =    -60003.55228763  KCAL/MOL                        


1PROGRAM * MP2 (Closed-shell)     Authors: C. Hampel, H.-J. Werner, 1991, M. Deegan, P.J. Knowles, 1992

 Basis set AUG-CC-PVQZ/MP2FIT generated. Number of basis functions:   1418 

 Convergence thresholds:  THRVAR = 1.00D-08  THRDEN = 1.00D-06

 Number of core orbitals:           2 (   2 )
 Number of closed-shell orbitals:   7 (   7 )
 Number of external orbitals:     729 ( 729 )

 Molecular orbitals read from record     2101.2  Type=RHF/CANONICAL (state 1.1)
 

 Entering DF-MP2

 Thresholds:    THRAO= 0.100D-09    THRMO= 0.100D-08    THROV= 0.100D-11

 Fitting basis: AUG-CC-PVQZ-MP2F
 Number of fitting functions:                1418
 Number of blocks in AO basis:                  4
 Minimum block size:                           84
 Maximum block size:                          218
 Average block size:                          185
 Number of groups in AO basis:                151
 Number of shells in AO basis:                269

 Using large memory version DFMP2B. NIBTK= 1  NGPU= 0  IGPU= 0

 para=T  nprocs= 12  mpptyp=0  number of tasks=  24

 Minimum memory with paging:                  4.74 MW
 Minimum memory for incore assembly:          7.77 MW
 Maximum memory for incore algorithm:        11.07 MW
 Memory for 3-index integrals:                0.00 MW

 Disk space for H1-integrals:                58.92 MB (   168 records)
 
 CPU time for half transformed integrals      1.39 sec, elapsed time      1.66 sec
 CPU time for assembly                        0.54 sec, elapsed time      0.59 sec (5601.8 MFLOP/sec)
 Total CPU time                               4.05 sec, elapsed time      4.70 sec

 SCS-MP2 correlation energy:           -0.433648958142   (PS=  1.200000  PT=  0.333333)
 SCS-MP2 total energy:                -96.055376956611

 Norm of first-order wave function:     0.085922152934
 Coefficient of reference function:     0.959623011230

  Reference energy                    -95.621727998469
  MP2 singlet pair energy              -0.293947980814
  MP2 triplet pair energy              -0.130036148301
  MP2 correlation energy               -0.423984129115

 !MP2 total energy                    -96.045712127584


 **********************************************************************************************************************************
 DATASETS  * FILE   NREC   LENGTH (MB)   RECORD NAMES
              1      18       27.60       500      610      700      900      950      970     1000      129      960     1100   
                                          VAR    BASINP    GEOM    SYMINP    ZMAT    AOBASIS   BASIS     P2S    ABASIS      S 
                                         1400     1410     1200     1210     1080     1600     1650     1700   
                                           T        V       H0       H01     AOSYM     SMH    MOLCAS    OPER   

              2       5       35.57       700     1000      520     2100     2101   
                                         GEOM     BASIS   MCVARS     RHF      RHF  

 PROGRAMS   *        TOTAL       MP2        HF       INT       MP2        HF       INT
 CPU TIMES  *        76.65      4.99     25.96      1.58      6.93     35.06      1.96
 REAL TIME  *       195.63 SEC
 DISK USED  *         1.15 GB      
 SF USED    *       465.16 MB      
 GA USED    *         3.20 MB       (max)       0.00 MB       (current)
 **********************************************************************************************************************************
 SETTING E_CORR_A       =    -60269.60639890  KCAL/MOL                        
 SETTING E_A            =      -266.05411127  KCAL/MOL                        
 SETTING CHARGE         =        -1.00000000                                  

 Dummy atoms: N0  C1  H2  H3  H4  H5  H6  H7


 Recomputing one-electron integrals since nuclear charges changed

1PROGRAM * SEWARD (Integral evaluation for generally contracted gaussian basis sets)     Author: Roland Lindh, 1990

 Geometry written to block  1 of record 700


 Point group  C1  



 ATOMIC COORDINATES

 NR  ATOM    CHARGE       X              Y              Z

   1  N0      0.00   -3.537053313    1.115641396   -0.773704901
   2  C1      0.00   -4.179900348   -1.147572098    0.692378647
   3  H2      0.00   -6.218803350   -1.512497111    0.896418047
   4  H3      0.00   -3.358101917   -0.973961069    2.582548864
   5  H4      0.00   -3.318742701   -2.797941738   -0.209071740
   6  H5      0.00   -4.333040843    2.631445093    0.026175012
   7  H6      0.00   -4.179743255    0.925206040   -2.540552044
   8  H7      0.00   -1.660157477    1.333068787   -0.806142900
   9  C8      6.00    2.257844196   -2.086533474   -0.668314137
  10  H9      1.00    1.023322019   -3.251303969    0.509623970
  11  H10     1.00    4.214695289   -2.647428756   -0.324382092
  12  S11    16.00    1.994956835    1.272755192    0.153420043
  13  H12     1.00    1.822343581   -2.407989117   -2.661884499

 Bond lengths in Bohr (Angstrom)

 1-2  2.772145126  1-6  1.889726137  1-7  1.889726122  1-8  1.889726137  2-3  2.081328372
     ( 1.466956021)     ( 1.000000003)     ( 0.999999995)     ( 1.000000003)     ( 1.101391539)

  2- 4  2.068389929   2- 5  2.068314590   9-10  2.065980033   9-11  2.064499690   9-12  3.468310419
       ( 1.094544810)       ( 1.094504942)       ( 1.093269548)       ( 1.092486184)       ( 1.835350827)

  9-13  2.065748606
       ( 1.093147082)

 Bond angles

  1-2-3  114.97091777   1-2-4  108.82223243   1-2-5  108.92862229   2-1-6  109.47122075

  2-1-7  109.47122046   2-1-8  109.47122040   3-2-4  108.32125274   3-2-5  108.10103971

  4-2-5  107.44770163   6-1-7  109.47122110   6-1-8  109.47122038   7-1-8  109.47122072

 10- 9-11  108.55608257  10- 9-12  111.44980305  10- 9-13  109.66566187  11- 9-12  107.18872473

 11- 9-13  108.56147558  12- 9-13  111.30848894

 NUCLEAR CHARGE:                   25
 NUMBER OF PRIMITIVE AOS:        1004
 NUMBER OF SYMMETRY AOS:          823
 NUMBER OF CONTRACTIONS:          738   ( 738A   )
 NUMBER OF CORE ORBITALS:           6   (   6A   )
 NUMBER OF VALENCE ORBITALS:       11   (  11A   )

 MOLECULE CHANGED: INITIALIZING OCCUPATION AND DUMP RECORDS


 NUCLEAR REPULSION ENERGY   47.71640682


 Eigenvalues of metric

         1 0.198E-05 0.264E-05 0.517E-05 0.555E-05 0.660E-05 0.870E-05 0.969E-05 0.132E-04


 OPERATOR DM      FOR CENTER  0  COORDINATES:    0.000000    0.000000    0.000000


 **********************************************************************************************************************************
 DATASETS  * FILE   NREC   LENGTH (MB)   RECORD NAMES
              1      18       27.60       500      610      700      900      950      970     1000      129      960     1100   
                                          VAR    BASINP    GEOM    SYMINP    ZMAT    AOBASIS   BASIS     P2S    ABASIS      S 
                                         1400     1410     1200     1210     1080     1600     1650     1700   
                                           T        V       H0       H01     AOSYM     SMH    MOLCAS    OPER   

              2       5       35.57       700     1000      520     2100     2101   
                                         GEOM     BASIS   MCVARS     RHF      RHF  

 PROGRAMS   *        TOTAL       INT       MP2        HF       INT       MP2        HF       INT
 CPU TIMES  *        78.22      1.55      4.99     25.96      1.58      6.93     35.06      1.96
 REAL TIME  *       199.28 SEC
 DISK USED  *         1.15 GB      
 SF USED    *       465.16 MB      
 GA USED    *         3.20 MB       (max)       0.00 MB       (current)
 **********************************************************************************************************************************

1PROGRAM * RHF-SCF (CLOSED SHELL)       Authors: W. Meyer, H.-J. Werner


 NUMBER OF ELECTRONS:      13+   13-    SPACE SYMMETRY=1    SPIN SYMMETRY: Singlet 
 CONVERGENCE THRESHOLDS:    1.00E-05 (Density)    1.00E-07 (Energy)
 INTEGRAL THRESHOLDS:       1.00E-12 (Initial)    1.00E-12 (Final)
 MAX. NUMBER OF ITERATIONS:       60
 INTERPOLATION TYPE:            DIIS
 INTERPOLATION STEPS:              2 (START)      1 (STEP)
 LEVEL SHIFTS:                  0.00 (CLOSED)  0.00 (OPEN) 



 
 Basis set CC-PVQZ/JKFIT generated.      Number of basis functions:   925 
 
 Orbital guess generated from atomic densities. Full valence occupancy:   17
 Coulomb and exchange fitting
 Thresholds for fitting:       THRAO_COUL= 1.0D-15    THRAO_EXCH= 1.0D-13    THRMO= 1.0D-12    THRPROD= 1.0D-12    THRASM= 1.0D-12
                               THR2HLF=    1.0D-12

 Molecular orbital dump at record        2102.2

 ITERATION   DDIFF            GRAD            ENERGY        2-EL.EN.            DIPOLE MOMENTS         DIIS   CPU(IT)  CPU(TOT)  ORB.
    1      0.000D+00      0.000D+00      -437.11925556    445.123372   -1.93536   -1.82793   -0.28551    0      3.0     11.2     start
    2      0.000D+00      0.189D-02      -437.17179706    435.577125   -1.99031   -1.14640   -0.12008    1      3.9     15.1     diag
    3      0.212D-02      0.942D-03      -437.18041946    438.406618   -1.98103   -1.31346   -0.16122    2      2.4     17.5     diag
    4      0.907D-03      0.162D-03      -437.18110394    438.254131   -1.98032   -1.33626   -0.16692    3      2.0     19.5     diag
    5      0.165D-03      0.455D-04      -437.18117346    438.236558   -1.98126   -1.33827   -0.16756    4      2.8     22.3     diag
    6      0.635D-04      0.113D-04      -437.18117817    438.226793   -1.98121   -1.34073   -0.16816    5      2.2     24.5     diag
    7      0.324D-04      0.344D-05      -437.18117861    438.229523   -1.98135   -1.34006   -0.16800    6      2.5     27.0     diag
    8      0.115D-04      0.141D-05      -437.18117866    438.228715   -1.98137   -1.34010   -0.16801    7      2.2     29.2     diag
    9      0.318D-05      0.391D-06      -437.18117866    438.228850   -1.98137   -1.33991   -0.16796    0      2.1     31.3     orth

 Final occupancy:  13

 !RHF STATE 1.1 Energy               -437.181178659363
 Nuclear energy                        47.71640682
 One-electron energy                 -704.01201065
 Two-electron energy                  219.11442517
 Virial quotient                       -1.00007802
 !RHF STATE 1.1 Dipole moment          -1.98137267    -1.33990606    -0.16795878
 Dipole moment /Debye                  -5.03581715    -3.40547845    -0.42688068

 Orbital energies:

         1.1          2.1          3.1          4.1          5.1          6.1          7.1          8.1          9.1         10.1
    -91.660102   -11.045295    -8.660746    -6.342656    -6.340977    -6.340971    -0.781126    -0.575253    -0.376299    -0.373717

        11.1         12.1         13.1         14.1         15.1
     -0.229128    -0.083207    -0.082102     0.102034     0.122226

 HOMO     13.1    -0.082102 =      -2.2341eV
 LUMO     14.1     0.102034 =       2.7765eV
 LUMO-HOMO         0.184137 =       5.0106eV


 **********************************************************************************************************************************
 DATASETS  * FILE   NREC   LENGTH (MB)   RECORD NAMES
              1      18       27.60       500      610      700      900      950      970     1000      129      960     1100   
                                          VAR    BASINP    GEOM    SYMINP    ZMAT    AOBASIS   BASIS     P2S    ABASIS      S 
                                         1400     1410     1200     1210     1080     1600     1650     1700   
                                           T        V       H0       H01     AOSYM     SMH    MOLCAS    OPER   

              2       6       57.43       700     1000      520     2100     2101     2102   
                                         GEOM     BASIS   MCVARS     RHF      RHF      RHF  

 PROGRAMS   *        TOTAL        HF       INT       MP2        HF       INT       MP2        HF       INT
 CPU TIMES  *       110.04     31.83      1.55      4.99     25.96      1.58      6.93     35.06      1.96
 REAL TIME  *       315.16 SEC
 DISK USED  *         1.44 GB      
 SF USED    *       465.16 MB      
 GA USED    *         3.20 MB       (max)       0.00 MB       (current)
 **********************************************************************************************************************************
 SETTING E_RHF_B        =    ***************  KCAL/MOL                        


1PROGRAM * MP2 (Closed-shell)     Authors: C. Hampel, H.-J. Werner, 1991, M. Deegan, P.J. Knowles, 1992

 Basis set AUG-CC-PVQZ/MP2FIT generated. Number of basis functions:   1418 

 Convergence thresholds:  THRVAR = 1.00D-08  THRDEN = 1.00D-06

 Number of core orbitals:           6 (   6 )
 Number of closed-shell orbitals:   7 (   7 )
 Number of external orbitals:     725 ( 725 )

 Molecular orbitals read from record     2102.2  Type=RHF/CANONICAL (state 1.1)
 

 Entering DF-MP2

 Thresholds:    THRAO= 0.100D-09    THRMO= 0.100D-08    THROV= 0.100D-11

 Fitting basis: AUG-CC-PVQZ-MP2F
 Number of fitting functions:                1418
 Number of blocks in AO basis:                  4
 Minimum block size:                           84
 Maximum block size:                          218
 Average block size:                          185
 Number of groups in AO basis:                151
 Number of shells in AO basis:                269

 Using large memory version DFMP2B. NIBTK= 1  NGPU= 0  IGPU= 0

 para=T  nprocs= 12  mpptyp=0  number of tasks=  24

 Minimum memory with paging:                  4.73 MW
 Minimum memory for incore assembly:          7.72 MW
 Maximum memory for incore algorithm:        11.07 MW
 Memory for 3-index integrals:                0.00 MW

 Disk space for H1-integrals:                58.92 MB (   168 records)
 
 CPU time for half transformed integrals      1.36 sec, elapsed time      1.38 sec
 CPU time for assembly                        0.53 sec, elapsed time      0.58 sec (5645.0 MFLOP/sec)
 Total CPU time                               3.72 sec, elapsed time      4.08 sec

 SCS-MP2 correlation energy:           -0.407690015292   (PS=  1.200000  PT=  0.333333)
 SCS-MP2 total energy:               -437.588868674654

 Norm of first-order wave function:     0.115619152107
 Coefficient of reference function:     0.946764618045

  Reference energy                   -437.181178659362
  MP2 singlet pair energy              -0.271541286927
  MP2 triplet pair energy              -0.131529328359
  MP2 correlation energy               -0.403070615287

 !MP2 total energy                   -437.584249274649


 **********************************************************************************************************************************
 DATASETS  * FILE   NREC   LENGTH (MB)   RECORD NAMES
              1      18       27.60       500      610      700      900      950      970     1000      129      960     1100   
                                          VAR    BASINP    GEOM    SYMINP    ZMAT    AOBASIS   BASIS     P2S    ABASIS      S 
                                         1400     1410     1200     1210     1080     1600     1650     1700   
                                           T        V       H0       H01     AOSYM     SMH    MOLCAS    OPER   

              2       6       57.43       700     1000      520     2100     2101     2102   
                                         GEOM     BASIS   MCVARS     RHF      RHF      RHF  

 PROGRAMS   *        TOTAL       MP2        HF       INT       MP2        HF       INT       MP2        HF       INT
 CPU TIMES  *       114.67      4.62     31.83      1.55      4.99     25.96      1.58      6.93     35.06      1.96
 REAL TIME  *       320.63 SEC
 DISK USED  *         1.44 GB      
 SF USED    *       465.16 MB      
 GA USED    *         3.20 MB       (max)       0.00 MB       (current)
 **********************************************************************************************************************************
 SETTING E_CORR_B       =    ***************  KCAL/MOL                        
 SETTING E_B            =      -252.93068057  KCAL/MOL                        
 SETTING E_RHF_CP       =      -108.66696793  KCAL/MOL                        
 SETTING E_CORR_CP      =        -9.02766700  KCAL/MOL                        

        DF-MP2          DF-HF           DF-MP2          DF-HF           DF-MP2          DF-HF   
   -437.58424927   -437.18117866    -96.04571213    -95.62172800   -533.81751970   -532.97607846
 **********************************************************************************************************************************
 Variable memory released
