
 Primary working directories    : /scratch/1723637.phoenix.chem.wisc.edu
 Secondary working directories  : /scratch/1723637.phoenix.chem.wisc.edu
 Wavefunction directory         : /scratch/1723637.phoenix.chem.wisc.edu/
 Main file repository           : /scratch/1723637.phoenix.chem.wisc.edu/

 SHA1      : 65e45729fe3f963b0eb97374e3bda9949063ef0f
 NAME      : 2012.1.17
 ARCHNAME  : Linux/x86_64
 FC        : /opt/intel/composer_xe_2013.5.192/bin/intel64/ifort
 FCVERSION : 13.1.3
 BLASLIB   : -L/opt/intel/composer_xe_2013.5.192/mkl/lib/intel64 -lmkl_intel_ilp64 -lmkl_sequential -lmkl_core
 id        : cuichemwisc

 Nodes             nprocs
 compute-1-34.local   12
 ga_uses_ma=false, calling ma_init with nominal heap.
 GA-space will be limited to   8.0 MW (determined by -G option)

 Using customized tuning parameters: mindgm=1; mindgv=20; mindgc=4; mindgr=1; noblas=0; minvec=7
 default implementation of scratch files=sf  

 geomtyp=xyz
 geometry={
 13
  N0         -1.871728000000       0.590372000000      -0.409427000000
  C1         -2.211908000000      -0.607269000000       0.366391000000
  H2         -3.290849000000      -0.800379000000       0.474364000000
  H3         -1.777031000000      -0.515398000000       1.366626000000
  H4         -1.756203000000      -1.480607000000      -0.110636000000
  H5         -2.292946460000       1.392500770000       0.013851220000
  H6         -2.211824870000       0.489597950000      -1.344402240000
  H7         -0.878517500000       0.705429620000      -0.426592450000
  C8          1.508119864122      -1.098242666717      -0.355707818837
  H9          0.854838864122      -1.714612666717       0.267630181163
  H10         2.543640864122      -1.395055666717      -0.173706818837
  S11         1.369005864122       0.679416333283       0.079135181163
  H12         1.277662864122      -1.268349666717      -1.410659818837
 }
 
 
 basis=avqz
 
                                                                                 ! Complex
 set,charge=0
 
 df-hf
 e_rhf_c = energy*tokcal
 df-mp2
 e_corr_c = energy*tokcal
 e_c = e_corr_c - e_rhf_c
 
 
                                                                                 ! Monomer 1
 set,charge=1
 dummy,C8,H9,H10,S11,H12
 
 df-hf
 e_rhf_a = energy*tokcal
 df-mp2
 e_corr_a = energy*tokcal
 e_a = e_corr_a - e_rhf_a
 
 
                                                                                 ! Monomer 2
 set,charge=-1
 dummy,N0,C1,H2,H3,H4,H5,H6,H7
 
 df-hf
 e_rhf_b = energy*tokcal
 df-mp2
 e_corr_b = energy*tokcal
 e_b = e_corr_b - e_rhf_b
 
 
 e_rhf_cp = e_rhf_c - (e_rhf_a + e_rhf_b)
 e_corr_cp = e_c - (e_a + e_b)

 Variables initialized (782), CPU time= 0.01 sec
 Commands  initialized (547), CPU time= 0.01 sec, 517 directives.
 Default parameters read. Elapsed time= 0.14 sec

 Checking input...
 Passed
1


                                         ***  PROGRAM SYSTEM MOLPRO  ***
                         Copyright, University College Cardiff Consultants Limited, 2008

                                    Version 2012.1 linked Oct 11 2014 15:40:16


 **********************************************************************************************************************************
 LABEL *                                                                                 
 Linux-2.6.18-308.el5/compute-1-34.local(x86_64) 64 bit mpp version                      DATE: 12-Dec-14          TIME: 06:48:21  
 **********************************************************************************************************************************

 SHA1:             65e45729fe3f963b0eb97374e3bda9949063ef0f
 **********************************************************************************************************************************
 SETTING GEOMTYP        =    XYZ

 Turning off symmetry in density fitting calculation
 To re-enable, use 'set,zsymel=auto'


 Variable memory set to  350000000 words,  buffer space   230000 words

 SETTING BASIS          =    AVQZ
 SETTING CHARGE         =         0.00000000                                  


 Recomputing integrals since basis changed


 Using spherical harmonics

 Library entry N      S aug-cc-pVQZ          selected for orbital group  1
 Library entry N      P aug-cc-pVQZ          selected for orbital group  1
 Library entry N      D aug-cc-pVQZ          selected for orbital group  1
 Library entry N      F aug-cc-pVQZ          selected for orbital group  1
 Library entry N      G aug-cc-pVQZ          selected for orbital group  1
 Library entry C      S aug-cc-pVQZ          selected for orbital group  2
 Library entry C      P aug-cc-pVQZ          selected for orbital group  2
 Library entry C      D aug-cc-pVQZ          selected for orbital group  2
 Library entry C      F aug-cc-pVQZ          selected for orbital group  2
 Library entry C      G aug-cc-pVQZ          selected for orbital group  2
 Library entry H      S aug-cc-pVQZ          selected for orbital group  3
 Library entry H      P aug-cc-pVQZ          selected for orbital group  3
 Library entry H      D aug-cc-pVQZ          selected for orbital group  3
 Library entry H      F aug-cc-pVQZ          selected for orbital group  3
 Library entry S      S aug-cc-pVQZ          selected for orbital group  6
 Library entry S      P aug-cc-pVQZ          selected for orbital group  6
 Library entry S      D aug-cc-pVQZ          selected for orbital group  6
 Library entry S      F aug-cc-pVQZ          selected for orbital group  6
 Library entry S      G aug-cc-pVQZ          selected for orbital group  6

1PROGRAM * SEWARD (Integral evaluation for generally contracted gaussian basis sets)     Author: Roland Lindh, 1990

 Geometry written to block  1 of record 700


 Point group  C1  



 ATOMIC COORDINATES

 NR  ATOM    CHARGE       X              Y              Z

   1  N0      7.00   -3.537053313    1.115641396   -0.773704901
   2  C1      6.00   -4.179900348   -1.147572098    0.692378647
   3  H2      1.00   -6.218803350   -1.512497111    0.896418047
   4  H3      1.00   -3.358101917   -0.973961069    2.582548864
   5  H4      1.00   -3.318742701   -2.797941738   -0.209071740
   6  H5      1.00   -4.333040843    2.631445093    0.026175012
   7  H6      1.00   -4.179743255    0.925206040   -2.540552044
   8  H7      1.00   -1.660157477    1.333068787   -0.806142900
   9  C8      6.00    2.849933517   -2.075377866   -0.672190360
  10  H9      1.00    1.615411340   -3.240148362    0.505747747
  11  H10     1.00    4.806784610   -2.636273148   -0.328258315
  12  S11    16.00    2.587046156    1.283910799    0.149543820
  13  H12     1.00    2.414432901   -2.396833509   -2.665760722

 Bond lengths in Bohr (Angstrom)

 1-2  2.772145126  1-6  1.889726137  1-7  1.889726122  1-8  1.889726137  2-3  2.081328372
     ( 1.466956021)     ( 1.000000003)     ( 0.999999995)     ( 1.000000003)     ( 1.101391539)

  2- 4  2.068389929   2- 5  2.068314590   9-10  2.065980033   9-11  2.064499690   9-12  3.468310419
       ( 1.094544810)       ( 1.094504942)       ( 1.093269548)       ( 1.092486184)       ( 1.835350827)

  9-13  2.065748606
       ( 1.093147082)

 Bond angles

  1-2-3  114.97091777   1-2-4  108.82223243   1-2-5  108.92862229   2-1-6  109.47122075

  2-1-7  109.47122046   2-1-8  109.47122040   3-2-4  108.32125274   3-2-5  108.10103971

  4-2-5  107.44770163   6-1-7  109.47122110   6-1-8  109.47122038   7-1-8  109.47122072

 10- 9-11  108.55608257  10- 9-12  111.44980305  10- 9-13  109.66566187  11- 9-12  107.18872473

 11- 9-13  108.56147558  12- 9-13  111.30848894

 NUCLEAR CHARGE:                   44
 NUMBER OF PRIMITIVE AOS:        1004
 NUMBER OF SYMMETRY AOS:          823
 NUMBER OF CONTRACTIONS:          738   ( 738A   )
 NUMBER OF CORE ORBITALS:           8   (   8A   )
 NUMBER OF VALENCE ORBITALS:       25   (  25A   )


 NUCLEAR REPULSION ENERGY  165.56796256


 Eigenvalues of metric

         1 0.234E-05 0.335E-05 0.634E-05 0.678E-05 0.784E-05 0.978E-05 0.120E-04 0.159E-04


 OPERATOR DM      FOR CENTER  0  COORDINATES:    0.000000    0.000000    0.000000


 **********************************************************************************************************************************
 DATASETS  * FILE   NREC   LENGTH (MB)   RECORD NAMES
              1      18       27.60       500      610      700      900      950      970     1000      129      960     1100   
                                          VAR    BASINP    GEOM    SYMINP    ZMAT    AOBASIS   BASIS     P2S    ABASIS      S 
                                         1400     1410     1200     1210     1080     1600     1650     1700   
                                           T        V       H0       H01     AOSYM     SMH    MOLCAS    OPER   

 PROGRAMS   *        TOTAL       INT
 CPU TIMES  *         1.65      1.50
 REAL TIME  *         3.26 SEC
 DISK USED  *         0.00 MB      
 GA USED    *         0.01 MB       (max)       0.00 MB       (current)
 **********************************************************************************************************************************

1PROGRAM * RHF-SCF (CLOSED SHELL)       Authors: W. Meyer, H.-J. Werner


 NUMBER OF ELECTRONS:      22+   22-    SPACE SYMMETRY=1    SPIN SYMMETRY: Singlet 
 CONVERGENCE THRESHOLDS:    1.00E-05 (Density)    1.00E-07 (Energy)
 INTEGRAL THRESHOLDS:       1.00E-12 (Initial)    1.00E-12 (Final)
 MAX. NUMBER OF ITERATIONS:       60
 INTERPOLATION TYPE:            DIIS
 INTERPOLATION STEPS:              2 (START)      1 (STEP)
 LEVEL SHIFTS:                  0.00 (CLOSED)  0.00 (OPEN) 



 
 Basis set CC-PVQZ/JKFIT generated.      Number of basis functions:   925 
 
 Orbital guess generated from atomic densities. Full valence occupancy:   33
 Coulomb and exchange fitting
 Thresholds for fitting:       THRAO_COUL= 1.0D-15    THRAO_EXCH= 1.0D-13    THRMO= 1.0D-12    THRPROD= 1.0D-12    THRASM= 1.0D-12
                               THR2HLF=    1.0D-12

 Molecular orbital dump at record        2100.2

 ITERATION   DDIFF            GRAD            ENERGY        2-EL.EN.            DIPOLE MOMENTS         DIIS   CPU(IT)  CPU(TOT)  ORB.
    1      0.000D+00      0.000D+00      -532.87537329    729.495551   -5.75754   -0.73071   -0.99894    0      4.3     15.5     start
    2      0.000D+00      0.197D-02      -532.95846559    723.803488   -4.61045   -0.46792   -0.45923    1      2.3     17.8     diag
    3      0.226D-02      0.876D-03      -532.97062034    725.644533   -4.79328   -0.60107   -0.58901    2      2.8     20.6     diag
    4      0.950D-03      0.219D-03      -532.97187629    725.570388   -4.73262   -0.61752   -0.57366    3      2.2     22.8     diag
    5      0.231D-03      0.500D-04      -532.97196886    725.435220   -4.71732   -0.61292   -0.56865    4      3.5     26.3     diag
    6      0.585D-04      0.170D-04      -532.97197887    725.469525   -4.71546   -0.61517   -0.56837    5      2.1     28.4     diag
    7      0.197D-04      0.487D-05      -532.97197997    725.460697   -4.71479   -0.61469   -0.56820    6      2.2     30.5     diag
    8      0.665D-05      0.146D-05      -532.97198011    725.461706   -4.71455   -0.61433   -0.56803    7      2.2     32.7     diag
    9      0.262D-05      0.372D-06      -532.97198011    725.461630   -4.71446   -0.61417   -0.56801    8      2.2     34.9     diag
   10      0.681D-06      0.844D-07      -532.97198011    725.461627   -4.71448   -0.61414   -0.56799    0      2.4     37.2     orth

 Final occupancy:  22

 !RHF STATE 1.1 Energy               -532.971980114705
 Nuclear energy                       165.56796256
 One-electron energy                -1061.27075641
 Two-electron energy                  362.73081374
 Virial quotient                       -1.00019500
 !RHF STATE 1.1 Dipole moment          -4.71447570    -0.61414231    -0.56799416
 Dipole moment /Debye                 -11.98221714    -1.56089181    -1.44360259

 Orbital energies:

         1.1          2.1          3.1          4.1          5.1          6.1          7.1          8.1          9.1         10.1
    -91.816346   -15.718382   -11.331887   -11.187934    -8.817624    -6.499471    -6.497966    -6.497846    -1.366090    -1.012138

        11.1         12.1         13.1         14.1         15.1         16.1         17.1         18.1         19.1         20.1
     -0.930044    -0.828876    -0.820766    -0.729094    -0.709382    -0.616406    -0.614142    -0.520161    -0.517043    -0.381139

        21.1         22.1         23.1         24.1
     -0.251135    -0.240692    -0.005881     0.016971

 HOMO     22.1    -0.240692 =      -6.5496eV
 LUMO     23.1    -0.005881 =      -0.1600eV
 LUMO-HOMO         0.234811 =       6.3895eV


 **********************************************************************************************************************************
 DATASETS  * FILE   NREC   LENGTH (MB)   RECORD NAMES
              1      18       27.60       500      610      700      900      950      970     1000      129      960     1100   
                                          VAR    BASINP    GEOM    SYMINP    ZMAT    AOBASIS   BASIS     P2S    ABASIS      S 
                                         1400     1410     1200     1210     1080     1600     1650     1700   
                                           T        V       H0       H01     AOSYM     SMH    MOLCAS    OPER   

              2       4       13.71       700     1000      520     2100   
                                         GEOM     BASIS   MCVARS     RHF  

 PROGRAMS   *        TOTAL        HF       INT
 CPU TIMES  *        39.49     37.84      1.50
 REAL TIME  *        91.37 SEC
 DISK USED  *       942.69 MB      
 SF USED    *       135.00 MB      
 GA USED    *         3.20 MB       (max)       0.00 MB       (current)
 **********************************************************************************************************************************
 SETTING E_RHF_C        =    ***************  KCAL/MOL                        


1PROGRAM * MP2 (Closed-shell)     Authors: C. Hampel, H.-J. Werner, 1991, M. Deegan, P.J. Knowles, 1992

 Basis set AUG-CC-PVQZ/MP2FIT generated. Number of basis functions:   1418 

 Convergence thresholds:  THRVAR = 1.00D-08  THRDEN = 1.00D-06

 Number of core orbitals:           8 (   8 )
 Number of closed-shell orbitals:  14 (  14 )
 Number of external orbitals:     716 ( 716 )

 Molecular orbitals read from record     2100.2  Type=RHF/CANONICAL (state 1.1)
 

 Entering DF-MP2

 Thresholds:    THRAO= 0.100D-09    THRMO= 0.100D-08    THROV= 0.100D-11

 Fitting basis: AUG-CC-PVQZ-MP2F
 Number of fitting functions:                1418
 Number of blocks in AO basis:                  4
 Minimum block size:                           84
 Maximum block size:                          218
 Average block size:                          185
 Number of groups in AO basis:                151
 Number of shells in AO basis:                269

 Using large memory version DFMP2B. NIBTK= 1  NGPU= 0  IGPU= 0

 para=T  nprocs= 12  mpptyp=0  number of tasks=  24

 Minimum memory with paging:                  4.71 MW
 Minimum memory for incore assembly:         14.73 MW
 Maximum memory for incore algorithm:        18.43 MW
 Memory for 3-index integrals:                0.00 MW

 Disk space for H1-integrals:               117.84 MB (   336 records)
 
 CPU time for half transformed integrals      1.45 sec, elapsed time      1.47 sec
 CPU time for assembly                        1.56 sec, elapsed time      2.15 sec (7482.1 MFLOP/sec)
 Total CPU time                               4.81 sec, elapsed time      5.51 sec

 SCS-MP2 correlation energy:           -0.848500931817   (PS=  1.200000  PT=  0.333333)
 SCS-MP2 total energy:               -533.820481046528

 Norm of first-order wave function:     0.202649611695
 Coefficient of reference function:     0.911864781104

  Reference energy                   -532.971980114711
  MP2 singlet pair energy              -0.567731820005
  MP2 triplet pair energy              -0.268750844697
  MP2 correlation energy               -0.836482664702

 !MP2 total energy                   -533.808462779413


 **********************************************************************************************************************************
 DATASETS  * FILE   NREC   LENGTH (MB)   RECORD NAMES
              1      18       27.60       500      610      700      900      950      970     1000      129      960     1100   
                                          VAR    BASINP    GEOM    SYMINP    ZMAT    AOBASIS   BASIS     P2S    ABASIS      S 
                                         1400     1410     1200     1210     1080     1600     1650     1700   
                                           T        V       H0       H01     AOSYM     SMH    MOLCAS    OPER   

              2       4       13.71       700     1000      520     2100   
                                         GEOM     BASIS   MCVARS     RHF  

 PROGRAMS   *        TOTAL       MP2        HF       INT
 CPU TIMES  *        45.17      5.66     37.84      1.50
 REAL TIME  *        99.91 SEC
 DISK USED  *       942.69 MB      
 SF USED    *       393.18 MB      
 GA USED    *         3.20 MB       (max)       0.00 MB       (current)
 **********************************************************************************************************************************
 SETTING E_CORR_C       =    ***************  KCAL/MOL                        
 SETTING E_C            =      -524.90090234  KCAL/MOL                        
 SETTING CHARGE         =         1.00000000                                  

 Dummy atoms: C8  H9  H10  S11  H12


 Recomputing one-electron integrals since nuclear charges changed

1PROGRAM * SEWARD (Integral evaluation for generally contracted gaussian basis sets)     Author: Roland Lindh, 1990

 Geometry written to block  1 of record 700


 Point group  C1  



 ATOMIC COORDINATES

 NR  ATOM    CHARGE       X              Y              Z

   1  N0      7.00   -3.537053313    1.115641396   -0.773704901
   2  C1      6.00   -4.179900348   -1.147572098    0.692378647
   3  H2      1.00   -6.218803350   -1.512497111    0.896418047
   4  H3      1.00   -3.358101917   -0.973961069    2.582548864
   5  H4      1.00   -3.318742701   -2.797941738   -0.209071740
   6  H5      1.00   -4.333040843    2.631445093    0.026175012
   7  H6      1.00   -4.179743255    0.925206040   -2.540552044
   8  H7      1.00   -1.660157477    1.333068787   -0.806142900
   9  C8      0.00    2.849933517   -2.075377866   -0.672190360
  10  H9      0.00    1.615411340   -3.240148362    0.505747747
  11  H10     0.00    4.806784610   -2.636273148   -0.328258315
  12  S11     0.00    2.587046156    1.283910799    0.149543820
  13  H12     0.00    2.414432901   -2.396833509   -2.665760722

 Bond lengths in Bohr (Angstrom)

 1-2  2.772145126  1-6  1.889726137  1-7  1.889726122  1-8  1.889726137  2-3  2.081328372
     ( 1.466956021)     ( 1.000000003)     ( 0.999999995)     ( 1.000000003)     ( 1.101391539)

  2- 4  2.068389929   2- 5  2.068314590   9-10  2.065980033   9-11  2.064499690   9-12  3.468310419
       ( 1.094544810)       ( 1.094504942)       ( 1.093269548)       ( 1.092486184)       ( 1.835350827)

  9-13  2.065748606
       ( 1.093147082)

 Bond angles

  1-2-3  114.97091777   1-2-4  108.82223243   1-2-5  108.92862229   2-1-6  109.47122075

  2-1-7  109.47122046   2-1-8  109.47122040   3-2-4  108.32125274   3-2-5  108.10103971

  4-2-5  107.44770163   6-1-7  109.47122110   6-1-8  109.47122038   7-1-8  109.47122072

 10- 9-11  108.55608257  10- 9-12  111.44980305  10- 9-13  109.66566187  11- 9-12  107.18872473

 11- 9-13  108.56147558  12- 9-13  111.30848894

 NUCLEAR CHARGE:                   19
 NUMBER OF PRIMITIVE AOS:        1004
 NUMBER OF SYMMETRY AOS:          823
 NUMBER OF CONTRACTIONS:          738   ( 738A   )
 NUMBER OF CORE ORBITALS:           2   (   2A   )
 NUMBER OF VALENCE ORBITALS:       14   (  14A   )

 MOLECULE CHANGED: INITIALIZING OCCUPATION AND DUMP RECORDS


 NUCLEAR REPULSION ENERGY   48.60267443


 Eigenvalues of metric

         1 0.234E-05 0.335E-05 0.634E-05 0.678E-05 0.784E-05 0.978E-05 0.120E-04 0.159E-04


 OPERATOR DM      FOR CENTER  0  COORDINATES:    0.000000    0.000000    0.000000


 **********************************************************************************************************************************
 DATASETS  * FILE   NREC   LENGTH (MB)   RECORD NAMES
              1      18       27.60       500      610      700      900      950      970     1000      129      960     1100   
                                          VAR    BASINP    GEOM    SYMINP    ZMAT    AOBASIS   BASIS     P2S    ABASIS      S 
                                         1400     1410     1200     1210     1080     1600     1650     1700   
                                           T        V       H0       H01     AOSYM     SMH    MOLCAS    OPER   

              2       4       13.71       700     1000      520     2100   
                                         GEOM     BASIS   MCVARS     RHF  

 PROGRAMS   *        TOTAL       INT       MP2        HF       INT
 CPU TIMES  *        46.83      1.65      5.66     37.84      1.50
 REAL TIME  *       102.74 SEC
 DISK USED  *       942.69 MB      
 SF USED    *       393.18 MB      
 GA USED    *         3.20 MB       (max)       0.00 MB       (current)
 **********************************************************************************************************************************

1PROGRAM * RHF-SCF (CLOSED SHELL)       Authors: W. Meyer, H.-J. Werner


 NUMBER OF ELECTRONS:       9+    9-    SPACE SYMMETRY=1    SPIN SYMMETRY: Singlet 
 CONVERGENCE THRESHOLDS:    1.00E-05 (Density)    1.00E-07 (Energy)
 INTEGRAL THRESHOLDS:       1.00E-12 (Initial)    1.00E-12 (Final)
 MAX. NUMBER OF ITERATIONS:       60
 INTERPOLATION TYPE:            DIIS
 INTERPOLATION STEPS:              2 (START)      1 (STEP)
 LEVEL SHIFTS:                  0.00 (CLOSED)  0.00 (OPEN) 



 
 Basis set CC-PVQZ/JKFIT generated.      Number of basis functions:   925 
 
 Orbital guess generated from atomic densities. Full valence occupancy:   16
 Coulomb and exchange fitting
 Thresholds for fitting:       THRAO_COUL= 1.0D-15    THRAO_EXCH= 1.0D-13    THRMO= 1.0D-12    THRPROD= 1.0D-12    THRASM= 1.0D-12
                               THR2HLF=    1.0D-12

 Molecular orbital dump at record        2101.2

 ITERATION   DDIFF            GRAD            ENERGY        2-EL.EN.            DIPOLE MOMENTS         DIIS   CPU(IT)  CPU(TOT)  ORB.
    1      0.000D+00      0.000D+00       -95.57465813    148.289108   -3.53302    1.10592   -0.76780    0      2.6      9.5     start
    2      0.000D+00      0.224D-02       -95.61662807    150.832989   -3.64005    0.73413   -0.52713    1      2.2     11.7     diag
    3      0.121D-02      0.895D-03       -95.62106458    149.932456   -3.63834    0.74000   -0.53084    2      2.4     14.1     diag
    4      0.463D-03      0.294D-03       -95.62169704    150.153253   -3.64604    0.71577   -0.51517    3      1.9     16.1     diag
    5      0.128D-03      0.445D-04       -95.62172303    150.168905   -3.64764    0.71017   -0.51154    4      2.5     18.6     diag
    6      0.243D-04      0.827D-05       -95.62172407    150.163619   -3.64805    0.70898   -0.51077    5      2.1     20.7     diag
    7      0.686D-05      0.223D-05       -95.62172412    150.164815   -3.64807    0.70881   -0.51066    6      1.9     22.6     diag
    8      0.157D-05      0.626D-06       -95.62172412    150.164419   -3.64810    0.70872   -0.51060    0      2.1     24.7     orth

 Final occupancy:   9

 !RHF STATE 1.1 Energy                -95.621724119403
 Nuclear energy                        48.60267443
 One-electron energy                 -219.30660826
 Two-electron energy                   75.08220972
 Virial quotient                       -1.00005676
 !RHF STATE 1.1 Dipole moment          -3.64809742     0.70872335    -0.51060412
 Dipole moment /Debye                  -9.27193144     1.80127708    -1.29774121

 Orbital energies:

         1.1          2.1          3.1          4.1          5.1          6.1          7.1          8.1          9.1         10.1
    -15.911274   -11.488838    -1.549723    -1.176425    -1.008609    -1.008073    -0.880473    -0.774195    -0.773482    -0.127427

        11.1
     -0.087845

 HOMO      9.1    -0.773482 =     -21.0475eV
 LUMO     10.1    -0.127427 =      -3.4675eV
 LUMO-HOMO         0.646055 =      17.5800eV


 **********************************************************************************************************************************
 DATASETS  * FILE   NREC   LENGTH (MB)   RECORD NAMES
              1      18       27.60       500      610      700      900      950      970     1000      129      960     1100   
                                          VAR    BASINP    GEOM    SYMINP    ZMAT    AOBASIS   BASIS     P2S    ABASIS      S 
                                         1400     1410     1200     1210     1080     1600     1650     1700   
                                           T        V       H0       H01     AOSYM     SMH    MOLCAS    OPER   

              2       5       35.57       700     1000      520     2100     2101   
                                         GEOM     BASIS   MCVARS     RHF      RHF  

 PROGRAMS   *        TOTAL        HF       INT       MP2        HF       INT
 CPU TIMES  *        71.94     25.11      1.65      5.66     37.84      1.50
 REAL TIME  *       218.36 SEC
 DISK USED  *         1.15 GB      
 SF USED    *       393.18 MB      
 GA USED    *         3.20 MB       (max)       0.00 MB       (current)
 **********************************************************************************************************************************
 SETTING E_RHF_A        =    -60003.54985348  KCAL/MOL                        


1PROGRAM * MP2 (Closed-shell)     Authors: C. Hampel, H.-J. Werner, 1991, M. Deegan, P.J. Knowles, 1992

 Basis set AUG-CC-PVQZ/MP2FIT generated. Number of basis functions:   1418 

 Convergence thresholds:  THRVAR = 1.00D-08  THRDEN = 1.00D-06

 Number of core orbitals:           2 (   2 )
 Number of closed-shell orbitals:   7 (   7 )
 Number of external orbitals:     729 ( 729 )

 Molecular orbitals read from record     2101.2  Type=RHF/CANONICAL (state 1.1)
 

 Entering DF-MP2

 Thresholds:    THRAO= 0.100D-09    THRMO= 0.100D-08    THROV= 0.100D-11

 Fitting basis: AUG-CC-PVQZ-MP2F
 Number of fitting functions:                1418
 Number of blocks in AO basis:                  4
 Minimum block size:                           84
 Maximum block size:                          218
 Average block size:                          185
 Number of groups in AO basis:                151
 Number of shells in AO basis:                269

 Using large memory version DFMP2B. NIBTK= 1  NGPU= 0  IGPU= 0

 para=T  nprocs= 12  mpptyp=0  number of tasks=  24

 Minimum memory with paging:                  4.74 MW
 Minimum memory for incore assembly:          7.77 MW
 Maximum memory for incore algorithm:        11.07 MW
 Memory for 3-index integrals:                0.00 MW

 Disk space for H1-integrals:                58.92 MB (   168 records)
 
 CPU time for half transformed integrals      1.36 sec, elapsed time      1.39 sec
 CPU time for assembly                        0.53 sec, elapsed time      0.59 sec (5707.5 MFLOP/sec)
 Total CPU time                               3.73 sec, elapsed time      3.82 sec

 SCS-MP2 correlation energy:           -0.433602411492   (PS=  1.200000  PT=  0.333333)
 SCS-MP2 total energy:                -96.055326530893

 Norm of first-order wave function:     0.085919230611
 Coefficient of reference function:     0.959624302453

  Reference energy                    -95.621724119402
  MP2 singlet pair energy              -0.293911502724
  MP2 triplet pair energy              -0.130031691787
  MP2 correlation energy               -0.423943194511

 !MP2 total energy                    -96.045667313912


 **********************************************************************************************************************************
 DATASETS  * FILE   NREC   LENGTH (MB)   RECORD NAMES
              1      18       27.60       500      610      700      900      950      970     1000      129      960     1100   
                                          VAR    BASINP    GEOM    SYMINP    ZMAT    AOBASIS   BASIS     P2S    ABASIS      S 
                                         1400     1410     1200     1210     1080     1600     1650     1700   
                                           T        V       H0       H01     AOSYM     SMH    MOLCAS    OPER   

              2       5       35.57       700     1000      520     2100     2101   
                                         GEOM     BASIS   MCVARS     RHF      RHF  

 PROGRAMS   *        TOTAL       MP2        HF       INT       MP2        HF       INT
 CPU TIMES  *        76.47      4.53     25.11      1.65      5.66     37.84      1.50
 REAL TIME  *       223.71 SEC
 DISK USED  *         1.15 GB      
 SF USED    *       393.18 MB      
 GA USED    *         3.20 MB       (max)       0.00 MB       (current)
 **********************************************************************************************************************************
 SETTING E_CORR_A       =    -60269.57827789  KCAL/MOL                        
 SETTING E_A            =      -266.02842441  KCAL/MOL                        
 SETTING CHARGE         =        -1.00000000                                  

 Dummy atoms: N0  C1  H2  H3  H4  H5  H6  H7


 Recomputing one-electron integrals since nuclear charges changed

1PROGRAM * SEWARD (Integral evaluation for generally contracted gaussian basis sets)     Author: Roland Lindh, 1990

 Geometry written to block  1 of record 700


 Point group  C1  



 ATOMIC COORDINATES

 NR  ATOM    CHARGE       X              Y              Z

   1  N0      0.00   -3.537053313    1.115641396   -0.773704901
   2  C1      0.00   -4.179900348   -1.147572098    0.692378647
   3  H2      0.00   -6.218803350   -1.512497111    0.896418047
   4  H3      0.00   -3.358101917   -0.973961069    2.582548864
   5  H4      0.00   -3.318742701   -2.797941738   -0.209071740
   6  H5      0.00   -4.333040843    2.631445093    0.026175012
   7  H6      0.00   -4.179743255    0.925206040   -2.540552044
   8  H7      0.00   -1.660157477    1.333068787   -0.806142900
   9  C8      6.00    2.849933517   -2.075377866   -0.672190360
  10  H9      1.00    1.615411340   -3.240148362    0.505747747
  11  H10     1.00    4.806784610   -2.636273148   -0.328258315
  12  S11    16.00    2.587046156    1.283910799    0.149543820
  13  H12     1.00    2.414432901   -2.396833509   -2.665760722

 Bond lengths in Bohr (Angstrom)

 1-2  2.772145126  1-6  1.889726137  1-7  1.889726122  1-8  1.889726137  2-3  2.081328372
     ( 1.466956021)     ( 1.000000003)     ( 0.999999995)     ( 1.000000003)     ( 1.101391539)

  2- 4  2.068389929   2- 5  2.068314590   9-10  2.065980033   9-11  2.064499690   9-12  3.468310419
       ( 1.094544810)       ( 1.094504942)       ( 1.093269548)       ( 1.092486184)       ( 1.835350827)

  9-13  2.065748606
       ( 1.093147082)

 Bond angles

  1-2-3  114.97091777   1-2-4  108.82223243   1-2-5  108.92862229   2-1-6  109.47122075

  2-1-7  109.47122046   2-1-8  109.47122040   3-2-4  108.32125274   3-2-5  108.10103971

  4-2-5  107.44770163   6-1-7  109.47122110   6-1-8  109.47122038   7-1-8  109.47122072

 10- 9-11  108.55608257  10- 9-12  111.44980305  10- 9-13  109.66566187  11- 9-12  107.18872473

 11- 9-13  108.56147558  12- 9-13  111.30848894

 NUCLEAR CHARGE:                   25
 NUMBER OF PRIMITIVE AOS:        1004
 NUMBER OF SYMMETRY AOS:          823
 NUMBER OF CONTRACTIONS:          738   ( 738A   )
 NUMBER OF CORE ORBITALS:           6   (   6A   )
 NUMBER OF VALENCE ORBITALS:       11   (  11A   )

 MOLECULE CHANGED: INITIALIZING OCCUPATION AND DUMP RECORDS


 NUCLEAR REPULSION ENERGY   47.71640682


 Eigenvalues of metric

         1 0.234E-05 0.335E-05 0.634E-05 0.678E-05 0.784E-05 0.978E-05 0.120E-04 0.159E-04


 OPERATOR DM      FOR CENTER  0  COORDINATES:    0.000000    0.000000    0.000000


 **********************************************************************************************************************************
 DATASETS  * FILE   NREC   LENGTH (MB)   RECORD NAMES
              1      18       27.60       500      610      700      900      950      970     1000      129      960     1100   
                                          VAR    BASINP    GEOM    SYMINP    ZMAT    AOBASIS   BASIS     P2S    ABASIS      S 
                                         1400     1410     1200     1210     1080     1600     1650     1700   
                                           T        V       H0       H01     AOSYM     SMH    MOLCAS    OPER   

              2       5       35.57       700     1000      520     2100     2101   
                                         GEOM     BASIS   MCVARS     RHF      RHF  

 PROGRAMS   *        TOTAL       INT       MP2        HF       INT       MP2        HF       INT
 CPU TIMES  *        78.00      1.52      4.53     25.11      1.65      5.66     37.84      1.50
 REAL TIME  *       226.94 SEC
 DISK USED  *         1.15 GB      
 SF USED    *       393.18 MB      
 GA USED    *         3.20 MB       (max)       0.00 MB       (current)
 **********************************************************************************************************************************

1PROGRAM * RHF-SCF (CLOSED SHELL)       Authors: W. Meyer, H.-J. Werner


 NUMBER OF ELECTRONS:      13+   13-    SPACE SYMMETRY=1    SPIN SYMMETRY: Singlet 
 CONVERGENCE THRESHOLDS:    1.00E-05 (Density)    1.00E-07 (Energy)
 INTEGRAL THRESHOLDS:       1.00E-12 (Initial)    1.00E-12 (Final)
 MAX. NUMBER OF ITERATIONS:       60
 INTERPOLATION TYPE:            DIIS
 INTERPOLATION STEPS:              2 (START)      1 (STEP)
 LEVEL SHIFTS:                  0.00 (CLOSED)  0.00 (OPEN) 



 
 Basis set CC-PVQZ/JKFIT generated.      Number of basis functions:   925 
 
 Orbital guess generated from atomic densities. Full valence occupancy:   17
 Coulomb and exchange fitting
 Thresholds for fitting:       THRAO_COUL= 1.0D-15    THRAO_EXCH= 1.0D-13    THRMO= 1.0D-12    THRPROD= 1.0D-12    THRASM= 1.0D-12
                               THR2HLF=    1.0D-12

 Molecular orbital dump at record        2102.2

 ITERATION   DDIFF            GRAD            ENERGY        2-EL.EN.            DIPOLE MOMENTS         DIIS   CPU(IT)  CPU(TOT)  ORB.
    1      0.000D+00      0.000D+00      -437.11925106    445.123303   -2.52747   -1.83909   -0.28162    0      3.2      9.2     start
    2      0.000D+00      0.189D-02      -437.17179637    435.577499   -2.58228   -1.15759   -0.11621    1      2.7     11.8     diag
    3      0.208D-02      0.942D-03      -437.18041653    438.406025   -2.57303   -1.32472   -0.15737    2      2.1     14.0     diag
    4      0.895D-03      0.162D-03      -437.18110122    438.253491   -2.57230   -1.34759   -0.16309    3      2.1     16.1     diag
    5      0.159D-03      0.455D-04      -437.18117075    438.235848   -2.57322   -1.34964   -0.16375    4      2.1     18.1     diag
    6      0.612D-04      0.113D-04      -437.18117545    438.226081   -2.57316   -1.35211   -0.16435    5      1.9     20.1     diag
    7      0.324D-04      0.343D-05      -437.18117589    438.228808   -2.57329   -1.35144   -0.16420    6      2.0     22.1     diag
    8      0.114D-04      0.141D-05      -437.18117594    438.228003   -2.57330   -1.35148   -0.16420    7      2.1     24.2     diag
    9      0.313D-05      0.391D-06      -437.18117594    438.228139   -2.57331   -1.35128   -0.16415    0      2.1     26.2     orth

 Final occupancy:  13

 !RHF STATE 1.1 Energy               -437.181175939837
 Nuclear energy                        47.71640682
 One-electron energy                 -704.01165202
 Two-electron energy                  219.11406926
 Virial quotient                       -1.00007772
 !RHF STATE 1.1 Dipole moment          -2.57330927    -1.35128439    -0.16415435
 Dipole moment /Debye                  -6.54027138    -3.43439738    -0.41721141

 Orbital energies:

         1.1          2.1          3.1          4.1          5.1          6.1          7.1          8.1          9.1         10.1
    -91.660124   -11.045305    -8.660765    -6.342675    -6.340996    -6.340989    -0.781137    -0.575264    -0.376308    -0.373726

        11.1         12.1         13.1         14.1         15.1
     -0.229138    -0.083217    -0.082112     0.099851     0.120468

 HOMO     13.1    -0.082112 =      -2.2344eV
 LUMO     14.1     0.099851 =       2.7171eV
 LUMO-HOMO         0.181963 =       4.9515eV


 **********************************************************************************************************************************
 DATASETS  * FILE   NREC   LENGTH (MB)   RECORD NAMES
              1      18       27.60       500      610      700      900      950      970     1000      129      960     1100   
                                          VAR    BASINP    GEOM    SYMINP    ZMAT    AOBASIS   BASIS     P2S    ABASIS      S 
                                         1400     1410     1200     1210     1080     1600     1650     1700   
                                           T        V       H0       H01     AOSYM     SMH    MOLCAS    OPER   

              2       6       57.43       700     1000      520     2100     2101     2102   
                                         GEOM     BASIS   MCVARS     RHF      RHF      RHF  

 PROGRAMS   *        TOTAL        HF       INT       MP2        HF       INT       MP2        HF       INT
 CPU TIMES  *       105.49     27.48      1.52      4.53     25.11      1.65      5.66     37.84      1.50
 REAL TIME  *       349.50 SEC
 DISK USED  *         1.44 GB      
 SF USED    *       393.18 MB      
 GA USED    *         3.20 MB       (max)       0.00 MB       (current)
 **********************************************************************************************************************************
 SETTING E_RHF_B        =    ***************  KCAL/MOL                        


1PROGRAM * MP2 (Closed-shell)     Authors: C. Hampel, H.-J. Werner, 1991, M. Deegan, P.J. Knowles, 1992

 Basis set AUG-CC-PVQZ/MP2FIT generated. Number of basis functions:   1418 

 Convergence thresholds:  THRVAR = 1.00D-08  THRDEN = 1.00D-06

 Number of core orbitals:           6 (   6 )
 Number of closed-shell orbitals:   7 (   7 )
 Number of external orbitals:     725 ( 725 )

 Molecular orbitals read from record     2102.2  Type=RHF/CANONICAL (state 1.1)
 

 Entering DF-MP2

 Thresholds:    THRAO= 0.100D-09    THRMO= 0.100D-08    THROV= 0.100D-11

 Fitting basis: AUG-CC-PVQZ-MP2F
 Number of fitting functions:                1418
 Number of blocks in AO basis:                  4
 Minimum block size:                           84
 Maximum block size:                          218
 Average block size:                          185
 Number of groups in AO basis:                151
 Number of shells in AO basis:                269

 Using large memory version DFMP2B. NIBTK= 1  NGPU= 0  IGPU= 0

 para=T  nprocs= 12  mpptyp=0  number of tasks=  24

 Minimum memory with paging:                  4.73 MW
 Minimum memory for incore assembly:          7.72 MW
 Maximum memory for incore algorithm:        11.07 MW
 Memory for 3-index integrals:                0.00 MW

 Disk space for H1-integrals:                58.92 MB (   168 records)
 
 CPU time for half transformed integrals      1.18 sec, elapsed time      1.49 sec
 CPU time for assembly                        0.53 sec, elapsed time      0.58 sec (5645.0 MFLOP/sec)
 Total CPU time                               3.17 sec, elapsed time      3.54 sec

 SCS-MP2 correlation energy:           -0.407251958139   (PS=  1.200000  PT=  0.333333)
 SCS-MP2 total energy:               -437.588427897974

 Norm of first-order wave function:     0.115565906458
 Coefficient of reference function:     0.946787212181

  Reference energy                   -437.181175939835
  MP2 singlet pair energy              -0.271192997559
  MP2 triplet pair energy              -0.131497008858
  MP2 correlation energy               -0.402690006418

 !MP2 total energy                   -437.583865946253


 **********************************************************************************************************************************
 DATASETS  * FILE   NREC   LENGTH (MB)   RECORD NAMES
              1      18       27.60       500      610      700      900      950      970     1000      129      960     1100   
                                          VAR    BASINP    GEOM    SYMINP    ZMAT    AOBASIS   BASIS     P2S    ABASIS      S 
                                         1400     1410     1200     1210     1080     1600     1650     1700   
                                           T        V       H0       H01     AOSYM     SMH    MOLCAS    OPER   

              2       6       57.43       700     1000      520     2100     2101     2102   
                                         GEOM     BASIS   MCVARS     RHF      RHF      RHF  

 PROGRAMS   *        TOTAL       MP2        HF       INT       MP2        HF       INT       MP2        HF       INT
 CPU TIMES  *       109.64      4.15     27.48      1.52      4.53     25.11      1.65      5.66     37.84      1.50
 REAL TIME  *       354.61 SEC
 DISK USED  *         1.44 GB      
 SF USED    *       393.18 MB      
 GA USED    *         3.20 MB       (max)       0.00 MB       (current)
 **********************************************************************************************************************************
 SETTING E_CORR_B       =    ***************  KCAL/MOL                        
 SETTING E_B            =      -252.69184485  KCAL/MOL                        
 SETTING E_RHF_CP       =      -106.09935797  KCAL/MOL                        
 SETTING E_CORR_CP      =        -6.18063308  KCAL/MOL                        

        DF-MP2          DF-HF           DF-MP2          DF-HF           DF-MP2          DF-HF   
   -437.58386595   -437.18117594    -96.04566731    -95.62172412   -533.80846278   -532.97198011
 **********************************************************************************************************************************
 Variable memory released
