
 Primary working directories    : /scratch/1723663.phoenix.chem.wisc.edu
 Secondary working directories  : /scratch/1723663.phoenix.chem.wisc.edu
 Wavefunction directory         : /scratch/1723663.phoenix.chem.wisc.edu/
 Main file repository           : /scratch/1723663.phoenix.chem.wisc.edu/

 SHA1      : 65e45729fe3f963b0eb97374e3bda9949063ef0f
 NAME      : 2012.1.17
 ARCHNAME  : Linux/x86_64
 FC        : /opt/intel/composer_xe_2013.5.192/bin/intel64/ifort
 FCVERSION : 13.1.3
 BLASLIB   : -L/opt/intel/composer_xe_2013.5.192/mkl/lib/intel64 -lmkl_intel_ilp64 -lmkl_sequential -lmkl_core
 id        : cuichemwisc

 Nodes             nprocs
 compute-1-31.local   12
 ga_uses_ma=false, calling ma_init with nominal heap.
 GA-space will be limited to   8.0 MW (determined by -G option)

 Using customized tuning parameters: mindgm=1; mindgv=20; mindgc=4; mindgr=1; noblas=0; minvec=7
 default implementation of scratch files=sf  

 geomtyp=xyz
 geometry={
 15
  N0         -0.208558970000       0.043929690000       0.318609930000
  N1         -2.010102970000      -0.985925310000      -0.463509070000
  C2         -0.668732970000      -1.072534310000      -0.218506070000
  C3         -2.426005970000       0.271534690000      -0.056321070000
  H4         -2.594702970000      -1.707650310000      -0.883455070000
  C5         -1.295944970000       0.887865690000       0.424522930000
  H6         -0.082264970000      -1.956937310000      -0.450059070000
  H7         -3.453559970000       0.594046690000      -0.152161070000
  H8         -1.193909970000       1.880025690000       0.830125930000
  H9          0.733628590000       0.237568340000       0.592081430000
  C10         6.653961118719       0.957519796532      -0.849254694233
  H11         6.579674118719       1.961932796532      -0.418227694233
  H12         5.868850118719       0.828816796532      -1.597692694233
  S13         6.537345118719      -0.339780203468       0.449981305767
  H14         7.630598118719       0.848781796532      -1.331615694233
 }
 
 
 basis=avdz
 
                                                                                 ! Complex
 set,charge=0
 
 hf
 e_rhf_c = energy*tokcal
 ccsd(t)
 e_corr_c = energy*tokcal
 e_c = e_corr_c - e_rhf_c
 
 
                                                                                 ! Monomer 1
 set,charge=1
 dummy,C10,H11,H12,S13,H14
 
 hf
 e_rhf_a = energy*tokcal
 ccsd(t)
 e_corr_a = energy*tokcal
 e_a = e_corr_a - e_rhf_a
 
 
                                                                                 ! Monomer 2
 set,charge=-1
 dummy,N0,N1,C2,C3,H4,C5,H6,H7,H8,H9
 
 hf
 e_rhf_b = energy*tokcal
 ccsd(t)
 e_corr_b = energy*tokcal
 e_b = e_corr_b - e_rhf_b
 
 
 e_rhf_cp = e_rhf_c - (e_rhf_a + e_rhf_b)
 e_corr_cp = e_c - (e_a + e_b)

 Variables initialized (782), CPU time= 0.01 sec
 Commands  initialized (547), CPU time= 0.01 sec, 517 directives.
 Default parameters read. Elapsed time= 0.12 sec

 Checking input...
 Passed
1


                                         ***  PROGRAM SYSTEM MOLPRO  ***
                         Copyright, University College Cardiff Consultants Limited, 2008

                                    Version 2012.1 linked Oct 11 2014 15:40:16


 **********************************************************************************************************************************
 LABEL *                                                                                 
 Linux-2.6.18-308.el5/compute-1-31.local(x86_64) 64 bit mpp version                      DATE: 12-Dec-14          TIME: 09:59:43  
 **********************************************************************************************************************************

 SHA1:             65e45729fe3f963b0eb97374e3bda9949063ef0f
 **********************************************************************************************************************************
 SETTING GEOMTYP        =    XYZ

 Variable memory set to  350000000 words,  buffer space   230000 words

 SETTING BASIS          =    AVDZ
 SETTING CHARGE         =         0.00000000                                  


 Recomputing integrals since basis changed


 Using spherical harmonics

 Library entry N      S aug-cc-pVDZ          selected for orbital group  1
 Library entry N      P aug-cc-pVDZ          selected for orbital group  1
 Library entry N      D aug-cc-pVDZ          selected for orbital group  1
 Library entry C      S aug-cc-pVDZ          selected for orbital group  2
 Library entry C      P aug-cc-pVDZ          selected for orbital group  2
 Library entry C      D aug-cc-pVDZ          selected for orbital group  2
 Library entry H      S aug-cc-pVDZ          selected for orbital group  3
 Library entry H      P aug-cc-pVDZ          selected for orbital group  3
 Library entry S      S aug-cc-pVDZ          selected for orbital group  8
 Library entry S      P aug-cc-pVDZ          selected for orbital group  8
 Library entry S      D aug-cc-pVDZ          selected for orbital group  8

1PROGRAM * SEWARD (Integral evaluation for generally contracted gaussian basis sets)     Author: Roland Lindh, 1990

 Geometry written to block  1 of record 700


 Point group  C1  



 ATOMIC COORDINATES

 NR  ATOM    CHARGE       X              Y              Z

   1  N0      7.00   -0.394119336    0.083015083    0.602085510
   2  N1      7.00   -3.798544109   -1.863128822   -0.875905202
   3  C2      6.00   -1.263722168   -2.026796112   -0.412916630
   4  C3      6.00   -4.584486876    0.513126199   -0.106431398
   5  H4      1.00   -4.903278006   -3.226991414   -1.669488132
   6  C5      6.00   -2.448981075    1.677822996    0.802232074
   7  H6      1.00   -0.155458264   -3.698075572   -0.850488385
   8  H7      1.00   -6.526282522    1.122585553   -0.287542750
   9  H8      1.00   -2.256162869    3.552733674    1.568710662
  10  H9      1.00    1.386357117    0.448939100    1.118871750
  11  C10     6.00   12.574164204    1.809450181   -1.604858788
  12  H11     1.00   12.433782118    3.707515674   -0.790335803
  13  H12     1.00   11.090519431    1.566236759   -3.019201634
  14  S13    16.00   12.353791901   -0.642091529    0.850341432
  15  H14     1.00   14.419740663    1.603965141   -2.516388974

 Bond lengths in Bohr (Angstrom)

  1- 3  2.497547139   1- 6  2.608817297   1-10  1.889726118   2- 3  2.581950362   2- 4  2.618469762
       ( 1.321645025)       ( 1.380526656)       ( 0.999999993)       ( 1.366309286)       ( 1.385634520)

 2-5  1.926222214  3-7  2.052533302  4-6  2.596646484  4-8  2.043235756  6-9  2.034688757
     ( 1.019312895)     ( 1.086153844)     ( 1.374086139)     ( 1.081233795)     ( 1.076710918)

 11-12  2.070219176  11-13  2.064151222  11-14  3.476582924  11-15  2.068638164
       ( 1.095512806)       ( 1.092301783)       ( 1.839728449)       ( 1.094676170)

 Bond angles

  1-3-2  111.17107112   1-3-7  125.90760457   1-6-4  110.28766710   1-6-9  121.16921863

  2-3-7  122.92086882   2-4-6  105.25010111   2-4-8  121.99826426   3-1-6  105.86304950

  3- 1-10  127.06847515   3- 2- 4  107.42788808   3- 2- 5  126.30256596   4- 2- 5  126.26194913

  4- 6- 9  128.54108940   6- 1-10  127.06847535   6- 4- 8  132.75045674  12-11-13  109.20063486

 12-11-14  111.36845179  12-11-15  108.96201772  13-11-14  110.80834239  13-11-15  109.12517017

 14-11-15  107.31910637

 NUCLEAR CHARGE:                   62
 NUMBER OF PRIMITIVE AOS:         362
 NUMBER OF SYMMETRY AOS:          348
 NUMBER OF CONTRACTIONS:          237   ( 237A   )
 NUMBER OF CORE ORBITALS:          11   (  11A   )
 NUMBER OF VALENCE ORBITALS:       36   (  36A   )


 NUCLEAR REPULSION ENERGY  281.76615736


 Eigenvalues of metric

         1 0.196E-04 0.505E-04 0.174E-03 0.204E-03 0.271E-03 0.299E-03 0.448E-03 0.523E-03


 Contracted 2-electron integrals neglected if value below      1.0D-12
 AO integral compression algorithm  1   Integral accuracy      1.0D-12

     1183.056 MB (compressed) written to integral file ( 34.5%)

     Node minimum: 88.605 MB, node maximum: 108.003 MB


 NUMBER OF SORTED TWO-ELECTRON INTEGRALS:   33149100.     BUFFER LENGTH:  32768
 NUMBER OF SEGMENTS:   3  SEGMENT LENGTH:   15990336      RECORD LENGTH: 524288

 Memory used in sort:      16.55 MW

 SORT1 READ   428335374. AND WROTE    20914126. INTEGRALS IN     62 RECORDS. CPU TIME:     9.54 SEC, REAL TIME:    10.40 SEC
 SORT2 READ   252412962. AND WROTE   397718706. INTEGRALS IN   4932 RECORDS. CPU TIME:     0.91 SEC, REAL TIME:    15.83 SEC

 Node minimum:    33130300.  Node maximum:    33156153. integrals

 OPERATOR DM      FOR CENTER  0  COORDINATES:    0.000000    0.000000    0.000000


 **********************************************************************************************************************************
 DATASETS  * FILE   NREC   LENGTH (MB)   RECORD NAMES
              1      18        9.87       500      610      700      900      950      970     1000      129      960     1100   
                                          VAR    BASINP    GEOM    SYMINP    ZMAT    AOBASIS   BASIS     P2S    ABASIS      S 
                                         1400     1410     1200     1210     1080     1600     1650     1700   
                                           T        V       H0       H01     AOSYM     SMH    MOLCAS    OPER   

 PROGRAMS   *        TOTAL       INT
 CPU TIMES  *        13.00     12.86
 REAL TIME  *        29.70 SEC
 DISK USED  *         4.18 GB      
 GA USED    *         0.01 MB       (max)       0.00 MB       (current)
 **********************************************************************************************************************************

1PROGRAM * RHF-SCF (CLOSED SHELL)       Authors: W. Meyer, H.-J. Werner


 NUMBER OF ELECTRONS:      31+   31-    SPACE SYMMETRY=1    SPIN SYMMETRY: Singlet 
 CONVERGENCE THRESHOLDS:    1.00E-05 (Density)    1.24E-07 (Energy)
 MAX. NUMBER OF ITERATIONS:       60
 INTERPOLATION TYPE:            DIIS
 INTERPOLATION STEPS:              2 (START)      1 (STEP)
 LEVEL SHIFTS:                  0.00 (CLOSED)  0.00 (OPEN) 



 Orbital guess generated from atomic densities. Full valence occupancy:   47

 Molecular orbital dump at record        2100.2

 ITERATION    DDIFF          GRAD             ENERGY        2-EL.EN.            DIPOLE MOMENTS         DIIS   ORB.
    1      0.000D+00      0.000D+00      -662.31383165   1044.268671  -14.04711   -0.31522   -1.53908    0    start
    2      0.000D+00      0.354D-02      -662.42531018   1040.498659  -14.02737   -0.10805   -0.86243    1    diag
    3      0.929D-02      0.160D-02      -662.44274716   1041.717154  -13.91422   -0.21763   -1.06707    2    diag
    4      0.317D-02      0.378D-03      -662.44455991   1041.748201  -13.89282   -0.14643   -1.06077    3    diag
    5      0.102D-02      0.106D-03      -662.44473780   1041.600779  -13.85814   -0.17238   -1.06670    4    diag
    6      0.330D-03      0.461D-04      -662.44478333   1041.635421  -13.84652   -0.16674   -1.06850    5    diag
    7      0.165D-03      0.174D-04      -662.44479443   1041.630948  -13.83678   -0.17116   -1.07079    6    diag
    8      0.941D-04      0.703D-05      -662.44479565   1041.628554  -13.83221   -0.17147   -1.07049    7    diag
    9      0.307D-04      0.273D-05      -662.44479579   1041.630892  -13.83170   -0.17210   -1.07075    8    diag
   10      0.101D-04      0.729D-06      -662.44479581   1041.631216  -13.83127   -0.17212   -1.07072    9    orth
   11      0.436D-05      0.291D-06      -662.44479581   1041.630945  -13.83124   -0.17210   -1.07075    0    orth

 Final occupancy:  31

 !RHF STATE 1.1 Energy               -662.444795808822
 Nuclear energy                       281.76615736
 One-electron energy                -1465.02642545
 Two-electron energy                  520.81547229
 Virial quotient                       -1.00095052
 !RHF STATE 1.1 Dipole moment         -13.83124040    -0.17210079    -1.07075194
 Dipole moment /Debye                 -35.15320398    -0.43740794    -2.72140172

 Orbital energies:

         1.1          2.1          3.1          4.1          5.1          6.1          7.1          8.1          9.1         10.1
    -91.740034   -15.790631   -15.790204   -11.493843   -11.418413   -11.413303   -11.125580    -8.739322    -6.421812    -6.418972

        11.1         12.1         13.1         14.1         15.1         16.1         17.1         18.1         19.1         20.1
     -6.418852    -1.523002    -1.370285    -1.172049    -1.035287    -0.976961    -0.918804    -0.854283    -0.846161    -0.768321

        21.1         22.1         23.1         24.1         25.1         26.1         27.1         28.1         29.1         30.1
     -0.755367    -0.748523    -0.731664    -0.649569    -0.598424    -0.473028    -0.447137    -0.444889    -0.300768    -0.156931

        31.1         32.1         33.1
     -0.155319    -0.034529    -0.010423

 HOMO     31.1    -0.155319 =      -4.2265eV
 LUMO     32.1    -0.034529 =      -0.9396eV
 LUMO-HOMO         0.120790 =       3.2869eV


 **********************************************************************************************************************************
 DATASETS  * FILE   NREC   LENGTH (MB)   RECORD NAMES
              1      18        9.87       500      610      700      900      950      970     1000      129      960     1100   
                                          VAR    BASINP    GEOM    SYMINP    ZMAT    AOBASIS   BASIS     P2S    ABASIS      S 
                                         1400     1410     1200     1210     1080     1600     1650     1700   
                                           T        V       H0       H01     AOSYM     SMH    MOLCAS    OPER   

              2       4        1.69       700     1000      520     2100   
                                         GEOM     BASIS   MCVARS     RHF  

 PROGRAMS   *        TOTAL        HF       INT
 CPU TIMES  *        18.49      5.49     12.86
 REAL TIME  *        35.58 SEC
 DISK USED  *         4.37 GB      
 SF USED    *         0.23 MB      
 GA USED    *         0.01 MB       (max)       0.00 MB       (current)
 **********************************************************************************************************************************
 SETTING E_RHF_C        =    ***************  KCAL/MOL                        


1PROGRAM * CCSD (Closed-shell coupled cluster)     Authors: C. Hampel, H.-J. Werner, 1991, M. Deegan, P.J. Knowles, 1992


 Convergence thresholds:  THRVAR = 1.00D-08  THRDEN = 1.24D-06

 CCSD(T)     terms to be evaluated (factor= 1.000)


 Number of core orbitals:          11 (  11 )
 Number of closed-shell orbitals:  20 (  20 )
 Number of external orbitals:     206 ( 206 )

 Molecular orbitals read from record     2100.2  Type=RHF/CANONICAL (state 1.1)

 Number of N-1 electron functions:              20
 Number of N-2 electron functions:             210
 Number of singly external CSFs:              4120
 Number of doubly external CSFs:           8489260
 Total number of CSFs:                     8493381

 Length of J-op  integral file:               0.00 MB
 Length of K-op  integral file:               3.86 MB
 Length of 3-ext integral record:             0.00 MB

 Memory could be reduced to 217.70 Mwords without degradation in triples

 Integral transformation finished. Total CPU:  51.02 sec, npass=  1  Memory used: 160.68 MW

 Reference energy:                   -662.44479581

 MP2 singlet pair energy:              -0.64694104
 MP2 triplet pair energy:              -0.40296752
 MP2 correlation energy:               -1.04990856
 MP2 total energy:                   -663.49470437

 SCS-MP2 correlation energy:           -1.02706459   (PS=  1.200000  PT=  0.333333)
 SCS-MP2 total energy:               -663.47186040

 ITER.      SQ.NORM     CORR.ENERGY   TOTAL ENERGY   ENERGY CHANGE        DEN1      VAR(S)    VAR(P)  DIIS     TIME
   1      1.40788832    -1.09993969  -663.54473550    -0.05003113    -0.02071800  0.55D-02  0.73D-02  1  1    74.37
   2      1.43977538    -1.10550550  -663.55030131    -0.00556581    -0.02832149  0.14D-03  0.10D-02  2  2    97.18
   3      1.45110519    -1.10572102  -663.55051683    -0.00021552    -0.00516188  0.15D-03  0.64D-04  3  3   120.24
   4      1.45573234    -1.10579127  -663.55058707    -0.00007024    -0.00121033  0.42D-04  0.15D-04  4  4   142.60
   5      1.45788731    -1.10582505  -663.55062085    -0.00003378    -0.00029883  0.31D-04  0.46D-05  5  5   165.34
   6      1.45917919    -1.10583042  -663.55062623    -0.00000538    -0.00008334  0.21D-04  0.25D-05  6  6   188.12
   7      1.46063555    -1.10583429  -663.55063010    -0.00000387    -0.00003548  0.13D-04  0.18D-05  6  1   210.62
   8      1.46224995    -1.10584424  -663.55064005    -0.00000995    -0.00004842  0.86D-05  0.11D-05  6  2   233.28
   9      1.46379728    -1.10585294  -663.55064875    -0.00000870    -0.00000385  0.48D-05  0.62D-06  6  3   255.91
  10      1.46599844    -1.10585255  -663.55064835     0.00000040    -0.00002965  0.18D-05  0.33D-06  6  4   278.62
  11      1.46680173    -1.10585319  -663.55064900    -0.00000065    -0.00000904  0.11D-05  0.23D-06  6  3   301.22
  12      1.46802793    -1.10585268  -663.55064849     0.00000051    -0.00001437  0.37D-06  0.58D-07  6  5   323.83
  13      1.46853506    -1.10585041  -663.55064622     0.00000227    -0.00000653  0.20D-06  0.34D-07  6  6   346.54
  14      1.46863644    -1.10585046  -663.55064627    -0.00000004     0.00000013  0.14D-06  0.21D-07  6  5   369.21
  15      1.46877744    -1.10585029  -663.55064610     0.00000017     0.00000027  0.66D-07  0.97D-08  6  4   391.87
  16      1.46882905    -1.10585019  -663.55064600     0.00000010    -0.00000018  0.32D-07  0.52D-08  6  2   414.39
  17      1.46887905    -1.10585042  -663.55064623    -0.00000023     0.00000017  0.70D-08  0.21D-08  6  1   436.96

 Norm of t1 vector:      0.15420997      S-energy:    -0.00000046      T1 diagnostic:  0.01724120
                                                                       D1 diagnostic:  0.07779436


 Total CPU time for triples:    547.91 sec


 RESULTS
 =======

  Reference energy                   -662.444795808821
  CCSD singlet pair energy             -0.743378091960
  CCSD triplet pair energy             -0.362471867854
  CCSD correlation energy              -1.105850424092

  Triples (T) contribution             -0.045337514344
  Total correlation energy             -1.151187938436

  CCSD total energy                  -663.550646232913
  CCSD[T] energy                     -663.597545447480
  CCSD-T energy                      -663.595371662079
 !CCSD(T) total energy               -663.595983747257

 Timing summary (sec):

 STEP                 CPU(USER)    SYS     CPU(TOT)    WALL
 Transformation         51.55      5.52     57.07     60.46
 CCSD iterations       385.47     13.07    398.54    430.72
 Triples               547.91      3.47    551.38    551.96

 Program statistics:

 Available memory in ccsd:               349998300
 Min. memory needed in ccsd:              20613132
 Max. memory used in ccsd:                28448692
 Max. memory used in cckext:              24282461 (17 integral passes)



 **********************************************************************************************************************************
 DATASETS  * FILE   NREC   LENGTH (MB)   RECORD NAMES
              1      19      855.26       500      610      700      900      950      970     1000      129      960     1100   
                                          VAR    BASINP    GEOM    SYMINP    ZMAT    AOBASIS   BASIS     P2S    ABASIS      S 
                                         1400     1410     1200     1210     1080     1600     1650     1700     1380   
                                           T        V       H0       H01     AOSYM     SMH    MOLCAS    OPER     JKOP   

              2       4        1.69       700     1000      520     2100   
                                         GEOM     BASIS   MCVARS     RHF  

 PROGRAMS   *        TOTAL   CCSD(T)        HF       INT
 CPU TIMES  *      1003.47    984.97      5.49     12.86
 REAL TIME  *      1079.20 SEC
 DISK USED  *         6.07 GB      
 SF USED    *         1.63 GB      
 GA USED    *         0.01 MB       (max)       0.00 MB       (current)
 **********************************************************************************************************************************
 SETTING E_CORR_C       =    ***************  KCAL/MOL                        
 SETTING E_C            =      -722.38148277  KCAL/MOL                        
 SETTING CHARGE         =         1.00000000                                  

 Dummy atoms: C10  H11  H12  S13  H14


 Recomputing one-electron integrals since nuclear charges changed

1PROGRAM * SEWARD (Integral evaluation for generally contracted gaussian basis sets)     Author: Roland Lindh, 1990

 Geometry written to block  1 of record 700


 Point group  C1  



 ATOMIC COORDINATES

 NR  ATOM    CHARGE       X              Y              Z

   1  N0      7.00   -0.394119336    0.083015083    0.602085510
   2  N1      7.00   -3.798544109   -1.863128822   -0.875905202
   3  C2      6.00   -1.263722168   -2.026796112   -0.412916630
   4  C3      6.00   -4.584486876    0.513126199   -0.106431398
   5  H4      1.00   -4.903278006   -3.226991414   -1.669488132
   6  C5      6.00   -2.448981075    1.677822996    0.802232074
   7  H6      1.00   -0.155458264   -3.698075572   -0.850488385
   8  H7      1.00   -6.526282522    1.122585553   -0.287542750
   9  H8      1.00   -2.256162869    3.552733674    1.568710662
  10  H9      1.00    1.386357117    0.448939100    1.118871750
  11  C10     0.00   12.574164204    1.809450181   -1.604858788
  12  H11     0.00   12.433782118    3.707515674   -0.790335803
  13  H12     0.00   11.090519431    1.566236759   -3.019201634
  14  S13     0.00   12.353791901   -0.642091529    0.850341432
  15  H14     0.00   14.419740663    1.603965141   -2.516388974

 Bond lengths in Bohr (Angstrom)

  1- 3  2.497547139   1- 6  2.608817297   1-10  1.889726118   2- 3  2.581950362   2- 4  2.618469762
       ( 1.321645025)       ( 1.380526656)       ( 0.999999993)       ( 1.366309286)       ( 1.385634520)

 2-5  1.926222214  3-7  2.052533302  4-6  2.596646484  4-8  2.043235756  6-9  2.034688757
     ( 1.019312895)     ( 1.086153844)     ( 1.374086139)     ( 1.081233795)     ( 1.076710918)

 11-12  2.070219176  11-13  2.064151222  11-14  3.476582924  11-15  2.068638164
       ( 1.095512806)       ( 1.092301783)       ( 1.839728449)       ( 1.094676170)

 Bond angles

  1-3-2  111.17107112   1-3-7  125.90760457   1-6-4  110.28766710   1-6-9  121.16921863

  2-3-7  122.92086882   2-4-6  105.25010111   2-4-8  121.99826426   3-1-6  105.86304950

  3- 1-10  127.06847515   3- 2- 4  107.42788808   3- 2- 5  126.30256596   4- 2- 5  126.26194913

  4- 6- 9  128.54108940   6- 1-10  127.06847535   6- 4- 8  132.75045674  12-11-13  109.20063486

 12-11-14  111.36845179  12-11-15  108.96201772  13-11-14  110.80834239  13-11-15  109.12517017

 14-11-15  107.31910637

 NUCLEAR CHARGE:                   37
 NUMBER OF PRIMITIVE AOS:         362
 NUMBER OF SYMMETRY AOS:          348
 NUMBER OF CONTRACTIONS:          237   ( 237A   )
 NUMBER OF CORE ORBITALS:           5   (   5A   )
 NUMBER OF VALENCE ORBITALS:       25   (  25A   )

 MOLECULE CHANGED: INITIALIZING OCCUPATION AND DUMP RECORDS


 NUCLEAR REPULSION ENERGY  172.15847751


 Eigenvalues of metric

         1 0.196E-04 0.505E-04 0.174E-03 0.204E-03 0.271E-03 0.299E-03 0.448E-03 0.523E-03


 Contracted 2-electron integrals neglected if value below      1.0D-12

 OPERATOR DM      FOR CENTER  0  COORDINATES:    0.000000    0.000000    0.000000


 **********************************************************************************************************************************
 DATASETS  * FILE   NREC   LENGTH (MB)   RECORD NAMES
              1      18        9.87       500      610      700      900      950      970     1000      129      960     1100   
                                          VAR    BASINP    GEOM    SYMINP    ZMAT    AOBASIS   BASIS     P2S    ABASIS      S 
                                         1400     1410     1200     1210     1080     1600     1650     1700   
                                           T        V       H0       H01     AOSYM     SMH    MOLCAS    OPER   

              2       4        1.69       700     1000      520     2100   
                                         GEOM     BASIS   MCVARS     RHF  

 PROGRAMS   *        TOTAL       INT   CCSD(T)        HF       INT
 CPU TIMES  *      1003.70      0.23    984.97      5.49     12.86
 REAL TIME  *      1080.22 SEC
 DISK USED  *        15.33 GB      
 SF USED    *         1.63 GB      
 GA USED    *         0.01 MB       (max)       0.00 MB       (current)
 **********************************************************************************************************************************

1PROGRAM * RHF-SCF (CLOSED SHELL)       Authors: W. Meyer, H.-J. Werner


 NUMBER OF ELECTRONS:      18+   18-    SPACE SYMMETRY=1    SPIN SYMMETRY: Singlet 
 CONVERGENCE THRESHOLDS:    1.00E-05 (Density)    1.00E-07 (Energy)
 MAX. NUMBER OF ITERATIONS:       60
 INTERPOLATION TYPE:            DIIS
 INTERPOLATION STEPS:              2 (START)      1 (STEP)
 LEVEL SHIFTS:                  0.00 (CLOSED)  0.00 (OPEN) 



 Orbital guess generated from atomic densities. Full valence occupancy:   30

 Molecular orbital dump at record        2101.2

 ITERATION    DDIFF          GRAD             ENERGY        2-EL.EN.            DIPOLE MOMENTS         DIIS   ORB.
    1      0.000D+00      0.000D+00      -225.14789429    474.331234   -1.74133   -1.37020   -0.26801    0    start
    2      0.000D+00      0.354D-02      -225.20841829    479.699545   -2.24981   -0.67537   -0.10150    1    diag
    3      0.567D-02      0.159D-02      -225.21778055    478.090427   -2.05585   -0.93032   -0.16135    2    diag
    4      0.220D-02      0.468D-03      -225.21905266    478.352410   -2.10260   -0.87134   -0.14819    3    diag
    5      0.695D-03      0.889D-04      -225.21914748    478.437388   -2.09127   -0.88249   -0.15024    4    diag
    6      0.168D-03      0.472D-04      -225.21917494    478.409003   -2.09268   -0.88290   -0.15070    5    diag
    7      0.774D-04      0.199D-04      -225.21918395    478.417504   -2.08821   -0.88697   -0.15139    6    diag
    8      0.589D-04      0.768D-05      -225.21918467    478.417937   -2.08831   -0.88812   -0.15185    7    diag
    9      0.200D-04      0.229D-05      -225.21918470    478.417315   -2.08786   -0.88810   -0.15175    8    diag
   10      0.341D-05      0.516D-06      -225.21918470    478.417403   -2.08796   -0.88816   -0.15179    0    orth

 Final occupancy:  18

 !RHF STATE 1.1 Energy               -225.219184700555
 Nuclear energy                       172.15847751
 One-electron energy                 -636.58636394
 Two-electron energy                  239.20870173
 Virial quotient                       -1.00205105
 !RHF STATE 1.1 Dipole moment          -2.08795790    -0.88815775    -0.15179469
 Dipole moment /Debye                  -5.30671203    -2.25732399    -0.38579834

 Orbital energies:

         1.1          2.1          3.1          4.1          5.1          6.1          7.1          8.1          9.1         10.1
    -15.864806   -15.859013   -11.565184   -11.486019   -11.481221    -1.593951    -1.441112    -1.241372    -1.107235    -1.046569

        11.1         12.1         13.1         14.1         15.1         16.1         17.1         18.1         19.1         20.1
     -0.989044    -0.917754    -0.839097    -0.825896    -0.815959    -0.800078    -0.668973    -0.541198    -0.096899    -0.080597

 HOMO     18.1    -0.541198 =     -14.7268eV
 LUMO     19.1    -0.096899 =      -2.6368eV
 LUMO-HOMO         0.444299 =      12.0900eV


 **********************************************************************************************************************************
 DATASETS  * FILE   NREC   LENGTH (MB)   RECORD NAMES
              1      18        9.87       500      610      700      900      950      970     1000      129      960     1100   
                                          VAR    BASINP    GEOM    SYMINP    ZMAT    AOBASIS   BASIS     P2S    ABASIS      S 
                                         1400     1410     1200     1210     1080     1600     1650     1700   
                                           T        V       H0       H01     AOSYM     SMH    MOLCAS    OPER   

              2       5        3.98       700     1000      520     2100     2101   
                                         GEOM     BASIS   MCVARS     RHF      RHF  

 PROGRAMS   *        TOTAL        HF       INT   CCSD(T)        HF       INT
 CPU TIMES  *      1008.69      4.99      0.23    984.97      5.49     12.86
 REAL TIME  *      1088.31 SEC
 DISK USED  *        15.33 GB      
 SF USED    *         1.63 GB      
 GA USED    *         0.01 MB       (max)       0.00 MB       (current)
 **********************************************************************************************************************************
 SETTING E_RHF_A        =    ***************  KCAL/MOL                        


1PROGRAM * CCSD (Closed-shell coupled cluster)     Authors: C. Hampel, H.-J. Werner, 1991, M. Deegan, P.J. Knowles, 1992


 Convergence thresholds:  THRVAR = 1.00D-08  THRDEN = 1.00D-06

 CCSD(T)     terms to be evaluated (factor= 1.000)


 Number of core orbitals:           5 (   5 )
 Number of closed-shell orbitals:  13 (  13 )
 Number of external orbitals:     219 ( 219 )

 Molecular orbitals read from record     2101.2  Type=RHF/CANONICAL (state 1.1)

 Number of N-1 electron functions:              13
 Number of N-2 electron functions:              91
 Number of singly external CSFs:              2847
 Number of doubly external CSFs:           4054128
 Total number of CSFs:                     4056976

 Length of J-op  integral file:               0.00 MB
 Length of K-op  integral file:               3.86 MB
 Length of 3-ext integral record:             0.00 MB

 Memory could be reduced to 173.51 Mwords without degradation in triples

 Integral transformation finished. Total CPU:  32.46 sec, npass=  1  Memory used: 103.26 MW

 Reference energy:                   -225.21918470

 MP2 singlet pair energy:              -0.44827140
 MP2 triplet pair energy:              -0.29218796
 MP2 correlation energy:               -0.74045936
 MP2 total energy:                   -225.95964406

 SCS-MP2 correlation energy:           -0.71973152   (PS=  1.200000  PT=  0.333333)
 SCS-MP2 total energy:               -225.93891622

 ITER.      SQ.NORM     CORR.ENERGY   TOTAL ENERGY   ENERGY CHANGE        DEN1      VAR(S)    VAR(P)  DIIS     TIME
   1      1.25698403    -0.76370574  -225.98289044    -0.02324639    -0.00295382  0.39D-02  0.51D-02  1  1    41.51
   2      1.27680389    -0.76712273  -225.98630743    -0.00341698    -0.01907665  0.76D-04  0.69D-03  2  2    50.79
   3      1.28415899    -0.76728338  -225.98646808    -0.00016065    -0.00364469  0.79D-04  0.40D-04  3  3    60.09
   4      1.28701272    -0.76731355  -225.98649825    -0.00003017    -0.00091190  0.83D-05  0.58D-05  4  4    69.42
   5      1.28807876    -0.76732993  -225.98651463    -0.00001637    -0.00021946  0.29D-05  0.51D-06  5  5    78.67
   6      1.28841444    -0.76731469  -225.98649939     0.00001523    -0.00003683  0.42D-06  0.14D-06  6  6    87.77
   7      1.28854073    -0.76731090  -225.98649560     0.00000380    -0.00000554  0.90D-07  0.25D-07  6  2    96.87
   8      1.28858602    -0.76730974  -225.98649444     0.00000116    -0.00000247  0.62D-08  0.38D-08  6  1   105.96
   9      1.28859832    -0.76730929  -225.98649399     0.00000044    -0.00000053  0.62D-09  0.41D-09  6  3   115.10
  10      1.28859722    -0.76730960  -225.98649430    -0.00000031     0.00000086  0.11D-09  0.44D-10  6  4   124.26

 Norm of t1 vector:      0.09523325      S-energy:     0.00000030      T1 diagnostic:  0.01320648
                                                                       D1 diagnostic:  0.05223799

 Doubles amplitudes (print threshold =  0.500E-01):

         I         J         SYM. A    SYM. B    A         B      T(IJ, AB)

        13        13         1         1         8         8     -0.05015361


 Total CPU time for triples:    192.80 sec


 RESULTS
 =======

  Reference energy                   -225.219184700555
  CCSD singlet pair energy             -0.508072404661
  CCSD triplet pair energy             -0.259237495360
  CCSD correlation energy              -0.767309603750

  Triples (T) contribution             -0.033162298337
  Total correlation energy             -0.800471902087

  CCSD total energy                  -225.986494304304
  CCSD[T] energy                     -226.020653648984
  CCSD-T energy                      -226.019271519501
 !CCSD(T) total energy               -226.019656602641

 Timing summary (sec):

 STEP                 CPU(USER)    SYS     CPU(TOT)    WALL
 Transformation         32.58      2.44     35.02     35.87
 CCSD iterations        91.73      3.53     95.26    116.82
 Triples               192.80      1.29    194.09    194.11

 Program statistics:

 Available memory in ccsd:               349999224
 Min. memory needed in ccsd:              10383805
 Max. memory used in ccsd:                14020906
 Max. memory used in cckext:              10746218 (10 integral passes)



 **********************************************************************************************************************************
 DATASETS  * FILE   NREC   LENGTH (MB)   RECORD NAMES
              1      19      620.87       500      610      700      900      950      970     1000      129      960     1100   
                                          VAR    BASINP    GEOM    SYMINP    ZMAT    AOBASIS   BASIS     P2S    ABASIS      S 
                                         1400     1410     1200     1210     1080     1600     1650     1700     1380   
                                           T        V       H0       H01     AOSYM     SMH    MOLCAS    OPER     JKOP   

              2       5        3.98       700     1000      520     2100     2101   
                                         GEOM     BASIS   MCVARS     RHF      RHF  

 PROGRAMS   *        TOTAL   CCSD(T)        HF       INT   CCSD(T)        HF       INT
 CPU TIMES  *      1325.84    317.15      4.99      0.23    984.97      5.49     12.86
 REAL TIME  *      1435.39 SEC
 DISK USED  *        15.33 GB      
 SF USED    *         1.63 GB      
 GA USED    *         0.01 MB       (max)       0.00 MB       (current)
 **********************************************************************************************************************************
 SETTING E_CORR_A       =    ***************  KCAL/MOL                        
 SETTING E_A            =      -502.30380309  KCAL/MOL                        
 SETTING CHARGE         =        -1.00000000                                  

 Dummy atoms: N0  N1  C2  C3  H4  C5  H6  H7  H8  H9


 Recomputing one-electron integrals since nuclear charges changed

1PROGRAM * SEWARD (Integral evaluation for generally contracted gaussian basis sets)     Author: Roland Lindh, 1990

 Geometry written to block  1 of record 700


 Point group  C1  



 ATOMIC COORDINATES

 NR  ATOM    CHARGE       X              Y              Z

   1  N0      0.00   -0.394119336    0.083015083    0.602085510
   2  N1      0.00   -3.798544109   -1.863128822   -0.875905202
   3  C2      0.00   -1.263722168   -2.026796112   -0.412916630
   4  C3      0.00   -4.584486876    0.513126199   -0.106431398
   5  H4      0.00   -4.903278006   -3.226991414   -1.669488132
   6  C5      0.00   -2.448981075    1.677822996    0.802232074
   7  H6      0.00   -0.155458264   -3.698075572   -0.850488385
   8  H7      0.00   -6.526282522    1.122585553   -0.287542750
   9  H8      0.00   -2.256162869    3.552733674    1.568710662
  10  H9      0.00    1.386357117    0.448939100    1.118871750
  11  C10     6.00   12.574164204    1.809450181   -1.604858788
  12  H11     1.00   12.433782118    3.707515674   -0.790335803
  13  H12     1.00   11.090519431    1.566236759   -3.019201634
  14  S13    16.00   12.353791901   -0.642091529    0.850341432
  15  H14     1.00   14.419740663    1.603965141   -2.516388974

 Bond lengths in Bohr (Angstrom)

  1- 3  2.497547139   1- 6  2.608817297   1-10  1.889726118   2- 3  2.581950362   2- 4  2.618469762
       ( 1.321645025)       ( 1.380526656)       ( 0.999999993)       ( 1.366309286)       ( 1.385634520)

 2-5  1.926222214  3-7  2.052533302  4-6  2.596646484  4-8  2.043235756  6-9  2.034688757
     ( 1.019312895)     ( 1.086153844)     ( 1.374086139)     ( 1.081233795)     ( 1.076710918)

 11-12  2.070219176  11-13  2.064151222  11-14  3.476582924  11-15  2.068638164
       ( 1.095512806)       ( 1.092301783)       ( 1.839728449)       ( 1.094676170)

 Bond angles

  1-3-2  111.17107112   1-3-7  125.90760457   1-6-4  110.28766710   1-6-9  121.16921863

  2-3-7  122.92086882   2-4-6  105.25010111   2-4-8  121.99826426   3-1-6  105.86304950

  3- 1-10  127.06847515   3- 2- 4  107.42788808   3- 2- 5  126.30256596   4- 2- 5  126.26194913

  4- 6- 9  128.54108940   6- 1-10  127.06847535   6- 4- 8  132.75045674  12-11-13  109.20063486

 12-11-14  111.36845179  12-11-15  108.96201772  13-11-14  110.80834239  13-11-15  109.12517017

 14-11-15  107.31910637

 NUCLEAR CHARGE:                   25
 NUMBER OF PRIMITIVE AOS:         362
 NUMBER OF SYMMETRY AOS:          348
 NUMBER OF CONTRACTIONS:          237   ( 237A   )
 NUMBER OF CORE ORBITALS:           6   (   6A   )
 NUMBER OF VALENCE ORBITALS:       11   (  11A   )

 MOLECULE CHANGED: INITIALIZING OCCUPATION AND DUMP RECORDS


 NUCLEAR REPULSION ENERGY   47.62676028


 Eigenvalues of metric

         1 0.196E-04 0.505E-04 0.174E-03 0.204E-03 0.271E-03 0.299E-03 0.448E-03 0.523E-03


 Contracted 2-electron integrals neglected if value below      1.0D-12

 OPERATOR DM      FOR CENTER  0  COORDINATES:    0.000000    0.000000    0.000000


 **********************************************************************************************************************************
 DATASETS  * FILE   NREC   LENGTH (MB)   RECORD NAMES
              1      18        9.87       500      610      700      900      950      970     1000      129      960     1100   
                                          VAR    BASINP    GEOM    SYMINP    ZMAT    AOBASIS   BASIS     P2S    ABASIS      S 
                                         1400     1410     1200     1210     1080     1600     1650     1700   
                                           T        V       H0       H01     AOSYM     SMH    MOLCAS    OPER   

              2       5        3.98       700     1000      520     2100     2101   
                                         GEOM     BASIS   MCVARS     RHF      RHF  

 PROGRAMS   *        TOTAL       INT   CCSD(T)        HF       INT   CCSD(T)        HF       INT
 CPU TIMES  *      1325.95      0.11    317.15      4.99      0.23    984.97      5.49     12.86
 REAL TIME  *      1436.02 SEC
 DISK USED  *        15.33 GB      
 SF USED    *         1.63 GB      
 GA USED    *         0.01 MB       (max)       0.00 MB       (current)
 **********************************************************************************************************************************

1PROGRAM * RHF-SCF (CLOSED SHELL)       Authors: W. Meyer, H.-J. Werner


 NUMBER OF ELECTRONS:      13+   13-    SPACE SYMMETRY=1    SPIN SYMMETRY: Singlet 
 CONVERGENCE THRESHOLDS:    1.00E-05 (Density)    1.00E-07 (Energy)
 MAX. NUMBER OF ITERATIONS:       60
 INTERPOLATION TYPE:            DIIS
 INTERPOLATION STEPS:              2 (START)      1 (STEP)
 LEVEL SHIFTS:                  0.00 (CLOSED)  0.00 (OPEN) 



 Orbital guess generated from atomic densities. Full valence occupancy:   17

 Molecular orbital dump at record        2102.2

 ITERATION    DDIFF          GRAD             ENERGY        2-EL.EN.            DIPOLE MOMENTS         DIIS   ORB.
    1      0.000D+00      0.000D+00      -437.09194823    444.656621  -12.30585    1.05498   -1.27107    0    start
    2      0.000D+00      0.328D-02      -437.14357435    435.505021  -12.34863    0.55240   -0.77059    1    diag
    3      0.682D-02      0.150D-02      -437.15157139    438.094178  -12.33980    0.68239   -0.89926    2    diag
    4      0.219D-02      0.263D-03      -437.15220408    437.906279  -12.33662    0.69413   -0.91179    3    diag
    5      0.517D-03      0.611D-04      -437.15224176    437.904922  -12.33584    0.69723   -0.91480    4    diag
    6      0.163D-03      0.148D-04      -437.15224454    437.905234  -12.33524    0.69713   -0.91489    5    diag
    7      0.540D-04      0.519D-05      -437.15224477    437.902484  -12.33510    0.69737   -0.91514    6    diag
    8      0.161D-04      0.176D-05      -437.15224480    437.903431  -12.33507    0.69705   -0.91485    7    diag
    9      0.550D-05      0.456D-06      -437.15224480    437.903429  -12.33505    0.69700   -0.91481    0    orth

 Final occupancy:  13

 !RHF STATE 1.1 Energy               -437.152244797863
 Nuclear energy                        47.62676028
 One-electron energy                 -703.73071950
 Two-electron energy                  218.95171442
 Virial quotient                       -1.00019456
 !RHF STATE 1.1 Dipole moment         -12.33505455     0.69699854    -0.91481028
 Dipole moment /Debye                 -31.35052795     1.77147754    -2.32506351

 Orbital energies:

         1.1          2.1          3.1          4.1          5.1          6.1          7.1          8.1          9.1         10.1
    -91.664143   -11.054196    -8.663612    -6.346159    -6.343203    -6.343194    -0.782024    -0.576107    -0.375108    -0.374019

        11.1         12.1         13.1         14.1         15.1
     -0.227544    -0.082619    -0.081717     0.077499     0.098668

 HOMO     13.1    -0.081717 =      -2.2236eV
 LUMO     14.1     0.077499 =       2.1089eV
 LUMO-HOMO         0.159217 =       4.3325eV


 **********************************************************************************************************************************
 DATASETS  * FILE   NREC   LENGTH (MB)   RECORD NAMES
              1      18        9.87       500      610      700      900      950      970     1000      129      960     1100   
                                          VAR    BASINP    GEOM    SYMINP    ZMAT    AOBASIS   BASIS     P2S    ABASIS      S 
                                         1400     1410     1200     1210     1080     1600     1650     1700   
                                           T        V       H0       H01     AOSYM     SMH    MOLCAS    OPER   

              2       6        6.27       700     1000      520     2100     2101     2102   
                                         GEOM     BASIS   MCVARS     RHF      RHF      RHF  

 PROGRAMS   *        TOTAL        HF       INT   CCSD(T)        HF       INT   CCSD(T)        HF       INT
 CPU TIMES  *      1330.21      4.25      0.11    317.15      4.99      0.23    984.97      5.49     12.86
 REAL TIME  *      1440.59 SEC
 DISK USED  *        15.33 GB      
 SF USED    *         1.63 GB      
 GA USED    *         0.01 MB       (max)       0.00 MB       (current)
 **********************************************************************************************************************************
 SETTING E_RHF_B        =    ***************  KCAL/MOL                        


1PROGRAM * CCSD (Closed-shell coupled cluster)     Authors: C. Hampel, H.-J. Werner, 1991, M. Deegan, P.J. Knowles, 1992


 Convergence thresholds:  THRVAR = 1.00D-08  THRDEN = 1.00D-06

 CCSD(T)     terms to be evaluated (factor= 1.000)


 Number of core orbitals:           6 (   6 )
 Number of closed-shell orbitals:   7 (   7 )
 Number of external orbitals:     224 ( 224 )

 Molecular orbitals read from record     2102.2  Type=RHF/CANONICAL (state 1.1)

 Number of N-1 electron functions:               7
 Number of N-2 electron functions:              28
 Number of singly external CSFs:              1568
 Number of doubly external CSFs:           1230096
 Total number of CSFs:                     1231665

 Length of J-op  integral file:               0.00 MB
 Length of K-op  integral file:               3.86 MB
 Length of 3-ext integral record:             0.00 MB

 Memory could be reduced to 110.82 Mwords without degradation in triples

 Integral transformation finished. Total CPU:  16.85 sec, npass=  1  Memory used:  57.33 MW

 Reference energy:                   -437.15224480

 MP2 singlet pair energy:              -0.19859579
 MP2 triplet pair energy:              -0.11063855
 MP2 correlation energy:               -0.30923434
 MP2 total energy:                   -437.46147914

 SCS-MP2 correlation energy:           -0.30715671   (PS=  1.200000  PT=  0.333333)
 SCS-MP2 total energy:               -437.45940151

 ITER.      SQ.NORM     CORR.ENERGY   TOTAL ENERGY   ENERGY CHANGE        DEN1      VAR(S)    VAR(P)  DIIS     TIME
   1      1.15010949    -0.33606229  -437.48830709    -0.02682795    -0.01787709  0.13D-02  0.22D-02  1  1    19.50
   2      1.16235920    -0.33812718  -437.49037197    -0.00206488    -0.00954867  0.33D-04  0.21D-03  2  2    22.20
   3      1.16520311    -0.33819453  -437.49043932    -0.00006735    -0.00122769  0.16D-04  0.13D-04  3  3    24.90
   4      1.16616783    -0.33819718  -437.49044198    -0.00000266    -0.00023977  0.27D-05  0.11D-05  4  4    27.83
   5      1.16642910    -0.33819108  -437.49043588     0.00000610    -0.00004533  0.69D-06  0.19D-06  5  5    30.65
   6      1.16652943    -0.33818718  -437.49043198     0.00000390    -0.00001020  0.23D-06  0.44D-07  6  6    33.28
   7      1.16657023    -0.33818610  -437.49043089     0.00000108    -0.00000127  0.81D-07  0.15D-07  6  2    35.98
   8      1.16659655    -0.33818539  -437.49043019     0.00000071    -0.00000205  0.23D-07  0.47D-08  6  1    38.61
   9      1.16660823    -0.33818530  -437.49043010     0.00000009     0.00000058  0.57D-08  0.11D-08  6  3    41.23

 Norm of t1 vector:      0.05885828      S-energy:     0.00000010      T1 diagnostic:  0.01112317
                                                                       D1 diagnostic:  0.02208937


 Total CPU time for triples:     40.44 sec


 RESULTS
 =======

  Reference energy                   -437.152244797865
  CCSD singlet pair energy             -0.235202824130
  CCSD triplet pair energy             -0.102982577736
  CCSD correlation energy              -0.338185299114

  Triples (T) contribution             -0.011893313188
  Total correlation energy             -0.350078612302

  CCSD total energy                  -437.490430096978
  CCSD[T] energy                     -437.502646160974
  CCSD-T energy                      -437.502163597243
 !CCSD(T) total energy               -437.502323410167

 Timing summary (sec):

 STEP                 CPU(USER)    SYS     CPU(TOT)    WALL
 Transformation         16.89      1.20     18.09     18.11
 CCSD iterations        24.36      1.22     25.58     49.18
 Triples                40.44      0.19     40.63     40.69

 Program statistics:

 Available memory in ccsd:               349999704
 Min. memory needed in ccsd:               3914284
 Max. memory used in ccsd:                 4933869
 Max. memory used in cckext:               3581066 ( 9 integral passes)



 **********************************************************************************************************************************
 DATASETS  * FILE   NREC   LENGTH (MB)   RECORD NAMES
              1      19      345.78       500      610      700      900      950      970     1000      129      960     1100   
                                          VAR    BASINP    GEOM    SYMINP    ZMAT    AOBASIS   BASIS     P2S    ABASIS      S 
                                         1400     1410     1200     1210     1080     1600     1650     1700     1380   
                                           T        V       H0       H01     AOSYM     SMH    MOLCAS    OPER     JKOP   

              2       6        6.27       700     1000      520     2100     2101     2102   
                                         GEOM     BASIS   MCVARS     RHF      RHF      RHF  

 PROGRAMS   *        TOTAL   CCSD(T)        HF       INT   CCSD(T)        HF       INT   CCSD(T)        HF       INT
 CPU TIMES  *      1411.95     81.73      4.25      0.11    317.15      4.99      0.23    984.97      5.49     12.86
 REAL TIME  *      1548.73 SEC
 DISK USED  *        15.33 GB      
 SF USED    *         1.63 GB      
 GA USED    *         0.01 MB       (max)       0.00 MB       (current)
 **********************************************************************************************************************************
 SETTING E_CORR_B       =    ***************  KCAL/MOL                        
 SETTING E_B            =      -219.67768998  KCAL/MOL                        
 SETTING E_RHF_CP       =       -46.03806410  KCAL/MOL                        
 SETTING E_CORR_CP      =        -0.39998971  KCAL/MOL                        

        CCSD(T)         HF-SCF          CCSD(T)         HF-SCF          CCSD(T)         HF-SCF  
   -437.50232341   -437.15224480   -226.01965660   -225.21918470   -663.59598375   -662.44479581
 **********************************************************************************************************************************
 Variable memory released
