
 Primary working directories    : /scratch/1723666.phoenix.chem.wisc.edu
 Secondary working directories  : /scratch/1723666.phoenix.chem.wisc.edu
 Wavefunction directory         : /scratch/1723666.phoenix.chem.wisc.edu/
 Main file repository           : /scratch/1723666.phoenix.chem.wisc.edu/

 SHA1      : 65e45729fe3f963b0eb97374e3bda9949063ef0f
 NAME      : 2012.1.17
 ARCHNAME  : Linux/x86_64
 FC        : /opt/intel/composer_xe_2013.5.192/bin/intel64/ifort
 FCVERSION : 13.1.3
 BLASLIB   : -L/opt/intel/composer_xe_2013.5.192/mkl/lib/intel64 -lmkl_intel_ilp64 -lmkl_sequential -lmkl_core
 id        : cuichemwisc

 Nodes             nprocs
 compute-1-35.local   12
 ga_uses_ma=false, calling ma_init with nominal heap.
 GA-space will be limited to   8.0 MW (determined by -G option)

 Using customized tuning parameters: mindgm=1; mindgv=20; mindgc=4; mindgr=1; noblas=0; minvec=7
 default implementation of scratch files=sf  

 geomtyp=xyz
 geometry={
 15
  C0          0.010370994400       1.110889967000       0.000000000000
  N1          0.197195295400       0.446277876400       1.128590383500
  N2         -0.408134561800       2.424517989400       0.000000000000
  N3          0.197195295400       0.446277876400      -1.128590383500
  H4         -0.187145369700       2.937703853100      -0.836695341700
  H5         -0.187145369700       2.937703853100       0.836695341700
  H6          0.002835480000       0.913989047000       1.996010153900
  H7          0.438967409300      -0.684775759600       0.850010593000
  H8          0.002835480000       0.913989047000      -1.996010153900
  H9          0.438967409300      -0.684775759600      -0.850010593000
  C10        -0.506581407867      -4.075712884177      -0.000000000000
  H11        -1.431524286167      -3.483513660677      -0.000000000000
  H12        -0.526823918367      -4.721103983377       0.880962273200
  H13        -0.526823918367      -4.721103983377      -0.880962273200
  O14         0.642648329333      -3.260959900077      -0.000000000000
 }
 
 
 basis=avqz
 
                                                                                 ! Complex
 set,charge=0
 
 df-hf
 e_rhf_c = energy*tokcal
 df-mp2
 e_corr_c = energy*tokcal
 e_c = e_corr_c - e_rhf_c
 
 
                                                                                 ! Monomer 1
 set,charge=1
 dummy,C10,H11,H12,H13,O14
 
 df-hf
 e_rhf_a = energy*tokcal
 df-mp2
 e_corr_a = energy*tokcal
 e_a = e_corr_a - e_rhf_a
 
 
                                                                                 ! Monomer 2
 set,charge=-1
 dummy,C0,N1,N2,N3,H4,H5,H6,H7,H8,H9
 
 df-hf
 e_rhf_b = energy*tokcal
 df-mp2
 e_corr_b = energy*tokcal
 e_b = e_corr_b - e_rhf_b
 
 
 e_rhf_cp = e_rhf_c - (e_rhf_a + e_rhf_b)
 e_corr_cp = e_c - (e_a + e_b)

 Variables initialized (782), CPU time= 0.01 sec
 Commands  initialized (547), CPU time= 0.01 sec, 517 directives.
 Default parameters read. Elapsed time= 0.14 sec

 Checking input...
 Passed
1


                                         ***  PROGRAM SYSTEM MOLPRO  ***
                         Copyright, University College Cardiff Consultants Limited, 2008

                                    Version 2012.1 linked Oct 11 2014 15:40:16


 **********************************************************************************************************************************
 LABEL *                                                                                 
 Linux-2.6.18-308.el5/compute-1-35.local(x86_64) 64 bit mpp version                      DATE: 12-Dec-14          TIME: 09:59:43  
 **********************************************************************************************************************************

 SHA1:             65e45729fe3f963b0eb97374e3bda9949063ef0f
 **********************************************************************************************************************************
 SETTING GEOMTYP        =    XYZ

 Turning off symmetry in density fitting calculation
 To re-enable, use 'set,zsymel=auto'


 Variable memory set to  350000000 words,  buffer space   230000 words

 SETTING BASIS          =    AVQZ
 SETTING CHARGE         =         0.00000000                                  


 Recomputing integrals since basis changed


 Using spherical harmonics

 Library entry C      S aug-cc-pVQZ          selected for orbital group  1
 Library entry C      P aug-cc-pVQZ          selected for orbital group  1
 Library entry C      D aug-cc-pVQZ          selected for orbital group  1
 Library entry C      F aug-cc-pVQZ          selected for orbital group  1
 Library entry C      G aug-cc-pVQZ          selected for orbital group  1
 Library entry N      S aug-cc-pVQZ          selected for orbital group  2
 Library entry N      P aug-cc-pVQZ          selected for orbital group  2
 Library entry N      D aug-cc-pVQZ          selected for orbital group  2
 Library entry N      F aug-cc-pVQZ          selected for orbital group  2
 Library entry N      G aug-cc-pVQZ          selected for orbital group  2
 Library entry H      S aug-cc-pVQZ          selected for orbital group  3
 Library entry H      P aug-cc-pVQZ          selected for orbital group  3
 Library entry H      D aug-cc-pVQZ          selected for orbital group  3
 Library entry H      F aug-cc-pVQZ          selected for orbital group  3
 Library entry O      S aug-cc-pVQZ          selected for orbital group  6
 Library entry O      P aug-cc-pVQZ          selected for orbital group  6
 Library entry O      D aug-cc-pVQZ          selected for orbital group  6
 Library entry O      F aug-cc-pVQZ          selected for orbital group  6
 Library entry O      G aug-cc-pVQZ          selected for orbital group  6

1PROGRAM * SEWARD (Integral evaluation for generally contracted gaussian basis sets)     Author: Roland Lindh, 1990

 Geometry written to block  1 of record 700


 Point group  C1  



 ATOMIC COORDINATES

 NR  ATOM    CHARGE       X              Y              Z

   1  C0      6.00    0.019598339    2.099277800    0.000000000
   2  N1      7.00    0.372645103    0.843342965    2.132726739
   3  N2      7.00   -0.771262547    4.581675001    0.000000000
   4  N3      7.00    0.372645103    0.843342965   -2.132726739
   5  H4      1.00   -0.353653495    5.551455738   -1.581125051
   6  H5      1.00   -0.353653495    5.551455738    1.581125051
   7  H6      1.00    0.005358281    1.727188986    3.771912546
   8  H7      1.00    0.829528184   -1.294038647    1.606287230
   9  H8      1.00    0.005358281    1.727188986   -3.771912546
  10  H9      1.00    0.829528184   -1.294038647   -1.606287230
  11  C10     6.00   -0.957300124   -7.701981141    0.000000000
  12  H11     1.00   -2.705188851   -6.582886794    0.000000000
  13  H12     1.00   -0.995552925   -8.921593567    1.664777428
  14  H13     1.00   -0.995552925   -8.921593567   -1.664777428
  15  O14     8.00    1.214429341   -6.162321137    0.000000000

 Bond lengths in Bohr (Angstrom)

 1-2  2.500107532  1-3  2.605332379  1-4  2.500107532  2-7  1.898160559  2-8  2.248172783
     ( 1.322999926)     ( 1.378682517)     ( 1.322999926)     ( 1.004463307)     ( 1.189681799)

  3- 5  1.901270214   3- 6  1.901270214   4- 9  1.898160559   4-10  2.248172783  11-12  2.075448665
       ( 1.006108865)       ( 1.006108865)       ( 1.004463307)       ( 1.189681799)       ( 1.098280132)

 11-13  2.064074037  11-14  2.064074037  11-15  2.662134820
       ( 1.092260938)       ( 1.092260938)       ( 1.408741074)

 Bond angles

  1-2-7  118.38748469   1-2-8  107.85083991   1-3-5  114.79209060   1-3-6  114.79209060

  1- 4- 9  118.38748469   1- 4-10  107.85083991   2- 1- 3  121.43386885   2- 1- 4  117.09081970

  3- 1- 4  121.43386885   5- 3- 6  112.53001761   7- 2- 8  133.17466299   9- 4-10  133.17466299

 12-11-13  107.63765749  12-11-14  107.63765749  12-11-15  112.03544464  13-11-14  107.52028785

 13-11-15  110.90718575  14-11-15  110.90718575

 NUCLEAR CHARGE:                   50
 NUMBER OF PRIMITIVE AOS:        1221
 NUMBER OF SYMMETRY AOS:          990
 NUMBER OF CONTRACTIONS:          894   ( 894A   )
 NUMBER OF CORE ORBITALS:           6   (   6A   )
 NUMBER OF VALENCE ORBITALS:       33   (  33A   )


 NUCLEAR REPULSION ENERGY  228.50053883


 Eigenvalues of metric

         1 0.507E-05 0.571E-05 0.670E-05 0.859E-05 0.111E-04 0.134E-04 0.137E-04 0.151E-04


 OPERATOR DM      FOR CENTER  0  COORDINATES:    0.000000    0.000000    0.000000


 **********************************************************************************************************************************
 DATASETS  * FILE   NREC   LENGTH (MB)   RECORD NAMES
              1      18       36.85       500      610      700      900      950      970     1000      129      960     1100   
                                          VAR    BASINP    GEOM    SYMINP    ZMAT    AOBASIS   BASIS     P2S    ABASIS      S 
                                         1400     1410     1200     1210     1080     1600     1650     1700   
                                           T        V       H0       H01     AOSYM     SMH    MOLCAS    OPER   

 PROGRAMS   *        TOTAL       INT
 CPU TIMES  *         2.50      2.36
 REAL TIME  *         3.84 SEC
 DISK USED  *         0.00 MB      
 GA USED    *         0.02 MB       (max)       0.00 MB       (current)
 **********************************************************************************************************************************

1PROGRAM * RHF-SCF (CLOSED SHELL)       Authors: W. Meyer, H.-J. Werner


 NUMBER OF ELECTRONS:      25+   25-    SPACE SYMMETRY=1    SPIN SYMMETRY: Singlet 
 CONVERGENCE THRESHOLDS:    1.00E-05 (Density)    1.00E-07 (Energy)
 INTEGRAL THRESHOLDS:       1.00E-11 (Initial)    1.00E-11 (Final)
 MAX. NUMBER OF ITERATIONS:       60
 INTERPOLATION TYPE:            DIIS
 INTERPOLATION STEPS:              2 (START)      1 (STEP)
 LEVEL SHIFTS:                  0.00 (CLOSED)  0.00 (OPEN) 



 
 Basis set CC-PVQZ/JKFIT generated.      Number of basis functions:   1095 
 
 Orbital guess generated from atomic densities. Full valence occupancy:   39
 Coulomb and exchange fitting
 Thresholds for fitting:       THRAO_COUL= 1.0D-14    THRAO_EXCH= 1.0D-12    THRMO= 1.0D-11    THRPROD= 1.0D-11    THRASM= 1.0D-11
                               THR2HLF=    1.0D-11

 Molecular orbital dump at record        2100.2

 ITERATION   DDIFF            GRAD            ENERGY        2-EL.EN.            DIPOLE MOMENTS         DIIS   CPU(IT)  CPU(TOT)  ORB.
    1      0.000D+00      0.000D+00      -318.99166695    683.932808   -1.14550    7.24506    0.00000    0      4.4     18.8     start
    2      0.000D+00      0.276D-02      -319.07046708    674.538026   -0.26214    6.52649    0.00000    1      4.5     23.2     diag
    3      0.244D-02      0.239D-02      -319.16339131    679.598604   -0.67689    6.76830    0.00000    2      4.5     27.8     diag
    4      0.124D-02      0.309D-03      -319.16626537    679.252577   -0.63079    6.72021    0.00000    3      4.1     31.8     diag
    5      0.238D-03      0.983D-04      -319.16652970    679.266751   -0.63574    6.69977    0.00000    4      3.7     35.5     diag
    6      0.730D-04      0.268D-04      -319.16656302    679.261961   -0.63432    6.69449    0.00000    5      3.8     39.3     diag
    7      0.250D-04      0.786D-05      -319.16656657    679.262063   -0.63352    6.69229    0.00000    6      4.2     43.5     diag
    8      0.979D-05      0.214D-05      -319.16656689    679.262781   -0.63372    6.69135    0.00000    7      3.8     47.3     diag
    9      0.329D-05      0.851D-06      -319.16656693    679.263250   -0.63356    6.69086    0.00000    8      3.8     51.1     diag
   10      0.105D-05      0.338D-06      -319.16656694    679.263611   -0.63358    6.69069    0.00000    0      4.0     55.1     orth

 Final occupancy:  25

 !RHF STATE 1.1 Energy               -319.166566941984
 Nuclear energy                       228.50053883
 One-electron energy                 -887.29891114
 Two-electron energy                  339.63180537
 Virial quotient                       -1.00285107
 !RHF STATE 1.1 Dipole moment          -0.63358201     6.69068819     0.00000000
 Dipole moment /Debye                  -1.61029937    17.00491930     0.00000000

 Orbital energies:

         1.1          2.1          3.1          4.1          5.1          6.1          7.1          8.1          9.1         10.1
    -20.349650   -15.674971   -15.668877   -15.668845   -11.465456   -11.146176    -1.411711    -1.270670    -1.247323    -1.107902

        11.1         12.1         13.1         14.1         15.1         16.1         17.1         18.1         19.1         20.1
     -0.913610    -0.857060    -0.812611    -0.766180    -0.733529    -0.702575    -0.692461    -0.671724    -0.520350    -0.486254

        21.1         22.1         23.1         24.1         25.1         26.1         27.1
     -0.476736    -0.476052    -0.395110    -0.252363    -0.249455    -0.014017     0.005680

 HOMO     25.1    -0.249455 =      -6.7880eV
 LUMO     26.1    -0.014017 =      -0.3814eV
 LUMO-HOMO         0.235438 =       6.4066eV


 **********************************************************************************************************************************
 DATASETS  * FILE   NREC   LENGTH (MB)   RECORD NAMES
              1      18       36.85       500      610      700      900      950      970     1000      129      960     1100   
                                          VAR    BASINP    GEOM    SYMINP    ZMAT    AOBASIS   BASIS     P2S    ABASIS      S 
                                         1400     1410     1200     1210     1080     1600     1650     1700   
                                           T        V       H0       H01     AOSYM     SMH    MOLCAS    OPER   

              2       4       19.89       700     1000      520     2100   
                                         GEOM     BASIS   MCVARS     RHF  

 PROGRAMS   *        TOTAL        HF       INT
 CPU TIMES  *        59.61     56.82      2.36
 REAL TIME  *       111.70 SEC
 DISK USED  *         1.34 GB      
 SF USED    *       201.62 MB      
 GA USED    *         3.20 MB       (max)       0.00 MB       (current)
 **********************************************************************************************************************************
 SETTING E_RHF_C        =    ***************  KCAL/MOL                        


1PROGRAM * MP2 (Closed-shell)     Authors: C. Hampel, H.-J. Werner, 1991, M. Deegan, P.J. Knowles, 1992

 Basis set AUG-CC-PVQZ/MP2FIT generated. Number of basis functions:   1728 

 Convergence thresholds:  THRVAR = 1.00D-08  THRDEN = 1.00D-06

 Number of core orbitals:           6 (   6 )
 Number of closed-shell orbitals:  19 (  19 )
 Number of external orbitals:     869 ( 869 )

 Molecular orbitals read from record     2100.2  Type=RHF/CANONICAL (state 1.1)
 

 Entering DF-MP2

 Thresholds:    THRAO= 0.100D-09    THRMO= 0.100D-08    THROV= 0.100D-11

 Fitting basis: AUG-CC-PVQZ-MP2F
 Number of fitting functions:                1728
 Number of blocks in AO basis:                  6
 Minimum block size:                           80
 Maximum block size:                          218
 Average block size:                          149
 Number of groups in AO basis:                177
 Number of shells in AO basis:                318

 Using large memory version DFMP2B. NIBTK= 1  NGPU= 0  IGPU= 0

 para=T  nprocs= 12  mpptyp=0  number of tasks=  29

 Minimum memory with paging:                  6.65 MW
 Minimum memory for incore assembly:         29.29 MW
 Maximum memory for incore algorithm:        33.25 MW
 Memory for 3-index integrals:                0.00 MW

 Disk space for H1-integrals:               236.39 MB (   551 records)
 
 CPU time for half transformed integrals      2.79 sec, elapsed time      2.80 sec
 CPU time for assembly                        5.13 sec, elapsed time      7.90 sec (8163.4 MFLOP/sec)
 Total CPU time                              10.90 sec, elapsed time     13.80 sec

 SCS-MP2 correlation energy:           -1.328876901498   (PS=  1.200000  PT=  0.333333)
 SCS-MP2 total energy:               -320.495443843483

 Norm of first-order wave function:     0.275138808012
 Coefficient of reference function:     0.885566681460

  Reference energy                   -319.166566941985
  MP2 singlet pair energy              -0.861435854962
  MP2 triplet pair energy              -0.474354442839
  MP2 correlation energy               -1.335790297801

 !MP2 total energy                   -320.502357239785


 **********************************************************************************************************************************
 DATASETS  * FILE   NREC   LENGTH (MB)   RECORD NAMES
              1      19       36.86       500      610      700      900      950      970     1000      129      960     1100   
                                          VAR    BASINP    GEOM    SYMINP    ZMAT    AOBASIS   BASIS     P2S    ABASIS      S 
                                         1400     1410     1200     1210     1080     1600     1650     1700      960(1)
                                           T        V       H0       H01     AOSYM     SMH    MOLCAS    OPER    ABASIS    

              2       4       19.89       700     1000      520     2100   
                                         GEOM     BASIS   MCVARS     RHF  

 PROGRAMS   *        TOTAL       MP2        HF       INT
 CPU TIMES  *        72.32     12.70     56.82      2.36
 REAL TIME  *       128.15 SEC
 DISK USED  *         1.34 GB      
 SF USED    *       998.42 MB      
 GA USED    *         3.20 MB       (max)       0.00 MB       (current)
 **********************************************************************************************************************************
 SETTING E_CORR_C       =    ***************  KCAL/MOL                        
 SETTING E_C            =      -838.22123546  KCAL/MOL                        
 SETTING CHARGE         =         1.00000000                                  

 Dummy atoms: C10  H11  H12  H13  O14


 Recomputing one-electron integrals since nuclear charges changed

1PROGRAM * SEWARD (Integral evaluation for generally contracted gaussian basis sets)     Author: Roland Lindh, 1990

 Geometry written to block  1 of record 700


 Point group  C1  



 ATOMIC COORDINATES

 NR  ATOM    CHARGE       X              Y              Z

   1  C0      6.00    0.019598339    2.099277800    0.000000000
   2  N1      7.00    0.372645103    0.843342965    2.132726739
   3  N2      7.00   -0.771262547    4.581675001    0.000000000
   4  N3      7.00    0.372645103    0.843342965   -2.132726739
   5  H4      1.00   -0.353653495    5.551455738   -1.581125051
   6  H5      1.00   -0.353653495    5.551455738    1.581125051
   7  H6      1.00    0.005358281    1.727188986    3.771912546
   8  H7      1.00    0.829528184   -1.294038647    1.606287230
   9  H8      1.00    0.005358281    1.727188986   -3.771912546
  10  H9      1.00    0.829528184   -1.294038647   -1.606287230
  11  C10     0.00   -0.957300124   -7.701981141    0.000000000
  12  H11     0.00   -2.705188851   -6.582886794    0.000000000
  13  H12     0.00   -0.995552925   -8.921593567    1.664777428
  14  H13     0.00   -0.995552925   -8.921593567   -1.664777428
  15  O14     0.00    1.214429341   -6.162321137    0.000000000

 Bond lengths in Bohr (Angstrom)

 1-2  2.500107532  1-3  2.605332379  1-4  2.500107532  2-7  1.898160559  2-8  2.248172783
     ( 1.322999926)     ( 1.378682517)     ( 1.322999926)     ( 1.004463307)     ( 1.189681799)

  3- 5  1.901270214   3- 6  1.901270214   4- 9  1.898160559   4-10  2.248172783  11-12  2.075448665
       ( 1.006108865)       ( 1.006108865)       ( 1.004463307)       ( 1.189681799)       ( 1.098280132)

 11-13  2.064074037  11-14  2.064074037  11-15  2.662134820
       ( 1.092260938)       ( 1.092260938)       ( 1.408741074)

 Bond angles

  1-2-7  118.38748469   1-2-8  107.85083991   1-3-5  114.79209060   1-3-6  114.79209060

  1- 4- 9  118.38748469   1- 4-10  107.85083991   2- 1- 3  121.43386885   2- 1- 4  117.09081970

  3- 1- 4  121.43386885   5- 3- 6  112.53001761   7- 2- 8  133.17466299   9- 4-10  133.17466299

 12-11-13  107.63765749  12-11-14  107.63765749  12-11-15  112.03544464  13-11-14  107.52028785

 13-11-15  110.90718575  14-11-15  110.90718575

 NUCLEAR CHARGE:                   33
 NUMBER OF PRIMITIVE AOS:        1221
 NUMBER OF SYMMETRY AOS:          990
 NUMBER OF CONTRACTIONS:          894   ( 894A   )
 NUMBER OF CORE ORBITALS:           4   (   4A   )
 NUMBER OF VALENCE ORBITALS:       22   (  22A   )

 MOLECULE CHANGED: INITIALIZING OCCUPATION AND DUMP RECORDS


 NUCLEAR REPULSION ENERGY  132.48057898


 Eigenvalues of metric

         1 0.507E-05 0.571E-05 0.670E-05 0.859E-05 0.111E-04 0.134E-04 0.137E-04 0.151E-04


 OPERATOR DM      FOR CENTER  0  COORDINATES:    0.000000    0.000000    0.000000


 **********************************************************************************************************************************
 DATASETS  * FILE   NREC   LENGTH (MB)   RECORD NAMES
              1      19       36.86       500      610      700      900      950      970     1000      129      960     1100   
                                          VAR    BASINP    GEOM    SYMINP    ZMAT    AOBASIS   BASIS     P2S    ABASIS      S 
                                         1400     1410     1200     1210     1080     1600     1650     1700      960(1)
                                           T        V       H0       H01     AOSYM     SMH    MOLCAS    OPER    ABASIS    

              2       4       19.89       700     1000      520     2100   
                                         GEOM     BASIS   MCVARS     RHF  

 PROGRAMS   *        TOTAL       INT       MP2        HF       INT
 CPU TIMES  *        74.83      2.50     12.70     56.82      2.36
 REAL TIME  *       131.44 SEC
 DISK USED  *         1.34 GB      
 SF USED    *       998.42 MB      
 GA USED    *         3.20 MB       (max)       0.00 MB       (current)
 **********************************************************************************************************************************

1PROGRAM * RHF-SCF (CLOSED SHELL)       Authors: W. Meyer, H.-J. Werner


 NUMBER OF ELECTRONS:      16+   16-    SPACE SYMMETRY=1    SPIN SYMMETRY: Singlet 
 CONVERGENCE THRESHOLDS:    1.00E-05 (Density)    1.00E-07 (Energy)
 INTEGRAL THRESHOLDS:       1.00E-11 (Initial)    1.00E-11 (Final)
 MAX. NUMBER OF ITERATIONS:       60
 INTERPOLATION TYPE:            DIIS
 INTERPOLATION STEPS:              2 (START)      1 (STEP)
 LEVEL SHIFTS:                  0.00 (CLOSED)  0.00 (OPEN) 



 
 Basis set CC-PVQZ/JKFIT generated.      Number of basis functions:   1095 
 
 Orbital guess generated from atomic densities. Full valence occupancy:   26
 Coulomb and exchange fitting
 Thresholds for fitting:       THRAO_COUL= 1.0D-14    THRAO_EXCH= 1.0D-12    THRMO= 1.0D-11    THRPROD= 1.0D-11    THRASM= 1.0D-11
                               THR2HLF=    1.0D-11

 Molecular orbital dump at record        2101.2

 ITERATION   DDIFF            GRAD            ENERGY        2-EL.EN.            DIPOLE MOMENTS         DIIS   CPU(IT)  CPU(TOT)  ORB.
    1      0.000D+00      0.000D+00      -204.49069055    389.173929    0.54246    1.49719    0.00000    0      3.9     13.9     start
    2      0.000D+00      0.187D-02      -204.54515642    390.192739    0.33059    1.80232   -0.00000    1      4.8     18.7     diag
    3      0.110D-02      0.616D-03      -204.55083824    390.106003    0.37904    1.79601    0.00000    2      3.5     22.2     diag
    4      0.351D-03      0.268D-03      -204.55193868    390.159093    0.36515    1.81875   -0.00000    3      3.2     25.4     diag
    5      0.127D-03      0.447D-04      -204.55200891    390.164911    0.36345    1.82351    0.00000    4      3.7     29.1     diag
    6      0.329D-04      0.146D-04      -204.55201615    390.159212    0.36324    1.82548    0.00000    5      3.4     32.5     diag
    7      0.117D-04      0.542D-05      -204.55201685    390.160495    0.36355    1.82525    0.00000    6      3.8     36.3     diag
    8      0.400D-05      0.159D-05      -204.55201691    390.160780    0.36330    1.82557    0.00000    7      3.4     39.7     diag
    9      0.112D-05      0.249D-06      -204.55201691    390.160585    0.36334    1.82556    0.00000    0      3.6     43.3     orth

 Final occupancy:  16

 !RHF STATE 1.1 Energy               -204.552016911376
 Nuclear energy                       132.48057898
 One-electron energy                 -532.11288863
 Two-electron energy                  195.08029274
 Virial quotient                       -1.00334631
 !RHF STATE 1.1 Dipole moment           0.36333995     1.82555712     0.00000000
 Dipole moment /Debye                   0.92345755     4.63979947     0.00000000

 Orbital energies:

         1.1          2.1          3.1          4.1          5.1          6.1          7.1          8.1          9.1         10.1
    -15.816725   -15.816692   -15.794062   -11.601948    -1.547735    -1.396687    -1.389020    -1.049351    -0.992330    -0.939423

        11.1         12.1         13.1         14.1         15.1         16.1         17.1         18.1
     -0.871206    -0.844073    -0.832353    -0.808586    -0.643749    -0.632215    -0.118192    -0.086688

 HOMO     16.1    -0.632215 =     -17.2034eV
 LUMO     17.1    -0.118192 =      -3.2162eV
 LUMO-HOMO         0.514023 =      13.9873eV


 **********************************************************************************************************************************
 DATASETS  * FILE   NREC   LENGTH (MB)   RECORD NAMES
              1      19       36.92       500      610      700      900      950      970     1000      129      960     1100   
                                          VAR    BASINP    GEOM    SYMINP    ZMAT    AOBASIS   BASIS     P2S    ABASIS      S 
                                         1400     1410     1200     1210     1080     1600     1650     1700      960(1)
                                           T        V       H0       H01     AOSYM     SMH    MOLCAS    OPER    ABASIS    

              2       5       51.94       700     1000      520     2100     2101   
                                         GEOM     BASIS   MCVARS     RHF      RHF  

 PROGRAMS   *        TOTAL        HF       INT       MP2        HF       INT
 CPU TIMES  *       118.93     44.08      2.50     12.70     56.82      2.36
 REAL TIME  *       267.58 SEC
 DISK USED  *         1.68 GB      
 SF USED    *       998.42 MB      
 GA USED    *         3.20 MB       (max)       0.00 MB       (current)
 **********************************************************************************************************************************
 SETTING E_RHF_A        =    ***************  KCAL/MOL                        


1PROGRAM * MP2 (Closed-shell)     Authors: C. Hampel, H.-J. Werner, 1991, M. Deegan, P.J. Knowles, 1992

 Basis set AUG-CC-PVQZ/MP2FIT generated. Number of basis functions:   1728 

 Convergence thresholds:  THRVAR = 1.00D-08  THRDEN = 1.00D-06

 Number of core orbitals:           4 (   4 )
 Number of closed-shell orbitals:  12 (  12 )
 Number of external orbitals:     878 ( 878 )

 Molecular orbitals read from record     2101.2  Type=RHF/CANONICAL (state 1.1)
 

 Entering DF-MP2

 Thresholds:    THRAO= 0.100D-09    THRMO= 0.100D-08    THROV= 0.100D-11

 Fitting basis: AUG-CC-PVQZ-MP2F
 Number of fitting functions:                1728
 Number of blocks in AO basis:                  6
 Minimum block size:                           80
 Maximum block size:                          218
 Average block size:                          149
 Number of groups in AO basis:                177
 Number of shells in AO basis:                318

 Using large memory version DFMP2B. NIBTK= 1  NGPU= 0  IGPU= 0

 para=T  nprocs= 12  mpptyp=0  number of tasks=  29

 Minimum memory with paging:                  6.68 MW
 Minimum memory for incore assembly:         18.98 MW
 Maximum memory for incore algorithm:        22.37 MW
 Memory for 3-index integrals:                0.00 MW

 Disk space for H1-integrals:               149.30 MB (   348 records)
 
 CPU time for half transformed integrals      2.46 sec, elapsed time      2.48 sec
 CPU time for assembly                        2.22 sec, elapsed time      3.68 sec (7221.3 MFLOP/sec)
 Total CPU time                               7.70 sec, elapsed time      9.19 sec

 SCS-MP2 correlation energy:           -0.841218182886   (PS=  1.200000  PT=  0.333333)
 SCS-MP2 total energy:               -205.393235094268

 Norm of first-order wave function:     0.171050779441
 Coefficient of reference function:     0.924085458631

  Reference energy                   -204.552016911381
  MP2 singlet pair energy              -0.544935905868
  MP2 triplet pair energy              -0.301009975464
  MP2 correlation energy               -0.845945881332

 !MP2 total energy                   -205.397962792714


 **********************************************************************************************************************************
 DATASETS  * FILE   NREC   LENGTH (MB)   RECORD NAMES
              1      19       36.92       500      610      700      900      950      970     1000      129      960     1100   
                                          VAR    BASINP    GEOM    SYMINP    ZMAT    AOBASIS   BASIS     P2S    ABASIS      S 
                                         1400     1410     1200     1210     1080     1600     1650     1700      960(1)
                                           T        V       H0       H01     AOSYM     SMH    MOLCAS    OPER    ABASIS    

              2       5       51.94       700     1000      520     2100     2101   
                                         GEOM     BASIS   MCVARS     RHF      RHF  

 PROGRAMS   *        TOTAL       MP2        HF       INT       MP2        HF       INT
 CPU TIMES  *       128.82      9.88     44.08      2.50     12.70     56.82      2.36
 REAL TIME  *       279.51 SEC
 DISK USED  *         1.68 GB      
 SF USED    *       998.42 MB      
 GA USED    *         3.20 MB       (max)       0.00 MB       (current)
 **********************************************************************************************************************************
 SETTING E_CORR_A       =    ***************  KCAL/MOL                        
 SETTING E_A            =      -530.83916162  KCAL/MOL                        
 SETTING CHARGE         =        -1.00000000                                  

 Dummy atoms: C0  N1  N2  N3  H4  H5  H6  H7  H8  H9


 Recomputing one-electron integrals since nuclear charges changed

1PROGRAM * SEWARD (Integral evaluation for generally contracted gaussian basis sets)     Author: Roland Lindh, 1990

 Geometry written to block  1 of record 700


 Point group  C1  



 ATOMIC COORDINATES

 NR  ATOM    CHARGE       X              Y              Z

   1  C0      0.00    0.019598339    2.099277800    0.000000000
   2  N1      0.00    0.372645103    0.843342965    2.132726739
   3  N2      0.00   -0.771262547    4.581675001    0.000000000
   4  N3      0.00    0.372645103    0.843342965   -2.132726739
   5  H4      0.00   -0.353653495    5.551455738   -1.581125051
   6  H5      0.00   -0.353653495    5.551455738    1.581125051
   7  H6      0.00    0.005358281    1.727188986    3.771912546
   8  H7      0.00    0.829528184   -1.294038647    1.606287230
   9  H8      0.00    0.005358281    1.727188986   -3.771912546
  10  H9      0.00    0.829528184   -1.294038647   -1.606287230
  11  C10     6.00   -0.957300124   -7.701981141    0.000000000
  12  H11     1.00   -2.705188851   -6.582886794    0.000000000
  13  H12     1.00   -0.995552925   -8.921593567    1.664777428
  14  H13     1.00   -0.995552925   -8.921593567   -1.664777428
  15  O14     8.00    1.214429341   -6.162321137    0.000000000

 Bond lengths in Bohr (Angstrom)

 1-2  2.500107532  1-3  2.605332379  1-4  2.500107532  2-7  1.898160559  2-8  2.248172783
     ( 1.322999926)     ( 1.378682517)     ( 1.322999926)     ( 1.004463307)     ( 1.189681799)

  3- 5  1.901270214   3- 6  1.901270214   4- 9  1.898160559   4-10  2.248172783  11-12  2.075448665
       ( 1.006108865)       ( 1.006108865)       ( 1.004463307)       ( 1.189681799)       ( 1.098280132)

 11-13  2.064074037  11-14  2.064074037  11-15  2.662134820
       ( 1.092260938)       ( 1.092260938)       ( 1.408741074)

 Bond angles

  1-2-7  118.38748469   1-2-8  107.85083991   1-3-5  114.79209060   1-3-6  114.79209060

  1- 4- 9  118.38748469   1- 4-10  107.85083991   2- 1- 3  121.43386885   2- 1- 4  117.09081970

  3- 1- 4  121.43386885   5- 3- 6  112.53001761   7- 2- 8  133.17466299   9- 4-10  133.17466299

 12-11-13  107.63765749  12-11-14  107.63765749  12-11-15  112.03544464  13-11-14  107.52028785

 13-11-15  110.90718575  14-11-15  110.90718575

 NUCLEAR CHARGE:                   17
 NUMBER OF PRIMITIVE AOS:        1221
 NUMBER OF SYMMETRY AOS:          990
 NUMBER OF CONTRACTIONS:          894   ( 894A   )
 NUMBER OF CORE ORBITALS:           2   (   2A   )
 NUMBER OF VALENCE ORBITALS:       11   (  11A   )

 MOLECULE CHANGED: INITIALIZING OCCUPATION AND DUMP RECORDS


 NUCLEAR REPULSION ENERGY   33.75823356


 Eigenvalues of metric

         1 0.507E-05 0.571E-05 0.670E-05 0.859E-05 0.111E-04 0.134E-04 0.137E-04 0.151E-04


 OPERATOR DM      FOR CENTER  0  COORDINATES:    0.000000    0.000000    0.000000


 **********************************************************************************************************************************
 DATASETS  * FILE   NREC   LENGTH (MB)   RECORD NAMES
              1      19       36.92       500      610      700      900      950      970     1000      129      960     1100   
                                          VAR    BASINP    GEOM    SYMINP    ZMAT    AOBASIS   BASIS     P2S    ABASIS      S 
                                         1400     1410     1200     1210     1080     1600     1650     1700      960(1)
                                           T        V       H0       H01     AOSYM     SMH    MOLCAS    OPER    ABASIS    

              2       5       51.94       700     1000      520     2100     2101   
                                         GEOM     BASIS   MCVARS     RHF      RHF  

 PROGRAMS   *        TOTAL       INT       MP2        HF       INT       MP2        HF       INT
 CPU TIMES  *       131.17      2.36      9.88     44.08      2.50     12.70     56.82      2.36
 REAL TIME  *       282.54 SEC
 DISK USED  *         1.68 GB      
 SF USED    *       998.42 MB      
 GA USED    *         3.20 MB       (max)       0.00 MB       (current)
 **********************************************************************************************************************************

1PROGRAM * RHF-SCF (CLOSED SHELL)       Authors: W. Meyer, H.-J. Werner


 NUMBER OF ELECTRONS:       9+    9-    SPACE SYMMETRY=1    SPIN SYMMETRY: Singlet 
 CONVERGENCE THRESHOLDS:    1.00E-05 (Density)    1.00E-07 (Energy)
 INTEGRAL THRESHOLDS:       1.00E-11 (Initial)    1.00E-11 (Final)
 MAX. NUMBER OF ITERATIONS:       60
 INTERPOLATION TYPE:            DIIS
 INTERPOLATION STEPS:              2 (START)      1 (STEP)
 LEVEL SHIFTS:                  0.00 (CLOSED)  0.00 (OPEN) 



 
 Basis set CC-PVQZ/JKFIT generated.      Number of basis functions:   1095 
 
 Orbital guess generated from atomic densities. Full valence occupancy:   13
 Coulomb and exchange fitting
 Thresholds for fitting:       THRAO_COUL= 1.0D-14    THRAO_EXCH= 1.0D-12    THRMO= 1.0D-11    THRPROD= 1.0D-11    THRASM= 1.0D-11
                               THR2HLF=    1.0D-11

 Molecular orbital dump at record        2102.2

 ITERATION   DDIFF            GRAD            ENERGY        2-EL.EN.            DIPOLE MOMENTS         DIIS   CPU(IT)  CPU(TOT)  ORB.
    1      0.000D+00      0.000D+00      -114.33359784    166.699717   -1.69280    5.82457    0.00000    0      4.3     12.5     start
    2      0.000D+00      0.397D-02      -114.35332065    154.795825   -0.48589    5.88763    0.00000    1      3.4     16.0     diag
    3      0.170D-01      0.405D-02      -114.45641533    160.803715   -1.02830    6.26440    0.00000    2      5.1     21.1     diag
    4      0.162D-01      0.261D-03      -114.45752326    160.624225   -0.99820    6.30424    0.00000    3      4.2     25.3     diag
    5      0.891D-03      0.619D-04      -114.45761506    160.620663   -0.99764    6.30780    0.00000    4      3.2     28.5     diag
    6      0.253D-03      0.178D-04      -114.45762155    160.636567   -0.99686    6.30898   -0.00000    5      3.8     32.3     diag
    7      0.318D-04      0.740D-05      -114.45762237    160.630464   -0.99654    6.30946   -0.00000    6      3.9     36.2     diag
    8      0.752D-05      0.227D-05      -114.45762251    160.630410   -0.99611    6.30990    0.00000    7      4.3     40.5     diag
    9      0.404D-05      0.554D-06      -114.45762252    160.630826   -0.99600    6.31001    0.00000    8      4.1     44.6     diag
   10      0.886D-06      0.104D-06      -114.45762252    160.630752   -0.99598    6.31003   -0.00000    0      3.3     47.9     orth

 Final occupancy:   9

 !RHF STATE 1.1 Energy               -114.457622522156
 Nuclear energy                        33.75823356
 One-electron energy                 -228.53123192
 Two-electron energy                   80.31537584
 Virial quotient                       -1.00067652
 !RHF STATE 1.1 Dipole moment          -0.99597851     6.31003103    -0.00000000
 Dipole moment /Debye                  -2.53135905    16.03744867    -0.00000000

 Orbital energies:

         1.1          2.1          3.1          4.1          5.1          6.1          7.1          8.1          9.1         10.1
    -20.192615   -11.019067    -0.958616    -0.636230    -0.347237    -0.346300    -0.245641    -0.102407    -0.102128     0.088773

        11.1
      0.105253

 HOMO      9.1    -0.102128 =      -2.7790eV
 LUMO     10.1     0.088773 =       2.4156eV
 LUMO-HOMO         0.190901 =       5.1947eV


 **********************************************************************************************************************************
 DATASETS  * FILE   NREC   LENGTH (MB)   RECORD NAMES
              1      19       36.92       500      610      700      900      950      970     1000      129      960     1100   
                                          VAR    BASINP    GEOM    SYMINP    ZMAT    AOBASIS   BASIS     P2S    ABASIS      S 
                                         1400     1410     1200     1210     1080     1600     1650     1700      960(1)
                                           T        V       H0       H01     AOSYM     SMH    MOLCAS    OPER    ABASIS    

              2       6       83.99       700     1000      520     2100     2101     2102   
                                         GEOM     BASIS   MCVARS     RHF      RHF      RHF  

 PROGRAMS   *        TOTAL        HF       INT       MP2        HF       INT       MP2        HF       INT
 CPU TIMES  *       179.80     48.63      2.36      9.88     44.08      2.50     12.70     56.82      2.36
 REAL TIME  *       414.75 SEC
 DISK USED  *         2.11 GB      
 SF USED    *       998.42 MB      
 GA USED    *         3.20 MB       (max)       0.00 MB       (current)
 **********************************************************************************************************************************
 SETTING E_RHF_B        =    -71823.25692583  KCAL/MOL                        


1PROGRAM * MP2 (Closed-shell)     Authors: C. Hampel, H.-J. Werner, 1991, M. Deegan, P.J. Knowles, 1992

 Basis set AUG-CC-PVQZ/MP2FIT generated. Number of basis functions:   1728 

 Convergence thresholds:  THRVAR = 1.00D-08  THRDEN = 1.00D-06

 Number of core orbitals:           2 (   2 )
 Number of closed-shell orbitals:   7 (   7 )
 Number of external orbitals:     885 ( 885 )

 Molecular orbitals read from record     2102.2  Type=RHF/CANONICAL (state 1.1)
 

 Entering DF-MP2

 Thresholds:    THRAO= 0.100D-09    THRMO= 0.100D-08    THROV= 0.100D-11

 Fitting basis: AUG-CC-PVQZ-MP2F
 Number of fitting functions:                1728
 Number of blocks in AO basis:                  6
 Minimum block size:                           80
 Maximum block size:                          218
 Average block size:                          149
 Number of groups in AO basis:                177
 Number of shells in AO basis:                318

 Using large memory version DFMP2B. NIBTK= 1  NGPU= 0  IGPU= 0

 para=T  nprocs= 12  mpptyp=0  number of tasks=  29

 Minimum memory with paging:                  6.71 MW
 Minimum memory for incore assembly:         11.49 MW
 Maximum memory for incore algorithm:        14.59 MW
 Memory for 3-index integrals:                0.00 MW

 Disk space for H1-integrals:                87.09 MB (   203 records)
 
 CPU time for half transformed integrals      2.42 sec, elapsed time      2.43 sec
 CPU time for assembly                        0.94 sec, elapsed time      1.04 sec (5775.9 MFLOP/sec)
 Total CPU time                               6.68 sec, elapsed time      6.79 sec

 SCS-MP2 correlation energy:           -0.482519198012   (PS=  1.200000  PT=  0.333333)
 SCS-MP2 total energy:               -114.940141720169

 Norm of first-order wave function:     0.101678666647
 Coefficient of reference function:     0.952735900029

  Reference energy                   -114.457622522157
  MP2 singlet pair energy              -0.314498014871
  MP2 triplet pair energy              -0.168945396697
  MP2 correlation energy               -0.483443411568

 !MP2 total energy                   -114.941065933725


 **********************************************************************************************************************************
 DATASETS  * FILE   NREC   LENGTH (MB)   RECORD NAMES
              1      19       36.92       500      610      700      900      950      970     1000      129      960     1100   
                                          VAR    BASINP    GEOM    SYMINP    ZMAT    AOBASIS   BASIS     P2S    ABASIS      S 
                                         1400     1410     1200     1210     1080     1600     1650     1700      960(1)
                                           T        V       H0       H01     AOSYM     SMH    MOLCAS    OPER    ABASIS    

              2       6       83.99       700     1000      520     2100     2101     2102   
                                         GEOM     BASIS   MCVARS     RHF      RHF      RHF  

 PROGRAMS   *        TOTAL       MP2        HF       INT       MP2        HF       INT       MP2        HF       INT
 CPU TIMES  *       188.27      8.46     48.63      2.36      9.88     44.08      2.50     12.70     56.82      2.36
 REAL TIME  *       424.22 SEC
 DISK USED  *         2.11 GB      
 SF USED    *       998.42 MB      
 GA USED    *         3.20 MB       (max)       0.00 MB       (current)
 **********************************************************************************************************************************
 SETTING E_CORR_B       =    -72126.62230765  KCAL/MOL                        
 SETTING E_B            =      -303.36538182  KCAL/MOL                        
 SETTING E_RHF_CP       =       -98.47351806  KCAL/MOL                        
 SETTING E_CORR_CP      =        -4.01669202  KCAL/MOL                        

        DF-MP2          DF-HF           DF-MP2          DF-HF           DF-MP2          DF-HF   
   -114.94106593   -114.45762252   -205.39796279   -204.55201691   -320.50235724   -319.16656694
 **********************************************************************************************************************************
 Variable memory released
